[2023-05-24T18:27:53.699+0400] {taskinstance.py:1103} INFO - Dependencies all met for dep_context=non-requeueable deps ti=<TaskInstance: podcast_summary.download_episodes manual__2023-05-24T14:27:21.792186+00:00 [queued]>
[2023-05-24T18:27:53.708+0400] {taskinstance.py:1103} INFO - Dependencies all met for dep_context=requeueable deps ti=<TaskInstance: podcast_summary.download_episodes manual__2023-05-24T14:27:21.792186+00:00 [queued]>
[2023-05-24T18:27:53.708+0400] {taskinstance.py:1308} INFO - Starting attempt 1 of 1
[2023-05-24T18:27:53.730+0400] {taskinstance.py:1327} INFO - Executing <Task(_PythonDecoratedOperator): download_episodes> on 2023-05-24 14:27:21.792186+00:00
[2023-05-24T18:27:53.763+0400] {standard_task_runner.py:57} INFO - Started process 728 to run task
[2023-05-24T18:27:53.776+0400] {standard_task_runner.py:84} INFO - Running: ['airflow', 'tasks', 'run', 'podcast_summary', 'download_episodes', 'manual__2023-05-24T14:27:21.792186+00:00', '--job-id', '49', '--raw', '--subdir', 'DAGS_FOLDER/podcast_summary.py', '--cfg-path', '/tmp/tmp8ete89f_']
[2023-05-24T18:27:53.783+0400] {standard_task_runner.py:85} INFO - Job 49: Subtask download_episodes
[2023-05-24T18:27:53.876+0400] {task_command.py:410} INFO - Running <TaskInstance: podcast_summary.download_episodes manual__2023-05-24T14:27:21.792186+00:00 [running]> on host DESKTOP-V010GL9.localdomain
[2023-05-24T18:27:54.009+0400] {taskinstance.py:1545} INFO - Exporting env vars: AIRFLOW_CTX_DAG_OWNER='airflow' AIRFLOW_CTX_DAG_ID='podcast_summary' AIRFLOW_CTX_TASK_ID='download_episodes' AIRFLOW_CTX_EXECUTION_DATE='2023-05-24T14:27:21.792186+00:00' AIRFLOW_CTX_TRY_NUMBER='1' AIRFLOW_CTX_DAG_RUN_ID='manual__2023-05-24T14:27:21.792186+00:00'
[2023-05-24T18:27:54.013+0400] {logging_mixin.py:149} INFO - Downloading what-you-miss-when-you-miss-watercooler-conversations.mp3
[2023-05-24T18:28:00.121+0400] {taskinstance.py:1824} ERROR - Task failed with exception
Traceback (most recent call last):
  File "/home/chinnu/.local/lib/python3.10/site-packages/airflow/decorators/base.py", line 220, in execute
    return_value = super().execute(context)
  File "/home/chinnu/.local/lib/python3.10/site-packages/airflow/operators/python.py", line 181, in execute
    return_value = self.execute_callable()
  File "/home/chinnu/.local/lib/python3.10/site-packages/airflow/operators/python.py", line 198, in execute_callable
    return self.python_callable(*self.op_args, **self.op_kwargs)
  File "/home/chinnu/airflow/dags/podcast_summary.py", line 70, in download_episodes
    with open(audio_path, "wb+") as f:
FileNotFoundError: [Errno 2] No such file or directory: 'episodes/what-you-miss-when-you-miss-watercooler-conversations.mp3'
[2023-05-24T18:28:00.131+0400] {taskinstance.py:1345} INFO - Marking task as FAILED. dag_id=podcast_summary, task_id=download_episodes, execution_date=20230524T142721, start_date=20230524T142753, end_date=20230524T142800
[2023-05-24T18:28:00.151+0400] {standard_task_runner.py:104} ERROR - Failed to execute job 49 for task download_episodes ([Errno 2] No such file or directory: 'episodes/what-you-miss-when-you-miss-watercooler-conversations.mp3'; 728)
[2023-05-24T18:28:00.179+0400] {local_task_job_runner.py:225} INFO - Task exited with return code 1
[2023-05-24T18:28:00.192+0400] {taskinstance.py:2651} INFO - 0 downstream tasks scheduled from follow-on schedule check
