[2023-05-25T19:32:29.808+0400] {processor.py:157} INFO - Started process (PID=76) to work on /home/chinnu/airflow/dags/podcast_summary.py
[2023-05-25T19:32:29.810+0400] {processor.py:826} INFO - Processing file /home/chinnu/airflow/dags/podcast_summary.py for tasks to queue
[2023-05-25T19:32:29.811+0400] {logging_mixin.py:149} INFO - [2023-05-25T19:32:29.811+0400] {dagbag.py:541} INFO - Filling up the DagBag from /home/chinnu/airflow/dags/podcast_summary.py
[2023-05-25T19:32:29.939+0400] {processor.py:836} INFO - DAG(s) dict_keys(['podcast_summary']) retrieved from /home/chinnu/airflow/dags/podcast_summary.py
[2023-05-25T19:32:30.181+0400] {logging_mixin.py:149} INFO - [2023-05-25T19:32:30.181+0400] {dag.py:2726} INFO - Sync 1 DAGs
[2023-05-25T19:32:30.206+0400] {logging_mixin.py:149} INFO - [2023-05-25T19:32:30.206+0400] {dag.py:3486} INFO - Setting next_dagrun for podcast_summary to 2023-05-24T00:00:00+00:00, run_after=2023-05-25T00:00:00+00:00
[2023-05-25T19:32:30.240+0400] {processor.py:179} INFO - Processing /home/chinnu/airflow/dags/podcast_summary.py took 0.438 seconds
[2023-05-25T19:34:01.931+0400] {processor.py:157} INFO - Started process (PID=122) to work on /home/chinnu/airflow/dags/podcast_summary.py
[2023-05-25T19:34:01.933+0400] {processor.py:826} INFO - Processing file /home/chinnu/airflow/dags/podcast_summary.py for tasks to queue
[2023-05-25T19:34:01.934+0400] {logging_mixin.py:149} INFO - [2023-05-25T19:34:01.933+0400] {dagbag.py:541} INFO - Filling up the DagBag from /home/chinnu/airflow/dags/podcast_summary.py
[2023-05-25T19:34:01.965+0400] {processor.py:836} INFO - DAG(s) dict_keys(['podcast_summary']) retrieved from /home/chinnu/airflow/dags/podcast_summary.py
[2023-05-25T19:34:02.008+0400] {logging_mixin.py:149} INFO - [2023-05-25T19:34:02.007+0400] {dag.py:2726} INFO - Sync 1 DAGs
[2023-05-25T19:34:02.037+0400] {logging_mixin.py:149} INFO - [2023-05-25T19:34:02.037+0400] {dag.py:3486} INFO - Setting next_dagrun for podcast_summary to 2023-05-25T00:00:00+00:00, run_after=2023-05-26T00:00:00+00:00
[2023-05-25T19:34:02.074+0400] {processor.py:179} INFO - Processing /home/chinnu/airflow/dags/podcast_summary.py took 0.149 seconds
[2023-05-25T19:35:33.552+0400] {processor.py:157} INFO - Started process (PID=213) to work on /home/chinnu/airflow/dags/podcast_summary.py
[2023-05-25T19:35:33.554+0400] {processor.py:826} INFO - Processing file /home/chinnu/airflow/dags/podcast_summary.py for tasks to queue
[2023-05-25T19:35:33.555+0400] {logging_mixin.py:149} INFO - [2023-05-25T19:35:33.555+0400] {dagbag.py:541} INFO - Filling up the DagBag from /home/chinnu/airflow/dags/podcast_summary.py
[2023-05-25T19:35:33.590+0400] {processor.py:836} INFO - DAG(s) dict_keys(['podcast_summary']) retrieved from /home/chinnu/airflow/dags/podcast_summary.py
[2023-05-25T19:35:33.633+0400] {logging_mixin.py:149} INFO - [2023-05-25T19:35:33.633+0400] {dag.py:2726} INFO - Sync 1 DAGs
[2023-05-25T19:35:33.662+0400] {logging_mixin.py:149} INFO - [2023-05-25T19:35:33.662+0400] {dag.py:3486} INFO - Setting next_dagrun for podcast_summary to 2023-05-25T00:00:00+00:00, run_after=2023-05-26T00:00:00+00:00
[2023-05-25T19:35:33.695+0400] {processor.py:179} INFO - Processing /home/chinnu/airflow/dags/podcast_summary.py took 0.152 seconds
[2023-05-25T19:37:25.996+0400] {processor.py:157} INFO - Started process (PID=331) to work on /home/chinnu/airflow/dags/podcast_summary.py
[2023-05-25T19:37:26.000+0400] {processor.py:826} INFO - Processing file /home/chinnu/airflow/dags/podcast_summary.py for tasks to queue
[2023-05-25T19:37:26.002+0400] {logging_mixin.py:149} INFO - [2023-05-25T19:37:26.002+0400] {dagbag.py:541} INFO - Filling up the DagBag from /home/chinnu/airflow/dags/podcast_summary.py
[2023-05-25T19:37:26.059+0400] {processor.py:836} INFO - DAG(s) dict_keys(['podcast_summary']) retrieved from /home/chinnu/airflow/dags/podcast_summary.py
[2023-05-25T19:37:26.104+0400] {logging_mixin.py:149} INFO - [2023-05-25T19:37:26.103+0400] {dag.py:2726} INFO - Sync 1 DAGs
[2023-05-25T19:37:26.318+0400] {logging_mixin.py:149} INFO - [2023-05-25T19:37:26.318+0400] {dag.py:3486} INFO - Setting next_dagrun for podcast_summary to 2023-05-25T00:00:00+00:00, run_after=2023-05-26T00:00:00+00:00
[2023-05-25T19:37:26.359+0400] {processor.py:179} INFO - Processing /home/chinnu/airflow/dags/podcast_summary.py took 0.380 seconds
[2023-05-25T19:38:03.853+0400] {processor.py:157} INFO - Started process (PID=361) to work on /home/chinnu/airflow/dags/podcast_summary.py
[2023-05-25T19:38:03.858+0400] {processor.py:826} INFO - Processing file /home/chinnu/airflow/dags/podcast_summary.py for tasks to queue
[2023-05-25T19:38:03.859+0400] {logging_mixin.py:149} INFO - [2023-05-25T19:38:03.859+0400] {dagbag.py:541} INFO - Filling up the DagBag from /home/chinnu/airflow/dags/podcast_summary.py
[2023-05-25T19:38:03.894+0400] {processor.py:836} INFO - DAG(s) dict_keys(['podcast_summary']) retrieved from /home/chinnu/airflow/dags/podcast_summary.py
[2023-05-25T19:38:03.940+0400] {logging_mixin.py:149} INFO - [2023-05-25T19:38:03.940+0400] {dag.py:2726} INFO - Sync 1 DAGs
[2023-05-25T19:38:04.210+0400] {logging_mixin.py:149} INFO - [2023-05-25T19:38:04.210+0400] {dag.py:3486} INFO - Setting next_dagrun for podcast_summary to 2023-05-25T00:00:00+00:00, run_after=2023-05-26T00:00:00+00:00
[2023-05-25T19:38:04.248+0400] {processor.py:179} INFO - Processing /home/chinnu/airflow/dags/podcast_summary.py took 0.408 seconds
[2023-05-25T19:38:46.990+0400] {processor.py:157} INFO - Started process (PID=414) to work on /home/chinnu/airflow/dags/podcast_summary.py
[2023-05-25T19:38:46.996+0400] {processor.py:826} INFO - Processing file /home/chinnu/airflow/dags/podcast_summary.py for tasks to queue
[2023-05-25T19:38:46.999+0400] {logging_mixin.py:149} INFO - [2023-05-25T19:38:46.998+0400] {dagbag.py:541} INFO - Filling up the DagBag from /home/chinnu/airflow/dags/podcast_summary.py
[2023-05-25T19:38:47.642+0400] {processor.py:836} INFO - DAG(s) dict_keys(['podcast_summary']) retrieved from /home/chinnu/airflow/dags/podcast_summary.py
[2023-05-25T19:38:47.739+0400] {logging_mixin.py:149} INFO - [2023-05-25T19:38:47.738+0400] {dag.py:2726} INFO - Sync 1 DAGs
[2023-05-25T19:38:47.830+0400] {logging_mixin.py:149} INFO - [2023-05-25T19:38:47.829+0400] {dag.py:3486} INFO - Setting next_dagrun for podcast_summary to 2023-05-25T00:00:00+00:00, run_after=2023-05-26T00:00:00+00:00
[2023-05-25T19:38:47.917+0400] {processor.py:179} INFO - Processing /home/chinnu/airflow/dags/podcast_summary.py took 0.955 seconds
[2023-05-25T19:39:27.440+0400] {processor.py:157} INFO - Started process (PID=446) to work on /home/chinnu/airflow/dags/podcast_summary.py
[2023-05-25T19:39:27.444+0400] {processor.py:826} INFO - Processing file /home/chinnu/airflow/dags/podcast_summary.py for tasks to queue
[2023-05-25T19:39:27.448+0400] {logging_mixin.py:149} INFO - [2023-05-25T19:39:27.448+0400] {dagbag.py:541} INFO - Filling up the DagBag from /home/chinnu/airflow/dags/podcast_summary.py
[2023-05-25T19:39:27.510+0400] {processor.py:836} INFO - DAG(s) dict_keys(['podcast_summary']) retrieved from /home/chinnu/airflow/dags/podcast_summary.py
[2023-05-25T19:39:27.574+0400] {logging_mixin.py:149} INFO - [2023-05-25T19:39:27.574+0400] {dag.py:2726} INFO - Sync 1 DAGs
[2023-05-25T19:39:27.683+0400] {logging_mixin.py:149} INFO - [2023-05-25T19:39:27.683+0400] {dag.py:3486} INFO - Setting next_dagrun for podcast_summary to 2023-05-25T00:00:00+00:00, run_after=2023-05-26T00:00:00+00:00
[2023-05-25T19:39:27.819+0400] {processor.py:179} INFO - Processing /home/chinnu/airflow/dags/podcast_summary.py took 0.393 seconds
[2023-05-25T19:39:58.766+0400] {processor.py:157} INFO - Started process (PID=474) to work on /home/chinnu/airflow/dags/podcast_summary.py
[2023-05-25T19:39:58.769+0400] {processor.py:826} INFO - Processing file /home/chinnu/airflow/dags/podcast_summary.py for tasks to queue
[2023-05-25T19:39:58.771+0400] {logging_mixin.py:149} INFO - [2023-05-25T19:39:58.771+0400] {dagbag.py:541} INFO - Filling up the DagBag from /home/chinnu/airflow/dags/podcast_summary.py
[2023-05-25T19:39:58.834+0400] {processor.py:836} INFO - DAG(s) dict_keys(['podcast_summary']) retrieved from /home/chinnu/airflow/dags/podcast_summary.py
[2023-05-25T19:39:58.884+0400] {logging_mixin.py:149} INFO - [2023-05-25T19:39:58.884+0400] {dag.py:2726} INFO - Sync 1 DAGs
[2023-05-25T19:39:58.932+0400] {logging_mixin.py:149} INFO - [2023-05-25T19:39:58.932+0400] {dag.py:3486} INFO - Setting next_dagrun for podcast_summary to 2023-05-25T00:00:00+00:00, run_after=2023-05-26T00:00:00+00:00
[2023-05-25T19:39:58.978+0400] {processor.py:179} INFO - Processing /home/chinnu/airflow/dags/podcast_summary.py took 0.227 seconds
[2023-05-25T19:40:29.488+0400] {processor.py:157} INFO - Started process (PID=497) to work on /home/chinnu/airflow/dags/podcast_summary.py
[2023-05-25T19:40:29.492+0400] {processor.py:826} INFO - Processing file /home/chinnu/airflow/dags/podcast_summary.py for tasks to queue
[2023-05-25T19:40:29.494+0400] {logging_mixin.py:149} INFO - [2023-05-25T19:40:29.494+0400] {dagbag.py:541} INFO - Filling up the DagBag from /home/chinnu/airflow/dags/podcast_summary.py
[2023-05-25T19:40:29.565+0400] {processor.py:836} INFO - DAG(s) dict_keys(['podcast_summary']) retrieved from /home/chinnu/airflow/dags/podcast_summary.py
[2023-05-25T19:40:29.643+0400] {logging_mixin.py:149} INFO - [2023-05-25T19:40:29.643+0400] {dag.py:2726} INFO - Sync 1 DAGs
[2023-05-25T19:40:29.717+0400] {logging_mixin.py:149} INFO - [2023-05-25T19:40:29.717+0400] {dag.py:3486} INFO - Setting next_dagrun for podcast_summary to 2023-05-25T00:00:00+00:00, run_after=2023-05-26T00:00:00+00:00
[2023-05-25T19:40:29.791+0400] {processor.py:179} INFO - Processing /home/chinnu/airflow/dags/podcast_summary.py took 0.324 seconds
[2023-05-25T19:41:00.949+0400] {processor.py:157} INFO - Started process (PID=525) to work on /home/chinnu/airflow/dags/podcast_summary.py
[2023-05-25T19:41:00.953+0400] {processor.py:826} INFO - Processing file /home/chinnu/airflow/dags/podcast_summary.py for tasks to queue
[2023-05-25T19:41:00.955+0400] {logging_mixin.py:149} INFO - [2023-05-25T19:41:00.955+0400] {dagbag.py:541} INFO - Filling up the DagBag from /home/chinnu/airflow/dags/podcast_summary.py
[2023-05-25T19:41:01.082+0400] {processor.py:836} INFO - DAG(s) dict_keys(['podcast_summary']) retrieved from /home/chinnu/airflow/dags/podcast_summary.py
[2023-05-25T19:41:01.207+0400] {logging_mixin.py:149} INFO - [2023-05-25T19:41:01.207+0400] {dag.py:2726} INFO - Sync 1 DAGs
[2023-05-25T19:41:01.299+0400] {logging_mixin.py:149} INFO - [2023-05-25T19:41:01.298+0400] {dag.py:3486} INFO - Setting next_dagrun for podcast_summary to 2023-05-25T00:00:00+00:00, run_after=2023-05-26T00:00:00+00:00
[2023-05-25T19:41:01.377+0400] {processor.py:179} INFO - Processing /home/chinnu/airflow/dags/podcast_summary.py took 0.439 seconds
[2023-05-25T19:42:00.485+0400] {processor.py:157} INFO - Started process (PID=575) to work on /home/chinnu/airflow/dags/podcast_summary.py
[2023-05-25T19:42:00.488+0400] {processor.py:826} INFO - Processing file /home/chinnu/airflow/dags/podcast_summary.py for tasks to queue
[2023-05-25T19:42:00.490+0400] {logging_mixin.py:149} INFO - [2023-05-25T19:42:00.490+0400] {dagbag.py:541} INFO - Filling up the DagBag from /home/chinnu/airflow/dags/podcast_summary.py
[2023-05-25T19:42:00.529+0400] {processor.py:836} INFO - DAG(s) dict_keys(['podcast_summary']) retrieved from /home/chinnu/airflow/dags/podcast_summary.py
[2023-05-25T19:42:00.575+0400] {logging_mixin.py:149} INFO - [2023-05-25T19:42:00.575+0400] {dag.py:2726} INFO - Sync 1 DAGs
[2023-05-25T19:42:00.614+0400] {logging_mixin.py:149} INFO - [2023-05-25T19:42:00.614+0400] {dag.py:3486} INFO - Setting next_dagrun for podcast_summary to 2023-05-25T00:00:00+00:00, run_after=2023-05-26T00:00:00+00:00
[2023-05-25T19:42:00.659+0400] {processor.py:179} INFO - Processing /home/chinnu/airflow/dags/podcast_summary.py took 0.188 seconds
[2023-05-25T19:42:31.482+0400] {processor.py:157} INFO - Started process (PID=598) to work on /home/chinnu/airflow/dags/podcast_summary.py
[2023-05-25T19:42:31.487+0400] {processor.py:826} INFO - Processing file /home/chinnu/airflow/dags/podcast_summary.py for tasks to queue
[2023-05-25T19:42:31.489+0400] {logging_mixin.py:149} INFO - [2023-05-25T19:42:31.489+0400] {dagbag.py:541} INFO - Filling up the DagBag from /home/chinnu/airflow/dags/podcast_summary.py
[2023-05-25T19:42:31.539+0400] {processor.py:836} INFO - DAG(s) dict_keys(['podcast_summary']) retrieved from /home/chinnu/airflow/dags/podcast_summary.py
[2023-05-25T19:42:31.581+0400] {logging_mixin.py:149} INFO - [2023-05-25T19:42:31.581+0400] {dag.py:2726} INFO - Sync 1 DAGs
[2023-05-25T19:42:31.617+0400] {logging_mixin.py:149} INFO - [2023-05-25T19:42:31.617+0400] {dag.py:3486} INFO - Setting next_dagrun for podcast_summary to 2023-05-25T00:00:00+00:00, run_after=2023-05-26T00:00:00+00:00
[2023-05-25T19:42:31.662+0400] {processor.py:179} INFO - Processing /home/chinnu/airflow/dags/podcast_summary.py took 0.196 seconds
[2023-05-25T19:43:02.293+0400] {processor.py:157} INFO - Started process (PID=626) to work on /home/chinnu/airflow/dags/podcast_summary.py
[2023-05-25T19:43:02.299+0400] {processor.py:826} INFO - Processing file /home/chinnu/airflow/dags/podcast_summary.py for tasks to queue
[2023-05-25T19:43:02.303+0400] {logging_mixin.py:149} INFO - [2023-05-25T19:43:02.302+0400] {dagbag.py:541} INFO - Filling up the DagBag from /home/chinnu/airflow/dags/podcast_summary.py
[2023-05-25T19:43:02.397+0400] {processor.py:836} INFO - DAG(s) dict_keys(['podcast_summary']) retrieved from /home/chinnu/airflow/dags/podcast_summary.py
[2023-05-25T19:43:02.477+0400] {logging_mixin.py:149} INFO - [2023-05-25T19:43:02.477+0400] {dag.py:2726} INFO - Sync 1 DAGs
[2023-05-25T19:43:02.539+0400] {logging_mixin.py:149} INFO - [2023-05-25T19:43:02.538+0400] {dag.py:3486} INFO - Setting next_dagrun for podcast_summary to 2023-05-25T00:00:00+00:00, run_after=2023-05-26T00:00:00+00:00
[2023-05-25T19:43:02.600+0400] {processor.py:179} INFO - Processing /home/chinnu/airflow/dags/podcast_summary.py took 0.330 seconds
