[2023-05-24T18:51:20.368+0400] {taskinstance.py:1103} INFO - Dependencies all met for dep_context=non-requeueable deps ti=<TaskInstance: podcast_summary.download_episodes manual__2023-05-24T14:51:00.135021+00:00 [queued]>
[2023-05-24T18:51:20.377+0400] {taskinstance.py:1103} INFO - Dependencies all met for dep_context=requeueable deps ti=<TaskInstance: podcast_summary.download_episodes manual__2023-05-24T14:51:00.135021+00:00 [queued]>
[2023-05-24T18:51:20.377+0400] {taskinstance.py:1308} INFO - Starting attempt 1 of 1
[2023-05-24T18:51:20.391+0400] {taskinstance.py:1327} INFO - Executing <Task(_PythonDecoratedOperator): download_episodes> on 2023-05-24 14:51:00.135021+00:00
[2023-05-24T18:51:20.438+0400] {standard_task_runner.py:57} INFO - Started process 197 to run task
[2023-05-24T18:51:20.447+0400] {standard_task_runner.py:84} INFO - Running: ['airflow', 'tasks', 'run', 'podcast_summary', 'download_episodes', 'manual__2023-05-24T14:51:00.135021+00:00', '--job-id', '66', '--raw', '--subdir', 'DAGS_FOLDER/podcast_summary.py', '--cfg-path', '/tmp/tmpwlqj2tjj']
[2023-05-24T18:51:20.450+0400] {standard_task_runner.py:85} INFO - Job 66: Subtask download_episodes
[2023-05-24T18:51:20.512+0400] {task_command.py:410} INFO - Running <TaskInstance: podcast_summary.download_episodes manual__2023-05-24T14:51:00.135021+00:00 [running]> on host DESKTOP-V010GL9.localdomain
[2023-05-24T18:51:20.597+0400] {taskinstance.py:1545} INFO - Exporting env vars: AIRFLOW_CTX_DAG_OWNER='airflow' AIRFLOW_CTX_DAG_ID='podcast_summary' AIRFLOW_CTX_TASK_ID='download_episodes' AIRFLOW_CTX_EXECUTION_DATE='2023-05-24T14:51:00.135021+00:00' AIRFLOW_CTX_TRY_NUMBER='1' AIRFLOW_CTX_DAG_RUN_ID='manual__2023-05-24T14:51:00.135021+00:00'
[2023-05-24T18:51:20.600+0400] {logging_mixin.py:149} INFO - Downloading what-you-miss-when-you-miss-watercooler-conversations.mp3
[2023-05-24T18:51:25.747+0400] {logging_mixin.py:149} INFO - Downloading whats-really-at-the-heart-of-the-debt-limit-debate.mp3
[2023-05-24T18:51:31.271+0400] {logging_mixin.py:149} INFO - Downloading companies-go-on-a-borrowing-spree.mp3
[2023-05-24T18:51:36.334+0400] {logging_mixin.py:149} INFO - Downloading call-2023-the-year-of-bankruptcies.mp3
[2023-05-24T18:51:41.141+0400] {logging_mixin.py:149} INFO - Downloading your-next-home-might-just-be-a-new-home.mp3
[2023-05-24T18:51:45.703+0400] {logging_mixin.py:149} INFO - Downloading maybe-reconsider-those-normal-economic-indicators.mp3
[2023-05-24T18:51:50.670+0400] {logging_mixin.py:149} INFO - Downloading disappointed-this-tax-season-so-is-the-federal-government.mp3
[2023-05-24T18:51:56.064+0400] {logging_mixin.py:149} INFO - Downloading the-fdic-is-asking-big-banks-to-pay-up.mp3
[2023-05-24T18:52:01.299+0400] {logging_mixin.py:149} INFO - Downloading when-a-strong-economy-fuels-strong-migration.mp3
[2023-05-24T18:52:07.083+0400] {logging_mixin.py:149} INFO - Downloading the-death-of-revenge-spending.mp3
[2023-05-24T18:52:12.493+0400] {logging_mixin.py:149} INFO - Downloading when-are-markets-gonna-react-to-the-debt-limit-drama.mp3
[2023-05-24T18:52:17.069+0400] {logging_mixin.py:149} INFO - Downloading i-worry-that-people-dont-think-it-can-happen-here.mp3
[2023-05-24T18:52:21.967+0400] {logging_mixin.py:149} INFO - Downloading meet-the-folks-prepping-for-an-ai-economic-revolution.mp3
[2023-05-24T18:52:27.049+0400] {logging_mixin.py:149} INFO - Downloading rough-time-to-be-a-regional-bank-amirite.mp3
[2023-05-24T18:52:31.824+0400] {logging_mixin.py:149} INFO - Downloading why-2008-financial-crisis-rules-didnt-stop-recent-bank-failures.mp3
[2023-05-24T18:52:36.591+0400] {logging_mixin.py:149} INFO - Downloading when-the-dust-settles-banking-will-look-a-bit-different.mp3
[2023-05-24T18:52:46.362+0400] {logging_mixin.py:149} INFO - Downloading what-jpmorgan-is-getting-out-of-the-first-republic-deal.mp3
[2023-05-24T18:52:51.298+0400] {logging_mixin.py:149} INFO - Downloading short-sellers-have-made-bank-betting-on-first-republics-free-fall.mp3
[2023-05-24T18:52:57.802+0400] {logging_mixin.py:149} INFO - Downloading how-much-longer-can-consumers-save-the-day.mp3
[2023-05-24T18:53:03.332+0400] {logging_mixin.py:149} INFO - Downloading lael-brainard-the-debt-limit-is-not-a-tool-for-extortion.mp3
[2023-05-24T18:53:09.796+0400] {logging_mixin.py:149} INFO - Downloading commerce-secretary-raimondoon-chips-china-and-women-in-the-workforce.mp3
[2023-05-24T18:53:14.765+0400] {logging_mixin.py:149} INFO - Downloading all-that-space-bed-bath-beyond-will-leave-behind.mp3
[2023-05-24T18:53:20.453+0400] {logging_mixin.py:149} INFO - Downloading as-some-retailers-retreat-others-pounce.mp3
[2023-05-24T18:53:25.277+0400] {logging_mixin.py:149} INFO - Downloading what-it-would-take-to-address-the-nations-debt.mp3
[2023-05-24T18:53:30.273+0400] {logging_mixin.py:149} INFO - Downloading chicago-fed-president-on-waiting-for-other-credit-shoes-to-drop.mp3
[2023-05-24T18:53:35.629+0400] {logging_mixin.py:149} INFO - Downloading call-it-a-sticky-situation.mp3
[2023-05-24T18:53:41.634+0400] {logging_mixin.py:149} INFO - Downloading the-price-tag-of-those-debt-limit-debates.mp3
[2023-05-24T18:53:46.830+0400] {logging_mixin.py:149} INFO - Downloading a-choose-your-own-economy-adventure.mp3
[2023-05-24T18:53:54.893+0400] {logging_mixin.py:149} INFO - Downloading the-origin-story-of-too-big-to-fail.mp3
[2023-05-24T18:54:00.979+0400] {logging_mixin.py:149} INFO - Downloading you-take-the-good-you-take-the-bad.mp3
[2023-05-24T18:54:06.321+0400] {logging_mixin.py:149} INFO - Downloading how-high-mortgage-rates-impact-the-cost-of-rent.mp3
[2023-05-24T18:54:12.098+0400] {logging_mixin.py:149} INFO - Downloading when-add-to-cart-actually-costs-you-less.mp3
[2023-05-24T18:54:17.395+0400] {logging_mixin.py:149} INFO - Downloading a-food-fight-in-the-school-cafeteria.mp3
[2023-05-24T18:54:22.790+0400] {logging_mixin.py:149} INFO - Downloading a-month-after-svb-are-banks-lending.mp3
[2023-05-24T18:54:30.466+0400] {logging_mixin.py:149} INFO - Downloading your-tax-refund-may-shrink-this-year.mp3
[2023-05-24T18:54:36.700+0400] {logging_mixin.py:149} INFO - Downloading the-labor-markets-rebalancing-act.mp3
[2023-05-24T18:54:42.357+0400] {logging_mixin.py:149} INFO - Downloading what-a-production-subtraction-by-opec-means.mp3
[2023-05-24T18:54:47.351+0400] {logging_mixin.py:149} INFO - Downloading the-view-from-the-feds-discount-window.mp3
[2023-05-24T18:54:52.337+0400] {logging_mixin.py:149} INFO - Downloading a-labor-shortage-may-stall-the-clean-energy-transition.mp3
[2023-05-24T18:54:59.502+0400] {logging_mixin.py:149} INFO - Downloading a-bumpy-ride-for-mortgage-rates-means-bumpy-home-sales.mp3
[2023-05-24T18:55:04.925+0400] {logging_mixin.py:149} INFO - Downloading personal-economies-are-the-whole-shebang.mp3
[2023-05-24T18:55:10.633+0400] {logging_mixin.py:149} INFO - Downloading lets-talk-about-banking-trust-issues.mp3
[2023-05-24T18:55:17.134+0400] {logging_mixin.py:149} INFO - Downloading attention-turns-to-bank-examiners-in-svb-fallout.mp3
[2023-05-24T18:55:26.259+0400] {logging_mixin.py:149} INFO - Downloading happy-rate-hike-iversary.mp3
[2023-05-24T18:55:42.015+0400] {logging_mixin.py:149} INFO - Downloading feds-stress-testing-undergoes-a-stress-test-of-its-own.mp3
[2023-05-24T18:55:47.658+0400] {logging_mixin.py:149} INFO - Downloading why-bond-prices-fall-as-interest-rates-go-up.mp3
[2023-05-24T18:55:53.469+0400] {logging_mixin.py:149} INFO - Downloading let-the-bank-failure-blame-game-begin.mp3
[2023-05-24T18:55:58.747+0400] {logging_mixin.py:149} INFO - Downloading when-group-chats-help-fuel-bank-runs.mp3
[2023-05-24T18:56:08.076+0400] {logging_mixin.py:149} INFO - Downloading the-forecast-calls-for-tightening-financial-conditions.mp3
[2023-05-24T18:56:16.658+0400] {logging_mixin.py:149} INFO - Downloading credit-suisse-turmoil-stokes-financial-contagion-fears.mp3
[2023-05-24T18:56:22.589+0400] {python.py:183} INFO - Done. Returned value was: None
[2023-05-24T18:56:22.640+0400] {taskinstance.py:1345} INFO - Marking task as SUCCESS. dag_id=podcast_summary, task_id=download_episodes, execution_date=20230524T145100, start_date=20230524T145120, end_date=20230524T145622
[2023-05-24T18:56:22.741+0400] {local_task_job_runner.py:225} INFO - Task exited with return code 0
[2023-05-24T18:56:22.769+0400] {taskinstance.py:2651} INFO - 0 downstream tasks scheduled from follow-on schedule check
