[2023-05-24T17:36:05.358+0400] {taskinstance.py:1103} INFO - Dependencies all met for dep_context=non-requeueable deps ti=<TaskInstance: podcast_summary.download_episodes manual__2023-05-24T13:35:45.162790+00:00 [queued]>
[2023-05-24T17:36:05.364+0400] {taskinstance.py:1103} INFO - Dependencies all met for dep_context=requeueable deps ti=<TaskInstance: podcast_summary.download_episodes manual__2023-05-24T13:35:45.162790+00:00 [queued]>
[2023-05-24T17:36:05.365+0400] {taskinstance.py:1308} INFO - Starting attempt 1 of 1
[2023-05-24T17:36:05.379+0400] {taskinstance.py:1327} INFO - Executing <Task(_PythonDecoratedOperator): download_episodes> on 2023-05-24 13:35:45.162790+00:00
[2023-05-24T17:36:05.404+0400] {standard_task_runner.py:57} INFO - Started process 7021 to run task
[2023-05-24T17:36:05.412+0400] {standard_task_runner.py:84} INFO - Running: ['airflow', 'tasks', 'run', 'podcast_summary', 'download_episodes', 'manual__2023-05-24T13:35:45.162790+00:00', '--job-id', '25', '--raw', '--subdir', 'DAGS_FOLDER/podcast_summary.py', '--cfg-path', '/tmp/tmp7sh1mlo6']
[2023-05-24T17:36:05.416+0400] {standard_task_runner.py:85} INFO - Job 25: Subtask download_episodes
[2023-05-24T17:36:05.472+0400] {task_command.py:410} INFO - Running <TaskInstance: podcast_summary.download_episodes manual__2023-05-24T13:35:45.162790+00:00 [running]> on host DESKTOP-V010GL9.localdomain
[2023-05-24T17:36:05.558+0400] {taskinstance.py:1545} INFO - Exporting env vars: AIRFLOW_CTX_DAG_OWNER='airflow' AIRFLOW_CTX_DAG_ID='podcast_summary' AIRFLOW_CTX_TASK_ID='download_episodes' AIRFLOW_CTX_EXECUTION_DATE='2023-05-24T13:35:45.162790+00:00' AIRFLOW_CTX_TRY_NUMBER='1' AIRFLOW_CTX_DAG_RUN_ID='manual__2023-05-24T13:35:45.162790+00:00'
[2023-05-24T17:36:05.561+0400] {logging_mixin.py:149} INFO - Downloading what-you-miss-when-you-miss-watercooler-conversations.mp3
[2023-05-24T17:36:13.558+0400] {taskinstance.py:1824} ERROR - Task failed with exception
Traceback (most recent call last):
  File "/home/chinnu/.local/lib/python3.10/site-packages/airflow/decorators/base.py", line 220, in execute
    return_value = super().execute(context)
  File "/home/chinnu/.local/lib/python3.10/site-packages/airflow/operators/python.py", line 181, in execute
    return_value = self.execute_callable()
  File "/home/chinnu/.local/lib/python3.10/site-packages/airflow/operators/python.py", line 198, in execute_callable
    return self.python_callable(*self.op_args, **self.op_kwargs)
  File "/home/chinnu/airflow/dags/podcast_summary.py", line 70, in download_episodes
    with open(audio_path, "wb+") as f:
FileNotFoundError: [Errno 2] No such file or directory: 'episodes/what-you-miss-when-you-miss-watercooler-conversations.mp3'
[2023-05-24T17:36:13.591+0400] {taskinstance.py:1345} INFO - Marking task as FAILED. dag_id=podcast_summary, task_id=download_episodes, execution_date=20230524T133545, start_date=20230524T133605, end_date=20230524T133613
[2023-05-24T17:36:13.603+0400] {standard_task_runner.py:104} ERROR - Failed to execute job 25 for task download_episodes ([Errno 2] No such file or directory: 'episodes/what-you-miss-when-you-miss-watercooler-conversations.mp3'; 7021)
[2023-05-24T17:36:13.636+0400] {local_task_job_runner.py:225} INFO - Task exited with return code 1
[2023-05-24T17:36:13.646+0400] {taskinstance.py:2651} INFO - 0 downstream tasks scheduled from follow-on schedule check
