[2023-05-25T19:37:07.368+0400] {processor.py:157} INFO - Started process (PID=318) to work on /home/chinnu/.local/lib/python3.10/site-packages/airflow/example_dags/example_kubernetes_executor.py
[2023-05-25T19:37:07.370+0400] {processor.py:826} INFO - Processing file /home/chinnu/.local/lib/python3.10/site-packages/airflow/example_dags/example_kubernetes_executor.py for tasks to queue
[2023-05-25T19:37:07.372+0400] {logging_mixin.py:149} INFO - [2023-05-25T19:37:07.372+0400] {dagbag.py:541} INFO - Filling up the DagBag from /home/chinnu/.local/lib/python3.10/site-packages/airflow/example_dags/example_kubernetes_executor.py
[2023-05-25T19:37:07.386+0400] {logging_mixin.py:149} INFO - [2023-05-25T19:37:07.386+0400] {example_kubernetes_executor.py:41} WARNING - The example_kubernetes_executor example DAG requires the kubernetes provider. Please install it with: pip install apache-airflow[cncf.kubernetes]
[2023-05-25T19:37:07.387+0400] {processor.py:838} WARNING - No viable dags retrieved from /home/chinnu/.local/lib/python3.10/site-packages/airflow/example_dags/example_kubernetes_executor.py
[2023-05-25T19:37:07.443+0400] {processor.py:179} INFO - Processing /home/chinnu/.local/lib/python3.10/site-packages/airflow/example_dags/example_kubernetes_executor.py took 0.097 seconds
[2023-05-25T19:38:23.226+0400] {processor.py:157} INFO - Started process (PID=401) to work on /home/chinnu/.local/lib/python3.10/site-packages/airflow/example_dags/example_kubernetes_executor.py
[2023-05-25T19:38:23.230+0400] {processor.py:826} INFO - Processing file /home/chinnu/.local/lib/python3.10/site-packages/airflow/example_dags/example_kubernetes_executor.py for tasks to queue
[2023-05-25T19:38:23.232+0400] {logging_mixin.py:149} INFO - [2023-05-25T19:38:23.231+0400] {dagbag.py:541} INFO - Filling up the DagBag from /home/chinnu/.local/lib/python3.10/site-packages/airflow/example_dags/example_kubernetes_executor.py
[2023-05-25T19:38:23.244+0400] {logging_mixin.py:149} INFO - [2023-05-25T19:38:23.243+0400] {example_kubernetes_executor.py:41} WARNING - The example_kubernetes_executor example DAG requires the kubernetes provider. Please install it with: pip install apache-airflow[cncf.kubernetes]
[2023-05-25T19:38:23.245+0400] {processor.py:838} WARNING - No viable dags retrieved from /home/chinnu/.local/lib/python3.10/site-packages/airflow/example_dags/example_kubernetes_executor.py
[2023-05-25T19:38:23.287+0400] {processor.py:179} INFO - Processing /home/chinnu/.local/lib/python3.10/site-packages/airflow/example_dags/example_kubernetes_executor.py took 0.075 seconds
[2023-05-25T19:39:41.646+0400] {processor.py:157} INFO - Started process (PID=461) to work on /home/chinnu/.local/lib/python3.10/site-packages/airflow/example_dags/example_kubernetes_executor.py
[2023-05-25T19:39:41.649+0400] {processor.py:826} INFO - Processing file /home/chinnu/.local/lib/python3.10/site-packages/airflow/example_dags/example_kubernetes_executor.py for tasks to queue
[2023-05-25T19:39:41.650+0400] {logging_mixin.py:149} INFO - [2023-05-25T19:39:41.650+0400] {dagbag.py:541} INFO - Filling up the DagBag from /home/chinnu/.local/lib/python3.10/site-packages/airflow/example_dags/example_kubernetes_executor.py
[2023-05-25T19:39:41.659+0400] {logging_mixin.py:149} INFO - [2023-05-25T19:39:41.659+0400] {example_kubernetes_executor.py:41} WARNING - The example_kubernetes_executor example DAG requires the kubernetes provider. Please install it with: pip install apache-airflow[cncf.kubernetes]
[2023-05-25T19:39:41.659+0400] {processor.py:838} WARNING - No viable dags retrieved from /home/chinnu/.local/lib/python3.10/site-packages/airflow/example_dags/example_kubernetes_executor.py
[2023-05-25T19:39:41.678+0400] {processor.py:179} INFO - Processing /home/chinnu/.local/lib/python3.10/site-packages/airflow/example_dags/example_kubernetes_executor.py took 0.042 seconds
[2023-05-25T19:40:43.019+0400] {processor.py:157} INFO - Started process (PID=512) to work on /home/chinnu/.local/lib/python3.10/site-packages/airflow/example_dags/example_kubernetes_executor.py
[2023-05-25T19:40:43.022+0400] {processor.py:826} INFO - Processing file /home/chinnu/.local/lib/python3.10/site-packages/airflow/example_dags/example_kubernetes_executor.py for tasks to queue
[2023-05-25T19:40:43.023+0400] {logging_mixin.py:149} INFO - [2023-05-25T19:40:43.023+0400] {dagbag.py:541} INFO - Filling up the DagBag from /home/chinnu/.local/lib/python3.10/site-packages/airflow/example_dags/example_kubernetes_executor.py
[2023-05-25T19:40:43.031+0400] {logging_mixin.py:149} INFO - [2023-05-25T19:40:43.031+0400] {example_kubernetes_executor.py:41} WARNING - The example_kubernetes_executor example DAG requires the kubernetes provider. Please install it with: pip install apache-airflow[cncf.kubernetes]
[2023-05-25T19:40:43.032+0400] {processor.py:838} WARNING - No viable dags retrieved from /home/chinnu/.local/lib/python3.10/site-packages/airflow/example_dags/example_kubernetes_executor.py
[2023-05-25T19:40:43.060+0400] {processor.py:179} INFO - Processing /home/chinnu/.local/lib/python3.10/site-packages/airflow/example_dags/example_kubernetes_executor.py took 0.051 seconds
[2023-05-25T19:41:43.469+0400] {processor.py:157} INFO - Started process (PID=562) to work on /home/chinnu/.local/lib/python3.10/site-packages/airflow/example_dags/example_kubernetes_executor.py
[2023-05-25T19:41:43.474+0400] {processor.py:826} INFO - Processing file /home/chinnu/.local/lib/python3.10/site-packages/airflow/example_dags/example_kubernetes_executor.py for tasks to queue
[2023-05-25T19:41:43.477+0400] {logging_mixin.py:149} INFO - [2023-05-25T19:41:43.476+0400] {dagbag.py:541} INFO - Filling up the DagBag from /home/chinnu/.local/lib/python3.10/site-packages/airflow/example_dags/example_kubernetes_executor.py
[2023-05-25T19:41:43.488+0400] {logging_mixin.py:149} INFO - [2023-05-25T19:41:43.488+0400] {example_kubernetes_executor.py:41} WARNING - The example_kubernetes_executor example DAG requires the kubernetes provider. Please install it with: pip install apache-airflow[cncf.kubernetes]
[2023-05-25T19:41:43.489+0400] {processor.py:838} WARNING - No viable dags retrieved from /home/chinnu/.local/lib/python3.10/site-packages/airflow/example_dags/example_kubernetes_executor.py
[2023-05-25T19:41:43.510+0400] {processor.py:179} INFO - Processing /home/chinnu/.local/lib/python3.10/site-packages/airflow/example_dags/example_kubernetes_executor.py took 0.054 seconds
[2023-05-25T19:42:44.667+0400] {processor.py:157} INFO - Started process (PID=613) to work on /home/chinnu/.local/lib/python3.10/site-packages/airflow/example_dags/example_kubernetes_executor.py
[2023-05-25T19:42:44.673+0400] {processor.py:826} INFO - Processing file /home/chinnu/.local/lib/python3.10/site-packages/airflow/example_dags/example_kubernetes_executor.py for tasks to queue
[2023-05-25T19:42:44.675+0400] {logging_mixin.py:149} INFO - [2023-05-25T19:42:44.675+0400] {dagbag.py:541} INFO - Filling up the DagBag from /home/chinnu/.local/lib/python3.10/site-packages/airflow/example_dags/example_kubernetes_executor.py
[2023-05-25T19:42:44.689+0400] {logging_mixin.py:149} INFO - [2023-05-25T19:42:44.689+0400] {example_kubernetes_executor.py:41} WARNING - The example_kubernetes_executor example DAG requires the kubernetes provider. Please install it with: pip install apache-airflow[cncf.kubernetes]
[2023-05-25T19:42:44.690+0400] {processor.py:838} WARNING - No viable dags retrieved from /home/chinnu/.local/lib/python3.10/site-packages/airflow/example_dags/example_kubernetes_executor.py
[2023-05-25T19:42:44.747+0400] {processor.py:179} INFO - Processing /home/chinnu/.local/lib/python3.10/site-packages/airflow/example_dags/example_kubernetes_executor.py took 0.107 seconds
