[2023-05-25T19:37:16.288+0400] {processor.py:157} INFO - Started process (PID=324) to work on /home/chinnu/.local/lib/python3.10/site-packages/airflow/example_dags/example_branch_python_dop_operator_3.py
[2023-05-25T19:37:16.293+0400] {processor.py:826} INFO - Processing file /home/chinnu/.local/lib/python3.10/site-packages/airflow/example_dags/example_branch_python_dop_operator_3.py for tasks to queue
[2023-05-25T19:37:16.296+0400] {logging_mixin.py:149} INFO - [2023-05-25T19:37:16.296+0400] {dagbag.py:541} INFO - Filling up the DagBag from /home/chinnu/.local/lib/python3.10/site-packages/airflow/example_dags/example_branch_python_dop_operator_3.py
[2023-05-25T19:37:16.342+0400] {processor.py:836} INFO - DAG(s) dict_keys(['example_branch_dop_operator_v3']) retrieved from /home/chinnu/.local/lib/python3.10/site-packages/airflow/example_dags/example_branch_python_dop_operator_3.py
[2023-05-25T19:37:16.400+0400] {logging_mixin.py:149} INFO - [2023-05-25T19:37:16.400+0400] {dag.py:2726} INFO - Sync 1 DAGs
[2023-05-25T19:37:16.446+0400] {logging_mixin.py:149} INFO - [2023-05-25T19:37:16.445+0400] {dag.py:3486} INFO - Setting next_dagrun for example_branch_dop_operator_v3 to 2023-05-25T15:36:00+00:00, run_after=2023-05-25T15:37:00+00:00
[2023-05-25T19:37:16.663+0400] {processor.py:179} INFO - Processing /home/chinnu/.local/lib/python3.10/site-packages/airflow/example_dags/example_branch_python_dop_operator_3.py took 0.391 seconds
[2023-05-25T19:38:34.115+0400] {processor.py:157} INFO - Started process (PID=407) to work on /home/chinnu/.local/lib/python3.10/site-packages/airflow/example_dags/example_branch_python_dop_operator_3.py
[2023-05-25T19:38:34.119+0400] {processor.py:826} INFO - Processing file /home/chinnu/.local/lib/python3.10/site-packages/airflow/example_dags/example_branch_python_dop_operator_3.py for tasks to queue
[2023-05-25T19:38:34.125+0400] {logging_mixin.py:149} INFO - [2023-05-25T19:38:34.125+0400] {dagbag.py:541} INFO - Filling up the DagBag from /home/chinnu/.local/lib/python3.10/site-packages/airflow/example_dags/example_branch_python_dop_operator_3.py
[2023-05-25T19:38:34.181+0400] {processor.py:836} INFO - DAG(s) dict_keys(['example_branch_dop_operator_v3']) retrieved from /home/chinnu/.local/lib/python3.10/site-packages/airflow/example_dags/example_branch_python_dop_operator_3.py
[2023-05-25T19:38:34.440+0400] {logging_mixin.py:149} INFO - [2023-05-25T19:38:34.440+0400] {dag.py:2726} INFO - Sync 1 DAGs
[2023-05-25T19:38:34.479+0400] {logging_mixin.py:149} INFO - [2023-05-25T19:38:34.479+0400] {dag.py:3486} INFO - Setting next_dagrun for example_branch_dop_operator_v3 to 2023-05-25T15:37:00+00:00, run_after=2023-05-25T15:38:00+00:00
[2023-05-25T19:38:34.526+0400] {processor.py:179} INFO - Processing /home/chinnu/.local/lib/python3.10/site-packages/airflow/example_dags/example_branch_python_dop_operator_3.py took 0.429 seconds
[2023-05-25T19:39:50.899+0400] {processor.py:157} INFO - Started process (PID=467) to work on /home/chinnu/.local/lib/python3.10/site-packages/airflow/example_dags/example_branch_python_dop_operator_3.py
[2023-05-25T19:39:50.902+0400] {processor.py:826} INFO - Processing file /home/chinnu/.local/lib/python3.10/site-packages/airflow/example_dags/example_branch_python_dop_operator_3.py for tasks to queue
[2023-05-25T19:39:50.904+0400] {logging_mixin.py:149} INFO - [2023-05-25T19:39:50.904+0400] {dagbag.py:541} INFO - Filling up the DagBag from /home/chinnu/.local/lib/python3.10/site-packages/airflow/example_dags/example_branch_python_dop_operator_3.py
[2023-05-25T19:39:50.936+0400] {processor.py:836} INFO - DAG(s) dict_keys(['example_branch_dop_operator_v3']) retrieved from /home/chinnu/.local/lib/python3.10/site-packages/airflow/example_dags/example_branch_python_dop_operator_3.py
[2023-05-25T19:39:51.027+0400] {logging_mixin.py:149} INFO - [2023-05-25T19:39:51.027+0400] {dag.py:2726} INFO - Sync 1 DAGs
[2023-05-25T19:39:51.073+0400] {logging_mixin.py:149} INFO - [2023-05-25T19:39:51.073+0400] {dag.py:3486} INFO - Setting next_dagrun for example_branch_dop_operator_v3 to 2023-05-25T15:38:00+00:00, run_after=2023-05-25T15:39:00+00:00
[2023-05-25T19:39:51.117+0400] {processor.py:179} INFO - Processing /home/chinnu/.local/lib/python3.10/site-packages/airflow/example_dags/example_branch_python_dop_operator_3.py took 0.235 seconds
[2023-05-25T19:40:50.672+0400] {processor.py:157} INFO - Started process (PID=518) to work on /home/chinnu/.local/lib/python3.10/site-packages/airflow/example_dags/example_branch_python_dop_operator_3.py
[2023-05-25T19:40:50.677+0400] {processor.py:826} INFO - Processing file /home/chinnu/.local/lib/python3.10/site-packages/airflow/example_dags/example_branch_python_dop_operator_3.py for tasks to queue
[2023-05-25T19:40:50.679+0400] {logging_mixin.py:149} INFO - [2023-05-25T19:40:50.679+0400] {dagbag.py:541} INFO - Filling up the DagBag from /home/chinnu/.local/lib/python3.10/site-packages/airflow/example_dags/example_branch_python_dop_operator_3.py
[2023-05-25T19:40:50.716+0400] {processor.py:836} INFO - DAG(s) dict_keys(['example_branch_dop_operator_v3']) retrieved from /home/chinnu/.local/lib/python3.10/site-packages/airflow/example_dags/example_branch_python_dop_operator_3.py
[2023-05-25T19:40:50.810+0400] {logging_mixin.py:149} INFO - [2023-05-25T19:40:50.810+0400] {dag.py:2726} INFO - Sync 1 DAGs
[2023-05-25T19:40:50.886+0400] {logging_mixin.py:149} INFO - [2023-05-25T19:40:50.885+0400] {dag.py:3486} INFO - Setting next_dagrun for example_branch_dop_operator_v3 to 2023-05-25T15:39:00+00:00, run_after=2023-05-25T15:40:00+00:00
[2023-05-25T19:40:50.932+0400] {processor.py:179} INFO - Processing /home/chinnu/.local/lib/python3.10/site-packages/airflow/example_dags/example_branch_python_dop_operator_3.py took 0.275 seconds
[2023-05-25T19:41:51.277+0400] {processor.py:157} INFO - Started process (PID=568) to work on /home/chinnu/.local/lib/python3.10/site-packages/airflow/example_dags/example_branch_python_dop_operator_3.py
[2023-05-25T19:41:51.281+0400] {processor.py:826} INFO - Processing file /home/chinnu/.local/lib/python3.10/site-packages/airflow/example_dags/example_branch_python_dop_operator_3.py for tasks to queue
[2023-05-25T19:41:51.284+0400] {logging_mixin.py:149} INFO - [2023-05-25T19:41:51.284+0400] {dagbag.py:541} INFO - Filling up the DagBag from /home/chinnu/.local/lib/python3.10/site-packages/airflow/example_dags/example_branch_python_dop_operator_3.py
[2023-05-25T19:41:51.328+0400] {processor.py:836} INFO - DAG(s) dict_keys(['example_branch_dop_operator_v3']) retrieved from /home/chinnu/.local/lib/python3.10/site-packages/airflow/example_dags/example_branch_python_dop_operator_3.py
[2023-05-25T19:41:51.451+0400] {logging_mixin.py:149} INFO - [2023-05-25T19:41:51.450+0400] {dag.py:2726} INFO - Sync 1 DAGs
[2023-05-25T19:41:51.513+0400] {logging_mixin.py:149} INFO - [2023-05-25T19:41:51.512+0400] {dag.py:3486} INFO - Setting next_dagrun for example_branch_dop_operator_v3 to 2023-05-25T15:40:00+00:00, run_after=2023-05-25T15:41:00+00:00
[2023-05-25T19:41:51.577+0400] {processor.py:179} INFO - Processing /home/chinnu/.local/lib/python3.10/site-packages/airflow/example_dags/example_branch_python_dop_operator_3.py took 0.321 seconds
[2023-05-25T19:42:52.783+0400] {processor.py:157} INFO - Started process (PID=619) to work on /home/chinnu/.local/lib/python3.10/site-packages/airflow/example_dags/example_branch_python_dop_operator_3.py
[2023-05-25T19:42:52.787+0400] {processor.py:826} INFO - Processing file /home/chinnu/.local/lib/python3.10/site-packages/airflow/example_dags/example_branch_python_dop_operator_3.py for tasks to queue
[2023-05-25T19:42:52.796+0400] {logging_mixin.py:149} INFO - [2023-05-25T19:42:52.795+0400] {dagbag.py:541} INFO - Filling up the DagBag from /home/chinnu/.local/lib/python3.10/site-packages/airflow/example_dags/example_branch_python_dop_operator_3.py
[2023-05-25T19:42:52.838+0400] {processor.py:836} INFO - DAG(s) dict_keys(['example_branch_dop_operator_v3']) retrieved from /home/chinnu/.local/lib/python3.10/site-packages/airflow/example_dags/example_branch_python_dop_operator_3.py
[2023-05-25T19:42:52.923+0400] {logging_mixin.py:149} INFO - [2023-05-25T19:42:52.922+0400] {dag.py:2726} INFO - Sync 1 DAGs
[2023-05-25T19:42:53.053+0400] {logging_mixin.py:149} INFO - [2023-05-25T19:42:53.053+0400] {dag.py:3486} INFO - Setting next_dagrun for example_branch_dop_operator_v3 to 2023-05-25T15:41:00+00:00, run_after=2023-05-25T15:42:00+00:00
[2023-05-25T19:42:53.132+0400] {processor.py:179} INFO - Processing /home/chinnu/.local/lib/python3.10/site-packages/airflow/example_dags/example_branch_python_dop_operator_3.py took 0.366 seconds
