[2023-05-25T19:37:22.100+0400] {processor.py:157} INFO - Started process (PID=328) to work on /home/chinnu/.local/lib/python3.10/site-packages/airflow/example_dags/example_branch_day_of_week_operator.py
[2023-05-25T19:37:22.103+0400] {processor.py:826} INFO - Processing file /home/chinnu/.local/lib/python3.10/site-packages/airflow/example_dags/example_branch_day_of_week_operator.py for tasks to queue
[2023-05-25T19:37:22.105+0400] {logging_mixin.py:149} INFO - [2023-05-25T19:37:22.105+0400] {dagbag.py:541} INFO - Filling up the DagBag from /home/chinnu/.local/lib/python3.10/site-packages/airflow/example_dags/example_branch_day_of_week_operator.py
[2023-05-25T19:37:22.133+0400] {processor.py:836} INFO - DAG(s) dict_keys(['example_weekday_branch_operator']) retrieved from /home/chinnu/.local/lib/python3.10/site-packages/airflow/example_dags/example_branch_day_of_week_operator.py
[2023-05-25T19:37:22.191+0400] {logging_mixin.py:149} INFO - [2023-05-25T19:37:22.191+0400] {dag.py:2726} INFO - Sync 1 DAGs
[2023-05-25T19:37:22.227+0400] {logging_mixin.py:149} INFO - [2023-05-25T19:37:22.227+0400] {dag.py:3486} INFO - Setting next_dagrun for example_weekday_branch_operator to 2023-05-24T00:00:00+00:00, run_after=2023-05-25T00:00:00+00:00
[2023-05-25T19:37:22.444+0400] {processor.py:179} INFO - Processing /home/chinnu/.local/lib/python3.10/site-packages/airflow/example_dags/example_branch_day_of_week_operator.py took 0.352 seconds
[2023-05-25T19:38:40.504+0400] {processor.py:157} INFO - Started process (PID=411) to work on /home/chinnu/.local/lib/python3.10/site-packages/airflow/example_dags/example_branch_day_of_week_operator.py
[2023-05-25T19:38:40.518+0400] {processor.py:826} INFO - Processing file /home/chinnu/.local/lib/python3.10/site-packages/airflow/example_dags/example_branch_day_of_week_operator.py for tasks to queue
[2023-05-25T19:38:40.524+0400] {logging_mixin.py:149} INFO - [2023-05-25T19:38:40.523+0400] {dagbag.py:541} INFO - Filling up the DagBag from /home/chinnu/.local/lib/python3.10/site-packages/airflow/example_dags/example_branch_day_of_week_operator.py
[2023-05-25T19:38:40.629+0400] {processor.py:836} INFO - DAG(s) dict_keys(['example_weekday_branch_operator']) retrieved from /home/chinnu/.local/lib/python3.10/site-packages/airflow/example_dags/example_branch_day_of_week_operator.py
[2023-05-25T19:38:41.339+0400] {logging_mixin.py:149} INFO - [2023-05-25T19:38:41.338+0400] {dag.py:2726} INFO - Sync 1 DAGs
[2023-05-25T19:38:41.378+0400] {logging_mixin.py:149} INFO - [2023-05-25T19:38:41.378+0400] {dag.py:3486} INFO - Setting next_dagrun for example_weekday_branch_operator to 2023-05-24T00:00:00+00:00, run_after=2023-05-25T00:00:00+00:00
[2023-05-25T19:38:41.437+0400] {processor.py:182} ERROR - Got an exception! Propagating...
Traceback (most recent call last):
  File "/home/chinnu/.local/lib/python3.10/site-packages/sqlalchemy/engine/base.py", line 1094, in _commit_impl
    self.engine.dialect.do_commit(self.connection)
  File "/home/chinnu/.local/lib/python3.10/site-packages/sqlalchemy/engine/default.py", line 686, in do_commit
    dbapi_connection.commit()
sqlite3.OperationalError: disk I/O error

The above exception was the direct cause of the following exception:

Traceback (most recent call last):
  File "/home/chinnu/.local/lib/python3.10/site-packages/airflow/dag_processing/processor.py", line 178, in _run_file_processor
    _handle_dag_file_processing()
  File "/home/chinnu/.local/lib/python3.10/site-packages/airflow/dag_processing/processor.py", line 159, in _handle_dag_file_processing
    result: tuple[int, int] = dag_file_processor.process_file(
  File "/home/chinnu/.local/lib/python3.10/site-packages/airflow/utils/session.py", line 76, in wrapper
    return func(*args, session=session, **kwargs)
  File "/home/chinnu/.local/lib/python3.10/site-packages/airflow/dag_processing/processor.py", line 854, in process_file
    serialize_errors = DagFileProcessor.save_dag_to_db(
  File "/home/chinnu/.local/lib/python3.10/site-packages/airflow/api_internal/internal_api_call.py", line 112, in wrapper
    return func(*args, **kwargs)
  File "/home/chinnu/.local/lib/python3.10/site-packages/airflow/utils/session.py", line 76, in wrapper
    return func(*args, session=session, **kwargs)
  File "/home/chinnu/.local/lib/python3.10/site-packages/airflow/dag_processing/processor.py", line 891, in save_dag_to_db
    session.commit()
  File "/home/chinnu/.local/lib/python3.10/site-packages/sqlalchemy/orm/session.py", line 1454, in commit
    self._transaction.commit(_to_root=self.future)
  File "/home/chinnu/.local/lib/python3.10/site-packages/sqlalchemy/orm/session.py", line 839, in commit
    trans.commit()
  File "/home/chinnu/.local/lib/python3.10/site-packages/sqlalchemy/engine/base.py", line 2464, in commit
    self._do_commit()
  File "/home/chinnu/.local/lib/python3.10/site-packages/sqlalchemy/engine/base.py", line 2654, in _do_commit
    self._connection_commit_impl()
  File "/home/chinnu/.local/lib/python3.10/site-packages/sqlalchemy/engine/base.py", line 2625, in _connection_commit_impl
    self.connection._commit_impl()
  File "/home/chinnu/.local/lib/python3.10/site-packages/sqlalchemy/engine/base.py", line 1096, in _commit_impl
    self._handle_dbapi_exception(e, None, None, None, None)
  File "/home/chinnu/.local/lib/python3.10/site-packages/sqlalchemy/engine/base.py", line 2129, in _handle_dbapi_exception
    util.raise_(
  File "/home/chinnu/.local/lib/python3.10/site-packages/sqlalchemy/util/compat.py", line 211, in raise_
    raise exception
  File "/home/chinnu/.local/lib/python3.10/site-packages/sqlalchemy/engine/base.py", line 1094, in _commit_impl
    self.engine.dialect.do_commit(self.connection)
  File "/home/chinnu/.local/lib/python3.10/site-packages/sqlalchemy/engine/default.py", line 686, in do_commit
    dbapi_connection.commit()
sqlalchemy.exc.OperationalError: (sqlite3.OperationalError) disk I/O error
(Background on this error at: https://sqlalche.me/e/14/e3q8)
[2023-05-25T19:39:55.358+0400] {processor.py:157} INFO - Started process (PID=471) to work on /home/chinnu/.local/lib/python3.10/site-packages/airflow/example_dags/example_branch_day_of_week_operator.py
[2023-05-25T19:39:55.364+0400] {processor.py:826} INFO - Processing file /home/chinnu/.local/lib/python3.10/site-packages/airflow/example_dags/example_branch_day_of_week_operator.py for tasks to queue
[2023-05-25T19:39:55.368+0400] {logging_mixin.py:149} INFO - [2023-05-25T19:39:55.367+0400] {dagbag.py:541} INFO - Filling up the DagBag from /home/chinnu/.local/lib/python3.10/site-packages/airflow/example_dags/example_branch_day_of_week_operator.py
[2023-05-25T19:39:55.401+0400] {processor.py:836} INFO - DAG(s) dict_keys(['example_weekday_branch_operator']) retrieved from /home/chinnu/.local/lib/python3.10/site-packages/airflow/example_dags/example_branch_day_of_week_operator.py
[2023-05-25T19:39:55.501+0400] {logging_mixin.py:149} INFO - [2023-05-25T19:39:55.500+0400] {dag.py:2726} INFO - Sync 1 DAGs
[2023-05-25T19:39:55.552+0400] {logging_mixin.py:149} INFO - [2023-05-25T19:39:55.552+0400] {dag.py:3486} INFO - Setting next_dagrun for example_weekday_branch_operator to 2023-05-24T00:00:00+00:00, run_after=2023-05-25T00:00:00+00:00
[2023-05-25T19:39:55.602+0400] {processor.py:179} INFO - Processing /home/chinnu/.local/lib/python3.10/site-packages/airflow/example_dags/example_branch_day_of_week_operator.py took 0.262 seconds
[2023-05-25T19:40:55.977+0400] {processor.py:157} INFO - Started process (PID=522) to work on /home/chinnu/.local/lib/python3.10/site-packages/airflow/example_dags/example_branch_day_of_week_operator.py
[2023-05-25T19:40:55.981+0400] {processor.py:826} INFO - Processing file /home/chinnu/.local/lib/python3.10/site-packages/airflow/example_dags/example_branch_day_of_week_operator.py for tasks to queue
[2023-05-25T19:40:55.988+0400] {logging_mixin.py:149} INFO - [2023-05-25T19:40:55.987+0400] {dagbag.py:541} INFO - Filling up the DagBag from /home/chinnu/.local/lib/python3.10/site-packages/airflow/example_dags/example_branch_day_of_week_operator.py
[2023-05-25T19:40:56.059+0400] {processor.py:836} INFO - DAG(s) dict_keys(['example_weekday_branch_operator']) retrieved from /home/chinnu/.local/lib/python3.10/site-packages/airflow/example_dags/example_branch_day_of_week_operator.py
[2023-05-25T19:40:56.596+0400] {logging_mixin.py:149} INFO - [2023-05-25T19:40:56.596+0400] {dag.py:2726} INFO - Sync 1 DAGs
[2023-05-25T19:40:56.645+0400] {logging_mixin.py:149} INFO - [2023-05-25T19:40:56.645+0400] {dag.py:3486} INFO - Setting next_dagrun for example_weekday_branch_operator to 2023-05-24T00:00:00+00:00, run_after=2023-05-25T00:00:00+00:00
[2023-05-25T19:40:56.690+0400] {processor.py:179} INFO - Processing /home/chinnu/.local/lib/python3.10/site-packages/airflow/example_dags/example_branch_day_of_week_operator.py took 0.756 seconds
[2023-05-25T19:41:56.887+0400] {processor.py:157} INFO - Started process (PID=572) to work on /home/chinnu/.local/lib/python3.10/site-packages/airflow/example_dags/example_branch_day_of_week_operator.py
[2023-05-25T19:41:56.892+0400] {processor.py:826} INFO - Processing file /home/chinnu/.local/lib/python3.10/site-packages/airflow/example_dags/example_branch_day_of_week_operator.py for tasks to queue
[2023-05-25T19:41:56.895+0400] {logging_mixin.py:149} INFO - [2023-05-25T19:41:56.894+0400] {dagbag.py:541} INFO - Filling up the DagBag from /home/chinnu/.local/lib/python3.10/site-packages/airflow/example_dags/example_branch_day_of_week_operator.py
[2023-05-25T19:41:56.918+0400] {processor.py:836} INFO - DAG(s) dict_keys(['example_weekday_branch_operator']) retrieved from /home/chinnu/.local/lib/python3.10/site-packages/airflow/example_dags/example_branch_day_of_week_operator.py
[2023-05-25T19:41:56.977+0400] {logging_mixin.py:149} INFO - [2023-05-25T19:41:56.976+0400] {dag.py:2726} INFO - Sync 1 DAGs
[2023-05-25T19:41:57.023+0400] {logging_mixin.py:149} INFO - [2023-05-25T19:41:57.023+0400] {dag.py:3486} INFO - Setting next_dagrun for example_weekday_branch_operator to 2023-05-24T00:00:00+00:00, run_after=2023-05-25T00:00:00+00:00
[2023-05-25T19:41:57.058+0400] {processor.py:179} INFO - Processing /home/chinnu/.local/lib/python3.10/site-packages/airflow/example_dags/example_branch_day_of_week_operator.py took 0.188 seconds
[2023-05-25T19:42:58.250+0400] {processor.py:157} INFO - Started process (PID=623) to work on /home/chinnu/.local/lib/python3.10/site-packages/airflow/example_dags/example_branch_day_of_week_operator.py
[2023-05-25T19:42:58.253+0400] {processor.py:826} INFO - Processing file /home/chinnu/.local/lib/python3.10/site-packages/airflow/example_dags/example_branch_day_of_week_operator.py for tasks to queue
[2023-05-25T19:42:58.255+0400] {logging_mixin.py:149} INFO - [2023-05-25T19:42:58.255+0400] {dagbag.py:541} INFO - Filling up the DagBag from /home/chinnu/.local/lib/python3.10/site-packages/airflow/example_dags/example_branch_day_of_week_operator.py
[2023-05-25T19:42:58.281+0400] {processor.py:836} INFO - DAG(s) dict_keys(['example_weekday_branch_operator']) retrieved from /home/chinnu/.local/lib/python3.10/site-packages/airflow/example_dags/example_branch_day_of_week_operator.py
[2023-05-25T19:42:58.361+0400] {logging_mixin.py:149} INFO - [2023-05-25T19:42:58.361+0400] {dag.py:2726} INFO - Sync 1 DAGs
[2023-05-25T19:42:58.414+0400] {logging_mixin.py:149} INFO - [2023-05-25T19:42:58.414+0400] {dag.py:3486} INFO - Setting next_dagrun for example_weekday_branch_operator to 2023-05-24T00:00:00+00:00, run_after=2023-05-25T00:00:00+00:00
[2023-05-25T19:42:58.470+0400] {processor.py:179} INFO - Processing /home/chinnu/.local/lib/python3.10/site-packages/airflow/example_dags/example_branch_day_of_week_operator.py took 0.233 seconds
