[2023-05-25T19:37:22.962+0400] {processor.py:157} INFO - Started process (PID=329) to work on /home/chinnu/.local/lib/python3.10/site-packages/airflow/example_dags/example_branch_datetime_operator.py
[2023-05-25T19:37:22.965+0400] {processor.py:826} INFO - Processing file /home/chinnu/.local/lib/python3.10/site-packages/airflow/example_dags/example_branch_datetime_operator.py for tasks to queue
[2023-05-25T19:37:22.967+0400] {logging_mixin.py:149} INFO - [2023-05-25T19:37:22.967+0400] {dagbag.py:541} INFO - Filling up the DagBag from /home/chinnu/.local/lib/python3.10/site-packages/airflow/example_dags/example_branch_datetime_operator.py
[2023-05-25T19:37:23.014+0400] {processor.py:836} INFO - DAG(s) dict_keys(['example_branch_datetime_operator', 'example_branch_datetime_operator_2', 'example_branch_datetime_operator_3']) retrieved from /home/chinnu/.local/lib/python3.10/site-packages/airflow/example_dags/example_branch_datetime_operator.py
[2023-05-25T19:37:23.110+0400] {logging_mixin.py:149} INFO - [2023-05-25T19:37:23.109+0400] {dag.py:2726} INFO - Sync 3 DAGs
[2023-05-25T19:37:23.162+0400] {logging_mixin.py:149} INFO - [2023-05-25T19:37:23.162+0400] {dag.py:3486} INFO - Setting next_dagrun for example_branch_datetime_operator to 2023-05-24T00:00:00+00:00, run_after=2023-05-25T00:00:00+00:00
[2023-05-25T19:37:23.169+0400] {logging_mixin.py:149} INFO - [2023-05-25T19:37:23.169+0400] {dag.py:3486} INFO - Setting next_dagrun for example_branch_datetime_operator_2 to 2023-05-24T00:00:00+00:00, run_after=2023-05-25T00:00:00+00:00
[2023-05-25T19:37:23.172+0400] {logging_mixin.py:149} INFO - [2023-05-25T19:37:23.172+0400] {dag.py:3486} INFO - Setting next_dagrun for example_branch_datetime_operator_3 to 2023-05-24T00:00:00+00:00, run_after=2023-05-25T00:00:00+00:00
[2023-05-25T19:37:23.460+0400] {processor.py:179} INFO - Processing /home/chinnu/.local/lib/python3.10/site-packages/airflow/example_dags/example_branch_datetime_operator.py took 0.511 seconds
[2023-05-25T19:38:42.811+0400] {processor.py:157} INFO - Started process (PID=412) to work on /home/chinnu/.local/lib/python3.10/site-packages/airflow/example_dags/example_branch_datetime_operator.py
[2023-05-25T19:38:42.816+0400] {processor.py:826} INFO - Processing file /home/chinnu/.local/lib/python3.10/site-packages/airflow/example_dags/example_branch_datetime_operator.py for tasks to queue
[2023-05-25T19:38:42.819+0400] {logging_mixin.py:149} INFO - [2023-05-25T19:38:42.818+0400] {dagbag.py:541} INFO - Filling up the DagBag from /home/chinnu/.local/lib/python3.10/site-packages/airflow/example_dags/example_branch_datetime_operator.py
[2023-05-25T19:38:42.867+0400] {processor.py:836} INFO - DAG(s) dict_keys(['example_branch_datetime_operator_3', 'example_branch_datetime_operator_2', 'example_branch_datetime_operator']) retrieved from /home/chinnu/.local/lib/python3.10/site-packages/airflow/example_dags/example_branch_datetime_operator.py
[2023-05-25T19:38:43.692+0400] {logging_mixin.py:149} INFO - [2023-05-25T19:38:43.692+0400] {dag.py:2726} INFO - Sync 3 DAGs
[2023-05-25T19:38:43.766+0400] {logging_mixin.py:149} INFO - [2023-05-25T19:38:43.766+0400] {dag.py:3486} INFO - Setting next_dagrun for example_branch_datetime_operator to 2023-05-24T00:00:00+00:00, run_after=2023-05-25T00:00:00+00:00
[2023-05-25T19:38:43.784+0400] {logging_mixin.py:149} INFO - [2023-05-25T19:38:43.783+0400] {dag.py:3486} INFO - Setting next_dagrun for example_branch_datetime_operator_2 to 2023-05-24T00:00:00+00:00, run_after=2023-05-25T00:00:00+00:00
[2023-05-25T19:38:43.792+0400] {logging_mixin.py:149} INFO - [2023-05-25T19:38:43.792+0400] {dag.py:3486} INFO - Setting next_dagrun for example_branch_datetime_operator_3 to 2023-05-24T00:00:00+00:00, run_after=2023-05-25T00:00:00+00:00
[2023-05-25T19:38:43.855+0400] {processor.py:179} INFO - Processing /home/chinnu/.local/lib/python3.10/site-packages/airflow/example_dags/example_branch_datetime_operator.py took 1.060 seconds
[2023-05-25T19:39:56.825+0400] {processor.py:157} INFO - Started process (PID=472) to work on /home/chinnu/.local/lib/python3.10/site-packages/airflow/example_dags/example_branch_datetime_operator.py
[2023-05-25T19:39:56.831+0400] {processor.py:826} INFO - Processing file /home/chinnu/.local/lib/python3.10/site-packages/airflow/example_dags/example_branch_datetime_operator.py for tasks to queue
[2023-05-25T19:39:56.834+0400] {logging_mixin.py:149} INFO - [2023-05-25T19:39:56.833+0400] {dagbag.py:541} INFO - Filling up the DagBag from /home/chinnu/.local/lib/python3.10/site-packages/airflow/example_dags/example_branch_datetime_operator.py
[2023-05-25T19:39:56.881+0400] {processor.py:836} INFO - DAG(s) dict_keys(['example_branch_datetime_operator', 'example_branch_datetime_operator_2', 'example_branch_datetime_operator_3']) retrieved from /home/chinnu/.local/lib/python3.10/site-packages/airflow/example_dags/example_branch_datetime_operator.py
[2023-05-25T19:39:56.980+0400] {logging_mixin.py:149} INFO - [2023-05-25T19:39:56.980+0400] {dag.py:2726} INFO - Sync 3 DAGs
[2023-05-25T19:39:57.017+0400] {logging_mixin.py:149} INFO - [2023-05-25T19:39:57.017+0400] {dag.py:3486} INFO - Setting next_dagrun for example_branch_datetime_operator to 2023-05-24T00:00:00+00:00, run_after=2023-05-25T00:00:00+00:00
[2023-05-25T19:39:57.025+0400] {logging_mixin.py:149} INFO - [2023-05-25T19:39:57.025+0400] {dag.py:3486} INFO - Setting next_dagrun for example_branch_datetime_operator_2 to 2023-05-24T00:00:00+00:00, run_after=2023-05-25T00:00:00+00:00
[2023-05-25T19:39:57.029+0400] {logging_mixin.py:149} INFO - [2023-05-25T19:39:57.029+0400] {dag.py:3486} INFO - Setting next_dagrun for example_branch_datetime_operator_3 to 2023-05-24T00:00:00+00:00, run_after=2023-05-25T00:00:00+00:00
[2023-05-25T19:39:57.065+0400] {processor.py:179} INFO - Processing /home/chinnu/.local/lib/python3.10/site-packages/airflow/example_dags/example_branch_datetime_operator.py took 0.257 seconds
[2023-05-25T19:40:57.919+0400] {processor.py:157} INFO - Started process (PID=523) to work on /home/chinnu/.local/lib/python3.10/site-packages/airflow/example_dags/example_branch_datetime_operator.py
[2023-05-25T19:40:57.928+0400] {processor.py:826} INFO - Processing file /home/chinnu/.local/lib/python3.10/site-packages/airflow/example_dags/example_branch_datetime_operator.py for tasks to queue
[2023-05-25T19:40:57.931+0400] {logging_mixin.py:149} INFO - [2023-05-25T19:40:57.931+0400] {dagbag.py:541} INFO - Filling up the DagBag from /home/chinnu/.local/lib/python3.10/site-packages/airflow/example_dags/example_branch_datetime_operator.py
[2023-05-25T19:40:57.975+0400] {processor.py:836} INFO - DAG(s) dict_keys(['example_branch_datetime_operator_2', 'example_branch_datetime_operator', 'example_branch_datetime_operator_3']) retrieved from /home/chinnu/.local/lib/python3.10/site-packages/airflow/example_dags/example_branch_datetime_operator.py
[2023-05-25T19:40:58.087+0400] {logging_mixin.py:149} INFO - [2023-05-25T19:40:58.087+0400] {dag.py:2726} INFO - Sync 3 DAGs
[2023-05-25T19:40:58.134+0400] {logging_mixin.py:149} INFO - [2023-05-25T19:40:58.134+0400] {dag.py:3486} INFO - Setting next_dagrun for example_branch_datetime_operator to 2023-05-24T00:00:00+00:00, run_after=2023-05-25T00:00:00+00:00
[2023-05-25T19:40:58.142+0400] {logging_mixin.py:149} INFO - [2023-05-25T19:40:58.142+0400] {dag.py:3486} INFO - Setting next_dagrun for example_branch_datetime_operator_2 to 2023-05-24T00:00:00+00:00, run_after=2023-05-25T00:00:00+00:00
[2023-05-25T19:40:58.147+0400] {logging_mixin.py:149} INFO - [2023-05-25T19:40:58.147+0400] {dag.py:3486} INFO - Setting next_dagrun for example_branch_datetime_operator_3 to 2023-05-24T00:00:00+00:00, run_after=2023-05-25T00:00:00+00:00
[2023-05-25T19:40:58.192+0400] {processor.py:179} INFO - Processing /home/chinnu/.local/lib/python3.10/site-packages/airflow/example_dags/example_branch_datetime_operator.py took 0.286 seconds
[2023-05-25T19:41:58.391+0400] {processor.py:157} INFO - Started process (PID=573) to work on /home/chinnu/.local/lib/python3.10/site-packages/airflow/example_dags/example_branch_datetime_operator.py
[2023-05-25T19:41:58.396+0400] {processor.py:826} INFO - Processing file /home/chinnu/.local/lib/python3.10/site-packages/airflow/example_dags/example_branch_datetime_operator.py for tasks to queue
[2023-05-25T19:41:58.399+0400] {logging_mixin.py:149} INFO - [2023-05-25T19:41:58.398+0400] {dagbag.py:541} INFO - Filling up the DagBag from /home/chinnu/.local/lib/python3.10/site-packages/airflow/example_dags/example_branch_datetime_operator.py
[2023-05-25T19:41:58.435+0400] {processor.py:836} INFO - DAG(s) dict_keys(['example_branch_datetime_operator_3', 'example_branch_datetime_operator_2', 'example_branch_datetime_operator']) retrieved from /home/chinnu/.local/lib/python3.10/site-packages/airflow/example_dags/example_branch_datetime_operator.py
[2023-05-25T19:41:58.497+0400] {logging_mixin.py:149} INFO - [2023-05-25T19:41:58.497+0400] {dag.py:2726} INFO - Sync 3 DAGs
[2023-05-25T19:41:58.543+0400] {logging_mixin.py:149} INFO - [2023-05-25T19:41:58.543+0400] {dag.py:3486} INFO - Setting next_dagrun for example_branch_datetime_operator to 2023-05-24T00:00:00+00:00, run_after=2023-05-25T00:00:00+00:00
[2023-05-25T19:41:58.552+0400] {logging_mixin.py:149} INFO - [2023-05-25T19:41:58.552+0400] {dag.py:3486} INFO - Setting next_dagrun for example_branch_datetime_operator_2 to 2023-05-24T00:00:00+00:00, run_after=2023-05-25T00:00:00+00:00
[2023-05-25T19:41:58.556+0400] {logging_mixin.py:149} INFO - [2023-05-25T19:41:58.556+0400] {dag.py:3486} INFO - Setting next_dagrun for example_branch_datetime_operator_3 to 2023-05-24T00:00:00+00:00, run_after=2023-05-25T00:00:00+00:00
[2023-05-25T19:41:58.597+0400] {processor.py:179} INFO - Processing /home/chinnu/.local/lib/python3.10/site-packages/airflow/example_dags/example_branch_datetime_operator.py took 0.225 seconds
[2023-05-25T19:42:59.733+0400] {processor.py:157} INFO - Started process (PID=624) to work on /home/chinnu/.local/lib/python3.10/site-packages/airflow/example_dags/example_branch_datetime_operator.py
[2023-05-25T19:42:59.739+0400] {processor.py:826} INFO - Processing file /home/chinnu/.local/lib/python3.10/site-packages/airflow/example_dags/example_branch_datetime_operator.py for tasks to queue
[2023-05-25T19:42:59.742+0400] {logging_mixin.py:149} INFO - [2023-05-25T19:42:59.741+0400] {dagbag.py:541} INFO - Filling up the DagBag from /home/chinnu/.local/lib/python3.10/site-packages/airflow/example_dags/example_branch_datetime_operator.py
[2023-05-25T19:42:59.803+0400] {processor.py:836} INFO - DAG(s) dict_keys(['example_branch_datetime_operator_2', 'example_branch_datetime_operator_3', 'example_branch_datetime_operator']) retrieved from /home/chinnu/.local/lib/python3.10/site-packages/airflow/example_dags/example_branch_datetime_operator.py
[2023-05-25T19:42:59.974+0400] {logging_mixin.py:149} INFO - [2023-05-25T19:42:59.973+0400] {dag.py:2726} INFO - Sync 3 DAGs
[2023-05-25T19:43:00.068+0400] {logging_mixin.py:149} INFO - [2023-05-25T19:43:00.068+0400] {dag.py:3486} INFO - Setting next_dagrun for example_branch_datetime_operator to 2023-05-24T00:00:00+00:00, run_after=2023-05-25T00:00:00+00:00
[2023-05-25T19:43:00.076+0400] {logging_mixin.py:149} INFO - [2023-05-25T19:43:00.075+0400] {dag.py:3486} INFO - Setting next_dagrun for example_branch_datetime_operator_2 to 2023-05-24T00:00:00+00:00, run_after=2023-05-25T00:00:00+00:00
[2023-05-25T19:43:00.080+0400] {logging_mixin.py:149} INFO - [2023-05-25T19:43:00.079+0400] {dag.py:3486} INFO - Setting next_dagrun for example_branch_datetime_operator_3 to 2023-05-24T00:00:00+00:00, run_after=2023-05-25T00:00:00+00:00
[2023-05-25T19:43:00.117+0400] {processor.py:179} INFO - Processing /home/chinnu/.local/lib/python3.10/site-packages/airflow/example_dags/example_branch_datetime_operator.py took 0.408 seconds
