[2023-05-25T19:37:13.189+0400] {processor.py:157} INFO - Started process (PID=322) to work on /home/chinnu/.local/lib/python3.10/site-packages/airflow/example_dags/example_dag_decorator.py
[2023-05-25T19:37:13.192+0400] {processor.py:826} INFO - Processing file /home/chinnu/.local/lib/python3.10/site-packages/airflow/example_dags/example_dag_decorator.py for tasks to queue
[2023-05-25T19:37:13.194+0400] {logging_mixin.py:149} INFO - [2023-05-25T19:37:13.194+0400] {dagbag.py:541} INFO - Filling up the DagBag from /home/chinnu/.local/lib/python3.10/site-packages/airflow/example_dags/example_dag_decorator.py
[2023-05-25T19:37:13.221+0400] {logging_mixin.py:149} INFO - [2023-05-25T19:37:13.221+0400] {taskmixin.py:211} WARNING - Dependency <Task(_PythonDecoratedOperator): prepare_email>, send_email already registered for DAG: example_dag_decorator
[2023-05-25T19:37:13.222+0400] {logging_mixin.py:149} INFO - [2023-05-25T19:37:13.222+0400] {taskmixin.py:211} WARNING - Dependency <Task(EmailOperator): send_email>, prepare_email already registered for DAG: example_dag_decorator
[2023-05-25T19:37:13.257+0400] {processor.py:836} INFO - DAG(s) dict_keys(['example_dag_decorator']) retrieved from /home/chinnu/.local/lib/python3.10/site-packages/airflow/example_dags/example_dag_decorator.py
[2023-05-25T19:37:13.417+0400] {logging_mixin.py:149} INFO - [2023-05-25T19:37:13.417+0400] {dag.py:2726} INFO - Sync 1 DAGs
[2023-05-25T19:37:13.583+0400] {logging_mixin.py:149} INFO - [2023-05-25T19:37:13.583+0400] {dag.py:3486} INFO - Setting next_dagrun for example_dag_decorator to None, run_after=None
[2023-05-25T19:37:13.613+0400] {processor.py:179} INFO - Processing /home/chinnu/.local/lib/python3.10/site-packages/airflow/example_dags/example_dag_decorator.py took 0.437 seconds
[2023-05-25T19:38:29.182+0400] {processor.py:157} INFO - Started process (PID=405) to work on /home/chinnu/.local/lib/python3.10/site-packages/airflow/example_dags/example_dag_decorator.py
[2023-05-25T19:38:29.188+0400] {processor.py:826} INFO - Processing file /home/chinnu/.local/lib/python3.10/site-packages/airflow/example_dags/example_dag_decorator.py for tasks to queue
[2023-05-25T19:38:29.190+0400] {logging_mixin.py:149} INFO - [2023-05-25T19:38:29.190+0400] {dagbag.py:541} INFO - Filling up the DagBag from /home/chinnu/.local/lib/python3.10/site-packages/airflow/example_dags/example_dag_decorator.py
[2023-05-25T19:38:29.222+0400] {logging_mixin.py:149} INFO - [2023-05-25T19:38:29.221+0400] {taskmixin.py:211} WARNING - Dependency <Task(_PythonDecoratedOperator): prepare_email>, send_email already registered for DAG: example_dag_decorator
[2023-05-25T19:38:29.223+0400] {logging_mixin.py:149} INFO - [2023-05-25T19:38:29.223+0400] {taskmixin.py:211} WARNING - Dependency <Task(EmailOperator): send_email>, prepare_email already registered for DAG: example_dag_decorator
[2023-05-25T19:38:29.341+0400] {processor.py:836} INFO - DAG(s) dict_keys(['example_dag_decorator']) retrieved from /home/chinnu/.local/lib/python3.10/site-packages/airflow/example_dags/example_dag_decorator.py
[2023-05-25T19:38:30.189+0400] {logging_mixin.py:149} INFO - [2023-05-25T19:38:30.188+0400] {dag.py:2726} INFO - Sync 1 DAGs
[2023-05-25T19:38:30.286+0400] {logging_mixin.py:149} INFO - [2023-05-25T19:38:30.286+0400] {dag.py:3486} INFO - Setting next_dagrun for example_dag_decorator to None, run_after=None
[2023-05-25T19:38:30.365+0400] {processor.py:182} ERROR - Got an exception! Propagating...
Traceback (most recent call last):
  File "/home/chinnu/.local/lib/python3.10/site-packages/sqlalchemy/engine/base.py", line 1094, in _commit_impl
    self.engine.dialect.do_commit(self.connection)
  File "/home/chinnu/.local/lib/python3.10/site-packages/sqlalchemy/engine/default.py", line 686, in do_commit
    dbapi_connection.commit()
sqlite3.OperationalError: disk I/O error

The above exception was the direct cause of the following exception:

Traceback (most recent call last):
  File "/home/chinnu/.local/lib/python3.10/site-packages/airflow/dag_processing/processor.py", line 178, in _run_file_processor
    _handle_dag_file_processing()
  File "/home/chinnu/.local/lib/python3.10/site-packages/airflow/dag_processing/processor.py", line 159, in _handle_dag_file_processing
    result: tuple[int, int] = dag_file_processor.process_file(
  File "/home/chinnu/.local/lib/python3.10/site-packages/airflow/utils/session.py", line 76, in wrapper
    return func(*args, session=session, **kwargs)
  File "/home/chinnu/.local/lib/python3.10/site-packages/airflow/dag_processing/processor.py", line 854, in process_file
    serialize_errors = DagFileProcessor.save_dag_to_db(
  File "/home/chinnu/.local/lib/python3.10/site-packages/airflow/api_internal/internal_api_call.py", line 112, in wrapper
    return func(*args, **kwargs)
  File "/home/chinnu/.local/lib/python3.10/site-packages/airflow/utils/session.py", line 76, in wrapper
    return func(*args, session=session, **kwargs)
  File "/home/chinnu/.local/lib/python3.10/site-packages/airflow/dag_processing/processor.py", line 891, in save_dag_to_db
    session.commit()
  File "/home/chinnu/.local/lib/python3.10/site-packages/sqlalchemy/orm/session.py", line 1454, in commit
    self._transaction.commit(_to_root=self.future)
  File "/home/chinnu/.local/lib/python3.10/site-packages/sqlalchemy/orm/session.py", line 839, in commit
    trans.commit()
  File "/home/chinnu/.local/lib/python3.10/site-packages/sqlalchemy/engine/base.py", line 2464, in commit
    self._do_commit()
  File "/home/chinnu/.local/lib/python3.10/site-packages/sqlalchemy/engine/base.py", line 2654, in _do_commit
    self._connection_commit_impl()
  File "/home/chinnu/.local/lib/python3.10/site-packages/sqlalchemy/engine/base.py", line 2625, in _connection_commit_impl
    self.connection._commit_impl()
  File "/home/chinnu/.local/lib/python3.10/site-packages/sqlalchemy/engine/base.py", line 1096, in _commit_impl
    self._handle_dbapi_exception(e, None, None, None, None)
  File "/home/chinnu/.local/lib/python3.10/site-packages/sqlalchemy/engine/base.py", line 2129, in _handle_dbapi_exception
    util.raise_(
  File "/home/chinnu/.local/lib/python3.10/site-packages/sqlalchemy/util/compat.py", line 211, in raise_
    raise exception
  File "/home/chinnu/.local/lib/python3.10/site-packages/sqlalchemy/engine/base.py", line 1094, in _commit_impl
    self.engine.dialect.do_commit(self.connection)
  File "/home/chinnu/.local/lib/python3.10/site-packages/sqlalchemy/engine/default.py", line 686, in do_commit
    dbapi_connection.commit()
sqlalchemy.exc.OperationalError: (sqlite3.OperationalError) disk I/O error
(Background on this error at: https://sqlalche.me/e/14/e3q8)
[2023-05-25T19:39:48.057+0400] {processor.py:157} INFO - Started process (PID=465) to work on /home/chinnu/.local/lib/python3.10/site-packages/airflow/example_dags/example_dag_decorator.py
[2023-05-25T19:39:48.060+0400] {processor.py:826} INFO - Processing file /home/chinnu/.local/lib/python3.10/site-packages/airflow/example_dags/example_dag_decorator.py for tasks to queue
[2023-05-25T19:39:48.061+0400] {logging_mixin.py:149} INFO - [2023-05-25T19:39:48.061+0400] {dagbag.py:541} INFO - Filling up the DagBag from /home/chinnu/.local/lib/python3.10/site-packages/airflow/example_dags/example_dag_decorator.py
[2023-05-25T19:39:48.078+0400] {logging_mixin.py:149} INFO - [2023-05-25T19:39:48.078+0400] {taskmixin.py:211} WARNING - Dependency <Task(_PythonDecoratedOperator): prepare_email>, send_email already registered for DAG: example_dag_decorator
[2023-05-25T19:39:48.079+0400] {logging_mixin.py:149} INFO - [2023-05-25T19:39:48.079+0400] {taskmixin.py:211} WARNING - Dependency <Task(EmailOperator): send_email>, prepare_email already registered for DAG: example_dag_decorator
[2023-05-25T19:39:48.103+0400] {processor.py:836} INFO - DAG(s) dict_keys(['example_dag_decorator']) retrieved from /home/chinnu/.local/lib/python3.10/site-packages/airflow/example_dags/example_dag_decorator.py
[2023-05-25T19:39:48.209+0400] {logging_mixin.py:149} INFO - [2023-05-25T19:39:48.209+0400] {dag.py:2726} INFO - Sync 1 DAGs
[2023-05-25T19:39:48.246+0400] {logging_mixin.py:149} INFO - [2023-05-25T19:39:48.245+0400] {dag.py:3486} INFO - Setting next_dagrun for example_dag_decorator to None, run_after=None
[2023-05-25T19:39:48.294+0400] {processor.py:179} INFO - Processing /home/chinnu/.local/lib/python3.10/site-packages/airflow/example_dags/example_dag_decorator.py took 0.251 seconds
[2023-05-25T19:40:47.771+0400] {processor.py:157} INFO - Started process (PID=516) to work on /home/chinnu/.local/lib/python3.10/site-packages/airflow/example_dags/example_dag_decorator.py
[2023-05-25T19:40:47.776+0400] {processor.py:826} INFO - Processing file /home/chinnu/.local/lib/python3.10/site-packages/airflow/example_dags/example_dag_decorator.py for tasks to queue
[2023-05-25T19:40:47.778+0400] {logging_mixin.py:149} INFO - [2023-05-25T19:40:47.778+0400] {dagbag.py:541} INFO - Filling up the DagBag from /home/chinnu/.local/lib/python3.10/site-packages/airflow/example_dags/example_dag_decorator.py
[2023-05-25T19:40:47.810+0400] {logging_mixin.py:149} INFO - [2023-05-25T19:40:47.810+0400] {taskmixin.py:211} WARNING - Dependency <Task(_PythonDecoratedOperator): prepare_email>, send_email already registered for DAG: example_dag_decorator
[2023-05-25T19:40:47.811+0400] {logging_mixin.py:149} INFO - [2023-05-25T19:40:47.811+0400] {taskmixin.py:211} WARNING - Dependency <Task(EmailOperator): send_email>, prepare_email already registered for DAG: example_dag_decorator
[2023-05-25T19:40:47.862+0400] {processor.py:836} INFO - DAG(s) dict_keys(['example_dag_decorator']) retrieved from /home/chinnu/.local/lib/python3.10/site-packages/airflow/example_dags/example_dag_decorator.py
[2023-05-25T19:40:48.049+0400] {logging_mixin.py:149} INFO - [2023-05-25T19:40:48.049+0400] {dag.py:2726} INFO - Sync 1 DAGs
[2023-05-25T19:40:48.072+0400] {logging_mixin.py:149} INFO - [2023-05-25T19:40:48.072+0400] {dag.py:3486} INFO - Setting next_dagrun for example_dag_decorator to None, run_after=None
[2023-05-25T19:40:48.105+0400] {processor.py:179} INFO - Processing /home/chinnu/.local/lib/python3.10/site-packages/airflow/example_dags/example_dag_decorator.py took 0.352 seconds
[2023-05-25T19:41:48.118+0400] {processor.py:157} INFO - Started process (PID=566) to work on /home/chinnu/.local/lib/python3.10/site-packages/airflow/example_dags/example_dag_decorator.py
[2023-05-25T19:41:48.122+0400] {processor.py:826} INFO - Processing file /home/chinnu/.local/lib/python3.10/site-packages/airflow/example_dags/example_dag_decorator.py for tasks to queue
[2023-05-25T19:41:48.127+0400] {logging_mixin.py:149} INFO - [2023-05-25T19:41:48.126+0400] {dagbag.py:541} INFO - Filling up the DagBag from /home/chinnu/.local/lib/python3.10/site-packages/airflow/example_dags/example_dag_decorator.py
[2023-05-25T19:41:48.160+0400] {logging_mixin.py:149} INFO - [2023-05-25T19:41:48.160+0400] {taskmixin.py:211} WARNING - Dependency <Task(_PythonDecoratedOperator): prepare_email>, send_email already registered for DAG: example_dag_decorator
[2023-05-25T19:41:48.161+0400] {logging_mixin.py:149} INFO - [2023-05-25T19:41:48.161+0400] {taskmixin.py:211} WARNING - Dependency <Task(EmailOperator): send_email>, prepare_email already registered for DAG: example_dag_decorator
[2023-05-25T19:41:48.216+0400] {processor.py:836} INFO - DAG(s) dict_keys(['example_dag_decorator']) retrieved from /home/chinnu/.local/lib/python3.10/site-packages/airflow/example_dags/example_dag_decorator.py
[2023-05-25T19:41:48.492+0400] {logging_mixin.py:149} INFO - [2023-05-25T19:41:48.491+0400] {dag.py:2726} INFO - Sync 1 DAGs
[2023-05-25T19:41:48.542+0400] {logging_mixin.py:149} INFO - [2023-05-25T19:41:48.542+0400] {dag.py:3486} INFO - Setting next_dagrun for example_dag_decorator to None, run_after=None
[2023-05-25T19:41:48.606+0400] {processor.py:179} INFO - Processing /home/chinnu/.local/lib/python3.10/site-packages/airflow/example_dags/example_dag_decorator.py took 0.502 seconds
[2023-05-25T19:42:50.026+0400] {processor.py:157} INFO - Started process (PID=617) to work on /home/chinnu/.local/lib/python3.10/site-packages/airflow/example_dags/example_dag_decorator.py
[2023-05-25T19:42:50.035+0400] {processor.py:826} INFO - Processing file /home/chinnu/.local/lib/python3.10/site-packages/airflow/example_dags/example_dag_decorator.py for tasks to queue
[2023-05-25T19:42:50.040+0400] {logging_mixin.py:149} INFO - [2023-05-25T19:42:50.038+0400] {dagbag.py:541} INFO - Filling up the DagBag from /home/chinnu/.local/lib/python3.10/site-packages/airflow/example_dags/example_dag_decorator.py
[2023-05-25T19:42:50.076+0400] {logging_mixin.py:149} INFO - [2023-05-25T19:42:50.075+0400] {taskmixin.py:211} WARNING - Dependency <Task(_PythonDecoratedOperator): prepare_email>, send_email already registered for DAG: example_dag_decorator
[2023-05-25T19:42:50.078+0400] {logging_mixin.py:149} INFO - [2023-05-25T19:42:50.076+0400] {taskmixin.py:211} WARNING - Dependency <Task(EmailOperator): send_email>, prepare_email already registered for DAG: example_dag_decorator
[2023-05-25T19:42:50.134+0400] {processor.py:836} INFO - DAG(s) dict_keys(['example_dag_decorator']) retrieved from /home/chinnu/.local/lib/python3.10/site-packages/airflow/example_dags/example_dag_decorator.py
[2023-05-25T19:42:50.433+0400] {logging_mixin.py:149} INFO - [2023-05-25T19:42:50.433+0400] {dag.py:2726} INFO - Sync 1 DAGs
[2023-05-25T19:42:50.521+0400] {logging_mixin.py:149} INFO - [2023-05-25T19:42:50.521+0400] {dag.py:3486} INFO - Setting next_dagrun for example_dag_decorator to None, run_after=None
[2023-05-25T19:42:50.635+0400] {processor.py:179} INFO - Processing /home/chinnu/.local/lib/python3.10/site-packages/airflow/example_dags/example_dag_decorator.py took 0.626 seconds
