[2023-05-25T19:37:14.795+0400] {processor.py:157} INFO - Started process (PID=323) to work on /home/chinnu/.local/lib/python3.10/site-packages/airflow/example_dags/example_complex.py
[2023-05-25T19:37:14.799+0400] {processor.py:826} INFO - Processing file /home/chinnu/.local/lib/python3.10/site-packages/airflow/example_dags/example_complex.py for tasks to queue
[2023-05-25T19:37:14.801+0400] {logging_mixin.py:149} INFO - [2023-05-25T19:37:14.800+0400] {dagbag.py:541} INFO - Filling up the DagBag from /home/chinnu/.local/lib/python3.10/site-packages/airflow/example_dags/example_complex.py
[2023-05-25T19:37:14.839+0400] {logging_mixin.py:149} INFO - [2023-05-25T19:37:14.839+0400] {taskmixin.py:211} WARNING - Dependency <Task(BashOperator): create_entry_group>, delete_entry_group already registered for DAG: example_complex
[2023-05-25T19:37:14.839+0400] {logging_mixin.py:149} INFO - [2023-05-25T19:37:14.839+0400] {taskmixin.py:211} WARNING - Dependency <Task(BashOperator): delete_entry_group>, create_entry_group already registered for DAG: example_complex
[2023-05-25T19:37:14.840+0400] {logging_mixin.py:149} INFO - [2023-05-25T19:37:14.840+0400] {taskmixin.py:211} WARNING - Dependency <Task(BashOperator): create_entry_gcs>, delete_entry already registered for DAG: example_complex
[2023-05-25T19:37:14.840+0400] {logging_mixin.py:149} INFO - [2023-05-25T19:37:14.840+0400] {taskmixin.py:211} WARNING - Dependency <Task(BashOperator): delete_entry>, create_entry_gcs already registered for DAG: example_complex
[2023-05-25T19:37:14.840+0400] {logging_mixin.py:149} INFO - [2023-05-25T19:37:14.840+0400] {taskmixin.py:211} WARNING - Dependency <Task(BashOperator): create_tag>, delete_tag already registered for DAG: example_complex
[2023-05-25T19:37:14.841+0400] {logging_mixin.py:149} INFO - [2023-05-25T19:37:14.841+0400] {taskmixin.py:211} WARNING - Dependency <Task(BashOperator): delete_tag>, create_tag already registered for DAG: example_complex
[2023-05-25T19:37:14.843+0400] {processor.py:836} INFO - DAG(s) dict_keys(['example_complex']) retrieved from /home/chinnu/.local/lib/python3.10/site-packages/airflow/example_dags/example_complex.py
[2023-05-25T19:37:14.892+0400] {logging_mixin.py:149} INFO - [2023-05-25T19:37:14.892+0400] {dag.py:2726} INFO - Sync 1 DAGs
[2023-05-25T19:37:14.917+0400] {logging_mixin.py:149} INFO - [2023-05-25T19:37:14.916+0400] {dag.py:3486} INFO - Setting next_dagrun for example_complex to None, run_after=None
[2023-05-25T19:37:15.097+0400] {processor.py:179} INFO - Processing /home/chinnu/.local/lib/python3.10/site-packages/airflow/example_dags/example_complex.py took 0.314 seconds
[2023-05-25T19:38:31.806+0400] {processor.py:157} INFO - Started process (PID=406) to work on /home/chinnu/.local/lib/python3.10/site-packages/airflow/example_dags/example_complex.py
[2023-05-25T19:38:31.809+0400] {processor.py:826} INFO - Processing file /home/chinnu/.local/lib/python3.10/site-packages/airflow/example_dags/example_complex.py for tasks to queue
[2023-05-25T19:38:31.816+0400] {logging_mixin.py:149} INFO - [2023-05-25T19:38:31.815+0400] {dagbag.py:541} INFO - Filling up the DagBag from /home/chinnu/.local/lib/python3.10/site-packages/airflow/example_dags/example_complex.py
[2023-05-25T19:38:31.888+0400] {logging_mixin.py:149} INFO - [2023-05-25T19:38:31.887+0400] {taskmixin.py:211} WARNING - Dependency <Task(BashOperator): create_entry_group>, delete_entry_group already registered for DAG: example_complex
[2023-05-25T19:38:31.888+0400] {logging_mixin.py:149} INFO - [2023-05-25T19:38:31.888+0400] {taskmixin.py:211} WARNING - Dependency <Task(BashOperator): delete_entry_group>, create_entry_group already registered for DAG: example_complex
[2023-05-25T19:38:31.889+0400] {logging_mixin.py:149} INFO - [2023-05-25T19:38:31.889+0400] {taskmixin.py:211} WARNING - Dependency <Task(BashOperator): create_entry_gcs>, delete_entry already registered for DAG: example_complex
[2023-05-25T19:38:31.890+0400] {logging_mixin.py:149} INFO - [2023-05-25T19:38:31.890+0400] {taskmixin.py:211} WARNING - Dependency <Task(BashOperator): delete_entry>, create_entry_gcs already registered for DAG: example_complex
[2023-05-25T19:38:31.891+0400] {logging_mixin.py:149} INFO - [2023-05-25T19:38:31.891+0400] {taskmixin.py:211} WARNING - Dependency <Task(BashOperator): create_tag>, delete_tag already registered for DAG: example_complex
[2023-05-25T19:38:31.892+0400] {logging_mixin.py:149} INFO - [2023-05-25T19:38:31.891+0400] {taskmixin.py:211} WARNING - Dependency <Task(BashOperator): delete_tag>, create_tag already registered for DAG: example_complex
[2023-05-25T19:38:31.901+0400] {processor.py:836} INFO - DAG(s) dict_keys(['example_complex']) retrieved from /home/chinnu/.local/lib/python3.10/site-packages/airflow/example_dags/example_complex.py
[2023-05-25T19:38:32.684+0400] {logging_mixin.py:149} INFO - [2023-05-25T19:38:32.684+0400] {dag.py:2726} INFO - Sync 1 DAGs
[2023-05-25T19:38:32.789+0400] {logging_mixin.py:149} INFO - [2023-05-25T19:38:32.788+0400] {dag.py:3486} INFO - Setting next_dagrun for example_complex to None, run_after=None
[2023-05-25T19:38:32.879+0400] {processor.py:179} INFO - Processing /home/chinnu/.local/lib/python3.10/site-packages/airflow/example_dags/example_complex.py took 1.098 seconds
[2023-05-25T19:39:49.487+0400] {processor.py:157} INFO - Started process (PID=466) to work on /home/chinnu/.local/lib/python3.10/site-packages/airflow/example_dags/example_complex.py
[2023-05-25T19:39:49.491+0400] {processor.py:826} INFO - Processing file /home/chinnu/.local/lib/python3.10/site-packages/airflow/example_dags/example_complex.py for tasks to queue
[2023-05-25T19:39:49.494+0400] {logging_mixin.py:149} INFO - [2023-05-25T19:39:49.493+0400] {dagbag.py:541} INFO - Filling up the DagBag from /home/chinnu/.local/lib/python3.10/site-packages/airflow/example_dags/example_complex.py
[2023-05-25T19:39:49.518+0400] {logging_mixin.py:149} INFO - [2023-05-25T19:39:49.517+0400] {taskmixin.py:211} WARNING - Dependency <Task(BashOperator): create_entry_group>, delete_entry_group already registered for DAG: example_complex
[2023-05-25T19:39:49.518+0400] {logging_mixin.py:149} INFO - [2023-05-25T19:39:49.518+0400] {taskmixin.py:211} WARNING - Dependency <Task(BashOperator): delete_entry_group>, create_entry_group already registered for DAG: example_complex
[2023-05-25T19:39:49.519+0400] {logging_mixin.py:149} INFO - [2023-05-25T19:39:49.519+0400] {taskmixin.py:211} WARNING - Dependency <Task(BashOperator): create_entry_gcs>, delete_entry already registered for DAG: example_complex
[2023-05-25T19:39:49.519+0400] {logging_mixin.py:149} INFO - [2023-05-25T19:39:49.519+0400] {taskmixin.py:211} WARNING - Dependency <Task(BashOperator): delete_entry>, create_entry_gcs already registered for DAG: example_complex
[2023-05-25T19:39:49.520+0400] {logging_mixin.py:149} INFO - [2023-05-25T19:39:49.519+0400] {taskmixin.py:211} WARNING - Dependency <Task(BashOperator): create_tag>, delete_tag already registered for DAG: example_complex
[2023-05-25T19:39:49.520+0400] {logging_mixin.py:149} INFO - [2023-05-25T19:39:49.520+0400] {taskmixin.py:211} WARNING - Dependency <Task(BashOperator): delete_tag>, create_tag already registered for DAG: example_complex
[2023-05-25T19:39:49.522+0400] {processor.py:836} INFO - DAG(s) dict_keys(['example_complex']) retrieved from /home/chinnu/.local/lib/python3.10/site-packages/airflow/example_dags/example_complex.py
[2023-05-25T19:39:49.600+0400] {logging_mixin.py:149} INFO - [2023-05-25T19:39:49.600+0400] {dag.py:2726} INFO - Sync 1 DAGs
[2023-05-25T19:39:49.642+0400] {logging_mixin.py:149} INFO - [2023-05-25T19:39:49.642+0400] {dag.py:3486} INFO - Setting next_dagrun for example_complex to None, run_after=None
[2023-05-25T19:39:49.693+0400] {processor.py:179} INFO - Processing /home/chinnu/.local/lib/python3.10/site-packages/airflow/example_dags/example_complex.py took 0.224 seconds
[2023-05-25T19:40:49.308+0400] {processor.py:157} INFO - Started process (PID=517) to work on /home/chinnu/.local/lib/python3.10/site-packages/airflow/example_dags/example_complex.py
[2023-05-25T19:40:49.310+0400] {processor.py:826} INFO - Processing file /home/chinnu/.local/lib/python3.10/site-packages/airflow/example_dags/example_complex.py for tasks to queue
[2023-05-25T19:40:49.312+0400] {logging_mixin.py:149} INFO - [2023-05-25T19:40:49.312+0400] {dagbag.py:541} INFO - Filling up the DagBag from /home/chinnu/.local/lib/python3.10/site-packages/airflow/example_dags/example_complex.py
[2023-05-25T19:40:49.337+0400] {logging_mixin.py:149} INFO - [2023-05-25T19:40:49.337+0400] {taskmixin.py:211} WARNING - Dependency <Task(BashOperator): create_entry_group>, delete_entry_group already registered for DAG: example_complex
[2023-05-25T19:40:49.339+0400] {logging_mixin.py:149} INFO - [2023-05-25T19:40:49.338+0400] {taskmixin.py:211} WARNING - Dependency <Task(BashOperator): delete_entry_group>, create_entry_group already registered for DAG: example_complex
[2023-05-25T19:40:49.340+0400] {logging_mixin.py:149} INFO - [2023-05-25T19:40:49.339+0400] {taskmixin.py:211} WARNING - Dependency <Task(BashOperator): create_entry_gcs>, delete_entry already registered for DAG: example_complex
[2023-05-25T19:40:49.340+0400] {logging_mixin.py:149} INFO - [2023-05-25T19:40:49.340+0400] {taskmixin.py:211} WARNING - Dependency <Task(BashOperator): delete_entry>, create_entry_gcs already registered for DAG: example_complex
[2023-05-25T19:40:49.341+0400] {logging_mixin.py:149} INFO - [2023-05-25T19:40:49.341+0400] {taskmixin.py:211} WARNING - Dependency <Task(BashOperator): create_tag>, delete_tag already registered for DAG: example_complex
[2023-05-25T19:40:49.341+0400] {logging_mixin.py:149} INFO - [2023-05-25T19:40:49.341+0400] {taskmixin.py:211} WARNING - Dependency <Task(BashOperator): delete_tag>, create_tag already registered for DAG: example_complex
[2023-05-25T19:40:49.344+0400] {processor.py:836} INFO - DAG(s) dict_keys(['example_complex']) retrieved from /home/chinnu/.local/lib/python3.10/site-packages/airflow/example_dags/example_complex.py
[2023-05-25T19:40:49.405+0400] {logging_mixin.py:149} INFO - [2023-05-25T19:40:49.405+0400] {dag.py:2726} INFO - Sync 1 DAGs
[2023-05-25T19:40:49.434+0400] {logging_mixin.py:149} INFO - [2023-05-25T19:40:49.434+0400] {dag.py:3486} INFO - Setting next_dagrun for example_complex to None, run_after=None
[2023-05-25T19:40:49.470+0400] {processor.py:179} INFO - Processing /home/chinnu/.local/lib/python3.10/site-packages/airflow/example_dags/example_complex.py took 0.174 seconds
[2023-05-25T19:41:50.031+0400] {processor.py:157} INFO - Started process (PID=567) to work on /home/chinnu/.local/lib/python3.10/site-packages/airflow/example_dags/example_complex.py
[2023-05-25T19:41:50.033+0400] {processor.py:826} INFO - Processing file /home/chinnu/.local/lib/python3.10/site-packages/airflow/example_dags/example_complex.py for tasks to queue
[2023-05-25T19:41:50.034+0400] {logging_mixin.py:149} INFO - [2023-05-25T19:41:50.034+0400] {dagbag.py:541} INFO - Filling up the DagBag from /home/chinnu/.local/lib/python3.10/site-packages/airflow/example_dags/example_complex.py
[2023-05-25T19:41:50.055+0400] {logging_mixin.py:149} INFO - [2023-05-25T19:41:50.055+0400] {taskmixin.py:211} WARNING - Dependency <Task(BashOperator): create_entry_group>, delete_entry_group already registered for DAG: example_complex
[2023-05-25T19:41:50.056+0400] {logging_mixin.py:149} INFO - [2023-05-25T19:41:50.056+0400] {taskmixin.py:211} WARNING - Dependency <Task(BashOperator): delete_entry_group>, create_entry_group already registered for DAG: example_complex
[2023-05-25T19:41:50.056+0400] {logging_mixin.py:149} INFO - [2023-05-25T19:41:50.056+0400] {taskmixin.py:211} WARNING - Dependency <Task(BashOperator): create_entry_gcs>, delete_entry already registered for DAG: example_complex
[2023-05-25T19:41:50.056+0400] {logging_mixin.py:149} INFO - [2023-05-25T19:41:50.056+0400] {taskmixin.py:211} WARNING - Dependency <Task(BashOperator): delete_entry>, create_entry_gcs already registered for DAG: example_complex
[2023-05-25T19:41:50.057+0400] {logging_mixin.py:149} INFO - [2023-05-25T19:41:50.056+0400] {taskmixin.py:211} WARNING - Dependency <Task(BashOperator): create_tag>, delete_tag already registered for DAG: example_complex
[2023-05-25T19:41:50.057+0400] {logging_mixin.py:149} INFO - [2023-05-25T19:41:50.057+0400] {taskmixin.py:211} WARNING - Dependency <Task(BashOperator): delete_tag>, create_tag already registered for DAG: example_complex
[2023-05-25T19:41:50.059+0400] {processor.py:836} INFO - DAG(s) dict_keys(['example_complex']) retrieved from /home/chinnu/.local/lib/python3.10/site-packages/airflow/example_dags/example_complex.py
[2023-05-25T19:41:50.124+0400] {logging_mixin.py:149} INFO - [2023-05-25T19:41:50.123+0400] {dag.py:2726} INFO - Sync 1 DAGs
[2023-05-25T19:41:50.159+0400] {logging_mixin.py:149} INFO - [2023-05-25T19:41:50.159+0400] {dag.py:3486} INFO - Setting next_dagrun for example_complex to None, run_after=None
[2023-05-25T19:41:50.204+0400] {processor.py:179} INFO - Processing /home/chinnu/.local/lib/python3.10/site-packages/airflow/example_dags/example_complex.py took 0.184 seconds
[2023-05-25T19:42:51.048+0400] {processor.py:157} INFO - Started process (PID=618) to work on /home/chinnu/.local/lib/python3.10/site-packages/airflow/example_dags/example_complex.py
[2023-05-25T19:42:51.055+0400] {processor.py:826} INFO - Processing file /home/chinnu/.local/lib/python3.10/site-packages/airflow/example_dags/example_complex.py for tasks to queue
[2023-05-25T19:42:51.058+0400] {logging_mixin.py:149} INFO - [2023-05-25T19:42:51.057+0400] {dagbag.py:541} INFO - Filling up the DagBag from /home/chinnu/.local/lib/python3.10/site-packages/airflow/example_dags/example_complex.py
[2023-05-25T19:42:51.105+0400] {logging_mixin.py:149} INFO - [2023-05-25T19:42:51.105+0400] {taskmixin.py:211} WARNING - Dependency <Task(BashOperator): create_entry_group>, delete_entry_group already registered for DAG: example_complex
[2023-05-25T19:42:51.106+0400] {logging_mixin.py:149} INFO - [2023-05-25T19:42:51.106+0400] {taskmixin.py:211} WARNING - Dependency <Task(BashOperator): delete_entry_group>, create_entry_group already registered for DAG: example_complex
[2023-05-25T19:42:51.109+0400] {logging_mixin.py:149} INFO - [2023-05-25T19:42:51.109+0400] {taskmixin.py:211} WARNING - Dependency <Task(BashOperator): create_entry_gcs>, delete_entry already registered for DAG: example_complex
[2023-05-25T19:42:51.110+0400] {logging_mixin.py:149} INFO - [2023-05-25T19:42:51.109+0400] {taskmixin.py:211} WARNING - Dependency <Task(BashOperator): delete_entry>, create_entry_gcs already registered for DAG: example_complex
[2023-05-25T19:42:51.111+0400] {logging_mixin.py:149} INFO - [2023-05-25T19:42:51.111+0400] {taskmixin.py:211} WARNING - Dependency <Task(BashOperator): create_tag>, delete_tag already registered for DAG: example_complex
[2023-05-25T19:42:51.112+0400] {logging_mixin.py:149} INFO - [2023-05-25T19:42:51.111+0400] {taskmixin.py:211} WARNING - Dependency <Task(BashOperator): delete_tag>, create_tag already registered for DAG: example_complex
[2023-05-25T19:42:51.119+0400] {processor.py:836} INFO - DAG(s) dict_keys(['example_complex']) retrieved from /home/chinnu/.local/lib/python3.10/site-packages/airflow/example_dags/example_complex.py
[2023-05-25T19:42:51.285+0400] {logging_mixin.py:149} INFO - [2023-05-25T19:42:51.285+0400] {dag.py:2726} INFO - Sync 1 DAGs
[2023-05-25T19:42:51.363+0400] {logging_mixin.py:149} INFO - [2023-05-25T19:42:51.362+0400] {dag.py:3486} INFO - Setting next_dagrun for example_complex to None, run_after=None
[2023-05-25T19:42:51.447+0400] {processor.py:179} INFO - Processing /home/chinnu/.local/lib/python3.10/site-packages/airflow/example_dags/example_complex.py took 0.415 seconds
