[2023-05-25T19:36:55.829+0400] {processor.py:157} INFO - Started process (PID=310) to work on /home/chinnu/.local/lib/python3.10/site-packages/airflow/example_dags/example_python_operator.py
[2023-05-25T19:36:55.831+0400] {processor.py:826} INFO - Processing file /home/chinnu/.local/lib/python3.10/site-packages/airflow/example_dags/example_python_operator.py for tasks to queue
[2023-05-25T19:36:55.832+0400] {logging_mixin.py:149} INFO - [2023-05-25T19:36:55.832+0400] {dagbag.py:541} INFO - Filling up the DagBag from /home/chinnu/.local/lib/python3.10/site-packages/airflow/example_dags/example_python_operator.py
[2023-05-25T19:36:55.845+0400] {logging_mixin.py:149} INFO - [2023-05-25T19:36:55.845+0400] {taskmixin.py:211} WARNING - Dependency <Task(_PythonDecoratedOperator): print_the_context>, log_sql_query already registered for DAG: example_python_operator
[2023-05-25T19:36:55.846+0400] {logging_mixin.py:149} INFO - [2023-05-25T19:36:55.846+0400] {taskmixin.py:211} WARNING - Dependency <Task(_PythonDecoratedOperator): log_sql_query>, print_the_context already registered for DAG: example_python_operator
[2023-05-25T19:36:55.847+0400] {logging_mixin.py:149} INFO - [2023-05-25T19:36:55.846+0400] {taskmixin.py:211} WARNING - Dependency <Task(_PythonDecoratedOperator): print_the_context>, log_sql_query already registered for DAG: example_python_operator
[2023-05-25T19:36:55.847+0400] {logging_mixin.py:149} INFO - [2023-05-25T19:36:55.847+0400] {taskmixin.py:211} WARNING - Dependency <Task(_PythonDecoratedOperator): log_sql_query>, print_the_context already registered for DAG: example_python_operator
[2023-05-25T19:36:55.848+0400] {logging_mixin.py:149} INFO - [2023-05-25T19:36:55.848+0400] {taskmixin.py:211} WARNING - Dependency <Task(_PythonDecoratedOperator): print_the_context>, log_sql_query already registered for DAG: example_python_operator
[2023-05-25T19:36:55.848+0400] {logging_mixin.py:149} INFO - [2023-05-25T19:36:55.848+0400] {taskmixin.py:211} WARNING - Dependency <Task(_PythonDecoratedOperator): log_sql_query>, print_the_context already registered for DAG: example_python_operator
[2023-05-25T19:36:55.849+0400] {logging_mixin.py:149} INFO - [2023-05-25T19:36:55.849+0400] {taskmixin.py:211} WARNING - Dependency <Task(_PythonDecoratedOperator): print_the_context>, log_sql_query already registered for DAG: example_python_operator
[2023-05-25T19:36:55.849+0400] {logging_mixin.py:149} INFO - [2023-05-25T19:36:55.849+0400] {taskmixin.py:211} WARNING - Dependency <Task(_PythonDecoratedOperator): log_sql_query>, print_the_context already registered for DAG: example_python_operator
[2023-05-25T19:36:55.853+0400] {logging_mixin.py:149} INFO - [2023-05-25T19:36:55.853+0400] {example_python_operator.py:90} WARNING - The virtalenv_python example task requires virtualenv, please install it.
[2023-05-25T19:36:55.854+0400] {processor.py:836} INFO - DAG(s) dict_keys(['example_python_operator']) retrieved from /home/chinnu/.local/lib/python3.10/site-packages/airflow/example_dags/example_python_operator.py
[2023-05-25T19:36:55.915+0400] {logging_mixin.py:149} INFO - [2023-05-25T19:36:55.915+0400] {dag.py:2726} INFO - Sync 1 DAGs
[2023-05-25T19:36:55.956+0400] {logging_mixin.py:149} INFO - [2023-05-25T19:36:55.956+0400] {dag.py:3486} INFO - Setting next_dagrun for example_python_operator to None, run_after=None
[2023-05-25T19:36:56.010+0400] {processor.py:179} INFO - Processing /home/chinnu/.local/lib/python3.10/site-packages/airflow/example_dags/example_python_operator.py took 0.188 seconds
[2023-05-25T19:38:12.011+0400] {processor.py:157} INFO - Started process (PID=392) to work on /home/chinnu/.local/lib/python3.10/site-packages/airflow/example_dags/example_python_operator.py
[2023-05-25T19:38:12.016+0400] {processor.py:826} INFO - Processing file /home/chinnu/.local/lib/python3.10/site-packages/airflow/example_dags/example_python_operator.py for tasks to queue
[2023-05-25T19:38:12.018+0400] {logging_mixin.py:149} INFO - [2023-05-25T19:38:12.018+0400] {dagbag.py:541} INFO - Filling up the DagBag from /home/chinnu/.local/lib/python3.10/site-packages/airflow/example_dags/example_python_operator.py
[2023-05-25T19:38:12.045+0400] {logging_mixin.py:149} INFO - [2023-05-25T19:38:12.044+0400] {taskmixin.py:211} WARNING - Dependency <Task(_PythonDecoratedOperator): print_the_context>, log_sql_query already registered for DAG: example_python_operator
[2023-05-25T19:38:12.045+0400] {logging_mixin.py:149} INFO - [2023-05-25T19:38:12.045+0400] {taskmixin.py:211} WARNING - Dependency <Task(_PythonDecoratedOperator): log_sql_query>, print_the_context already registered for DAG: example_python_operator
[2023-05-25T19:38:12.047+0400] {logging_mixin.py:149} INFO - [2023-05-25T19:38:12.047+0400] {taskmixin.py:211} WARNING - Dependency <Task(_PythonDecoratedOperator): print_the_context>, log_sql_query already registered for DAG: example_python_operator
[2023-05-25T19:38:12.047+0400] {logging_mixin.py:149} INFO - [2023-05-25T19:38:12.047+0400] {taskmixin.py:211} WARNING - Dependency <Task(_PythonDecoratedOperator): log_sql_query>, print_the_context already registered for DAG: example_python_operator
[2023-05-25T19:38:12.049+0400] {logging_mixin.py:149} INFO - [2023-05-25T19:38:12.049+0400] {taskmixin.py:211} WARNING - Dependency <Task(_PythonDecoratedOperator): print_the_context>, log_sql_query already registered for DAG: example_python_operator
[2023-05-25T19:38:12.049+0400] {logging_mixin.py:149} INFO - [2023-05-25T19:38:12.049+0400] {taskmixin.py:211} WARNING - Dependency <Task(_PythonDecoratedOperator): log_sql_query>, print_the_context already registered for DAG: example_python_operator
[2023-05-25T19:38:12.051+0400] {logging_mixin.py:149} INFO - [2023-05-25T19:38:12.050+0400] {taskmixin.py:211} WARNING - Dependency <Task(_PythonDecoratedOperator): print_the_context>, log_sql_query already registered for DAG: example_python_operator
[2023-05-25T19:38:12.051+0400] {logging_mixin.py:149} INFO - [2023-05-25T19:38:12.051+0400] {taskmixin.py:211} WARNING - Dependency <Task(_PythonDecoratedOperator): log_sql_query>, print_the_context already registered for DAG: example_python_operator
[2023-05-25T19:38:12.059+0400] {logging_mixin.py:149} INFO - [2023-05-25T19:38:12.059+0400] {example_python_operator.py:90} WARNING - The virtalenv_python example task requires virtualenv, please install it.
[2023-05-25T19:38:12.060+0400] {processor.py:836} INFO - DAG(s) dict_keys(['example_python_operator']) retrieved from /home/chinnu/.local/lib/python3.10/site-packages/airflow/example_dags/example_python_operator.py
[2023-05-25T19:38:12.141+0400] {logging_mixin.py:149} INFO - [2023-05-25T19:38:12.141+0400] {dag.py:2726} INFO - Sync 1 DAGs
[2023-05-25T19:38:12.397+0400] {logging_mixin.py:149} INFO - [2023-05-25T19:38:12.397+0400] {dag.py:3486} INFO - Setting next_dagrun for example_python_operator to None, run_after=None
[2023-05-25T19:38:12.441+0400] {processor.py:179} INFO - Processing /home/chinnu/.local/lib/python3.10/site-packages/airflow/example_dags/example_python_operator.py took 0.444 seconds
[2023-05-25T19:39:23.032+0400] {processor.py:157} INFO - Started process (PID=443) to work on /home/chinnu/.local/lib/python3.10/site-packages/airflow/example_dags/example_python_operator.py
[2023-05-25T19:39:23.035+0400] {processor.py:826} INFO - Processing file /home/chinnu/.local/lib/python3.10/site-packages/airflow/example_dags/example_python_operator.py for tasks to queue
[2023-05-25T19:39:23.037+0400] {logging_mixin.py:149} INFO - [2023-05-25T19:39:23.036+0400] {dagbag.py:541} INFO - Filling up the DagBag from /home/chinnu/.local/lib/python3.10/site-packages/airflow/example_dags/example_python_operator.py
[2023-05-25T19:39:23.057+0400] {logging_mixin.py:149} INFO - [2023-05-25T19:39:23.057+0400] {taskmixin.py:211} WARNING - Dependency <Task(_PythonDecoratedOperator): print_the_context>, log_sql_query already registered for DAG: example_python_operator
[2023-05-25T19:39:23.058+0400] {logging_mixin.py:149} INFO - [2023-05-25T19:39:23.057+0400] {taskmixin.py:211} WARNING - Dependency <Task(_PythonDecoratedOperator): log_sql_query>, print_the_context already registered for DAG: example_python_operator
[2023-05-25T19:39:23.058+0400] {logging_mixin.py:149} INFO - [2023-05-25T19:39:23.058+0400] {taskmixin.py:211} WARNING - Dependency <Task(_PythonDecoratedOperator): print_the_context>, log_sql_query already registered for DAG: example_python_operator
[2023-05-25T19:39:23.059+0400] {logging_mixin.py:149} INFO - [2023-05-25T19:39:23.059+0400] {taskmixin.py:211} WARNING - Dependency <Task(_PythonDecoratedOperator): log_sql_query>, print_the_context already registered for DAG: example_python_operator
[2023-05-25T19:39:23.060+0400] {logging_mixin.py:149} INFO - [2023-05-25T19:39:23.059+0400] {taskmixin.py:211} WARNING - Dependency <Task(_PythonDecoratedOperator): print_the_context>, log_sql_query already registered for DAG: example_python_operator
[2023-05-25T19:39:23.060+0400] {logging_mixin.py:149} INFO - [2023-05-25T19:39:23.060+0400] {taskmixin.py:211} WARNING - Dependency <Task(_PythonDecoratedOperator): log_sql_query>, print_the_context already registered for DAG: example_python_operator
[2023-05-25T19:39:23.060+0400] {logging_mixin.py:149} INFO - [2023-05-25T19:39:23.060+0400] {taskmixin.py:211} WARNING - Dependency <Task(_PythonDecoratedOperator): print_the_context>, log_sql_query already registered for DAG: example_python_operator
[2023-05-25T19:39:23.061+0400] {logging_mixin.py:149} INFO - [2023-05-25T19:39:23.061+0400] {taskmixin.py:211} WARNING - Dependency <Task(_PythonDecoratedOperator): log_sql_query>, print_the_context already registered for DAG: example_python_operator
[2023-05-25T19:39:23.064+0400] {logging_mixin.py:149} INFO - [2023-05-25T19:39:23.064+0400] {example_python_operator.py:90} WARNING - The virtalenv_python example task requires virtualenv, please install it.
[2023-05-25T19:39:23.065+0400] {processor.py:836} INFO - DAG(s) dict_keys(['example_python_operator']) retrieved from /home/chinnu/.local/lib/python3.10/site-packages/airflow/example_dags/example_python_operator.py
[2023-05-25T19:39:23.105+0400] {logging_mixin.py:149} INFO - [2023-05-25T19:39:23.105+0400] {dag.py:2726} INFO - Sync 1 DAGs
[2023-05-25T19:39:23.132+0400] {logging_mixin.py:149} INFO - [2023-05-25T19:39:23.132+0400] {dag.py:3486} INFO - Setting next_dagrun for example_python_operator to None, run_after=None
[2023-05-25T19:39:23.171+0400] {processor.py:179} INFO - Processing /home/chinnu/.local/lib/python3.10/site-packages/airflow/example_dags/example_python_operator.py took 0.154 seconds
[2023-05-25T19:40:25.171+0400] {processor.py:157} INFO - Started process (PID=494) to work on /home/chinnu/.local/lib/python3.10/site-packages/airflow/example_dags/example_python_operator.py
[2023-05-25T19:40:25.173+0400] {processor.py:826} INFO - Processing file /home/chinnu/.local/lib/python3.10/site-packages/airflow/example_dags/example_python_operator.py for tasks to queue
[2023-05-25T19:40:25.175+0400] {logging_mixin.py:149} INFO - [2023-05-25T19:40:25.175+0400] {dagbag.py:541} INFO - Filling up the DagBag from /home/chinnu/.local/lib/python3.10/site-packages/airflow/example_dags/example_python_operator.py
[2023-05-25T19:40:25.196+0400] {logging_mixin.py:149} INFO - [2023-05-25T19:40:25.195+0400] {taskmixin.py:211} WARNING - Dependency <Task(_PythonDecoratedOperator): print_the_context>, log_sql_query already registered for DAG: example_python_operator
[2023-05-25T19:40:25.196+0400] {logging_mixin.py:149} INFO - [2023-05-25T19:40:25.196+0400] {taskmixin.py:211} WARNING - Dependency <Task(_PythonDecoratedOperator): log_sql_query>, print_the_context already registered for DAG: example_python_operator
[2023-05-25T19:40:25.197+0400] {logging_mixin.py:149} INFO - [2023-05-25T19:40:25.197+0400] {taskmixin.py:211} WARNING - Dependency <Task(_PythonDecoratedOperator): print_the_context>, log_sql_query already registered for DAG: example_python_operator
[2023-05-25T19:40:25.197+0400] {logging_mixin.py:149} INFO - [2023-05-25T19:40:25.197+0400] {taskmixin.py:211} WARNING - Dependency <Task(_PythonDecoratedOperator): log_sql_query>, print_the_context already registered for DAG: example_python_operator
[2023-05-25T19:40:25.198+0400] {logging_mixin.py:149} INFO - [2023-05-25T19:40:25.198+0400] {taskmixin.py:211} WARNING - Dependency <Task(_PythonDecoratedOperator): print_the_context>, log_sql_query already registered for DAG: example_python_operator
[2023-05-25T19:40:25.199+0400] {logging_mixin.py:149} INFO - [2023-05-25T19:40:25.199+0400] {taskmixin.py:211} WARNING - Dependency <Task(_PythonDecoratedOperator): log_sql_query>, print_the_context already registered for DAG: example_python_operator
[2023-05-25T19:40:25.200+0400] {logging_mixin.py:149} INFO - [2023-05-25T19:40:25.200+0400] {taskmixin.py:211} WARNING - Dependency <Task(_PythonDecoratedOperator): print_the_context>, log_sql_query already registered for DAG: example_python_operator
[2023-05-25T19:40:25.200+0400] {logging_mixin.py:149} INFO - [2023-05-25T19:40:25.200+0400] {taskmixin.py:211} WARNING - Dependency <Task(_PythonDecoratedOperator): log_sql_query>, print_the_context already registered for DAG: example_python_operator
[2023-05-25T19:40:25.205+0400] {logging_mixin.py:149} INFO - [2023-05-25T19:40:25.205+0400] {example_python_operator.py:90} WARNING - The virtalenv_python example task requires virtualenv, please install it.
[2023-05-25T19:40:25.206+0400] {processor.py:836} INFO - DAG(s) dict_keys(['example_python_operator']) retrieved from /home/chinnu/.local/lib/python3.10/site-packages/airflow/example_dags/example_python_operator.py
[2023-05-25T19:40:25.266+0400] {logging_mixin.py:149} INFO - [2023-05-25T19:40:25.266+0400] {dag.py:2726} INFO - Sync 1 DAGs
[2023-05-25T19:40:25.307+0400] {logging_mixin.py:149} INFO - [2023-05-25T19:40:25.306+0400] {dag.py:3486} INFO - Setting next_dagrun for example_python_operator to None, run_after=None
[2023-05-25T19:40:25.362+0400] {processor.py:179} INFO - Processing /home/chinnu/.local/lib/python3.10/site-packages/airflow/example_dags/example_python_operator.py took 0.201 seconds
[2023-05-25T19:41:26.173+0400] {processor.py:157} INFO - Started process (PID=545) to work on /home/chinnu/.local/lib/python3.10/site-packages/airflow/example_dags/example_python_operator.py
[2023-05-25T19:41:26.178+0400] {processor.py:826} INFO - Processing file /home/chinnu/.local/lib/python3.10/site-packages/airflow/example_dags/example_python_operator.py for tasks to queue
[2023-05-25T19:41:26.181+0400] {logging_mixin.py:149} INFO - [2023-05-25T19:41:26.180+0400] {dagbag.py:541} INFO - Filling up the DagBag from /home/chinnu/.local/lib/python3.10/site-packages/airflow/example_dags/example_python_operator.py
[2023-05-25T19:41:26.203+0400] {logging_mixin.py:149} INFO - [2023-05-25T19:41:26.202+0400] {taskmixin.py:211} WARNING - Dependency <Task(_PythonDecoratedOperator): print_the_context>, log_sql_query already registered for DAG: example_python_operator
[2023-05-25T19:41:26.203+0400] {logging_mixin.py:149} INFO - [2023-05-25T19:41:26.203+0400] {taskmixin.py:211} WARNING - Dependency <Task(_PythonDecoratedOperator): log_sql_query>, print_the_context already registered for DAG: example_python_operator
[2023-05-25T19:41:26.204+0400] {logging_mixin.py:149} INFO - [2023-05-25T19:41:26.204+0400] {taskmixin.py:211} WARNING - Dependency <Task(_PythonDecoratedOperator): print_the_context>, log_sql_query already registered for DAG: example_python_operator
[2023-05-25T19:41:26.204+0400] {logging_mixin.py:149} INFO - [2023-05-25T19:41:26.204+0400] {taskmixin.py:211} WARNING - Dependency <Task(_PythonDecoratedOperator): log_sql_query>, print_the_context already registered for DAG: example_python_operator
[2023-05-25T19:41:26.206+0400] {logging_mixin.py:149} INFO - [2023-05-25T19:41:26.205+0400] {taskmixin.py:211} WARNING - Dependency <Task(_PythonDecoratedOperator): print_the_context>, log_sql_query already registered for DAG: example_python_operator
[2023-05-25T19:41:26.206+0400] {logging_mixin.py:149} INFO - [2023-05-25T19:41:26.206+0400] {taskmixin.py:211} WARNING - Dependency <Task(_PythonDecoratedOperator): log_sql_query>, print_the_context already registered for DAG: example_python_operator
[2023-05-25T19:41:26.208+0400] {logging_mixin.py:149} INFO - [2023-05-25T19:41:26.207+0400] {taskmixin.py:211} WARNING - Dependency <Task(_PythonDecoratedOperator): print_the_context>, log_sql_query already registered for DAG: example_python_operator
[2023-05-25T19:41:26.209+0400] {logging_mixin.py:149} INFO - [2023-05-25T19:41:26.209+0400] {taskmixin.py:211} WARNING - Dependency <Task(_PythonDecoratedOperator): log_sql_query>, print_the_context already registered for DAG: example_python_operator
[2023-05-25T19:41:26.217+0400] {logging_mixin.py:149} INFO - [2023-05-25T19:41:26.217+0400] {example_python_operator.py:90} WARNING - The virtalenv_python example task requires virtualenv, please install it.
[2023-05-25T19:41:26.219+0400] {processor.py:836} INFO - DAG(s) dict_keys(['example_python_operator']) retrieved from /home/chinnu/.local/lib/python3.10/site-packages/airflow/example_dags/example_python_operator.py
[2023-05-25T19:41:26.282+0400] {logging_mixin.py:149} INFO - [2023-05-25T19:41:26.281+0400] {dag.py:2726} INFO - Sync 1 DAGs
[2023-05-25T19:41:26.319+0400] {logging_mixin.py:149} INFO - [2023-05-25T19:41:26.318+0400] {dag.py:3486} INFO - Setting next_dagrun for example_python_operator to None, run_after=None
[2023-05-25T19:41:26.359+0400] {processor.py:179} INFO - Processing /home/chinnu/.local/lib/python3.10/site-packages/airflow/example_dags/example_python_operator.py took 0.195 seconds
[2023-05-25T19:42:27.390+0400] {processor.py:157} INFO - Started process (PID=595) to work on /home/chinnu/.local/lib/python3.10/site-packages/airflow/example_dags/example_python_operator.py
[2023-05-25T19:42:27.395+0400] {processor.py:826} INFO - Processing file /home/chinnu/.local/lib/python3.10/site-packages/airflow/example_dags/example_python_operator.py for tasks to queue
[2023-05-25T19:42:27.397+0400] {logging_mixin.py:149} INFO - [2023-05-25T19:42:27.397+0400] {dagbag.py:541} INFO - Filling up the DagBag from /home/chinnu/.local/lib/python3.10/site-packages/airflow/example_dags/example_python_operator.py
[2023-05-25T19:42:27.423+0400] {logging_mixin.py:149} INFO - [2023-05-25T19:42:27.422+0400] {taskmixin.py:211} WARNING - Dependency <Task(_PythonDecoratedOperator): print_the_context>, log_sql_query already registered for DAG: example_python_operator
[2023-05-25T19:42:27.423+0400] {logging_mixin.py:149} INFO - [2023-05-25T19:42:27.423+0400] {taskmixin.py:211} WARNING - Dependency <Task(_PythonDecoratedOperator): log_sql_query>, print_the_context already registered for DAG: example_python_operator
[2023-05-25T19:42:27.425+0400] {logging_mixin.py:149} INFO - [2023-05-25T19:42:27.424+0400] {taskmixin.py:211} WARNING - Dependency <Task(_PythonDecoratedOperator): print_the_context>, log_sql_query already registered for DAG: example_python_operator
[2023-05-25T19:42:27.425+0400] {logging_mixin.py:149} INFO - [2023-05-25T19:42:27.425+0400] {taskmixin.py:211} WARNING - Dependency <Task(_PythonDecoratedOperator): log_sql_query>, print_the_context already registered for DAG: example_python_operator
[2023-05-25T19:42:27.426+0400] {logging_mixin.py:149} INFO - [2023-05-25T19:42:27.426+0400] {taskmixin.py:211} WARNING - Dependency <Task(_PythonDecoratedOperator): print_the_context>, log_sql_query already registered for DAG: example_python_operator
[2023-05-25T19:42:27.426+0400] {logging_mixin.py:149} INFO - [2023-05-25T19:42:27.426+0400] {taskmixin.py:211} WARNING - Dependency <Task(_PythonDecoratedOperator): log_sql_query>, print_the_context already registered for DAG: example_python_operator
[2023-05-25T19:42:27.427+0400] {logging_mixin.py:149} INFO - [2023-05-25T19:42:27.427+0400] {taskmixin.py:211} WARNING - Dependency <Task(_PythonDecoratedOperator): print_the_context>, log_sql_query already registered for DAG: example_python_operator
[2023-05-25T19:42:27.427+0400] {logging_mixin.py:149} INFO - [2023-05-25T19:42:27.427+0400] {taskmixin.py:211} WARNING - Dependency <Task(_PythonDecoratedOperator): log_sql_query>, print_the_context already registered for DAG: example_python_operator
[2023-05-25T19:42:27.434+0400] {logging_mixin.py:149} INFO - [2023-05-25T19:42:27.433+0400] {example_python_operator.py:90} WARNING - The virtalenv_python example task requires virtualenv, please install it.
[2023-05-25T19:42:27.435+0400] {processor.py:836} INFO - DAG(s) dict_keys(['example_python_operator']) retrieved from /home/chinnu/.local/lib/python3.10/site-packages/airflow/example_dags/example_python_operator.py
[2023-05-25T19:42:27.490+0400] {logging_mixin.py:149} INFO - [2023-05-25T19:42:27.490+0400] {dag.py:2726} INFO - Sync 1 DAGs
[2023-05-25T19:42:27.522+0400] {logging_mixin.py:149} INFO - [2023-05-25T19:42:27.522+0400] {dag.py:3486} INFO - Setting next_dagrun for example_python_operator to None, run_after=None
[2023-05-25T19:42:27.560+0400] {processor.py:179} INFO - Processing /home/chinnu/.local/lib/python3.10/site-packages/airflow/example_dags/example_python_operator.py took 0.196 seconds
