[2023-05-25T19:35:02.526+0400] {processor.py:157} INFO - Started process (PID=178) to work on /home/chinnu/.local/lib/python3.10/site-packages/airflow/example_dags/example_setup_teardown.py
[2023-05-25T19:35:02.529+0400] {processor.py:826} INFO - Processing file /home/chinnu/.local/lib/python3.10/site-packages/airflow/example_dags/example_setup_teardown.py for tasks to queue
[2023-05-25T19:35:02.531+0400] {logging_mixin.py:149} INFO - [2023-05-25T19:35:02.530+0400] {dagbag.py:541} INFO - Filling up the DagBag from /home/chinnu/.local/lib/python3.10/site-packages/airflow/example_dags/example_setup_teardown.py
[2023-05-25T19:35:02.542+0400] {processor.py:838} WARNING - No viable dags retrieved from /home/chinnu/.local/lib/python3.10/site-packages/airflow/example_dags/example_setup_teardown.py
[2023-05-25T19:35:02.572+0400] {processor.py:179} INFO - Processing /home/chinnu/.local/lib/python3.10/site-packages/airflow/example_dags/example_setup_teardown.py took 0.055 seconds
[2023-05-25T19:36:30.680+0400] {processor.py:157} INFO - Started process (PID=283) to work on /home/chinnu/.local/lib/python3.10/site-packages/airflow/example_dags/example_setup_teardown.py
[2023-05-25T19:36:30.685+0400] {processor.py:826} INFO - Processing file /home/chinnu/.local/lib/python3.10/site-packages/airflow/example_dags/example_setup_teardown.py for tasks to queue
[2023-05-25T19:36:30.688+0400] {logging_mixin.py:149} INFO - [2023-05-25T19:36:30.688+0400] {dagbag.py:541} INFO - Filling up the DagBag from /home/chinnu/.local/lib/python3.10/site-packages/airflow/example_dags/example_setup_teardown.py
[2023-05-25T19:36:30.702+0400] {processor.py:838} WARNING - No viable dags retrieved from /home/chinnu/.local/lib/python3.10/site-packages/airflow/example_dags/example_setup_teardown.py
[2023-05-25T19:36:30.776+0400] {processor.py:179} INFO - Processing /home/chinnu/.local/lib/python3.10/site-packages/airflow/example_dags/example_setup_teardown.py took 0.113 seconds
[2023-05-25T19:37:59.347+0400] {processor.py:157} INFO - Started process (PID=357) to work on /home/chinnu/.local/lib/python3.10/site-packages/airflow/example_dags/example_setup_teardown.py
[2023-05-25T19:37:59.350+0400] {processor.py:826} INFO - Processing file /home/chinnu/.local/lib/python3.10/site-packages/airflow/example_dags/example_setup_teardown.py for tasks to queue
[2023-05-25T19:37:59.351+0400] {logging_mixin.py:149} INFO - [2023-05-25T19:37:59.351+0400] {dagbag.py:541} INFO - Filling up the DagBag from /home/chinnu/.local/lib/python3.10/site-packages/airflow/example_dags/example_setup_teardown.py
[2023-05-25T19:37:59.359+0400] {processor.py:838} WARNING - No viable dags retrieved from /home/chinnu/.local/lib/python3.10/site-packages/airflow/example_dags/example_setup_teardown.py
[2023-05-25T19:37:59.393+0400] {processor.py:179} INFO - Processing /home/chinnu/.local/lib/python3.10/site-packages/airflow/example_dags/example_setup_teardown.py took 0.058 seconds
[2023-05-25T19:39:20.003+0400] {processor.py:157} INFO - Started process (PID=440) to work on /home/chinnu/.local/lib/python3.10/site-packages/airflow/example_dags/example_setup_teardown.py
[2023-05-25T19:39:20.007+0400] {processor.py:826} INFO - Processing file /home/chinnu/.local/lib/python3.10/site-packages/airflow/example_dags/example_setup_teardown.py for tasks to queue
[2023-05-25T19:39:20.009+0400] {logging_mixin.py:149} INFO - [2023-05-25T19:39:20.009+0400] {dagbag.py:541} INFO - Filling up the DagBag from /home/chinnu/.local/lib/python3.10/site-packages/airflow/example_dags/example_setup_teardown.py
[2023-05-25T19:39:20.024+0400] {processor.py:838} WARNING - No viable dags retrieved from /home/chinnu/.local/lib/python3.10/site-packages/airflow/example_dags/example_setup_teardown.py
[2023-05-25T19:39:20.076+0400] {processor.py:179} INFO - Processing /home/chinnu/.local/lib/python3.10/site-packages/airflow/example_dags/example_setup_teardown.py took 0.093 seconds
[2023-05-25T19:40:21.626+0400] {processor.py:157} INFO - Started process (PID=491) to work on /home/chinnu/.local/lib/python3.10/site-packages/airflow/example_dags/example_setup_teardown.py
[2023-05-25T19:40:21.631+0400] {processor.py:826} INFO - Processing file /home/chinnu/.local/lib/python3.10/site-packages/airflow/example_dags/example_setup_teardown.py for tasks to queue
[2023-05-25T19:40:21.635+0400] {logging_mixin.py:149} INFO - [2023-05-25T19:40:21.634+0400] {dagbag.py:541} INFO - Filling up the DagBag from /home/chinnu/.local/lib/python3.10/site-packages/airflow/example_dags/example_setup_teardown.py
[2023-05-25T19:40:21.646+0400] {processor.py:838} WARNING - No viable dags retrieved from /home/chinnu/.local/lib/python3.10/site-packages/airflow/example_dags/example_setup_teardown.py
[2023-05-25T19:40:21.681+0400] {processor.py:179} INFO - Processing /home/chinnu/.local/lib/python3.10/site-packages/airflow/example_dags/example_setup_teardown.py took 0.077 seconds
[2023-05-25T19:41:21.997+0400] {processor.py:157} INFO - Started process (PID=542) to work on /home/chinnu/.local/lib/python3.10/site-packages/airflow/example_dags/example_setup_teardown.py
[2023-05-25T19:41:22.004+0400] {processor.py:826} INFO - Processing file /home/chinnu/.local/lib/python3.10/site-packages/airflow/example_dags/example_setup_teardown.py for tasks to queue
[2023-05-25T19:41:22.009+0400] {logging_mixin.py:149} INFO - [2023-05-25T19:41:22.008+0400] {dagbag.py:541} INFO - Filling up the DagBag from /home/chinnu/.local/lib/python3.10/site-packages/airflow/example_dags/example_setup_teardown.py
[2023-05-25T19:41:22.017+0400] {processor.py:838} WARNING - No viable dags retrieved from /home/chinnu/.local/lib/python3.10/site-packages/airflow/example_dags/example_setup_teardown.py
[2023-05-25T19:41:22.061+0400] {processor.py:179} INFO - Processing /home/chinnu/.local/lib/python3.10/site-packages/airflow/example_dags/example_setup_teardown.py took 0.093 seconds
[2023-05-25T19:42:23.897+0400] {processor.py:157} INFO - Started process (PID=592) to work on /home/chinnu/.local/lib/python3.10/site-packages/airflow/example_dags/example_setup_teardown.py
[2023-05-25T19:42:23.904+0400] {processor.py:826} INFO - Processing file /home/chinnu/.local/lib/python3.10/site-packages/airflow/example_dags/example_setup_teardown.py for tasks to queue
[2023-05-25T19:42:23.908+0400] {logging_mixin.py:149} INFO - [2023-05-25T19:42:23.908+0400] {dagbag.py:541} INFO - Filling up the DagBag from /home/chinnu/.local/lib/python3.10/site-packages/airflow/example_dags/example_setup_teardown.py
[2023-05-25T19:42:23.925+0400] {processor.py:838} WARNING - No viable dags retrieved from /home/chinnu/.local/lib/python3.10/site-packages/airflow/example_dags/example_setup_teardown.py
[2023-05-25T19:42:23.983+0400] {processor.py:179} INFO - Processing /home/chinnu/.local/lib/python3.10/site-packages/airflow/example_dags/example_setup_teardown.py took 0.110 seconds
