[2023-05-25T19:34:47.877+0400] {processor.py:157} INFO - Started process (PID=167) to work on /home/chinnu/.local/lib/python3.10/site-packages/airflow/example_dags/example_sla_dag.py
[2023-05-25T19:34:47.883+0400] {processor.py:826} INFO - Processing file /home/chinnu/.local/lib/python3.10/site-packages/airflow/example_dags/example_sla_dag.py for tasks to queue
[2023-05-25T19:34:47.886+0400] {logging_mixin.py:149} INFO - [2023-05-25T19:34:47.885+0400] {dagbag.py:541} INFO - Filling up the DagBag from /home/chinnu/.local/lib/python3.10/site-packages/airflow/example_dags/example_sla_dag.py
[2023-05-25T19:34:47.997+0400] {processor.py:836} INFO - DAG(s) dict_keys(['example_sla_dag']) retrieved from /home/chinnu/.local/lib/python3.10/site-packages/airflow/example_dags/example_sla_dag.py
[2023-05-25T19:34:48.064+0400] {logging_mixin.py:149} INFO - [2023-05-25T19:34:48.064+0400] {dag.py:2726} INFO - Sync 1 DAGs
[2023-05-25T19:34:48.105+0400] {logging_mixin.py:149} INFO - [2023-05-25T19:34:48.105+0400] {dag.py:3486} INFO - Setting next_dagrun for example_sla_dag to 2023-05-25T15:32:00+00:00, run_after=2023-05-25T15:34:00+00:00
[2023-05-25T19:34:48.138+0400] {processor.py:179} INFO - Processing /home/chinnu/.local/lib/python3.10/site-packages/airflow/example_dags/example_sla_dag.py took 0.285 seconds
[2023-05-25T19:36:23.959+0400] {processor.py:157} INFO - Started process (PID=278) to work on /home/chinnu/.local/lib/python3.10/site-packages/airflow/example_dags/example_sla_dag.py
[2023-05-25T19:36:23.961+0400] {processor.py:826} INFO - Processing file /home/chinnu/.local/lib/python3.10/site-packages/airflow/example_dags/example_sla_dag.py for tasks to queue
[2023-05-25T19:36:23.962+0400] {logging_mixin.py:149} INFO - [2023-05-25T19:36:23.962+0400] {dagbag.py:541} INFO - Filling up the DagBag from /home/chinnu/.local/lib/python3.10/site-packages/airflow/example_dags/example_sla_dag.py
[2023-05-25T19:36:23.985+0400] {processor.py:836} INFO - DAG(s) dict_keys(['example_sla_dag']) retrieved from /home/chinnu/.local/lib/python3.10/site-packages/airflow/example_dags/example_sla_dag.py
[2023-05-25T19:36:24.044+0400] {logging_mixin.py:149} INFO - [2023-05-25T19:36:24.043+0400] {dag.py:2726} INFO - Sync 1 DAGs
[2023-05-25T19:36:24.092+0400] {logging_mixin.py:149} INFO - [2023-05-25T19:36:24.092+0400] {dag.py:3486} INFO - Setting next_dagrun for example_sla_dag to 2023-05-25T15:34:00+00:00, run_after=2023-05-25T15:36:00+00:00
[2023-05-25T19:36:24.139+0400] {processor.py:179} INFO - Processing /home/chinnu/.local/lib/python3.10/site-packages/airflow/example_dags/example_sla_dag.py took 0.192 seconds
[2023-05-25T19:37:50.537+0400] {processor.py:157} INFO - Started process (PID=352) to work on /home/chinnu/.local/lib/python3.10/site-packages/airflow/example_dags/example_sla_dag.py
[2023-05-25T19:37:50.540+0400] {processor.py:826} INFO - Processing file /home/chinnu/.local/lib/python3.10/site-packages/airflow/example_dags/example_sla_dag.py for tasks to queue
[2023-05-25T19:37:50.541+0400] {logging_mixin.py:149} INFO - [2023-05-25T19:37:50.541+0400] {dagbag.py:541} INFO - Filling up the DagBag from /home/chinnu/.local/lib/python3.10/site-packages/airflow/example_dags/example_sla_dag.py
[2023-05-25T19:37:50.560+0400] {processor.py:836} INFO - DAG(s) dict_keys(['example_sla_dag']) retrieved from /home/chinnu/.local/lib/python3.10/site-packages/airflow/example_dags/example_sla_dag.py
[2023-05-25T19:37:50.612+0400] {logging_mixin.py:149} INFO - [2023-05-25T19:37:50.612+0400] {dag.py:2726} INFO - Sync 1 DAGs
[2023-05-25T19:37:51.324+0400] {logging_mixin.py:149} INFO - [2023-05-25T19:37:51.323+0400] {dag.py:3486} INFO - Setting next_dagrun for example_sla_dag to 2023-05-25T15:34:00+00:00, run_after=2023-05-25T15:36:00+00:00
[2023-05-25T19:37:51.503+0400] {processor.py:179} INFO - Processing /home/chinnu/.local/lib/python3.10/site-packages/airflow/example_dags/example_sla_dag.py took 0.973 seconds
[2023-05-25T19:39:12.727+0400] {processor.py:157} INFO - Started process (PID=435) to work on /home/chinnu/.local/lib/python3.10/site-packages/airflow/example_dags/example_sla_dag.py
[2023-05-25T19:39:12.732+0400] {processor.py:826} INFO - Processing file /home/chinnu/.local/lib/python3.10/site-packages/airflow/example_dags/example_sla_dag.py for tasks to queue
[2023-05-25T19:39:12.734+0400] {logging_mixin.py:149} INFO - [2023-05-25T19:39:12.733+0400] {dagbag.py:541} INFO - Filling up the DagBag from /home/chinnu/.local/lib/python3.10/site-packages/airflow/example_dags/example_sla_dag.py
[2023-05-25T19:39:12.756+0400] {processor.py:836} INFO - DAG(s) dict_keys(['example_sla_dag']) retrieved from /home/chinnu/.local/lib/python3.10/site-packages/airflow/example_dags/example_sla_dag.py
[2023-05-25T19:39:12.795+0400] {logging_mixin.py:149} INFO - [2023-05-25T19:39:12.794+0400] {dag.py:2726} INFO - Sync 1 DAGs
[2023-05-25T19:39:12.822+0400] {logging_mixin.py:149} INFO - [2023-05-25T19:39:12.822+0400] {dag.py:3486} INFO - Setting next_dagrun for example_sla_dag to 2023-05-25T15:36:00+00:00, run_after=2023-05-25T15:38:00+00:00
[2023-05-25T19:39:12.854+0400] {processor.py:179} INFO - Processing /home/chinnu/.local/lib/python3.10/site-packages/airflow/example_dags/example_sla_dag.py took 0.151 seconds
[2023-05-25T19:40:14.650+0400] {processor.py:157} INFO - Started process (PID=486) to work on /home/chinnu/.local/lib/python3.10/site-packages/airflow/example_dags/example_sla_dag.py
[2023-05-25T19:40:14.654+0400] {processor.py:826} INFO - Processing file /home/chinnu/.local/lib/python3.10/site-packages/airflow/example_dags/example_sla_dag.py for tasks to queue
[2023-05-25T19:40:14.658+0400] {logging_mixin.py:149} INFO - [2023-05-25T19:40:14.657+0400] {dagbag.py:541} INFO - Filling up the DagBag from /home/chinnu/.local/lib/python3.10/site-packages/airflow/example_dags/example_sla_dag.py
[2023-05-25T19:40:14.698+0400] {processor.py:836} INFO - DAG(s) dict_keys(['example_sla_dag']) retrieved from /home/chinnu/.local/lib/python3.10/site-packages/airflow/example_dags/example_sla_dag.py
[2023-05-25T19:40:14.795+0400] {logging_mixin.py:149} INFO - [2023-05-25T19:40:14.795+0400] {dag.py:2726} INFO - Sync 1 DAGs
[2023-05-25T19:40:14.885+0400] {logging_mixin.py:149} INFO - [2023-05-25T19:40:14.885+0400] {dag.py:3486} INFO - Setting next_dagrun for example_sla_dag to 2023-05-25T15:38:00+00:00, run_after=2023-05-25T15:40:00+00:00
[2023-05-25T19:40:14.957+0400] {processor.py:179} INFO - Processing /home/chinnu/.local/lib/python3.10/site-packages/airflow/example_dags/example_sla_dag.py took 0.324 seconds
[2023-05-25T19:41:16.789+0400] {processor.py:157} INFO - Started process (PID=537) to work on /home/chinnu/.local/lib/python3.10/site-packages/airflow/example_dags/example_sla_dag.py
[2023-05-25T19:41:16.795+0400] {processor.py:826} INFO - Processing file /home/chinnu/.local/lib/python3.10/site-packages/airflow/example_dags/example_sla_dag.py for tasks to queue
[2023-05-25T19:41:16.798+0400] {logging_mixin.py:149} INFO - [2023-05-25T19:41:16.797+0400] {dagbag.py:541} INFO - Filling up the DagBag from /home/chinnu/.local/lib/python3.10/site-packages/airflow/example_dags/example_sla_dag.py
[2023-05-25T19:41:16.851+0400] {processor.py:836} INFO - DAG(s) dict_keys(['example_sla_dag']) retrieved from /home/chinnu/.local/lib/python3.10/site-packages/airflow/example_dags/example_sla_dag.py
[2023-05-25T19:41:16.932+0400] {logging_mixin.py:149} INFO - [2023-05-25T19:41:16.932+0400] {dag.py:2726} INFO - Sync 1 DAGs
[2023-05-25T19:41:16.974+0400] {logging_mixin.py:149} INFO - [2023-05-25T19:41:16.973+0400] {dag.py:3486} INFO - Setting next_dagrun for example_sla_dag to 2023-05-25T15:38:00+00:00, run_after=2023-05-25T15:40:00+00:00
[2023-05-25T19:41:17.023+0400] {processor.py:179} INFO - Processing /home/chinnu/.local/lib/python3.10/site-packages/airflow/example_dags/example_sla_dag.py took 0.254 seconds
[2023-05-25T19:42:17.540+0400] {processor.py:157} INFO - Started process (PID=587) to work on /home/chinnu/.local/lib/python3.10/site-packages/airflow/example_dags/example_sla_dag.py
[2023-05-25T19:42:17.547+0400] {processor.py:826} INFO - Processing file /home/chinnu/.local/lib/python3.10/site-packages/airflow/example_dags/example_sla_dag.py for tasks to queue
[2023-05-25T19:42:17.552+0400] {logging_mixin.py:149} INFO - [2023-05-25T19:42:17.551+0400] {dagbag.py:541} INFO - Filling up the DagBag from /home/chinnu/.local/lib/python3.10/site-packages/airflow/example_dags/example_sla_dag.py
[2023-05-25T19:42:17.602+0400] {processor.py:836} INFO - DAG(s) dict_keys(['example_sla_dag']) retrieved from /home/chinnu/.local/lib/python3.10/site-packages/airflow/example_dags/example_sla_dag.py
[2023-05-25T19:42:17.685+0400] {logging_mixin.py:149} INFO - [2023-05-25T19:42:17.685+0400] {dag.py:2726} INFO - Sync 1 DAGs
[2023-05-25T19:42:17.729+0400] {logging_mixin.py:149} INFO - [2023-05-25T19:42:17.728+0400] {dag.py:3486} INFO - Setting next_dagrun for example_sla_dag to 2023-05-25T15:40:00+00:00, run_after=2023-05-25T15:42:00+00:00
[2023-05-25T19:42:17.776+0400] {processor.py:179} INFO - Processing /home/chinnu/.local/lib/python3.10/site-packages/airflow/example_dags/example_sla_dag.py took 0.263 seconds
