[2023-05-25T19:37:18.999+0400] {processor.py:157} INFO - Started process (PID=326) to work on /home/chinnu/.local/lib/python3.10/site-packages/airflow/example_dags/example_branch_operator.py
[2023-05-25T19:37:19.004+0400] {processor.py:826} INFO - Processing file /home/chinnu/.local/lib/python3.10/site-packages/airflow/example_dags/example_branch_operator.py for tasks to queue
[2023-05-25T19:37:19.007+0400] {logging_mixin.py:149} INFO - [2023-05-25T19:37:19.007+0400] {dagbag.py:541} INFO - Filling up the DagBag from /home/chinnu/.local/lib/python3.10/site-packages/airflow/example_dags/example_branch_operator.py
[2023-05-25T19:37:19.038+0400] {processor.py:836} INFO - DAG(s) dict_keys(['example_branch_operator']) retrieved from /home/chinnu/.local/lib/python3.10/site-packages/airflow/example_dags/example_branch_operator.py
[2023-05-25T19:37:19.082+0400] {logging_mixin.py:149} INFO - [2023-05-25T19:37:19.082+0400] {dag.py:2726} INFO - Sync 1 DAGs
[2023-05-25T19:37:19.109+0400] {logging_mixin.py:149} INFO - [2023-05-25T19:37:19.109+0400] {dag.py:3486} INFO - Setting next_dagrun for example_branch_operator to 2023-05-24T00:00:00+00:00, run_after=2023-05-25T00:00:00+00:00
[2023-05-25T19:37:19.305+0400] {processor.py:179} INFO - Processing /home/chinnu/.local/lib/python3.10/site-packages/airflow/example_dags/example_branch_operator.py took 0.323 seconds
[2023-05-25T19:38:37.381+0400] {processor.py:157} INFO - Started process (PID=409) to work on /home/chinnu/.local/lib/python3.10/site-packages/airflow/example_dags/example_branch_operator.py
[2023-05-25T19:38:37.386+0400] {processor.py:826} INFO - Processing file /home/chinnu/.local/lib/python3.10/site-packages/airflow/example_dags/example_branch_operator.py for tasks to queue
[2023-05-25T19:38:37.388+0400] {logging_mixin.py:149} INFO - [2023-05-25T19:38:37.388+0400] {dagbag.py:541} INFO - Filling up the DagBag from /home/chinnu/.local/lib/python3.10/site-packages/airflow/example_dags/example_branch_operator.py
[2023-05-25T19:38:37.414+0400] {processor.py:836} INFO - DAG(s) dict_keys(['example_branch_operator']) retrieved from /home/chinnu/.local/lib/python3.10/site-packages/airflow/example_dags/example_branch_operator.py
[2023-05-25T19:38:37.650+0400] {logging_mixin.py:149} INFO - [2023-05-25T19:38:37.650+0400] {dag.py:2726} INFO - Sync 1 DAGs
[2023-05-25T19:38:37.677+0400] {logging_mixin.py:149} INFO - [2023-05-25T19:38:37.676+0400] {dag.py:3486} INFO - Setting next_dagrun for example_branch_operator to 2023-05-24T00:00:00+00:00, run_after=2023-05-25T00:00:00+00:00
[2023-05-25T19:38:37.712+0400] {processor.py:179} INFO - Processing /home/chinnu/.local/lib/python3.10/site-packages/airflow/example_dags/example_branch_operator.py took 0.344 seconds
[2023-05-25T19:39:53.396+0400] {processor.py:157} INFO - Started process (PID=469) to work on /home/chinnu/.local/lib/python3.10/site-packages/airflow/example_dags/example_branch_operator.py
[2023-05-25T19:39:53.398+0400] {processor.py:826} INFO - Processing file /home/chinnu/.local/lib/python3.10/site-packages/airflow/example_dags/example_branch_operator.py for tasks to queue
[2023-05-25T19:39:53.399+0400] {logging_mixin.py:149} INFO - [2023-05-25T19:39:53.399+0400] {dagbag.py:541} INFO - Filling up the DagBag from /home/chinnu/.local/lib/python3.10/site-packages/airflow/example_dags/example_branch_operator.py
[2023-05-25T19:39:53.417+0400] {processor.py:836} INFO - DAG(s) dict_keys(['example_branch_operator']) retrieved from /home/chinnu/.local/lib/python3.10/site-packages/airflow/example_dags/example_branch_operator.py
[2023-05-25T19:39:53.463+0400] {logging_mixin.py:149} INFO - [2023-05-25T19:39:53.463+0400] {dag.py:2726} INFO - Sync 1 DAGs
[2023-05-25T19:39:53.495+0400] {logging_mixin.py:149} INFO - [2023-05-25T19:39:53.494+0400] {dag.py:3486} INFO - Setting next_dagrun for example_branch_operator to 2023-05-24T00:00:00+00:00, run_after=2023-05-25T00:00:00+00:00
[2023-05-25T19:39:53.533+0400] {processor.py:179} INFO - Processing /home/chinnu/.local/lib/python3.10/site-packages/airflow/example_dags/example_branch_operator.py took 0.143 seconds
[2023-05-25T19:40:53.518+0400] {processor.py:157} INFO - Started process (PID=520) to work on /home/chinnu/.local/lib/python3.10/site-packages/airflow/example_dags/example_branch_operator.py
[2023-05-25T19:40:53.529+0400] {processor.py:826} INFO - Processing file /home/chinnu/.local/lib/python3.10/site-packages/airflow/example_dags/example_branch_operator.py for tasks to queue
[2023-05-25T19:40:53.538+0400] {logging_mixin.py:149} INFO - [2023-05-25T19:40:53.536+0400] {dagbag.py:541} INFO - Filling up the DagBag from /home/chinnu/.local/lib/python3.10/site-packages/airflow/example_dags/example_branch_operator.py
[2023-05-25T19:40:53.611+0400] {processor.py:836} INFO - DAG(s) dict_keys(['example_branch_operator']) retrieved from /home/chinnu/.local/lib/python3.10/site-packages/airflow/example_dags/example_branch_operator.py
[2023-05-25T19:40:53.722+0400] {logging_mixin.py:149} INFO - [2023-05-25T19:40:53.721+0400] {dag.py:2726} INFO - Sync 1 DAGs
[2023-05-25T19:40:53.800+0400] {logging_mixin.py:149} INFO - [2023-05-25T19:40:53.799+0400] {dag.py:3486} INFO - Setting next_dagrun for example_branch_operator to 2023-05-24T00:00:00+00:00, run_after=2023-05-25T00:00:00+00:00
[2023-05-25T19:40:53.997+0400] {processor.py:179} INFO - Processing /home/chinnu/.local/lib/python3.10/site-packages/airflow/example_dags/example_branch_operator.py took 0.521 seconds
[2023-05-25T19:41:54.329+0400] {processor.py:157} INFO - Started process (PID=570) to work on /home/chinnu/.local/lib/python3.10/site-packages/airflow/example_dags/example_branch_operator.py
[2023-05-25T19:41:54.335+0400] {processor.py:826} INFO - Processing file /home/chinnu/.local/lib/python3.10/site-packages/airflow/example_dags/example_branch_operator.py for tasks to queue
[2023-05-25T19:41:54.337+0400] {logging_mixin.py:149} INFO - [2023-05-25T19:41:54.337+0400] {dagbag.py:541} INFO - Filling up the DagBag from /home/chinnu/.local/lib/python3.10/site-packages/airflow/example_dags/example_branch_operator.py
[2023-05-25T19:41:54.378+0400] {processor.py:836} INFO - DAG(s) dict_keys(['example_branch_operator']) retrieved from /home/chinnu/.local/lib/python3.10/site-packages/airflow/example_dags/example_branch_operator.py
[2023-05-25T19:41:54.478+0400] {logging_mixin.py:149} INFO - [2023-05-25T19:41:54.477+0400] {dag.py:2726} INFO - Sync 1 DAGs
[2023-05-25T19:41:54.554+0400] {logging_mixin.py:149} INFO - [2023-05-25T19:41:54.554+0400] {dag.py:3486} INFO - Setting next_dagrun for example_branch_operator to 2023-05-24T00:00:00+00:00, run_after=2023-05-25T00:00:00+00:00
[2023-05-25T19:41:54.624+0400] {processor.py:179} INFO - Processing /home/chinnu/.local/lib/python3.10/site-packages/airflow/example_dags/example_branch_operator.py took 0.314 seconds
[2023-05-25T19:42:55.716+0400] {processor.py:157} INFO - Started process (PID=621) to work on /home/chinnu/.local/lib/python3.10/site-packages/airflow/example_dags/example_branch_operator.py
[2023-05-25T19:42:55.719+0400] {processor.py:826} INFO - Processing file /home/chinnu/.local/lib/python3.10/site-packages/airflow/example_dags/example_branch_operator.py for tasks to queue
[2023-05-25T19:42:55.722+0400] {logging_mixin.py:149} INFO - [2023-05-25T19:42:55.722+0400] {dagbag.py:541} INFO - Filling up the DagBag from /home/chinnu/.local/lib/python3.10/site-packages/airflow/example_dags/example_branch_operator.py
[2023-05-25T19:42:55.757+0400] {processor.py:836} INFO - DAG(s) dict_keys(['example_branch_operator']) retrieved from /home/chinnu/.local/lib/python3.10/site-packages/airflow/example_dags/example_branch_operator.py
[2023-05-25T19:42:55.845+0400] {logging_mixin.py:149} INFO - [2023-05-25T19:42:55.845+0400] {dag.py:2726} INFO - Sync 1 DAGs
[2023-05-25T19:42:55.878+0400] {logging_mixin.py:149} INFO - [2023-05-25T19:42:55.878+0400] {dag.py:3486} INFO - Setting next_dagrun for example_branch_operator to 2023-05-24T00:00:00+00:00, run_after=2023-05-25T00:00:00+00:00
[2023-05-25T19:42:55.914+0400] {processor.py:179} INFO - Processing /home/chinnu/.local/lib/python3.10/site-packages/airflow/example_dags/example_branch_operator.py took 0.212 seconds
