[2023-05-25T19:37:08.672+0400] {processor.py:157} INFO - Started process (PID=319) to work on /home/chinnu/.local/lib/python3.10/site-packages/airflow/example_dags/example_external_task_marker_dag.py
[2023-05-25T19:37:08.677+0400] {processor.py:826} INFO - Processing file /home/chinnu/.local/lib/python3.10/site-packages/airflow/example_dags/example_external_task_marker_dag.py for tasks to queue
[2023-05-25T19:37:08.679+0400] {logging_mixin.py:149} INFO - [2023-05-25T19:37:08.679+0400] {dagbag.py:541} INFO - Filling up the DagBag from /home/chinnu/.local/lib/python3.10/site-packages/airflow/example_dags/example_external_task_marker_dag.py
[2023-05-25T19:37:08.702+0400] {processor.py:836} INFO - DAG(s) dict_keys(['example_external_task_marker_parent', 'example_external_task_marker_child']) retrieved from /home/chinnu/.local/lib/python3.10/site-packages/airflow/example_dags/example_external_task_marker_dag.py
[2023-05-25T19:37:08.933+0400] {logging_mixin.py:149} INFO - [2023-05-25T19:37:08.932+0400] {dag.py:2726} INFO - Sync 2 DAGs
[2023-05-25T19:37:09.206+0400] {logging_mixin.py:149} INFO - [2023-05-25T19:37:09.206+0400] {dag.py:3486} INFO - Setting next_dagrun for example_external_task_marker_child to None, run_after=None
[2023-05-25T19:37:09.209+0400] {logging_mixin.py:149} INFO - [2023-05-25T19:37:09.209+0400] {dag.py:3486} INFO - Setting next_dagrun for example_external_task_marker_parent to None, run_after=None
[2023-05-25T19:37:09.272+0400] {processor.py:179} INFO - Processing /home/chinnu/.local/lib/python3.10/site-packages/airflow/example_dags/example_external_task_marker_dag.py took 0.612 seconds
[2023-05-25T19:38:24.179+0400] {processor.py:157} INFO - Started process (PID=402) to work on /home/chinnu/.local/lib/python3.10/site-packages/airflow/example_dags/example_external_task_marker_dag.py
[2023-05-25T19:38:24.188+0400] {processor.py:826} INFO - Processing file /home/chinnu/.local/lib/python3.10/site-packages/airflow/example_dags/example_external_task_marker_dag.py for tasks to queue
[2023-05-25T19:38:24.195+0400] {logging_mixin.py:149} INFO - [2023-05-25T19:38:24.193+0400] {dagbag.py:541} INFO - Filling up the DagBag from /home/chinnu/.local/lib/python3.10/site-packages/airflow/example_dags/example_external_task_marker_dag.py
[2023-05-25T19:38:24.234+0400] {processor.py:836} INFO - DAG(s) dict_keys(['example_external_task_marker_parent', 'example_external_task_marker_child']) retrieved from /home/chinnu/.local/lib/python3.10/site-packages/airflow/example_dags/example_external_task_marker_dag.py
[2023-05-25T19:38:24.648+0400] {logging_mixin.py:149} INFO - [2023-05-25T19:38:24.648+0400] {dag.py:2726} INFO - Sync 2 DAGs
[2023-05-25T19:38:24.707+0400] {logging_mixin.py:149} INFO - [2023-05-25T19:38:24.706+0400] {dag.py:3486} INFO - Setting next_dagrun for example_external_task_marker_child to None, run_after=None
[2023-05-25T19:38:24.717+0400] {logging_mixin.py:149} INFO - [2023-05-25T19:38:24.717+0400] {dag.py:3486} INFO - Setting next_dagrun for example_external_task_marker_parent to None, run_after=None
[2023-05-25T19:38:24.772+0400] {processor.py:179} INFO - Processing /home/chinnu/.local/lib/python3.10/site-packages/airflow/example_dags/example_external_task_marker_dag.py took 0.618 seconds
[2023-05-25T19:39:43.089+0400] {processor.py:157} INFO - Started process (PID=462) to work on /home/chinnu/.local/lib/python3.10/site-packages/airflow/example_dags/example_external_task_marker_dag.py
[2023-05-25T19:39:43.092+0400] {processor.py:826} INFO - Processing file /home/chinnu/.local/lib/python3.10/site-packages/airflow/example_dags/example_external_task_marker_dag.py for tasks to queue
[2023-05-25T19:39:43.095+0400] {logging_mixin.py:149} INFO - [2023-05-25T19:39:43.095+0400] {dagbag.py:541} INFO - Filling up the DagBag from /home/chinnu/.local/lib/python3.10/site-packages/airflow/example_dags/example_external_task_marker_dag.py
[2023-05-25T19:39:43.124+0400] {processor.py:836} INFO - DAG(s) dict_keys(['example_external_task_marker_parent', 'example_external_task_marker_child']) retrieved from /home/chinnu/.local/lib/python3.10/site-packages/airflow/example_dags/example_external_task_marker_dag.py
[2023-05-25T19:39:43.222+0400] {logging_mixin.py:149} INFO - [2023-05-25T19:39:43.219+0400] {dag.py:2726} INFO - Sync 2 DAGs
[2023-05-25T19:39:43.376+0400] {logging_mixin.py:149} INFO - [2023-05-25T19:39:43.376+0400] {dag.py:3486} INFO - Setting next_dagrun for example_external_task_marker_child to None, run_after=None
[2023-05-25T19:39:43.393+0400] {logging_mixin.py:149} INFO - [2023-05-25T19:39:43.393+0400] {dag.py:3486} INFO - Setting next_dagrun for example_external_task_marker_parent to None, run_after=None
[2023-05-25T19:39:43.525+0400] {processor.py:179} INFO - Processing /home/chinnu/.local/lib/python3.10/site-packages/airflow/example_dags/example_external_task_marker_dag.py took 0.451 seconds
[2023-05-25T19:40:44.244+0400] {processor.py:157} INFO - Started process (PID=513) to work on /home/chinnu/.local/lib/python3.10/site-packages/airflow/example_dags/example_external_task_marker_dag.py
[2023-05-25T19:40:44.250+0400] {processor.py:826} INFO - Processing file /home/chinnu/.local/lib/python3.10/site-packages/airflow/example_dags/example_external_task_marker_dag.py for tasks to queue
[2023-05-25T19:40:44.253+0400] {logging_mixin.py:149} INFO - [2023-05-25T19:40:44.252+0400] {dagbag.py:541} INFO - Filling up the DagBag from /home/chinnu/.local/lib/python3.10/site-packages/airflow/example_dags/example_external_task_marker_dag.py
[2023-05-25T19:40:44.286+0400] {processor.py:836} INFO - DAG(s) dict_keys(['example_external_task_marker_parent', 'example_external_task_marker_child']) retrieved from /home/chinnu/.local/lib/python3.10/site-packages/airflow/example_dags/example_external_task_marker_dag.py
[2023-05-25T19:40:44.378+0400] {logging_mixin.py:149} INFO - [2023-05-25T19:40:44.378+0400] {dag.py:2726} INFO - Sync 2 DAGs
[2023-05-25T19:40:44.408+0400] {logging_mixin.py:149} INFO - [2023-05-25T19:40:44.408+0400] {dag.py:3486} INFO - Setting next_dagrun for example_external_task_marker_child to None, run_after=None
[2023-05-25T19:40:44.411+0400] {logging_mixin.py:149} INFO - [2023-05-25T19:40:44.411+0400] {dag.py:3486} INFO - Setting next_dagrun for example_external_task_marker_parent to None, run_after=None
[2023-05-25T19:40:44.443+0400] {processor.py:179} INFO - Processing /home/chinnu/.local/lib/python3.10/site-packages/airflow/example_dags/example_external_task_marker_dag.py took 0.215 seconds
[2023-05-25T19:41:44.750+0400] {processor.py:157} INFO - Started process (PID=563) to work on /home/chinnu/.local/lib/python3.10/site-packages/airflow/example_dags/example_external_task_marker_dag.py
[2023-05-25T19:41:44.755+0400] {processor.py:826} INFO - Processing file /home/chinnu/.local/lib/python3.10/site-packages/airflow/example_dags/example_external_task_marker_dag.py for tasks to queue
[2023-05-25T19:41:44.756+0400] {logging_mixin.py:149} INFO - [2023-05-25T19:41:44.756+0400] {dagbag.py:541} INFO - Filling up the DagBag from /home/chinnu/.local/lib/python3.10/site-packages/airflow/example_dags/example_external_task_marker_dag.py
[2023-05-25T19:41:44.787+0400] {processor.py:836} INFO - DAG(s) dict_keys(['example_external_task_marker_parent', 'example_external_task_marker_child']) retrieved from /home/chinnu/.local/lib/python3.10/site-packages/airflow/example_dags/example_external_task_marker_dag.py
[2023-05-25T19:41:44.874+0400] {logging_mixin.py:149} INFO - [2023-05-25T19:41:44.874+0400] {dag.py:2726} INFO - Sync 2 DAGs
[2023-05-25T19:41:44.920+0400] {logging_mixin.py:149} INFO - [2023-05-25T19:41:44.920+0400] {dag.py:3486} INFO - Setting next_dagrun for example_external_task_marker_child to None, run_after=None
[2023-05-25T19:41:44.926+0400] {logging_mixin.py:149} INFO - [2023-05-25T19:41:44.925+0400] {dag.py:3486} INFO - Setting next_dagrun for example_external_task_marker_parent to None, run_after=None
[2023-05-25T19:41:44.976+0400] {processor.py:179} INFO - Processing /home/chinnu/.local/lib/python3.10/site-packages/airflow/example_dags/example_external_task_marker_dag.py took 0.245 seconds
[2023-05-25T19:42:45.661+0400] {processor.py:157} INFO - Started process (PID=614) to work on /home/chinnu/.local/lib/python3.10/site-packages/airflow/example_dags/example_external_task_marker_dag.py
[2023-05-25T19:42:45.665+0400] {processor.py:826} INFO - Processing file /home/chinnu/.local/lib/python3.10/site-packages/airflow/example_dags/example_external_task_marker_dag.py for tasks to queue
[2023-05-25T19:42:45.666+0400] {logging_mixin.py:149} INFO - [2023-05-25T19:42:45.666+0400] {dagbag.py:541} INFO - Filling up the DagBag from /home/chinnu/.local/lib/python3.10/site-packages/airflow/example_dags/example_external_task_marker_dag.py
[2023-05-25T19:42:45.682+0400] {processor.py:836} INFO - DAG(s) dict_keys(['example_external_task_marker_parent', 'example_external_task_marker_child']) retrieved from /home/chinnu/.local/lib/python3.10/site-packages/airflow/example_dags/example_external_task_marker_dag.py
[2023-05-25T19:42:45.737+0400] {logging_mixin.py:149} INFO - [2023-05-25T19:42:45.737+0400] {dag.py:2726} INFO - Sync 2 DAGs
[2023-05-25T19:42:45.772+0400] {logging_mixin.py:149} INFO - [2023-05-25T19:42:45.772+0400] {dag.py:3486} INFO - Setting next_dagrun for example_external_task_marker_child to None, run_after=None
[2023-05-25T19:42:45.776+0400] {logging_mixin.py:149} INFO - [2023-05-25T19:42:45.776+0400] {dag.py:3486} INFO - Setting next_dagrun for example_external_task_marker_parent to None, run_after=None
[2023-05-25T19:42:45.834+0400] {processor.py:179} INFO - Processing /home/chinnu/.local/lib/python3.10/site-packages/airflow/example_dags/example_external_task_marker_dag.py took 0.181 seconds
