[2023-05-25T19:37:17.238+0400] {processor.py:157} INFO - Started process (PID=325) to work on /home/chinnu/.local/lib/python3.10/site-packages/airflow/example_dags/example_branch_operator_decorator.py
[2023-05-25T19:37:17.248+0400] {processor.py:826} INFO - Processing file /home/chinnu/.local/lib/python3.10/site-packages/airflow/example_dags/example_branch_operator_decorator.py for tasks to queue
[2023-05-25T19:37:17.253+0400] {logging_mixin.py:149} INFO - [2023-05-25T19:37:17.252+0400] {dagbag.py:541} INFO - Filling up the DagBag from /home/chinnu/.local/lib/python3.10/site-packages/airflow/example_dags/example_branch_operator_decorator.py
[2023-05-25T19:37:17.374+0400] {processor.py:836} INFO - DAG(s) dict_keys(['example_branch_python_operator_decorator']) retrieved from /home/chinnu/.local/lib/python3.10/site-packages/airflow/example_dags/example_branch_operator_decorator.py
[2023-05-25T19:37:17.468+0400] {logging_mixin.py:149} INFO - [2023-05-25T19:37:17.467+0400] {dag.py:2726} INFO - Sync 1 DAGs
[2023-05-25T19:37:17.511+0400] {logging_mixin.py:149} INFO - [2023-05-25T19:37:17.510+0400] {dag.py:3486} INFO - Setting next_dagrun for example_branch_python_operator_decorator to 2023-05-24T00:00:00+00:00, run_after=2023-05-25T00:00:00+00:00
[2023-05-25T19:37:17.708+0400] {processor.py:179} INFO - Processing /home/chinnu/.local/lib/python3.10/site-packages/airflow/example_dags/example_branch_operator_decorator.py took 0.496 seconds
[2023-05-25T19:38:35.732+0400] {processor.py:157} INFO - Started process (PID=408) to work on /home/chinnu/.local/lib/python3.10/site-packages/airflow/example_dags/example_branch_operator_decorator.py
[2023-05-25T19:38:35.736+0400] {processor.py:826} INFO - Processing file /home/chinnu/.local/lib/python3.10/site-packages/airflow/example_dags/example_branch_operator_decorator.py for tasks to queue
[2023-05-25T19:38:35.738+0400] {logging_mixin.py:149} INFO - [2023-05-25T19:38:35.738+0400] {dagbag.py:541} INFO - Filling up the DagBag from /home/chinnu/.local/lib/python3.10/site-packages/airflow/example_dags/example_branch_operator_decorator.py
[2023-05-25T19:38:35.767+0400] {processor.py:836} INFO - DAG(s) dict_keys(['example_branch_python_operator_decorator']) retrieved from /home/chinnu/.local/lib/python3.10/site-packages/airflow/example_dags/example_branch_operator_decorator.py
[2023-05-25T19:38:36.070+0400] {logging_mixin.py:149} INFO - [2023-05-25T19:38:36.070+0400] {dag.py:2726} INFO - Sync 1 DAGs
[2023-05-25T19:38:36.151+0400] {logging_mixin.py:149} INFO - [2023-05-25T19:38:36.150+0400] {dag.py:3486} INFO - Setting next_dagrun for example_branch_python_operator_decorator to 2023-05-24T00:00:00+00:00, run_after=2023-05-25T00:00:00+00:00
[2023-05-25T19:38:36.194+0400] {processor.py:179} INFO - Processing /home/chinnu/.local/lib/python3.10/site-packages/airflow/example_dags/example_branch_operator_decorator.py took 0.477 seconds
[2023-05-25T19:39:52.051+0400] {processor.py:157} INFO - Started process (PID=468) to work on /home/chinnu/.local/lib/python3.10/site-packages/airflow/example_dags/example_branch_operator_decorator.py
[2023-05-25T19:39:52.054+0400] {processor.py:826} INFO - Processing file /home/chinnu/.local/lib/python3.10/site-packages/airflow/example_dags/example_branch_operator_decorator.py for tasks to queue
[2023-05-25T19:39:52.055+0400] {logging_mixin.py:149} INFO - [2023-05-25T19:39:52.055+0400] {dagbag.py:541} INFO - Filling up the DagBag from /home/chinnu/.local/lib/python3.10/site-packages/airflow/example_dags/example_branch_operator_decorator.py
[2023-05-25T19:39:52.074+0400] {processor.py:836} INFO - DAG(s) dict_keys(['example_branch_python_operator_decorator']) retrieved from /home/chinnu/.local/lib/python3.10/site-packages/airflow/example_dags/example_branch_operator_decorator.py
[2023-05-25T19:39:52.114+0400] {logging_mixin.py:149} INFO - [2023-05-25T19:39:52.114+0400] {dag.py:2726} INFO - Sync 1 DAGs
[2023-05-25T19:39:52.140+0400] {logging_mixin.py:149} INFO - [2023-05-25T19:39:52.140+0400] {dag.py:3486} INFO - Setting next_dagrun for example_branch_python_operator_decorator to 2023-05-24T00:00:00+00:00, run_after=2023-05-25T00:00:00+00:00
[2023-05-25T19:39:52.175+0400] {processor.py:179} INFO - Processing /home/chinnu/.local/lib/python3.10/site-packages/airflow/example_dags/example_branch_operator_decorator.py took 0.132 seconds
[2023-05-25T19:40:52.082+0400] {processor.py:157} INFO - Started process (PID=519) to work on /home/chinnu/.local/lib/python3.10/site-packages/airflow/example_dags/example_branch_operator_decorator.py
[2023-05-25T19:40:52.083+0400] {processor.py:826} INFO - Processing file /home/chinnu/.local/lib/python3.10/site-packages/airflow/example_dags/example_branch_operator_decorator.py for tasks to queue
[2023-05-25T19:40:52.085+0400] {logging_mixin.py:149} INFO - [2023-05-25T19:40:52.084+0400] {dagbag.py:541} INFO - Filling up the DagBag from /home/chinnu/.local/lib/python3.10/site-packages/airflow/example_dags/example_branch_operator_decorator.py
[2023-05-25T19:40:52.114+0400] {processor.py:836} INFO - DAG(s) dict_keys(['example_branch_python_operator_decorator']) retrieved from /home/chinnu/.local/lib/python3.10/site-packages/airflow/example_dags/example_branch_operator_decorator.py
[2023-05-25T19:40:52.164+0400] {logging_mixin.py:149} INFO - [2023-05-25T19:40:52.164+0400] {dag.py:2726} INFO - Sync 1 DAGs
[2023-05-25T19:40:52.199+0400] {logging_mixin.py:149} INFO - [2023-05-25T19:40:52.199+0400] {dag.py:3486} INFO - Setting next_dagrun for example_branch_python_operator_decorator to 2023-05-24T00:00:00+00:00, run_after=2023-05-25T00:00:00+00:00
[2023-05-25T19:40:52.231+0400] {processor.py:179} INFO - Processing /home/chinnu/.local/lib/python3.10/site-packages/airflow/example_dags/example_branch_operator_decorator.py took 0.157 seconds
[2023-05-25T19:41:52.871+0400] {processor.py:157} INFO - Started process (PID=569) to work on /home/chinnu/.local/lib/python3.10/site-packages/airflow/example_dags/example_branch_operator_decorator.py
[2023-05-25T19:41:52.875+0400] {processor.py:826} INFO - Processing file /home/chinnu/.local/lib/python3.10/site-packages/airflow/example_dags/example_branch_operator_decorator.py for tasks to queue
[2023-05-25T19:41:52.878+0400] {logging_mixin.py:149} INFO - [2023-05-25T19:41:52.878+0400] {dagbag.py:541} INFO - Filling up the DagBag from /home/chinnu/.local/lib/python3.10/site-packages/airflow/example_dags/example_branch_operator_decorator.py
[2023-05-25T19:41:52.924+0400] {processor.py:836} INFO - DAG(s) dict_keys(['example_branch_python_operator_decorator']) retrieved from /home/chinnu/.local/lib/python3.10/site-packages/airflow/example_dags/example_branch_operator_decorator.py
[2023-05-25T19:41:52.994+0400] {logging_mixin.py:149} INFO - [2023-05-25T19:41:52.994+0400] {dag.py:2726} INFO - Sync 1 DAGs
[2023-05-25T19:41:53.037+0400] {logging_mixin.py:149} INFO - [2023-05-25T19:41:53.036+0400] {dag.py:3486} INFO - Setting next_dagrun for example_branch_python_operator_decorator to 2023-05-24T00:00:00+00:00, run_after=2023-05-25T00:00:00+00:00
[2023-05-25T19:41:53.084+0400] {processor.py:179} INFO - Processing /home/chinnu/.local/lib/python3.10/site-packages/airflow/example_dags/example_branch_operator_decorator.py took 0.229 seconds
[2023-05-25T19:42:54.282+0400] {processor.py:157} INFO - Started process (PID=620) to work on /home/chinnu/.local/lib/python3.10/site-packages/airflow/example_dags/example_branch_operator_decorator.py
[2023-05-25T19:42:54.286+0400] {processor.py:826} INFO - Processing file /home/chinnu/.local/lib/python3.10/site-packages/airflow/example_dags/example_branch_operator_decorator.py for tasks to queue
[2023-05-25T19:42:54.287+0400] {logging_mixin.py:149} INFO - [2023-05-25T19:42:54.287+0400] {dagbag.py:541} INFO - Filling up the DagBag from /home/chinnu/.local/lib/python3.10/site-packages/airflow/example_dags/example_branch_operator_decorator.py
[2023-05-25T19:42:54.313+0400] {processor.py:836} INFO - DAG(s) dict_keys(['example_branch_python_operator_decorator']) retrieved from /home/chinnu/.local/lib/python3.10/site-packages/airflow/example_dags/example_branch_operator_decorator.py
[2023-05-25T19:42:54.369+0400] {logging_mixin.py:149} INFO - [2023-05-25T19:42:54.369+0400] {dag.py:2726} INFO - Sync 1 DAGs
[2023-05-25T19:42:54.436+0400] {logging_mixin.py:149} INFO - [2023-05-25T19:42:54.435+0400] {dag.py:3486} INFO - Setting next_dagrun for example_branch_python_operator_decorator to 2023-05-24T00:00:00+00:00, run_after=2023-05-25T00:00:00+00:00
[2023-05-25T19:42:54.486+0400] {processor.py:179} INFO - Processing /home/chinnu/.local/lib/python3.10/site-packages/airflow/example_dags/example_branch_operator_decorator.py took 0.212 seconds
