[2023-05-25T19:34:50.015+0400] {processor.py:157} INFO - Started process (PID=169) to work on /home/chinnu/.local/lib/python3.10/site-packages/airflow/example_dags/example_short_circuit_operator.py
[2023-05-25T19:34:50.021+0400] {processor.py:826} INFO - Processing file /home/chinnu/.local/lib/python3.10/site-packages/airflow/example_dags/example_short_circuit_operator.py for tasks to queue
[2023-05-25T19:34:50.023+0400] {logging_mixin.py:149} INFO - [2023-05-25T19:34:50.023+0400] {dagbag.py:541} INFO - Filling up the DagBag from /home/chinnu/.local/lib/python3.10/site-packages/airflow/example_dags/example_short_circuit_operator.py
[2023-05-25T19:34:50.051+0400] {processor.py:836} INFO - DAG(s) dict_keys(['example_short_circuit_operator']) retrieved from /home/chinnu/.local/lib/python3.10/site-packages/airflow/example_dags/example_short_circuit_operator.py
[2023-05-25T19:34:50.122+0400] {logging_mixin.py:149} INFO - [2023-05-25T19:34:50.122+0400] {dag.py:2726} INFO - Sync 1 DAGs
[2023-05-25T19:34:50.167+0400] {logging_mixin.py:149} INFO - [2023-05-25T19:34:50.167+0400] {dag.py:3486} INFO - Setting next_dagrun for example_short_circuit_operator to 2023-05-24T15:34:50.167099+00:00, run_after=2023-05-25T15:34:50.167099+00:00
[2023-05-25T19:34:50.221+0400] {processor.py:179} INFO - Processing /home/chinnu/.local/lib/python3.10/site-packages/airflow/example_dags/example_short_circuit_operator.py took 0.222 seconds
[2023-05-25T19:36:27.087+0400] {processor.py:157} INFO - Started process (PID=280) to work on /home/chinnu/.local/lib/python3.10/site-packages/airflow/example_dags/example_short_circuit_operator.py
[2023-05-25T19:36:27.089+0400] {processor.py:826} INFO - Processing file /home/chinnu/.local/lib/python3.10/site-packages/airflow/example_dags/example_short_circuit_operator.py for tasks to queue
[2023-05-25T19:36:27.089+0400] {logging_mixin.py:149} INFO - [2023-05-25T19:36:27.089+0400] {dagbag.py:541} INFO - Filling up the DagBag from /home/chinnu/.local/lib/python3.10/site-packages/airflow/example_dags/example_short_circuit_operator.py
[2023-05-25T19:36:27.128+0400] {processor.py:836} INFO - DAG(s) dict_keys(['example_short_circuit_operator']) retrieved from /home/chinnu/.local/lib/python3.10/site-packages/airflow/example_dags/example_short_circuit_operator.py
[2023-05-25T19:36:27.210+0400] {logging_mixin.py:149} INFO - [2023-05-25T19:36:27.210+0400] {dag.py:2726} INFO - Sync 1 DAGs
[2023-05-25T19:36:27.262+0400] {logging_mixin.py:149} INFO - [2023-05-25T19:36:27.261+0400] {dag.py:3486} INFO - Setting next_dagrun for example_short_circuit_operator to 2023-05-24T15:36:27.261132+00:00, run_after=2023-05-25T15:36:27.261132+00:00
[2023-05-25T19:36:27.329+0400] {processor.py:179} INFO - Processing /home/chinnu/.local/lib/python3.10/site-packages/airflow/example_dags/example_short_circuit_operator.py took 0.249 seconds
[2023-05-25T19:37:54.905+0400] {processor.py:157} INFO - Started process (PID=354) to work on /home/chinnu/.local/lib/python3.10/site-packages/airflow/example_dags/example_short_circuit_operator.py
[2023-05-25T19:37:54.908+0400] {processor.py:826} INFO - Processing file /home/chinnu/.local/lib/python3.10/site-packages/airflow/example_dags/example_short_circuit_operator.py for tasks to queue
[2023-05-25T19:37:54.910+0400] {logging_mixin.py:149} INFO - [2023-05-25T19:37:54.910+0400] {dagbag.py:541} INFO - Filling up the DagBag from /home/chinnu/.local/lib/python3.10/site-packages/airflow/example_dags/example_short_circuit_operator.py
[2023-05-25T19:37:54.937+0400] {processor.py:836} INFO - DAG(s) dict_keys(['example_short_circuit_operator']) retrieved from /home/chinnu/.local/lib/python3.10/site-packages/airflow/example_dags/example_short_circuit_operator.py
[2023-05-25T19:37:55.011+0400] {logging_mixin.py:149} INFO - [2023-05-25T19:37:55.010+0400] {dag.py:2726} INFO - Sync 1 DAGs
[2023-05-25T19:37:55.193+0400] {logging_mixin.py:149} INFO - [2023-05-25T19:37:55.193+0400] {dag.py:3486} INFO - Setting next_dagrun for example_short_circuit_operator to 2023-05-24T15:37:55.193620+00:00, run_after=2023-05-25T15:37:55.193620+00:00
[2023-05-25T19:37:55.226+0400] {processor.py:179} INFO - Processing /home/chinnu/.local/lib/python3.10/site-packages/airflow/example_dags/example_short_circuit_operator.py took 0.330 seconds
[2023-05-25T19:39:15.241+0400] {processor.py:157} INFO - Started process (PID=437) to work on /home/chinnu/.local/lib/python3.10/site-packages/airflow/example_dags/example_short_circuit_operator.py
[2023-05-25T19:39:15.244+0400] {processor.py:826} INFO - Processing file /home/chinnu/.local/lib/python3.10/site-packages/airflow/example_dags/example_short_circuit_operator.py for tasks to queue
[2023-05-25T19:39:15.246+0400] {logging_mixin.py:149} INFO - [2023-05-25T19:39:15.245+0400] {dagbag.py:541} INFO - Filling up the DagBag from /home/chinnu/.local/lib/python3.10/site-packages/airflow/example_dags/example_short_circuit_operator.py
[2023-05-25T19:39:15.265+0400] {processor.py:836} INFO - DAG(s) dict_keys(['example_short_circuit_operator']) retrieved from /home/chinnu/.local/lib/python3.10/site-packages/airflow/example_dags/example_short_circuit_operator.py
[2023-05-25T19:39:15.315+0400] {logging_mixin.py:149} INFO - [2023-05-25T19:39:15.314+0400] {dag.py:2726} INFO - Sync 1 DAGs
[2023-05-25T19:39:15.345+0400] {logging_mixin.py:149} INFO - [2023-05-25T19:39:15.345+0400] {dag.py:3486} INFO - Setting next_dagrun for example_short_circuit_operator to 2023-05-24T15:39:15.344728+00:00, run_after=2023-05-25T15:39:15.344728+00:00
[2023-05-25T19:39:15.382+0400] {processor.py:179} INFO - Processing /home/chinnu/.local/lib/python3.10/site-packages/airflow/example_dags/example_short_circuit_operator.py took 0.147 seconds
[2023-05-25T19:40:16.963+0400] {processor.py:157} INFO - Started process (PID=488) to work on /home/chinnu/.local/lib/python3.10/site-packages/airflow/example_dags/example_short_circuit_operator.py
[2023-05-25T19:40:16.966+0400] {processor.py:826} INFO - Processing file /home/chinnu/.local/lib/python3.10/site-packages/airflow/example_dags/example_short_circuit_operator.py for tasks to queue
[2023-05-25T19:40:16.969+0400] {logging_mixin.py:149} INFO - [2023-05-25T19:40:16.968+0400] {dagbag.py:541} INFO - Filling up the DagBag from /home/chinnu/.local/lib/python3.10/site-packages/airflow/example_dags/example_short_circuit_operator.py
[2023-05-25T19:40:17.010+0400] {processor.py:836} INFO - DAG(s) dict_keys(['example_short_circuit_operator']) retrieved from /home/chinnu/.local/lib/python3.10/site-packages/airflow/example_dags/example_short_circuit_operator.py
[2023-05-25T19:40:17.103+0400] {logging_mixin.py:149} INFO - [2023-05-25T19:40:17.103+0400] {dag.py:2726} INFO - Sync 1 DAGs
[2023-05-25T19:40:17.168+0400] {logging_mixin.py:149} INFO - [2023-05-25T19:40:17.168+0400] {dag.py:3486} INFO - Setting next_dagrun for example_short_circuit_operator to 2023-05-24T15:40:17.167895+00:00, run_after=2023-05-25T15:40:17.167895+00:00
[2023-05-25T19:40:17.237+0400] {processor.py:179} INFO - Processing /home/chinnu/.local/lib/python3.10/site-packages/airflow/example_dags/example_short_circuit_operator.py took 0.289 seconds
[2023-05-25T19:41:17.804+0400] {processor.py:157} INFO - Started process (PID=539) to work on /home/chinnu/.local/lib/python3.10/site-packages/airflow/example_dags/example_short_circuit_operator.py
[2023-05-25T19:41:17.813+0400] {processor.py:826} INFO - Processing file /home/chinnu/.local/lib/python3.10/site-packages/airflow/example_dags/example_short_circuit_operator.py for tasks to queue
[2023-05-25T19:41:17.818+0400] {logging_mixin.py:149} INFO - [2023-05-25T19:41:17.817+0400] {dagbag.py:541} INFO - Filling up the DagBag from /home/chinnu/.local/lib/python3.10/site-packages/airflow/example_dags/example_short_circuit_operator.py
[2023-05-25T19:41:17.877+0400] {processor.py:836} INFO - DAG(s) dict_keys(['example_short_circuit_operator']) retrieved from /home/chinnu/.local/lib/python3.10/site-packages/airflow/example_dags/example_short_circuit_operator.py
[2023-05-25T19:41:17.998+0400] {logging_mixin.py:149} INFO - [2023-05-25T19:41:17.997+0400] {dag.py:2726} INFO - Sync 1 DAGs
[2023-05-25T19:41:18.043+0400] {logging_mixin.py:149} INFO - [2023-05-25T19:41:18.042+0400] {dag.py:3486} INFO - Setting next_dagrun for example_short_circuit_operator to 2023-05-24T15:41:18.042177+00:00, run_after=2023-05-25T15:41:18.042177+00:00
[2023-05-25T19:41:18.083+0400] {processor.py:179} INFO - Processing /home/chinnu/.local/lib/python3.10/site-packages/airflow/example_dags/example_short_circuit_operator.py took 0.314 seconds
[2023-05-25T19:42:19.602+0400] {processor.py:157} INFO - Started process (PID=589) to work on /home/chinnu/.local/lib/python3.10/site-packages/airflow/example_dags/example_short_circuit_operator.py
[2023-05-25T19:42:19.606+0400] {processor.py:826} INFO - Processing file /home/chinnu/.local/lib/python3.10/site-packages/airflow/example_dags/example_short_circuit_operator.py for tasks to queue
[2023-05-25T19:42:19.609+0400] {logging_mixin.py:149} INFO - [2023-05-25T19:42:19.609+0400] {dagbag.py:541} INFO - Filling up the DagBag from /home/chinnu/.local/lib/python3.10/site-packages/airflow/example_dags/example_short_circuit_operator.py
[2023-05-25T19:42:19.658+0400] {processor.py:836} INFO - DAG(s) dict_keys(['example_short_circuit_operator']) retrieved from /home/chinnu/.local/lib/python3.10/site-packages/airflow/example_dags/example_short_circuit_operator.py
[2023-05-25T19:42:19.786+0400] {logging_mixin.py:149} INFO - [2023-05-25T19:42:19.785+0400] {dag.py:2726} INFO - Sync 1 DAGs
[2023-05-25T19:42:19.849+0400] {logging_mixin.py:149} INFO - [2023-05-25T19:42:19.849+0400] {dag.py:3486} INFO - Setting next_dagrun for example_short_circuit_operator to 2023-05-24T15:42:19.848749+00:00, run_after=2023-05-25T15:42:19.848749+00:00
[2023-05-25T19:42:19.904+0400] {processor.py:179} INFO - Processing /home/chinnu/.local/lib/python3.10/site-packages/airflow/example_dags/example_short_circuit_operator.py took 0.327 seconds
