[2023-05-25T19:37:24.796+0400] {processor.py:157} INFO - Started process (PID=330) to work on /home/chinnu/.local/lib/python3.10/site-packages/airflow/example_dags/example_bash_operator.py
[2023-05-25T19:37:24.798+0400] {processor.py:826} INFO - Processing file /home/chinnu/.local/lib/python3.10/site-packages/airflow/example_dags/example_bash_operator.py for tasks to queue
[2023-05-25T19:37:24.800+0400] {logging_mixin.py:149} INFO - [2023-05-25T19:37:24.799+0400] {dagbag.py:541} INFO - Filling up the DagBag from /home/chinnu/.local/lib/python3.10/site-packages/airflow/example_dags/example_bash_operator.py
[2023-05-25T19:37:24.852+0400] {processor.py:836} INFO - DAG(s) dict_keys(['example_bash_operator']) retrieved from /home/chinnu/.local/lib/python3.10/site-packages/airflow/example_dags/example_bash_operator.py
[2023-05-25T19:37:24.917+0400] {logging_mixin.py:149} INFO - [2023-05-25T19:37:24.917+0400] {dag.py:2726} INFO - Sync 1 DAGs
[2023-05-25T19:37:25.091+0400] {logging_mixin.py:149} INFO - [2023-05-25T19:37:25.091+0400] {dag.py:3486} INFO - Setting next_dagrun for example_bash_operator to 2023-05-24T00:00:00+00:00, run_after=2023-05-25T00:00:00+00:00
[2023-05-25T19:37:25.121+0400] {processor.py:179} INFO - Processing /home/chinnu/.local/lib/python3.10/site-packages/airflow/example_dags/example_bash_operator.py took 0.335 seconds
[2023-05-25T19:38:45.127+0400] {processor.py:157} INFO - Started process (PID=413) to work on /home/chinnu/.local/lib/python3.10/site-packages/airflow/example_dags/example_bash_operator.py
[2023-05-25T19:38:45.133+0400] {processor.py:826} INFO - Processing file /home/chinnu/.local/lib/python3.10/site-packages/airflow/example_dags/example_bash_operator.py for tasks to queue
[2023-05-25T19:38:45.136+0400] {logging_mixin.py:149} INFO - [2023-05-25T19:38:45.135+0400] {dagbag.py:541} INFO - Filling up the DagBag from /home/chinnu/.local/lib/python3.10/site-packages/airflow/example_dags/example_bash_operator.py
[2023-05-25T19:38:45.693+0400] {processor.py:836} INFO - DAG(s) dict_keys(['example_bash_operator']) retrieved from /home/chinnu/.local/lib/python3.10/site-packages/airflow/example_dags/example_bash_operator.py
[2023-05-25T19:38:45.791+0400] {logging_mixin.py:149} INFO - [2023-05-25T19:38:45.791+0400] {dag.py:2726} INFO - Sync 1 DAGs
[2023-05-25T19:38:45.850+0400] {logging_mixin.py:149} INFO - [2023-05-25T19:38:45.850+0400] {dag.py:3486} INFO - Setting next_dagrun for example_bash_operator to 2023-05-24T00:00:00+00:00, run_after=2023-05-25T00:00:00+00:00
[2023-05-25T19:38:45.962+0400] {processor.py:179} INFO - Processing /home/chinnu/.local/lib/python3.10/site-packages/airflow/example_dags/example_bash_operator.py took 0.851 seconds
[2023-05-25T19:39:57.396+0400] {processor.py:157} INFO - Started process (PID=473) to work on /home/chinnu/.local/lib/python3.10/site-packages/airflow/example_dags/example_bash_operator.py
[2023-05-25T19:39:57.397+0400] {processor.py:826} INFO - Processing file /home/chinnu/.local/lib/python3.10/site-packages/airflow/example_dags/example_bash_operator.py for tasks to queue
[2023-05-25T19:39:57.398+0400] {logging_mixin.py:149} INFO - [2023-05-25T19:39:57.398+0400] {dagbag.py:541} INFO - Filling up the DagBag from /home/chinnu/.local/lib/python3.10/site-packages/airflow/example_dags/example_bash_operator.py
[2023-05-25T19:39:57.429+0400] {processor.py:836} INFO - DAG(s) dict_keys(['example_bash_operator']) retrieved from /home/chinnu/.local/lib/python3.10/site-packages/airflow/example_dags/example_bash_operator.py
[2023-05-25T19:39:57.480+0400] {logging_mixin.py:149} INFO - [2023-05-25T19:39:57.480+0400] {dag.py:2726} INFO - Sync 1 DAGs
[2023-05-25T19:39:57.511+0400] {logging_mixin.py:149} INFO - [2023-05-25T19:39:57.511+0400] {dag.py:3486} INFO - Setting next_dagrun for example_bash_operator to 2023-05-24T00:00:00+00:00, run_after=2023-05-25T00:00:00+00:00
[2023-05-25T19:39:57.551+0400] {processor.py:179} INFO - Processing /home/chinnu/.local/lib/python3.10/site-packages/airflow/example_dags/example_bash_operator.py took 0.163 seconds
[2023-05-25T19:40:59.325+0400] {processor.py:157} INFO - Started process (PID=524) to work on /home/chinnu/.local/lib/python3.10/site-packages/airflow/example_dags/example_bash_operator.py
[2023-05-25T19:40:59.327+0400] {processor.py:826} INFO - Processing file /home/chinnu/.local/lib/python3.10/site-packages/airflow/example_dags/example_bash_operator.py for tasks to queue
[2023-05-25T19:40:59.328+0400] {logging_mixin.py:149} INFO - [2023-05-25T19:40:59.328+0400] {dagbag.py:541} INFO - Filling up the DagBag from /home/chinnu/.local/lib/python3.10/site-packages/airflow/example_dags/example_bash_operator.py
[2023-05-25T19:40:59.393+0400] {processor.py:836} INFO - DAG(s) dict_keys(['example_bash_operator']) retrieved from /home/chinnu/.local/lib/python3.10/site-packages/airflow/example_dags/example_bash_operator.py
[2023-05-25T19:40:59.550+0400] {logging_mixin.py:149} INFO - [2023-05-25T19:40:59.550+0400] {dag.py:2726} INFO - Sync 1 DAGs
[2023-05-25T19:40:59.639+0400] {logging_mixin.py:149} INFO - [2023-05-25T19:40:59.639+0400] {dag.py:3486} INFO - Setting next_dagrun for example_bash_operator to 2023-05-24T00:00:00+00:00, run_after=2023-05-25T00:00:00+00:00
[2023-05-25T19:40:59.711+0400] {processor.py:179} INFO - Processing /home/chinnu/.local/lib/python3.10/site-packages/airflow/example_dags/example_bash_operator.py took 0.394 seconds
[2023-05-25T19:41:58.958+0400] {processor.py:157} INFO - Started process (PID=574) to work on /home/chinnu/.local/lib/python3.10/site-packages/airflow/example_dags/example_bash_operator.py
[2023-05-25T19:41:58.962+0400] {processor.py:826} INFO - Processing file /home/chinnu/.local/lib/python3.10/site-packages/airflow/example_dags/example_bash_operator.py for tasks to queue
[2023-05-25T19:41:58.966+0400] {logging_mixin.py:149} INFO - [2023-05-25T19:41:58.966+0400] {dagbag.py:541} INFO - Filling up the DagBag from /home/chinnu/.local/lib/python3.10/site-packages/airflow/example_dags/example_bash_operator.py
[2023-05-25T19:41:59.060+0400] {processor.py:836} INFO - DAG(s) dict_keys(['example_bash_operator']) retrieved from /home/chinnu/.local/lib/python3.10/site-packages/airflow/example_dags/example_bash_operator.py
[2023-05-25T19:41:59.206+0400] {logging_mixin.py:149} INFO - [2023-05-25T19:41:59.206+0400] {dag.py:2726} INFO - Sync 1 DAGs
[2023-05-25T19:41:59.238+0400] {logging_mixin.py:149} INFO - [2023-05-25T19:41:59.238+0400] {dag.py:3486} INFO - Setting next_dagrun for example_bash_operator to 2023-05-24T00:00:00+00:00, run_after=2023-05-25T00:00:00+00:00
[2023-05-25T19:41:59.279+0400] {processor.py:179} INFO - Processing /home/chinnu/.local/lib/python3.10/site-packages/airflow/example_dags/example_bash_operator.py took 0.341 seconds
[2023-05-25T19:43:00.899+0400] {processor.py:157} INFO - Started process (PID=625) to work on /home/chinnu/.local/lib/python3.10/site-packages/airflow/example_dags/example_bash_operator.py
[2023-05-25T19:43:00.905+0400] {processor.py:826} INFO - Processing file /home/chinnu/.local/lib/python3.10/site-packages/airflow/example_dags/example_bash_operator.py for tasks to queue
[2023-05-25T19:43:00.908+0400] {logging_mixin.py:149} INFO - [2023-05-25T19:43:00.907+0400] {dagbag.py:541} INFO - Filling up the DagBag from /home/chinnu/.local/lib/python3.10/site-packages/airflow/example_dags/example_bash_operator.py
[2023-05-25T19:43:00.977+0400] {processor.py:836} INFO - DAG(s) dict_keys(['example_bash_operator']) retrieved from /home/chinnu/.local/lib/python3.10/site-packages/airflow/example_dags/example_bash_operator.py
[2023-05-25T19:43:01.056+0400] {logging_mixin.py:149} INFO - [2023-05-25T19:43:01.056+0400] {dag.py:2726} INFO - Sync 1 DAGs
[2023-05-25T19:43:01.089+0400] {logging_mixin.py:149} INFO - [2023-05-25T19:43:01.089+0400] {dag.py:3486} INFO - Setting next_dagrun for example_bash_operator to 2023-05-24T00:00:00+00:00, run_after=2023-05-25T00:00:00+00:00
[2023-05-25T19:43:01.127+0400] {processor.py:179} INFO - Processing /home/chinnu/.local/lib/python3.10/site-packages/airflow/example_dags/example_bash_operator.py took 0.255 seconds
