[2023-05-25T19:37:04.716+0400] {processor.py:157} INFO - Started process (PID=316) to work on /home/chinnu/.local/lib/python3.10/site-packages/airflow/example_dags/example_latest_only_with_trigger.py
[2023-05-25T19:37:04.722+0400] {processor.py:826} INFO - Processing file /home/chinnu/.local/lib/python3.10/site-packages/airflow/example_dags/example_latest_only_with_trigger.py for tasks to queue
[2023-05-25T19:37:04.726+0400] {logging_mixin.py:149} INFO - [2023-05-25T19:37:04.725+0400] {dagbag.py:541} INFO - Filling up the DagBag from /home/chinnu/.local/lib/python3.10/site-packages/airflow/example_dags/example_latest_only_with_trigger.py
[2023-05-25T19:37:04.758+0400] {processor.py:836} INFO - DAG(s) dict_keys(['latest_only_with_trigger']) retrieved from /home/chinnu/.local/lib/python3.10/site-packages/airflow/example_dags/example_latest_only_with_trigger.py
[2023-05-25T19:37:04.844+0400] {logging_mixin.py:149} INFO - [2023-05-25T19:37:04.844+0400] {dag.py:2726} INFO - Sync 1 DAGs
[2023-05-25T19:37:04.892+0400] {logging_mixin.py:149} INFO - [2023-05-25T19:37:04.892+0400] {dag.py:3486} INFO - Setting next_dagrun for latest_only_with_trigger to 2023-05-25T11:37:04.891910+00:00, run_after=2023-05-25T15:37:04.891910+00:00
[2023-05-25T19:37:04.928+0400] {processor.py:179} INFO - Processing /home/chinnu/.local/lib/python3.10/site-packages/airflow/example_dags/example_latest_only_with_trigger.py took 0.234 seconds
[2023-05-25T19:38:20.096+0400] {processor.py:157} INFO - Started process (PID=399) to work on /home/chinnu/.local/lib/python3.10/site-packages/airflow/example_dags/example_latest_only_with_trigger.py
[2023-05-25T19:38:20.098+0400] {processor.py:826} INFO - Processing file /home/chinnu/.local/lib/python3.10/site-packages/airflow/example_dags/example_latest_only_with_trigger.py for tasks to queue
[2023-05-25T19:38:20.099+0400] {logging_mixin.py:149} INFO - [2023-05-25T19:38:20.098+0400] {dagbag.py:541} INFO - Filling up the DagBag from /home/chinnu/.local/lib/python3.10/site-packages/airflow/example_dags/example_latest_only_with_trigger.py
[2023-05-25T19:38:20.114+0400] {processor.py:836} INFO - DAG(s) dict_keys(['latest_only_with_trigger']) retrieved from /home/chinnu/.local/lib/python3.10/site-packages/airflow/example_dags/example_latest_only_with_trigger.py
[2023-05-25T19:38:20.327+0400] {logging_mixin.py:149} INFO - [2023-05-25T19:38:20.327+0400] {dag.py:2726} INFO - Sync 1 DAGs
[2023-05-25T19:38:20.348+0400] {logging_mixin.py:149} INFO - [2023-05-25T19:38:20.348+0400] {dag.py:3486} INFO - Setting next_dagrun for latest_only_with_trigger to 2023-05-25T11:38:20.348173+00:00, run_after=2023-05-25T15:38:20.348173+00:00
[2023-05-25T19:38:20.382+0400] {processor.py:179} INFO - Processing /home/chinnu/.local/lib/python3.10/site-packages/airflow/example_dags/example_latest_only_with_trigger.py took 0.295 seconds
[2023-05-25T19:39:38.996+0400] {processor.py:157} INFO - Started process (PID=459) to work on /home/chinnu/.local/lib/python3.10/site-packages/airflow/example_dags/example_latest_only_with_trigger.py
[2023-05-25T19:39:39.003+0400] {processor.py:826} INFO - Processing file /home/chinnu/.local/lib/python3.10/site-packages/airflow/example_dags/example_latest_only_with_trigger.py for tasks to queue
[2023-05-25T19:39:39.007+0400] {logging_mixin.py:149} INFO - [2023-05-25T19:39:39.006+0400] {dagbag.py:541} INFO - Filling up the DagBag from /home/chinnu/.local/lib/python3.10/site-packages/airflow/example_dags/example_latest_only_with_trigger.py
[2023-05-25T19:39:39.034+0400] {processor.py:836} INFO - DAG(s) dict_keys(['latest_only_with_trigger']) retrieved from /home/chinnu/.local/lib/python3.10/site-packages/airflow/example_dags/example_latest_only_with_trigger.py
[2023-05-25T19:39:39.091+0400] {logging_mixin.py:149} INFO - [2023-05-25T19:39:39.091+0400] {dag.py:2726} INFO - Sync 1 DAGs
[2023-05-25T19:39:39.132+0400] {logging_mixin.py:149} INFO - [2023-05-25T19:39:39.132+0400] {dag.py:3486} INFO - Setting next_dagrun for latest_only_with_trigger to 2023-05-25T11:39:39.132169+00:00, run_after=2023-05-25T15:39:39.132169+00:00
[2023-05-25T19:39:39.180+0400] {processor.py:179} INFO - Processing /home/chinnu/.local/lib/python3.10/site-packages/airflow/example_dags/example_latest_only_with_trigger.py took 0.210 seconds
[2023-05-25T19:40:40.136+0400] {processor.py:157} INFO - Started process (PID=510) to work on /home/chinnu/.local/lib/python3.10/site-packages/airflow/example_dags/example_latest_only_with_trigger.py
[2023-05-25T19:40:40.138+0400] {processor.py:826} INFO - Processing file /home/chinnu/.local/lib/python3.10/site-packages/airflow/example_dags/example_latest_only_with_trigger.py for tasks to queue
[2023-05-25T19:40:40.139+0400] {logging_mixin.py:149} INFO - [2023-05-25T19:40:40.139+0400] {dagbag.py:541} INFO - Filling up the DagBag from /home/chinnu/.local/lib/python3.10/site-packages/airflow/example_dags/example_latest_only_with_trigger.py
[2023-05-25T19:40:40.156+0400] {processor.py:836} INFO - DAG(s) dict_keys(['latest_only_with_trigger']) retrieved from /home/chinnu/.local/lib/python3.10/site-packages/airflow/example_dags/example_latest_only_with_trigger.py
[2023-05-25T19:40:40.204+0400] {logging_mixin.py:149} INFO - [2023-05-25T19:40:40.204+0400] {dag.py:2726} INFO - Sync 1 DAGs
[2023-05-25T19:40:40.244+0400] {logging_mixin.py:149} INFO - [2023-05-25T19:40:40.244+0400] {dag.py:3486} INFO - Setting next_dagrun for latest_only_with_trigger to 2023-05-25T11:40:40.244070+00:00, run_after=2023-05-25T15:40:40.244070+00:00
[2023-05-25T19:40:40.293+0400] {processor.py:179} INFO - Processing /home/chinnu/.local/lib/python3.10/site-packages/airflow/example_dags/example_latest_only_with_trigger.py took 0.166 seconds
[2023-05-25T19:41:40.123+0400] {processor.py:157} INFO - Started process (PID=560) to work on /home/chinnu/.local/lib/python3.10/site-packages/airflow/example_dags/example_latest_only_with_trigger.py
[2023-05-25T19:41:40.130+0400] {processor.py:826} INFO - Processing file /home/chinnu/.local/lib/python3.10/site-packages/airflow/example_dags/example_latest_only_with_trigger.py for tasks to queue
[2023-05-25T19:41:40.133+0400] {logging_mixin.py:149} INFO - [2023-05-25T19:41:40.132+0400] {dagbag.py:541} INFO - Filling up the DagBag from /home/chinnu/.local/lib/python3.10/site-packages/airflow/example_dags/example_latest_only_with_trigger.py
[2023-05-25T19:41:40.178+0400] {processor.py:836} INFO - DAG(s) dict_keys(['latest_only_with_trigger']) retrieved from /home/chinnu/.local/lib/python3.10/site-packages/airflow/example_dags/example_latest_only_with_trigger.py
[2023-05-25T19:41:40.258+0400] {logging_mixin.py:149} INFO - [2023-05-25T19:41:40.258+0400] {dag.py:2726} INFO - Sync 1 DAGs
[2023-05-25T19:41:40.314+0400] {logging_mixin.py:149} INFO - [2023-05-25T19:41:40.314+0400] {dag.py:3486} INFO - Setting next_dagrun for latest_only_with_trigger to 2023-05-25T11:41:40.314119+00:00, run_after=2023-05-25T15:41:40.314119+00:00
[2023-05-25T19:41:40.392+0400] {processor.py:179} INFO - Processing /home/chinnu/.local/lib/python3.10/site-packages/airflow/example_dags/example_latest_only_with_trigger.py took 0.296 seconds
[2023-05-25T19:42:41.732+0400] {processor.py:157} INFO - Started process (PID=611) to work on /home/chinnu/.local/lib/python3.10/site-packages/airflow/example_dags/example_latest_only_with_trigger.py
[2023-05-25T19:42:41.737+0400] {processor.py:826} INFO - Processing file /home/chinnu/.local/lib/python3.10/site-packages/airflow/example_dags/example_latest_only_with_trigger.py for tasks to queue
[2023-05-25T19:42:41.740+0400] {logging_mixin.py:149} INFO - [2023-05-25T19:42:41.740+0400] {dagbag.py:541} INFO - Filling up the DagBag from /home/chinnu/.local/lib/python3.10/site-packages/airflow/example_dags/example_latest_only_with_trigger.py
[2023-05-25T19:42:41.773+0400] {processor.py:836} INFO - DAG(s) dict_keys(['latest_only_with_trigger']) retrieved from /home/chinnu/.local/lib/python3.10/site-packages/airflow/example_dags/example_latest_only_with_trigger.py
[2023-05-25T19:42:41.875+0400] {logging_mixin.py:149} INFO - [2023-05-25T19:42:41.874+0400] {dag.py:2726} INFO - Sync 1 DAGs
[2023-05-25T19:42:41.924+0400] {logging_mixin.py:149} INFO - [2023-05-25T19:42:41.924+0400] {dag.py:3486} INFO - Setting next_dagrun for latest_only_with_trigger to 2023-05-25T11:42:41.923983+00:00, run_after=2023-05-25T15:42:41.923983+00:00
[2023-05-25T19:42:41.972+0400] {processor.py:179} INFO - Processing /home/chinnu/.local/lib/python3.10/site-packages/airflow/example_dags/example_latest_only_with_trigger.py took 0.262 seconds
