[2023-05-25T19:34:46.086+0400] {processor.py:157} INFO - Started process (PID=166) to work on /home/chinnu/.local/lib/python3.10/site-packages/airflow/example_dags/example_subdag_operator.py
[2023-05-25T19:34:46.090+0400] {processor.py:826} INFO - Processing file /home/chinnu/.local/lib/python3.10/site-packages/airflow/example_dags/example_subdag_operator.py for tasks to queue
[2023-05-25T19:34:46.094+0400] {logging_mixin.py:149} INFO - [2023-05-25T19:34:46.093+0400] {dagbag.py:541} INFO - Filling up the DagBag from /home/chinnu/.local/lib/python3.10/site-packages/airflow/example_dags/example_subdag_operator.py
[2023-05-25T19:34:46.176+0400] {processor.py:836} INFO - DAG(s) dict_keys(['example_subdag_operator.section-1', 'example_subdag_operator.section-2', 'example_subdag_operator']) retrieved from /home/chinnu/.local/lib/python3.10/site-packages/airflow/example_dags/example_subdag_operator.py
[2023-05-25T19:34:46.248+0400] {logging_mixin.py:149} INFO - [2023-05-25T19:34:46.248+0400] {dag.py:2726} INFO - Sync 3 DAGs
[2023-05-25T19:34:46.297+0400] {logging_mixin.py:149} INFO - [2023-05-25T19:34:46.297+0400] {dag.py:3486} INFO - Setting next_dagrun for example_subdag_operator to 2022-01-01T00:00:00+00:00, run_after=2022-01-01T00:00:00+00:00
[2023-05-25T19:34:46.303+0400] {logging_mixin.py:149} INFO - [2023-05-25T19:34:46.302+0400] {dag.py:3486} INFO - Setting next_dagrun for example_subdag_operator.section-1 to None, run_after=None
[2023-05-25T19:34:46.305+0400] {logging_mixin.py:149} INFO - [2023-05-25T19:34:46.304+0400] {dag.py:3486} INFO - Setting next_dagrun for example_subdag_operator.section-2 to None, run_after=None
[2023-05-25T19:34:46.319+0400] {logging_mixin.py:149} INFO - [2023-05-25T19:34:46.318+0400] {dag.py:2726} INFO - Sync 2 DAGs
[2023-05-25T19:34:46.327+0400] {logging_mixin.py:149} INFO - [2023-05-25T19:34:46.327+0400] {dag.py:3486} INFO - Setting next_dagrun for example_subdag_operator.section-1 to None, run_after=None
[2023-05-25T19:34:46.327+0400] {logging_mixin.py:149} INFO - [2023-05-25T19:34:46.327+0400] {dag.py:3486} INFO - Setting next_dagrun for example_subdag_operator.section-2 to None, run_after=None
[2023-05-25T19:34:46.359+0400] {processor.py:179} INFO - Processing /home/chinnu/.local/lib/python3.10/site-packages/airflow/example_dags/example_subdag_operator.py took 0.287 seconds
[2023-05-25T19:36:22.309+0400] {processor.py:157} INFO - Started process (PID=277) to work on /home/chinnu/.local/lib/python3.10/site-packages/airflow/example_dags/example_subdag_operator.py
[2023-05-25T19:36:22.313+0400] {processor.py:826} INFO - Processing file /home/chinnu/.local/lib/python3.10/site-packages/airflow/example_dags/example_subdag_operator.py for tasks to queue
[2023-05-25T19:36:22.316+0400] {logging_mixin.py:149} INFO - [2023-05-25T19:36:22.315+0400] {dagbag.py:541} INFO - Filling up the DagBag from /home/chinnu/.local/lib/python3.10/site-packages/airflow/example_dags/example_subdag_operator.py
[2023-05-25T19:36:22.415+0400] {processor.py:836} INFO - DAG(s) dict_keys(['example_subdag_operator.section-1', 'example_subdag_operator.section-2', 'example_subdag_operator']) retrieved from /home/chinnu/.local/lib/python3.10/site-packages/airflow/example_dags/example_subdag_operator.py
[2023-05-25T19:36:22.470+0400] {logging_mixin.py:149} INFO - [2023-05-25T19:36:22.470+0400] {dag.py:2726} INFO - Sync 3 DAGs
[2023-05-25T19:36:22.513+0400] {logging_mixin.py:149} INFO - [2023-05-25T19:36:22.513+0400] {dag.py:3486} INFO - Setting next_dagrun for example_subdag_operator to 2022-01-01T00:00:00+00:00, run_after=2022-01-01T00:00:00+00:00
[2023-05-25T19:36:22.519+0400] {logging_mixin.py:149} INFO - [2023-05-25T19:36:22.519+0400] {dag.py:3486} INFO - Setting next_dagrun for example_subdag_operator.section-1 to None, run_after=None
[2023-05-25T19:36:22.522+0400] {logging_mixin.py:149} INFO - [2023-05-25T19:36:22.522+0400] {dag.py:3486} INFO - Setting next_dagrun for example_subdag_operator.section-2 to None, run_after=None
[2023-05-25T19:36:22.537+0400] {logging_mixin.py:149} INFO - [2023-05-25T19:36:22.536+0400] {dag.py:2726} INFO - Sync 2 DAGs
[2023-05-25T19:36:22.544+0400] {logging_mixin.py:149} INFO - [2023-05-25T19:36:22.543+0400] {dag.py:3486} INFO - Setting next_dagrun for example_subdag_operator.section-1 to None, run_after=None
[2023-05-25T19:36:22.544+0400] {logging_mixin.py:149} INFO - [2023-05-25T19:36:22.544+0400] {dag.py:3486} INFO - Setting next_dagrun for example_subdag_operator.section-2 to None, run_after=None
[2023-05-25T19:36:22.577+0400] {processor.py:179} INFO - Processing /home/chinnu/.local/lib/python3.10/site-packages/airflow/example_dags/example_subdag_operator.py took 0.283 seconds
[2023-05-25T19:37:49.259+0400] {processor.py:157} INFO - Started process (PID=351) to work on /home/chinnu/.local/lib/python3.10/site-packages/airflow/example_dags/example_subdag_operator.py
[2023-05-25T19:37:49.262+0400] {processor.py:826} INFO - Processing file /home/chinnu/.local/lib/python3.10/site-packages/airflow/example_dags/example_subdag_operator.py for tasks to queue
[2023-05-25T19:37:49.266+0400] {logging_mixin.py:149} INFO - [2023-05-25T19:37:49.265+0400] {dagbag.py:541} INFO - Filling up the DagBag from /home/chinnu/.local/lib/python3.10/site-packages/airflow/example_dags/example_subdag_operator.py
[2023-05-25T19:37:49.364+0400] {processor.py:836} INFO - DAG(s) dict_keys(['example_subdag_operator.section-1', 'example_subdag_operator.section-2', 'example_subdag_operator']) retrieved from /home/chinnu/.local/lib/python3.10/site-packages/airflow/example_dags/example_subdag_operator.py
[2023-05-25T19:37:49.443+0400] {logging_mixin.py:149} INFO - [2023-05-25T19:37:49.443+0400] {dag.py:2726} INFO - Sync 3 DAGs
[2023-05-25T19:37:49.755+0400] {logging_mixin.py:149} INFO - [2023-05-25T19:37:49.755+0400] {dag.py:3486} INFO - Setting next_dagrun for example_subdag_operator to 2022-01-01T00:00:00+00:00, run_after=2022-01-01T00:00:00+00:00
[2023-05-25T19:37:49.759+0400] {logging_mixin.py:149} INFO - [2023-05-25T19:37:49.759+0400] {dag.py:3486} INFO - Setting next_dagrun for example_subdag_operator.section-1 to None, run_after=None
[2023-05-25T19:37:49.760+0400] {logging_mixin.py:149} INFO - [2023-05-25T19:37:49.760+0400] {dag.py:3486} INFO - Setting next_dagrun for example_subdag_operator.section-2 to None, run_after=None
[2023-05-25T19:37:49.767+0400] {logging_mixin.py:149} INFO - [2023-05-25T19:37:49.767+0400] {dag.py:2726} INFO - Sync 2 DAGs
[2023-05-25T19:37:49.770+0400] {logging_mixin.py:149} INFO - [2023-05-25T19:37:49.770+0400] {dag.py:3486} INFO - Setting next_dagrun for example_subdag_operator.section-1 to None, run_after=None
[2023-05-25T19:37:49.771+0400] {logging_mixin.py:149} INFO - [2023-05-25T19:37:49.771+0400] {dag.py:3486} INFO - Setting next_dagrun for example_subdag_operator.section-2 to None, run_after=None
[2023-05-25T19:37:49.793+0400] {processor.py:179} INFO - Processing /home/chinnu/.local/lib/python3.10/site-packages/airflow/example_dags/example_subdag_operator.py took 0.555 seconds
[2023-05-25T19:39:11.250+0400] {processor.py:157} INFO - Started process (PID=434) to work on /home/chinnu/.local/lib/python3.10/site-packages/airflow/example_dags/example_subdag_operator.py
[2023-05-25T19:39:11.256+0400] {processor.py:826} INFO - Processing file /home/chinnu/.local/lib/python3.10/site-packages/airflow/example_dags/example_subdag_operator.py for tasks to queue
[2023-05-25T19:39:11.259+0400] {logging_mixin.py:149} INFO - [2023-05-25T19:39:11.259+0400] {dagbag.py:541} INFO - Filling up the DagBag from /home/chinnu/.local/lib/python3.10/site-packages/airflow/example_dags/example_subdag_operator.py
[2023-05-25T19:39:11.345+0400] {processor.py:836} INFO - DAG(s) dict_keys(['example_subdag_operator.section-1', 'example_subdag_operator.section-2', 'example_subdag_operator']) retrieved from /home/chinnu/.local/lib/python3.10/site-packages/airflow/example_dags/example_subdag_operator.py
[2023-05-25T19:39:11.393+0400] {logging_mixin.py:149} INFO - [2023-05-25T19:39:11.393+0400] {dag.py:2726} INFO - Sync 3 DAGs
[2023-05-25T19:39:11.423+0400] {logging_mixin.py:149} INFO - [2023-05-25T19:39:11.423+0400] {dag.py:3486} INFO - Setting next_dagrun for example_subdag_operator to 2022-01-01T00:00:00+00:00, run_after=2022-01-01T00:00:00+00:00
[2023-05-25T19:39:11.426+0400] {logging_mixin.py:149} INFO - [2023-05-25T19:39:11.426+0400] {dag.py:3486} INFO - Setting next_dagrun for example_subdag_operator.section-1 to None, run_after=None
[2023-05-25T19:39:11.427+0400] {logging_mixin.py:149} INFO - [2023-05-25T19:39:11.427+0400] {dag.py:3486} INFO - Setting next_dagrun for example_subdag_operator.section-2 to None, run_after=None
[2023-05-25T19:39:11.435+0400] {logging_mixin.py:149} INFO - [2023-05-25T19:39:11.435+0400] {dag.py:2726} INFO - Sync 2 DAGs
[2023-05-25T19:39:11.439+0400] {logging_mixin.py:149} INFO - [2023-05-25T19:39:11.439+0400] {dag.py:3486} INFO - Setting next_dagrun for example_subdag_operator.section-1 to None, run_after=None
[2023-05-25T19:39:11.439+0400] {logging_mixin.py:149} INFO - [2023-05-25T19:39:11.439+0400] {dag.py:3486} INFO - Setting next_dagrun for example_subdag_operator.section-2 to None, run_after=None
[2023-05-25T19:39:11.477+0400] {processor.py:179} INFO - Processing /home/chinnu/.local/lib/python3.10/site-packages/airflow/example_dags/example_subdag_operator.py took 0.249 seconds
[2023-05-25T19:40:13.532+0400] {processor.py:157} INFO - Started process (PID=485) to work on /home/chinnu/.local/lib/python3.10/site-packages/airflow/example_dags/example_subdag_operator.py
[2023-05-25T19:40:13.535+0400] {processor.py:826} INFO - Processing file /home/chinnu/.local/lib/python3.10/site-packages/airflow/example_dags/example_subdag_operator.py for tasks to queue
[2023-05-25T19:40:13.537+0400] {logging_mixin.py:149} INFO - [2023-05-25T19:40:13.536+0400] {dagbag.py:541} INFO - Filling up the DagBag from /home/chinnu/.local/lib/python3.10/site-packages/airflow/example_dags/example_subdag_operator.py
[2023-05-25T19:40:13.607+0400] {processor.py:836} INFO - DAG(s) dict_keys(['example_subdag_operator.section-1', 'example_subdag_operator.section-2', 'example_subdag_operator']) retrieved from /home/chinnu/.local/lib/python3.10/site-packages/airflow/example_dags/example_subdag_operator.py
[2023-05-25T19:40:13.637+0400] {logging_mixin.py:149} INFO - [2023-05-25T19:40:13.637+0400] {dag.py:2726} INFO - Sync 3 DAGs
[2023-05-25T19:40:13.664+0400] {logging_mixin.py:149} INFO - [2023-05-25T19:40:13.664+0400] {dag.py:3486} INFO - Setting next_dagrun for example_subdag_operator to 2022-01-01T00:00:00+00:00, run_after=2022-01-01T00:00:00+00:00
[2023-05-25T19:40:13.667+0400] {logging_mixin.py:149} INFO - [2023-05-25T19:40:13.667+0400] {dag.py:3486} INFO - Setting next_dagrun for example_subdag_operator.section-1 to None, run_after=None
[2023-05-25T19:40:13.669+0400] {logging_mixin.py:149} INFO - [2023-05-25T19:40:13.668+0400] {dag.py:3486} INFO - Setting next_dagrun for example_subdag_operator.section-2 to None, run_after=None
[2023-05-25T19:40:13.677+0400] {logging_mixin.py:149} INFO - [2023-05-25T19:40:13.677+0400] {dag.py:2726} INFO - Sync 2 DAGs
[2023-05-25T19:40:13.681+0400] {logging_mixin.py:149} INFO - [2023-05-25T19:40:13.681+0400] {dag.py:3486} INFO - Setting next_dagrun for example_subdag_operator.section-1 to None, run_after=None
[2023-05-25T19:40:13.681+0400] {logging_mixin.py:149} INFO - [2023-05-25T19:40:13.681+0400] {dag.py:3486} INFO - Setting next_dagrun for example_subdag_operator.section-2 to None, run_after=None
[2023-05-25T19:40:13.706+0400] {processor.py:179} INFO - Processing /home/chinnu/.local/lib/python3.10/site-packages/airflow/example_dags/example_subdag_operator.py took 0.184 seconds
[2023-05-25T19:41:15.351+0400] {processor.py:157} INFO - Started process (PID=536) to work on /home/chinnu/.local/lib/python3.10/site-packages/airflow/example_dags/example_subdag_operator.py
[2023-05-25T19:41:15.356+0400] {processor.py:826} INFO - Processing file /home/chinnu/.local/lib/python3.10/site-packages/airflow/example_dags/example_subdag_operator.py for tasks to queue
[2023-05-25T19:41:15.358+0400] {logging_mixin.py:149} INFO - [2023-05-25T19:41:15.357+0400] {dagbag.py:541} INFO - Filling up the DagBag from /home/chinnu/.local/lib/python3.10/site-packages/airflow/example_dags/example_subdag_operator.py
[2023-05-25T19:41:15.434+0400] {processor.py:836} INFO - DAG(s) dict_keys(['example_subdag_operator.section-1', 'example_subdag_operator.section-2', 'example_subdag_operator']) retrieved from /home/chinnu/.local/lib/python3.10/site-packages/airflow/example_dags/example_subdag_operator.py
[2023-05-25T19:41:15.486+0400] {logging_mixin.py:149} INFO - [2023-05-25T19:41:15.485+0400] {dag.py:2726} INFO - Sync 3 DAGs
[2023-05-25T19:41:15.533+0400] {logging_mixin.py:149} INFO - [2023-05-25T19:41:15.533+0400] {dag.py:3486} INFO - Setting next_dagrun for example_subdag_operator to 2022-01-01T00:00:00+00:00, run_after=2022-01-01T00:00:00+00:00
[2023-05-25T19:41:15.538+0400] {logging_mixin.py:149} INFO - [2023-05-25T19:41:15.538+0400] {dag.py:3486} INFO - Setting next_dagrun for example_subdag_operator.section-1 to None, run_after=None
[2023-05-25T19:41:15.540+0400] {logging_mixin.py:149} INFO - [2023-05-25T19:41:15.540+0400] {dag.py:3486} INFO - Setting next_dagrun for example_subdag_operator.section-2 to None, run_after=None
[2023-05-25T19:41:15.558+0400] {logging_mixin.py:149} INFO - [2023-05-25T19:41:15.558+0400] {dag.py:2726} INFO - Sync 2 DAGs
[2023-05-25T19:41:15.567+0400] {logging_mixin.py:149} INFO - [2023-05-25T19:41:15.566+0400] {dag.py:3486} INFO - Setting next_dagrun for example_subdag_operator.section-1 to None, run_after=None
[2023-05-25T19:41:15.569+0400] {logging_mixin.py:149} INFO - [2023-05-25T19:41:15.569+0400] {dag.py:3486} INFO - Setting next_dagrun for example_subdag_operator.section-2 to None, run_after=None
[2023-05-25T19:41:15.609+0400] {processor.py:179} INFO - Processing /home/chinnu/.local/lib/python3.10/site-packages/airflow/example_dags/example_subdag_operator.py took 0.270 seconds
[2023-05-25T19:42:15.995+0400] {processor.py:157} INFO - Started process (PID=586) to work on /home/chinnu/.local/lib/python3.10/site-packages/airflow/example_dags/example_subdag_operator.py
[2023-05-25T19:42:16.000+0400] {processor.py:826} INFO - Processing file /home/chinnu/.local/lib/python3.10/site-packages/airflow/example_dags/example_subdag_operator.py for tasks to queue
[2023-05-25T19:42:16.003+0400] {logging_mixin.py:149} INFO - [2023-05-25T19:42:16.002+0400] {dagbag.py:541} INFO - Filling up the DagBag from /home/chinnu/.local/lib/python3.10/site-packages/airflow/example_dags/example_subdag_operator.py
[2023-05-25T19:42:16.095+0400] {processor.py:836} INFO - DAG(s) dict_keys(['example_subdag_operator.section-1', 'example_subdag_operator.section-2', 'example_subdag_operator']) retrieved from /home/chinnu/.local/lib/python3.10/site-packages/airflow/example_dags/example_subdag_operator.py
[2023-05-25T19:42:16.175+0400] {logging_mixin.py:149} INFO - [2023-05-25T19:42:16.175+0400] {dag.py:2726} INFO - Sync 3 DAGs
[2023-05-25T19:42:16.233+0400] {logging_mixin.py:149} INFO - [2023-05-25T19:42:16.233+0400] {dag.py:3486} INFO - Setting next_dagrun for example_subdag_operator to 2022-01-01T00:00:00+00:00, run_after=2022-01-01T00:00:00+00:00
[2023-05-25T19:42:16.241+0400] {logging_mixin.py:149} INFO - [2023-05-25T19:42:16.241+0400] {dag.py:3486} INFO - Setting next_dagrun for example_subdag_operator.section-1 to None, run_after=None
[2023-05-25T19:42:16.244+0400] {logging_mixin.py:149} INFO - [2023-05-25T19:42:16.243+0400] {dag.py:3486} INFO - Setting next_dagrun for example_subdag_operator.section-2 to None, run_after=None
[2023-05-25T19:42:16.259+0400] {logging_mixin.py:149} INFO - [2023-05-25T19:42:16.258+0400] {dag.py:2726} INFO - Sync 2 DAGs
[2023-05-25T19:42:16.265+0400] {logging_mixin.py:149} INFO - [2023-05-25T19:42:16.265+0400] {dag.py:3486} INFO - Setting next_dagrun for example_subdag_operator.section-1 to None, run_after=None
[2023-05-25T19:42:16.266+0400] {logging_mixin.py:149} INFO - [2023-05-25T19:42:16.266+0400] {dag.py:3486} INFO - Setting next_dagrun for example_subdag_operator.section-2 to None, run_after=None
[2023-05-25T19:42:16.295+0400] {processor.py:179} INFO - Processing /home/chinnu/.local/lib/python3.10/site-packages/airflow/example_dags/example_subdag_operator.py took 0.322 seconds
