[2023-05-25T19:37:11.358+0400] {processor.py:157} INFO - Started process (PID=321) to work on /home/chinnu/.local/lib/python3.10/site-packages/airflow/example_dags/example_datasets.py
[2023-05-25T19:37:11.366+0400] {processor.py:826} INFO - Processing file /home/chinnu/.local/lib/python3.10/site-packages/airflow/example_dags/example_datasets.py for tasks to queue
[2023-05-25T19:37:11.370+0400] {logging_mixin.py:149} INFO - [2023-05-25T19:37:11.369+0400] {dagbag.py:541} INFO - Filling up the DagBag from /home/chinnu/.local/lib/python3.10/site-packages/airflow/example_dags/example_datasets.py
[2023-05-25T19:37:11.431+0400] {processor.py:836} INFO - DAG(s) dict_keys(['dataset_consumes_1', 'dataset_consumes_1_never_scheduled', 'dataset_produces_1', 'dataset_consumes_unknown_never_scheduled', 'dataset_produces_2', 'dataset_consumes_1_and_2']) retrieved from /home/chinnu/.local/lib/python3.10/site-packages/airflow/example_dags/example_datasets.py
[2023-05-25T19:37:11.608+0400] {logging_mixin.py:149} INFO - [2023-05-25T19:37:11.608+0400] {dag.py:2726} INFO - Sync 6 DAGs
[2023-05-25T19:37:11.837+0400] {logging_mixin.py:149} INFO - [2023-05-25T19:37:11.837+0400] {dag.py:3486} INFO - Setting next_dagrun for dataset_consumes_1 to None, run_after=None
[2023-05-25T19:37:11.843+0400] {logging_mixin.py:149} INFO - [2023-05-25T19:37:11.843+0400] {dag.py:3486} INFO - Setting next_dagrun for dataset_consumes_1_and_2 to None, run_after=None
[2023-05-25T19:37:11.845+0400] {logging_mixin.py:149} INFO - [2023-05-25T19:37:11.845+0400] {dag.py:3486} INFO - Setting next_dagrun for dataset_consumes_1_never_scheduled to None, run_after=None
[2023-05-25T19:37:11.847+0400] {logging_mixin.py:149} INFO - [2023-05-25T19:37:11.847+0400] {dag.py:3486} INFO - Setting next_dagrun for dataset_consumes_unknown_never_scheduled to None, run_after=None
[2023-05-25T19:37:11.853+0400] {logging_mixin.py:149} INFO - [2023-05-25T19:37:11.853+0400] {dag.py:3486} INFO - Setting next_dagrun for dataset_produces_1 to 2023-05-24T00:00:00+00:00, run_after=2023-05-25T00:00:00+00:00
[2023-05-25T19:37:11.855+0400] {logging_mixin.py:149} INFO - [2023-05-25T19:37:11.855+0400] {dag.py:3486} INFO - Setting next_dagrun for dataset_produces_2 to None, run_after=None
[2023-05-25T19:37:11.931+0400] {processor.py:179} INFO - Processing /home/chinnu/.local/lib/python3.10/site-packages/airflow/example_dags/example_datasets.py took 0.603 seconds
[2023-05-25T19:38:27.679+0400] {processor.py:157} INFO - Started process (PID=404) to work on /home/chinnu/.local/lib/python3.10/site-packages/airflow/example_dags/example_datasets.py
[2023-05-25T19:38:27.683+0400] {processor.py:826} INFO - Processing file /home/chinnu/.local/lib/python3.10/site-packages/airflow/example_dags/example_datasets.py for tasks to queue
[2023-05-25T19:38:27.685+0400] {logging_mixin.py:149} INFO - [2023-05-25T19:38:27.685+0400] {dagbag.py:541} INFO - Filling up the DagBag from /home/chinnu/.local/lib/python3.10/site-packages/airflow/example_dags/example_datasets.py
[2023-05-25T19:38:27.726+0400] {processor.py:836} INFO - DAG(s) dict_keys(['dataset_consumes_1', 'dataset_consumes_1_never_scheduled', 'dataset_produces_2', 'dataset_consumes_1_and_2', 'dataset_consumes_unknown_never_scheduled', 'dataset_produces_1']) retrieved from /home/chinnu/.local/lib/python3.10/site-packages/airflow/example_dags/example_datasets.py
[2023-05-25T19:38:28.023+0400] {logging_mixin.py:149} INFO - [2023-05-25T19:38:28.022+0400] {dag.py:2726} INFO - Sync 6 DAGs
[2023-05-25T19:38:28.058+0400] {logging_mixin.py:149} INFO - [2023-05-25T19:38:28.057+0400] {dag.py:3486} INFO - Setting next_dagrun for dataset_consumes_1 to None, run_after=None
[2023-05-25T19:38:28.068+0400] {logging_mixin.py:149} INFO - [2023-05-25T19:38:28.068+0400] {dag.py:3486} INFO - Setting next_dagrun for dataset_consumes_1_and_2 to None, run_after=None
[2023-05-25T19:38:28.073+0400] {logging_mixin.py:149} INFO - [2023-05-25T19:38:28.072+0400] {dag.py:3486} INFO - Setting next_dagrun for dataset_consumes_1_never_scheduled to None, run_after=None
[2023-05-25T19:38:28.075+0400] {logging_mixin.py:149} INFO - [2023-05-25T19:38:28.075+0400] {dag.py:3486} INFO - Setting next_dagrun for dataset_consumes_unknown_never_scheduled to None, run_after=None
[2023-05-25T19:38:28.083+0400] {logging_mixin.py:149} INFO - [2023-05-25T19:38:28.083+0400] {dag.py:3486} INFO - Setting next_dagrun for dataset_produces_1 to 2023-05-24T00:00:00+00:00, run_after=2023-05-25T00:00:00+00:00
[2023-05-25T19:38:28.085+0400] {logging_mixin.py:149} INFO - [2023-05-25T19:38:28.085+0400] {dag.py:3486} INFO - Setting next_dagrun for dataset_produces_2 to None, run_after=None
[2023-05-25T19:38:28.167+0400] {processor.py:179} INFO - Processing /home/chinnu/.local/lib/python3.10/site-packages/airflow/example_dags/example_datasets.py took 0.506 seconds
[2023-05-25T19:39:46.606+0400] {processor.py:157} INFO - Started process (PID=464) to work on /home/chinnu/.local/lib/python3.10/site-packages/airflow/example_dags/example_datasets.py
[2023-05-25T19:39:46.608+0400] {processor.py:826} INFO - Processing file /home/chinnu/.local/lib/python3.10/site-packages/airflow/example_dags/example_datasets.py for tasks to queue
[2023-05-25T19:39:46.610+0400] {logging_mixin.py:149} INFO - [2023-05-25T19:39:46.609+0400] {dagbag.py:541} INFO - Filling up the DagBag from /home/chinnu/.local/lib/python3.10/site-packages/airflow/example_dags/example_datasets.py
[2023-05-25T19:39:46.644+0400] {processor.py:836} INFO - DAG(s) dict_keys(['dataset_consumes_1_never_scheduled', 'dataset_consumes_unknown_never_scheduled', 'dataset_produces_2', 'dataset_consumes_1_and_2', 'dataset_produces_1', 'dataset_consumes_1']) retrieved from /home/chinnu/.local/lib/python3.10/site-packages/airflow/example_dags/example_datasets.py
[2023-05-25T19:39:46.725+0400] {logging_mixin.py:149} INFO - [2023-05-25T19:39:46.725+0400] {dag.py:2726} INFO - Sync 6 DAGs
[2023-05-25T19:39:46.768+0400] {logging_mixin.py:149} INFO - [2023-05-25T19:39:46.768+0400] {dag.py:3486} INFO - Setting next_dagrun for dataset_consumes_1 to None, run_after=None
[2023-05-25T19:39:46.773+0400] {logging_mixin.py:149} INFO - [2023-05-25T19:39:46.772+0400] {dag.py:3486} INFO - Setting next_dagrun for dataset_consumes_1_and_2 to None, run_after=None
[2023-05-25T19:39:46.774+0400] {logging_mixin.py:149} INFO - [2023-05-25T19:39:46.774+0400] {dag.py:3486} INFO - Setting next_dagrun for dataset_consumes_1_never_scheduled to None, run_after=None
[2023-05-25T19:39:46.776+0400] {logging_mixin.py:149} INFO - [2023-05-25T19:39:46.775+0400] {dag.py:3486} INFO - Setting next_dagrun for dataset_consumes_unknown_never_scheduled to None, run_after=None
[2023-05-25T19:39:46.780+0400] {logging_mixin.py:149} INFO - [2023-05-25T19:39:46.780+0400] {dag.py:3486} INFO - Setting next_dagrun for dataset_produces_1 to 2023-05-24T00:00:00+00:00, run_after=2023-05-25T00:00:00+00:00
[2023-05-25T19:39:46.782+0400] {logging_mixin.py:149} INFO - [2023-05-25T19:39:46.782+0400] {dag.py:3486} INFO - Setting next_dagrun for dataset_produces_2 to None, run_after=None
[2023-05-25T19:39:46.848+0400] {processor.py:179} INFO - Processing /home/chinnu/.local/lib/python3.10/site-packages/airflow/example_dags/example_datasets.py took 0.251 seconds
[2023-05-25T19:40:46.170+0400] {processor.py:157} INFO - Started process (PID=515) to work on /home/chinnu/.local/lib/python3.10/site-packages/airflow/example_dags/example_datasets.py
[2023-05-25T19:40:46.176+0400] {processor.py:826} INFO - Processing file /home/chinnu/.local/lib/python3.10/site-packages/airflow/example_dags/example_datasets.py for tasks to queue
[2023-05-25T19:40:46.178+0400] {logging_mixin.py:149} INFO - [2023-05-25T19:40:46.177+0400] {dagbag.py:541} INFO - Filling up the DagBag from /home/chinnu/.local/lib/python3.10/site-packages/airflow/example_dags/example_datasets.py
[2023-05-25T19:40:46.216+0400] {processor.py:836} INFO - DAG(s) dict_keys(['dataset_produces_1', 'dataset_produces_2', 'dataset_consumes_1_and_2', 'dataset_consumes_unknown_never_scheduled', 'dataset_consumes_1_never_scheduled', 'dataset_consumes_1']) retrieved from /home/chinnu/.local/lib/python3.10/site-packages/airflow/example_dags/example_datasets.py
[2023-05-25T19:40:46.341+0400] {logging_mixin.py:149} INFO - [2023-05-25T19:40:46.340+0400] {dag.py:2726} INFO - Sync 6 DAGs
[2023-05-25T19:40:46.404+0400] {logging_mixin.py:149} INFO - [2023-05-25T19:40:46.404+0400] {dag.py:3486} INFO - Setting next_dagrun for dataset_consumes_1 to None, run_after=None
[2023-05-25T19:40:46.414+0400] {logging_mixin.py:149} INFO - [2023-05-25T19:40:46.414+0400] {dag.py:3486} INFO - Setting next_dagrun for dataset_consumes_1_and_2 to None, run_after=None
[2023-05-25T19:40:46.418+0400] {logging_mixin.py:149} INFO - [2023-05-25T19:40:46.417+0400] {dag.py:3486} INFO - Setting next_dagrun for dataset_consumes_1_never_scheduled to None, run_after=None
[2023-05-25T19:40:46.420+0400] {logging_mixin.py:149} INFO - [2023-05-25T19:40:46.420+0400] {dag.py:3486} INFO - Setting next_dagrun for dataset_consumes_unknown_never_scheduled to None, run_after=None
[2023-05-25T19:40:46.431+0400] {logging_mixin.py:149} INFO - [2023-05-25T19:40:46.430+0400] {dag.py:3486} INFO - Setting next_dagrun for dataset_produces_1 to 2023-05-24T00:00:00+00:00, run_after=2023-05-25T00:00:00+00:00
[2023-05-25T19:40:46.433+0400] {logging_mixin.py:149} INFO - [2023-05-25T19:40:46.433+0400] {dag.py:3486} INFO - Setting next_dagrun for dataset_produces_2 to None, run_after=None
[2023-05-25T19:40:46.532+0400] {processor.py:179} INFO - Processing /home/chinnu/.local/lib/python3.10/site-packages/airflow/example_dags/example_datasets.py took 0.375 seconds
[2023-05-25T19:41:47.301+0400] {processor.py:157} INFO - Started process (PID=565) to work on /home/chinnu/.local/lib/python3.10/site-packages/airflow/example_dags/example_datasets.py
[2023-05-25T19:41:47.305+0400] {processor.py:826} INFO - Processing file /home/chinnu/.local/lib/python3.10/site-packages/airflow/example_dags/example_datasets.py for tasks to queue
[2023-05-25T19:41:47.308+0400] {logging_mixin.py:149} INFO - [2023-05-25T19:41:47.307+0400] {dagbag.py:541} INFO - Filling up the DagBag from /home/chinnu/.local/lib/python3.10/site-packages/airflow/example_dags/example_datasets.py
[2023-05-25T19:41:47.411+0400] {processor.py:836} INFO - DAG(s) dict_keys(['dataset_consumes_1', 'dataset_produces_2', 'dataset_consumes_1_and_2', 'dataset_produces_1', 'dataset_consumes_1_never_scheduled', 'dataset_consumes_unknown_never_scheduled']) retrieved from /home/chinnu/.local/lib/python3.10/site-packages/airflow/example_dags/example_datasets.py
[2023-05-25T19:41:47.535+0400] {logging_mixin.py:149} INFO - [2023-05-25T19:41:47.535+0400] {dag.py:2726} INFO - Sync 6 DAGs
[2023-05-25T19:41:47.600+0400] {logging_mixin.py:149} INFO - [2023-05-25T19:41:47.600+0400] {dag.py:3486} INFO - Setting next_dagrun for dataset_consumes_1 to None, run_after=None
[2023-05-25T19:41:47.608+0400] {logging_mixin.py:149} INFO - [2023-05-25T19:41:47.608+0400] {dag.py:3486} INFO - Setting next_dagrun for dataset_consumes_1_and_2 to None, run_after=None
[2023-05-25T19:41:47.611+0400] {logging_mixin.py:149} INFO - [2023-05-25T19:41:47.611+0400] {dag.py:3486} INFO - Setting next_dagrun for dataset_consumes_1_never_scheduled to None, run_after=None
[2023-05-25T19:41:47.614+0400] {logging_mixin.py:149} INFO - [2023-05-25T19:41:47.613+0400] {dag.py:3486} INFO - Setting next_dagrun for dataset_consumes_unknown_never_scheduled to None, run_after=None
[2023-05-25T19:41:47.621+0400] {logging_mixin.py:149} INFO - [2023-05-25T19:41:47.620+0400] {dag.py:3486} INFO - Setting next_dagrun for dataset_produces_1 to 2023-05-24T00:00:00+00:00, run_after=2023-05-25T00:00:00+00:00
[2023-05-25T19:41:47.623+0400] {logging_mixin.py:149} INFO - [2023-05-25T19:41:47.623+0400] {dag.py:3486} INFO - Setting next_dagrun for dataset_produces_2 to None, run_after=None
[2023-05-25T19:41:47.720+0400] {processor.py:179} INFO - Processing /home/chinnu/.local/lib/python3.10/site-packages/airflow/example_dags/example_datasets.py took 0.433 seconds
[2023-05-25T19:42:48.758+0400] {processor.py:157} INFO - Started process (PID=616) to work on /home/chinnu/.local/lib/python3.10/site-packages/airflow/example_dags/example_datasets.py
[2023-05-25T19:42:48.765+0400] {processor.py:826} INFO - Processing file /home/chinnu/.local/lib/python3.10/site-packages/airflow/example_dags/example_datasets.py for tasks to queue
[2023-05-25T19:42:48.768+0400] {logging_mixin.py:149} INFO - [2023-05-25T19:42:48.767+0400] {dagbag.py:541} INFO - Filling up the DagBag from /home/chinnu/.local/lib/python3.10/site-packages/airflow/example_dags/example_datasets.py
[2023-05-25T19:42:48.824+0400] {processor.py:836} INFO - DAG(s) dict_keys(['dataset_produces_1', 'dataset_consumes_1_never_scheduled', 'dataset_consumes_1_and_2', 'dataset_produces_2', 'dataset_consumes_1', 'dataset_consumes_unknown_never_scheduled']) retrieved from /home/chinnu/.local/lib/python3.10/site-packages/airflow/example_dags/example_datasets.py
[2023-05-25T19:42:48.987+0400] {logging_mixin.py:149} INFO - [2023-05-25T19:42:48.986+0400] {dag.py:2726} INFO - Sync 6 DAGs
[2023-05-25T19:42:49.075+0400] {logging_mixin.py:149} INFO - [2023-05-25T19:42:49.075+0400] {dag.py:3486} INFO - Setting next_dagrun for dataset_consumes_1 to None, run_after=None
[2023-05-25T19:42:49.088+0400] {logging_mixin.py:149} INFO - [2023-05-25T19:42:49.087+0400] {dag.py:3486} INFO - Setting next_dagrun for dataset_consumes_1_and_2 to None, run_after=None
[2023-05-25T19:42:49.090+0400] {logging_mixin.py:149} INFO - [2023-05-25T19:42:49.090+0400] {dag.py:3486} INFO - Setting next_dagrun for dataset_consumes_1_never_scheduled to None, run_after=None
[2023-05-25T19:42:49.092+0400] {logging_mixin.py:149} INFO - [2023-05-25T19:42:49.092+0400] {dag.py:3486} INFO - Setting next_dagrun for dataset_consumes_unknown_never_scheduled to None, run_after=None
[2023-05-25T19:42:49.103+0400] {logging_mixin.py:149} INFO - [2023-05-25T19:42:49.103+0400] {dag.py:3486} INFO - Setting next_dagrun for dataset_produces_1 to 2023-05-24T00:00:00+00:00, run_after=2023-05-25T00:00:00+00:00
[2023-05-25T19:42:49.108+0400] {logging_mixin.py:149} INFO - [2023-05-25T19:42:49.106+0400] {dag.py:3486} INFO - Setting next_dagrun for dataset_produces_2 to None, run_after=None
[2023-05-25T19:42:49.221+0400] {processor.py:179} INFO - Processing /home/chinnu/.local/lib/python3.10/site-packages/airflow/example_dags/example_datasets.py took 0.496 seconds
