[2023-05-25T19:34:51.420+0400] {processor.py:157} INFO - Started process (PID=170) to work on /home/chinnu/.local/lib/python3.10/site-packages/airflow/example_dags/example_short_circuit_decorator.py
[2023-05-25T19:34:51.424+0400] {processor.py:826} INFO - Processing file /home/chinnu/.local/lib/python3.10/site-packages/airflow/example_dags/example_short_circuit_decorator.py for tasks to queue
[2023-05-25T19:34:51.428+0400] {logging_mixin.py:149} INFO - [2023-05-25T19:34:51.427+0400] {dagbag.py:541} INFO - Filling up the DagBag from /home/chinnu/.local/lib/python3.10/site-packages/airflow/example_dags/example_short_circuit_decorator.py
[2023-05-25T19:34:51.483+0400] {processor.py:836} INFO - DAG(s) dict_keys(['example_short_circuit_decorator']) retrieved from /home/chinnu/.local/lib/python3.10/site-packages/airflow/example_dags/example_short_circuit_decorator.py
[2023-05-25T19:34:51.588+0400] {logging_mixin.py:149} INFO - [2023-05-25T19:34:51.588+0400] {dag.py:2726} INFO - Sync 1 DAGs
[2023-05-25T19:34:51.657+0400] {logging_mixin.py:149} INFO - [2023-05-25T19:34:51.657+0400] {dag.py:3486} INFO - Setting next_dagrun for example_short_circuit_decorator to 2023-05-24T15:34:51.656709+00:00, run_after=2023-05-25T15:34:51.656709+00:00
[2023-05-25T19:34:51.736+0400] {processor.py:179} INFO - Processing /home/chinnu/.local/lib/python3.10/site-packages/airflow/example_dags/example_short_circuit_decorator.py took 0.329 seconds
[2023-05-25T19:36:27.938+0400] {processor.py:157} INFO - Started process (PID=281) to work on /home/chinnu/.local/lib/python3.10/site-packages/airflow/example_dags/example_short_circuit_decorator.py
[2023-05-25T19:36:27.942+0400] {processor.py:826} INFO - Processing file /home/chinnu/.local/lib/python3.10/site-packages/airflow/example_dags/example_short_circuit_decorator.py for tasks to queue
[2023-05-25T19:36:27.943+0400] {logging_mixin.py:149} INFO - [2023-05-25T19:36:27.943+0400] {dagbag.py:541} INFO - Filling up the DagBag from /home/chinnu/.local/lib/python3.10/site-packages/airflow/example_dags/example_short_circuit_decorator.py
[2023-05-25T19:36:27.966+0400] {processor.py:836} INFO - DAG(s) dict_keys(['example_short_circuit_decorator']) retrieved from /home/chinnu/.local/lib/python3.10/site-packages/airflow/example_dags/example_short_circuit_decorator.py
[2023-05-25T19:36:28.015+0400] {logging_mixin.py:149} INFO - [2023-05-25T19:36:28.014+0400] {dag.py:2726} INFO - Sync 1 DAGs
[2023-05-25T19:36:28.045+0400] {logging_mixin.py:149} INFO - [2023-05-25T19:36:28.045+0400] {dag.py:3486} INFO - Setting next_dagrun for example_short_circuit_decorator to 2023-05-24T15:36:28.045275+00:00, run_after=2023-05-25T15:36:28.045275+00:00
[2023-05-25T19:36:28.087+0400] {processor.py:179} INFO - Processing /home/chinnu/.local/lib/python3.10/site-packages/airflow/example_dags/example_short_circuit_decorator.py took 0.160 seconds
[2023-05-25T19:37:56.432+0400] {processor.py:157} INFO - Started process (PID=355) to work on /home/chinnu/.local/lib/python3.10/site-packages/airflow/example_dags/example_short_circuit_decorator.py
[2023-05-25T19:37:56.436+0400] {processor.py:826} INFO - Processing file /home/chinnu/.local/lib/python3.10/site-packages/airflow/example_dags/example_short_circuit_decorator.py for tasks to queue
[2023-05-25T19:37:56.438+0400] {logging_mixin.py:149} INFO - [2023-05-25T19:37:56.437+0400] {dagbag.py:541} INFO - Filling up the DagBag from /home/chinnu/.local/lib/python3.10/site-packages/airflow/example_dags/example_short_circuit_decorator.py
[2023-05-25T19:37:56.463+0400] {processor.py:836} INFO - DAG(s) dict_keys(['example_short_circuit_decorator']) retrieved from /home/chinnu/.local/lib/python3.10/site-packages/airflow/example_dags/example_short_circuit_decorator.py
[2023-05-25T19:37:56.510+0400] {logging_mixin.py:149} INFO - [2023-05-25T19:37:56.510+0400] {dag.py:2726} INFO - Sync 1 DAGs
[2023-05-25T19:37:56.692+0400] {logging_mixin.py:149} INFO - [2023-05-25T19:37:56.692+0400] {dag.py:3486} INFO - Setting next_dagrun for example_short_circuit_decorator to 2023-05-24T15:37:56.692526+00:00, run_after=2023-05-25T15:37:56.692526+00:00
[2023-05-25T19:37:56.725+0400] {processor.py:179} INFO - Processing /home/chinnu/.local/lib/python3.10/site-packages/airflow/example_dags/example_short_circuit_decorator.py took 0.307 seconds
[2023-05-25T19:39:16.676+0400] {processor.py:157} INFO - Started process (PID=438) to work on /home/chinnu/.local/lib/python3.10/site-packages/airflow/example_dags/example_short_circuit_decorator.py
[2023-05-25T19:39:16.680+0400] {processor.py:826} INFO - Processing file /home/chinnu/.local/lib/python3.10/site-packages/airflow/example_dags/example_short_circuit_decorator.py for tasks to queue
[2023-05-25T19:39:16.681+0400] {logging_mixin.py:149} INFO - [2023-05-25T19:39:16.681+0400] {dagbag.py:541} INFO - Filling up the DagBag from /home/chinnu/.local/lib/python3.10/site-packages/airflow/example_dags/example_short_circuit_decorator.py
[2023-05-25T19:39:16.725+0400] {processor.py:836} INFO - DAG(s) dict_keys(['example_short_circuit_decorator']) retrieved from /home/chinnu/.local/lib/python3.10/site-packages/airflow/example_dags/example_short_circuit_decorator.py
[2023-05-25T19:39:16.925+0400] {logging_mixin.py:149} INFO - [2023-05-25T19:39:16.924+0400] {dag.py:2726} INFO - Sync 1 DAGs
[2023-05-25T19:39:17.022+0400] {logging_mixin.py:149} INFO - [2023-05-25T19:39:17.021+0400] {dag.py:3486} INFO - Setting next_dagrun for example_short_circuit_decorator to 2023-05-24T15:39:17.021453+00:00, run_after=2023-05-25T15:39:17.021453+00:00
[2023-05-25T19:39:17.062+0400] {processor.py:179} INFO - Processing /home/chinnu/.local/lib/python3.10/site-packages/airflow/example_dags/example_short_circuit_decorator.py took 0.403 seconds
[2023-05-25T19:40:18.587+0400] {processor.py:157} INFO - Started process (PID=489) to work on /home/chinnu/.local/lib/python3.10/site-packages/airflow/example_dags/example_short_circuit_decorator.py
[2023-05-25T19:40:18.591+0400] {processor.py:826} INFO - Processing file /home/chinnu/.local/lib/python3.10/site-packages/airflow/example_dags/example_short_circuit_decorator.py for tasks to queue
[2023-05-25T19:40:18.593+0400] {logging_mixin.py:149} INFO - [2023-05-25T19:40:18.593+0400] {dagbag.py:541} INFO - Filling up the DagBag from /home/chinnu/.local/lib/python3.10/site-packages/airflow/example_dags/example_short_circuit_decorator.py
[2023-05-25T19:40:18.631+0400] {processor.py:836} INFO - DAG(s) dict_keys(['example_short_circuit_decorator']) retrieved from /home/chinnu/.local/lib/python3.10/site-packages/airflow/example_dags/example_short_circuit_decorator.py
[2023-05-25T19:40:18.721+0400] {logging_mixin.py:149} INFO - [2023-05-25T19:40:18.721+0400] {dag.py:2726} INFO - Sync 1 DAGs
[2023-05-25T19:40:18.780+0400] {logging_mixin.py:149} INFO - [2023-05-25T19:40:18.780+0400] {dag.py:3486} INFO - Setting next_dagrun for example_short_circuit_decorator to 2023-05-24T15:40:18.779710+00:00, run_after=2023-05-25T15:40:18.779710+00:00
[2023-05-25T19:40:18.822+0400] {processor.py:179} INFO - Processing /home/chinnu/.local/lib/python3.10/site-packages/airflow/example_dags/example_short_circuit_decorator.py took 0.270 seconds
[2023-05-25T19:41:19.334+0400] {processor.py:157} INFO - Started process (PID=540) to work on /home/chinnu/.local/lib/python3.10/site-packages/airflow/example_dags/example_short_circuit_decorator.py
[2023-05-25T19:41:19.340+0400] {processor.py:826} INFO - Processing file /home/chinnu/.local/lib/python3.10/site-packages/airflow/example_dags/example_short_circuit_decorator.py for tasks to queue
[2023-05-25T19:41:19.346+0400] {logging_mixin.py:149} INFO - [2023-05-25T19:41:19.344+0400] {dagbag.py:541} INFO - Filling up the DagBag from /home/chinnu/.local/lib/python3.10/site-packages/airflow/example_dags/example_short_circuit_decorator.py
[2023-05-25T19:41:19.386+0400] {processor.py:836} INFO - DAG(s) dict_keys(['example_short_circuit_decorator']) retrieved from /home/chinnu/.local/lib/python3.10/site-packages/airflow/example_dags/example_short_circuit_decorator.py
[2023-05-25T19:41:19.438+0400] {logging_mixin.py:149} INFO - [2023-05-25T19:41:19.438+0400] {dag.py:2726} INFO - Sync 1 DAGs
[2023-05-25T19:41:19.480+0400] {logging_mixin.py:149} INFO - [2023-05-25T19:41:19.480+0400] {dag.py:3486} INFO - Setting next_dagrun for example_short_circuit_decorator to 2023-05-24T15:41:19.479501+00:00, run_after=2023-05-25T15:41:19.479501+00:00
[2023-05-25T19:41:19.523+0400] {processor.py:179} INFO - Processing /home/chinnu/.local/lib/python3.10/site-packages/airflow/example_dags/example_short_circuit_decorator.py took 0.222 seconds
[2023-05-25T19:42:21.112+0400] {processor.py:157} INFO - Started process (PID=590) to work on /home/chinnu/.local/lib/python3.10/site-packages/airflow/example_dags/example_short_circuit_decorator.py
[2023-05-25T19:42:21.114+0400] {processor.py:826} INFO - Processing file /home/chinnu/.local/lib/python3.10/site-packages/airflow/example_dags/example_short_circuit_decorator.py for tasks to queue
[2023-05-25T19:42:21.116+0400] {logging_mixin.py:149} INFO - [2023-05-25T19:42:21.116+0400] {dagbag.py:541} INFO - Filling up the DagBag from /home/chinnu/.local/lib/python3.10/site-packages/airflow/example_dags/example_short_circuit_decorator.py
[2023-05-25T19:42:21.143+0400] {processor.py:836} INFO - DAG(s) dict_keys(['example_short_circuit_decorator']) retrieved from /home/chinnu/.local/lib/python3.10/site-packages/airflow/example_dags/example_short_circuit_decorator.py
[2023-05-25T19:42:21.193+0400] {logging_mixin.py:149} INFO - [2023-05-25T19:42:21.193+0400] {dag.py:2726} INFO - Sync 1 DAGs
[2023-05-25T19:42:21.226+0400] {logging_mixin.py:149} INFO - [2023-05-25T19:42:21.226+0400] {dag.py:3486} INFO - Setting next_dagrun for example_short_circuit_decorator to 2023-05-24T15:42:21.226116+00:00, run_after=2023-05-25T15:42:21.226116+00:00
[2023-05-25T19:42:21.272+0400] {processor.py:179} INFO - Processing /home/chinnu/.local/lib/python3.10/site-packages/airflow/example_dags/example_short_circuit_decorator.py took 0.167 seconds
