[2023-05-25T19:32:41.254+0400] {taskinstance.py:1103} INFO - Dependencies all met for dep_context=non-requeueable deps ti=<TaskInstance: podcast_summary.create_table_sqlite scheduled__2023-05-24T00:00:00+00:00 [queued]>
[2023-05-25T19:32:41.272+0400] {taskinstance.py:1103} INFO - Dependencies all met for dep_context=requeueable deps ti=<TaskInstance: podcast_summary.create_table_sqlite scheduled__2023-05-24T00:00:00+00:00 [queued]>
[2023-05-25T19:32:41.272+0400] {taskinstance.py:1308} INFO - Starting attempt 1 of 1
[2023-05-25T19:32:41.301+0400] {taskinstance.py:1327} INFO - Executing <Task(SqliteOperator): create_table_sqlite> on 2023-05-24 00:00:00+00:00
[2023-05-25T19:32:41.378+0400] {standard_task_runner.py:57} INFO - Started process 84 to run task
[2023-05-25T19:32:41.401+0400] {standard_task_runner.py:84} INFO - Running: ['airflow', 'tasks', 'run', 'podcast_summary', 'create_table_sqlite', 'scheduled__2023-05-24T00:00:00+00:00', '--job-id', '68', '--raw', '--subdir', 'DAGS_FOLDER/podcast_summary.py', '--cfg-path', '/tmp/tmpj7wae4wu']
[2023-05-25T19:32:41.410+0400] {standard_task_runner.py:85} INFO - Job 68: Subtask create_table_sqlite
[2023-05-25T19:32:41.568+0400] {task_command.py:410} INFO - Running <TaskInstance: podcast_summary.create_table_sqlite scheduled__2023-05-24T00:00:00+00:00 [running]> on host DESKTOP-V010GL9.localdomain
[2023-05-25T19:32:41.780+0400] {taskinstance.py:1545} INFO - Exporting env vars: AIRFLOW_CTX_DAG_OWNER='airflow' AIRFLOW_CTX_DAG_ID='podcast_summary' AIRFLOW_CTX_TASK_ID='create_table_sqlite' AIRFLOW_CTX_EXECUTION_DATE='2023-05-24T00:00:00+00:00' AIRFLOW_CTX_TRY_NUMBER='1' AIRFLOW_CTX_DAG_RUN_ID='scheduled__2023-05-24T00:00:00+00:00'
[2023-05-25T19:32:41.784+0400] {sql.py:262} INFO - Executing: 
        CREATE TABLE IF NOT EXISTS episodes (
            link TEXT PRIMARY KEY,
            title TEXT,
            filename TEXT,
            published TEXT,
            description TEXT,
            transcript TEXT
        );
        
[2023-05-25T19:32:41.804+0400] {base.py:73} INFO - Using connection ID 'podcasts' for task execution.
[2023-05-25T19:32:42.113+0400] {base.py:73} INFO - Using connection ID 'podcasts' for task execution.
[2023-05-25T19:32:42.116+0400] {sql.py:375} INFO - Running statement: 
        CREATE TABLE IF NOT EXISTS episodes (
            link TEXT PRIMARY KEY,
            title TEXT,
            filename TEXT,
            published TEXT,
            description TEXT,
            transcript TEXT
        );
        , parameters: None
[2023-05-25T19:32:42.131+0400] {taskinstance.py:1345} INFO - Marking task as SUCCESS. dag_id=podcast_summary, task_id=create_table_sqlite, execution_date=20230524T000000, start_date=20230525T153241, end_date=20230525T153242
[2023-05-25T19:32:42.195+0400] {local_task_job_runner.py:225} INFO - Task exited with return code 0
[2023-05-25T19:32:42.257+0400] {taskinstance.py:2651} INFO - 1 downstream tasks scheduled from follow-on schedule check
