[2023-05-24T18:36:06.402+0400] {taskinstance.py:1093} INFO - Dependencies not met for <TaskInstance: podcast_summary.create_table_sqlite manual__2023-05-24T14:35:59.216260+00:00 [scheduled]>, dependency 'Task Instance State' FAILED: Task is in the 'scheduled' state.
[2023-05-24T18:36:06.403+0400] {local_task_job_runner.py:154} INFO - Task is not able to be run
[2023-05-24T18:36:11.195+0400] {taskinstance.py:1103} INFO - Dependencies all met for dep_context=non-requeueable deps ti=<TaskInstance: podcast_summary.create_table_sqlite manual__2023-05-24T14:35:59.216260+00:00 [queued]>
[2023-05-24T18:36:11.204+0400] {taskinstance.py:1103} INFO - Dependencies all met for dep_context=requeueable deps ti=<TaskInstance: podcast_summary.create_table_sqlite manual__2023-05-24T14:35:59.216260+00:00 [queued]>
[2023-05-24T18:36:11.204+0400] {taskinstance.py:1308} INFO - Starting attempt 1 of 1
[2023-05-24T18:36:11.221+0400] {taskinstance.py:1327} INFO - Executing <Task(SqliteOperator): create_table_sqlite> on 2023-05-24 14:35:59.216260+00:00
[2023-05-24T18:36:11.250+0400] {standard_task_runner.py:57} INFO - Started process 278 to run task
[2023-05-24T18:36:11.261+0400] {standard_task_runner.py:84} INFO - Running: ['airflow', 'tasks', 'run', 'podcast_summary', 'create_table_sqlite', 'manual__2023-05-24T14:35:59.216260+00:00', '--job-id', '53', '--raw', '--subdir', 'DAGS_FOLDER/podcast_summary.py', '--cfg-path', '/tmp/tmpdypxxs3c']
[2023-05-24T18:36:11.265+0400] {standard_task_runner.py:85} INFO - Job 53: Subtask create_table_sqlite
[2023-05-24T18:36:11.329+0400] {task_command.py:410} INFO - Running <TaskInstance: podcast_summary.create_table_sqlite manual__2023-05-24T14:35:59.216260+00:00 [running]> on host DESKTOP-V010GL9.localdomain
[2023-05-24T18:36:11.399+0400] {taskinstance.py:1545} INFO - Exporting env vars: AIRFLOW_CTX_DAG_OWNER='airflow' AIRFLOW_CTX_DAG_ID='podcast_summary' AIRFLOW_CTX_TASK_ID='create_table_sqlite' AIRFLOW_CTX_EXECUTION_DATE='2023-05-24T14:35:59.216260+00:00' AIRFLOW_CTX_TRY_NUMBER='1' AIRFLOW_CTX_DAG_RUN_ID='manual__2023-05-24T14:35:59.216260+00:00'
[2023-05-24T18:36:11.401+0400] {sql.py:262} INFO - Executing: 
        CREATE TABLE IF NOT EXISTS episodes (
            link TEXT PRIMARY KEY,
            title TEXT,
            filename TEXT,
            published TEXT,
            description TEXT,
            transcript TEXT
        );
        
[2023-05-24T18:36:11.406+0400] {base.py:73} INFO - Using connection ID 'podcasts' for task execution.
[2023-05-24T18:36:11.437+0400] {base.py:73} INFO - Using connection ID 'podcasts' for task execution.
[2023-05-24T18:36:11.439+0400] {sql.py:375} INFO - Running statement: 
        CREATE TABLE IF NOT EXISTS episodes (
            link TEXT PRIMARY KEY,
            title TEXT,
            filename TEXT,
            published TEXT,
            description TEXT,
            transcript TEXT
        );
        , parameters: None
[2023-05-24T18:36:11.445+0400] {taskinstance.py:1345} INFO - Marking task as SUCCESS. dag_id=podcast_summary, task_id=create_table_sqlite, execution_date=20230524T143559, start_date=20230524T143611, end_date=20230524T143611
[2023-05-24T18:36:11.473+0400] {local_task_job_runner.py:225} INFO - Task exited with return code 0
[2023-05-24T18:36:11.507+0400] {taskinstance.py:2651} INFO - 1 downstream tasks scheduled from follow-on schedule check
