[2023-05-26T19:33:04.502+0400] {processor.py:157} INFO - Started process (PID=107) to work on /home/chinnu/airflow/dags/podcast_summary.py
[2023-05-26T19:33:04.506+0400] {processor.py:826} INFO - Processing file /home/chinnu/airflow/dags/podcast_summary.py for tasks to queue
[2023-05-26T19:33:04.508+0400] {logging_mixin.py:149} INFO - [2023-05-26T19:33:04.508+0400] {dagbag.py:541} INFO - Filling up the DagBag from /home/chinnu/airflow/dags/podcast_summary.py
[2023-05-26T19:33:04.824+0400] {logging_mixin.py:149} WARNING - /home/chinnu/.local/lib/python3.10/site-packages/pydub/utils.py:170 RuntimeWarning: Couldn't find ffmpeg or avconv - defaulting to ffmpeg, but may not work
[2023-05-26T19:33:05.019+0400] {processor.py:836} INFO - DAG(s) dict_keys(['podcast_summary']) retrieved from /home/chinnu/airflow/dags/podcast_summary.py
[2023-05-26T19:33:05.332+0400] {logging_mixin.py:149} INFO - [2023-05-26T19:33:05.332+0400] {dag.py:2726} INFO - Sync 1 DAGs
[2023-05-26T19:33:05.362+0400] {logging_mixin.py:149} INFO - [2023-05-26T19:33:05.362+0400] {dag.py:3486} INFO - Setting next_dagrun for podcast_summary to 2023-05-25T00:00:00+00:00, run_after=2023-05-26T00:00:00+00:00
[2023-05-26T19:33:05.578+0400] {processor.py:179} INFO - Processing /home/chinnu/airflow/dags/podcast_summary.py took 1.091 seconds
[2023-05-26T19:34:05.571+0400] {processor.py:157} INFO - Started process (PID=150) to work on /home/chinnu/airflow/dags/podcast_summary.py
[2023-05-26T19:34:05.573+0400] {processor.py:826} INFO - Processing file /home/chinnu/airflow/dags/podcast_summary.py for tasks to queue
[2023-05-26T19:34:05.574+0400] {logging_mixin.py:149} INFO - [2023-05-26T19:34:05.574+0400] {dagbag.py:541} INFO - Filling up the DagBag from /home/chinnu/airflow/dags/podcast_summary.py
[2023-05-26T19:34:05.658+0400] {logging_mixin.py:149} WARNING - /home/chinnu/.local/lib/python3.10/site-packages/pydub/utils.py:170 RuntimeWarning: Couldn't find ffmpeg or avconv - defaulting to ffmpeg, but may not work
[2023-05-26T19:34:05.687+0400] {processor.py:836} INFO - DAG(s) dict_keys(['podcast_summary']) retrieved from /home/chinnu/airflow/dags/podcast_summary.py
[2023-05-26T19:34:05.750+0400] {logging_mixin.py:149} INFO - [2023-05-26T19:34:05.749+0400] {dag.py:2726} INFO - Sync 1 DAGs
[2023-05-26T19:34:05.785+0400] {logging_mixin.py:149} INFO - [2023-05-26T19:34:05.785+0400] {dag.py:3486} INFO - Setting next_dagrun for podcast_summary to 2023-05-26T00:00:00+00:00, run_after=2023-05-27T00:00:00+00:00
[2023-05-26T19:34:05.820+0400] {processor.py:179} INFO - Processing /home/chinnu/airflow/dags/podcast_summary.py took 0.256 seconds
[2023-05-26T19:36:09.663+0400] {processor.py:157} INFO - Started process (PID=167) to work on /home/chinnu/airflow/dags/podcast_summary.py
[2023-05-26T19:36:09.665+0400] {processor.py:826} INFO - Processing file /home/chinnu/airflow/dags/podcast_summary.py for tasks to queue
[2023-05-26T19:36:09.666+0400] {logging_mixin.py:149} INFO - [2023-05-26T19:36:09.666+0400] {dagbag.py:541} INFO - Filling up the DagBag from /home/chinnu/airflow/dags/podcast_summary.py
[2023-05-26T19:36:09.927+0400] {logging_mixin.py:149} WARNING - /home/chinnu/.local/lib/python3.10/site-packages/pydub/utils.py:170 RuntimeWarning: Couldn't find ffmpeg or avconv - defaulting to ffmpeg, but may not work
[2023-05-26T19:36:09.992+0400] {processor.py:836} INFO - DAG(s) dict_keys(['podcast_summary']) retrieved from /home/chinnu/airflow/dags/podcast_summary.py
[2023-05-26T19:36:10.173+0400] {logging_mixin.py:149} INFO - [2023-05-26T19:36:10.173+0400] {dag.py:2726} INFO - Sync 1 DAGs
[2023-05-26T19:36:10.203+0400] {logging_mixin.py:149} INFO - [2023-05-26T19:36:10.203+0400] {dag.py:3486} INFO - Setting next_dagrun for podcast_summary to 2023-05-26T00:00:00+00:00, run_after=2023-05-27T00:00:00+00:00
[2023-05-26T19:36:10.244+0400] {processor.py:179} INFO - Processing /home/chinnu/airflow/dags/podcast_summary.py took 0.587 seconds
[2023-05-26T19:36:59.137+0400] {processor.py:157} INFO - Started process (PID=180) to work on /home/chinnu/airflow/dags/podcast_summary.py
[2023-05-26T19:36:59.138+0400] {processor.py:826} INFO - Processing file /home/chinnu/airflow/dags/podcast_summary.py for tasks to queue
[2023-05-26T19:36:59.139+0400] {logging_mixin.py:149} INFO - [2023-05-26T19:36:59.139+0400] {dagbag.py:541} INFO - Filling up the DagBag from /home/chinnu/airflow/dags/podcast_summary.py
[2023-05-26T19:36:59.194+0400] {logging_mixin.py:149} WARNING - /home/chinnu/.local/lib/python3.10/site-packages/pydub/utils.py:170 RuntimeWarning: Couldn't find ffmpeg or avconv - defaulting to ffmpeg, but may not work
[2023-05-26T19:36:59.212+0400] {processor.py:836} INFO - DAG(s) dict_keys(['podcast_summary']) retrieved from /home/chinnu/airflow/dags/podcast_summary.py
[2023-05-26T19:36:59.252+0400] {logging_mixin.py:149} INFO - [2023-05-26T19:36:59.251+0400] {dag.py:2726} INFO - Sync 1 DAGs
[2023-05-26T19:36:59.279+0400] {logging_mixin.py:149} INFO - [2023-05-26T19:36:59.279+0400] {dag.py:3486} INFO - Setting next_dagrun for podcast_summary to 2023-05-26T00:00:00+00:00, run_after=2023-05-27T00:00:00+00:00
[2023-05-26T19:36:59.310+0400] {processor.py:179} INFO - Processing /home/chinnu/airflow/dags/podcast_summary.py took 0.180 seconds
[2023-05-26T19:38:20.874+0400] {processor.py:157} INFO - Started process (PID=191) to work on /home/chinnu/airflow/dags/podcast_summary.py
[2023-05-26T19:38:20.876+0400] {processor.py:826} INFO - Processing file /home/chinnu/airflow/dags/podcast_summary.py for tasks to queue
[2023-05-26T19:38:20.876+0400] {logging_mixin.py:149} INFO - [2023-05-26T19:38:20.876+0400] {dagbag.py:541} INFO - Filling up the DagBag from /home/chinnu/airflow/dags/podcast_summary.py
[2023-05-26T19:38:20.925+0400] {logging_mixin.py:149} WARNING - /home/chinnu/.local/lib/python3.10/site-packages/pydub/utils.py:170 RuntimeWarning: Couldn't find ffmpeg or avconv - defaulting to ffmpeg, but may not work
[2023-05-26T19:38:20.935+0400] {processor.py:836} INFO - DAG(s) dict_keys(['podcast_summary']) retrieved from /home/chinnu/airflow/dags/podcast_summary.py
[2023-05-26T19:38:20.971+0400] {logging_mixin.py:149} INFO - [2023-05-26T19:38:20.971+0400] {dag.py:2726} INFO - Sync 1 DAGs
[2023-05-26T19:38:20.994+0400] {logging_mixin.py:149} INFO - [2023-05-26T19:38:20.994+0400] {dag.py:3486} INFO - Setting next_dagrun for podcast_summary to 2023-05-26T00:00:00+00:00, run_after=2023-05-27T00:00:00+00:00
[2023-05-26T19:38:21.025+0400] {processor.py:179} INFO - Processing /home/chinnu/airflow/dags/podcast_summary.py took 0.156 seconds
[2023-05-26T19:39:19.578+0400] {processor.py:157} INFO - Started process (PID=242) to work on /home/chinnu/airflow/dags/podcast_summary.py
[2023-05-26T19:39:19.582+0400] {processor.py:826} INFO - Processing file /home/chinnu/airflow/dags/podcast_summary.py for tasks to queue
[2023-05-26T19:39:19.584+0400] {logging_mixin.py:149} INFO - [2023-05-26T19:39:19.583+0400] {dagbag.py:541} INFO - Filling up the DagBag from /home/chinnu/airflow/dags/podcast_summary.py
[2023-05-26T19:39:19.656+0400] {logging_mixin.py:149} WARNING - /home/chinnu/.local/lib/python3.10/site-packages/pydub/utils.py:170 RuntimeWarning: Couldn't find ffmpeg or avconv - defaulting to ffmpeg, but may not work
[2023-05-26T19:39:19.666+0400] {processor.py:836} INFO - DAG(s) dict_keys(['podcast_summary']) retrieved from /home/chinnu/airflow/dags/podcast_summary.py
[2023-05-26T19:39:19.695+0400] {logging_mixin.py:149} INFO - [2023-05-26T19:39:19.695+0400] {dag.py:2726} INFO - Sync 1 DAGs
[2023-05-26T19:39:19.720+0400] {logging_mixin.py:149} INFO - [2023-05-26T19:39:19.719+0400] {dag.py:3486} INFO - Setting next_dagrun for podcast_summary to 2023-05-26T00:00:00+00:00, run_after=2023-05-27T00:00:00+00:00
[2023-05-26T19:39:19.755+0400] {processor.py:179} INFO - Processing /home/chinnu/airflow/dags/podcast_summary.py took 0.197 seconds
[2023-05-26T19:40:10.599+0400] {processor.py:157} INFO - Started process (PID=802) to work on /home/chinnu/airflow/dags/podcast_summary.py
[2023-05-26T19:40:10.602+0400] {processor.py:826} INFO - Processing file /home/chinnu/airflow/dags/podcast_summary.py for tasks to queue
[2023-05-26T19:40:10.604+0400] {logging_mixin.py:149} INFO - [2023-05-26T19:40:10.603+0400] {dagbag.py:541} INFO - Filling up the DagBag from /home/chinnu/airflow/dags/podcast_summary.py
[2023-05-26T19:40:10.670+0400] {logging_mixin.py:149} WARNING - /home/chinnu/.local/lib/python3.10/site-packages/pydub/utils.py:170 RuntimeWarning: Couldn't find ffmpeg or avconv - defaulting to ffmpeg, but may not work
[2023-05-26T19:40:10.680+0400] {processor.py:836} INFO - DAG(s) dict_keys(['podcast_summary']) retrieved from /home/chinnu/airflow/dags/podcast_summary.py
[2023-05-26T19:40:10.709+0400] {logging_mixin.py:149} INFO - [2023-05-26T19:40:10.709+0400] {dag.py:2726} INFO - Sync 1 DAGs
[2023-05-26T19:40:10.731+0400] {logging_mixin.py:149} INFO - [2023-05-26T19:40:10.731+0400] {dag.py:3486} INFO - Setting next_dagrun for podcast_summary to 2023-05-26T00:00:00+00:00, run_after=2023-05-27T00:00:00+00:00
[2023-05-26T19:40:10.762+0400] {processor.py:179} INFO - Processing /home/chinnu/airflow/dags/podcast_summary.py took 0.180 seconds
[2023-05-26T19:40:58.879+0400] {processor.py:157} INFO - Started process (PID=847) to work on /home/chinnu/airflow/dags/podcast_summary.py
[2023-05-26T19:40:58.880+0400] {processor.py:826} INFO - Processing file /home/chinnu/airflow/dags/podcast_summary.py for tasks to queue
[2023-05-26T19:40:58.881+0400] {logging_mixin.py:149} INFO - [2023-05-26T19:40:58.881+0400] {dagbag.py:541} INFO - Filling up the DagBag from /home/chinnu/airflow/dags/podcast_summary.py
[2023-05-26T19:40:58.940+0400] {logging_mixin.py:149} WARNING - /home/chinnu/.local/lib/python3.10/site-packages/pydub/utils.py:170 RuntimeWarning: Couldn't find ffmpeg or avconv - defaulting to ffmpeg, but may not work
[2023-05-26T19:40:58.956+0400] {processor.py:836} INFO - DAG(s) dict_keys(['podcast_summary']) retrieved from /home/chinnu/airflow/dags/podcast_summary.py
[2023-05-26T19:40:58.993+0400] {logging_mixin.py:149} INFO - [2023-05-26T19:40:58.992+0400] {dag.py:2726} INFO - Sync 1 DAGs
[2023-05-26T19:40:59.024+0400] {logging_mixin.py:149} INFO - [2023-05-26T19:40:59.024+0400] {dag.py:3486} INFO - Setting next_dagrun for podcast_summary to 2023-05-26T00:00:00+00:00, run_after=2023-05-27T00:00:00+00:00
[2023-05-26T19:40:59.073+0400] {processor.py:179} INFO - Processing /home/chinnu/airflow/dags/podcast_summary.py took 0.199 seconds
[2023-05-26T19:41:18.620+0400] {processor.py:157} INFO - Started process (PID=864) to work on /home/chinnu/airflow/dags/podcast_summary.py
[2023-05-26T19:41:18.622+0400] {processor.py:826} INFO - Processing file /home/chinnu/airflow/dags/podcast_summary.py for tasks to queue
[2023-05-26T19:41:18.623+0400] {logging_mixin.py:149} INFO - [2023-05-26T19:41:18.622+0400] {dagbag.py:541} INFO - Filling up the DagBag from /home/chinnu/airflow/dags/podcast_summary.py
[2023-05-26T19:41:18.678+0400] {logging_mixin.py:149} WARNING - /home/chinnu/.local/lib/python3.10/site-packages/pydub/utils.py:170 RuntimeWarning: Couldn't find ffmpeg or avconv - defaulting to ffmpeg, but may not work
[2023-05-26T19:41:18.696+0400] {processor.py:836} INFO - DAG(s) dict_keys(['podcast_summary']) retrieved from /home/chinnu/airflow/dags/podcast_summary.py
[2023-05-26T19:41:18.733+0400] {logging_mixin.py:149} INFO - [2023-05-26T19:41:18.733+0400] {dag.py:2726} INFO - Sync 1 DAGs
[2023-05-26T19:41:18.758+0400] {logging_mixin.py:149} INFO - [2023-05-26T19:41:18.758+0400] {dag.py:3486} INFO - Setting next_dagrun for podcast_summary to 2023-05-26T00:00:00+00:00, run_after=2023-05-27T00:00:00+00:00
[2023-05-26T19:41:18.790+0400] {processor.py:179} INFO - Processing /home/chinnu/airflow/dags/podcast_summary.py took 0.175 seconds
[2023-05-26T19:42:46.946+0400] {processor.py:157} INFO - Started process (PID=1457) to work on /home/chinnu/airflow/dags/podcast_summary.py
[2023-05-26T19:42:46.951+0400] {processor.py:826} INFO - Processing file /home/chinnu/airflow/dags/podcast_summary.py for tasks to queue
[2023-05-26T19:42:46.957+0400] {logging_mixin.py:149} INFO - [2023-05-26T19:42:46.957+0400] {dagbag.py:541} INFO - Filling up the DagBag from /home/chinnu/airflow/dags/podcast_summary.py
[2023-05-26T19:42:47.115+0400] {logging_mixin.py:149} WARNING - /home/chinnu/.local/lib/python3.10/site-packages/pydub/utils.py:170 RuntimeWarning: Couldn't find ffmpeg or avconv - defaulting to ffmpeg, but may not work
[2023-05-26T19:42:47.151+0400] {processor.py:836} INFO - DAG(s) dict_keys(['podcast_summary']) retrieved from /home/chinnu/airflow/dags/podcast_summary.py
[2023-05-26T19:42:47.345+0400] {logging_mixin.py:149} INFO - [2023-05-26T19:42:47.345+0400] {dag.py:2726} INFO - Sync 1 DAGs
[2023-05-26T19:42:47.366+0400] {logging_mixin.py:149} INFO - [2023-05-26T19:42:47.366+0400] {dag.py:3486} INFO - Setting next_dagrun for podcast_summary to 2023-05-26T00:00:00+00:00, run_after=2023-05-27T00:00:00+00:00
[2023-05-26T19:42:47.398+0400] {processor.py:179} INFO - Processing /home/chinnu/airflow/dags/podcast_summary.py took 0.473 seconds
[2023-05-26T19:43:24.029+0400] {processor.py:157} INFO - Started process (PID=1487) to work on /home/chinnu/airflow/dags/podcast_summary.py
[2023-05-26T19:43:24.035+0400] {processor.py:826} INFO - Processing file /home/chinnu/airflow/dags/podcast_summary.py for tasks to queue
[2023-05-26T19:43:24.038+0400] {logging_mixin.py:149} INFO - [2023-05-26T19:43:24.038+0400] {dagbag.py:541} INFO - Filling up the DagBag from /home/chinnu/airflow/dags/podcast_summary.py
[2023-05-26T19:43:24.355+0400] {logging_mixin.py:149} WARNING - /home/chinnu/.local/lib/python3.10/site-packages/pydub/utils.py:170 RuntimeWarning: Couldn't find ffmpeg or avconv - defaulting to ffmpeg, but may not work
[2023-05-26T19:43:24.362+0400] {processor.py:836} INFO - DAG(s) dict_keys(['podcast_summary']) retrieved from /home/chinnu/airflow/dags/podcast_summary.py
[2023-05-26T19:43:24.385+0400] {logging_mixin.py:149} INFO - [2023-05-26T19:43:24.385+0400] {dag.py:2726} INFO - Sync 1 DAGs
[2023-05-26T19:43:24.409+0400] {logging_mixin.py:149} INFO - [2023-05-26T19:43:24.409+0400] {dag.py:3486} INFO - Setting next_dagrun for podcast_summary to 2023-05-26T00:00:00+00:00, run_after=2023-05-27T00:00:00+00:00
[2023-05-26T19:43:24.446+0400] {processor.py:179} INFO - Processing /home/chinnu/airflow/dags/podcast_summary.py took 0.451 seconds
[2023-05-26T19:44:00.853+0400] {processor.py:157} INFO - Started process (PID=1517) to work on /home/chinnu/airflow/dags/podcast_summary.py
[2023-05-26T19:44:00.858+0400] {processor.py:826} INFO - Processing file /home/chinnu/airflow/dags/podcast_summary.py for tasks to queue
[2023-05-26T19:44:00.862+0400] {logging_mixin.py:149} INFO - [2023-05-26T19:44:00.861+0400] {dagbag.py:541} INFO - Filling up the DagBag from /home/chinnu/airflow/dags/podcast_summary.py
[2023-05-26T19:44:01.048+0400] {logging_mixin.py:149} WARNING - /home/chinnu/.local/lib/python3.10/site-packages/pydub/utils.py:170 RuntimeWarning: Couldn't find ffmpeg or avconv - defaulting to ffmpeg, but may not work
[2023-05-26T19:44:01.067+0400] {processor.py:836} INFO - DAG(s) dict_keys(['podcast_summary']) retrieved from /home/chinnu/airflow/dags/podcast_summary.py
[2023-05-26T19:44:01.110+0400] {logging_mixin.py:149} INFO - [2023-05-26T19:44:01.109+0400] {dag.py:2726} INFO - Sync 1 DAGs
[2023-05-26T19:44:01.148+0400] {logging_mixin.py:149} INFO - [2023-05-26T19:44:01.148+0400] {dag.py:3486} INFO - Setting next_dagrun for podcast_summary to 2023-05-26T00:00:00+00:00, run_after=2023-05-27T00:00:00+00:00
[2023-05-26T19:44:01.183+0400] {processor.py:179} INFO - Processing /home/chinnu/airflow/dags/podcast_summary.py took 0.356 seconds
[2023-05-26T19:44:34.989+0400] {processor.py:157} INFO - Started process (PID=1547) to work on /home/chinnu/airflow/dags/podcast_summary.py
[2023-05-26T19:44:34.997+0400] {processor.py:826} INFO - Processing file /home/chinnu/airflow/dags/podcast_summary.py for tasks to queue
[2023-05-26T19:44:35.000+0400] {logging_mixin.py:149} INFO - [2023-05-26T19:44:35.000+0400] {dagbag.py:541} INFO - Filling up the DagBag from /home/chinnu/airflow/dags/podcast_summary.py
[2023-05-26T19:44:35.127+0400] {logging_mixin.py:149} WARNING - /home/chinnu/.local/lib/python3.10/site-packages/pydub/utils.py:170 RuntimeWarning: Couldn't find ffmpeg or avconv - defaulting to ffmpeg, but may not work
[2023-05-26T19:44:35.157+0400] {processor.py:836} INFO - DAG(s) dict_keys(['podcast_summary']) retrieved from /home/chinnu/airflow/dags/podcast_summary.py
[2023-05-26T19:44:35.210+0400] {logging_mixin.py:149} INFO - [2023-05-26T19:44:35.210+0400] {dag.py:2726} INFO - Sync 1 DAGs
[2023-05-26T19:44:35.245+0400] {logging_mixin.py:149} INFO - [2023-05-26T19:44:35.245+0400] {dag.py:3486} INFO - Setting next_dagrun for podcast_summary to 2023-05-26T00:00:00+00:00, run_after=2023-05-27T00:00:00+00:00
[2023-05-26T19:44:35.289+0400] {processor.py:179} INFO - Processing /home/chinnu/airflow/dags/podcast_summary.py took 0.322 seconds
[2023-05-26T19:45:07.926+0400] {processor.py:157} INFO - Started process (PID=1574) to work on /home/chinnu/airflow/dags/podcast_summary.py
[2023-05-26T19:45:07.931+0400] {processor.py:826} INFO - Processing file /home/chinnu/airflow/dags/podcast_summary.py for tasks to queue
[2023-05-26T19:45:07.935+0400] {logging_mixin.py:149} INFO - [2023-05-26T19:45:07.934+0400] {dagbag.py:541} INFO - Filling up the DagBag from /home/chinnu/airflow/dags/podcast_summary.py
[2023-05-26T19:45:08.049+0400] {logging_mixin.py:149} WARNING - /home/chinnu/.local/lib/python3.10/site-packages/pydub/utils.py:170 RuntimeWarning: Couldn't find ffmpeg or avconv - defaulting to ffmpeg, but may not work
[2023-05-26T19:45:08.069+0400] {processor.py:836} INFO - DAG(s) dict_keys(['podcast_summary']) retrieved from /home/chinnu/airflow/dags/podcast_summary.py
[2023-05-26T19:45:08.106+0400] {logging_mixin.py:149} INFO - [2023-05-26T19:45:08.106+0400] {dag.py:2726} INFO - Sync 1 DAGs
[2023-05-26T19:45:08.133+0400] {logging_mixin.py:149} INFO - [2023-05-26T19:45:08.133+0400] {dag.py:3486} INFO - Setting next_dagrun for podcast_summary to 2023-05-26T00:00:00+00:00, run_after=2023-05-27T00:00:00+00:00
[2023-05-26T19:45:08.166+0400] {processor.py:179} INFO - Processing /home/chinnu/airflow/dags/podcast_summary.py took 0.265 seconds
[2023-05-26T19:45:39.150+0400] {processor.py:157} INFO - Started process (PID=1600) to work on /home/chinnu/airflow/dags/podcast_summary.py
[2023-05-26T19:45:39.157+0400] {processor.py:826} INFO - Processing file /home/chinnu/airflow/dags/podcast_summary.py for tasks to queue
[2023-05-26T19:45:39.162+0400] {logging_mixin.py:149} INFO - [2023-05-26T19:45:39.161+0400] {dagbag.py:541} INFO - Filling up the DagBag from /home/chinnu/airflow/dags/podcast_summary.py
[2023-05-26T19:45:39.285+0400] {logging_mixin.py:149} WARNING - /home/chinnu/.local/lib/python3.10/site-packages/pydub/utils.py:170 RuntimeWarning: Couldn't find ffmpeg or avconv - defaulting to ffmpeg, but may not work
[2023-05-26T19:45:39.312+0400] {processor.py:836} INFO - DAG(s) dict_keys(['podcast_summary']) retrieved from /home/chinnu/airflow/dags/podcast_summary.py
[2023-05-26T19:45:39.394+0400] {logging_mixin.py:149} INFO - [2023-05-26T19:45:39.392+0400] {dag.py:2726} INFO - Sync 1 DAGs
[2023-05-26T19:45:39.465+0400] {logging_mixin.py:149} INFO - [2023-05-26T19:45:39.465+0400] {dag.py:3486} INFO - Setting next_dagrun for podcast_summary to 2023-05-26T00:00:00+00:00, run_after=2023-05-27T00:00:00+00:00
[2023-05-26T19:45:39.532+0400] {processor.py:179} INFO - Processing /home/chinnu/airflow/dags/podcast_summary.py took 0.403 seconds
[2023-05-26T19:47:49.803+0400] {processor.py:157} INFO - Started process (PID=1669) to work on /home/chinnu/airflow/dags/podcast_summary.py
[2023-05-26T19:47:49.807+0400] {processor.py:826} INFO - Processing file /home/chinnu/airflow/dags/podcast_summary.py for tasks to queue
[2023-05-26T19:47:49.808+0400] {logging_mixin.py:149} INFO - [2023-05-26T19:47:49.808+0400] {dagbag.py:541} INFO - Filling up the DagBag from /home/chinnu/airflow/dags/podcast_summary.py
[2023-05-26T19:47:49.877+0400] {logging_mixin.py:149} WARNING - /home/chinnu/.local/lib/python3.10/site-packages/pydub/utils.py:170 RuntimeWarning: Couldn't find ffmpeg or avconv - defaulting to ffmpeg, but may not work
[2023-05-26T19:47:49.894+0400] {processor.py:836} INFO - DAG(s) dict_keys(['podcast_summary']) retrieved from /home/chinnu/airflow/dags/podcast_summary.py
[2023-05-26T19:47:49.933+0400] {logging_mixin.py:149} INFO - [2023-05-26T19:47:49.933+0400] {dag.py:2726} INFO - Sync 1 DAGs
[2023-05-26T19:47:49.960+0400] {logging_mixin.py:149} INFO - [2023-05-26T19:47:49.959+0400] {dag.py:3486} INFO - Setting next_dagrun for podcast_summary to 2023-05-26T00:00:00+00:00, run_after=2023-05-27T00:00:00+00:00
[2023-05-26T19:47:49.991+0400] {processor.py:179} INFO - Processing /home/chinnu/airflow/dags/podcast_summary.py took 0.201 seconds
[2023-05-26T21:05:03.626+0400] {processor.py:157} INFO - Started process (PID=50) to work on /home/chinnu/airflow/dags/podcast_summary.py
[2023-05-26T21:05:03.630+0400] {processor.py:826} INFO - Processing file /home/chinnu/airflow/dags/podcast_summary.py for tasks to queue
[2023-05-26T21:05:03.632+0400] {logging_mixin.py:149} INFO - [2023-05-26T21:05:03.632+0400] {dagbag.py:541} INFO - Filling up the DagBag from /home/chinnu/airflow/dags/podcast_summary.py
[2023-05-26T21:05:04.022+0400] {logging_mixin.py:149} WARNING - /home/chinnu/.local/lib/python3.10/site-packages/pydub/utils.py:170 RuntimeWarning: Couldn't find ffmpeg or avconv - defaulting to ffmpeg, but may not work
[2023-05-26T21:05:04.120+0400] {processor.py:836} INFO - DAG(s) dict_keys(['podcast_summary']) retrieved from /home/chinnu/airflow/dags/podcast_summary.py
[2023-05-26T21:05:04.433+0400] {logging_mixin.py:149} INFO - [2023-05-26T21:05:04.433+0400] {dag.py:2726} INFO - Sync 1 DAGs
[2023-05-26T21:05:04.474+0400] {logging_mixin.py:149} INFO - [2023-05-26T21:05:04.474+0400] {dag.py:3486} INFO - Setting next_dagrun for podcast_summary to 2023-05-26T00:00:00+00:00, run_after=2023-05-27T00:00:00+00:00
[2023-05-26T21:05:04.515+0400] {processor.py:179} INFO - Processing /home/chinnu/airflow/dags/podcast_summary.py took 0.902 seconds
[2023-05-26T21:06:11.719+0400] {processor.py:157} INFO - Started process (PID=105) to work on /home/chinnu/airflow/dags/podcast_summary.py
[2023-05-26T21:06:11.723+0400] {processor.py:826} INFO - Processing file /home/chinnu/airflow/dags/podcast_summary.py for tasks to queue
[2023-05-26T21:06:11.724+0400] {logging_mixin.py:149} INFO - [2023-05-26T21:06:11.724+0400] {dagbag.py:541} INFO - Filling up the DagBag from /home/chinnu/airflow/dags/podcast_summary.py
[2023-05-26T21:06:11.845+0400] {logging_mixin.py:149} WARNING - /home/chinnu/.local/lib/python3.10/site-packages/pydub/utils.py:170 RuntimeWarning: Couldn't find ffmpeg or avconv - defaulting to ffmpeg, but may not work
[2023-05-26T21:06:11.869+0400] {processor.py:836} INFO - DAG(s) dict_keys(['podcast_summary']) retrieved from /home/chinnu/airflow/dags/podcast_summary.py
[2023-05-26T21:06:12.109+0400] {logging_mixin.py:149} INFO - [2023-05-26T21:06:12.109+0400] {dag.py:2726} INFO - Sync 1 DAGs
[2023-05-26T21:06:12.166+0400] {logging_mixin.py:149} INFO - [2023-05-26T21:06:12.166+0400] {dag.py:3486} INFO - Setting next_dagrun for podcast_summary to 2023-05-26T00:00:00+00:00, run_after=2023-05-27T00:00:00+00:00
[2023-05-26T21:06:12.215+0400] {processor.py:179} INFO - Processing /home/chinnu/airflow/dags/podcast_summary.py took 0.509 seconds
[2023-05-26T21:06:46.060+0400] {processor.py:157} INFO - Started process (PID=158) to work on /home/chinnu/airflow/dags/podcast_summary.py
[2023-05-26T21:06:46.063+0400] {processor.py:826} INFO - Processing file /home/chinnu/airflow/dags/podcast_summary.py for tasks to queue
[2023-05-26T21:06:46.065+0400] {logging_mixin.py:149} INFO - [2023-05-26T21:06:46.064+0400] {dagbag.py:541} INFO - Filling up the DagBag from /home/chinnu/airflow/dags/podcast_summary.py
[2023-05-26T21:06:46.289+0400] {logging_mixin.py:149} WARNING - /home/chinnu/.local/lib/python3.10/site-packages/pydub/utils.py:170 RuntimeWarning: Couldn't find ffmpeg or avconv - defaulting to ffmpeg, but may not work
[2023-05-26T21:06:46.300+0400] {processor.py:836} INFO - DAG(s) dict_keys(['podcast_summary']) retrieved from /home/chinnu/airflow/dags/podcast_summary.py
[2023-05-26T21:06:46.330+0400] {logging_mixin.py:149} INFO - [2023-05-26T21:06:46.329+0400] {dag.py:2726} INFO - Sync 1 DAGs
[2023-05-26T21:06:46.349+0400] {logging_mixin.py:149} INFO - [2023-05-26T21:06:46.349+0400] {dag.py:3486} INFO - Setting next_dagrun for podcast_summary to 2023-05-26T00:00:00+00:00, run_after=2023-05-27T00:00:00+00:00
[2023-05-26T21:06:46.377+0400] {processor.py:179} INFO - Processing /home/chinnu/airflow/dags/podcast_summary.py took 0.330 seconds
[2023-05-26T21:07:18.615+0400] {processor.py:157} INFO - Started process (PID=188) to work on /home/chinnu/airflow/dags/podcast_summary.py
[2023-05-26T21:07:18.619+0400] {processor.py:826} INFO - Processing file /home/chinnu/airflow/dags/podcast_summary.py for tasks to queue
[2023-05-26T21:07:18.621+0400] {logging_mixin.py:149} INFO - [2023-05-26T21:07:18.620+0400] {dagbag.py:541} INFO - Filling up the DagBag from /home/chinnu/airflow/dags/podcast_summary.py
[2023-05-26T21:07:18.743+0400] {logging_mixin.py:149} WARNING - /home/chinnu/.local/lib/python3.10/site-packages/pydub/utils.py:170 RuntimeWarning: Couldn't find ffmpeg or avconv - defaulting to ffmpeg, but may not work
[2023-05-26T21:07:18.767+0400] {processor.py:836} INFO - DAG(s) dict_keys(['podcast_summary']) retrieved from /home/chinnu/airflow/dags/podcast_summary.py
[2023-05-26T21:07:18.806+0400] {logging_mixin.py:149} INFO - [2023-05-26T21:07:18.806+0400] {dag.py:2726} INFO - Sync 1 DAGs
[2023-05-26T21:07:18.847+0400] {logging_mixin.py:149} INFO - [2023-05-26T21:07:18.847+0400] {dag.py:3486} INFO - Setting next_dagrun for podcast_summary to 2023-05-26T00:00:00+00:00, run_after=2023-05-27T00:00:00+00:00
[2023-05-26T21:07:18.884+0400] {processor.py:179} INFO - Processing /home/chinnu/airflow/dags/podcast_summary.py took 0.285 seconds
[2023-05-26T21:09:35.373+0400] {processor.py:157} INFO - Started process (PID=1829) to work on /home/chinnu/airflow/dags/podcast_summary.py
[2023-05-26T21:09:35.375+0400] {processor.py:826} INFO - Processing file /home/chinnu/airflow/dags/podcast_summary.py for tasks to queue
[2023-05-26T21:09:35.376+0400] {logging_mixin.py:149} INFO - [2023-05-26T21:09:35.376+0400] {dagbag.py:541} INFO - Filling up the DagBag from /home/chinnu/airflow/dags/podcast_summary.py
[2023-05-26T21:09:35.554+0400] {processor.py:836} INFO - DAG(s) dict_keys(['podcast_summary']) retrieved from /home/chinnu/airflow/dags/podcast_summary.py
[2023-05-26T21:09:35.614+0400] {logging_mixin.py:149} INFO - [2023-05-26T21:09:35.614+0400] {dag.py:2726} INFO - Sync 1 DAGs
[2023-05-26T21:09:35.640+0400] {logging_mixin.py:149} INFO - [2023-05-26T21:09:35.640+0400] {dag.py:3486} INFO - Setting next_dagrun for podcast_summary to 2023-05-26T00:00:00+00:00, run_after=2023-05-27T00:00:00+00:00
[2023-05-26T21:09:35.668+0400] {processor.py:179} INFO - Processing /home/chinnu/airflow/dags/podcast_summary.py took 0.302 seconds
[2023-05-26T21:10:16.890+0400] {processor.py:157} INFO - Started process (PID=1879) to work on /home/chinnu/airflow/dags/podcast_summary.py
[2023-05-26T21:10:16.895+0400] {processor.py:826} INFO - Processing file /home/chinnu/airflow/dags/podcast_summary.py for tasks to queue
[2023-05-26T21:10:16.898+0400] {logging_mixin.py:149} INFO - [2023-05-26T21:10:16.898+0400] {dagbag.py:541} INFO - Filling up the DagBag from /home/chinnu/airflow/dags/podcast_summary.py
[2023-05-26T21:10:17.027+0400] {processor.py:836} INFO - DAG(s) dict_keys(['podcast_summary']) retrieved from /home/chinnu/airflow/dags/podcast_summary.py
[2023-05-26T21:10:17.084+0400] {logging_mixin.py:149} INFO - [2023-05-26T21:10:17.084+0400] {dag.py:2726} INFO - Sync 1 DAGs
[2023-05-26T21:10:17.116+0400] {logging_mixin.py:149} INFO - [2023-05-26T21:10:17.116+0400] {dag.py:3486} INFO - Setting next_dagrun for podcast_summary to 2023-05-26T00:00:00+00:00, run_after=2023-05-27T00:00:00+00:00
[2023-05-26T21:10:17.143+0400] {processor.py:179} INFO - Processing /home/chinnu/airflow/dags/podcast_summary.py took 0.269 seconds
[2023-05-26T21:11:16.369+0400] {processor.py:157} INFO - Started process (PID=1948) to work on /home/chinnu/airflow/dags/podcast_summary.py
[2023-05-26T21:11:16.371+0400] {processor.py:826} INFO - Processing file /home/chinnu/airflow/dags/podcast_summary.py for tasks to queue
[2023-05-26T21:11:16.372+0400] {logging_mixin.py:149} INFO - [2023-05-26T21:11:16.372+0400] {dagbag.py:541} INFO - Filling up the DagBag from /home/chinnu/airflow/dags/podcast_summary.py
[2023-05-26T21:11:16.466+0400] {processor.py:836} INFO - DAG(s) dict_keys(['podcast_summary']) retrieved from /home/chinnu/airflow/dags/podcast_summary.py
[2023-05-26T21:11:16.798+0400] {logging_mixin.py:149} INFO - [2023-05-26T21:11:16.798+0400] {dag.py:2726} INFO - Sync 1 DAGs
[2023-05-26T21:11:16.868+0400] {logging_mixin.py:149} INFO - [2023-05-26T21:11:16.868+0400] {dag.py:3486} INFO - Setting next_dagrun for podcast_summary to 2023-05-26T00:00:00+00:00, run_after=2023-05-27T00:00:00+00:00
[2023-05-26T21:11:16.940+0400] {processor.py:179} INFO - Processing /home/chinnu/airflow/dags/podcast_summary.py took 0.580 seconds
[2023-05-26T21:12:23.026+0400] {processor.py:157} INFO - Started process (PID=2005) to work on /home/chinnu/airflow/dags/podcast_summary.py
[2023-05-26T21:12:23.029+0400] {processor.py:826} INFO - Processing file /home/chinnu/airflow/dags/podcast_summary.py for tasks to queue
[2023-05-26T21:12:23.030+0400] {logging_mixin.py:149} INFO - [2023-05-26T21:12:23.030+0400] {dagbag.py:541} INFO - Filling up the DagBag from /home/chinnu/airflow/dags/podcast_summary.py
[2023-05-26T21:12:23.374+0400] {processor.py:836} INFO - DAG(s) dict_keys(['podcast_summary']) retrieved from /home/chinnu/airflow/dags/podcast_summary.py
[2023-05-26T21:12:23.409+0400] {logging_mixin.py:149} INFO - [2023-05-26T21:12:23.409+0400] {dag.py:2726} INFO - Sync 1 DAGs
[2023-05-26T21:12:23.446+0400] {logging_mixin.py:149} INFO - [2023-05-26T21:12:23.446+0400] {dag.py:3486} INFO - Setting next_dagrun for podcast_summary to 2023-05-26T00:00:00+00:00, run_after=2023-05-27T00:00:00+00:00
[2023-05-26T21:12:23.489+0400] {processor.py:179} INFO - Processing /home/chinnu/airflow/dags/podcast_summary.py took 0.472 seconds
[2023-05-26T21:12:27.123+0400] {processor.py:157} INFO - Started process (PID=2012) to work on /home/chinnu/airflow/dags/podcast_summary.py
[2023-05-26T21:12:27.126+0400] {processor.py:826} INFO - Processing file /home/chinnu/airflow/dags/podcast_summary.py for tasks to queue
[2023-05-26T21:12:27.128+0400] {logging_mixin.py:149} INFO - [2023-05-26T21:12:27.127+0400] {dagbag.py:541} INFO - Filling up the DagBag from /home/chinnu/airflow/dags/podcast_summary.py
[2023-05-26T21:12:27.381+0400] {processor.py:836} INFO - DAG(s) dict_keys(['podcast_summary']) retrieved from /home/chinnu/airflow/dags/podcast_summary.py
[2023-05-26T21:12:27.408+0400] {logging_mixin.py:149} INFO - [2023-05-26T21:12:27.407+0400] {taskinstance.py:1826} ERROR - {'DAG Id': 'podcast_summary', 'Task Id': 'speech_to_text', 'Run Id': 'manual__2023-05-26T17:11:50.937619+00:00', 'Hostname': 'DESKTOP-V010GL9.localdomain'}
[2023-05-26T21:12:27.427+0400] {logging_mixin.py:149} INFO - [2023-05-26T21:12:27.427+0400] {taskinstance.py:1345} INFO - Marking task as FAILED. dag_id=podcast_summary, task_id=speech_to_text, execution_date=20230526T171150, start_date=20230526T171220, end_date=20230526T171227
[2023-05-26T21:12:27.435+0400] {processor.py:787} INFO - Executed failure callback for <TaskInstance: podcast_summary.speech_to_text manual__2023-05-26T17:11:50.937619+00:00 [failed]> in state failed
[2023-05-26T21:12:27.457+0400] {logging_mixin.py:149} INFO - [2023-05-26T21:12:27.457+0400] {dag.py:2726} INFO - Sync 1 DAGs
[2023-05-26T21:12:27.477+0400] {logging_mixin.py:149} INFO - [2023-05-26T21:12:27.477+0400] {dag.py:3486} INFO - Setting next_dagrun for podcast_summary to 2023-05-26T00:00:00+00:00, run_after=2023-05-27T00:00:00+00:00
[2023-05-26T21:12:27.501+0400] {processor.py:179} INFO - Processing /home/chinnu/airflow/dags/podcast_summary.py took 0.393 seconds
[2023-05-26T21:13:06.570+0400] {processor.py:157} INFO - Started process (PID=2053) to work on /home/chinnu/airflow/dags/podcast_summary.py
[2023-05-26T21:13:06.571+0400] {processor.py:826} INFO - Processing file /home/chinnu/airflow/dags/podcast_summary.py for tasks to queue
[2023-05-26T21:13:06.572+0400] {logging_mixin.py:149} INFO - [2023-05-26T21:13:06.572+0400] {dagbag.py:541} INFO - Filling up the DagBag from /home/chinnu/airflow/dags/podcast_summary.py
[2023-05-26T21:13:06.635+0400] {processor.py:836} INFO - DAG(s) dict_keys(['podcast_summary']) retrieved from /home/chinnu/airflow/dags/podcast_summary.py
[2023-05-26T21:13:06.675+0400] {logging_mixin.py:149} INFO - [2023-05-26T21:13:06.674+0400] {dag.py:2726} INFO - Sync 1 DAGs
[2023-05-26T21:13:06.715+0400] {logging_mixin.py:149} INFO - [2023-05-26T21:13:06.715+0400] {dag.py:3486} INFO - Setting next_dagrun for podcast_summary to 2023-05-26T00:00:00+00:00, run_after=2023-05-27T00:00:00+00:00
[2023-05-26T21:13:06.756+0400] {processor.py:179} INFO - Processing /home/chinnu/airflow/dags/podcast_summary.py took 0.193 seconds
[2023-05-26T21:13:49.284+0400] {processor.py:157} INFO - Started process (PID=2103) to work on /home/chinnu/airflow/dags/podcast_summary.py
[2023-05-26T21:13:49.288+0400] {processor.py:826} INFO - Processing file /home/chinnu/airflow/dags/podcast_summary.py for tasks to queue
[2023-05-26T21:13:49.290+0400] {logging_mixin.py:149} INFO - [2023-05-26T21:13:49.289+0400] {dagbag.py:541} INFO - Filling up the DagBag from /home/chinnu/airflow/dags/podcast_summary.py
[2023-05-26T21:13:49.358+0400] {processor.py:836} INFO - DAG(s) dict_keys(['podcast_summary']) retrieved from /home/chinnu/airflow/dags/podcast_summary.py
[2023-05-26T21:13:49.389+0400] {logging_mixin.py:149} INFO - [2023-05-26T21:13:49.389+0400] {dag.py:2726} INFO - Sync 1 DAGs
[2023-05-26T21:13:49.415+0400] {logging_mixin.py:149} INFO - [2023-05-26T21:13:49.415+0400] {dag.py:3486} INFO - Setting next_dagrun for podcast_summary to 2023-05-26T00:00:00+00:00, run_after=2023-05-27T00:00:00+00:00
[2023-05-26T21:13:49.446+0400] {processor.py:179} INFO - Processing /home/chinnu/airflow/dags/podcast_summary.py took 0.176 seconds
[2023-05-26T21:14:21.064+0400] {processor.py:157} INFO - Started process (PID=2141) to work on /home/chinnu/airflow/dags/podcast_summary.py
[2023-05-26T21:14:21.066+0400] {processor.py:826} INFO - Processing file /home/chinnu/airflow/dags/podcast_summary.py for tasks to queue
[2023-05-26T21:14:21.067+0400] {logging_mixin.py:149} INFO - [2023-05-26T21:14:21.067+0400] {dagbag.py:541} INFO - Filling up the DagBag from /home/chinnu/airflow/dags/podcast_summary.py
[2023-05-26T21:14:21.124+0400] {processor.py:836} INFO - DAG(s) dict_keys(['podcast_summary']) retrieved from /home/chinnu/airflow/dags/podcast_summary.py
[2023-05-26T21:14:21.154+0400] {logging_mixin.py:149} INFO - [2023-05-26T21:14:21.154+0400] {dag.py:2726} INFO - Sync 1 DAGs
[2023-05-26T21:14:21.179+0400] {logging_mixin.py:149} INFO - [2023-05-26T21:14:21.179+0400] {dag.py:3486} INFO - Setting next_dagrun for podcast_summary to 2023-05-26T00:00:00+00:00, run_after=2023-05-27T00:00:00+00:00
[2023-05-26T21:14:21.210+0400] {processor.py:179} INFO - Processing /home/chinnu/airflow/dags/podcast_summary.py took 0.155 seconds
[2023-05-26T21:14:58.892+0400] {processor.py:157} INFO - Started process (PID=2193) to work on /home/chinnu/airflow/dags/podcast_summary.py
[2023-05-26T21:14:58.894+0400] {processor.py:826} INFO - Processing file /home/chinnu/airflow/dags/podcast_summary.py for tasks to queue
[2023-05-26T21:14:58.895+0400] {logging_mixin.py:149} INFO - [2023-05-26T21:14:58.895+0400] {dagbag.py:541} INFO - Filling up the DagBag from /home/chinnu/airflow/dags/podcast_summary.py
[2023-05-26T21:14:58.972+0400] {processor.py:836} INFO - DAG(s) dict_keys(['podcast_summary']) retrieved from /home/chinnu/airflow/dags/podcast_summary.py
[2023-05-26T21:14:59.002+0400] {logging_mixin.py:149} INFO - [2023-05-26T21:14:59.002+0400] {dag.py:2726} INFO - Sync 1 DAGs
[2023-05-26T21:14:59.030+0400] {logging_mixin.py:149} INFO - [2023-05-26T21:14:59.030+0400] {dag.py:3486} INFO - Setting next_dagrun for podcast_summary to 2023-05-26T00:00:00+00:00, run_after=2023-05-27T00:00:00+00:00
[2023-05-26T21:14:59.062+0400] {processor.py:179} INFO - Processing /home/chinnu/airflow/dags/podcast_summary.py took 0.178 seconds
[2023-05-26T21:15:35.953+0400] {processor.py:157} INFO - Started process (PID=9432) to work on /home/chinnu/airflow/dags/podcast_summary.py
[2023-05-26T21:15:35.957+0400] {processor.py:826} INFO - Processing file /home/chinnu/airflow/dags/podcast_summary.py for tasks to queue
[2023-05-26T21:15:35.958+0400] {logging_mixin.py:149} INFO - [2023-05-26T21:15:35.958+0400] {dagbag.py:541} INFO - Filling up the DagBag from /home/chinnu/airflow/dags/podcast_summary.py
[2023-05-26T21:15:36.087+0400] {processor.py:836} INFO - DAG(s) dict_keys(['podcast_summary']) retrieved from /home/chinnu/airflow/dags/podcast_summary.py
[2023-05-26T21:15:36.155+0400] {logging_mixin.py:149} INFO - [2023-05-26T21:15:36.154+0400] {dag.py:2726} INFO - Sync 1 DAGs
[2023-05-26T21:15:36.213+0400] {logging_mixin.py:149} INFO - [2023-05-26T21:15:36.212+0400] {dag.py:3486} INFO - Setting next_dagrun for podcast_summary to 2023-05-26T00:00:00+00:00, run_after=2023-05-27T00:00:00+00:00
[2023-05-26T21:15:36.258+0400] {processor.py:179} INFO - Processing /home/chinnu/airflow/dags/podcast_summary.py took 0.318 seconds
[2023-05-26T21:16:13.761+0400] {processor.py:157} INFO - Started process (PID=9489) to work on /home/chinnu/airflow/dags/podcast_summary.py
[2023-05-26T21:16:13.763+0400] {processor.py:826} INFO - Processing file /home/chinnu/airflow/dags/podcast_summary.py for tasks to queue
[2023-05-26T21:16:13.764+0400] {logging_mixin.py:149} INFO - [2023-05-26T21:16:13.764+0400] {dagbag.py:541} INFO - Filling up the DagBag from /home/chinnu/airflow/dags/podcast_summary.py
[2023-05-26T21:16:13.845+0400] {processor.py:836} INFO - DAG(s) dict_keys(['podcast_summary']) retrieved from /home/chinnu/airflow/dags/podcast_summary.py
[2023-05-26T21:16:13.888+0400] {logging_mixin.py:149} INFO - [2023-05-26T21:16:13.887+0400] {dag.py:2726} INFO - Sync 1 DAGs
[2023-05-26T21:16:13.927+0400] {logging_mixin.py:149} INFO - [2023-05-26T21:16:13.927+0400] {dag.py:3486} INFO - Setting next_dagrun for podcast_summary to 2023-05-26T00:00:00+00:00, run_after=2023-05-27T00:00:00+00:00
[2023-05-26T21:16:13.965+0400] {processor.py:179} INFO - Processing /home/chinnu/airflow/dags/podcast_summary.py took 0.222 seconds
[2023-05-26T21:17:03.823+0400] {processor.py:157} INFO - Started process (PID=16738) to work on /home/chinnu/airflow/dags/podcast_summary.py
[2023-05-26T21:17:03.827+0400] {processor.py:826} INFO - Processing file /home/chinnu/airflow/dags/podcast_summary.py for tasks to queue
[2023-05-26T21:17:03.829+0400] {logging_mixin.py:149} INFO - [2023-05-26T21:17:03.828+0400] {dagbag.py:541} INFO - Filling up the DagBag from /home/chinnu/airflow/dags/podcast_summary.py
[2023-05-26T21:17:03.901+0400] {processor.py:836} INFO - DAG(s) dict_keys(['podcast_summary']) retrieved from /home/chinnu/airflow/dags/podcast_summary.py
[2023-05-26T21:17:03.930+0400] {logging_mixin.py:149} INFO - [2023-05-26T21:17:03.930+0400] {dag.py:2726} INFO - Sync 1 DAGs
[2023-05-26T21:17:03.957+0400] {logging_mixin.py:149} INFO - [2023-05-26T21:17:03.957+0400] {dag.py:3486} INFO - Setting next_dagrun for podcast_summary to 2023-05-26T00:00:00+00:00, run_after=2023-05-27T00:00:00+00:00
[2023-05-26T21:17:03.983+0400] {processor.py:179} INFO - Processing /home/chinnu/airflow/dags/podcast_summary.py took 0.176 seconds
[2023-05-26T21:17:07.419+0400] {processor.py:157} INFO - Started process (PID=16745) to work on /home/chinnu/airflow/dags/podcast_summary.py
[2023-05-26T21:17:07.422+0400] {processor.py:826} INFO - Processing file /home/chinnu/airflow/dags/podcast_summary.py for tasks to queue
[2023-05-26T21:17:07.424+0400] {logging_mixin.py:149} INFO - [2023-05-26T21:17:07.424+0400] {dagbag.py:541} INFO - Filling up the DagBag from /home/chinnu/airflow/dags/podcast_summary.py
[2023-05-26T21:17:07.509+0400] {processor.py:836} INFO - DAG(s) dict_keys(['podcast_summary']) retrieved from /home/chinnu/airflow/dags/podcast_summary.py
[2023-05-26T21:17:07.535+0400] {logging_mixin.py:149} INFO - [2023-05-26T21:17:07.534+0400] {taskinstance.py:1826} ERROR - {'DAG Id': 'podcast_summary', 'Task Id': 'speech_to_text', 'Run Id': 'manual__2023-05-26T17:16:33.792747+00:00', 'Hostname': 'DESKTOP-V010GL9.localdomain'}
[2023-05-26T21:17:07.550+0400] {logging_mixin.py:149} INFO - [2023-05-26T21:17:07.550+0400] {taskinstance.py:1345} INFO - Marking task as FAILED. dag_id=podcast_summary, task_id=speech_to_text, execution_date=20230526T171633, start_date=20230526T171700, end_date=20230526T171707
[2023-05-26T21:17:07.559+0400] {processor.py:787} INFO - Executed failure callback for <TaskInstance: podcast_summary.speech_to_text manual__2023-05-26T17:16:33.792747+00:00 [failed]> in state failed
[2023-05-26T21:17:07.612+0400] {logging_mixin.py:149} INFO - [2023-05-26T21:17:07.612+0400] {dag.py:2726} INFO - Sync 1 DAGs
[2023-05-26T21:17:07.656+0400] {logging_mixin.py:149} INFO - [2023-05-26T21:17:07.655+0400] {dag.py:3486} INFO - Setting next_dagrun for podcast_summary to 2023-05-26T00:00:00+00:00, run_after=2023-05-27T00:00:00+00:00
[2023-05-26T21:17:07.695+0400] {processor.py:179} INFO - Processing /home/chinnu/airflow/dags/podcast_summary.py took 0.289 seconds
[2023-05-26T21:17:43.255+0400] {processor.py:157} INFO - Started process (PID=16784) to work on /home/chinnu/airflow/dags/podcast_summary.py
[2023-05-26T21:17:43.257+0400] {processor.py:826} INFO - Processing file /home/chinnu/airflow/dags/podcast_summary.py for tasks to queue
[2023-05-26T21:17:43.259+0400] {logging_mixin.py:149} INFO - [2023-05-26T21:17:43.258+0400] {dagbag.py:541} INFO - Filling up the DagBag from /home/chinnu/airflow/dags/podcast_summary.py
[2023-05-26T21:17:43.385+0400] {processor.py:836} INFO - DAG(s) dict_keys(['podcast_summary']) retrieved from /home/chinnu/airflow/dags/podcast_summary.py
[2023-05-26T21:17:43.444+0400] {logging_mixin.py:149} INFO - [2023-05-26T21:17:43.443+0400] {dag.py:2726} INFO - Sync 1 DAGs
[2023-05-26T21:17:43.572+0400] {logging_mixin.py:149} INFO - [2023-05-26T21:17:43.572+0400] {dag.py:3486} INFO - Setting next_dagrun for podcast_summary to 2023-05-26T00:00:00+00:00, run_after=2023-05-27T00:00:00+00:00
[2023-05-26T21:17:43.656+0400] {processor.py:179} INFO - Processing /home/chinnu/airflow/dags/podcast_summary.py took 0.412 seconds
[2023-05-26T21:18:28.469+0400] {processor.py:157} INFO - Started process (PID=16814) to work on /home/chinnu/airflow/dags/podcast_summary.py
[2023-05-26T21:18:28.471+0400] {processor.py:826} INFO - Processing file /home/chinnu/airflow/dags/podcast_summary.py for tasks to queue
[2023-05-26T21:18:28.472+0400] {logging_mixin.py:149} INFO - [2023-05-26T21:18:28.471+0400] {dagbag.py:541} INFO - Filling up the DagBag from /home/chinnu/airflow/dags/podcast_summary.py
[2023-05-26T21:18:28.568+0400] {processor.py:836} INFO - DAG(s) dict_keys(['podcast_summary']) retrieved from /home/chinnu/airflow/dags/podcast_summary.py
[2023-05-26T21:18:28.615+0400] {logging_mixin.py:149} INFO - [2023-05-26T21:18:28.615+0400] {dag.py:2726} INFO - Sync 1 DAGs
[2023-05-26T21:18:28.644+0400] {logging_mixin.py:149} INFO - [2023-05-26T21:18:28.644+0400] {dag.py:3486} INFO - Setting next_dagrun for podcast_summary to 2023-05-26T00:00:00+00:00, run_after=2023-05-27T00:00:00+00:00
[2023-05-26T21:18:28.672+0400] {processor.py:179} INFO - Processing /home/chinnu/airflow/dags/podcast_summary.py took 0.210 seconds
[2023-05-26T21:18:42.704+0400] {processor.py:157} INFO - Started process (PID=16827) to work on /home/chinnu/airflow/dags/podcast_summary.py
[2023-05-26T21:18:42.716+0400] {processor.py:826} INFO - Processing file /home/chinnu/airflow/dags/podcast_summary.py for tasks to queue
[2023-05-26T21:18:42.724+0400] {logging_mixin.py:149} INFO - [2023-05-26T21:18:42.723+0400] {dagbag.py:541} INFO - Filling up the DagBag from /home/chinnu/airflow/dags/podcast_summary.py
[2023-05-26T21:18:42.870+0400] {processor.py:836} INFO - DAG(s) dict_keys(['podcast_summary']) retrieved from /home/chinnu/airflow/dags/podcast_summary.py
[2023-05-26T21:18:42.938+0400] {logging_mixin.py:149} INFO - [2023-05-26T21:18:42.937+0400] {taskinstance.py:1826} ERROR - {'DAG Id': 'podcast_summary', 'Task Id': 'get_episodes', 'Run Id': 'manual__2023-05-26T17:18:10.028570+00:00', 'Hostname': 'DESKTOP-V010GL9.localdomain'}
[2023-05-26T21:18:42.973+0400] {logging_mixin.py:149} INFO - [2023-05-26T21:18:42.973+0400] {taskinstance.py:1345} INFO - Marking task as FAILED. dag_id=podcast_summary, task_id=get_episodes, execution_date=20230526T171810, start_date=20230526T171841, end_date=20230526T171842
[2023-05-26T21:18:42.991+0400] {processor.py:787} INFO - Executed failure callback for <TaskInstance: podcast_summary.get_episodes manual__2023-05-26T17:18:10.028570+00:00 [failed]> in state failed
[2023-05-26T21:18:43.052+0400] {logging_mixin.py:149} INFO - [2023-05-26T21:18:43.052+0400] {dag.py:2726} INFO - Sync 1 DAGs
[2023-05-26T21:18:43.357+0400] {logging_mixin.py:149} INFO - [2023-05-26T21:18:43.357+0400] {dag.py:3486} INFO - Setting next_dagrun for podcast_summary to 2023-05-26T00:00:00+00:00, run_after=2023-05-27T00:00:00+00:00
[2023-05-26T21:18:43.394+0400] {processor.py:179} INFO - Processing /home/chinnu/airflow/dags/podcast_summary.py took 0.709 seconds
[2023-05-26T21:19:27.760+0400] {processor.py:157} INFO - Started process (PID=16878) to work on /home/chinnu/airflow/dags/podcast_summary.py
[2023-05-26T21:19:27.765+0400] {processor.py:826} INFO - Processing file /home/chinnu/airflow/dags/podcast_summary.py for tasks to queue
[2023-05-26T21:19:27.766+0400] {logging_mixin.py:149} INFO - [2023-05-26T21:19:27.766+0400] {dagbag.py:541} INFO - Filling up the DagBag from /home/chinnu/airflow/dags/podcast_summary.py
[2023-05-26T21:19:28.207+0400] {processor.py:836} INFO - DAG(s) dict_keys(['podcast_summary']) retrieved from /home/chinnu/airflow/dags/podcast_summary.py
[2023-05-26T21:19:28.234+0400] {logging_mixin.py:149} INFO - [2023-05-26T21:19:28.234+0400] {dag.py:2726} INFO - Sync 1 DAGs
[2023-05-26T21:19:28.283+0400] {logging_mixin.py:149} INFO - [2023-05-26T21:19:28.283+0400] {dag.py:3486} INFO - Setting next_dagrun for podcast_summary to 2023-05-26T00:00:00+00:00, run_after=2023-05-27T00:00:00+00:00
[2023-05-26T21:19:28.319+0400] {processor.py:179} INFO - Processing /home/chinnu/airflow/dags/podcast_summary.py took 0.568 seconds
[2023-05-26T21:19:59.118+0400] {processor.py:157} INFO - Started process (PID=16914) to work on /home/chinnu/airflow/dags/podcast_summary.py
[2023-05-26T21:19:59.121+0400] {processor.py:826} INFO - Processing file /home/chinnu/airflow/dags/podcast_summary.py for tasks to queue
[2023-05-26T21:19:59.122+0400] {logging_mixin.py:149} INFO - [2023-05-26T21:19:59.122+0400] {dagbag.py:541} INFO - Filling up the DagBag from /home/chinnu/airflow/dags/podcast_summary.py
[2023-05-26T21:19:59.250+0400] {processor.py:836} INFO - DAG(s) dict_keys(['podcast_summary']) retrieved from /home/chinnu/airflow/dags/podcast_summary.py
[2023-05-26T21:19:59.326+0400] {logging_mixin.py:149} INFO - [2023-05-26T21:19:59.325+0400] {dag.py:2726} INFO - Sync 1 DAGs
[2023-05-26T21:19:59.384+0400] {logging_mixin.py:149} INFO - [2023-05-26T21:19:59.384+0400] {dag.py:3486} INFO - Setting next_dagrun for podcast_summary to 2023-05-26T00:00:00+00:00, run_after=2023-05-27T00:00:00+00:00
[2023-05-26T21:19:59.420+0400] {processor.py:179} INFO - Processing /home/chinnu/airflow/dags/podcast_summary.py took 0.313 seconds
[2023-05-26T21:20:31.852+0400] {processor.py:157} INFO - Started process (PID=16952) to work on /home/chinnu/airflow/dags/podcast_summary.py
[2023-05-26T21:20:31.854+0400] {processor.py:826} INFO - Processing file /home/chinnu/airflow/dags/podcast_summary.py for tasks to queue
[2023-05-26T21:20:31.855+0400] {logging_mixin.py:149} INFO - [2023-05-26T21:20:31.855+0400] {dagbag.py:541} INFO - Filling up the DagBag from /home/chinnu/airflow/dags/podcast_summary.py
[2023-05-26T21:20:31.955+0400] {processor.py:836} INFO - DAG(s) dict_keys(['podcast_summary']) retrieved from /home/chinnu/airflow/dags/podcast_summary.py
[2023-05-26T21:20:31.996+0400] {logging_mixin.py:149} INFO - [2023-05-26T21:20:31.995+0400] {taskinstance.py:1826} ERROR - {'DAG Id': 'podcast_summary', 'Task Id': 'speech_to_text', 'Run Id': 'manual__2023-05-26T17:19:57.216571+00:00', 'Hostname': 'DESKTOP-V010GL9.localdomain'}
[2023-05-26T21:20:32.027+0400] {logging_mixin.py:149} INFO - [2023-05-26T21:20:32.027+0400] {taskinstance.py:1345} INFO - Marking task as FAILED. dag_id=podcast_summary, task_id=speech_to_text, execution_date=20230526T171957, start_date=20230526T172025, end_date=20230526T172032
[2023-05-26T21:20:32.039+0400] {processor.py:787} INFO - Executed failure callback for <TaskInstance: podcast_summary.speech_to_text manual__2023-05-26T17:19:57.216571+00:00 [failed]> in state failed
[2023-05-26T21:20:32.075+0400] {logging_mixin.py:149} INFO - [2023-05-26T21:20:32.074+0400] {dag.py:2726} INFO - Sync 1 DAGs
[2023-05-26T21:20:32.103+0400] {logging_mixin.py:149} INFO - [2023-05-26T21:20:32.102+0400] {dag.py:3486} INFO - Setting next_dagrun for podcast_summary to 2023-05-26T00:00:00+00:00, run_after=2023-05-27T00:00:00+00:00
[2023-05-26T21:20:32.151+0400] {processor.py:179} INFO - Processing /home/chinnu/airflow/dags/podcast_summary.py took 0.306 seconds
[2023-05-26T21:21:09.343+0400] {processor.py:157} INFO - Started process (PID=16996) to work on /home/chinnu/airflow/dags/podcast_summary.py
[2023-05-26T21:21:09.349+0400] {processor.py:826} INFO - Processing file /home/chinnu/airflow/dags/podcast_summary.py for tasks to queue
[2023-05-26T21:21:09.351+0400] {logging_mixin.py:149} INFO - [2023-05-26T21:21:09.351+0400] {dagbag.py:541} INFO - Filling up the DagBag from /home/chinnu/airflow/dags/podcast_summary.py
[2023-05-26T21:21:09.487+0400] {processor.py:836} INFO - DAG(s) dict_keys(['podcast_summary']) retrieved from /home/chinnu/airflow/dags/podcast_summary.py
[2023-05-26T21:21:09.552+0400] {logging_mixin.py:149} INFO - [2023-05-26T21:21:09.551+0400] {dag.py:2726} INFO - Sync 1 DAGs
[2023-05-26T21:21:09.606+0400] {logging_mixin.py:149} INFO - [2023-05-26T21:21:09.605+0400] {dag.py:3486} INFO - Setting next_dagrun for podcast_summary to 2023-05-26T00:00:00+00:00, run_after=2023-05-27T00:00:00+00:00
[2023-05-26T21:21:09.663+0400] {processor.py:179} INFO - Processing /home/chinnu/airflow/dags/podcast_summary.py took 0.337 seconds
[2023-05-26T21:21:48.455+0400] {processor.py:157} INFO - Started process (PID=17041) to work on /home/chinnu/airflow/dags/podcast_summary.py
[2023-05-26T21:21:48.459+0400] {processor.py:826} INFO - Processing file /home/chinnu/airflow/dags/podcast_summary.py for tasks to queue
[2023-05-26T21:21:48.460+0400] {logging_mixin.py:149} INFO - [2023-05-26T21:21:48.460+0400] {dagbag.py:541} INFO - Filling up the DagBag from /home/chinnu/airflow/dags/podcast_summary.py
[2023-05-26T21:21:48.557+0400] {processor.py:836} INFO - DAG(s) dict_keys(['podcast_summary']) retrieved from /home/chinnu/airflow/dags/podcast_summary.py
[2023-05-26T21:21:48.591+0400] {logging_mixin.py:149} INFO - [2023-05-26T21:21:48.591+0400] {dag.py:2726} INFO - Sync 1 DAGs
[2023-05-26T21:21:48.618+0400] {logging_mixin.py:149} INFO - [2023-05-26T21:21:48.618+0400] {dag.py:3486} INFO - Setting next_dagrun for podcast_summary to 2023-05-26T00:00:00+00:00, run_after=2023-05-27T00:00:00+00:00
[2023-05-26T21:21:48.651+0400] {processor.py:179} INFO - Processing /home/chinnu/airflow/dags/podcast_summary.py took 0.208 seconds
[2023-05-26T21:22:28.414+0400] {processor.py:157} INFO - Started process (PID=17089) to work on /home/chinnu/airflow/dags/podcast_summary.py
[2023-05-26T21:22:28.416+0400] {processor.py:826} INFO - Processing file /home/chinnu/airflow/dags/podcast_summary.py for tasks to queue
[2023-05-26T21:22:28.417+0400] {logging_mixin.py:149} INFO - [2023-05-26T21:22:28.417+0400] {dagbag.py:541} INFO - Filling up the DagBag from /home/chinnu/airflow/dags/podcast_summary.py
[2023-05-26T21:22:28.483+0400] {processor.py:836} INFO - DAG(s) dict_keys(['podcast_summary']) retrieved from /home/chinnu/airflow/dags/podcast_summary.py
[2023-05-26T21:22:28.512+0400] {logging_mixin.py:149} INFO - [2023-05-26T21:22:28.512+0400] {dag.py:2726} INFO - Sync 1 DAGs
[2023-05-26T21:22:28.539+0400] {logging_mixin.py:149} INFO - [2023-05-26T21:22:28.539+0400] {dag.py:3486} INFO - Setting next_dagrun for podcast_summary to 2023-05-26T00:00:00+00:00, run_after=2023-05-27T00:00:00+00:00
[2023-05-26T21:22:28.580+0400] {processor.py:179} INFO - Processing /home/chinnu/airflow/dags/podcast_summary.py took 0.177 seconds
[2023-05-26T21:23:03.719+0400] {processor.py:157} INFO - Started process (PID=17131) to work on /home/chinnu/airflow/dags/podcast_summary.py
[2023-05-26T21:23:03.721+0400] {processor.py:826} INFO - Processing file /home/chinnu/airflow/dags/podcast_summary.py for tasks to queue
[2023-05-26T21:23:03.722+0400] {logging_mixin.py:149} INFO - [2023-05-26T21:23:03.722+0400] {dagbag.py:541} INFO - Filling up the DagBag from /home/chinnu/airflow/dags/podcast_summary.py
[2023-05-26T21:23:03.788+0400] {processor.py:836} INFO - DAG(s) dict_keys(['podcast_summary']) retrieved from /home/chinnu/airflow/dags/podcast_summary.py
[2023-05-26T21:23:03.817+0400] {logging_mixin.py:149} INFO - [2023-05-26T21:23:03.817+0400] {dag.py:2726} INFO - Sync 1 DAGs
[2023-05-26T21:23:03.842+0400] {logging_mixin.py:149} INFO - [2023-05-26T21:23:03.842+0400] {dag.py:3486} INFO - Setting next_dagrun for podcast_summary to 2023-05-26T00:00:00+00:00, run_after=2023-05-27T00:00:00+00:00
[2023-05-26T21:23:03.874+0400] {processor.py:179} INFO - Processing /home/chinnu/airflow/dags/podcast_summary.py took 0.164 seconds
[2023-05-26T21:23:42.947+0400] {processor.py:157} INFO - Started process (PID=17180) to work on /home/chinnu/airflow/dags/podcast_summary.py
[2023-05-26T21:23:42.949+0400] {processor.py:826} INFO - Processing file /home/chinnu/airflow/dags/podcast_summary.py for tasks to queue
[2023-05-26T21:23:42.950+0400] {logging_mixin.py:149} INFO - [2023-05-26T21:23:42.950+0400] {dagbag.py:541} INFO - Filling up the DagBag from /home/chinnu/airflow/dags/podcast_summary.py
[2023-05-26T21:23:43.006+0400] {processor.py:836} INFO - DAG(s) dict_keys(['podcast_summary']) retrieved from /home/chinnu/airflow/dags/podcast_summary.py
[2023-05-26T21:23:43.035+0400] {logging_mixin.py:149} INFO - [2023-05-26T21:23:43.035+0400] {dag.py:2726} INFO - Sync 1 DAGs
[2023-05-26T21:23:43.061+0400] {logging_mixin.py:149} INFO - [2023-05-26T21:23:43.060+0400] {dag.py:3486} INFO - Setting next_dagrun for podcast_summary to 2023-05-26T00:00:00+00:00, run_after=2023-05-27T00:00:00+00:00
[2023-05-26T21:23:43.085+0400] {processor.py:179} INFO - Processing /home/chinnu/airflow/dags/podcast_summary.py took 0.144 seconds
[2023-05-26T21:24:21.694+0400] {processor.py:157} INFO - Started process (PID=17225) to work on /home/chinnu/airflow/dags/podcast_summary.py
[2023-05-26T21:24:21.695+0400] {processor.py:826} INFO - Processing file /home/chinnu/airflow/dags/podcast_summary.py for tasks to queue
[2023-05-26T21:24:21.696+0400] {logging_mixin.py:149} INFO - [2023-05-26T21:24:21.696+0400] {dagbag.py:541} INFO - Filling up the DagBag from /home/chinnu/airflow/dags/podcast_summary.py
[2023-05-26T21:24:21.752+0400] {processor.py:836} INFO - DAG(s) dict_keys(['podcast_summary']) retrieved from /home/chinnu/airflow/dags/podcast_summary.py
[2023-05-26T21:24:21.781+0400] {logging_mixin.py:149} INFO - [2023-05-26T21:24:21.781+0400] {dag.py:2726} INFO - Sync 1 DAGs
[2023-05-26T21:24:21.807+0400] {logging_mixin.py:149} INFO - [2023-05-26T21:24:21.806+0400] {dag.py:3486} INFO - Setting next_dagrun for podcast_summary to 2023-05-26T00:00:00+00:00, run_after=2023-05-27T00:00:00+00:00
[2023-05-26T21:24:21.834+0400] {processor.py:179} INFO - Processing /home/chinnu/airflow/dags/podcast_summary.py took 0.146 seconds
[2023-05-26T21:24:58.629+0400] {processor.py:157} INFO - Started process (PID=17274) to work on /home/chinnu/airflow/dags/podcast_summary.py
[2023-05-26T21:24:58.631+0400] {processor.py:826} INFO - Processing file /home/chinnu/airflow/dags/podcast_summary.py for tasks to queue
[2023-05-26T21:24:58.632+0400] {logging_mixin.py:149} INFO - [2023-05-26T21:24:58.632+0400] {dagbag.py:541} INFO - Filling up the DagBag from /home/chinnu/airflow/dags/podcast_summary.py
[2023-05-26T21:24:58.686+0400] {processor.py:836} INFO - DAG(s) dict_keys(['podcast_summary']) retrieved from /home/chinnu/airflow/dags/podcast_summary.py
[2023-05-26T21:24:58.716+0400] {logging_mixin.py:149} INFO - [2023-05-26T21:24:58.716+0400] {dag.py:2726} INFO - Sync 1 DAGs
[2023-05-26T21:24:58.741+0400] {logging_mixin.py:149} INFO - [2023-05-26T21:24:58.741+0400] {dag.py:3486} INFO - Setting next_dagrun for podcast_summary to 2023-05-26T00:00:00+00:00, run_after=2023-05-27T00:00:00+00:00
[2023-05-26T21:24:58.771+0400] {processor.py:179} INFO - Processing /home/chinnu/airflow/dags/podcast_summary.py took 0.147 seconds
[2023-05-26T21:47:56.171+0400] {processor.py:157} INFO - Started process (PID=51) to work on /home/chinnu/airflow/dags/podcast_summary.py
[2023-05-26T21:47:56.173+0400] {processor.py:826} INFO - Processing file /home/chinnu/airflow/dags/podcast_summary.py for tasks to queue
[2023-05-26T21:47:56.174+0400] {logging_mixin.py:149} INFO - [2023-05-26T21:47:56.174+0400] {dagbag.py:541} INFO - Filling up the DagBag from /home/chinnu/airflow/dags/podcast_summary.py
[2023-05-26T21:47:56.191+0400] {logging_mixin.py:149} INFO - [2023-05-26T21:47:56.180+0400] {dagbag.py:350} ERROR - Failed to import: /home/chinnu/airflow/dags/podcast_summary.py
Traceback (most recent call last):
  File "/home/chinnu/.local/lib/python3.10/site-packages/airflow/models/dagbag.py", line 346, in parse
    loader.exec_module(new_module)
  File "<frozen importlib._bootstrap_external>", line 879, in exec_module
  File "<frozen importlib._bootstrap_external>", line 1017, in get_code
  File "<frozen importlib._bootstrap_external>", line 947, in source_to_code
  File "<frozen importlib._bootstrap>", line 241, in _call_with_frames_removed
  File "/home/chinnu/airflow/dags/podcast_summary.py", line 92
    hook = SqliteHook(sqlite_conn_id="podcasts")
    ^^^^
IndentationError: expected an indented block after function definition on line 91
[2023-05-26T21:47:56.191+0400] {processor.py:838} WARNING - No viable dags retrieved from /home/chinnu/airflow/dags/podcast_summary.py
[2023-05-26T21:47:56.220+0400] {processor.py:179} INFO - Processing /home/chinnu/airflow/dags/podcast_summary.py took 0.054 seconds
[2023-05-26T21:48:56.774+0400] {processor.py:157} INFO - Started process (PID=110) to work on /home/chinnu/airflow/dags/podcast_summary.py
[2023-05-26T21:48:56.775+0400] {processor.py:826} INFO - Processing file /home/chinnu/airflow/dags/podcast_summary.py for tasks to queue
[2023-05-26T21:48:56.776+0400] {logging_mixin.py:149} INFO - [2023-05-26T21:48:56.776+0400] {dagbag.py:541} INFO - Filling up the DagBag from /home/chinnu/airflow/dags/podcast_summary.py
[2023-05-26T21:48:56.783+0400] {logging_mixin.py:149} INFO - [2023-05-26T21:48:56.782+0400] {dagbag.py:350} ERROR - Failed to import: /home/chinnu/airflow/dags/podcast_summary.py
Traceback (most recent call last):
  File "/home/chinnu/.local/lib/python3.10/site-packages/airflow/models/dagbag.py", line 346, in parse
    loader.exec_module(new_module)
  File "<frozen importlib._bootstrap_external>", line 879, in exec_module
  File "<frozen importlib._bootstrap_external>", line 1017, in get_code
  File "<frozen importlib._bootstrap_external>", line 947, in source_to_code
  File "<frozen importlib._bootstrap>", line 241, in _call_with_frames_removed
  File "/home/chinnu/airflow/dags/podcast_summary.py", line 92
    hook = SqliteHook(sqlite_conn_id="podcasts")
    ^^^^
IndentationError: expected an indented block after function definition on line 91
[2023-05-26T21:48:56.783+0400] {processor.py:838} WARNING - No viable dags retrieved from /home/chinnu/airflow/dags/podcast_summary.py
[2023-05-26T21:48:56.815+0400] {processor.py:179} INFO - Processing /home/chinnu/airflow/dags/podcast_summary.py took 0.047 seconds
[2023-05-26T21:52:00.308+0400] {processor.py:157} INFO - Started process (PID=39) to work on /home/chinnu/airflow/dags/podcast_summary.py
[2023-05-26T21:52:00.312+0400] {processor.py:826} INFO - Processing file /home/chinnu/airflow/dags/podcast_summary.py for tasks to queue
[2023-05-26T21:52:00.314+0400] {logging_mixin.py:149} INFO - [2023-05-26T21:52:00.313+0400] {dagbag.py:541} INFO - Filling up the DagBag from /home/chinnu/airflow/dags/podcast_summary.py
[2023-05-26T21:52:00.799+0400] {processor.py:836} INFO - DAG(s) dict_keys(['podcast_summary']) retrieved from /home/chinnu/airflow/dags/podcast_summary.py
[2023-05-26T21:52:01.051+0400] {logging_mixin.py:149} INFO - [2023-05-26T21:52:01.051+0400] {dag.py:2726} INFO - Sync 1 DAGs
[2023-05-26T21:52:01.084+0400] {logging_mixin.py:149} INFO - [2023-05-26T21:52:01.084+0400] {dag.py:3486} INFO - Setting next_dagrun for podcast_summary to 2023-05-26T00:00:00+00:00, run_after=2023-05-27T00:00:00+00:00
[2023-05-26T21:52:01.268+0400] {processor.py:179} INFO - Processing /home/chinnu/airflow/dags/podcast_summary.py took 0.969 seconds
[2023-05-26T21:53:03.246+0400] {processor.py:157} INFO - Started process (PID=91) to work on /home/chinnu/airflow/dags/podcast_summary.py
[2023-05-26T21:53:03.248+0400] {processor.py:826} INFO - Processing file /home/chinnu/airflow/dags/podcast_summary.py for tasks to queue
[2023-05-26T21:53:03.249+0400] {logging_mixin.py:149} INFO - [2023-05-26T21:53:03.249+0400] {dagbag.py:541} INFO - Filling up the DagBag from /home/chinnu/airflow/dags/podcast_summary.py
[2023-05-26T21:53:03.314+0400] {processor.py:836} INFO - DAG(s) dict_keys(['podcast_summary']) retrieved from /home/chinnu/airflow/dags/podcast_summary.py
[2023-05-26T21:53:03.475+0400] {logging_mixin.py:149} INFO - [2023-05-26T21:53:03.475+0400] {dag.py:2726} INFO - Sync 1 DAGs
[2023-05-26T21:53:03.495+0400] {logging_mixin.py:149} INFO - [2023-05-26T21:53:03.494+0400] {dag.py:3486} INFO - Setting next_dagrun for podcast_summary to 2023-05-26T00:00:00+00:00, run_after=2023-05-27T00:00:00+00:00
[2023-05-26T21:53:03.527+0400] {processor.py:179} INFO - Processing /home/chinnu/airflow/dags/podcast_summary.py took 0.286 seconds
[2023-05-26T21:53:33.816+0400] {processor.py:157} INFO - Started process (PID=119) to work on /home/chinnu/airflow/dags/podcast_summary.py
[2023-05-26T21:53:33.817+0400] {processor.py:826} INFO - Processing file /home/chinnu/airflow/dags/podcast_summary.py for tasks to queue
[2023-05-26T21:53:33.818+0400] {logging_mixin.py:149} INFO - [2023-05-26T21:53:33.818+0400] {dagbag.py:541} INFO - Filling up the DagBag from /home/chinnu/airflow/dags/podcast_summary.py
[2023-05-26T21:53:34.017+0400] {processor.py:836} INFO - DAG(s) dict_keys(['podcast_summary']) retrieved from /home/chinnu/airflow/dags/podcast_summary.py
[2023-05-26T21:53:34.036+0400] {logging_mixin.py:149} INFO - [2023-05-26T21:53:34.036+0400] {dag.py:2726} INFO - Sync 1 DAGs
[2023-05-26T21:53:34.056+0400] {logging_mixin.py:149} INFO - [2023-05-26T21:53:34.056+0400] {dag.py:3486} INFO - Setting next_dagrun for podcast_summary to 2023-05-26T00:00:00+00:00, run_after=2023-05-27T00:00:00+00:00
[2023-05-26T21:53:34.086+0400] {processor.py:179} INFO - Processing /home/chinnu/airflow/dags/podcast_summary.py took 0.276 seconds
[2023-05-26T21:54:01.491+0400] {processor.py:157} INFO - Started process (PID=162) to work on /home/chinnu/airflow/dags/podcast_summary.py
[2023-05-26T21:54:01.493+0400] {processor.py:826} INFO - Processing file /home/chinnu/airflow/dags/podcast_summary.py for tasks to queue
[2023-05-26T21:54:01.494+0400] {logging_mixin.py:149} INFO - [2023-05-26T21:54:01.494+0400] {dagbag.py:541} INFO - Filling up the DagBag from /home/chinnu/airflow/dags/podcast_summary.py
[2023-05-26T21:54:01.607+0400] {processor.py:836} INFO - DAG(s) dict_keys(['podcast_summary']) retrieved from /home/chinnu/airflow/dags/podcast_summary.py
[2023-05-26T21:54:01.653+0400] {logging_mixin.py:149} INFO - [2023-05-26T21:54:01.653+0400] {dag.py:2726} INFO - Sync 1 DAGs
[2023-05-26T21:54:01.694+0400] {logging_mixin.py:149} INFO - [2023-05-26T21:54:01.694+0400] {dag.py:3486} INFO - Setting next_dagrun for podcast_summary to 2023-05-26T00:00:00+00:00, run_after=2023-05-27T00:00:00+00:00
[2023-05-26T21:54:01.734+0400] {processor.py:179} INFO - Processing /home/chinnu/airflow/dags/podcast_summary.py took 0.251 seconds
[2023-05-26T21:58:32.368+0400] {processor.py:157} INFO - Started process (PID=759) to work on /home/chinnu/airflow/dags/podcast_summary.py
[2023-05-26T21:58:32.370+0400] {processor.py:826} INFO - Processing file /home/chinnu/airflow/dags/podcast_summary.py for tasks to queue
[2023-05-26T21:58:32.371+0400] {logging_mixin.py:149} INFO - [2023-05-26T21:58:32.371+0400] {dagbag.py:541} INFO - Filling up the DagBag from /home/chinnu/airflow/dags/podcast_summary.py
[2023-05-26T21:58:32.446+0400] {processor.py:836} INFO - DAG(s) dict_keys(['podcast_summary']) retrieved from /home/chinnu/airflow/dags/podcast_summary.py
[2023-05-26T21:58:32.488+0400] {logging_mixin.py:149} INFO - [2023-05-26T21:58:32.488+0400] {dag.py:2726} INFO - Sync 1 DAGs
[2023-05-26T21:58:32.522+0400] {logging_mixin.py:149} INFO - [2023-05-26T21:58:32.522+0400] {dag.py:3486} INFO - Setting next_dagrun for podcast_summary to 2023-05-26T00:00:00+00:00, run_after=2023-05-27T00:00:00+00:00
[2023-05-26T21:58:32.557+0400] {processor.py:179} INFO - Processing /home/chinnu/airflow/dags/podcast_summary.py took 0.195 seconds
[2023-05-26T22:01:06.720+0400] {processor.py:157} INFO - Started process (PID=1359) to work on /home/chinnu/airflow/dags/podcast_summary.py
[2023-05-26T22:01:06.722+0400] {processor.py:826} INFO - Processing file /home/chinnu/airflow/dags/podcast_summary.py for tasks to queue
[2023-05-26T22:01:06.723+0400] {logging_mixin.py:149} INFO - [2023-05-26T22:01:06.723+0400] {dagbag.py:541} INFO - Filling up the DagBag from /home/chinnu/airflow/dags/podcast_summary.py
[2023-05-26T22:01:06.806+0400] {processor.py:836} INFO - DAG(s) dict_keys(['podcast_summary']) retrieved from /home/chinnu/airflow/dags/podcast_summary.py
[2023-05-26T22:01:06.853+0400] {logging_mixin.py:149} INFO - [2023-05-26T22:01:06.853+0400] {dag.py:2726} INFO - Sync 1 DAGs
[2023-05-26T22:01:06.885+0400] {logging_mixin.py:149} INFO - [2023-05-26T22:01:06.885+0400] {dag.py:3486} INFO - Setting next_dagrun for podcast_summary to 2023-05-26T00:00:00+00:00, run_after=2023-05-27T00:00:00+00:00
[2023-05-26T22:01:06.919+0400] {processor.py:179} INFO - Processing /home/chinnu/airflow/dags/podcast_summary.py took 0.208 seconds
[2023-05-26T22:02:10.334+0400] {processor.py:157} INFO - Started process (PID=1887) to work on /home/chinnu/airflow/dags/podcast_summary.py
[2023-05-26T22:02:10.336+0400] {processor.py:826} INFO - Processing file /home/chinnu/airflow/dags/podcast_summary.py for tasks to queue
[2023-05-26T22:02:10.338+0400] {logging_mixin.py:149} INFO - [2023-05-26T22:02:10.337+0400] {dagbag.py:541} INFO - Filling up the DagBag from /home/chinnu/airflow/dags/podcast_summary.py
[2023-05-26T22:02:10.416+0400] {processor.py:836} INFO - DAG(s) dict_keys(['podcast_summary']) retrieved from /home/chinnu/airflow/dags/podcast_summary.py
[2023-05-26T22:02:10.460+0400] {logging_mixin.py:149} INFO - [2023-05-26T22:02:10.459+0400] {dag.py:2726} INFO - Sync 1 DAGs
[2023-05-26T22:02:10.498+0400] {logging_mixin.py:149} INFO - [2023-05-26T22:02:10.498+0400] {dag.py:3486} INFO - Setting next_dagrun for podcast_summary to 2023-05-26T00:00:00+00:00, run_after=2023-05-27T00:00:00+00:00
[2023-05-26T22:02:10.535+0400] {processor.py:179} INFO - Processing /home/chinnu/airflow/dags/podcast_summary.py took 0.208 seconds
[2023-05-26T22:05:44.556+0400] {processor.py:157} INFO - Started process (PID=2490) to work on /home/chinnu/airflow/dags/podcast_summary.py
[2023-05-26T22:05:44.564+0400] {processor.py:826} INFO - Processing file /home/chinnu/airflow/dags/podcast_summary.py for tasks to queue
[2023-05-26T22:05:44.565+0400] {logging_mixin.py:149} INFO - [2023-05-26T22:05:44.565+0400] {dagbag.py:541} INFO - Filling up the DagBag from /home/chinnu/airflow/dags/podcast_summary.py
[2023-05-26T22:05:44.635+0400] {processor.py:836} INFO - DAG(s) dict_keys(['podcast_summary']) retrieved from /home/chinnu/airflow/dags/podcast_summary.py
[2023-05-26T22:05:44.739+0400] {logging_mixin.py:149} INFO - [2023-05-26T22:05:44.739+0400] {dag.py:2726} INFO - Sync 1 DAGs
[2023-05-26T22:05:44.939+0400] {logging_mixin.py:149} INFO - [2023-05-26T22:05:44.938+0400] {dag.py:3486} INFO - Setting next_dagrun for podcast_summary to 2023-05-26T00:00:00+00:00, run_after=2023-05-27T00:00:00+00:00
[2023-05-26T22:05:45.059+0400] {processor.py:179} INFO - Processing /home/chinnu/airflow/dags/podcast_summary.py took 0.510 seconds
[2023-05-26T22:06:55.164+0400] {processor.py:157} INFO - Started process (PID=2560) to work on /home/chinnu/airflow/dags/podcast_summary.py
[2023-05-26T22:06:55.168+0400] {processor.py:826} INFO - Processing file /home/chinnu/airflow/dags/podcast_summary.py for tasks to queue
[2023-05-26T22:06:55.170+0400] {logging_mixin.py:149} INFO - [2023-05-26T22:06:55.169+0400] {dagbag.py:541} INFO - Filling up the DagBag from /home/chinnu/airflow/dags/podcast_summary.py
[2023-05-26T22:06:55.256+0400] {processor.py:836} INFO - DAG(s) dict_keys(['podcast_summary']) retrieved from /home/chinnu/airflow/dags/podcast_summary.py
[2023-05-26T22:06:55.507+0400] {logging_mixin.py:149} INFO - [2023-05-26T22:06:55.507+0400] {dag.py:2726} INFO - Sync 1 DAGs
[2023-05-26T22:06:55.546+0400] {logging_mixin.py:149} INFO - [2023-05-26T22:06:55.546+0400] {dag.py:3486} INFO - Setting next_dagrun for podcast_summary to 2023-05-26T00:00:00+00:00, run_after=2023-05-27T00:00:00+00:00
[2023-05-26T22:06:55.592+0400] {processor.py:179} INFO - Processing /home/chinnu/airflow/dags/podcast_summary.py took 0.436 seconds
[2023-05-26T22:07:45.384+0400] {processor.py:157} INFO - Started process (PID=2592) to work on /home/chinnu/airflow/dags/podcast_summary.py
[2023-05-26T22:07:45.385+0400] {processor.py:826} INFO - Processing file /home/chinnu/airflow/dags/podcast_summary.py for tasks to queue
[2023-05-26T22:07:45.386+0400] {logging_mixin.py:149} INFO - [2023-05-26T22:07:45.386+0400] {dagbag.py:541} INFO - Filling up the DagBag from /home/chinnu/airflow/dags/podcast_summary.py
[2023-05-26T22:07:45.590+0400] {processor.py:836} INFO - DAG(s) dict_keys(['podcast_summary']) retrieved from /home/chinnu/airflow/dags/podcast_summary.py
[2023-05-26T22:07:45.612+0400] {logging_mixin.py:149} INFO - [2023-05-26T22:07:45.611+0400] {dag.py:2726} INFO - Sync 1 DAGs
[2023-05-26T22:07:45.635+0400] {logging_mixin.py:149} INFO - [2023-05-26T22:07:45.635+0400] {dag.py:3486} INFO - Setting next_dagrun for podcast_summary to 2023-05-26T00:00:00+00:00, run_after=2023-05-27T00:00:00+00:00
[2023-05-26T22:07:45.666+0400] {processor.py:179} INFO - Processing /home/chinnu/airflow/dags/podcast_summary.py took 0.288 seconds
[2023-05-26T22:08:35.783+0400] {processor.py:157} INFO - Started process (PID=2627) to work on /home/chinnu/airflow/dags/podcast_summary.py
[2023-05-26T22:08:35.785+0400] {processor.py:826} INFO - Processing file /home/chinnu/airflow/dags/podcast_summary.py for tasks to queue
[2023-05-26T22:08:35.786+0400] {logging_mixin.py:149} INFO - [2023-05-26T22:08:35.785+0400] {dagbag.py:541} INFO - Filling up the DagBag from /home/chinnu/airflow/dags/podcast_summary.py
[2023-05-26T22:08:35.875+0400] {processor.py:836} INFO - DAG(s) dict_keys(['podcast_summary']) retrieved from /home/chinnu/airflow/dags/podcast_summary.py
[2023-05-26T22:08:35.927+0400] {logging_mixin.py:149} INFO - [2023-05-26T22:08:35.926+0400] {dag.py:2726} INFO - Sync 1 DAGs
[2023-05-26T22:08:35.969+0400] {logging_mixin.py:149} INFO - [2023-05-26T22:08:35.968+0400] {dag.py:3486} INFO - Setting next_dagrun for podcast_summary to 2023-05-26T00:00:00+00:00, run_after=2023-05-27T00:00:00+00:00
[2023-05-26T22:08:36.061+0400] {processor.py:179} INFO - Processing /home/chinnu/airflow/dags/podcast_summary.py took 0.288 seconds
[2023-05-26T22:11:00.738+0400] {processor.py:157} INFO - Started process (PID=3197) to work on /home/chinnu/airflow/dags/podcast_summary.py
[2023-05-26T22:11:00.740+0400] {processor.py:826} INFO - Processing file /home/chinnu/airflow/dags/podcast_summary.py for tasks to queue
[2023-05-26T22:11:00.742+0400] {logging_mixin.py:149} INFO - [2023-05-26T22:11:00.741+0400] {dagbag.py:541} INFO - Filling up the DagBag from /home/chinnu/airflow/dags/podcast_summary.py
[2023-05-26T22:11:00.847+0400] {processor.py:836} INFO - DAG(s) dict_keys(['podcast_summary']) retrieved from /home/chinnu/airflow/dags/podcast_summary.py
[2023-05-26T22:11:00.916+0400] {logging_mixin.py:149} INFO - [2023-05-26T22:11:00.915+0400] {dag.py:2726} INFO - Sync 1 DAGs
[2023-05-26T22:11:00.970+0400] {logging_mixin.py:149} INFO - [2023-05-26T22:11:00.969+0400] {dag.py:3486} INFO - Setting next_dagrun for podcast_summary to 2023-05-26T00:00:00+00:00, run_after=2023-05-27T00:00:00+00:00
[2023-05-26T22:11:01.016+0400] {processor.py:179} INFO - Processing /home/chinnu/airflow/dags/podcast_summary.py took 0.289 seconds
[2023-05-26T22:14:21.055+0400] {processor.py:157} INFO - Started process (PID=3778) to work on /home/chinnu/airflow/dags/podcast_summary.py
[2023-05-26T22:14:21.059+0400] {processor.py:826} INFO - Processing file /home/chinnu/airflow/dags/podcast_summary.py for tasks to queue
[2023-05-26T22:14:21.062+0400] {logging_mixin.py:149} INFO - [2023-05-26T22:14:21.061+0400] {dagbag.py:541} INFO - Filling up the DagBag from /home/chinnu/airflow/dags/podcast_summary.py
[2023-05-26T22:14:21.248+0400] {processor.py:836} INFO - DAG(s) dict_keys(['podcast_summary']) retrieved from /home/chinnu/airflow/dags/podcast_summary.py
[2023-05-26T22:14:21.371+0400] {logging_mixin.py:149} INFO - [2023-05-26T22:14:21.370+0400] {dag.py:2726} INFO - Sync 1 DAGs
[2023-05-26T22:14:21.422+0400] {logging_mixin.py:149} INFO - [2023-05-26T22:14:21.422+0400] {dag.py:3486} INFO - Setting next_dagrun for podcast_summary to 2023-05-26T00:00:00+00:00, run_after=2023-05-27T00:00:00+00:00
[2023-05-26T22:14:21.462+0400] {processor.py:179} INFO - Processing /home/chinnu/airflow/dags/podcast_summary.py took 0.430 seconds
[2023-05-26T22:15:15.624+0400] {processor.py:157} INFO - Started process (PID=4336) to work on /home/chinnu/airflow/dags/podcast_summary.py
[2023-05-26T22:15:15.626+0400] {processor.py:826} INFO - Processing file /home/chinnu/airflow/dags/podcast_summary.py for tasks to queue
[2023-05-26T22:15:15.627+0400] {logging_mixin.py:149} INFO - [2023-05-26T22:15:15.627+0400] {dagbag.py:541} INFO - Filling up the DagBag from /home/chinnu/airflow/dags/podcast_summary.py
[2023-05-26T22:15:15.708+0400] {processor.py:836} INFO - DAG(s) dict_keys(['podcast_summary']) retrieved from /home/chinnu/airflow/dags/podcast_summary.py
[2023-05-26T22:15:15.754+0400] {logging_mixin.py:149} INFO - [2023-05-26T22:15:15.754+0400] {dag.py:2726} INFO - Sync 1 DAGs
[2023-05-26T22:15:15.785+0400] {logging_mixin.py:149} INFO - [2023-05-26T22:15:15.785+0400] {dag.py:3486} INFO - Setting next_dagrun for podcast_summary to 2023-05-26T00:00:00+00:00, run_after=2023-05-27T00:00:00+00:00
[2023-05-26T22:15:15.819+0400] {processor.py:179} INFO - Processing /home/chinnu/airflow/dags/podcast_summary.py took 0.202 seconds
[2023-05-26T22:18:10.616+0400] {processor.py:157} INFO - Started process (PID=4894) to work on /home/chinnu/airflow/dags/podcast_summary.py
[2023-05-26T22:18:10.618+0400] {processor.py:826} INFO - Processing file /home/chinnu/airflow/dags/podcast_summary.py for tasks to queue
[2023-05-26T22:18:10.619+0400] {logging_mixin.py:149} INFO - [2023-05-26T22:18:10.619+0400] {dagbag.py:541} INFO - Filling up the DagBag from /home/chinnu/airflow/dags/podcast_summary.py
[2023-05-26T22:18:10.698+0400] {processor.py:836} INFO - DAG(s) dict_keys(['podcast_summary']) retrieved from /home/chinnu/airflow/dags/podcast_summary.py
[2023-05-26T22:18:10.757+0400] {logging_mixin.py:149} INFO - [2023-05-26T22:18:10.757+0400] {dag.py:2726} INFO - Sync 1 DAGs
[2023-05-26T22:18:10.787+0400] {logging_mixin.py:149} INFO - [2023-05-26T22:18:10.787+0400] {dag.py:3486} INFO - Setting next_dagrun for podcast_summary to 2023-05-26T00:00:00+00:00, run_after=2023-05-27T00:00:00+00:00
[2023-05-26T22:18:10.823+0400] {processor.py:179} INFO - Processing /home/chinnu/airflow/dags/podcast_summary.py took 0.215 seconds
