[2023-05-26T19:41:52.492+0400] {taskinstance.py:1103} INFO - Dependencies all met for dep_context=non-requeueable deps ti=<TaskInstance: podcast_summary.create_table_sqlite manual__2023-05-26T15:41:46.889732+00:00 [queued]>
[2023-05-26T19:41:52.500+0400] {taskinstance.py:1103} INFO - Dependencies all met for dep_context=requeueable deps ti=<TaskInstance: podcast_summary.create_table_sqlite manual__2023-05-26T15:41:46.889732+00:00 [queued]>
[2023-05-26T19:41:52.500+0400] {taskinstance.py:1308} INFO - Starting attempt 1 of 1
[2023-05-26T19:41:52.525+0400] {taskinstance.py:1327} INFO - Executing <Task(SqliteOperator): create_table_sqlite> on 2023-05-26 15:41:46.889732+00:00
[2023-05-26T19:41:52.548+0400] {standard_task_runner.py:57} INFO - Started process 896 to run task
[2023-05-26T19:41:52.564+0400] {standard_task_runner.py:84} INFO - Running: ['airflow', 'tasks', 'run', 'podcast_summary', 'create_table_sqlite', 'manual__2023-05-26T15:41:46.889732+00:00', '--job-id', '98', '--raw', '--subdir', 'DAGS_FOLDER/podcast_summary.py', '--cfg-path', '/tmp/tmpohpcnr82']
[2023-05-26T19:41:52.572+0400] {standard_task_runner.py:85} INFO - Job 98: Subtask create_table_sqlite
[2023-05-26T19:41:52.706+0400] {task_command.py:410} INFO - Running <TaskInstance: podcast_summary.create_table_sqlite manual__2023-05-26T15:41:46.889732+00:00 [running]> on host DESKTOP-V010GL9.localdomain
[2023-05-26T19:41:52.837+0400] {taskinstance.py:1545} INFO - Exporting env vars: AIRFLOW_CTX_DAG_OWNER='airflow' AIRFLOW_CTX_DAG_ID='podcast_summary' AIRFLOW_CTX_TASK_ID='create_table_sqlite' AIRFLOW_CTX_EXECUTION_DATE='2023-05-26T15:41:46.889732+00:00' AIRFLOW_CTX_TRY_NUMBER='1' AIRFLOW_CTX_DAG_RUN_ID='manual__2023-05-26T15:41:46.889732+00:00'
[2023-05-26T19:41:52.839+0400] {sql.py:262} INFO - Executing: 
        CREATE TABLE IF NOT EXISTS episodes (
            link TEXT PRIMARY KEY,
            title TEXT,
            filename TEXT,
            published TEXT,
            description TEXT,
            transcript TEXT
        );
        
[2023-05-26T19:41:52.844+0400] {base.py:73} INFO - Using connection ID 'podcasts' for task execution.
[2023-05-26T19:41:53.017+0400] {base.py:73} INFO - Using connection ID 'podcasts' for task execution.
[2023-05-26T19:41:53.017+0400] {sql.py:375} INFO - Running statement: 
        CREATE TABLE IF NOT EXISTS episodes (
            link TEXT PRIMARY KEY,
            title TEXT,
            filename TEXT,
            published TEXT,
            description TEXT,
            transcript TEXT
        );
        , parameters: None
[2023-05-26T19:41:53.023+0400] {taskinstance.py:1345} INFO - Marking task as SUCCESS. dag_id=podcast_summary, task_id=create_table_sqlite, execution_date=20230526T154146, start_date=20230526T154152, end_date=20230526T154153
[2023-05-26T19:41:53.063+0400] {local_task_job_runner.py:225} INFO - Task exited with return code 0
[2023-05-26T19:41:53.102+0400] {taskinstance.py:2651} INFO - 1 downstream tasks scheduled from follow-on schedule check
