[2023-05-26T19:33:16.729+0400] {processor.py:157} INFO - Started process (PID=114) to work on /home/chinnu/.local/lib/python3.10/site-packages/airflow/example_dags/subdags/subdag.py
[2023-05-26T19:33:16.731+0400] {processor.py:826} INFO - Processing file /home/chinnu/.local/lib/python3.10/site-packages/airflow/example_dags/subdags/subdag.py for tasks to queue
[2023-05-26T19:33:16.732+0400] {logging_mixin.py:149} INFO - [2023-05-26T19:33:16.732+0400] {dagbag.py:541} INFO - Filling up the DagBag from /home/chinnu/.local/lib/python3.10/site-packages/airflow/example_dags/subdags/subdag.py
[2023-05-26T19:33:16.737+0400] {processor.py:838} WARNING - No viable dags retrieved from /home/chinnu/.local/lib/python3.10/site-packages/airflow/example_dags/subdags/subdag.py
[2023-05-26T19:33:16.760+0400] {processor.py:179} INFO - Processing /home/chinnu/.local/lib/python3.10/site-packages/airflow/example_dags/subdags/subdag.py took 0.039 seconds
[2023-05-26T19:38:22.320+0400] {processor.py:157} INFO - Started process (PID=192) to work on /home/chinnu/.local/lib/python3.10/site-packages/airflow/example_dags/subdags/subdag.py
[2023-05-26T19:38:22.325+0400] {processor.py:826} INFO - Processing file /home/chinnu/.local/lib/python3.10/site-packages/airflow/example_dags/subdags/subdag.py for tasks to queue
[2023-05-26T19:38:22.328+0400] {logging_mixin.py:149} INFO - [2023-05-26T19:38:22.328+0400] {dagbag.py:541} INFO - Filling up the DagBag from /home/chinnu/.local/lib/python3.10/site-packages/airflow/example_dags/subdags/subdag.py
[2023-05-26T19:38:22.340+0400] {processor.py:838} WARNING - No viable dags retrieved from /home/chinnu/.local/lib/python3.10/site-packages/airflow/example_dags/subdags/subdag.py
[2023-05-26T19:38:22.384+0400] {processor.py:179} INFO - Processing /home/chinnu/.local/lib/python3.10/site-packages/airflow/example_dags/subdags/subdag.py took 0.075 seconds
[2023-05-26T19:39:20.608+0400] {processor.py:157} INFO - Started process (PID=243) to work on /home/chinnu/.local/lib/python3.10/site-packages/airflow/example_dags/subdags/subdag.py
[2023-05-26T19:39:20.612+0400] {processor.py:826} INFO - Processing file /home/chinnu/.local/lib/python3.10/site-packages/airflow/example_dags/subdags/subdag.py for tasks to queue
[2023-05-26T19:39:20.614+0400] {logging_mixin.py:149} INFO - [2023-05-26T19:39:20.614+0400] {dagbag.py:541} INFO - Filling up the DagBag from /home/chinnu/.local/lib/python3.10/site-packages/airflow/example_dags/subdags/subdag.py
[2023-05-26T19:39:20.621+0400] {processor.py:838} WARNING - No viable dags retrieved from /home/chinnu/.local/lib/python3.10/site-packages/airflow/example_dags/subdags/subdag.py
[2023-05-26T19:39:20.651+0400] {processor.py:179} INFO - Processing /home/chinnu/.local/lib/python3.10/site-packages/airflow/example_dags/subdags/subdag.py took 0.055 seconds
[2023-05-26T19:40:12.064+0400] {processor.py:157} INFO - Started process (PID=803) to work on /home/chinnu/.local/lib/python3.10/site-packages/airflow/example_dags/subdags/subdag.py
[2023-05-26T19:40:12.066+0400] {processor.py:826} INFO - Processing file /home/chinnu/.local/lib/python3.10/site-packages/airflow/example_dags/subdags/subdag.py for tasks to queue
[2023-05-26T19:40:12.067+0400] {logging_mixin.py:149} INFO - [2023-05-26T19:40:12.067+0400] {dagbag.py:541} INFO - Filling up the DagBag from /home/chinnu/.local/lib/python3.10/site-packages/airflow/example_dags/subdags/subdag.py
[2023-05-26T19:40:12.072+0400] {processor.py:838} WARNING - No viable dags retrieved from /home/chinnu/.local/lib/python3.10/site-packages/airflow/example_dags/subdags/subdag.py
[2023-05-26T19:40:12.098+0400] {processor.py:179} INFO - Processing /home/chinnu/.local/lib/python3.10/site-packages/airflow/example_dags/subdags/subdag.py took 0.046 seconds
[2023-05-26T19:41:00.334+0400] {processor.py:157} INFO - Started process (PID=848) to work on /home/chinnu/.local/lib/python3.10/site-packages/airflow/example_dags/subdags/subdag.py
[2023-05-26T19:41:00.338+0400] {processor.py:826} INFO - Processing file /home/chinnu/.local/lib/python3.10/site-packages/airflow/example_dags/subdags/subdag.py for tasks to queue
[2023-05-26T19:41:00.339+0400] {logging_mixin.py:149} INFO - [2023-05-26T19:41:00.338+0400] {dagbag.py:541} INFO - Filling up the DagBag from /home/chinnu/.local/lib/python3.10/site-packages/airflow/example_dags/subdags/subdag.py
[2023-05-26T19:41:00.342+0400] {processor.py:838} WARNING - No viable dags retrieved from /home/chinnu/.local/lib/python3.10/site-packages/airflow/example_dags/subdags/subdag.py
[2023-05-26T19:41:00.363+0400] {processor.py:179} INFO - Processing /home/chinnu/.local/lib/python3.10/site-packages/airflow/example_dags/subdags/subdag.py took 0.039 seconds
[2023-05-26T19:41:20.062+0400] {processor.py:157} INFO - Started process (PID=865) to work on /home/chinnu/.local/lib/python3.10/site-packages/airflow/example_dags/subdags/subdag.py
[2023-05-26T19:41:20.069+0400] {processor.py:826} INFO - Processing file /home/chinnu/.local/lib/python3.10/site-packages/airflow/example_dags/subdags/subdag.py for tasks to queue
[2023-05-26T19:41:20.072+0400] {logging_mixin.py:149} INFO - [2023-05-26T19:41:20.072+0400] {dagbag.py:541} INFO - Filling up the DagBag from /home/chinnu/.local/lib/python3.10/site-packages/airflow/example_dags/subdags/subdag.py
[2023-05-26T19:41:20.087+0400] {processor.py:838} WARNING - No viable dags retrieved from /home/chinnu/.local/lib/python3.10/site-packages/airflow/example_dags/subdags/subdag.py
[2023-05-26T19:41:20.163+0400] {processor.py:179} INFO - Processing /home/chinnu/.local/lib/python3.10/site-packages/airflow/example_dags/subdags/subdag.py took 0.124 seconds
[2023-05-26T19:42:48.521+0400] {processor.py:157} INFO - Started process (PID=1458) to work on /home/chinnu/.local/lib/python3.10/site-packages/airflow/example_dags/subdags/subdag.py
[2023-05-26T19:42:48.524+0400] {processor.py:826} INFO - Processing file /home/chinnu/.local/lib/python3.10/site-packages/airflow/example_dags/subdags/subdag.py for tasks to queue
[2023-05-26T19:42:48.526+0400] {logging_mixin.py:149} INFO - [2023-05-26T19:42:48.526+0400] {dagbag.py:541} INFO - Filling up the DagBag from /home/chinnu/.local/lib/python3.10/site-packages/airflow/example_dags/subdags/subdag.py
[2023-05-26T19:42:48.532+0400] {processor.py:838} WARNING - No viable dags retrieved from /home/chinnu/.local/lib/python3.10/site-packages/airflow/example_dags/subdags/subdag.py
[2023-05-26T19:42:48.570+0400] {processor.py:179} INFO - Processing /home/chinnu/.local/lib/python3.10/site-packages/airflow/example_dags/subdags/subdag.py took 0.061 seconds
[2023-05-26T19:43:25.628+0400] {processor.py:157} INFO - Started process (PID=1488) to work on /home/chinnu/.local/lib/python3.10/site-packages/airflow/example_dags/subdags/subdag.py
[2023-05-26T19:43:25.631+0400] {processor.py:826} INFO - Processing file /home/chinnu/.local/lib/python3.10/site-packages/airflow/example_dags/subdags/subdag.py for tasks to queue
[2023-05-26T19:43:25.633+0400] {logging_mixin.py:149} INFO - [2023-05-26T19:43:25.632+0400] {dagbag.py:541} INFO - Filling up the DagBag from /home/chinnu/.local/lib/python3.10/site-packages/airflow/example_dags/subdags/subdag.py
[2023-05-26T19:43:25.640+0400] {processor.py:838} WARNING - No viable dags retrieved from /home/chinnu/.local/lib/python3.10/site-packages/airflow/example_dags/subdags/subdag.py
[2023-05-26T19:43:25.672+0400] {processor.py:179} INFO - Processing /home/chinnu/.local/lib/python3.10/site-packages/airflow/example_dags/subdags/subdag.py took 0.051 seconds
[2023-05-26T19:44:02.377+0400] {processor.py:157} INFO - Started process (PID=1518) to work on /home/chinnu/.local/lib/python3.10/site-packages/airflow/example_dags/subdags/subdag.py
[2023-05-26T19:44:02.382+0400] {processor.py:826} INFO - Processing file /home/chinnu/.local/lib/python3.10/site-packages/airflow/example_dags/subdags/subdag.py for tasks to queue
[2023-05-26T19:44:02.384+0400] {logging_mixin.py:149} INFO - [2023-05-26T19:44:02.384+0400] {dagbag.py:541} INFO - Filling up the DagBag from /home/chinnu/.local/lib/python3.10/site-packages/airflow/example_dags/subdags/subdag.py
[2023-05-26T19:44:02.391+0400] {processor.py:838} WARNING - No viable dags retrieved from /home/chinnu/.local/lib/python3.10/site-packages/airflow/example_dags/subdags/subdag.py
[2023-05-26T19:44:02.437+0400] {processor.py:179} INFO - Processing /home/chinnu/.local/lib/python3.10/site-packages/airflow/example_dags/subdags/subdag.py took 0.073 seconds
[2023-05-26T19:44:36.490+0400] {processor.py:157} INFO - Started process (PID=1548) to work on /home/chinnu/.local/lib/python3.10/site-packages/airflow/example_dags/subdags/subdag.py
[2023-05-26T19:44:36.495+0400] {processor.py:826} INFO - Processing file /home/chinnu/.local/lib/python3.10/site-packages/airflow/example_dags/subdags/subdag.py for tasks to queue
[2023-05-26T19:44:36.497+0400] {logging_mixin.py:149} INFO - [2023-05-26T19:44:36.497+0400] {dagbag.py:541} INFO - Filling up the DagBag from /home/chinnu/.local/lib/python3.10/site-packages/airflow/example_dags/subdags/subdag.py
[2023-05-26T19:44:36.504+0400] {processor.py:838} WARNING - No viable dags retrieved from /home/chinnu/.local/lib/python3.10/site-packages/airflow/example_dags/subdags/subdag.py
[2023-05-26T19:44:36.552+0400] {processor.py:179} INFO - Processing /home/chinnu/.local/lib/python3.10/site-packages/airflow/example_dags/subdags/subdag.py took 0.074 seconds
[2023-05-26T19:45:09.347+0400] {processor.py:157} INFO - Started process (PID=1575) to work on /home/chinnu/.local/lib/python3.10/site-packages/airflow/example_dags/subdags/subdag.py
[2023-05-26T19:45:09.353+0400] {processor.py:826} INFO - Processing file /home/chinnu/.local/lib/python3.10/site-packages/airflow/example_dags/subdags/subdag.py for tasks to queue
[2023-05-26T19:45:09.357+0400] {logging_mixin.py:149} INFO - [2023-05-26T19:45:09.355+0400] {dagbag.py:541} INFO - Filling up the DagBag from /home/chinnu/.local/lib/python3.10/site-packages/airflow/example_dags/subdags/subdag.py
[2023-05-26T19:45:09.369+0400] {processor.py:838} WARNING - No viable dags retrieved from /home/chinnu/.local/lib/python3.10/site-packages/airflow/example_dags/subdags/subdag.py
[2023-05-26T19:45:09.431+0400] {processor.py:179} INFO - Processing /home/chinnu/.local/lib/python3.10/site-packages/airflow/example_dags/subdags/subdag.py took 0.107 seconds
[2023-05-26T19:46:07.230+0400] {processor.py:157} INFO - Started process (PID=1626) to work on /home/chinnu/.local/lib/python3.10/site-packages/airflow/example_dags/subdags/subdag.py
[2023-05-26T19:46:07.233+0400] {processor.py:826} INFO - Processing file /home/chinnu/.local/lib/python3.10/site-packages/airflow/example_dags/subdags/subdag.py for tasks to queue
[2023-05-26T19:46:07.235+0400] {logging_mixin.py:149} INFO - [2023-05-26T19:46:07.235+0400] {dagbag.py:541} INFO - Filling up the DagBag from /home/chinnu/.local/lib/python3.10/site-packages/airflow/example_dags/subdags/subdag.py
[2023-05-26T19:46:07.242+0400] {processor.py:838} WARNING - No viable dags retrieved from /home/chinnu/.local/lib/python3.10/site-packages/airflow/example_dags/subdags/subdag.py
[2023-05-26T19:46:07.281+0400] {processor.py:179} INFO - Processing /home/chinnu/.local/lib/python3.10/site-packages/airflow/example_dags/subdags/subdag.py took 0.068 seconds
[2023-05-26T19:47:51.445+0400] {processor.py:157} INFO - Started process (PID=1670) to work on /home/chinnu/.local/lib/python3.10/site-packages/airflow/example_dags/subdags/subdag.py
[2023-05-26T19:47:51.451+0400] {processor.py:826} INFO - Processing file /home/chinnu/.local/lib/python3.10/site-packages/airflow/example_dags/subdags/subdag.py for tasks to queue
[2023-05-26T19:47:51.453+0400] {logging_mixin.py:149} INFO - [2023-05-26T19:47:51.453+0400] {dagbag.py:541} INFO - Filling up the DagBag from /home/chinnu/.local/lib/python3.10/site-packages/airflow/example_dags/subdags/subdag.py
[2023-05-26T19:47:51.466+0400] {processor.py:838} WARNING - No viable dags retrieved from /home/chinnu/.local/lib/python3.10/site-packages/airflow/example_dags/subdags/subdag.py
[2023-05-26T19:47:51.535+0400] {processor.py:179} INFO - Processing /home/chinnu/.local/lib/python3.10/site-packages/airflow/example_dags/subdags/subdag.py took 0.111 seconds
[2023-05-26T21:05:05.769+0400] {processor.py:157} INFO - Started process (PID=52) to work on /home/chinnu/.local/lib/python3.10/site-packages/airflow/example_dags/subdags/subdag.py
[2023-05-26T21:05:05.772+0400] {processor.py:826} INFO - Processing file /home/chinnu/.local/lib/python3.10/site-packages/airflow/example_dags/subdags/subdag.py for tasks to queue
[2023-05-26T21:05:05.773+0400] {logging_mixin.py:149} INFO - [2023-05-26T21:05:05.773+0400] {dagbag.py:541} INFO - Filling up the DagBag from /home/chinnu/.local/lib/python3.10/site-packages/airflow/example_dags/subdags/subdag.py
[2023-05-26T21:05:05.777+0400] {processor.py:838} WARNING - No viable dags retrieved from /home/chinnu/.local/lib/python3.10/site-packages/airflow/example_dags/subdags/subdag.py
[2023-05-26T21:05:05.801+0400] {processor.py:179} INFO - Processing /home/chinnu/.local/lib/python3.10/site-packages/airflow/example_dags/subdags/subdag.py took 0.039 seconds
[2023-05-26T21:06:13.487+0400] {processor.py:157} INFO - Started process (PID=106) to work on /home/chinnu/.local/lib/python3.10/site-packages/airflow/example_dags/subdags/subdag.py
[2023-05-26T21:06:13.490+0400] {processor.py:826} INFO - Processing file /home/chinnu/.local/lib/python3.10/site-packages/airflow/example_dags/subdags/subdag.py for tasks to queue
[2023-05-26T21:06:13.492+0400] {logging_mixin.py:149} INFO - [2023-05-26T21:06:13.492+0400] {dagbag.py:541} INFO - Filling up the DagBag from /home/chinnu/.local/lib/python3.10/site-packages/airflow/example_dags/subdags/subdag.py
[2023-05-26T21:06:13.499+0400] {processor.py:838} WARNING - No viable dags retrieved from /home/chinnu/.local/lib/python3.10/site-packages/airflow/example_dags/subdags/subdag.py
[2023-05-26T21:06:13.533+0400] {processor.py:179} INFO - Processing /home/chinnu/.local/lib/python3.10/site-packages/airflow/example_dags/subdags/subdag.py took 0.055 seconds
[2023-05-26T21:06:47.627+0400] {processor.py:157} INFO - Started process (PID=159) to work on /home/chinnu/.local/lib/python3.10/site-packages/airflow/example_dags/subdags/subdag.py
[2023-05-26T21:06:47.630+0400] {processor.py:826} INFO - Processing file /home/chinnu/.local/lib/python3.10/site-packages/airflow/example_dags/subdags/subdag.py for tasks to queue
[2023-05-26T21:06:47.632+0400] {logging_mixin.py:149} INFO - [2023-05-26T21:06:47.632+0400] {dagbag.py:541} INFO - Filling up the DagBag from /home/chinnu/.local/lib/python3.10/site-packages/airflow/example_dags/subdags/subdag.py
[2023-05-26T21:06:47.638+0400] {processor.py:838} WARNING - No viable dags retrieved from /home/chinnu/.local/lib/python3.10/site-packages/airflow/example_dags/subdags/subdag.py
[2023-05-26T21:06:47.667+0400] {processor.py:179} INFO - Processing /home/chinnu/.local/lib/python3.10/site-packages/airflow/example_dags/subdags/subdag.py took 0.060 seconds
[2023-05-26T21:07:19.790+0400] {processor.py:157} INFO - Started process (PID=194) to work on /home/chinnu/.local/lib/python3.10/site-packages/airflow/example_dags/subdags/subdag.py
[2023-05-26T21:07:19.794+0400] {processor.py:826} INFO - Processing file /home/chinnu/.local/lib/python3.10/site-packages/airflow/example_dags/subdags/subdag.py for tasks to queue
[2023-05-26T21:07:19.796+0400] {logging_mixin.py:149} INFO - [2023-05-26T21:07:19.796+0400] {dagbag.py:541} INFO - Filling up the DagBag from /home/chinnu/.local/lib/python3.10/site-packages/airflow/example_dags/subdags/subdag.py
[2023-05-26T21:07:19.805+0400] {processor.py:838} WARNING - No viable dags retrieved from /home/chinnu/.local/lib/python3.10/site-packages/airflow/example_dags/subdags/subdag.py
[2023-05-26T21:07:19.856+0400] {processor.py:179} INFO - Processing /home/chinnu/.local/lib/python3.10/site-packages/airflow/example_dags/subdags/subdag.py took 0.082 seconds
[2023-05-26T21:09:37.004+0400] {processor.py:157} INFO - Started process (PID=1830) to work on /home/chinnu/.local/lib/python3.10/site-packages/airflow/example_dags/subdags/subdag.py
[2023-05-26T21:09:37.008+0400] {processor.py:826} INFO - Processing file /home/chinnu/.local/lib/python3.10/site-packages/airflow/example_dags/subdags/subdag.py for tasks to queue
[2023-05-26T21:09:37.010+0400] {logging_mixin.py:149} INFO - [2023-05-26T21:09:37.009+0400] {dagbag.py:541} INFO - Filling up the DagBag from /home/chinnu/.local/lib/python3.10/site-packages/airflow/example_dags/subdags/subdag.py
[2023-05-26T21:09:37.017+0400] {processor.py:838} WARNING - No viable dags retrieved from /home/chinnu/.local/lib/python3.10/site-packages/airflow/example_dags/subdags/subdag.py
[2023-05-26T21:09:37.050+0400] {processor.py:179} INFO - Processing /home/chinnu/.local/lib/python3.10/site-packages/airflow/example_dags/subdags/subdag.py took 0.058 seconds
[2023-05-26T21:10:18.338+0400] {processor.py:157} INFO - Started process (PID=1889) to work on /home/chinnu/.local/lib/python3.10/site-packages/airflow/example_dags/subdags/subdag.py
[2023-05-26T21:10:18.343+0400] {processor.py:826} INFO - Processing file /home/chinnu/.local/lib/python3.10/site-packages/airflow/example_dags/subdags/subdag.py for tasks to queue
[2023-05-26T21:10:18.346+0400] {logging_mixin.py:149} INFO - [2023-05-26T21:10:18.345+0400] {dagbag.py:541} INFO - Filling up the DagBag from /home/chinnu/.local/lib/python3.10/site-packages/airflow/example_dags/subdags/subdag.py
[2023-05-26T21:10:18.358+0400] {processor.py:838} WARNING - No viable dags retrieved from /home/chinnu/.local/lib/python3.10/site-packages/airflow/example_dags/subdags/subdag.py
[2023-05-26T21:10:18.410+0400] {processor.py:179} INFO - Processing /home/chinnu/.local/lib/python3.10/site-packages/airflow/example_dags/subdags/subdag.py took 0.086 seconds
[2023-05-26T21:11:17.623+0400] {processor.py:157} INFO - Started process (PID=1949) to work on /home/chinnu/.local/lib/python3.10/site-packages/airflow/example_dags/subdags/subdag.py
[2023-05-26T21:11:17.633+0400] {processor.py:826} INFO - Processing file /home/chinnu/.local/lib/python3.10/site-packages/airflow/example_dags/subdags/subdag.py for tasks to queue
[2023-05-26T21:11:17.635+0400] {logging_mixin.py:149} INFO - [2023-05-26T21:11:17.635+0400] {dagbag.py:541} INFO - Filling up the DagBag from /home/chinnu/.local/lib/python3.10/site-packages/airflow/example_dags/subdags/subdag.py
[2023-05-26T21:11:17.652+0400] {processor.py:838} WARNING - No viable dags retrieved from /home/chinnu/.local/lib/python3.10/site-packages/airflow/example_dags/subdags/subdag.py
[2023-05-26T21:11:17.706+0400] {processor.py:179} INFO - Processing /home/chinnu/.local/lib/python3.10/site-packages/airflow/example_dags/subdags/subdag.py took 0.106 seconds
[2023-05-26T21:12:24.724+0400] {processor.py:157} INFO - Started process (PID=2006) to work on /home/chinnu/.local/lib/python3.10/site-packages/airflow/example_dags/subdags/subdag.py
[2023-05-26T21:12:24.731+0400] {processor.py:826} INFO - Processing file /home/chinnu/.local/lib/python3.10/site-packages/airflow/example_dags/subdags/subdag.py for tasks to queue
[2023-05-26T21:12:24.734+0400] {logging_mixin.py:149} INFO - [2023-05-26T21:12:24.733+0400] {dagbag.py:541} INFO - Filling up the DagBag from /home/chinnu/.local/lib/python3.10/site-packages/airflow/example_dags/subdags/subdag.py
[2023-05-26T21:12:24.747+0400] {processor.py:838} WARNING - No viable dags retrieved from /home/chinnu/.local/lib/python3.10/site-packages/airflow/example_dags/subdags/subdag.py
[2023-05-26T21:12:24.820+0400] {processor.py:179} INFO - Processing /home/chinnu/.local/lib/python3.10/site-packages/airflow/example_dags/subdags/subdag.py took 0.122 seconds
[2023-05-26T21:13:07.646+0400] {processor.py:157} INFO - Started process (PID=2054) to work on /home/chinnu/.local/lib/python3.10/site-packages/airflow/example_dags/subdags/subdag.py
[2023-05-26T21:13:07.647+0400] {processor.py:826} INFO - Processing file /home/chinnu/.local/lib/python3.10/site-packages/airflow/example_dags/subdags/subdag.py for tasks to queue
[2023-05-26T21:13:07.648+0400] {logging_mixin.py:149} INFO - [2023-05-26T21:13:07.648+0400] {dagbag.py:541} INFO - Filling up the DagBag from /home/chinnu/.local/lib/python3.10/site-packages/airflow/example_dags/subdags/subdag.py
[2023-05-26T21:13:07.653+0400] {processor.py:838} WARNING - No viable dags retrieved from /home/chinnu/.local/lib/python3.10/site-packages/airflow/example_dags/subdags/subdag.py
[2023-05-26T21:13:07.674+0400] {processor.py:179} INFO - Processing /home/chinnu/.local/lib/python3.10/site-packages/airflow/example_dags/subdags/subdag.py took 0.034 seconds
[2023-05-26T21:13:50.358+0400] {processor.py:157} INFO - Started process (PID=2104) to work on /home/chinnu/.local/lib/python3.10/site-packages/airflow/example_dags/subdags/subdag.py
[2023-05-26T21:13:50.360+0400] {processor.py:826} INFO - Processing file /home/chinnu/.local/lib/python3.10/site-packages/airflow/example_dags/subdags/subdag.py for tasks to queue
[2023-05-26T21:13:50.362+0400] {logging_mixin.py:149} INFO - [2023-05-26T21:13:50.361+0400] {dagbag.py:541} INFO - Filling up the DagBag from /home/chinnu/.local/lib/python3.10/site-packages/airflow/example_dags/subdags/subdag.py
[2023-05-26T21:13:50.366+0400] {processor.py:838} WARNING - No viable dags retrieved from /home/chinnu/.local/lib/python3.10/site-packages/airflow/example_dags/subdags/subdag.py
[2023-05-26T21:13:50.387+0400] {processor.py:179} INFO - Processing /home/chinnu/.local/lib/python3.10/site-packages/airflow/example_dags/subdags/subdag.py took 0.039 seconds
[2023-05-26T21:14:22.176+0400] {processor.py:157} INFO - Started process (PID=2142) to work on /home/chinnu/.local/lib/python3.10/site-packages/airflow/example_dags/subdags/subdag.py
[2023-05-26T21:14:22.178+0400] {processor.py:826} INFO - Processing file /home/chinnu/.local/lib/python3.10/site-packages/airflow/example_dags/subdags/subdag.py for tasks to queue
[2023-05-26T21:14:22.180+0400] {logging_mixin.py:149} INFO - [2023-05-26T21:14:22.179+0400] {dagbag.py:541} INFO - Filling up the DagBag from /home/chinnu/.local/lib/python3.10/site-packages/airflow/example_dags/subdags/subdag.py
[2023-05-26T21:14:22.185+0400] {processor.py:838} WARNING - No viable dags retrieved from /home/chinnu/.local/lib/python3.10/site-packages/airflow/example_dags/subdags/subdag.py
[2023-05-26T21:14:22.211+0400] {processor.py:179} INFO - Processing /home/chinnu/.local/lib/python3.10/site-packages/airflow/example_dags/subdags/subdag.py took 0.045 seconds
[2023-05-26T21:14:59.125+0400] {processor.py:157} INFO - Started process (PID=2194) to work on /home/chinnu/.local/lib/python3.10/site-packages/airflow/example_dags/subdags/subdag.py
[2023-05-26T21:14:59.126+0400] {processor.py:826} INFO - Processing file /home/chinnu/.local/lib/python3.10/site-packages/airflow/example_dags/subdags/subdag.py for tasks to queue
[2023-05-26T21:14:59.127+0400] {logging_mixin.py:149} INFO - [2023-05-26T21:14:59.127+0400] {dagbag.py:541} INFO - Filling up the DagBag from /home/chinnu/.local/lib/python3.10/site-packages/airflow/example_dags/subdags/subdag.py
[2023-05-26T21:14:59.131+0400] {processor.py:838} WARNING - No viable dags retrieved from /home/chinnu/.local/lib/python3.10/site-packages/airflow/example_dags/subdags/subdag.py
[2023-05-26T21:14:59.152+0400] {processor.py:179} INFO - Processing /home/chinnu/.local/lib/python3.10/site-packages/airflow/example_dags/subdags/subdag.py took 0.034 seconds
[2023-05-26T21:15:37.019+0400] {processor.py:157} INFO - Started process (PID=9433) to work on /home/chinnu/.local/lib/python3.10/site-packages/airflow/example_dags/subdags/subdag.py
[2023-05-26T21:15:37.022+0400] {processor.py:826} INFO - Processing file /home/chinnu/.local/lib/python3.10/site-packages/airflow/example_dags/subdags/subdag.py for tasks to queue
[2023-05-26T21:15:37.023+0400] {logging_mixin.py:149} INFO - [2023-05-26T21:15:37.023+0400] {dagbag.py:541} INFO - Filling up the DagBag from /home/chinnu/.local/lib/python3.10/site-packages/airflow/example_dags/subdags/subdag.py
[2023-05-26T21:15:37.028+0400] {processor.py:838} WARNING - No viable dags retrieved from /home/chinnu/.local/lib/python3.10/site-packages/airflow/example_dags/subdags/subdag.py
[2023-05-26T21:15:37.057+0400] {processor.py:179} INFO - Processing /home/chinnu/.local/lib/python3.10/site-packages/airflow/example_dags/subdags/subdag.py took 0.047 seconds
[2023-05-26T21:16:14.832+0400] {processor.py:157} INFO - Started process (PID=11210) to work on /home/chinnu/.local/lib/python3.10/site-packages/airflow/example_dags/subdags/subdag.py
[2023-05-26T21:16:14.836+0400] {processor.py:826} INFO - Processing file /home/chinnu/.local/lib/python3.10/site-packages/airflow/example_dags/subdags/subdag.py for tasks to queue
[2023-05-26T21:16:14.837+0400] {logging_mixin.py:149} INFO - [2023-05-26T21:16:14.837+0400] {dagbag.py:541} INFO - Filling up the DagBag from /home/chinnu/.local/lib/python3.10/site-packages/airflow/example_dags/subdags/subdag.py
[2023-05-26T21:16:14.843+0400] {processor.py:838} WARNING - No viable dags retrieved from /home/chinnu/.local/lib/python3.10/site-packages/airflow/example_dags/subdags/subdag.py
[2023-05-26T21:16:14.878+0400] {processor.py:179} INFO - Processing /home/chinnu/.local/lib/python3.10/site-packages/airflow/example_dags/subdags/subdag.py took 0.055 seconds
[2023-05-26T21:17:05.243+0400] {processor.py:157} INFO - Started process (PID=16739) to work on /home/chinnu/.local/lib/python3.10/site-packages/airflow/example_dags/subdags/subdag.py
[2023-05-26T21:17:05.244+0400] {processor.py:826} INFO - Processing file /home/chinnu/.local/lib/python3.10/site-packages/airflow/example_dags/subdags/subdag.py for tasks to queue
[2023-05-26T21:17:05.245+0400] {logging_mixin.py:149} INFO - [2023-05-26T21:17:05.245+0400] {dagbag.py:541} INFO - Filling up the DagBag from /home/chinnu/.local/lib/python3.10/site-packages/airflow/example_dags/subdags/subdag.py
[2023-05-26T21:17:05.250+0400] {processor.py:838} WARNING - No viable dags retrieved from /home/chinnu/.local/lib/python3.10/site-packages/airflow/example_dags/subdags/subdag.py
[2023-05-26T21:17:05.274+0400] {processor.py:179} INFO - Processing /home/chinnu/.local/lib/python3.10/site-packages/airflow/example_dags/subdags/subdag.py took 0.038 seconds
[2023-05-26T21:17:44.345+0400] {processor.py:157} INFO - Started process (PID=16785) to work on /home/chinnu/.local/lib/python3.10/site-packages/airflow/example_dags/subdags/subdag.py
[2023-05-26T21:17:44.348+0400] {processor.py:826} INFO - Processing file /home/chinnu/.local/lib/python3.10/site-packages/airflow/example_dags/subdags/subdag.py for tasks to queue
[2023-05-26T21:17:44.349+0400] {logging_mixin.py:149} INFO - [2023-05-26T21:17:44.348+0400] {dagbag.py:541} INFO - Filling up the DagBag from /home/chinnu/.local/lib/python3.10/site-packages/airflow/example_dags/subdags/subdag.py
[2023-05-26T21:17:44.352+0400] {processor.py:838} WARNING - No viable dags retrieved from /home/chinnu/.local/lib/python3.10/site-packages/airflow/example_dags/subdags/subdag.py
[2023-05-26T21:17:44.380+0400] {processor.py:179} INFO - Processing /home/chinnu/.local/lib/python3.10/site-packages/airflow/example_dags/subdags/subdag.py took 0.048 seconds
[2023-05-26T21:18:34.761+0400] {processor.py:157} INFO - Started process (PID=16821) to work on /home/chinnu/.local/lib/python3.10/site-packages/airflow/example_dags/subdags/subdag.py
[2023-05-26T21:18:34.764+0400] {processor.py:826} INFO - Processing file /home/chinnu/.local/lib/python3.10/site-packages/airflow/example_dags/subdags/subdag.py for tasks to queue
[2023-05-26T21:18:34.765+0400] {logging_mixin.py:149} INFO - [2023-05-26T21:18:34.765+0400] {dagbag.py:541} INFO - Filling up the DagBag from /home/chinnu/.local/lib/python3.10/site-packages/airflow/example_dags/subdags/subdag.py
[2023-05-26T21:18:34.772+0400] {processor.py:838} WARNING - No viable dags retrieved from /home/chinnu/.local/lib/python3.10/site-packages/airflow/example_dags/subdags/subdag.py
[2023-05-26T21:18:34.813+0400] {processor.py:179} INFO - Processing /home/chinnu/.local/lib/python3.10/site-packages/airflow/example_dags/subdags/subdag.py took 0.063 seconds
[2023-05-26T21:19:28.495+0400] {processor.py:157} INFO - Started process (PID=16879) to work on /home/chinnu/.local/lib/python3.10/site-packages/airflow/example_dags/subdags/subdag.py
[2023-05-26T21:19:28.499+0400] {processor.py:826} INFO - Processing file /home/chinnu/.local/lib/python3.10/site-packages/airflow/example_dags/subdags/subdag.py for tasks to queue
[2023-05-26T21:19:28.501+0400] {logging_mixin.py:149} INFO - [2023-05-26T21:19:28.500+0400] {dagbag.py:541} INFO - Filling up the DagBag from /home/chinnu/.local/lib/python3.10/site-packages/airflow/example_dags/subdags/subdag.py
[2023-05-26T21:19:28.507+0400] {processor.py:838} WARNING - No viable dags retrieved from /home/chinnu/.local/lib/python3.10/site-packages/airflow/example_dags/subdags/subdag.py
[2023-05-26T21:19:28.534+0400] {processor.py:179} INFO - Processing /home/chinnu/.local/lib/python3.10/site-packages/airflow/example_dags/subdags/subdag.py took 0.051 seconds
[2023-05-26T21:20:04.099+0400] {processor.py:157} INFO - Started process (PID=16921) to work on /home/chinnu/.local/lib/python3.10/site-packages/airflow/example_dags/subdags/subdag.py
[2023-05-26T21:20:04.102+0400] {processor.py:826} INFO - Processing file /home/chinnu/.local/lib/python3.10/site-packages/airflow/example_dags/subdags/subdag.py for tasks to queue
[2023-05-26T21:20:04.103+0400] {logging_mixin.py:149} INFO - [2023-05-26T21:20:04.103+0400] {dagbag.py:541} INFO - Filling up the DagBag from /home/chinnu/.local/lib/python3.10/site-packages/airflow/example_dags/subdags/subdag.py
[2023-05-26T21:20:04.108+0400] {processor.py:838} WARNING - No viable dags retrieved from /home/chinnu/.local/lib/python3.10/site-packages/airflow/example_dags/subdags/subdag.py
[2023-05-26T21:20:04.137+0400] {processor.py:179} INFO - Processing /home/chinnu/.local/lib/python3.10/site-packages/airflow/example_dags/subdags/subdag.py took 0.046 seconds
[2023-05-26T21:20:40.680+0400] {processor.py:157} INFO - Started process (PID=16961) to work on /home/chinnu/.local/lib/python3.10/site-packages/airflow/example_dags/subdags/subdag.py
[2023-05-26T21:20:40.682+0400] {processor.py:826} INFO - Processing file /home/chinnu/.local/lib/python3.10/site-packages/airflow/example_dags/subdags/subdag.py for tasks to queue
[2023-05-26T21:20:40.685+0400] {logging_mixin.py:149} INFO - [2023-05-26T21:20:40.685+0400] {dagbag.py:541} INFO - Filling up the DagBag from /home/chinnu/.local/lib/python3.10/site-packages/airflow/example_dags/subdags/subdag.py
[2023-05-26T21:20:40.690+0400] {processor.py:838} WARNING - No viable dags retrieved from /home/chinnu/.local/lib/python3.10/site-packages/airflow/example_dags/subdags/subdag.py
[2023-05-26T21:20:40.718+0400] {processor.py:179} INFO - Processing /home/chinnu/.local/lib/python3.10/site-packages/airflow/example_dags/subdags/subdag.py took 0.046 seconds
[2023-05-26T21:21:22.217+0400] {processor.py:157} INFO - Started process (PID=17010) to work on /home/chinnu/.local/lib/python3.10/site-packages/airflow/example_dags/subdags/subdag.py
[2023-05-26T21:21:22.220+0400] {processor.py:826} INFO - Processing file /home/chinnu/.local/lib/python3.10/site-packages/airflow/example_dags/subdags/subdag.py for tasks to queue
[2023-05-26T21:21:22.221+0400] {logging_mixin.py:149} INFO - [2023-05-26T21:21:22.221+0400] {dagbag.py:541} INFO - Filling up the DagBag from /home/chinnu/.local/lib/python3.10/site-packages/airflow/example_dags/subdags/subdag.py
[2023-05-26T21:21:22.225+0400] {processor.py:838} WARNING - No viable dags retrieved from /home/chinnu/.local/lib/python3.10/site-packages/airflow/example_dags/subdags/subdag.py
[2023-05-26T21:21:22.266+0400] {processor.py:179} INFO - Processing /home/chinnu/.local/lib/python3.10/site-packages/airflow/example_dags/subdags/subdag.py took 0.059 seconds
[2023-05-26T21:22:02.677+0400] {processor.py:157} INFO - Started process (PID=17056) to work on /home/chinnu/.local/lib/python3.10/site-packages/airflow/example_dags/subdags/subdag.py
[2023-05-26T21:22:02.680+0400] {processor.py:826} INFO - Processing file /home/chinnu/.local/lib/python3.10/site-packages/airflow/example_dags/subdags/subdag.py for tasks to queue
[2023-05-26T21:22:02.682+0400] {logging_mixin.py:149} INFO - [2023-05-26T21:22:02.681+0400] {dagbag.py:541} INFO - Filling up the DagBag from /home/chinnu/.local/lib/python3.10/site-packages/airflow/example_dags/subdags/subdag.py
[2023-05-26T21:22:02.686+0400] {processor.py:838} WARNING - No viable dags retrieved from /home/chinnu/.local/lib/python3.10/site-packages/airflow/example_dags/subdags/subdag.py
[2023-05-26T21:22:02.715+0400] {processor.py:179} INFO - Processing /home/chinnu/.local/lib/python3.10/site-packages/airflow/example_dags/subdags/subdag.py took 0.046 seconds
[2023-05-26T21:22:40.150+0400] {processor.py:157} INFO - Started process (PID=17102) to work on /home/chinnu/.local/lib/python3.10/site-packages/airflow/example_dags/subdags/subdag.py
[2023-05-26T21:22:40.152+0400] {processor.py:826} INFO - Processing file /home/chinnu/.local/lib/python3.10/site-packages/airflow/example_dags/subdags/subdag.py for tasks to queue
[2023-05-26T21:22:40.154+0400] {logging_mixin.py:149} INFO - [2023-05-26T21:22:40.153+0400] {dagbag.py:541} INFO - Filling up the DagBag from /home/chinnu/.local/lib/python3.10/site-packages/airflow/example_dags/subdags/subdag.py
[2023-05-26T21:22:40.158+0400] {processor.py:838} WARNING - No viable dags retrieved from /home/chinnu/.local/lib/python3.10/site-packages/airflow/example_dags/subdags/subdag.py
[2023-05-26T21:22:40.187+0400] {processor.py:179} INFO - Processing /home/chinnu/.local/lib/python3.10/site-packages/airflow/example_dags/subdags/subdag.py took 0.047 seconds
[2023-05-26T21:23:17.540+0400] {processor.py:157} INFO - Started process (PID=17147) to work on /home/chinnu/.local/lib/python3.10/site-packages/airflow/example_dags/subdags/subdag.py
[2023-05-26T21:23:17.545+0400] {processor.py:826} INFO - Processing file /home/chinnu/.local/lib/python3.10/site-packages/airflow/example_dags/subdags/subdag.py for tasks to queue
[2023-05-26T21:23:17.548+0400] {logging_mixin.py:149} INFO - [2023-05-26T21:23:17.548+0400] {dagbag.py:541} INFO - Filling up the DagBag from /home/chinnu/.local/lib/python3.10/site-packages/airflow/example_dags/subdags/subdag.py
[2023-05-26T21:23:17.555+0400] {processor.py:838} WARNING - No viable dags retrieved from /home/chinnu/.local/lib/python3.10/site-packages/airflow/example_dags/subdags/subdag.py
[2023-05-26T21:23:17.624+0400] {processor.py:179} INFO - Processing /home/chinnu/.local/lib/python3.10/site-packages/airflow/example_dags/subdags/subdag.py took 0.093 seconds
[2023-05-26T21:23:54.997+0400] {processor.py:157} INFO - Started process (PID=17193) to work on /home/chinnu/.local/lib/python3.10/site-packages/airflow/example_dags/subdags/subdag.py
[2023-05-26T21:23:54.998+0400] {processor.py:826} INFO - Processing file /home/chinnu/.local/lib/python3.10/site-packages/airflow/example_dags/subdags/subdag.py for tasks to queue
[2023-05-26T21:23:54.999+0400] {logging_mixin.py:149} INFO - [2023-05-26T21:23:54.999+0400] {dagbag.py:541} INFO - Filling up the DagBag from /home/chinnu/.local/lib/python3.10/site-packages/airflow/example_dags/subdags/subdag.py
[2023-05-26T21:23:55.003+0400] {processor.py:838} WARNING - No viable dags retrieved from /home/chinnu/.local/lib/python3.10/site-packages/airflow/example_dags/subdags/subdag.py
[2023-05-26T21:23:55.022+0400] {processor.py:179} INFO - Processing /home/chinnu/.local/lib/python3.10/site-packages/airflow/example_dags/subdags/subdag.py took 0.031 seconds
[2023-05-26T21:24:32.290+0400] {processor.py:157} INFO - Started process (PID=17239) to work on /home/chinnu/.local/lib/python3.10/site-packages/airflow/example_dags/subdags/subdag.py
[2023-05-26T21:24:32.292+0400] {processor.py:826} INFO - Processing file /home/chinnu/.local/lib/python3.10/site-packages/airflow/example_dags/subdags/subdag.py for tasks to queue
[2023-05-26T21:24:32.293+0400] {logging_mixin.py:149} INFO - [2023-05-26T21:24:32.293+0400] {dagbag.py:541} INFO - Filling up the DagBag from /home/chinnu/.local/lib/python3.10/site-packages/airflow/example_dags/subdags/subdag.py
[2023-05-26T21:24:32.296+0400] {processor.py:838} WARNING - No viable dags retrieved from /home/chinnu/.local/lib/python3.10/site-packages/airflow/example_dags/subdags/subdag.py
[2023-05-26T21:24:32.315+0400] {processor.py:179} INFO - Processing /home/chinnu/.local/lib/python3.10/site-packages/airflow/example_dags/subdags/subdag.py took 0.030 seconds
[2023-05-26T21:25:07.862+0400] {processor.py:157} INFO - Started process (PID=17284) to work on /home/chinnu/.local/lib/python3.10/site-packages/airflow/example_dags/subdags/subdag.py
[2023-05-26T21:25:07.864+0400] {processor.py:826} INFO - Processing file /home/chinnu/.local/lib/python3.10/site-packages/airflow/example_dags/subdags/subdag.py for tasks to queue
[2023-05-26T21:25:07.866+0400] {logging_mixin.py:149} INFO - [2023-05-26T21:25:07.865+0400] {dagbag.py:541} INFO - Filling up the DagBag from /home/chinnu/.local/lib/python3.10/site-packages/airflow/example_dags/subdags/subdag.py
[2023-05-26T21:25:07.875+0400] {processor.py:838} WARNING - No viable dags retrieved from /home/chinnu/.local/lib/python3.10/site-packages/airflow/example_dags/subdags/subdag.py
[2023-05-26T21:25:07.907+0400] {processor.py:179} INFO - Processing /home/chinnu/.local/lib/python3.10/site-packages/airflow/example_dags/subdags/subdag.py took 0.052 seconds
[2023-05-26T21:47:57.400+0400] {processor.py:157} INFO - Started process (PID=53) to work on /home/chinnu/.local/lib/python3.10/site-packages/airflow/example_dags/subdags/subdag.py
[2023-05-26T21:47:57.403+0400] {processor.py:826} INFO - Processing file /home/chinnu/.local/lib/python3.10/site-packages/airflow/example_dags/subdags/subdag.py for tasks to queue
[2023-05-26T21:47:57.404+0400] {logging_mixin.py:149} INFO - [2023-05-26T21:47:57.404+0400] {dagbag.py:541} INFO - Filling up the DagBag from /home/chinnu/.local/lib/python3.10/site-packages/airflow/example_dags/subdags/subdag.py
[2023-05-26T21:47:57.408+0400] {processor.py:838} WARNING - No viable dags retrieved from /home/chinnu/.local/lib/python3.10/site-packages/airflow/example_dags/subdags/subdag.py
[2023-05-26T21:47:57.439+0400] {processor.py:179} INFO - Processing /home/chinnu/.local/lib/python3.10/site-packages/airflow/example_dags/subdags/subdag.py took 0.046 seconds
[2023-05-26T21:48:57.980+0400] {processor.py:157} INFO - Started process (PID=111) to work on /home/chinnu/.local/lib/python3.10/site-packages/airflow/example_dags/subdags/subdag.py
[2023-05-26T21:48:57.984+0400] {processor.py:826} INFO - Processing file /home/chinnu/.local/lib/python3.10/site-packages/airflow/example_dags/subdags/subdag.py for tasks to queue
[2023-05-26T21:48:57.988+0400] {logging_mixin.py:149} INFO - [2023-05-26T21:48:57.987+0400] {dagbag.py:541} INFO - Filling up the DagBag from /home/chinnu/.local/lib/python3.10/site-packages/airflow/example_dags/subdags/subdag.py
[2023-05-26T21:48:57.994+0400] {processor.py:838} WARNING - No viable dags retrieved from /home/chinnu/.local/lib/python3.10/site-packages/airflow/example_dags/subdags/subdag.py
[2023-05-26T21:48:58.031+0400] {processor.py:179} INFO - Processing /home/chinnu/.local/lib/python3.10/site-packages/airflow/example_dags/subdags/subdag.py took 0.070 seconds
[2023-05-26T21:52:02.407+0400] {processor.py:157} INFO - Started process (PID=40) to work on /home/chinnu/.local/lib/python3.10/site-packages/airflow/example_dags/subdags/subdag.py
[2023-05-26T21:52:02.409+0400] {processor.py:826} INFO - Processing file /home/chinnu/.local/lib/python3.10/site-packages/airflow/example_dags/subdags/subdag.py for tasks to queue
[2023-05-26T21:52:02.410+0400] {logging_mixin.py:149} INFO - [2023-05-26T21:52:02.410+0400] {dagbag.py:541} INFO - Filling up the DagBag from /home/chinnu/.local/lib/python3.10/site-packages/airflow/example_dags/subdags/subdag.py
[2023-05-26T21:52:02.414+0400] {processor.py:838} WARNING - No viable dags retrieved from /home/chinnu/.local/lib/python3.10/site-packages/airflow/example_dags/subdags/subdag.py
[2023-05-26T21:52:02.434+0400] {processor.py:179} INFO - Processing /home/chinnu/.local/lib/python3.10/site-packages/airflow/example_dags/subdags/subdag.py took 0.034 seconds
[2023-05-26T21:53:04.604+0400] {processor.py:157} INFO - Started process (PID=92) to work on /home/chinnu/.local/lib/python3.10/site-packages/airflow/example_dags/subdags/subdag.py
[2023-05-26T21:53:04.606+0400] {processor.py:826} INFO - Processing file /home/chinnu/.local/lib/python3.10/site-packages/airflow/example_dags/subdags/subdag.py for tasks to queue
[2023-05-26T21:53:04.606+0400] {logging_mixin.py:149} INFO - [2023-05-26T21:53:04.606+0400] {dagbag.py:541} INFO - Filling up the DagBag from /home/chinnu/.local/lib/python3.10/site-packages/airflow/example_dags/subdags/subdag.py
[2023-05-26T21:53:04.610+0400] {processor.py:838} WARNING - No viable dags retrieved from /home/chinnu/.local/lib/python3.10/site-packages/airflow/example_dags/subdags/subdag.py
[2023-05-26T21:53:04.628+0400] {processor.py:179} INFO - Processing /home/chinnu/.local/lib/python3.10/site-packages/airflow/example_dags/subdags/subdag.py took 0.030 seconds
[2023-05-26T21:54:02.050+0400] {processor.py:157} INFO - Started process (PID=163) to work on /home/chinnu/.local/lib/python3.10/site-packages/airflow/example_dags/subdags/subdag.py
[2023-05-26T21:54:02.052+0400] {processor.py:826} INFO - Processing file /home/chinnu/.local/lib/python3.10/site-packages/airflow/example_dags/subdags/subdag.py for tasks to queue
[2023-05-26T21:54:02.053+0400] {logging_mixin.py:149} INFO - [2023-05-26T21:54:02.053+0400] {dagbag.py:541} INFO - Filling up the DagBag from /home/chinnu/.local/lib/python3.10/site-packages/airflow/example_dags/subdags/subdag.py
[2023-05-26T21:54:02.058+0400] {processor.py:838} WARNING - No viable dags retrieved from /home/chinnu/.local/lib/python3.10/site-packages/airflow/example_dags/subdags/subdag.py
[2023-05-26T21:54:02.087+0400] {processor.py:179} INFO - Processing /home/chinnu/.local/lib/python3.10/site-packages/airflow/example_dags/subdags/subdag.py took 0.048 seconds
[2023-05-26T22:05:46.567+0400] {processor.py:157} INFO - Started process (PID=2492) to work on /home/chinnu/.local/lib/python3.10/site-packages/airflow/example_dags/subdags/subdag.py
[2023-05-26T22:05:46.577+0400] {processor.py:826} INFO - Processing file /home/chinnu/.local/lib/python3.10/site-packages/airflow/example_dags/subdags/subdag.py for tasks to queue
[2023-05-26T22:05:46.585+0400] {logging_mixin.py:149} INFO - [2023-05-26T22:05:46.582+0400] {dagbag.py:541} INFO - Filling up the DagBag from /home/chinnu/.local/lib/python3.10/site-packages/airflow/example_dags/subdags/subdag.py
[2023-05-26T22:05:46.626+0400] {processor.py:838} WARNING - No viable dags retrieved from /home/chinnu/.local/lib/python3.10/site-packages/airflow/example_dags/subdags/subdag.py
[2023-05-26T22:05:46.788+0400] {processor.py:179} INFO - Processing /home/chinnu/.local/lib/python3.10/site-packages/airflow/example_dags/subdags/subdag.py took 0.273 seconds
[2023-05-26T22:06:55.978+0400] {processor.py:157} INFO - Started process (PID=2561) to work on /home/chinnu/.local/lib/python3.10/site-packages/airflow/example_dags/subdags/subdag.py
[2023-05-26T22:06:55.980+0400] {processor.py:826} INFO - Processing file /home/chinnu/.local/lib/python3.10/site-packages/airflow/example_dags/subdags/subdag.py for tasks to queue
[2023-05-26T22:06:55.982+0400] {logging_mixin.py:149} INFO - [2023-05-26T22:06:55.981+0400] {dagbag.py:541} INFO - Filling up the DagBag from /home/chinnu/.local/lib/python3.10/site-packages/airflow/example_dags/subdags/subdag.py
[2023-05-26T22:06:55.988+0400] {processor.py:838} WARNING - No viable dags retrieved from /home/chinnu/.local/lib/python3.10/site-packages/airflow/example_dags/subdags/subdag.py
[2023-05-26T22:06:56.015+0400] {processor.py:179} INFO - Processing /home/chinnu/.local/lib/python3.10/site-packages/airflow/example_dags/subdags/subdag.py took 0.044 seconds
[2023-05-26T22:07:46.099+0400] {processor.py:157} INFO - Started process (PID=2593) to work on /home/chinnu/.local/lib/python3.10/site-packages/airflow/example_dags/subdags/subdag.py
[2023-05-26T22:07:46.101+0400] {processor.py:826} INFO - Processing file /home/chinnu/.local/lib/python3.10/site-packages/airflow/example_dags/subdags/subdag.py for tasks to queue
[2023-05-26T22:07:46.102+0400] {logging_mixin.py:149} INFO - [2023-05-26T22:07:46.102+0400] {dagbag.py:541} INFO - Filling up the DagBag from /home/chinnu/.local/lib/python3.10/site-packages/airflow/example_dags/subdags/subdag.py
[2023-05-26T22:07:46.106+0400] {processor.py:838} WARNING - No viable dags retrieved from /home/chinnu/.local/lib/python3.10/site-packages/airflow/example_dags/subdags/subdag.py
[2023-05-26T22:07:46.134+0400] {processor.py:179} INFO - Processing /home/chinnu/.local/lib/python3.10/site-packages/airflow/example_dags/subdags/subdag.py took 0.040 seconds
[2023-05-26T22:08:36.804+0400] {processor.py:157} INFO - Started process (PID=2628) to work on /home/chinnu/.local/lib/python3.10/site-packages/airflow/example_dags/subdags/subdag.py
[2023-05-26T22:08:36.809+0400] {processor.py:826} INFO - Processing file /home/chinnu/.local/lib/python3.10/site-packages/airflow/example_dags/subdags/subdag.py for tasks to queue
[2023-05-26T22:08:36.811+0400] {logging_mixin.py:149} INFO - [2023-05-26T22:08:36.811+0400] {dagbag.py:541} INFO - Filling up the DagBag from /home/chinnu/.local/lib/python3.10/site-packages/airflow/example_dags/subdags/subdag.py
[2023-05-26T22:08:36.819+0400] {processor.py:838} WARNING - No viable dags retrieved from /home/chinnu/.local/lib/python3.10/site-packages/airflow/example_dags/subdags/subdag.py
[2023-05-26T22:08:36.856+0400] {processor.py:179} INFO - Processing /home/chinnu/.local/lib/python3.10/site-packages/airflow/example_dags/subdags/subdag.py took 0.072 seconds
