[2023-05-26T19:38:25.193+0400] {processor.py:157} INFO - Started process (PID=198) to work on /home/chinnu/.local/lib/python3.10/site-packages/airflow/example_dags/plugins/listener_plugin.py
[2023-05-26T19:38:25.195+0400] {processor.py:826} INFO - Processing file /home/chinnu/.local/lib/python3.10/site-packages/airflow/example_dags/plugins/listener_plugin.py for tasks to queue
[2023-05-26T19:38:25.196+0400] {logging_mixin.py:149} INFO - [2023-05-26T19:38:25.196+0400] {dagbag.py:541} INFO - Filling up the DagBag from /home/chinnu/.local/lib/python3.10/site-packages/airflow/example_dags/plugins/listener_plugin.py
[2023-05-26T19:38:25.216+0400] {processor.py:838} WARNING - No viable dags retrieved from /home/chinnu/.local/lib/python3.10/site-packages/airflow/example_dags/plugins/listener_plugin.py
[2023-05-26T19:38:25.278+0400] {processor.py:179} INFO - Processing /home/chinnu/.local/lib/python3.10/site-packages/airflow/example_dags/plugins/listener_plugin.py took 0.093 seconds
[2023-05-26T19:39:23.363+0400] {processor.py:157} INFO - Started process (PID=249) to work on /home/chinnu/.local/lib/python3.10/site-packages/airflow/example_dags/plugins/listener_plugin.py
[2023-05-26T19:39:23.369+0400] {processor.py:826} INFO - Processing file /home/chinnu/.local/lib/python3.10/site-packages/airflow/example_dags/plugins/listener_plugin.py for tasks to queue
[2023-05-26T19:39:23.372+0400] {logging_mixin.py:149} INFO - [2023-05-26T19:39:23.371+0400] {dagbag.py:541} INFO - Filling up the DagBag from /home/chinnu/.local/lib/python3.10/site-packages/airflow/example_dags/plugins/listener_plugin.py
[2023-05-26T19:39:23.392+0400] {processor.py:838} WARNING - No viable dags retrieved from /home/chinnu/.local/lib/python3.10/site-packages/airflow/example_dags/plugins/listener_plugin.py
[2023-05-26T19:39:23.429+0400] {processor.py:179} INFO - Processing /home/chinnu/.local/lib/python3.10/site-packages/airflow/example_dags/plugins/listener_plugin.py took 0.089 seconds
[2023-05-26T19:40:15.009+0400] {processor.py:157} INFO - Started process (PID=809) to work on /home/chinnu/.local/lib/python3.10/site-packages/airflow/example_dags/plugins/listener_plugin.py
[2023-05-26T19:40:15.012+0400] {processor.py:826} INFO - Processing file /home/chinnu/.local/lib/python3.10/site-packages/airflow/example_dags/plugins/listener_plugin.py for tasks to queue
[2023-05-26T19:40:15.014+0400] {logging_mixin.py:149} INFO - [2023-05-26T19:40:15.013+0400] {dagbag.py:541} INFO - Filling up the DagBag from /home/chinnu/.local/lib/python3.10/site-packages/airflow/example_dags/plugins/listener_plugin.py
[2023-05-26T19:40:15.023+0400] {processor.py:838} WARNING - No viable dags retrieved from /home/chinnu/.local/lib/python3.10/site-packages/airflow/example_dags/plugins/listener_plugin.py
[2023-05-26T19:40:15.051+0400] {processor.py:179} INFO - Processing /home/chinnu/.local/lib/python3.10/site-packages/airflow/example_dags/plugins/listener_plugin.py took 0.054 seconds
[2023-05-26T19:41:03.583+0400] {processor.py:157} INFO - Started process (PID=854) to work on /home/chinnu/.local/lib/python3.10/site-packages/airflow/example_dags/plugins/listener_plugin.py
[2023-05-26T19:41:03.586+0400] {processor.py:826} INFO - Processing file /home/chinnu/.local/lib/python3.10/site-packages/airflow/example_dags/plugins/listener_plugin.py for tasks to queue
[2023-05-26T19:41:03.588+0400] {logging_mixin.py:149} INFO - [2023-05-26T19:41:03.588+0400] {dagbag.py:541} INFO - Filling up the DagBag from /home/chinnu/.local/lib/python3.10/site-packages/airflow/example_dags/plugins/listener_plugin.py
[2023-05-26T19:41:03.601+0400] {processor.py:838} WARNING - No viable dags retrieved from /home/chinnu/.local/lib/python3.10/site-packages/airflow/example_dags/plugins/listener_plugin.py
[2023-05-26T19:41:03.650+0400] {processor.py:179} INFO - Processing /home/chinnu/.local/lib/python3.10/site-packages/airflow/example_dags/plugins/listener_plugin.py took 0.081 seconds
[2023-05-26T19:41:23.594+0400] {processor.py:157} INFO - Started process (PID=871) to work on /home/chinnu/.local/lib/python3.10/site-packages/airflow/example_dags/plugins/listener_plugin.py
[2023-05-26T19:41:23.600+0400] {processor.py:826} INFO - Processing file /home/chinnu/.local/lib/python3.10/site-packages/airflow/example_dags/plugins/listener_plugin.py for tasks to queue
[2023-05-26T19:41:23.604+0400] {logging_mixin.py:149} INFO - [2023-05-26T19:41:23.604+0400] {dagbag.py:541} INFO - Filling up the DagBag from /home/chinnu/.local/lib/python3.10/site-packages/airflow/example_dags/plugins/listener_plugin.py
[2023-05-26T19:41:23.628+0400] {processor.py:838} WARNING - No viable dags retrieved from /home/chinnu/.local/lib/python3.10/site-packages/airflow/example_dags/plugins/listener_plugin.py
[2023-05-26T19:41:23.732+0400] {processor.py:179} INFO - Processing /home/chinnu/.local/lib/python3.10/site-packages/airflow/example_dags/plugins/listener_plugin.py took 0.164 seconds
[2023-05-26T19:42:51.021+0400] {processor.py:157} INFO - Started process (PID=1464) to work on /home/chinnu/.local/lib/python3.10/site-packages/airflow/example_dags/plugins/listener_plugin.py
[2023-05-26T19:42:51.023+0400] {processor.py:826} INFO - Processing file /home/chinnu/.local/lib/python3.10/site-packages/airflow/example_dags/plugins/listener_plugin.py for tasks to queue
[2023-05-26T19:42:51.024+0400] {logging_mixin.py:149} INFO - [2023-05-26T19:42:51.024+0400] {dagbag.py:541} INFO - Filling up the DagBag from /home/chinnu/.local/lib/python3.10/site-packages/airflow/example_dags/plugins/listener_plugin.py
[2023-05-26T19:42:51.031+0400] {processor.py:838} WARNING - No viable dags retrieved from /home/chinnu/.local/lib/python3.10/site-packages/airflow/example_dags/plugins/listener_plugin.py
[2023-05-26T19:42:51.062+0400] {processor.py:179} INFO - Processing /home/chinnu/.local/lib/python3.10/site-packages/airflow/example_dags/plugins/listener_plugin.py took 0.050 seconds
[2023-05-26T19:43:28.163+0400] {processor.py:157} INFO - Started process (PID=1494) to work on /home/chinnu/.local/lib/python3.10/site-packages/airflow/example_dags/plugins/listener_plugin.py
[2023-05-26T19:43:28.167+0400] {processor.py:826} INFO - Processing file /home/chinnu/.local/lib/python3.10/site-packages/airflow/example_dags/plugins/listener_plugin.py for tasks to queue
[2023-05-26T19:43:28.168+0400] {logging_mixin.py:149} INFO - [2023-05-26T19:43:28.168+0400] {dagbag.py:541} INFO - Filling up the DagBag from /home/chinnu/.local/lib/python3.10/site-packages/airflow/example_dags/plugins/listener_plugin.py
[2023-05-26T19:43:28.175+0400] {processor.py:838} WARNING - No viable dags retrieved from /home/chinnu/.local/lib/python3.10/site-packages/airflow/example_dags/plugins/listener_plugin.py
[2023-05-26T19:43:28.203+0400] {processor.py:179} INFO - Processing /home/chinnu/.local/lib/python3.10/site-packages/airflow/example_dags/plugins/listener_plugin.py took 0.048 seconds
[2023-05-26T19:44:05.520+0400] {processor.py:157} INFO - Started process (PID=1524) to work on /home/chinnu/.local/lib/python3.10/site-packages/airflow/example_dags/plugins/listener_plugin.py
[2023-05-26T19:44:05.522+0400] {processor.py:826} INFO - Processing file /home/chinnu/.local/lib/python3.10/site-packages/airflow/example_dags/plugins/listener_plugin.py for tasks to queue
[2023-05-26T19:44:05.523+0400] {logging_mixin.py:149} INFO - [2023-05-26T19:44:05.522+0400] {dagbag.py:541} INFO - Filling up the DagBag from /home/chinnu/.local/lib/python3.10/site-packages/airflow/example_dags/plugins/listener_plugin.py
[2023-05-26T19:44:05.529+0400] {processor.py:838} WARNING - No viable dags retrieved from /home/chinnu/.local/lib/python3.10/site-packages/airflow/example_dags/plugins/listener_plugin.py
[2023-05-26T19:44:05.552+0400] {processor.py:179} INFO - Processing /home/chinnu/.local/lib/python3.10/site-packages/airflow/example_dags/plugins/listener_plugin.py took 0.038 seconds
[2023-05-26T19:45:09.910+0400] {processor.py:157} INFO - Started process (PID=1576) to work on /home/chinnu/.local/lib/python3.10/site-packages/airflow/example_dags/plugins/listener_plugin.py
[2023-05-26T19:45:09.915+0400] {processor.py:826} INFO - Processing file /home/chinnu/.local/lib/python3.10/site-packages/airflow/example_dags/plugins/listener_plugin.py for tasks to queue
[2023-05-26T19:45:09.918+0400] {logging_mixin.py:149} INFO - [2023-05-26T19:45:09.918+0400] {dagbag.py:541} INFO - Filling up the DagBag from /home/chinnu/.local/lib/python3.10/site-packages/airflow/example_dags/plugins/listener_plugin.py
[2023-05-26T19:45:09.931+0400] {processor.py:838} WARNING - No viable dags retrieved from /home/chinnu/.local/lib/python3.10/site-packages/airflow/example_dags/plugins/listener_plugin.py
[2023-05-26T19:45:09.967+0400] {processor.py:179} INFO - Processing /home/chinnu/.local/lib/python3.10/site-packages/airflow/example_dags/plugins/listener_plugin.py took 0.083 seconds
[2023-05-26T19:46:08.438+0400] {processor.py:157} INFO - Started process (PID=1627) to work on /home/chinnu/.local/lib/python3.10/site-packages/airflow/example_dags/plugins/listener_plugin.py
[2023-05-26T19:46:08.441+0400] {processor.py:826} INFO - Processing file /home/chinnu/.local/lib/python3.10/site-packages/airflow/example_dags/plugins/listener_plugin.py for tasks to queue
[2023-05-26T19:46:08.442+0400] {logging_mixin.py:149} INFO - [2023-05-26T19:46:08.442+0400] {dagbag.py:541} INFO - Filling up the DagBag from /home/chinnu/.local/lib/python3.10/site-packages/airflow/example_dags/plugins/listener_plugin.py
[2023-05-26T19:46:08.447+0400] {processor.py:838} WARNING - No viable dags retrieved from /home/chinnu/.local/lib/python3.10/site-packages/airflow/example_dags/plugins/listener_plugin.py
[2023-05-26T19:46:08.466+0400] {processor.py:179} INFO - Processing /home/chinnu/.local/lib/python3.10/site-packages/airflow/example_dags/plugins/listener_plugin.py took 0.035 seconds
[2023-05-26T19:47:54.643+0400] {processor.py:157} INFO - Started process (PID=1676) to work on /home/chinnu/.local/lib/python3.10/site-packages/airflow/example_dags/plugins/listener_plugin.py
[2023-05-26T19:47:54.645+0400] {processor.py:826} INFO - Processing file /home/chinnu/.local/lib/python3.10/site-packages/airflow/example_dags/plugins/listener_plugin.py for tasks to queue
[2023-05-26T19:47:54.646+0400] {logging_mixin.py:149} INFO - [2023-05-26T19:47:54.645+0400] {dagbag.py:541} INFO - Filling up the DagBag from /home/chinnu/.local/lib/python3.10/site-packages/airflow/example_dags/plugins/listener_plugin.py
[2023-05-26T19:47:54.650+0400] {processor.py:838} WARNING - No viable dags retrieved from /home/chinnu/.local/lib/python3.10/site-packages/airflow/example_dags/plugins/listener_plugin.py
[2023-05-26T19:47:54.669+0400] {processor.py:179} INFO - Processing /home/chinnu/.local/lib/python3.10/site-packages/airflow/example_dags/plugins/listener_plugin.py took 0.031 seconds
[2023-05-26T21:05:15.024+0400] {processor.py:157} INFO - Started process (PID=62) to work on /home/chinnu/.local/lib/python3.10/site-packages/airflow/example_dags/plugins/listener_plugin.py
[2023-05-26T21:05:15.028+0400] {processor.py:826} INFO - Processing file /home/chinnu/.local/lib/python3.10/site-packages/airflow/example_dags/plugins/listener_plugin.py for tasks to queue
[2023-05-26T21:05:15.030+0400] {logging_mixin.py:149} INFO - [2023-05-26T21:05:15.030+0400] {dagbag.py:541} INFO - Filling up the DagBag from /home/chinnu/.local/lib/python3.10/site-packages/airflow/example_dags/plugins/listener_plugin.py
[2023-05-26T21:05:15.042+0400] {processor.py:838} WARNING - No viable dags retrieved from /home/chinnu/.local/lib/python3.10/site-packages/airflow/example_dags/plugins/listener_plugin.py
[2023-05-26T21:05:15.088+0400] {processor.py:179} INFO - Processing /home/chinnu/.local/lib/python3.10/site-packages/airflow/example_dags/plugins/listener_plugin.py took 0.079 seconds
[2023-05-26T21:06:16.695+0400] {processor.py:157} INFO - Started process (PID=112) to work on /home/chinnu/.local/lib/python3.10/site-packages/airflow/example_dags/plugins/listener_plugin.py
[2023-05-26T21:06:16.698+0400] {processor.py:826} INFO - Processing file /home/chinnu/.local/lib/python3.10/site-packages/airflow/example_dags/plugins/listener_plugin.py for tasks to queue
[2023-05-26T21:06:16.700+0400] {logging_mixin.py:149} INFO - [2023-05-26T21:06:16.700+0400] {dagbag.py:541} INFO - Filling up the DagBag from /home/chinnu/.local/lib/python3.10/site-packages/airflow/example_dags/plugins/listener_plugin.py
[2023-05-26T21:06:16.709+0400] {processor.py:838} WARNING - No viable dags retrieved from /home/chinnu/.local/lib/python3.10/site-packages/airflow/example_dags/plugins/listener_plugin.py
[2023-05-26T21:06:16.740+0400] {processor.py:179} INFO - Processing /home/chinnu/.local/lib/python3.10/site-packages/airflow/example_dags/plugins/listener_plugin.py took 0.057 seconds
[2023-05-26T21:09:40.154+0400] {processor.py:157} INFO - Started process (PID=1837) to work on /home/chinnu/.local/lib/python3.10/site-packages/airflow/example_dags/plugins/listener_plugin.py
[2023-05-26T21:09:40.156+0400] {processor.py:826} INFO - Processing file /home/chinnu/.local/lib/python3.10/site-packages/airflow/example_dags/plugins/listener_plugin.py for tasks to queue
[2023-05-26T21:09:40.156+0400] {logging_mixin.py:149} INFO - [2023-05-26T21:09:40.156+0400] {dagbag.py:541} INFO - Filling up the DagBag from /home/chinnu/.local/lib/python3.10/site-packages/airflow/example_dags/plugins/listener_plugin.py
[2023-05-26T21:09:40.161+0400] {processor.py:838} WARNING - No viable dags retrieved from /home/chinnu/.local/lib/python3.10/site-packages/airflow/example_dags/plugins/listener_plugin.py
[2023-05-26T21:09:40.182+0400] {processor.py:179} INFO - Processing /home/chinnu/.local/lib/python3.10/site-packages/airflow/example_dags/plugins/listener_plugin.py took 0.034 seconds
[2023-05-26T21:10:21.352+0400] {processor.py:157} INFO - Started process (PID=1896) to work on /home/chinnu/.local/lib/python3.10/site-packages/airflow/example_dags/plugins/listener_plugin.py
[2023-05-26T21:10:21.353+0400] {processor.py:826} INFO - Processing file /home/chinnu/.local/lib/python3.10/site-packages/airflow/example_dags/plugins/listener_plugin.py for tasks to queue
[2023-05-26T21:10:21.355+0400] {logging_mixin.py:149} INFO - [2023-05-26T21:10:21.355+0400] {dagbag.py:541} INFO - Filling up the DagBag from /home/chinnu/.local/lib/python3.10/site-packages/airflow/example_dags/plugins/listener_plugin.py
[2023-05-26T21:10:21.363+0400] {processor.py:838} WARNING - No viable dags retrieved from /home/chinnu/.local/lib/python3.10/site-packages/airflow/example_dags/plugins/listener_plugin.py
[2023-05-26T21:10:21.383+0400] {processor.py:179} INFO - Processing /home/chinnu/.local/lib/python3.10/site-packages/airflow/example_dags/plugins/listener_plugin.py took 0.039 seconds
[2023-05-26T21:11:24.996+0400] {processor.py:157} INFO - Started process (PID=1955) to work on /home/chinnu/.local/lib/python3.10/site-packages/airflow/example_dags/plugins/listener_plugin.py
[2023-05-26T21:11:25.000+0400] {processor.py:826} INFO - Processing file /home/chinnu/.local/lib/python3.10/site-packages/airflow/example_dags/plugins/listener_plugin.py for tasks to queue
[2023-05-26T21:11:25.003+0400] {logging_mixin.py:149} INFO - [2023-05-26T21:11:25.003+0400] {dagbag.py:541} INFO - Filling up the DagBag from /home/chinnu/.local/lib/python3.10/site-packages/airflow/example_dags/plugins/listener_plugin.py
[2023-05-26T21:11:25.020+0400] {processor.py:838} WARNING - No viable dags retrieved from /home/chinnu/.local/lib/python3.10/site-packages/airflow/example_dags/plugins/listener_plugin.py
[2023-05-26T21:11:25.086+0400] {processor.py:179} INFO - Processing /home/chinnu/.local/lib/python3.10/site-packages/airflow/example_dags/plugins/listener_plugin.py took 0.115 seconds
[2023-05-26T21:12:28.035+0400] {processor.py:157} INFO - Started process (PID=2013) to work on /home/chinnu/.local/lib/python3.10/site-packages/airflow/example_dags/plugins/listener_plugin.py
[2023-05-26T21:12:28.038+0400] {processor.py:826} INFO - Processing file /home/chinnu/.local/lib/python3.10/site-packages/airflow/example_dags/plugins/listener_plugin.py for tasks to queue
[2023-05-26T21:12:28.039+0400] {logging_mixin.py:149} INFO - [2023-05-26T21:12:28.039+0400] {dagbag.py:541} INFO - Filling up the DagBag from /home/chinnu/.local/lib/python3.10/site-packages/airflow/example_dags/plugins/listener_plugin.py
[2023-05-26T21:12:28.046+0400] {processor.py:838} WARNING - No viable dags retrieved from /home/chinnu/.local/lib/python3.10/site-packages/airflow/example_dags/plugins/listener_plugin.py
[2023-05-26T21:12:28.071+0400] {processor.py:179} INFO - Processing /home/chinnu/.local/lib/python3.10/site-packages/airflow/example_dags/plugins/listener_plugin.py took 0.045 seconds
[2023-05-26T21:13:09.069+0400] {processor.py:157} INFO - Started process (PID=2060) to work on /home/chinnu/.local/lib/python3.10/site-packages/airflow/example_dags/plugins/listener_plugin.py
[2023-05-26T21:13:09.071+0400] {processor.py:826} INFO - Processing file /home/chinnu/.local/lib/python3.10/site-packages/airflow/example_dags/plugins/listener_plugin.py for tasks to queue
[2023-05-26T21:13:09.072+0400] {logging_mixin.py:149} INFO - [2023-05-26T21:13:09.071+0400] {dagbag.py:541} INFO - Filling up the DagBag from /home/chinnu/.local/lib/python3.10/site-packages/airflow/example_dags/plugins/listener_plugin.py
[2023-05-26T21:13:09.077+0400] {processor.py:838} WARNING - No viable dags retrieved from /home/chinnu/.local/lib/python3.10/site-packages/airflow/example_dags/plugins/listener_plugin.py
[2023-05-26T21:13:09.099+0400] {processor.py:179} INFO - Processing /home/chinnu/.local/lib/python3.10/site-packages/airflow/example_dags/plugins/listener_plugin.py took 0.038 seconds
[2023-05-26T21:13:52.556+0400] {processor.py:157} INFO - Started process (PID=2110) to work on /home/chinnu/.local/lib/python3.10/site-packages/airflow/example_dags/plugins/listener_plugin.py
[2023-05-26T21:13:52.557+0400] {processor.py:826} INFO - Processing file /home/chinnu/.local/lib/python3.10/site-packages/airflow/example_dags/plugins/listener_plugin.py for tasks to queue
[2023-05-26T21:13:52.558+0400] {logging_mixin.py:149} INFO - [2023-05-26T21:13:52.558+0400] {dagbag.py:541} INFO - Filling up the DagBag from /home/chinnu/.local/lib/python3.10/site-packages/airflow/example_dags/plugins/listener_plugin.py
[2023-05-26T21:13:52.563+0400] {processor.py:838} WARNING - No viable dags retrieved from /home/chinnu/.local/lib/python3.10/site-packages/airflow/example_dags/plugins/listener_plugin.py
[2023-05-26T21:13:52.590+0400] {processor.py:179} INFO - Processing /home/chinnu/.local/lib/python3.10/site-packages/airflow/example_dags/plugins/listener_plugin.py took 0.044 seconds
[2023-05-26T21:14:35.624+0400] {processor.py:157} INFO - Started process (PID=2161) to work on /home/chinnu/.local/lib/python3.10/site-packages/airflow/example_dags/plugins/listener_plugin.py
[2023-05-26T21:14:35.627+0400] {processor.py:826} INFO - Processing file /home/chinnu/.local/lib/python3.10/site-packages/airflow/example_dags/plugins/listener_plugin.py for tasks to queue
[2023-05-26T21:14:35.629+0400] {logging_mixin.py:149} INFO - [2023-05-26T21:14:35.629+0400] {dagbag.py:541} INFO - Filling up the DagBag from /home/chinnu/.local/lib/python3.10/site-packages/airflow/example_dags/plugins/listener_plugin.py
[2023-05-26T21:14:35.640+0400] {processor.py:838} WARNING - No viable dags retrieved from /home/chinnu/.local/lib/python3.10/site-packages/airflow/example_dags/plugins/listener_plugin.py
[2023-05-26T21:14:35.687+0400] {processor.py:179} INFO - Processing /home/chinnu/.local/lib/python3.10/site-packages/airflow/example_dags/plugins/listener_plugin.py took 0.078 seconds
[2023-05-26T21:15:12.030+0400] {processor.py:157} INFO - Started process (PID=9402) to work on /home/chinnu/.local/lib/python3.10/site-packages/airflow/example_dags/plugins/listener_plugin.py
[2023-05-26T21:15:12.033+0400] {processor.py:826} INFO - Processing file /home/chinnu/.local/lib/python3.10/site-packages/airflow/example_dags/plugins/listener_plugin.py for tasks to queue
[2023-05-26T21:15:12.035+0400] {logging_mixin.py:149} INFO - [2023-05-26T21:15:12.035+0400] {dagbag.py:541} INFO - Filling up the DagBag from /home/chinnu/.local/lib/python3.10/site-packages/airflow/example_dags/plugins/listener_plugin.py
[2023-05-26T21:15:12.046+0400] {processor.py:838} WARNING - No viable dags retrieved from /home/chinnu/.local/lib/python3.10/site-packages/airflow/example_dags/plugins/listener_plugin.py
[2023-05-26T21:15:12.093+0400] {processor.py:179} INFO - Processing /home/chinnu/.local/lib/python3.10/site-packages/airflow/example_dags/plugins/listener_plugin.py took 0.077 seconds
[2023-05-26T21:15:49.148+0400] {processor.py:157} INFO - Started process (PID=9453) to work on /home/chinnu/.local/lib/python3.10/site-packages/airflow/example_dags/plugins/listener_plugin.py
[2023-05-26T21:15:49.157+0400] {processor.py:826} INFO - Processing file /home/chinnu/.local/lib/python3.10/site-packages/airflow/example_dags/plugins/listener_plugin.py for tasks to queue
[2023-05-26T21:15:49.167+0400] {logging_mixin.py:149} INFO - [2023-05-26T21:15:49.166+0400] {dagbag.py:541} INFO - Filling up the DagBag from /home/chinnu/.local/lib/python3.10/site-packages/airflow/example_dags/plugins/listener_plugin.py
[2023-05-26T21:15:49.179+0400] {processor.py:838} WARNING - No viable dags retrieved from /home/chinnu/.local/lib/python3.10/site-packages/airflow/example_dags/plugins/listener_plugin.py
[2023-05-26T21:15:49.217+0400] {processor.py:179} INFO - Processing /home/chinnu/.local/lib/python3.10/site-packages/airflow/example_dags/plugins/listener_plugin.py took 0.109 seconds
[2023-05-26T21:16:27.832+0400] {processor.py:157} INFO - Started process (PID=16695) to work on /home/chinnu/.local/lib/python3.10/site-packages/airflow/example_dags/plugins/listener_plugin.py
[2023-05-26T21:16:27.835+0400] {processor.py:826} INFO - Processing file /home/chinnu/.local/lib/python3.10/site-packages/airflow/example_dags/plugins/listener_plugin.py for tasks to queue
[2023-05-26T21:16:27.836+0400] {logging_mixin.py:149} INFO - [2023-05-26T21:16:27.836+0400] {dagbag.py:541} INFO - Filling up the DagBag from /home/chinnu/.local/lib/python3.10/site-packages/airflow/example_dags/plugins/listener_plugin.py
[2023-05-26T21:16:27.842+0400] {processor.py:838} WARNING - No viable dags retrieved from /home/chinnu/.local/lib/python3.10/site-packages/airflow/example_dags/plugins/listener_plugin.py
[2023-05-26T21:16:27.890+0400] {processor.py:179} INFO - Processing /home/chinnu/.local/lib/python3.10/site-packages/airflow/example_dags/plugins/listener_plugin.py took 0.065 seconds
[2023-05-26T21:17:08.433+0400] {processor.py:157} INFO - Started process (PID=16746) to work on /home/chinnu/.local/lib/python3.10/site-packages/airflow/example_dags/plugins/listener_plugin.py
[2023-05-26T21:17:08.436+0400] {processor.py:826} INFO - Processing file /home/chinnu/.local/lib/python3.10/site-packages/airflow/example_dags/plugins/listener_plugin.py for tasks to queue
[2023-05-26T21:17:08.438+0400] {logging_mixin.py:149} INFO - [2023-05-26T21:17:08.437+0400] {dagbag.py:541} INFO - Filling up the DagBag from /home/chinnu/.local/lib/python3.10/site-packages/airflow/example_dags/plugins/listener_plugin.py
[2023-05-26T21:17:08.445+0400] {processor.py:838} WARNING - No viable dags retrieved from /home/chinnu/.local/lib/python3.10/site-packages/airflow/example_dags/plugins/listener_plugin.py
[2023-05-26T21:17:08.470+0400] {processor.py:179} INFO - Processing /home/chinnu/.local/lib/python3.10/site-packages/airflow/example_dags/plugins/listener_plugin.py took 0.049 seconds
[2023-05-26T21:17:46.525+0400] {processor.py:157} INFO - Started process (PID=16791) to work on /home/chinnu/.local/lib/python3.10/site-packages/airflow/example_dags/plugins/listener_plugin.py
[2023-05-26T21:17:46.528+0400] {processor.py:826} INFO - Processing file /home/chinnu/.local/lib/python3.10/site-packages/airflow/example_dags/plugins/listener_plugin.py for tasks to queue
[2023-05-26T21:17:46.530+0400] {logging_mixin.py:149} INFO - [2023-05-26T21:17:46.530+0400] {dagbag.py:541} INFO - Filling up the DagBag from /home/chinnu/.local/lib/python3.10/site-packages/airflow/example_dags/plugins/listener_plugin.py
[2023-05-26T21:17:46.541+0400] {processor.py:838} WARNING - No viable dags retrieved from /home/chinnu/.local/lib/python3.10/site-packages/airflow/example_dags/plugins/listener_plugin.py
[2023-05-26T21:17:46.582+0400] {processor.py:179} INFO - Processing /home/chinnu/.local/lib/python3.10/site-packages/airflow/example_dags/plugins/listener_plugin.py took 0.070 seconds
[2023-05-26T21:18:44.825+0400] {processor.py:157} INFO - Started process (PID=16833) to work on /home/chinnu/.local/lib/python3.10/site-packages/airflow/example_dags/plugins/listener_plugin.py
[2023-05-26T21:18:44.827+0400] {processor.py:826} INFO - Processing file /home/chinnu/.local/lib/python3.10/site-packages/airflow/example_dags/plugins/listener_plugin.py for tasks to queue
[2023-05-26T21:18:44.828+0400] {logging_mixin.py:149} INFO - [2023-05-26T21:18:44.828+0400] {dagbag.py:541} INFO - Filling up the DagBag from /home/chinnu/.local/lib/python3.10/site-packages/airflow/example_dags/plugins/listener_plugin.py
[2023-05-26T21:18:44.834+0400] {processor.py:838} WARNING - No viable dags retrieved from /home/chinnu/.local/lib/python3.10/site-packages/airflow/example_dags/plugins/listener_plugin.py
[2023-05-26T21:18:44.857+0400] {processor.py:179} INFO - Processing /home/chinnu/.local/lib/python3.10/site-packages/airflow/example_dags/plugins/listener_plugin.py took 0.041 seconds
[2023-05-26T21:19:30.217+0400] {processor.py:157} INFO - Started process (PID=16885) to work on /home/chinnu/.local/lib/python3.10/site-packages/airflow/example_dags/plugins/listener_plugin.py
[2023-05-26T21:19:30.218+0400] {processor.py:826} INFO - Processing file /home/chinnu/.local/lib/python3.10/site-packages/airflow/example_dags/plugins/listener_plugin.py for tasks to queue
[2023-05-26T21:19:30.219+0400] {logging_mixin.py:149} INFO - [2023-05-26T21:19:30.219+0400] {dagbag.py:541} INFO - Filling up the DagBag from /home/chinnu/.local/lib/python3.10/site-packages/airflow/example_dags/plugins/listener_plugin.py
[2023-05-26T21:19:30.227+0400] {processor.py:838} WARNING - No viable dags retrieved from /home/chinnu/.local/lib/python3.10/site-packages/airflow/example_dags/plugins/listener_plugin.py
[2023-05-26T21:19:30.263+0400] {processor.py:179} INFO - Processing /home/chinnu/.local/lib/python3.10/site-packages/airflow/example_dags/plugins/listener_plugin.py took 0.057 seconds
[2023-05-26T21:20:42.555+0400] {processor.py:157} INFO - Started process (PID=16967) to work on /home/chinnu/.local/lib/python3.10/site-packages/airflow/example_dags/plugins/listener_plugin.py
[2023-05-26T21:20:42.557+0400] {processor.py:826} INFO - Processing file /home/chinnu/.local/lib/python3.10/site-packages/airflow/example_dags/plugins/listener_plugin.py for tasks to queue
[2023-05-26T21:20:42.560+0400] {logging_mixin.py:149} INFO - [2023-05-26T21:20:42.559+0400] {dagbag.py:541} INFO - Filling up the DagBag from /home/chinnu/.local/lib/python3.10/site-packages/airflow/example_dags/plugins/listener_plugin.py
[2023-05-26T21:20:42.567+0400] {processor.py:838} WARNING - No viable dags retrieved from /home/chinnu/.local/lib/python3.10/site-packages/airflow/example_dags/plugins/listener_plugin.py
[2023-05-26T21:20:42.596+0400] {processor.py:179} INFO - Processing /home/chinnu/.local/lib/python3.10/site-packages/airflow/example_dags/plugins/listener_plugin.py took 0.049 seconds
[2023-05-26T21:21:24.088+0400] {processor.py:157} INFO - Started process (PID=17016) to work on /home/chinnu/.local/lib/python3.10/site-packages/airflow/example_dags/plugins/listener_plugin.py
[2023-05-26T21:21:24.091+0400] {processor.py:826} INFO - Processing file /home/chinnu/.local/lib/python3.10/site-packages/airflow/example_dags/plugins/listener_plugin.py for tasks to queue
[2023-05-26T21:21:24.096+0400] {logging_mixin.py:149} INFO - [2023-05-26T21:21:24.093+0400] {dagbag.py:541} INFO - Filling up the DagBag from /home/chinnu/.local/lib/python3.10/site-packages/airflow/example_dags/plugins/listener_plugin.py
[2023-05-26T21:21:24.107+0400] {processor.py:838} WARNING - No viable dags retrieved from /home/chinnu/.local/lib/python3.10/site-packages/airflow/example_dags/plugins/listener_plugin.py
[2023-05-26T21:21:24.146+0400] {processor.py:179} INFO - Processing /home/chinnu/.local/lib/python3.10/site-packages/airflow/example_dags/plugins/listener_plugin.py took 0.078 seconds
[2023-05-26T21:22:04.354+0400] {processor.py:157} INFO - Started process (PID=17062) to work on /home/chinnu/.local/lib/python3.10/site-packages/airflow/example_dags/plugins/listener_plugin.py
[2023-05-26T21:22:04.356+0400] {processor.py:826} INFO - Processing file /home/chinnu/.local/lib/python3.10/site-packages/airflow/example_dags/plugins/listener_plugin.py for tasks to queue
[2023-05-26T21:22:04.358+0400] {logging_mixin.py:149} INFO - [2023-05-26T21:22:04.358+0400] {dagbag.py:541} INFO - Filling up the DagBag from /home/chinnu/.local/lib/python3.10/site-packages/airflow/example_dags/plugins/listener_plugin.py
[2023-05-26T21:22:04.364+0400] {processor.py:838} WARNING - No viable dags retrieved from /home/chinnu/.local/lib/python3.10/site-packages/airflow/example_dags/plugins/listener_plugin.py
[2023-05-26T21:22:04.391+0400] {processor.py:179} INFO - Processing /home/chinnu/.local/lib/python3.10/site-packages/airflow/example_dags/plugins/listener_plugin.py took 0.046 seconds
[2023-05-26T21:22:42.329+0400] {processor.py:157} INFO - Started process (PID=17108) to work on /home/chinnu/.local/lib/python3.10/site-packages/airflow/example_dags/plugins/listener_plugin.py
[2023-05-26T21:22:42.333+0400] {processor.py:826} INFO - Processing file /home/chinnu/.local/lib/python3.10/site-packages/airflow/example_dags/plugins/listener_plugin.py for tasks to queue
[2023-05-26T21:22:42.335+0400] {logging_mixin.py:149} INFO - [2023-05-26T21:22:42.334+0400] {dagbag.py:541} INFO - Filling up the DagBag from /home/chinnu/.local/lib/python3.10/site-packages/airflow/example_dags/plugins/listener_plugin.py
[2023-05-26T21:22:42.347+0400] {processor.py:838} WARNING - No viable dags retrieved from /home/chinnu/.local/lib/python3.10/site-packages/airflow/example_dags/plugins/listener_plugin.py
[2023-05-26T21:22:42.390+0400] {processor.py:179} INFO - Processing /home/chinnu/.local/lib/python3.10/site-packages/airflow/example_dags/plugins/listener_plugin.py took 0.074 seconds
[2023-05-26T21:23:19.886+0400] {processor.py:157} INFO - Started process (PID=17153) to work on /home/chinnu/.local/lib/python3.10/site-packages/airflow/example_dags/plugins/listener_plugin.py
[2023-05-26T21:23:19.888+0400] {processor.py:826} INFO - Processing file /home/chinnu/.local/lib/python3.10/site-packages/airflow/example_dags/plugins/listener_plugin.py for tasks to queue
[2023-05-26T21:23:19.889+0400] {logging_mixin.py:149} INFO - [2023-05-26T21:23:19.889+0400] {dagbag.py:541} INFO - Filling up the DagBag from /home/chinnu/.local/lib/python3.10/site-packages/airflow/example_dags/plugins/listener_plugin.py
[2023-05-26T21:23:19.897+0400] {processor.py:838} WARNING - No viable dags retrieved from /home/chinnu/.local/lib/python3.10/site-packages/airflow/example_dags/plugins/listener_plugin.py
[2023-05-26T21:23:19.924+0400] {processor.py:179} INFO - Processing /home/chinnu/.local/lib/python3.10/site-packages/airflow/example_dags/plugins/listener_plugin.py took 0.046 seconds
[2023-05-26T21:23:57.073+0400] {processor.py:157} INFO - Started process (PID=17199) to work on /home/chinnu/.local/lib/python3.10/site-packages/airflow/example_dags/plugins/listener_plugin.py
[2023-05-26T21:23:57.074+0400] {processor.py:826} INFO - Processing file /home/chinnu/.local/lib/python3.10/site-packages/airflow/example_dags/plugins/listener_plugin.py for tasks to queue
[2023-05-26T21:23:57.075+0400] {logging_mixin.py:149} INFO - [2023-05-26T21:23:57.075+0400] {dagbag.py:541} INFO - Filling up the DagBag from /home/chinnu/.local/lib/python3.10/site-packages/airflow/example_dags/plugins/listener_plugin.py
[2023-05-26T21:23:57.080+0400] {processor.py:838} WARNING - No viable dags retrieved from /home/chinnu/.local/lib/python3.10/site-packages/airflow/example_dags/plugins/listener_plugin.py
[2023-05-26T21:23:57.099+0400] {processor.py:179} INFO - Processing /home/chinnu/.local/lib/python3.10/site-packages/airflow/example_dags/plugins/listener_plugin.py took 0.032 seconds
[2023-05-26T21:24:34.067+0400] {processor.py:157} INFO - Started process (PID=17245) to work on /home/chinnu/.local/lib/python3.10/site-packages/airflow/example_dags/plugins/listener_plugin.py
[2023-05-26T21:24:34.069+0400] {processor.py:826} INFO - Processing file /home/chinnu/.local/lib/python3.10/site-packages/airflow/example_dags/plugins/listener_plugin.py for tasks to queue
[2023-05-26T21:24:34.070+0400] {logging_mixin.py:149} INFO - [2023-05-26T21:24:34.070+0400] {dagbag.py:541} INFO - Filling up the DagBag from /home/chinnu/.local/lib/python3.10/site-packages/airflow/example_dags/plugins/listener_plugin.py
[2023-05-26T21:24:34.075+0400] {processor.py:838} WARNING - No viable dags retrieved from /home/chinnu/.local/lib/python3.10/site-packages/airflow/example_dags/plugins/listener_plugin.py
[2023-05-26T21:24:34.094+0400] {processor.py:179} INFO - Processing /home/chinnu/.local/lib/python3.10/site-packages/airflow/example_dags/plugins/listener_plugin.py took 0.034 seconds
[2023-05-26T21:25:09.929+0400] {processor.py:157} INFO - Started process (PID=17290) to work on /home/chinnu/.local/lib/python3.10/site-packages/airflow/example_dags/plugins/listener_plugin.py
[2023-05-26T21:25:09.931+0400] {processor.py:826} INFO - Processing file /home/chinnu/.local/lib/python3.10/site-packages/airflow/example_dags/plugins/listener_plugin.py for tasks to queue
[2023-05-26T21:25:09.932+0400] {logging_mixin.py:149} INFO - [2023-05-26T21:25:09.932+0400] {dagbag.py:541} INFO - Filling up the DagBag from /home/chinnu/.local/lib/python3.10/site-packages/airflow/example_dags/plugins/listener_plugin.py
[2023-05-26T21:25:09.938+0400] {processor.py:838} WARNING - No viable dags retrieved from /home/chinnu/.local/lib/python3.10/site-packages/airflow/example_dags/plugins/listener_plugin.py
[2023-05-26T21:25:09.963+0400] {processor.py:179} INFO - Processing /home/chinnu/.local/lib/python3.10/site-packages/airflow/example_dags/plugins/listener_plugin.py took 0.042 seconds
[2023-05-26T21:48:06.671+0400] {processor.py:157} INFO - Started process (PID=61) to work on /home/chinnu/.local/lib/python3.10/site-packages/airflow/example_dags/plugins/listener_plugin.py
[2023-05-26T21:48:06.674+0400] {processor.py:826} INFO - Processing file /home/chinnu/.local/lib/python3.10/site-packages/airflow/example_dags/plugins/listener_plugin.py for tasks to queue
[2023-05-26T21:48:06.675+0400] {logging_mixin.py:149} INFO - [2023-05-26T21:48:06.675+0400] {dagbag.py:541} INFO - Filling up the DagBag from /home/chinnu/.local/lib/python3.10/site-packages/airflow/example_dags/plugins/listener_plugin.py
[2023-05-26T21:48:06.681+0400] {processor.py:838} WARNING - No viable dags retrieved from /home/chinnu/.local/lib/python3.10/site-packages/airflow/example_dags/plugins/listener_plugin.py
[2023-05-26T21:48:06.714+0400] {processor.py:179} INFO - Processing /home/chinnu/.local/lib/python3.10/site-packages/airflow/example_dags/plugins/listener_plugin.py took 0.052 seconds
[2023-05-26T21:49:01.472+0400] {processor.py:157} INFO - Started process (PID=117) to work on /home/chinnu/.local/lib/python3.10/site-packages/airflow/example_dags/plugins/listener_plugin.py
[2023-05-26T21:49:01.474+0400] {processor.py:826} INFO - Processing file /home/chinnu/.local/lib/python3.10/site-packages/airflow/example_dags/plugins/listener_plugin.py for tasks to queue
[2023-05-26T21:49:01.475+0400] {logging_mixin.py:149} INFO - [2023-05-26T21:49:01.475+0400] {dagbag.py:541} INFO - Filling up the DagBag from /home/chinnu/.local/lib/python3.10/site-packages/airflow/example_dags/plugins/listener_plugin.py
[2023-05-26T21:49:01.482+0400] {processor.py:838} WARNING - No viable dags retrieved from /home/chinnu/.local/lib/python3.10/site-packages/airflow/example_dags/plugins/listener_plugin.py
[2023-05-26T21:49:01.520+0400] {processor.py:179} INFO - Processing /home/chinnu/.local/lib/python3.10/site-packages/airflow/example_dags/plugins/listener_plugin.py took 0.060 seconds
[2023-05-26T21:52:09.050+0400] {processor.py:157} INFO - Started process (PID=47) to work on /home/chinnu/.local/lib/python3.10/site-packages/airflow/example_dags/plugins/listener_plugin.py
[2023-05-26T21:52:09.053+0400] {processor.py:826} INFO - Processing file /home/chinnu/.local/lib/python3.10/site-packages/airflow/example_dags/plugins/listener_plugin.py for tasks to queue
[2023-05-26T21:52:09.054+0400] {logging_mixin.py:149} INFO - [2023-05-26T21:52:09.053+0400] {dagbag.py:541} INFO - Filling up the DagBag from /home/chinnu/.local/lib/python3.10/site-packages/airflow/example_dags/plugins/listener_plugin.py
[2023-05-26T21:52:09.061+0400] {processor.py:838} WARNING - No viable dags retrieved from /home/chinnu/.local/lib/python3.10/site-packages/airflow/example_dags/plugins/listener_plugin.py
[2023-05-26T21:52:09.087+0400] {processor.py:179} INFO - Processing /home/chinnu/.local/lib/python3.10/site-packages/airflow/example_dags/plugins/listener_plugin.py took 0.045 seconds
[2023-05-26T21:53:07.241+0400] {processor.py:157} INFO - Started process (PID=98) to work on /home/chinnu/.local/lib/python3.10/site-packages/airflow/example_dags/plugins/listener_plugin.py
[2023-05-26T21:53:07.243+0400] {processor.py:826} INFO - Processing file /home/chinnu/.local/lib/python3.10/site-packages/airflow/example_dags/plugins/listener_plugin.py for tasks to queue
[2023-05-26T21:53:07.244+0400] {logging_mixin.py:149} INFO - [2023-05-26T21:53:07.244+0400] {dagbag.py:541} INFO - Filling up the DagBag from /home/chinnu/.local/lib/python3.10/site-packages/airflow/example_dags/plugins/listener_plugin.py
[2023-05-26T21:53:07.249+0400] {processor.py:838} WARNING - No viable dags retrieved from /home/chinnu/.local/lib/python3.10/site-packages/airflow/example_dags/plugins/listener_plugin.py
[2023-05-26T21:53:07.269+0400] {processor.py:179} INFO - Processing /home/chinnu/.local/lib/python3.10/site-packages/airflow/example_dags/plugins/listener_plugin.py took 0.033 seconds
[2023-05-26T21:54:05.391+0400] {processor.py:157} INFO - Started process (PID=170) to work on /home/chinnu/.local/lib/python3.10/site-packages/airflow/example_dags/plugins/listener_plugin.py
[2023-05-26T21:54:05.393+0400] {processor.py:826} INFO - Processing file /home/chinnu/.local/lib/python3.10/site-packages/airflow/example_dags/plugins/listener_plugin.py for tasks to queue
[2023-05-26T21:54:05.395+0400] {logging_mixin.py:149} INFO - [2023-05-26T21:54:05.395+0400] {dagbag.py:541} INFO - Filling up the DagBag from /home/chinnu/.local/lib/python3.10/site-packages/airflow/example_dags/plugins/listener_plugin.py
[2023-05-26T21:54:05.407+0400] {processor.py:838} WARNING - No viable dags retrieved from /home/chinnu/.local/lib/python3.10/site-packages/airflow/example_dags/plugins/listener_plugin.py
[2023-05-26T21:54:05.440+0400] {processor.py:179} INFO - Processing /home/chinnu/.local/lib/python3.10/site-packages/airflow/example_dags/plugins/listener_plugin.py took 0.063 seconds
[2023-05-26T22:05:51.242+0400] {processor.py:157} INFO - Started process (PID=2516) to work on /home/chinnu/.local/lib/python3.10/site-packages/airflow/example_dags/plugins/listener_plugin.py
[2023-05-26T22:05:51.250+0400] {processor.py:826} INFO - Processing file /home/chinnu/.local/lib/python3.10/site-packages/airflow/example_dags/plugins/listener_plugin.py for tasks to queue
[2023-05-26T22:05:51.252+0400] {logging_mixin.py:149} INFO - [2023-05-26T22:05:51.252+0400] {dagbag.py:541} INFO - Filling up the DagBag from /home/chinnu/.local/lib/python3.10/site-packages/airflow/example_dags/plugins/listener_plugin.py
[2023-05-26T22:05:51.260+0400] {processor.py:838} WARNING - No viable dags retrieved from /home/chinnu/.local/lib/python3.10/site-packages/airflow/example_dags/plugins/listener_plugin.py
[2023-05-26T22:05:51.287+0400] {processor.py:179} INFO - Processing /home/chinnu/.local/lib/python3.10/site-packages/airflow/example_dags/plugins/listener_plugin.py took 0.055 seconds
[2023-05-26T22:07:00.694+0400] {processor.py:157} INFO - Started process (PID=2567) to work on /home/chinnu/.local/lib/python3.10/site-packages/airflow/example_dags/plugins/listener_plugin.py
[2023-05-26T22:07:00.696+0400] {processor.py:826} INFO - Processing file /home/chinnu/.local/lib/python3.10/site-packages/airflow/example_dags/plugins/listener_plugin.py for tasks to queue
[2023-05-26T22:07:00.697+0400] {logging_mixin.py:149} INFO - [2023-05-26T22:07:00.697+0400] {dagbag.py:541} INFO - Filling up the DagBag from /home/chinnu/.local/lib/python3.10/site-packages/airflow/example_dags/plugins/listener_plugin.py
[2023-05-26T22:07:00.705+0400] {processor.py:838} WARNING - No viable dags retrieved from /home/chinnu/.local/lib/python3.10/site-packages/airflow/example_dags/plugins/listener_plugin.py
[2023-05-26T22:07:00.732+0400] {processor.py:179} INFO - Processing /home/chinnu/.local/lib/python3.10/site-packages/airflow/example_dags/plugins/listener_plugin.py took 0.047 seconds
[2023-05-26T22:07:48.740+0400] {processor.py:157} INFO - Started process (PID=2599) to work on /home/chinnu/.local/lib/python3.10/site-packages/airflow/example_dags/plugins/listener_plugin.py
[2023-05-26T22:07:48.742+0400] {processor.py:826} INFO - Processing file /home/chinnu/.local/lib/python3.10/site-packages/airflow/example_dags/plugins/listener_plugin.py for tasks to queue
[2023-05-26T22:07:48.744+0400] {logging_mixin.py:149} INFO - [2023-05-26T22:07:48.743+0400] {dagbag.py:541} INFO - Filling up the DagBag from /home/chinnu/.local/lib/python3.10/site-packages/airflow/example_dags/plugins/listener_plugin.py
[2023-05-26T22:07:48.750+0400] {processor.py:838} WARNING - No viable dags retrieved from /home/chinnu/.local/lib/python3.10/site-packages/airflow/example_dags/plugins/listener_plugin.py
[2023-05-26T22:07:48.773+0400] {processor.py:179} INFO - Processing /home/chinnu/.local/lib/python3.10/site-packages/airflow/example_dags/plugins/listener_plugin.py took 0.040 seconds
[2023-05-26T22:08:39.871+0400] {processor.py:157} INFO - Started process (PID=2634) to work on /home/chinnu/.local/lib/python3.10/site-packages/airflow/example_dags/plugins/listener_plugin.py
[2023-05-26T22:08:39.873+0400] {processor.py:826} INFO - Processing file /home/chinnu/.local/lib/python3.10/site-packages/airflow/example_dags/plugins/listener_plugin.py for tasks to queue
[2023-05-26T22:08:39.877+0400] {logging_mixin.py:149} INFO - [2023-05-26T22:08:39.876+0400] {dagbag.py:541} INFO - Filling up the DagBag from /home/chinnu/.local/lib/python3.10/site-packages/airflow/example_dags/plugins/listener_plugin.py
[2023-05-26T22:08:39.885+0400] {processor.py:838} WARNING - No viable dags retrieved from /home/chinnu/.local/lib/python3.10/site-packages/airflow/example_dags/plugins/listener_plugin.py
[2023-05-26T22:08:39.918+0400] {processor.py:179} INFO - Processing /home/chinnu/.local/lib/python3.10/site-packages/airflow/example_dags/plugins/listener_plugin.py took 0.057 seconds
