[2023-05-26T19:33:22.593+0400] {processor.py:157} INFO - Started process (PID=121) to work on /home/chinnu/.local/lib/python3.10/site-packages/airflow/example_dags/plugins/workday.py
[2023-05-26T19:33:22.596+0400] {processor.py:826} INFO - Processing file /home/chinnu/.local/lib/python3.10/site-packages/airflow/example_dags/plugins/workday.py for tasks to queue
[2023-05-26T19:33:22.598+0400] {logging_mixin.py:149} INFO - [2023-05-26T19:33:22.597+0400] {dagbag.py:541} INFO - Filling up the DagBag from /home/chinnu/.local/lib/python3.10/site-packages/airflow/example_dags/plugins/workday.py
[2023-05-26T19:33:23.297+0400] {processor.py:838} WARNING - No viable dags retrieved from /home/chinnu/.local/lib/python3.10/site-packages/airflow/example_dags/plugins/workday.py
[2023-05-26T19:33:23.305+0400] {processor.py:179} INFO - Processing /home/chinnu/.local/lib/python3.10/site-packages/airflow/example_dags/plugins/workday.py took 0.722 seconds
[2023-05-26T19:38:23.516+0400] {processor.py:157} INFO - Started process (PID=193) to work on /home/chinnu/.local/lib/python3.10/site-packages/airflow/example_dags/plugins/workday.py
[2023-05-26T19:38:23.519+0400] {processor.py:826} INFO - Processing file /home/chinnu/.local/lib/python3.10/site-packages/airflow/example_dags/plugins/workday.py for tasks to queue
[2023-05-26T19:38:23.521+0400] {logging_mixin.py:149} INFO - [2023-05-26T19:38:23.520+0400] {dagbag.py:541} INFO - Filling up the DagBag from /home/chinnu/.local/lib/python3.10/site-packages/airflow/example_dags/plugins/workday.py
[2023-05-26T19:38:24.060+0400] {processor.py:838} WARNING - No viable dags retrieved from /home/chinnu/.local/lib/python3.10/site-packages/airflow/example_dags/plugins/workday.py
[2023-05-26T19:38:24.073+0400] {processor.py:179} INFO - Processing /home/chinnu/.local/lib/python3.10/site-packages/airflow/example_dags/plugins/workday.py took 0.569 seconds
[2023-05-26T19:39:21.482+0400] {processor.py:157} INFO - Started process (PID=244) to work on /home/chinnu/.local/lib/python3.10/site-packages/airflow/example_dags/plugins/workday.py
[2023-05-26T19:39:21.486+0400] {processor.py:826} INFO - Processing file /home/chinnu/.local/lib/python3.10/site-packages/airflow/example_dags/plugins/workday.py for tasks to queue
[2023-05-26T19:39:21.487+0400] {logging_mixin.py:149} INFO - [2023-05-26T19:39:21.487+0400] {dagbag.py:541} INFO - Filling up the DagBag from /home/chinnu/.local/lib/python3.10/site-packages/airflow/example_dags/plugins/workday.py
[2023-05-26T19:39:22.072+0400] {processor.py:838} WARNING - No viable dags retrieved from /home/chinnu/.local/lib/python3.10/site-packages/airflow/example_dags/plugins/workday.py
[2023-05-26T19:39:22.086+0400] {processor.py:179} INFO - Processing /home/chinnu/.local/lib/python3.10/site-packages/airflow/example_dags/plugins/workday.py took 0.618 seconds
[2023-05-26T19:40:13.252+0400] {processor.py:157} INFO - Started process (PID=804) to work on /home/chinnu/.local/lib/python3.10/site-packages/airflow/example_dags/plugins/workday.py
[2023-05-26T19:40:13.254+0400] {processor.py:826} INFO - Processing file /home/chinnu/.local/lib/python3.10/site-packages/airflow/example_dags/plugins/workday.py for tasks to queue
[2023-05-26T19:40:13.255+0400] {logging_mixin.py:149} INFO - [2023-05-26T19:40:13.255+0400] {dagbag.py:541} INFO - Filling up the DagBag from /home/chinnu/.local/lib/python3.10/site-packages/airflow/example_dags/plugins/workday.py
[2023-05-26T19:40:13.771+0400] {processor.py:838} WARNING - No viable dags retrieved from /home/chinnu/.local/lib/python3.10/site-packages/airflow/example_dags/plugins/workday.py
[2023-05-26T19:40:13.785+0400] {processor.py:179} INFO - Processing /home/chinnu/.local/lib/python3.10/site-packages/airflow/example_dags/plugins/workday.py took 0.540 seconds
[2023-05-26T19:41:01.653+0400] {processor.py:157} INFO - Started process (PID=849) to work on /home/chinnu/.local/lib/python3.10/site-packages/airflow/example_dags/plugins/workday.py
[2023-05-26T19:41:01.656+0400] {processor.py:826} INFO - Processing file /home/chinnu/.local/lib/python3.10/site-packages/airflow/example_dags/plugins/workday.py for tasks to queue
[2023-05-26T19:41:01.658+0400] {logging_mixin.py:149} INFO - [2023-05-26T19:41:01.658+0400] {dagbag.py:541} INFO - Filling up the DagBag from /home/chinnu/.local/lib/python3.10/site-packages/airflow/example_dags/plugins/workday.py
[2023-05-26T19:41:02.296+0400] {processor.py:838} WARNING - No viable dags retrieved from /home/chinnu/.local/lib/python3.10/site-packages/airflow/example_dags/plugins/workday.py
[2023-05-26T19:41:02.329+0400] {processor.py:179} INFO - Processing /home/chinnu/.local/lib/python3.10/site-packages/airflow/example_dags/plugins/workday.py took 0.717 seconds
[2023-05-26T19:41:21.436+0400] {processor.py:157} INFO - Started process (PID=866) to work on /home/chinnu/.local/lib/python3.10/site-packages/airflow/example_dags/plugins/workday.py
[2023-05-26T19:41:21.443+0400] {processor.py:826} INFO - Processing file /home/chinnu/.local/lib/python3.10/site-packages/airflow/example_dags/plugins/workday.py for tasks to queue
[2023-05-26T19:41:21.446+0400] {logging_mixin.py:149} INFO - [2023-05-26T19:41:21.445+0400] {dagbag.py:541} INFO - Filling up the DagBag from /home/chinnu/.local/lib/python3.10/site-packages/airflow/example_dags/plugins/workday.py
[2023-05-26T19:41:22.523+0400] {processor.py:838} WARNING - No viable dags retrieved from /home/chinnu/.local/lib/python3.10/site-packages/airflow/example_dags/plugins/workday.py
[2023-05-26T19:41:22.534+0400] {processor.py:179} INFO - Processing /home/chinnu/.local/lib/python3.10/site-packages/airflow/example_dags/plugins/workday.py took 1.127 seconds
[2023-05-26T19:42:48.847+0400] {processor.py:157} INFO - Started process (PID=1459) to work on /home/chinnu/.local/lib/python3.10/site-packages/airflow/example_dags/plugins/workday.py
[2023-05-26T19:42:48.855+0400] {processor.py:826} INFO - Processing file /home/chinnu/.local/lib/python3.10/site-packages/airflow/example_dags/plugins/workday.py for tasks to queue
[2023-05-26T19:42:48.859+0400] {logging_mixin.py:149} INFO - [2023-05-26T19:42:48.858+0400] {dagbag.py:541} INFO - Filling up the DagBag from /home/chinnu/.local/lib/python3.10/site-packages/airflow/example_dags/plugins/workday.py
[2023-05-26T19:42:49.728+0400] {processor.py:838} WARNING - No viable dags retrieved from /home/chinnu/.local/lib/python3.10/site-packages/airflow/example_dags/plugins/workday.py
[2023-05-26T19:42:49.737+0400] {processor.py:179} INFO - Processing /home/chinnu/.local/lib/python3.10/site-packages/airflow/example_dags/plugins/workday.py took 0.913 seconds
[2023-05-26T19:43:26.562+0400] {processor.py:157} INFO - Started process (PID=1489) to work on /home/chinnu/.local/lib/python3.10/site-packages/airflow/example_dags/plugins/workday.py
[2023-05-26T19:43:26.563+0400] {processor.py:826} INFO - Processing file /home/chinnu/.local/lib/python3.10/site-packages/airflow/example_dags/plugins/workday.py for tasks to queue
[2023-05-26T19:43:26.564+0400] {logging_mixin.py:149} INFO - [2023-05-26T19:43:26.564+0400] {dagbag.py:541} INFO - Filling up the DagBag from /home/chinnu/.local/lib/python3.10/site-packages/airflow/example_dags/plugins/workday.py
[2023-05-26T19:43:27.456+0400] {processor.py:838} WARNING - No viable dags retrieved from /home/chinnu/.local/lib/python3.10/site-packages/airflow/example_dags/plugins/workday.py
[2023-05-26T19:43:27.463+0400] {processor.py:179} INFO - Processing /home/chinnu/.local/lib/python3.10/site-packages/airflow/example_dags/plugins/workday.py took 0.907 seconds
[2023-05-26T19:44:03.639+0400] {processor.py:157} INFO - Started process (PID=1519) to work on /home/chinnu/.local/lib/python3.10/site-packages/airflow/example_dags/plugins/workday.py
[2023-05-26T19:44:03.642+0400] {processor.py:826} INFO - Processing file /home/chinnu/.local/lib/python3.10/site-packages/airflow/example_dags/plugins/workday.py for tasks to queue
[2023-05-26T19:44:03.644+0400] {logging_mixin.py:149} INFO - [2023-05-26T19:44:03.643+0400] {dagbag.py:541} INFO - Filling up the DagBag from /home/chinnu/.local/lib/python3.10/site-packages/airflow/example_dags/plugins/workday.py
[2023-05-26T19:44:04.308+0400] {processor.py:838} WARNING - No viable dags retrieved from /home/chinnu/.local/lib/python3.10/site-packages/airflow/example_dags/plugins/workday.py
[2023-05-26T19:44:04.323+0400] {processor.py:179} INFO - Processing /home/chinnu/.local/lib/python3.10/site-packages/airflow/example_dags/plugins/workday.py took 0.699 seconds
[2023-05-26T19:44:37.765+0400] {processor.py:157} INFO - Started process (PID=1549) to work on /home/chinnu/.local/lib/python3.10/site-packages/airflow/example_dags/plugins/workday.py
[2023-05-26T19:44:37.768+0400] {processor.py:826} INFO - Processing file /home/chinnu/.local/lib/python3.10/site-packages/airflow/example_dags/plugins/workday.py for tasks to queue
[2023-05-26T19:44:37.770+0400] {logging_mixin.py:149} INFO - [2023-05-26T19:44:37.769+0400] {dagbag.py:541} INFO - Filling up the DagBag from /home/chinnu/.local/lib/python3.10/site-packages/airflow/example_dags/plugins/workday.py
[2023-05-26T19:44:38.327+0400] {processor.py:838} WARNING - No viable dags retrieved from /home/chinnu/.local/lib/python3.10/site-packages/airflow/example_dags/plugins/workday.py
[2023-05-26T19:44:38.340+0400] {processor.py:179} INFO - Processing /home/chinnu/.local/lib/python3.10/site-packages/airflow/example_dags/plugins/workday.py took 0.596 seconds
[2023-05-26T19:45:40.715+0400] {processor.py:157} INFO - Started process (PID=1601) to work on /home/chinnu/.local/lib/python3.10/site-packages/airflow/example_dags/plugins/workday.py
[2023-05-26T19:45:40.718+0400] {processor.py:826} INFO - Processing file /home/chinnu/.local/lib/python3.10/site-packages/airflow/example_dags/plugins/workday.py for tasks to queue
[2023-05-26T19:45:40.719+0400] {logging_mixin.py:149} INFO - [2023-05-26T19:45:40.719+0400] {dagbag.py:541} INFO - Filling up the DagBag from /home/chinnu/.local/lib/python3.10/site-packages/airflow/example_dags/plugins/workday.py
[2023-05-26T19:45:41.252+0400] {processor.py:838} WARNING - No viable dags retrieved from /home/chinnu/.local/lib/python3.10/site-packages/airflow/example_dags/plugins/workday.py
[2023-05-26T19:45:41.266+0400] {processor.py:179} INFO - Processing /home/chinnu/.local/lib/python3.10/site-packages/airflow/example_dags/plugins/workday.py took 0.562 seconds
[2023-05-26T19:47:52.771+0400] {processor.py:157} INFO - Started process (PID=1671) to work on /home/chinnu/.local/lib/python3.10/site-packages/airflow/example_dags/plugins/workday.py
[2023-05-26T19:47:52.777+0400] {processor.py:826} INFO - Processing file /home/chinnu/.local/lib/python3.10/site-packages/airflow/example_dags/plugins/workday.py for tasks to queue
[2023-05-26T19:47:52.778+0400] {logging_mixin.py:149} INFO - [2023-05-26T19:47:52.778+0400] {dagbag.py:541} INFO - Filling up the DagBag from /home/chinnu/.local/lib/python3.10/site-packages/airflow/example_dags/plugins/workday.py
[2023-05-26T19:47:53.658+0400] {processor.py:838} WARNING - No viable dags retrieved from /home/chinnu/.local/lib/python3.10/site-packages/airflow/example_dags/plugins/workday.py
[2023-05-26T19:47:53.683+0400] {processor.py:179} INFO - Processing /home/chinnu/.local/lib/python3.10/site-packages/airflow/example_dags/plugins/workday.py took 0.932 seconds
[2023-05-26T21:05:06.918+0400] {processor.py:157} INFO - Started process (PID=53) to work on /home/chinnu/.local/lib/python3.10/site-packages/airflow/example_dags/plugins/workday.py
[2023-05-26T21:05:06.926+0400] {processor.py:826} INFO - Processing file /home/chinnu/.local/lib/python3.10/site-packages/airflow/example_dags/plugins/workday.py for tasks to queue
[2023-05-26T21:05:06.927+0400] {logging_mixin.py:149} INFO - [2023-05-26T21:05:06.927+0400] {dagbag.py:541} INFO - Filling up the DagBag from /home/chinnu/.local/lib/python3.10/site-packages/airflow/example_dags/plugins/workday.py
[2023-05-26T21:05:13.679+0400] {processor.py:838} WARNING - No viable dags retrieved from /home/chinnu/.local/lib/python3.10/site-packages/airflow/example_dags/plugins/workday.py
[2023-05-26T21:05:13.725+0400] {processor.py:179} INFO - Processing /home/chinnu/.local/lib/python3.10/site-packages/airflow/example_dags/plugins/workday.py took 6.814 seconds
[2023-05-26T21:06:14.779+0400] {processor.py:157} INFO - Started process (PID=107) to work on /home/chinnu/.local/lib/python3.10/site-packages/airflow/example_dags/plugins/workday.py
[2023-05-26T21:06:14.780+0400] {processor.py:826} INFO - Processing file /home/chinnu/.local/lib/python3.10/site-packages/airflow/example_dags/plugins/workday.py for tasks to queue
[2023-05-26T21:06:14.781+0400] {logging_mixin.py:149} INFO - [2023-05-26T21:06:14.781+0400] {dagbag.py:541} INFO - Filling up the DagBag from /home/chinnu/.local/lib/python3.10/site-packages/airflow/example_dags/plugins/workday.py
[2023-05-26T21:06:15.898+0400] {processor.py:838} WARNING - No viable dags retrieved from /home/chinnu/.local/lib/python3.10/site-packages/airflow/example_dags/plugins/workday.py
[2023-05-26T21:06:15.909+0400] {processor.py:179} INFO - Processing /home/chinnu/.local/lib/python3.10/site-packages/airflow/example_dags/plugins/workday.py took 1.138 seconds
[2023-05-26T21:06:48.826+0400] {processor.py:157} INFO - Started process (PID=161) to work on /home/chinnu/.local/lib/python3.10/site-packages/airflow/example_dags/plugins/workday.py
[2023-05-26T21:06:48.829+0400] {processor.py:826} INFO - Processing file /home/chinnu/.local/lib/python3.10/site-packages/airflow/example_dags/plugins/workday.py for tasks to queue
[2023-05-26T21:06:48.831+0400] {logging_mixin.py:149} INFO - [2023-05-26T21:06:48.831+0400] {dagbag.py:541} INFO - Filling up the DagBag from /home/chinnu/.local/lib/python3.10/site-packages/airflow/example_dags/plugins/workday.py
[2023-05-26T21:06:49.557+0400] {processor.py:838} WARNING - No viable dags retrieved from /home/chinnu/.local/lib/python3.10/site-packages/airflow/example_dags/plugins/workday.py
[2023-05-26T21:06:49.566+0400] {processor.py:179} INFO - Processing /home/chinnu/.local/lib/python3.10/site-packages/airflow/example_dags/plugins/workday.py took 0.751 seconds
[2023-05-26T21:09:38.197+0400] {processor.py:157} INFO - Started process (PID=1831) to work on /home/chinnu/.local/lib/python3.10/site-packages/airflow/example_dags/plugins/workday.py
[2023-05-26T21:09:38.200+0400] {processor.py:826} INFO - Processing file /home/chinnu/.local/lib/python3.10/site-packages/airflow/example_dags/plugins/workday.py for tasks to queue
[2023-05-26T21:09:38.202+0400] {logging_mixin.py:149} INFO - [2023-05-26T21:09:38.202+0400] {dagbag.py:541} INFO - Filling up the DagBag from /home/chinnu/.local/lib/python3.10/site-packages/airflow/example_dags/plugins/workday.py
[2023-05-26T21:09:39.248+0400] {processor.py:838} WARNING - No viable dags retrieved from /home/chinnu/.local/lib/python3.10/site-packages/airflow/example_dags/plugins/workday.py
[2023-05-26T21:09:39.257+0400] {processor.py:179} INFO - Processing /home/chinnu/.local/lib/python3.10/site-packages/airflow/example_dags/plugins/workday.py took 1.070 seconds
[2023-05-26T21:10:19.561+0400] {processor.py:157} INFO - Started process (PID=1890) to work on /home/chinnu/.local/lib/python3.10/site-packages/airflow/example_dags/plugins/workday.py
[2023-05-26T21:10:19.564+0400] {processor.py:826} INFO - Processing file /home/chinnu/.local/lib/python3.10/site-packages/airflow/example_dags/plugins/workday.py for tasks to queue
[2023-05-26T21:10:19.565+0400] {logging_mixin.py:149} INFO - [2023-05-26T21:10:19.565+0400] {dagbag.py:541} INFO - Filling up the DagBag from /home/chinnu/.local/lib/python3.10/site-packages/airflow/example_dags/plugins/workday.py
[2023-05-26T21:10:20.372+0400] {processor.py:838} WARNING - No viable dags retrieved from /home/chinnu/.local/lib/python3.10/site-packages/airflow/example_dags/plugins/workday.py
[2023-05-26T21:10:20.382+0400] {processor.py:179} INFO - Processing /home/chinnu/.local/lib/python3.10/site-packages/airflow/example_dags/plugins/workday.py took 0.834 seconds
[2023-05-26T21:11:19.596+0400] {processor.py:157} INFO - Started process (PID=1950) to work on /home/chinnu/.local/lib/python3.10/site-packages/airflow/example_dags/plugins/workday.py
[2023-05-26T21:11:19.599+0400] {processor.py:826} INFO - Processing file /home/chinnu/.local/lib/python3.10/site-packages/airflow/example_dags/plugins/workday.py for tasks to queue
[2023-05-26T21:11:19.602+0400] {logging_mixin.py:149} INFO - [2023-05-26T21:11:19.601+0400] {dagbag.py:541} INFO - Filling up the DagBag from /home/chinnu/.local/lib/python3.10/site-packages/airflow/example_dags/plugins/workday.py
[2023-05-26T21:11:23.436+0400] {processor.py:838} WARNING - No viable dags retrieved from /home/chinnu/.local/lib/python3.10/site-packages/airflow/example_dags/plugins/workday.py
[2023-05-26T21:11:23.499+0400] {processor.py:179} INFO - Processing /home/chinnu/.local/lib/python3.10/site-packages/airflow/example_dags/plugins/workday.py took 3.920 seconds
[2023-05-26T21:12:26.115+0400] {processor.py:157} INFO - Started process (PID=2007) to work on /home/chinnu/.local/lib/python3.10/site-packages/airflow/example_dags/plugins/workday.py
[2023-05-26T21:12:26.118+0400] {processor.py:826} INFO - Processing file /home/chinnu/.local/lib/python3.10/site-packages/airflow/example_dags/plugins/workday.py for tasks to queue
[2023-05-26T21:12:26.120+0400] {logging_mixin.py:149} INFO - [2023-05-26T21:12:26.120+0400] {dagbag.py:541} INFO - Filling up the DagBag from /home/chinnu/.local/lib/python3.10/site-packages/airflow/example_dags/plugins/workday.py
[2023-05-26T21:12:26.823+0400] {processor.py:838} WARNING - No viable dags retrieved from /home/chinnu/.local/lib/python3.10/site-packages/airflow/example_dags/plugins/workday.py
[2023-05-26T21:12:26.832+0400] {processor.py:179} INFO - Processing /home/chinnu/.local/lib/python3.10/site-packages/airflow/example_dags/plugins/workday.py took 0.728 seconds
[2023-05-26T21:13:07.806+0400] {processor.py:157} INFO - Started process (PID=2055) to work on /home/chinnu/.local/lib/python3.10/site-packages/airflow/example_dags/plugins/workday.py
[2023-05-26T21:13:07.808+0400] {processor.py:826} INFO - Processing file /home/chinnu/.local/lib/python3.10/site-packages/airflow/example_dags/plugins/workday.py for tasks to queue
[2023-05-26T21:13:07.809+0400] {logging_mixin.py:149} INFO - [2023-05-26T21:13:07.809+0400] {dagbag.py:541} INFO - Filling up the DagBag from /home/chinnu/.local/lib/python3.10/site-packages/airflow/example_dags/plugins/workday.py
[2023-05-26T21:13:08.875+0400] {processor.py:838} WARNING - No viable dags retrieved from /home/chinnu/.local/lib/python3.10/site-packages/airflow/example_dags/plugins/workday.py
[2023-05-26T21:13:08.908+0400] {processor.py:179} INFO - Processing /home/chinnu/.local/lib/python3.10/site-packages/airflow/example_dags/plugins/workday.py took 1.114 seconds
[2023-05-26T21:13:51.474+0400] {processor.py:157} INFO - Started process (PID=2105) to work on /home/chinnu/.local/lib/python3.10/site-packages/airflow/example_dags/plugins/workday.py
[2023-05-26T21:13:51.478+0400] {processor.py:826} INFO - Processing file /home/chinnu/.local/lib/python3.10/site-packages/airflow/example_dags/plugins/workday.py for tasks to queue
[2023-05-26T21:13:51.481+0400] {logging_mixin.py:149} INFO - [2023-05-26T21:13:51.480+0400] {dagbag.py:541} INFO - Filling up the DagBag from /home/chinnu/.local/lib/python3.10/site-packages/airflow/example_dags/plugins/workday.py
[2023-05-26T21:13:52.052+0400] {processor.py:838} WARNING - No viable dags retrieved from /home/chinnu/.local/lib/python3.10/site-packages/airflow/example_dags/plugins/workday.py
[2023-05-26T21:13:52.066+0400] {processor.py:179} INFO - Processing /home/chinnu/.local/lib/python3.10/site-packages/airflow/example_dags/plugins/workday.py took 0.606 seconds
[2023-05-26T21:14:34.520+0400] {processor.py:157} INFO - Started process (PID=2156) to work on /home/chinnu/.local/lib/python3.10/site-packages/airflow/example_dags/plugins/workday.py
[2023-05-26T21:14:34.522+0400] {processor.py:826} INFO - Processing file /home/chinnu/.local/lib/python3.10/site-packages/airflow/example_dags/plugins/workday.py for tasks to queue
[2023-05-26T21:14:34.523+0400] {logging_mixin.py:149} INFO - [2023-05-26T21:14:34.523+0400] {dagbag.py:541} INFO - Filling up the DagBag from /home/chinnu/.local/lib/python3.10/site-packages/airflow/example_dags/plugins/workday.py
[2023-05-26T21:14:35.102+0400] {processor.py:838} WARNING - No viable dags retrieved from /home/chinnu/.local/lib/python3.10/site-packages/airflow/example_dags/plugins/workday.py
[2023-05-26T21:14:35.117+0400] {processor.py:179} INFO - Processing /home/chinnu/.local/lib/python3.10/site-packages/airflow/example_dags/plugins/workday.py took 0.605 seconds
[2023-05-26T21:15:10.994+0400] {processor.py:157} INFO - Started process (PID=9397) to work on /home/chinnu/.local/lib/python3.10/site-packages/airflow/example_dags/plugins/workday.py
[2023-05-26T21:15:10.997+0400] {processor.py:826} INFO - Processing file /home/chinnu/.local/lib/python3.10/site-packages/airflow/example_dags/plugins/workday.py for tasks to queue
[2023-05-26T21:15:10.998+0400] {logging_mixin.py:149} INFO - [2023-05-26T21:15:10.998+0400] {dagbag.py:541} INFO - Filling up the DagBag from /home/chinnu/.local/lib/python3.10/site-packages/airflow/example_dags/plugins/workday.py
[2023-05-26T21:15:11.560+0400] {processor.py:838} WARNING - No viable dags retrieved from /home/chinnu/.local/lib/python3.10/site-packages/airflow/example_dags/plugins/workday.py
[2023-05-26T21:15:11.572+0400] {processor.py:179} INFO - Processing /home/chinnu/.local/lib/python3.10/site-packages/airflow/example_dags/plugins/workday.py took 0.588 seconds
[2023-05-26T21:15:48.007+0400] {processor.py:157} INFO - Started process (PID=9448) to work on /home/chinnu/.local/lib/python3.10/site-packages/airflow/example_dags/plugins/workday.py
[2023-05-26T21:15:48.009+0400] {processor.py:826} INFO - Processing file /home/chinnu/.local/lib/python3.10/site-packages/airflow/example_dags/plugins/workday.py for tasks to queue
[2023-05-26T21:15:48.010+0400] {logging_mixin.py:149} INFO - [2023-05-26T21:15:48.010+0400] {dagbag.py:541} INFO - Filling up the DagBag from /home/chinnu/.local/lib/python3.10/site-packages/airflow/example_dags/plugins/workday.py
[2023-05-26T21:15:48.542+0400] {processor.py:838} WARNING - No viable dags retrieved from /home/chinnu/.local/lib/python3.10/site-packages/airflow/example_dags/plugins/workday.py
[2023-05-26T21:15:48.555+0400] {processor.py:179} INFO - Processing /home/chinnu/.local/lib/python3.10/site-packages/airflow/example_dags/plugins/workday.py took 0.562 seconds
[2023-05-26T21:16:26.609+0400] {processor.py:157} INFO - Started process (PID=16690) to work on /home/chinnu/.local/lib/python3.10/site-packages/airflow/example_dags/plugins/workday.py
[2023-05-26T21:16:26.610+0400] {processor.py:826} INFO - Processing file /home/chinnu/.local/lib/python3.10/site-packages/airflow/example_dags/plugins/workday.py for tasks to queue
[2023-05-26T21:16:26.611+0400] {logging_mixin.py:149} INFO - [2023-05-26T21:16:26.611+0400] {dagbag.py:541} INFO - Filling up the DagBag from /home/chinnu/.local/lib/python3.10/site-packages/airflow/example_dags/plugins/workday.py
[2023-05-26T21:16:27.613+0400] {processor.py:838} WARNING - No viable dags retrieved from /home/chinnu/.local/lib/python3.10/site-packages/airflow/example_dags/plugins/workday.py
[2023-05-26T21:16:27.636+0400] {processor.py:179} INFO - Processing /home/chinnu/.local/lib/python3.10/site-packages/airflow/example_dags/plugins/workday.py took 1.035 seconds
[2023-05-26T21:17:06.486+0400] {processor.py:157} INFO - Started process (PID=16740) to work on /home/chinnu/.local/lib/python3.10/site-packages/airflow/example_dags/plugins/workday.py
[2023-05-26T21:17:06.490+0400] {processor.py:826} INFO - Processing file /home/chinnu/.local/lib/python3.10/site-packages/airflow/example_dags/plugins/workday.py for tasks to queue
[2023-05-26T21:17:06.492+0400] {logging_mixin.py:149} INFO - [2023-05-26T21:17:06.491+0400] {dagbag.py:541} INFO - Filling up the DagBag from /home/chinnu/.local/lib/python3.10/site-packages/airflow/example_dags/plugins/workday.py
[2023-05-26T21:17:07.079+0400] {processor.py:838} WARNING - No viable dags retrieved from /home/chinnu/.local/lib/python3.10/site-packages/airflow/example_dags/plugins/workday.py
[2023-05-26T21:17:07.092+0400] {processor.py:179} INFO - Processing /home/chinnu/.local/lib/python3.10/site-packages/airflow/example_dags/plugins/workday.py took 0.619 seconds
[2023-05-26T21:17:45.424+0400] {processor.py:157} INFO - Started process (PID=16786) to work on /home/chinnu/.local/lib/python3.10/site-packages/airflow/example_dags/plugins/workday.py
[2023-05-26T21:17:45.427+0400] {processor.py:826} INFO - Processing file /home/chinnu/.local/lib/python3.10/site-packages/airflow/example_dags/plugins/workday.py for tasks to queue
[2023-05-26T21:17:45.428+0400] {logging_mixin.py:149} INFO - [2023-05-26T21:17:45.428+0400] {dagbag.py:541} INFO - Filling up the DagBag from /home/chinnu/.local/lib/python3.10/site-packages/airflow/example_dags/plugins/workday.py
[2023-05-26T21:17:46.028+0400] {processor.py:838} WARNING - No viable dags retrieved from /home/chinnu/.local/lib/python3.10/site-packages/airflow/example_dags/plugins/workday.py
[2023-05-26T21:17:46.041+0400] {processor.py:179} INFO - Processing /home/chinnu/.local/lib/python3.10/site-packages/airflow/example_dags/plugins/workday.py took 0.625 seconds
[2023-05-26T21:18:43.771+0400] {processor.py:157} INFO - Started process (PID=16828) to work on /home/chinnu/.local/lib/python3.10/site-packages/airflow/example_dags/plugins/workday.py
[2023-05-26T21:18:43.781+0400] {processor.py:826} INFO - Processing file /home/chinnu/.local/lib/python3.10/site-packages/airflow/example_dags/plugins/workday.py for tasks to queue
[2023-05-26T21:18:43.783+0400] {logging_mixin.py:149} INFO - [2023-05-26T21:18:43.782+0400] {dagbag.py:541} INFO - Filling up the DagBag from /home/chinnu/.local/lib/python3.10/site-packages/airflow/example_dags/plugins/workday.py
[2023-05-26T21:18:44.708+0400] {processor.py:838} WARNING - No viable dags retrieved from /home/chinnu/.local/lib/python3.10/site-packages/airflow/example_dags/plugins/workday.py
[2023-05-26T21:18:44.717+0400] {processor.py:179} INFO - Processing /home/chinnu/.local/lib/python3.10/site-packages/airflow/example_dags/plugins/workday.py took 1.004 seconds
[2023-05-26T21:19:29.040+0400] {processor.py:157} INFO - Started process (PID=16880) to work on /home/chinnu/.local/lib/python3.10/site-packages/airflow/example_dags/plugins/workday.py
[2023-05-26T21:19:29.042+0400] {processor.py:826} INFO - Processing file /home/chinnu/.local/lib/python3.10/site-packages/airflow/example_dags/plugins/workday.py for tasks to queue
[2023-05-26T21:19:29.043+0400] {logging_mixin.py:149} INFO - [2023-05-26T21:19:29.043+0400] {dagbag.py:541} INFO - Filling up the DagBag from /home/chinnu/.local/lib/python3.10/site-packages/airflow/example_dags/plugins/workday.py
[2023-05-26T21:19:30.102+0400] {processor.py:838} WARNING - No viable dags retrieved from /home/chinnu/.local/lib/python3.10/site-packages/airflow/example_dags/plugins/workday.py
[2023-05-26T21:19:30.111+0400] {processor.py:179} INFO - Processing /home/chinnu/.local/lib/python3.10/site-packages/airflow/example_dags/plugins/workday.py took 1.078 seconds
[2023-05-26T21:20:41.751+0400] {processor.py:157} INFO - Started process (PID=16962) to work on /home/chinnu/.local/lib/python3.10/site-packages/airflow/example_dags/plugins/workday.py
[2023-05-26T21:20:41.753+0400] {processor.py:826} INFO - Processing file /home/chinnu/.local/lib/python3.10/site-packages/airflow/example_dags/plugins/workday.py for tasks to queue
[2023-05-26T21:20:41.754+0400] {logging_mixin.py:149} INFO - [2023-05-26T21:20:41.754+0400] {dagbag.py:541} INFO - Filling up the DagBag from /home/chinnu/.local/lib/python3.10/site-packages/airflow/example_dags/plugins/workday.py
[2023-05-26T21:20:42.345+0400] {processor.py:838} WARNING - No viable dags retrieved from /home/chinnu/.local/lib/python3.10/site-packages/airflow/example_dags/plugins/workday.py
[2023-05-26T21:20:42.358+0400] {processor.py:179} INFO - Processing /home/chinnu/.local/lib/python3.10/site-packages/airflow/example_dags/plugins/workday.py took 0.616 seconds
[2023-05-26T21:21:23.020+0400] {processor.py:157} INFO - Started process (PID=17011) to work on /home/chinnu/.local/lib/python3.10/site-packages/airflow/example_dags/plugins/workday.py
[2023-05-26T21:21:23.024+0400] {processor.py:826} INFO - Processing file /home/chinnu/.local/lib/python3.10/site-packages/airflow/example_dags/plugins/workday.py for tasks to queue
[2023-05-26T21:21:23.026+0400] {logging_mixin.py:149} INFO - [2023-05-26T21:21:23.025+0400] {dagbag.py:541} INFO - Filling up the DagBag from /home/chinnu/.local/lib/python3.10/site-packages/airflow/example_dags/plugins/workday.py
[2023-05-26T21:21:23.798+0400] {processor.py:838} WARNING - No viable dags retrieved from /home/chinnu/.local/lib/python3.10/site-packages/airflow/example_dags/plugins/workday.py
[2023-05-26T21:21:23.886+0400] {processor.py:179} INFO - Processing /home/chinnu/.local/lib/python3.10/site-packages/airflow/example_dags/plugins/workday.py took 0.880 seconds
[2023-05-26T21:22:03.269+0400] {processor.py:157} INFO - Started process (PID=17057) to work on /home/chinnu/.local/lib/python3.10/site-packages/airflow/example_dags/plugins/workday.py
[2023-05-26T21:22:03.271+0400] {processor.py:826} INFO - Processing file /home/chinnu/.local/lib/python3.10/site-packages/airflow/example_dags/plugins/workday.py for tasks to queue
[2023-05-26T21:22:03.272+0400] {logging_mixin.py:149} INFO - [2023-05-26T21:22:03.272+0400] {dagbag.py:541} INFO - Filling up the DagBag from /home/chinnu/.local/lib/python3.10/site-packages/airflow/example_dags/plugins/workday.py
[2023-05-26T21:22:03.855+0400] {processor.py:838} WARNING - No viable dags retrieved from /home/chinnu/.local/lib/python3.10/site-packages/airflow/example_dags/plugins/workday.py
[2023-05-26T21:22:03.869+0400] {processor.py:179} INFO - Processing /home/chinnu/.local/lib/python3.10/site-packages/airflow/example_dags/plugins/workday.py took 0.608 seconds
[2023-05-26T21:22:41.233+0400] {processor.py:157} INFO - Started process (PID=17103) to work on /home/chinnu/.local/lib/python3.10/site-packages/airflow/example_dags/plugins/workday.py
[2023-05-26T21:22:41.235+0400] {processor.py:826} INFO - Processing file /home/chinnu/.local/lib/python3.10/site-packages/airflow/example_dags/plugins/workday.py for tasks to queue
[2023-05-26T21:22:41.236+0400] {logging_mixin.py:149} INFO - [2023-05-26T21:22:41.236+0400] {dagbag.py:541} INFO - Filling up the DagBag from /home/chinnu/.local/lib/python3.10/site-packages/airflow/example_dags/plugins/workday.py
[2023-05-26T21:22:41.766+0400] {processor.py:838} WARNING - No viable dags retrieved from /home/chinnu/.local/lib/python3.10/site-packages/airflow/example_dags/plugins/workday.py
[2023-05-26T21:22:41.779+0400] {processor.py:179} INFO - Processing /home/chinnu/.local/lib/python3.10/site-packages/airflow/example_dags/plugins/workday.py took 0.557 seconds
[2023-05-26T21:23:18.621+0400] {processor.py:157} INFO - Started process (PID=17148) to work on /home/chinnu/.local/lib/python3.10/site-packages/airflow/example_dags/plugins/workday.py
[2023-05-26T21:23:18.653+0400] {processor.py:826} INFO - Processing file /home/chinnu/.local/lib/python3.10/site-packages/airflow/example_dags/plugins/workday.py for tasks to queue
[2023-05-26T21:23:18.658+0400] {logging_mixin.py:149} INFO - [2023-05-26T21:23:18.657+0400] {dagbag.py:541} INFO - Filling up the DagBag from /home/chinnu/.local/lib/python3.10/site-packages/airflow/example_dags/plugins/workday.py
[2023-05-26T21:23:19.706+0400] {processor.py:838} WARNING - No viable dags retrieved from /home/chinnu/.local/lib/python3.10/site-packages/airflow/example_dags/plugins/workday.py
[2023-05-26T21:23:19.732+0400] {processor.py:179} INFO - Processing /home/chinnu/.local/lib/python3.10/site-packages/airflow/example_dags/plugins/workday.py took 1.131 seconds
[2023-05-26T21:23:56.033+0400] {processor.py:157} INFO - Started process (PID=17194) to work on /home/chinnu/.local/lib/python3.10/site-packages/airflow/example_dags/plugins/workday.py
[2023-05-26T21:23:56.035+0400] {processor.py:826} INFO - Processing file /home/chinnu/.local/lib/python3.10/site-packages/airflow/example_dags/plugins/workday.py for tasks to queue
[2023-05-26T21:23:56.036+0400] {logging_mixin.py:149} INFO - [2023-05-26T21:23:56.036+0400] {dagbag.py:541} INFO - Filling up the DagBag from /home/chinnu/.local/lib/python3.10/site-packages/airflow/example_dags/plugins/workday.py
[2023-05-26T21:23:56.575+0400] {processor.py:838} WARNING - No viable dags retrieved from /home/chinnu/.local/lib/python3.10/site-packages/airflow/example_dags/plugins/workday.py
[2023-05-26T21:23:56.593+0400] {processor.py:179} INFO - Processing /home/chinnu/.local/lib/python3.10/site-packages/airflow/example_dags/plugins/workday.py took 0.566 seconds
[2023-05-26T21:24:33.349+0400] {processor.py:157} INFO - Started process (PID=17240) to work on /home/chinnu/.local/lib/python3.10/site-packages/airflow/example_dags/plugins/workday.py
[2023-05-26T21:24:33.355+0400] {processor.py:826} INFO - Processing file /home/chinnu/.local/lib/python3.10/site-packages/airflow/example_dags/plugins/workday.py for tasks to queue
[2023-05-26T21:24:33.357+0400] {logging_mixin.py:149} INFO - [2023-05-26T21:24:33.356+0400] {dagbag.py:541} INFO - Filling up the DagBag from /home/chinnu/.local/lib/python3.10/site-packages/airflow/example_dags/plugins/workday.py
[2023-05-26T21:24:33.960+0400] {processor.py:838} WARNING - No viable dags retrieved from /home/chinnu/.local/lib/python3.10/site-packages/airflow/example_dags/plugins/workday.py
[2023-05-26T21:24:33.975+0400] {processor.py:179} INFO - Processing /home/chinnu/.local/lib/python3.10/site-packages/airflow/example_dags/plugins/workday.py took 0.656 seconds
[2023-05-26T21:25:08.890+0400] {processor.py:157} INFO - Started process (PID=17285) to work on /home/chinnu/.local/lib/python3.10/site-packages/airflow/example_dags/plugins/workday.py
[2023-05-26T21:25:08.893+0400] {processor.py:826} INFO - Processing file /home/chinnu/.local/lib/python3.10/site-packages/airflow/example_dags/plugins/workday.py for tasks to queue
[2023-05-26T21:25:08.895+0400] {logging_mixin.py:149} INFO - [2023-05-26T21:25:08.895+0400] {dagbag.py:541} INFO - Filling up the DagBag from /home/chinnu/.local/lib/python3.10/site-packages/airflow/example_dags/plugins/workday.py
[2023-05-26T21:25:09.834+0400] {processor.py:838} WARNING - No viable dags retrieved from /home/chinnu/.local/lib/python3.10/site-packages/airflow/example_dags/plugins/workday.py
[2023-05-26T21:25:09.849+0400] {processor.py:179} INFO - Processing /home/chinnu/.local/lib/python3.10/site-packages/airflow/example_dags/plugins/workday.py took 0.974 seconds
[2023-05-26T21:47:58.585+0400] {processor.py:157} INFO - Started process (PID=54) to work on /home/chinnu/.local/lib/python3.10/site-packages/airflow/example_dags/plugins/workday.py
[2023-05-26T21:47:58.587+0400] {processor.py:826} INFO - Processing file /home/chinnu/.local/lib/python3.10/site-packages/airflow/example_dags/plugins/workday.py for tasks to queue
[2023-05-26T21:47:58.589+0400] {logging_mixin.py:149} INFO - [2023-05-26T21:47:58.588+0400] {dagbag.py:541} INFO - Filling up the DagBag from /home/chinnu/.local/lib/python3.10/site-packages/airflow/example_dags/plugins/workday.py
[2023-05-26T21:48:05.464+0400] {processor.py:838} WARNING - No viable dags retrieved from /home/chinnu/.local/lib/python3.10/site-packages/airflow/example_dags/plugins/workday.py
[2023-05-26T21:48:05.475+0400] {processor.py:179} INFO - Processing /home/chinnu/.local/lib/python3.10/site-packages/airflow/example_dags/plugins/workday.py took 6.898 seconds
[2023-05-26T21:48:59.291+0400] {processor.py:157} INFO - Started process (PID=112) to work on /home/chinnu/.local/lib/python3.10/site-packages/airflow/example_dags/plugins/workday.py
[2023-05-26T21:48:59.293+0400] {processor.py:826} INFO - Processing file /home/chinnu/.local/lib/python3.10/site-packages/airflow/example_dags/plugins/workday.py for tasks to queue
[2023-05-26T21:48:59.293+0400] {logging_mixin.py:149} INFO - [2023-05-26T21:48:59.293+0400] {dagbag.py:541} INFO - Filling up the DagBag from /home/chinnu/.local/lib/python3.10/site-packages/airflow/example_dags/plugins/workday.py
[2023-05-26T21:49:00.349+0400] {processor.py:838} WARNING - No viable dags retrieved from /home/chinnu/.local/lib/python3.10/site-packages/airflow/example_dags/plugins/workday.py
[2023-05-26T21:49:00.357+0400] {processor.py:179} INFO - Processing /home/chinnu/.local/lib/python3.10/site-packages/airflow/example_dags/plugins/workday.py took 1.072 seconds
[2023-05-26T21:52:02.713+0400] {processor.py:157} INFO - Started process (PID=41) to work on /home/chinnu/.local/lib/python3.10/site-packages/airflow/example_dags/plugins/workday.py
[2023-05-26T21:52:02.715+0400] {processor.py:826} INFO - Processing file /home/chinnu/.local/lib/python3.10/site-packages/airflow/example_dags/plugins/workday.py for tasks to queue
[2023-05-26T21:52:02.716+0400] {logging_mixin.py:149} INFO - [2023-05-26T21:52:02.716+0400] {dagbag.py:541} INFO - Filling up the DagBag from /home/chinnu/.local/lib/python3.10/site-packages/airflow/example_dags/plugins/workday.py
[2023-05-26T21:52:07.901+0400] {processor.py:838} WARNING - No viable dags retrieved from /home/chinnu/.local/lib/python3.10/site-packages/airflow/example_dags/plugins/workday.py
[2023-05-26T21:52:07.915+0400] {processor.py:179} INFO - Processing /home/chinnu/.local/lib/python3.10/site-packages/airflow/example_dags/plugins/workday.py took 5.207 seconds
[2023-05-26T21:53:05.759+0400] {processor.py:157} INFO - Started process (PID=93) to work on /home/chinnu/.local/lib/python3.10/site-packages/airflow/example_dags/plugins/workday.py
[2023-05-26T21:53:05.760+0400] {processor.py:826} INFO - Processing file /home/chinnu/.local/lib/python3.10/site-packages/airflow/example_dags/plugins/workday.py for tasks to queue
[2023-05-26T21:53:05.761+0400] {logging_mixin.py:149} INFO - [2023-05-26T21:53:05.761+0400] {dagbag.py:541} INFO - Filling up the DagBag from /home/chinnu/.local/lib/python3.10/site-packages/airflow/example_dags/plugins/workday.py
[2023-05-26T21:53:06.432+0400] {processor.py:838} WARNING - No viable dags retrieved from /home/chinnu/.local/lib/python3.10/site-packages/airflow/example_dags/plugins/workday.py
[2023-05-26T21:53:06.440+0400] {processor.py:179} INFO - Processing /home/chinnu/.local/lib/python3.10/site-packages/airflow/example_dags/plugins/workday.py took 0.687 seconds
[2023-05-26T21:54:03.237+0400] {processor.py:157} INFO - Started process (PID=165) to work on /home/chinnu/.local/lib/python3.10/site-packages/airflow/example_dags/plugins/workday.py
[2023-05-26T21:54:03.239+0400] {processor.py:826} INFO - Processing file /home/chinnu/.local/lib/python3.10/site-packages/airflow/example_dags/plugins/workday.py for tasks to queue
[2023-05-26T21:54:03.240+0400] {logging_mixin.py:149} INFO - [2023-05-26T21:54:03.240+0400] {dagbag.py:541} INFO - Filling up the DagBag from /home/chinnu/.local/lib/python3.10/site-packages/airflow/example_dags/plugins/workday.py
[2023-05-26T21:54:04.181+0400] {processor.py:838} WARNING - No viable dags retrieved from /home/chinnu/.local/lib/python3.10/site-packages/airflow/example_dags/plugins/workday.py
[2023-05-26T21:54:04.200+0400] {processor.py:179} INFO - Processing /home/chinnu/.local/lib/python3.10/site-packages/airflow/example_dags/plugins/workday.py took 0.973 seconds
[2023-05-26T22:05:48.369+0400] {processor.py:157} INFO - Started process (PID=2493) to work on /home/chinnu/.local/lib/python3.10/site-packages/airflow/example_dags/plugins/workday.py
[2023-05-26T22:05:48.380+0400] {processor.py:826} INFO - Processing file /home/chinnu/.local/lib/python3.10/site-packages/airflow/example_dags/plugins/workday.py for tasks to queue
[2023-05-26T22:05:48.383+0400] {logging_mixin.py:149} INFO - [2023-05-26T22:05:48.383+0400] {dagbag.py:541} INFO - Filling up the DagBag from /home/chinnu/.local/lib/python3.10/site-packages/airflow/example_dags/plugins/workday.py
[2023-05-26T22:05:50.043+0400] {processor.py:838} WARNING - No viable dags retrieved from /home/chinnu/.local/lib/python3.10/site-packages/airflow/example_dags/plugins/workday.py
[2023-05-26T22:05:50.054+0400] {processor.py:179} INFO - Processing /home/chinnu/.local/lib/python3.10/site-packages/airflow/example_dags/plugins/workday.py took 1.726 seconds
[2023-05-26T22:06:57.382+0400] {processor.py:157} INFO - Started process (PID=2562) to work on /home/chinnu/.local/lib/python3.10/site-packages/airflow/example_dags/plugins/workday.py
[2023-05-26T22:06:57.389+0400] {processor.py:826} INFO - Processing file /home/chinnu/.local/lib/python3.10/site-packages/airflow/example_dags/plugins/workday.py for tasks to queue
[2023-05-26T22:06:57.391+0400] {logging_mixin.py:149} INFO - [2023-05-26T22:06:57.391+0400] {dagbag.py:541} INFO - Filling up the DagBag from /home/chinnu/.local/lib/python3.10/site-packages/airflow/example_dags/plugins/workday.py
[2023-05-26T22:06:59.405+0400] {processor.py:838} WARNING - No viable dags retrieved from /home/chinnu/.local/lib/python3.10/site-packages/airflow/example_dags/plugins/workday.py
[2023-05-26T22:06:59.438+0400] {processor.py:179} INFO - Processing /home/chinnu/.local/lib/python3.10/site-packages/airflow/example_dags/plugins/workday.py took 2.083 seconds
[2023-05-26T22:07:47.383+0400] {processor.py:157} INFO - Started process (PID=2594) to work on /home/chinnu/.local/lib/python3.10/site-packages/airflow/example_dags/plugins/workday.py
[2023-05-26T22:07:47.385+0400] {processor.py:826} INFO - Processing file /home/chinnu/.local/lib/python3.10/site-packages/airflow/example_dags/plugins/workday.py for tasks to queue
[2023-05-26T22:07:47.386+0400] {logging_mixin.py:149} INFO - [2023-05-26T22:07:47.385+0400] {dagbag.py:541} INFO - Filling up the DagBag from /home/chinnu/.local/lib/python3.10/site-packages/airflow/example_dags/plugins/workday.py
[2023-05-26T22:07:48.363+0400] {processor.py:838} WARNING - No viable dags retrieved from /home/chinnu/.local/lib/python3.10/site-packages/airflow/example_dags/plugins/workday.py
[2023-05-26T22:07:48.387+0400] {processor.py:179} INFO - Processing /home/chinnu/.local/lib/python3.10/site-packages/airflow/example_dags/plugins/workday.py took 1.011 seconds
[2023-05-26T22:08:37.848+0400] {processor.py:157} INFO - Started process (PID=2629) to work on /home/chinnu/.local/lib/python3.10/site-packages/airflow/example_dags/plugins/workday.py
[2023-05-26T22:08:37.850+0400] {processor.py:826} INFO - Processing file /home/chinnu/.local/lib/python3.10/site-packages/airflow/example_dags/plugins/workday.py for tasks to queue
[2023-05-26T22:08:37.852+0400] {logging_mixin.py:149} INFO - [2023-05-26T22:08:37.852+0400] {dagbag.py:541} INFO - Filling up the DagBag from /home/chinnu/.local/lib/python3.10/site-packages/airflow/example_dags/plugins/workday.py
[2023-05-26T22:08:38.712+0400] {processor.py:838} WARNING - No viable dags retrieved from /home/chinnu/.local/lib/python3.10/site-packages/airflow/example_dags/plugins/workday.py
[2023-05-26T22:08:38.731+0400] {processor.py:179} INFO - Processing /home/chinnu/.local/lib/python3.10/site-packages/airflow/example_dags/plugins/workday.py took 0.894 seconds
