[2023-05-26T19:38:58.143+0400] {processor.py:157} INFO - Started process (PID=225) to work on /home/chinnu/.local/lib/python3.10/site-packages/airflow/example_dags/example_nested_branch_dag.py
[2023-05-26T19:38:58.146+0400] {processor.py:826} INFO - Processing file /home/chinnu/.local/lib/python3.10/site-packages/airflow/example_dags/example_nested_branch_dag.py for tasks to queue
[2023-05-26T19:38:58.148+0400] {logging_mixin.py:149} INFO - [2023-05-26T19:38:58.148+0400] {dagbag.py:541} INFO - Filling up the DagBag from /home/chinnu/.local/lib/python3.10/site-packages/airflow/example_dags/example_nested_branch_dag.py
[2023-05-26T19:38:58.172+0400] {processor.py:836} INFO - DAG(s) dict_keys(['example_nested_branch_dag']) retrieved from /home/chinnu/.local/lib/python3.10/site-packages/airflow/example_dags/example_nested_branch_dag.py
[2023-05-26T19:38:58.211+0400] {logging_mixin.py:149} INFO - [2023-05-26T19:38:58.210+0400] {dag.py:2726} INFO - Sync 1 DAGs
[2023-05-26T19:38:58.233+0400] {logging_mixin.py:149} INFO - [2023-05-26T19:38:58.233+0400] {dag.py:3486} INFO - Setting next_dagrun for example_nested_branch_dag to 2023-05-25T00:00:00+00:00, run_after=2023-05-26T00:00:00+00:00
[2023-05-26T19:38:58.260+0400] {processor.py:179} INFO - Processing /home/chinnu/.local/lib/python3.10/site-packages/airflow/example_dags/example_nested_branch_dag.py took 0.127 seconds
[2023-05-26T19:39:52.944+0400] {processor.py:157} INFO - Started process (PID=275) to work on /home/chinnu/.local/lib/python3.10/site-packages/airflow/example_dags/example_nested_branch_dag.py
[2023-05-26T19:39:52.947+0400] {processor.py:826} INFO - Processing file /home/chinnu/.local/lib/python3.10/site-packages/airflow/example_dags/example_nested_branch_dag.py for tasks to queue
[2023-05-26T19:39:52.948+0400] {logging_mixin.py:149} INFO - [2023-05-26T19:39:52.948+0400] {dagbag.py:541} INFO - Filling up the DagBag from /home/chinnu/.local/lib/python3.10/site-packages/airflow/example_dags/example_nested_branch_dag.py
[2023-05-26T19:39:52.968+0400] {processor.py:836} INFO - DAG(s) dict_keys(['example_nested_branch_dag']) retrieved from /home/chinnu/.local/lib/python3.10/site-packages/airflow/example_dags/example_nested_branch_dag.py
[2023-05-26T19:39:53.001+0400] {logging_mixin.py:149} INFO - [2023-05-26T19:39:53.001+0400] {dag.py:2726} INFO - Sync 1 DAGs
[2023-05-26T19:39:53.023+0400] {logging_mixin.py:149} INFO - [2023-05-26T19:39:53.023+0400] {dag.py:3486} INFO - Setting next_dagrun for example_nested_branch_dag to 2023-05-25T00:00:00+00:00, run_after=2023-05-26T00:00:00+00:00
[2023-05-26T19:39:53.055+0400] {processor.py:179} INFO - Processing /home/chinnu/.local/lib/python3.10/site-packages/airflow/example_dags/example_nested_branch_dag.py took 0.117 seconds
[2023-05-26T19:40:47.535+0400] {processor.py:157} INFO - Started process (PID=838) to work on /home/chinnu/.local/lib/python3.10/site-packages/airflow/example_dags/example_nested_branch_dag.py
[2023-05-26T19:40:47.538+0400] {processor.py:826} INFO - Processing file /home/chinnu/.local/lib/python3.10/site-packages/airflow/example_dags/example_nested_branch_dag.py for tasks to queue
[2023-05-26T19:40:47.539+0400] {logging_mixin.py:149} INFO - [2023-05-26T19:40:47.539+0400] {dagbag.py:541} INFO - Filling up the DagBag from /home/chinnu/.local/lib/python3.10/site-packages/airflow/example_dags/example_nested_branch_dag.py
[2023-05-26T19:40:47.562+0400] {processor.py:836} INFO - DAG(s) dict_keys(['example_nested_branch_dag']) retrieved from /home/chinnu/.local/lib/python3.10/site-packages/airflow/example_dags/example_nested_branch_dag.py
[2023-05-26T19:40:47.637+0400] {logging_mixin.py:149} INFO - [2023-05-26T19:40:47.637+0400] {dag.py:2726} INFO - Sync 1 DAGs
[2023-05-26T19:40:47.682+0400] {logging_mixin.py:149} INFO - [2023-05-26T19:40:47.682+0400] {dag.py:3486} INFO - Setting next_dagrun for example_nested_branch_dag to 2023-05-25T00:00:00+00:00, run_after=2023-05-26T00:00:00+00:00
[2023-05-26T19:40:47.717+0400] {processor.py:179} INFO - Processing /home/chinnu/.local/lib/python3.10/site-packages/airflow/example_dags/example_nested_branch_dag.py took 0.192 seconds
[2023-05-26T19:42:21.970+0400] {processor.py:157} INFO - Started process (PID=1440) to work on /home/chinnu/.local/lib/python3.10/site-packages/airflow/example_dags/example_nested_branch_dag.py
[2023-05-26T19:42:21.977+0400] {processor.py:826} INFO - Processing file /home/chinnu/.local/lib/python3.10/site-packages/airflow/example_dags/example_nested_branch_dag.py for tasks to queue
[2023-05-26T19:42:21.980+0400] {logging_mixin.py:149} INFO - [2023-05-26T19:42:21.979+0400] {dagbag.py:541} INFO - Filling up the DagBag from /home/chinnu/.local/lib/python3.10/site-packages/airflow/example_dags/example_nested_branch_dag.py
[2023-05-26T19:42:22.026+0400] {processor.py:836} INFO - DAG(s) dict_keys(['example_nested_branch_dag']) retrieved from /home/chinnu/.local/lib/python3.10/site-packages/airflow/example_dags/example_nested_branch_dag.py
[2023-05-26T19:42:22.205+0400] {logging_mixin.py:149} INFO - [2023-05-26T19:42:22.205+0400] {dag.py:2726} INFO - Sync 1 DAGs
[2023-05-26T19:42:22.268+0400] {logging_mixin.py:149} INFO - [2023-05-26T19:42:22.268+0400] {dag.py:3486} INFO - Setting next_dagrun for example_nested_branch_dag to 2023-05-25T00:00:00+00:00, run_after=2023-05-26T00:00:00+00:00
[2023-05-26T19:42:22.321+0400] {processor.py:179} INFO - Processing /home/chinnu/.local/lib/python3.10/site-packages/airflow/example_dags/example_nested_branch_dag.py took 0.364 seconds
[2023-05-26T19:43:36.608+0400] {processor.py:157} INFO - Started process (PID=1500) to work on /home/chinnu/.local/lib/python3.10/site-packages/airflow/example_dags/example_nested_branch_dag.py
[2023-05-26T19:43:36.613+0400] {processor.py:826} INFO - Processing file /home/chinnu/.local/lib/python3.10/site-packages/airflow/example_dags/example_nested_branch_dag.py for tasks to queue
[2023-05-26T19:43:36.618+0400] {logging_mixin.py:149} INFO - [2023-05-26T19:43:36.618+0400] {dagbag.py:541} INFO - Filling up the DagBag from /home/chinnu/.local/lib/python3.10/site-packages/airflow/example_dags/example_nested_branch_dag.py
[2023-05-26T19:43:37.198+0400] {processor.py:836} INFO - DAG(s) dict_keys(['example_nested_branch_dag']) retrieved from /home/chinnu/.local/lib/python3.10/site-packages/airflow/example_dags/example_nested_branch_dag.py
[2023-05-26T19:43:37.287+0400] {logging_mixin.py:149} INFO - [2023-05-26T19:43:37.287+0400] {dag.py:2726} INFO - Sync 1 DAGs
[2023-05-26T19:43:37.371+0400] {logging_mixin.py:149} INFO - [2023-05-26T19:43:37.371+0400] {dag.py:3486} INFO - Setting next_dagrun for example_nested_branch_dag to 2023-05-25T00:00:00+00:00, run_after=2023-05-26T00:00:00+00:00
[2023-05-26T19:43:37.473+0400] {processor.py:179} INFO - Processing /home/chinnu/.local/lib/python3.10/site-packages/airflow/example_dags/example_nested_branch_dag.py took 0.888 seconds
[2023-05-26T19:44:43.986+0400] {processor.py:157} INFO - Started process (PID=1557) to work on /home/chinnu/.local/lib/python3.10/site-packages/airflow/example_dags/example_nested_branch_dag.py
[2023-05-26T19:44:43.993+0400] {processor.py:826} INFO - Processing file /home/chinnu/.local/lib/python3.10/site-packages/airflow/example_dags/example_nested_branch_dag.py for tasks to queue
[2023-05-26T19:44:43.997+0400] {logging_mixin.py:149} INFO - [2023-05-26T19:44:43.996+0400] {dagbag.py:541} INFO - Filling up the DagBag from /home/chinnu/.local/lib/python3.10/site-packages/airflow/example_dags/example_nested_branch_dag.py
[2023-05-26T19:44:44.065+0400] {processor.py:836} INFO - DAG(s) dict_keys(['example_nested_branch_dag']) retrieved from /home/chinnu/.local/lib/python3.10/site-packages/airflow/example_dags/example_nested_branch_dag.py
[2023-05-26T19:44:44.201+0400] {logging_mixin.py:149} INFO - [2023-05-26T19:44:44.201+0400] {dag.py:2726} INFO - Sync 1 DAGs
[2023-05-26T19:44:44.279+0400] {logging_mixin.py:149} INFO - [2023-05-26T19:44:44.279+0400] {dag.py:3486} INFO - Setting next_dagrun for example_nested_branch_dag to 2023-05-25T00:00:00+00:00, run_after=2023-05-26T00:00:00+00:00
[2023-05-26T19:44:44.343+0400] {processor.py:179} INFO - Processing /home/chinnu/.local/lib/python3.10/site-packages/airflow/example_dags/example_nested_branch_dag.py took 0.380 seconds
[2023-05-26T19:45:46.162+0400] {processor.py:157} INFO - Started process (PID=1609) to work on /home/chinnu/.local/lib/python3.10/site-packages/airflow/example_dags/example_nested_branch_dag.py
[2023-05-26T19:45:46.167+0400] {processor.py:826} INFO - Processing file /home/chinnu/.local/lib/python3.10/site-packages/airflow/example_dags/example_nested_branch_dag.py for tasks to queue
[2023-05-26T19:45:46.171+0400] {logging_mixin.py:149} INFO - [2023-05-26T19:45:46.170+0400] {dagbag.py:541} INFO - Filling up the DagBag from /home/chinnu/.local/lib/python3.10/site-packages/airflow/example_dags/example_nested_branch_dag.py
[2023-05-26T19:45:46.223+0400] {processor.py:836} INFO - DAG(s) dict_keys(['example_nested_branch_dag']) retrieved from /home/chinnu/.local/lib/python3.10/site-packages/airflow/example_dags/example_nested_branch_dag.py
[2023-05-26T19:45:46.274+0400] {logging_mixin.py:149} INFO - [2023-05-26T19:45:46.274+0400] {dag.py:2726} INFO - Sync 1 DAGs
[2023-05-26T19:45:46.300+0400] {logging_mixin.py:149} INFO - [2023-05-26T19:45:46.300+0400] {dag.py:3486} INFO - Setting next_dagrun for example_nested_branch_dag to 2023-05-25T00:00:00+00:00, run_after=2023-05-26T00:00:00+00:00
[2023-05-26T19:45:46.330+0400] {processor.py:179} INFO - Processing /home/chinnu/.local/lib/python3.10/site-packages/airflow/example_dags/example_nested_branch_dag.py took 0.190 seconds
[2023-05-26T19:48:24.193+0400] {processor.py:157} INFO - Started process (PID=1705) to work on /home/chinnu/.local/lib/python3.10/site-packages/airflow/example_dags/example_nested_branch_dag.py
[2023-05-26T19:48:24.195+0400] {processor.py:826} INFO - Processing file /home/chinnu/.local/lib/python3.10/site-packages/airflow/example_dags/example_nested_branch_dag.py for tasks to queue
[2023-05-26T19:48:24.196+0400] {logging_mixin.py:149} INFO - [2023-05-26T19:48:24.196+0400] {dagbag.py:541} INFO - Filling up the DagBag from /home/chinnu/.local/lib/python3.10/site-packages/airflow/example_dags/example_nested_branch_dag.py
[2023-05-26T19:48:24.214+0400] {processor.py:836} INFO - DAG(s) dict_keys(['example_nested_branch_dag']) retrieved from /home/chinnu/.local/lib/python3.10/site-packages/airflow/example_dags/example_nested_branch_dag.py
[2023-05-26T19:48:24.258+0400] {logging_mixin.py:149} INFO - [2023-05-26T19:48:24.258+0400] {dag.py:2726} INFO - Sync 1 DAGs
[2023-05-26T19:48:24.282+0400] {logging_mixin.py:149} INFO - [2023-05-26T19:48:24.282+0400] {dag.py:3486} INFO - Setting next_dagrun for example_nested_branch_dag to 2023-05-25T00:00:00+00:00, run_after=2023-05-26T00:00:00+00:00
[2023-05-26T19:48:24.320+0400] {processor.py:179} INFO - Processing /home/chinnu/.local/lib/python3.10/site-packages/airflow/example_dags/example_nested_branch_dag.py took 0.134 seconds
[2023-05-26T21:05:47.651+0400] {processor.py:157} INFO - Started process (PID=88) to work on /home/chinnu/.local/lib/python3.10/site-packages/airflow/example_dags/example_nested_branch_dag.py
[2023-05-26T21:05:47.661+0400] {processor.py:826} INFO - Processing file /home/chinnu/.local/lib/python3.10/site-packages/airflow/example_dags/example_nested_branch_dag.py for tasks to queue
[2023-05-26T21:05:47.664+0400] {logging_mixin.py:149} INFO - [2023-05-26T21:05:47.664+0400] {dagbag.py:541} INFO - Filling up the DagBag from /home/chinnu/.local/lib/python3.10/site-packages/airflow/example_dags/example_nested_branch_dag.py
[2023-05-26T21:05:47.705+0400] {processor.py:836} INFO - DAG(s) dict_keys(['example_nested_branch_dag']) retrieved from /home/chinnu/.local/lib/python3.10/site-packages/airflow/example_dags/example_nested_branch_dag.py
[2023-05-26T21:05:47.757+0400] {logging_mixin.py:149} INFO - [2023-05-26T21:05:47.757+0400] {dag.py:2726} INFO - Sync 1 DAGs
[2023-05-26T21:05:47.781+0400] {logging_mixin.py:149} INFO - [2023-05-26T21:05:47.781+0400] {dag.py:3486} INFO - Setting next_dagrun for example_nested_branch_dag to 2023-05-25T00:00:00+00:00, run_after=2023-05-26T00:00:00+00:00
[2023-05-26T21:05:47.814+0400] {processor.py:179} INFO - Processing /home/chinnu/.local/lib/python3.10/site-packages/airflow/example_dags/example_nested_branch_dag.py took 0.176 seconds
[2023-05-26T21:06:57.308+0400] {processor.py:157} INFO - Started process (PID=171) to work on /home/chinnu/.local/lib/python3.10/site-packages/airflow/example_dags/example_nested_branch_dag.py
[2023-05-26T21:06:57.311+0400] {processor.py:826} INFO - Processing file /home/chinnu/.local/lib/python3.10/site-packages/airflow/example_dags/example_nested_branch_dag.py for tasks to queue
[2023-05-26T21:06:57.313+0400] {logging_mixin.py:149} INFO - [2023-05-26T21:06:57.313+0400] {dagbag.py:541} INFO - Filling up the DagBag from /home/chinnu/.local/lib/python3.10/site-packages/airflow/example_dags/example_nested_branch_dag.py
[2023-05-26T21:06:57.350+0400] {processor.py:836} INFO - DAG(s) dict_keys(['example_nested_branch_dag']) retrieved from /home/chinnu/.local/lib/python3.10/site-packages/airflow/example_dags/example_nested_branch_dag.py
[2023-05-26T21:06:57.579+0400] {logging_mixin.py:149} INFO - [2023-05-26T21:06:57.579+0400] {dag.py:2726} INFO - Sync 1 DAGs
[2023-05-26T21:06:57.599+0400] {logging_mixin.py:149} INFO - [2023-05-26T21:06:57.599+0400] {dag.py:3486} INFO - Setting next_dagrun for example_nested_branch_dag to 2023-05-25T00:00:00+00:00, run_after=2023-05-26T00:00:00+00:00
[2023-05-26T21:06:57.641+0400] {processor.py:179} INFO - Processing /home/chinnu/.local/lib/python3.10/site-packages/airflow/example_dags/example_nested_branch_dag.py took 0.348 seconds
[2023-05-26T21:10:52.577+0400] {processor.py:157} INFO - Started process (PID=1927) to work on /home/chinnu/.local/lib/python3.10/site-packages/airflow/example_dags/example_nested_branch_dag.py
[2023-05-26T21:10:52.579+0400] {processor.py:826} INFO - Processing file /home/chinnu/.local/lib/python3.10/site-packages/airflow/example_dags/example_nested_branch_dag.py for tasks to queue
[2023-05-26T21:10:52.580+0400] {logging_mixin.py:149} INFO - [2023-05-26T21:10:52.580+0400] {dagbag.py:541} INFO - Filling up the DagBag from /home/chinnu/.local/lib/python3.10/site-packages/airflow/example_dags/example_nested_branch_dag.py
[2023-05-26T21:10:52.600+0400] {processor.py:836} INFO - DAG(s) dict_keys(['example_nested_branch_dag']) retrieved from /home/chinnu/.local/lib/python3.10/site-packages/airflow/example_dags/example_nested_branch_dag.py
[2023-05-26T21:10:52.653+0400] {logging_mixin.py:149} INFO - [2023-05-26T21:10:52.653+0400] {dag.py:2726} INFO - Sync 1 DAGs
[2023-05-26T21:10:52.687+0400] {logging_mixin.py:149} INFO - [2023-05-26T21:10:52.687+0400] {dag.py:3486} INFO - Setting next_dagrun for example_nested_branch_dag to 2023-05-25T00:00:00+00:00, run_after=2023-05-26T00:00:00+00:00
[2023-05-26T21:10:52.727+0400] {processor.py:179} INFO - Processing /home/chinnu/.local/lib/python3.10/site-packages/airflow/example_dags/example_nested_branch_dag.py took 0.161 seconds
[2023-05-26T21:12:50.015+0400] {processor.py:157} INFO - Started process (PID=2036) to work on /home/chinnu/.local/lib/python3.10/site-packages/airflow/example_dags/example_nested_branch_dag.py
[2023-05-26T21:12:50.018+0400] {processor.py:826} INFO - Processing file /home/chinnu/.local/lib/python3.10/site-packages/airflow/example_dags/example_nested_branch_dag.py for tasks to queue
[2023-05-26T21:12:50.019+0400] {logging_mixin.py:149} INFO - [2023-05-26T21:12:50.019+0400] {dagbag.py:541} INFO - Filling up the DagBag from /home/chinnu/.local/lib/python3.10/site-packages/airflow/example_dags/example_nested_branch_dag.py
[2023-05-26T21:12:50.041+0400] {processor.py:836} INFO - DAG(s) dict_keys(['example_nested_branch_dag']) retrieved from /home/chinnu/.local/lib/python3.10/site-packages/airflow/example_dags/example_nested_branch_dag.py
[2023-05-26T21:12:50.076+0400] {logging_mixin.py:149} INFO - [2023-05-26T21:12:50.076+0400] {dag.py:2726} INFO - Sync 1 DAGs
[2023-05-26T21:12:50.103+0400] {logging_mixin.py:149} INFO - [2023-05-26T21:12:50.103+0400] {dag.py:3486} INFO - Setting next_dagrun for example_nested_branch_dag to 2023-05-25T00:00:00+00:00, run_after=2023-05-26T00:00:00+00:00
[2023-05-26T21:12:50.141+0400] {processor.py:179} INFO - Processing /home/chinnu/.local/lib/python3.10/site-packages/airflow/example_dags/example_nested_branch_dag.py took 0.135 seconds
[2023-05-26T21:13:34.297+0400] {processor.py:157} INFO - Started process (PID=2086) to work on /home/chinnu/.local/lib/python3.10/site-packages/airflow/example_dags/example_nested_branch_dag.py
[2023-05-26T21:13:34.299+0400] {processor.py:826} INFO - Processing file /home/chinnu/.local/lib/python3.10/site-packages/airflow/example_dags/example_nested_branch_dag.py for tasks to queue
[2023-05-26T21:13:34.300+0400] {logging_mixin.py:149} INFO - [2023-05-26T21:13:34.300+0400] {dagbag.py:541} INFO - Filling up the DagBag from /home/chinnu/.local/lib/python3.10/site-packages/airflow/example_dags/example_nested_branch_dag.py
[2023-05-26T21:13:34.322+0400] {processor.py:836} INFO - DAG(s) dict_keys(['example_nested_branch_dag']) retrieved from /home/chinnu/.local/lib/python3.10/site-packages/airflow/example_dags/example_nested_branch_dag.py
[2023-05-26T21:13:34.386+0400] {logging_mixin.py:149} INFO - [2023-05-26T21:13:34.386+0400] {dag.py:2726} INFO - Sync 1 DAGs
[2023-05-26T21:13:34.450+0400] {logging_mixin.py:149} INFO - [2023-05-26T21:13:34.450+0400] {dag.py:3486} INFO - Setting next_dagrun for example_nested_branch_dag to 2023-05-25T00:00:00+00:00, run_after=2023-05-26T00:00:00+00:00
[2023-05-26T21:13:34.516+0400] {processor.py:179} INFO - Processing /home/chinnu/.local/lib/python3.10/site-packages/airflow/example_dags/example_nested_branch_dag.py took 0.230 seconds
[2023-05-26T21:14:19.542+0400] {processor.py:157} INFO - Started process (PID=2139) to work on /home/chinnu/.local/lib/python3.10/site-packages/airflow/example_dags/example_nested_branch_dag.py
[2023-05-26T21:14:19.546+0400] {processor.py:826} INFO - Processing file /home/chinnu/.local/lib/python3.10/site-packages/airflow/example_dags/example_nested_branch_dag.py for tasks to queue
[2023-05-26T21:14:19.548+0400] {logging_mixin.py:149} INFO - [2023-05-26T21:14:19.547+0400] {dagbag.py:541} INFO - Filling up the DagBag from /home/chinnu/.local/lib/python3.10/site-packages/airflow/example_dags/example_nested_branch_dag.py
[2023-05-26T21:14:19.575+0400] {processor.py:836} INFO - DAG(s) dict_keys(['example_nested_branch_dag']) retrieved from /home/chinnu/.local/lib/python3.10/site-packages/airflow/example_dags/example_nested_branch_dag.py
[2023-05-26T21:14:19.613+0400] {logging_mixin.py:149} INFO - [2023-05-26T21:14:19.613+0400] {dag.py:2726} INFO - Sync 1 DAGs
[2023-05-26T21:14:19.639+0400] {logging_mixin.py:149} INFO - [2023-05-26T21:14:19.639+0400] {dag.py:3486} INFO - Setting next_dagrun for example_nested_branch_dag to 2023-05-25T00:00:00+00:00, run_after=2023-05-26T00:00:00+00:00
[2023-05-26T21:14:19.675+0400] {processor.py:179} INFO - Processing /home/chinnu/.local/lib/python3.10/site-packages/airflow/example_dags/example_nested_branch_dag.py took 0.146 seconds
[2023-05-26T21:15:02.978+0400] {processor.py:157} INFO - Started process (PID=2201) to work on /home/chinnu/.local/lib/python3.10/site-packages/airflow/example_dags/example_nested_branch_dag.py
[2023-05-26T21:15:02.981+0400] {processor.py:826} INFO - Processing file /home/chinnu/.local/lib/python3.10/site-packages/airflow/example_dags/example_nested_branch_dag.py for tasks to queue
[2023-05-26T21:15:02.983+0400] {logging_mixin.py:149} INFO - [2023-05-26T21:15:02.983+0400] {dagbag.py:541} INFO - Filling up the DagBag from /home/chinnu/.local/lib/python3.10/site-packages/airflow/example_dags/example_nested_branch_dag.py
[2023-05-26T21:15:03.013+0400] {processor.py:836} INFO - DAG(s) dict_keys(['example_nested_branch_dag']) retrieved from /home/chinnu/.local/lib/python3.10/site-packages/airflow/example_dags/example_nested_branch_dag.py
[2023-05-26T21:15:03.063+0400] {logging_mixin.py:149} INFO - [2023-05-26T21:15:03.063+0400] {dag.py:2726} INFO - Sync 1 DAGs
[2023-05-26T21:15:03.105+0400] {logging_mixin.py:149} INFO - [2023-05-26T21:15:03.104+0400] {dag.py:3486} INFO - Setting next_dagrun for example_nested_branch_dag to 2023-05-25T00:00:00+00:00, run_after=2023-05-26T00:00:00+00:00
[2023-05-26T21:15:03.143+0400] {processor.py:179} INFO - Processing /home/chinnu/.local/lib/python3.10/site-packages/airflow/example_dags/example_nested_branch_dag.py took 0.184 seconds
[2023-05-26T21:15:43.999+0400] {processor.py:157} INFO - Started process (PID=9443) to work on /home/chinnu/.local/lib/python3.10/site-packages/airflow/example_dags/example_nested_branch_dag.py
[2023-05-26T21:15:44.002+0400] {processor.py:826} INFO - Processing file /home/chinnu/.local/lib/python3.10/site-packages/airflow/example_dags/example_nested_branch_dag.py for tasks to queue
[2023-05-26T21:15:44.006+0400] {logging_mixin.py:149} INFO - [2023-05-26T21:15:44.006+0400] {dagbag.py:541} INFO - Filling up the DagBag from /home/chinnu/.local/lib/python3.10/site-packages/airflow/example_dags/example_nested_branch_dag.py
[2023-05-26T21:15:44.031+0400] {processor.py:836} INFO - DAG(s) dict_keys(['example_nested_branch_dag']) retrieved from /home/chinnu/.local/lib/python3.10/site-packages/airflow/example_dags/example_nested_branch_dag.py
[2023-05-26T21:15:44.082+0400] {logging_mixin.py:149} INFO - [2023-05-26T21:15:44.082+0400] {dag.py:2726} INFO - Sync 1 DAGs
[2023-05-26T21:15:44.121+0400] {logging_mixin.py:149} INFO - [2023-05-26T21:15:44.121+0400] {dag.py:3486} INFO - Setting next_dagrun for example_nested_branch_dag to 2023-05-25T00:00:00+00:00, run_after=2023-05-26T00:00:00+00:00
[2023-05-26T21:15:44.162+0400] {processor.py:179} INFO - Processing /home/chinnu/.local/lib/python3.10/site-packages/airflow/example_dags/example_nested_branch_dag.py took 0.174 seconds
[2023-05-26T21:16:33.305+0400] {processor.py:157} INFO - Started process (PID=16701) to work on /home/chinnu/.local/lib/python3.10/site-packages/airflow/example_dags/example_nested_branch_dag.py
[2023-05-26T21:16:33.307+0400] {processor.py:826} INFO - Processing file /home/chinnu/.local/lib/python3.10/site-packages/airflow/example_dags/example_nested_branch_dag.py for tasks to queue
[2023-05-26T21:16:33.309+0400] {logging_mixin.py:149} INFO - [2023-05-26T21:16:33.308+0400] {dagbag.py:541} INFO - Filling up the DagBag from /home/chinnu/.local/lib/python3.10/site-packages/airflow/example_dags/example_nested_branch_dag.py
[2023-05-26T21:16:33.331+0400] {processor.py:836} INFO - DAG(s) dict_keys(['example_nested_branch_dag']) retrieved from /home/chinnu/.local/lib/python3.10/site-packages/airflow/example_dags/example_nested_branch_dag.py
[2023-05-26T21:16:33.417+0400] {logging_mixin.py:149} INFO - [2023-05-26T21:16:33.417+0400] {dag.py:2726} INFO - Sync 1 DAGs
[2023-05-26T21:16:33.514+0400] {logging_mixin.py:149} INFO - [2023-05-26T21:16:33.513+0400] {dag.py:3486} INFO - Setting next_dagrun for example_nested_branch_dag to 2023-05-25T00:00:00+00:00, run_after=2023-05-26T00:00:00+00:00
[2023-05-26T21:16:33.587+0400] {processor.py:179} INFO - Processing /home/chinnu/.local/lib/python3.10/site-packages/airflow/example_dags/example_nested_branch_dag.py took 0.289 seconds
[2023-05-26T21:17:32.621+0400] {processor.py:157} INFO - Started process (PID=16772) to work on /home/chinnu/.local/lib/python3.10/site-packages/airflow/example_dags/example_nested_branch_dag.py
[2023-05-26T21:17:32.623+0400] {processor.py:826} INFO - Processing file /home/chinnu/.local/lib/python3.10/site-packages/airflow/example_dags/example_nested_branch_dag.py for tasks to queue
[2023-05-26T21:17:32.624+0400] {logging_mixin.py:149} INFO - [2023-05-26T21:17:32.624+0400] {dagbag.py:541} INFO - Filling up the DagBag from /home/chinnu/.local/lib/python3.10/site-packages/airflow/example_dags/example_nested_branch_dag.py
[2023-05-26T21:17:32.639+0400] {processor.py:836} INFO - DAG(s) dict_keys(['example_nested_branch_dag']) retrieved from /home/chinnu/.local/lib/python3.10/site-packages/airflow/example_dags/example_nested_branch_dag.py
[2023-05-26T21:17:32.672+0400] {logging_mixin.py:149} INFO - [2023-05-26T21:17:32.672+0400] {dag.py:2726} INFO - Sync 1 DAGs
[2023-05-26T21:17:32.697+0400] {logging_mixin.py:149} INFO - [2023-05-26T21:17:32.697+0400] {dag.py:3486} INFO - Setting next_dagrun for example_nested_branch_dag to 2023-05-25T00:00:00+00:00, run_after=2023-05-26T00:00:00+00:00
[2023-05-26T21:17:32.729+0400] {processor.py:179} INFO - Processing /home/chinnu/.local/lib/python3.10/site-packages/airflow/example_dags/example_nested_branch_dag.py took 0.114 seconds
[2023-05-26T21:19:10.262+0400] {processor.py:157} INFO - Started process (PID=16861) to work on /home/chinnu/.local/lib/python3.10/site-packages/airflow/example_dags/example_nested_branch_dag.py
[2023-05-26T21:19:10.264+0400] {processor.py:826} INFO - Processing file /home/chinnu/.local/lib/python3.10/site-packages/airflow/example_dags/example_nested_branch_dag.py for tasks to queue
[2023-05-26T21:19:10.265+0400] {logging_mixin.py:149} INFO - [2023-05-26T21:19:10.265+0400] {dagbag.py:541} INFO - Filling up the DagBag from /home/chinnu/.local/lib/python3.10/site-packages/airflow/example_dags/example_nested_branch_dag.py
[2023-05-26T21:19:10.297+0400] {processor.py:836} INFO - DAG(s) dict_keys(['example_nested_branch_dag']) retrieved from /home/chinnu/.local/lib/python3.10/site-packages/airflow/example_dags/example_nested_branch_dag.py
[2023-05-26T21:19:10.354+0400] {logging_mixin.py:149} INFO - [2023-05-26T21:19:10.354+0400] {dag.py:2726} INFO - Sync 1 DAGs
[2023-05-26T21:19:10.395+0400] {logging_mixin.py:149} INFO - [2023-05-26T21:19:10.395+0400] {dag.py:3486} INFO - Setting next_dagrun for example_nested_branch_dag to 2023-05-25T00:00:00+00:00, run_after=2023-05-26T00:00:00+00:00
[2023-05-26T21:19:10.591+0400] {processor.py:179} INFO - Processing /home/chinnu/.local/lib/python3.10/site-packages/airflow/example_dags/example_nested_branch_dag.py took 0.339 seconds
[2023-05-26T21:19:55.813+0400] {processor.py:157} INFO - Started process (PID=16911) to work on /home/chinnu/.local/lib/python3.10/site-packages/airflow/example_dags/example_nested_branch_dag.py
[2023-05-26T21:19:55.817+0400] {processor.py:826} INFO - Processing file /home/chinnu/.local/lib/python3.10/site-packages/airflow/example_dags/example_nested_branch_dag.py for tasks to queue
[2023-05-26T21:19:55.819+0400] {logging_mixin.py:149} INFO - [2023-05-26T21:19:55.819+0400] {dagbag.py:541} INFO - Filling up the DagBag from /home/chinnu/.local/lib/python3.10/site-packages/airflow/example_dags/example_nested_branch_dag.py
[2023-05-26T21:19:55.846+0400] {processor.py:836} INFO - DAG(s) dict_keys(['example_nested_branch_dag']) retrieved from /home/chinnu/.local/lib/python3.10/site-packages/airflow/example_dags/example_nested_branch_dag.py
[2023-05-26T21:19:55.899+0400] {logging_mixin.py:149} INFO - [2023-05-26T21:19:55.898+0400] {dag.py:2726} INFO - Sync 1 DAGs
[2023-05-26T21:19:55.935+0400] {logging_mixin.py:149} INFO - [2023-05-26T21:19:55.934+0400] {dag.py:3486} INFO - Setting next_dagrun for example_nested_branch_dag to 2023-05-25T00:00:00+00:00, run_after=2023-05-26T00:00:00+00:00
[2023-05-26T21:19:55.998+0400] {processor.py:179} INFO - Processing /home/chinnu/.local/lib/python3.10/site-packages/airflow/example_dags/example_nested_branch_dag.py took 0.198 seconds
[2023-05-26T21:21:06.783+0400] {processor.py:157} INFO - Started process (PID=16993) to work on /home/chinnu/.local/lib/python3.10/site-packages/airflow/example_dags/example_nested_branch_dag.py
[2023-05-26T21:21:06.786+0400] {processor.py:826} INFO - Processing file /home/chinnu/.local/lib/python3.10/site-packages/airflow/example_dags/example_nested_branch_dag.py for tasks to queue
[2023-05-26T21:21:06.787+0400] {logging_mixin.py:149} INFO - [2023-05-26T21:21:06.786+0400] {dagbag.py:541} INFO - Filling up the DagBag from /home/chinnu/.local/lib/python3.10/site-packages/airflow/example_dags/example_nested_branch_dag.py
[2023-05-26T21:21:06.821+0400] {processor.py:836} INFO - DAG(s) dict_keys(['example_nested_branch_dag']) retrieved from /home/chinnu/.local/lib/python3.10/site-packages/airflow/example_dags/example_nested_branch_dag.py
[2023-05-26T21:21:06.875+0400] {logging_mixin.py:149} INFO - [2023-05-26T21:21:06.875+0400] {dag.py:2726} INFO - Sync 1 DAGs
[2023-05-26T21:21:06.906+0400] {logging_mixin.py:149} INFO - [2023-05-26T21:21:06.905+0400] {dag.py:3486} INFO - Setting next_dagrun for example_nested_branch_dag to 2023-05-25T00:00:00+00:00, run_after=2023-05-26T00:00:00+00:00
[2023-05-26T21:21:06.939+0400] {processor.py:179} INFO - Processing /home/chinnu/.local/lib/python3.10/site-packages/airflow/example_dags/example_nested_branch_dag.py took 0.166 seconds
[2023-05-26T21:21:51.396+0400] {processor.py:157} INFO - Started process (PID=17044) to work on /home/chinnu/.local/lib/python3.10/site-packages/airflow/example_dags/example_nested_branch_dag.py
[2023-05-26T21:21:51.398+0400] {processor.py:826} INFO - Processing file /home/chinnu/.local/lib/python3.10/site-packages/airflow/example_dags/example_nested_branch_dag.py for tasks to queue
[2023-05-26T21:21:51.400+0400] {logging_mixin.py:149} INFO - [2023-05-26T21:21:51.399+0400] {dagbag.py:541} INFO - Filling up the DagBag from /home/chinnu/.local/lib/python3.10/site-packages/airflow/example_dags/example_nested_branch_dag.py
[2023-05-26T21:21:51.422+0400] {processor.py:836} INFO - DAG(s) dict_keys(['example_nested_branch_dag']) retrieved from /home/chinnu/.local/lib/python3.10/site-packages/airflow/example_dags/example_nested_branch_dag.py
[2023-05-26T21:21:51.456+0400] {logging_mixin.py:149} INFO - [2023-05-26T21:21:51.456+0400] {dag.py:2726} INFO - Sync 1 DAGs
[2023-05-26T21:21:51.482+0400] {logging_mixin.py:149} INFO - [2023-05-26T21:21:51.482+0400] {dag.py:3486} INFO - Setting next_dagrun for example_nested_branch_dag to 2023-05-25T00:00:00+00:00, run_after=2023-05-26T00:00:00+00:00
[2023-05-26T21:21:51.508+0400] {processor.py:179} INFO - Processing /home/chinnu/.local/lib/python3.10/site-packages/airflow/example_dags/example_nested_branch_dag.py took 0.124 seconds
[2023-05-26T21:22:33.229+0400] {processor.py:157} INFO - Started process (PID=17094) to work on /home/chinnu/.local/lib/python3.10/site-packages/airflow/example_dags/example_nested_branch_dag.py
[2023-05-26T21:22:33.232+0400] {processor.py:826} INFO - Processing file /home/chinnu/.local/lib/python3.10/site-packages/airflow/example_dags/example_nested_branch_dag.py for tasks to queue
[2023-05-26T21:22:33.234+0400] {logging_mixin.py:149} INFO - [2023-05-26T21:22:33.234+0400] {dagbag.py:541} INFO - Filling up the DagBag from /home/chinnu/.local/lib/python3.10/site-packages/airflow/example_dags/example_nested_branch_dag.py
[2023-05-26T21:22:33.270+0400] {processor.py:836} INFO - DAG(s) dict_keys(['example_nested_branch_dag']) retrieved from /home/chinnu/.local/lib/python3.10/site-packages/airflow/example_dags/example_nested_branch_dag.py
[2023-05-26T21:22:33.330+0400] {logging_mixin.py:149} INFO - [2023-05-26T21:22:33.330+0400] {dag.py:2726} INFO - Sync 1 DAGs
[2023-05-26T21:22:33.357+0400] {logging_mixin.py:149} INFO - [2023-05-26T21:22:33.357+0400] {dag.py:3486} INFO - Setting next_dagrun for example_nested_branch_dag to 2023-05-25T00:00:00+00:00, run_after=2023-05-26T00:00:00+00:00
[2023-05-26T21:22:33.390+0400] {processor.py:179} INFO - Processing /home/chinnu/.local/lib/python3.10/site-packages/airflow/example_dags/example_nested_branch_dag.py took 0.175 seconds
[2023-05-26T21:23:14.816+0400] {processor.py:157} INFO - Started process (PID=17144) to work on /home/chinnu/.local/lib/python3.10/site-packages/airflow/example_dags/example_nested_branch_dag.py
[2023-05-26T21:23:14.818+0400] {processor.py:826} INFO - Processing file /home/chinnu/.local/lib/python3.10/site-packages/airflow/example_dags/example_nested_branch_dag.py for tasks to queue
[2023-05-26T21:23:14.819+0400] {logging_mixin.py:149} INFO - [2023-05-26T21:23:14.819+0400] {dagbag.py:541} INFO - Filling up the DagBag from /home/chinnu/.local/lib/python3.10/site-packages/airflow/example_dags/example_nested_branch_dag.py
[2023-05-26T21:23:14.835+0400] {processor.py:836} INFO - DAG(s) dict_keys(['example_nested_branch_dag']) retrieved from /home/chinnu/.local/lib/python3.10/site-packages/airflow/example_dags/example_nested_branch_dag.py
[2023-05-26T21:23:14.870+0400] {logging_mixin.py:149} INFO - [2023-05-26T21:23:14.869+0400] {dag.py:2726} INFO - Sync 1 DAGs
[2023-05-26T21:23:14.894+0400] {logging_mixin.py:149} INFO - [2023-05-26T21:23:14.894+0400] {dag.py:3486} INFO - Setting next_dagrun for example_nested_branch_dag to 2023-05-25T00:00:00+00:00, run_after=2023-05-26T00:00:00+00:00
[2023-05-26T21:23:14.920+0400] {processor.py:179} INFO - Processing /home/chinnu/.local/lib/python3.10/site-packages/airflow/example_dags/example_nested_branch_dag.py took 0.110 seconds
[2023-05-26T21:24:05.035+0400] {processor.py:157} INFO - Started process (PID=17207) to work on /home/chinnu/.local/lib/python3.10/site-packages/airflow/example_dags/example_nested_branch_dag.py
[2023-05-26T21:24:05.037+0400] {processor.py:826} INFO - Processing file /home/chinnu/.local/lib/python3.10/site-packages/airflow/example_dags/example_nested_branch_dag.py for tasks to queue
[2023-05-26T21:24:05.038+0400] {logging_mixin.py:149} INFO - [2023-05-26T21:24:05.038+0400] {dagbag.py:541} INFO - Filling up the DagBag from /home/chinnu/.local/lib/python3.10/site-packages/airflow/example_dags/example_nested_branch_dag.py
[2023-05-26T21:24:05.053+0400] {processor.py:836} INFO - DAG(s) dict_keys(['example_nested_branch_dag']) retrieved from /home/chinnu/.local/lib/python3.10/site-packages/airflow/example_dags/example_nested_branch_dag.py
[2023-05-26T21:24:05.087+0400] {logging_mixin.py:149} INFO - [2023-05-26T21:24:05.087+0400] {dag.py:2726} INFO - Sync 1 DAGs
[2023-05-26T21:24:05.113+0400] {logging_mixin.py:149} INFO - [2023-05-26T21:24:05.113+0400] {dag.py:3486} INFO - Setting next_dagrun for example_nested_branch_dag to 2023-05-25T00:00:00+00:00, run_after=2023-05-26T00:00:00+00:00
[2023-05-26T21:24:05.138+0400] {processor.py:179} INFO - Processing /home/chinnu/.local/lib/python3.10/site-packages/airflow/example_dags/example_nested_branch_dag.py took 0.109 seconds
[2023-05-26T21:24:47.511+0400] {processor.py:157} INFO - Started process (PID=17261) to work on /home/chinnu/.local/lib/python3.10/site-packages/airflow/example_dags/example_nested_branch_dag.py
[2023-05-26T21:24:47.512+0400] {processor.py:826} INFO - Processing file /home/chinnu/.local/lib/python3.10/site-packages/airflow/example_dags/example_nested_branch_dag.py for tasks to queue
[2023-05-26T21:24:47.513+0400] {logging_mixin.py:149} INFO - [2023-05-26T21:24:47.513+0400] {dagbag.py:541} INFO - Filling up the DagBag from /home/chinnu/.local/lib/python3.10/site-packages/airflow/example_dags/example_nested_branch_dag.py
[2023-05-26T21:24:47.529+0400] {processor.py:836} INFO - DAG(s) dict_keys(['example_nested_branch_dag']) retrieved from /home/chinnu/.local/lib/python3.10/site-packages/airflow/example_dags/example_nested_branch_dag.py
[2023-05-26T21:24:47.562+0400] {logging_mixin.py:149} INFO - [2023-05-26T21:24:47.562+0400] {dag.py:2726} INFO - Sync 1 DAGs
[2023-05-26T21:24:47.587+0400] {logging_mixin.py:149} INFO - [2023-05-26T21:24:47.587+0400] {dag.py:3486} INFO - Setting next_dagrun for example_nested_branch_dag to 2023-05-25T00:00:00+00:00, run_after=2023-05-26T00:00:00+00:00
[2023-05-26T21:24:47.618+0400] {processor.py:179} INFO - Processing /home/chinnu/.local/lib/python3.10/site-packages/airflow/example_dags/example_nested_branch_dag.py took 0.113 seconds
[2023-05-26T21:48:37.101+0400] {processor.py:157} INFO - Started process (PID=92) to work on /home/chinnu/.local/lib/python3.10/site-packages/airflow/example_dags/example_nested_branch_dag.py
[2023-05-26T21:48:37.109+0400] {processor.py:826} INFO - Processing file /home/chinnu/.local/lib/python3.10/site-packages/airflow/example_dags/example_nested_branch_dag.py for tasks to queue
[2023-05-26T21:48:37.109+0400] {logging_mixin.py:149} INFO - [2023-05-26T21:48:37.109+0400] {dagbag.py:541} INFO - Filling up the DagBag from /home/chinnu/.local/lib/python3.10/site-packages/airflow/example_dags/example_nested_branch_dag.py
[2023-05-26T21:48:37.124+0400] {processor.py:836} INFO - DAG(s) dict_keys(['example_nested_branch_dag']) retrieved from /home/chinnu/.local/lib/python3.10/site-packages/airflow/example_dags/example_nested_branch_dag.py
[2023-05-26T21:48:37.162+0400] {logging_mixin.py:149} INFO - [2023-05-26T21:48:37.162+0400] {dag.py:2726} INFO - Sync 1 DAGs
[2023-05-26T21:48:37.189+0400] {logging_mixin.py:149} INFO - [2023-05-26T21:48:37.189+0400] {dag.py:3486} INFO - Setting next_dagrun for example_nested_branch_dag to 2023-05-25T00:00:00+00:00, run_after=2023-05-26T00:00:00+00:00
[2023-05-26T21:48:37.222+0400] {processor.py:179} INFO - Processing /home/chinnu/.local/lib/python3.10/site-packages/airflow/example_dags/example_nested_branch_dag.py took 0.127 seconds
[2023-05-26T21:52:41.635+0400] {processor.py:157} INFO - Started process (PID=74) to work on /home/chinnu/.local/lib/python3.10/site-packages/airflow/example_dags/example_nested_branch_dag.py
[2023-05-26T21:52:41.645+0400] {processor.py:826} INFO - Processing file /home/chinnu/.local/lib/python3.10/site-packages/airflow/example_dags/example_nested_branch_dag.py for tasks to queue
[2023-05-26T21:52:41.647+0400] {logging_mixin.py:149} INFO - [2023-05-26T21:52:41.646+0400] {dagbag.py:541} INFO - Filling up the DagBag from /home/chinnu/.local/lib/python3.10/site-packages/airflow/example_dags/example_nested_branch_dag.py
[2023-05-26T21:52:41.683+0400] {processor.py:836} INFO - DAG(s) dict_keys(['example_nested_branch_dag']) retrieved from /home/chinnu/.local/lib/python3.10/site-packages/airflow/example_dags/example_nested_branch_dag.py
[2023-05-26T21:52:41.769+0400] {logging_mixin.py:149} INFO - [2023-05-26T21:52:41.768+0400] {dag.py:2726} INFO - Sync 1 DAGs
[2023-05-26T21:52:41.829+0400] {logging_mixin.py:149} INFO - [2023-05-26T21:52:41.829+0400] {dag.py:3486} INFO - Setting next_dagrun for example_nested_branch_dag to 2023-05-25T00:00:00+00:00, run_after=2023-05-26T00:00:00+00:00
[2023-05-26T21:52:41.890+0400] {processor.py:179} INFO - Processing /home/chinnu/.local/lib/python3.10/site-packages/airflow/example_dags/example_nested_branch_dag.py took 0.267 seconds
[2023-05-26T21:53:42.561+0400] {processor.py:157} INFO - Started process (PID=125) to work on /home/chinnu/.local/lib/python3.10/site-packages/airflow/example_dags/example_nested_branch_dag.py
[2023-05-26T21:53:42.563+0400] {processor.py:826} INFO - Processing file /home/chinnu/.local/lib/python3.10/site-packages/airflow/example_dags/example_nested_branch_dag.py for tasks to queue
[2023-05-26T21:53:42.564+0400] {logging_mixin.py:149} INFO - [2023-05-26T21:53:42.564+0400] {dagbag.py:541} INFO - Filling up the DagBag from /home/chinnu/.local/lib/python3.10/site-packages/airflow/example_dags/example_nested_branch_dag.py
[2023-05-26T21:53:42.590+0400] {processor.py:836} INFO - DAG(s) dict_keys(['example_nested_branch_dag']) retrieved from /home/chinnu/.local/lib/python3.10/site-packages/airflow/example_dags/example_nested_branch_dag.py
[2023-05-26T21:53:42.860+0400] {logging_mixin.py:149} INFO - [2023-05-26T21:53:42.860+0400] {dag.py:2726} INFO - Sync 1 DAGs
[2023-05-26T21:53:42.891+0400] {logging_mixin.py:149} INFO - [2023-05-26T21:53:42.890+0400] {dag.py:3486} INFO - Setting next_dagrun for example_nested_branch_dag to 2023-05-25T00:00:00+00:00, run_after=2023-05-26T00:00:00+00:00
[2023-05-26T21:53:42.927+0400] {processor.py:179} INFO - Processing /home/chinnu/.local/lib/python3.10/site-packages/airflow/example_dags/example_nested_branch_dag.py took 0.373 seconds
[2023-05-26T21:54:45.830+0400] {processor.py:157} INFO - Started process (PID=213) to work on /home/chinnu/.local/lib/python3.10/site-packages/airflow/example_dags/example_nested_branch_dag.py
[2023-05-26T21:54:45.833+0400] {processor.py:826} INFO - Processing file /home/chinnu/.local/lib/python3.10/site-packages/airflow/example_dags/example_nested_branch_dag.py for tasks to queue
[2023-05-26T21:54:45.834+0400] {logging_mixin.py:149} INFO - [2023-05-26T21:54:45.834+0400] {dagbag.py:541} INFO - Filling up the DagBag from /home/chinnu/.local/lib/python3.10/site-packages/airflow/example_dags/example_nested_branch_dag.py
[2023-05-26T21:54:45.858+0400] {processor.py:836} INFO - DAG(s) dict_keys(['example_nested_branch_dag']) retrieved from /home/chinnu/.local/lib/python3.10/site-packages/airflow/example_dags/example_nested_branch_dag.py
[2023-05-26T21:54:45.901+0400] {logging_mixin.py:149} INFO - [2023-05-26T21:54:45.901+0400] {dag.py:2726} INFO - Sync 1 DAGs
[2023-05-26T21:54:45.932+0400] {logging_mixin.py:149} INFO - [2023-05-26T21:54:45.932+0400] {dag.py:3486} INFO - Setting next_dagrun for example_nested_branch_dag to 2023-05-25T00:00:00+00:00, run_after=2023-05-26T00:00:00+00:00
[2023-05-26T21:54:45.966+0400] {processor.py:179} INFO - Processing /home/chinnu/.local/lib/python3.10/site-packages/airflow/example_dags/example_nested_branch_dag.py took 0.142 seconds
[2023-05-26T22:06:27.450+0400] {processor.py:157} INFO - Started process (PID=2543) to work on /home/chinnu/.local/lib/python3.10/site-packages/airflow/example_dags/example_nested_branch_dag.py
[2023-05-26T22:06:27.452+0400] {processor.py:826} INFO - Processing file /home/chinnu/.local/lib/python3.10/site-packages/airflow/example_dags/example_nested_branch_dag.py for tasks to queue
[2023-05-26T22:06:27.453+0400] {logging_mixin.py:149} INFO - [2023-05-26T22:06:27.452+0400] {dagbag.py:541} INFO - Filling up the DagBag from /home/chinnu/.local/lib/python3.10/site-packages/airflow/example_dags/example_nested_branch_dag.py
[2023-05-26T22:06:27.469+0400] {processor.py:836} INFO - DAG(s) dict_keys(['example_nested_branch_dag']) retrieved from /home/chinnu/.local/lib/python3.10/site-packages/airflow/example_dags/example_nested_branch_dag.py
[2023-05-26T22:06:27.510+0400] {logging_mixin.py:149} INFO - [2023-05-26T22:06:27.510+0400] {dag.py:2726} INFO - Sync 1 DAGs
[2023-05-26T22:06:27.538+0400] {logging_mixin.py:149} INFO - [2023-05-26T22:06:27.538+0400] {dag.py:3486} INFO - Setting next_dagrun for example_nested_branch_dag to 2023-05-25T00:00:00+00:00, run_after=2023-05-26T00:00:00+00:00
[2023-05-26T22:06:27.573+0400] {processor.py:179} INFO - Processing /home/chinnu/.local/lib/python3.10/site-packages/airflow/example_dags/example_nested_branch_dag.py took 0.130 seconds
[2023-05-26T22:08:04.105+0400] {processor.py:157} INFO - Started process (PID=2610) to work on /home/chinnu/.local/lib/python3.10/site-packages/airflow/example_dags/example_nested_branch_dag.py
[2023-05-26T22:08:04.126+0400] {processor.py:826} INFO - Processing file /home/chinnu/.local/lib/python3.10/site-packages/airflow/example_dags/example_nested_branch_dag.py for tasks to queue
[2023-05-26T22:08:04.136+0400] {logging_mixin.py:149} INFO - [2023-05-26T22:08:04.135+0400] {dagbag.py:541} INFO - Filling up the DagBag from /home/chinnu/.local/lib/python3.10/site-packages/airflow/example_dags/example_nested_branch_dag.py
[2023-05-26T22:08:05.034+0400] {processor.py:836} INFO - DAG(s) dict_keys(['example_nested_branch_dag']) retrieved from /home/chinnu/.local/lib/python3.10/site-packages/airflow/example_dags/example_nested_branch_dag.py
[2023-05-26T22:08:05.140+0400] {logging_mixin.py:149} INFO - [2023-05-26T22:08:05.140+0400] {dag.py:2726} INFO - Sync 1 DAGs
[2023-05-26T22:08:05.226+0400] {logging_mixin.py:149} INFO - [2023-05-26T22:08:05.225+0400] {dag.py:3486} INFO - Setting next_dagrun for example_nested_branch_dag to 2023-05-25T00:00:00+00:00, run_after=2023-05-26T00:00:00+00:00
[2023-05-26T22:08:05.306+0400] {processor.py:179} INFO - Processing /home/chinnu/.local/lib/python3.10/site-packages/airflow/example_dags/example_nested_branch_dag.py took 1.254 seconds
