[2023-05-26T19:38:47.535+0400] {processor.py:157} INFO - Started process (PID=216) to work on /home/chinnu/.local/lib/python3.10/site-packages/airflow/example_dags/example_short_circuit_decorator.py
[2023-05-26T19:38:47.539+0400] {processor.py:826} INFO - Processing file /home/chinnu/.local/lib/python3.10/site-packages/airflow/example_dags/example_short_circuit_decorator.py for tasks to queue
[2023-05-26T19:38:47.543+0400] {logging_mixin.py:149} INFO - [2023-05-26T19:38:47.542+0400] {dagbag.py:541} INFO - Filling up the DagBag from /home/chinnu/.local/lib/python3.10/site-packages/airflow/example_dags/example_short_circuit_decorator.py
[2023-05-26T19:38:47.594+0400] {processor.py:836} INFO - DAG(s) dict_keys(['example_short_circuit_decorator']) retrieved from /home/chinnu/.local/lib/python3.10/site-packages/airflow/example_dags/example_short_circuit_decorator.py
[2023-05-26T19:38:47.670+0400] {logging_mixin.py:149} INFO - [2023-05-26T19:38:47.670+0400] {dag.py:2726} INFO - Sync 1 DAGs
[2023-05-26T19:38:47.695+0400] {logging_mixin.py:149} INFO - [2023-05-26T19:38:47.694+0400] {dag.py:3486} INFO - Setting next_dagrun for example_short_circuit_decorator to 2023-05-25T15:38:47.694580+00:00, run_after=2023-05-26T15:38:47.694580+00:00
[2023-05-26T19:38:47.730+0400] {processor.py:179} INFO - Processing /home/chinnu/.local/lib/python3.10/site-packages/airflow/example_dags/example_short_circuit_decorator.py took 0.209 seconds
[2023-05-26T19:39:43.987+0400] {processor.py:157} INFO - Started process (PID=266) to work on /home/chinnu/.local/lib/python3.10/site-packages/airflow/example_dags/example_short_circuit_decorator.py
[2023-05-26T19:39:43.990+0400] {processor.py:826} INFO - Processing file /home/chinnu/.local/lib/python3.10/site-packages/airflow/example_dags/example_short_circuit_decorator.py for tasks to queue
[2023-05-26T19:39:43.992+0400] {logging_mixin.py:149} INFO - [2023-05-26T19:39:43.992+0400] {dagbag.py:541} INFO - Filling up the DagBag from /home/chinnu/.local/lib/python3.10/site-packages/airflow/example_dags/example_short_circuit_decorator.py
[2023-05-26T19:39:44.019+0400] {processor.py:836} INFO - DAG(s) dict_keys(['example_short_circuit_decorator']) retrieved from /home/chinnu/.local/lib/python3.10/site-packages/airflow/example_dags/example_short_circuit_decorator.py
[2023-05-26T19:39:44.065+0400] {logging_mixin.py:149} INFO - [2023-05-26T19:39:44.064+0400] {dag.py:2726} INFO - Sync 1 DAGs
[2023-05-26T19:39:44.085+0400] {logging_mixin.py:149} INFO - [2023-05-26T19:39:44.085+0400] {dag.py:3486} INFO - Setting next_dagrun for example_short_circuit_decorator to 2023-05-25T15:39:44.085234+00:00, run_after=2023-05-26T15:39:44.085234+00:00
[2023-05-26T19:39:44.117+0400] {processor.py:179} INFO - Processing /home/chinnu/.local/lib/python3.10/site-packages/airflow/example_dags/example_short_circuit_decorator.py took 0.141 seconds
[2023-05-26T19:40:37.362+0400] {processor.py:157} INFO - Started process (PID=829) to work on /home/chinnu/.local/lib/python3.10/site-packages/airflow/example_dags/example_short_circuit_decorator.py
[2023-05-26T19:40:37.366+0400] {processor.py:826} INFO - Processing file /home/chinnu/.local/lib/python3.10/site-packages/airflow/example_dags/example_short_circuit_decorator.py for tasks to queue
[2023-05-26T19:40:37.367+0400] {logging_mixin.py:149} INFO - [2023-05-26T19:40:37.367+0400] {dagbag.py:541} INFO - Filling up the DagBag from /home/chinnu/.local/lib/python3.10/site-packages/airflow/example_dags/example_short_circuit_decorator.py
[2023-05-26T19:40:37.384+0400] {processor.py:836} INFO - DAG(s) dict_keys(['example_short_circuit_decorator']) retrieved from /home/chinnu/.local/lib/python3.10/site-packages/airflow/example_dags/example_short_circuit_decorator.py
[2023-05-26T19:40:37.419+0400] {logging_mixin.py:149} INFO - [2023-05-26T19:40:37.419+0400] {dag.py:2726} INFO - Sync 1 DAGs
[2023-05-26T19:40:37.439+0400] {logging_mixin.py:149} INFO - [2023-05-26T19:40:37.439+0400] {dag.py:3486} INFO - Setting next_dagrun for example_short_circuit_decorator to 2023-05-25T15:40:37.439466+00:00, run_after=2023-05-26T15:40:37.439466+00:00
[2023-05-26T19:40:37.488+0400] {processor.py:179} INFO - Processing /home/chinnu/.local/lib/python3.10/site-packages/airflow/example_dags/example_short_circuit_decorator.py took 0.138 seconds
[2023-05-26T19:41:45.330+0400] {processor.py:157} INFO - Started process (PID=888) to work on /home/chinnu/.local/lib/python3.10/site-packages/airflow/example_dags/example_short_circuit_decorator.py
[2023-05-26T19:41:45.334+0400] {processor.py:826} INFO - Processing file /home/chinnu/.local/lib/python3.10/site-packages/airflow/example_dags/example_short_circuit_decorator.py for tasks to queue
[2023-05-26T19:41:45.336+0400] {logging_mixin.py:149} INFO - [2023-05-26T19:41:45.335+0400] {dagbag.py:541} INFO - Filling up the DagBag from /home/chinnu/.local/lib/python3.10/site-packages/airflow/example_dags/example_short_circuit_decorator.py
[2023-05-26T19:41:45.368+0400] {processor.py:836} INFO - DAG(s) dict_keys(['example_short_circuit_decorator']) retrieved from /home/chinnu/.local/lib/python3.10/site-packages/airflow/example_dags/example_short_circuit_decorator.py
[2023-05-26T19:41:45.419+0400] {logging_mixin.py:149} INFO - [2023-05-26T19:41:45.419+0400] {dag.py:2726} INFO - Sync 1 DAGs
[2023-05-26T19:41:45.442+0400] {logging_mixin.py:149} INFO - [2023-05-26T19:41:45.442+0400] {dag.py:3486} INFO - Setting next_dagrun for example_short_circuit_decorator to 2023-05-25T15:41:45.441712+00:00, run_after=2023-05-26T15:41:45.441712+00:00
[2023-05-26T19:41:45.474+0400] {processor.py:179} INFO - Processing /home/chinnu/.local/lib/python3.10/site-packages/airflow/example_dags/example_short_circuit_decorator.py took 0.159 seconds
[2023-05-26T19:43:16.510+0400] {processor.py:157} INFO - Started process (PID=1481) to work on /home/chinnu/.local/lib/python3.10/site-packages/airflow/example_dags/example_short_circuit_decorator.py
[2023-05-26T19:43:16.513+0400] {processor.py:826} INFO - Processing file /home/chinnu/.local/lib/python3.10/site-packages/airflow/example_dags/example_short_circuit_decorator.py for tasks to queue
[2023-05-26T19:43:16.515+0400] {logging_mixin.py:149} INFO - [2023-05-26T19:43:16.515+0400] {dagbag.py:541} INFO - Filling up the DagBag from /home/chinnu/.local/lib/python3.10/site-packages/airflow/example_dags/example_short_circuit_decorator.py
[2023-05-26T19:43:16.565+0400] {processor.py:836} INFO - DAG(s) dict_keys(['example_short_circuit_decorator']) retrieved from /home/chinnu/.local/lib/python3.10/site-packages/airflow/example_dags/example_short_circuit_decorator.py
[2023-05-26T19:43:16.647+0400] {logging_mixin.py:149} INFO - [2023-05-26T19:43:16.646+0400] {dag.py:2726} INFO - Sync 1 DAGs
[2023-05-26T19:43:16.963+0400] {logging_mixin.py:149} INFO - [2023-05-26T19:43:16.963+0400] {dag.py:3486} INFO - Setting next_dagrun for example_short_circuit_decorator to 2023-05-25T15:43:16.963362+00:00, run_after=2023-05-26T15:43:16.963362+00:00
[2023-05-26T19:43:17.038+0400] {processor.py:179} INFO - Processing /home/chinnu/.local/lib/python3.10/site-packages/airflow/example_dags/example_short_circuit_decorator.py took 0.546 seconds
[2023-05-26T19:44:27.899+0400] {processor.py:157} INFO - Started process (PID=1541) to work on /home/chinnu/.local/lib/python3.10/site-packages/airflow/example_dags/example_short_circuit_decorator.py
[2023-05-26T19:44:27.905+0400] {processor.py:826} INFO - Processing file /home/chinnu/.local/lib/python3.10/site-packages/airflow/example_dags/example_short_circuit_decorator.py for tasks to queue
[2023-05-26T19:44:27.908+0400] {logging_mixin.py:149} INFO - [2023-05-26T19:44:27.907+0400] {dagbag.py:541} INFO - Filling up the DagBag from /home/chinnu/.local/lib/python3.10/site-packages/airflow/example_dags/example_short_circuit_decorator.py
[2023-05-26T19:44:27.971+0400] {processor.py:836} INFO - DAG(s) dict_keys(['example_short_circuit_decorator']) retrieved from /home/chinnu/.local/lib/python3.10/site-packages/airflow/example_dags/example_short_circuit_decorator.py
[2023-05-26T19:44:28.090+0400] {logging_mixin.py:149} INFO - [2023-05-26T19:44:28.090+0400] {dag.py:2726} INFO - Sync 1 DAGs
[2023-05-26T19:44:28.156+0400] {logging_mixin.py:149} INFO - [2023-05-26T19:44:28.156+0400] {dag.py:3486} INFO - Setting next_dagrun for example_short_circuit_decorator to 2023-05-25T15:44:28.155870+00:00, run_after=2023-05-26T15:44:28.155870+00:00
[2023-05-26T19:44:28.202+0400] {processor.py:179} INFO - Processing /home/chinnu/.local/lib/python3.10/site-packages/airflow/example_dags/example_short_circuit_decorator.py took 0.328 seconds
[2023-05-26T19:45:31.730+0400] {processor.py:157} INFO - Started process (PID=1593) to work on /home/chinnu/.local/lib/python3.10/site-packages/airflow/example_dags/example_short_circuit_decorator.py
[2023-05-26T19:45:31.732+0400] {processor.py:826} INFO - Processing file /home/chinnu/.local/lib/python3.10/site-packages/airflow/example_dags/example_short_circuit_decorator.py for tasks to queue
[2023-05-26T19:45:31.733+0400] {logging_mixin.py:149} INFO - [2023-05-26T19:45:31.733+0400] {dagbag.py:541} INFO - Filling up the DagBag from /home/chinnu/.local/lib/python3.10/site-packages/airflow/example_dags/example_short_circuit_decorator.py
[2023-05-26T19:45:31.759+0400] {processor.py:836} INFO - DAG(s) dict_keys(['example_short_circuit_decorator']) retrieved from /home/chinnu/.local/lib/python3.10/site-packages/airflow/example_dags/example_short_circuit_decorator.py
[2023-05-26T19:45:31.808+0400] {logging_mixin.py:149} INFO - [2023-05-26T19:45:31.808+0400] {dag.py:2726} INFO - Sync 1 DAGs
[2023-05-26T19:45:31.845+0400] {logging_mixin.py:149} INFO - [2023-05-26T19:45:31.845+0400] {dag.py:3486} INFO - Setting next_dagrun for example_short_circuit_decorator to 2023-05-25T15:45:31.844698+00:00, run_after=2023-05-26T15:45:31.844698+00:00
[2023-05-26T19:45:31.888+0400] {processor.py:179} INFO - Processing /home/chinnu/.local/lib/python3.10/site-packages/airflow/example_dags/example_short_circuit_decorator.py took 0.174 seconds
[2023-05-26T19:48:13.301+0400] {processor.py:157} INFO - Started process (PID=1695) to work on /home/chinnu/.local/lib/python3.10/site-packages/airflow/example_dags/example_short_circuit_decorator.py
[2023-05-26T19:48:13.305+0400] {processor.py:826} INFO - Processing file /home/chinnu/.local/lib/python3.10/site-packages/airflow/example_dags/example_short_circuit_decorator.py for tasks to queue
[2023-05-26T19:48:13.306+0400] {logging_mixin.py:149} INFO - [2023-05-26T19:48:13.306+0400] {dagbag.py:541} INFO - Filling up the DagBag from /home/chinnu/.local/lib/python3.10/site-packages/airflow/example_dags/example_short_circuit_decorator.py
[2023-05-26T19:48:13.332+0400] {processor.py:836} INFO - DAG(s) dict_keys(['example_short_circuit_decorator']) retrieved from /home/chinnu/.local/lib/python3.10/site-packages/airflow/example_dags/example_short_circuit_decorator.py
[2023-05-26T19:48:13.375+0400] {logging_mixin.py:149} INFO - [2023-05-26T19:48:13.375+0400] {dag.py:2726} INFO - Sync 1 DAGs
[2023-05-26T19:48:13.398+0400] {logging_mixin.py:149} INFO - [2023-05-26T19:48:13.398+0400] {dag.py:3486} INFO - Setting next_dagrun for example_short_circuit_decorator to 2023-05-25T15:48:13.397736+00:00, run_after=2023-05-26T15:48:13.397736+00:00
[2023-05-26T19:48:13.432+0400] {processor.py:179} INFO - Processing /home/chinnu/.local/lib/python3.10/site-packages/airflow/example_dags/example_short_circuit_decorator.py took 0.147 seconds
[2023-05-26T21:05:36.360+0400] {processor.py:157} INFO - Started process (PID=79) to work on /home/chinnu/.local/lib/python3.10/site-packages/airflow/example_dags/example_short_circuit_decorator.py
[2023-05-26T21:05:36.370+0400] {processor.py:826} INFO - Processing file /home/chinnu/.local/lib/python3.10/site-packages/airflow/example_dags/example_short_circuit_decorator.py for tasks to queue
[2023-05-26T21:05:36.372+0400] {logging_mixin.py:149} INFO - [2023-05-26T21:05:36.371+0400] {dagbag.py:541} INFO - Filling up the DagBag from /home/chinnu/.local/lib/python3.10/site-packages/airflow/example_dags/example_short_circuit_decorator.py
[2023-05-26T21:05:36.415+0400] {processor.py:836} INFO - DAG(s) dict_keys(['example_short_circuit_decorator']) retrieved from /home/chinnu/.local/lib/python3.10/site-packages/airflow/example_dags/example_short_circuit_decorator.py
[2023-05-26T21:05:36.475+0400] {logging_mixin.py:149} INFO - [2023-05-26T21:05:36.475+0400] {dag.py:2726} INFO - Sync 1 DAGs
[2023-05-26T21:05:36.502+0400] {logging_mixin.py:149} INFO - [2023-05-26T21:05:36.502+0400] {dag.py:3486} INFO - Setting next_dagrun for example_short_circuit_decorator to 2023-05-25T17:05:36.501799+00:00, run_after=2023-05-26T17:05:36.501799+00:00
[2023-05-26T21:05:36.528+0400] {processor.py:179} INFO - Processing /home/chinnu/.local/lib/python3.10/site-packages/airflow/example_dags/example_short_circuit_decorator.py took 0.182 seconds
[2023-05-26T21:06:40.786+0400] {processor.py:157} INFO - Started process (PID=148) to work on /home/chinnu/.local/lib/python3.10/site-packages/airflow/example_dags/example_short_circuit_decorator.py
[2023-05-26T21:06:40.789+0400] {processor.py:826} INFO - Processing file /home/chinnu/.local/lib/python3.10/site-packages/airflow/example_dags/example_short_circuit_decorator.py for tasks to queue
[2023-05-26T21:06:40.791+0400] {logging_mixin.py:149} INFO - [2023-05-26T21:06:40.790+0400] {dagbag.py:541} INFO - Filling up the DagBag from /home/chinnu/.local/lib/python3.10/site-packages/airflow/example_dags/example_short_circuit_decorator.py
[2023-05-26T21:06:40.822+0400] {processor.py:836} INFO - DAG(s) dict_keys(['example_short_circuit_decorator']) retrieved from /home/chinnu/.local/lib/python3.10/site-packages/airflow/example_dags/example_short_circuit_decorator.py
[2023-05-26T21:06:40.892+0400] {logging_mixin.py:149} INFO - [2023-05-26T21:06:40.891+0400] {dag.py:2726} INFO - Sync 1 DAGs
[2023-05-26T21:06:41.115+0400] {logging_mixin.py:149} INFO - [2023-05-26T21:06:41.115+0400] {dag.py:3486} INFO - Setting next_dagrun for example_short_circuit_decorator to 2023-05-25T17:06:41.115310+00:00, run_after=2023-05-26T17:06:41.115310+00:00
[2023-05-26T21:06:41.153+0400] {processor.py:179} INFO - Processing /home/chinnu/.local/lib/python3.10/site-packages/airflow/example_dags/example_short_circuit_decorator.py took 0.379 seconds
[2023-05-26T21:10:43.315+0400] {processor.py:157} INFO - Started process (PID=1915) to work on /home/chinnu/.local/lib/python3.10/site-packages/airflow/example_dags/example_short_circuit_decorator.py
[2023-05-26T21:10:43.317+0400] {processor.py:826} INFO - Processing file /home/chinnu/.local/lib/python3.10/site-packages/airflow/example_dags/example_short_circuit_decorator.py for tasks to queue
[2023-05-26T21:10:43.318+0400] {logging_mixin.py:149} INFO - [2023-05-26T21:10:43.318+0400] {dagbag.py:541} INFO - Filling up the DagBag from /home/chinnu/.local/lib/python3.10/site-packages/airflow/example_dags/example_short_circuit_decorator.py
[2023-05-26T21:10:43.334+0400] {processor.py:836} INFO - DAG(s) dict_keys(['example_short_circuit_decorator']) retrieved from /home/chinnu/.local/lib/python3.10/site-packages/airflow/example_dags/example_short_circuit_decorator.py
[2023-05-26T21:10:43.369+0400] {logging_mixin.py:149} INFO - [2023-05-26T21:10:43.369+0400] {dag.py:2726} INFO - Sync 1 DAGs
[2023-05-26T21:10:43.392+0400] {logging_mixin.py:149} INFO - [2023-05-26T21:10:43.392+0400] {dag.py:3486} INFO - Setting next_dagrun for example_short_circuit_decorator to 2023-05-25T17:10:43.392268+00:00, run_after=2023-05-26T17:10:43.392268+00:00
[2023-05-26T21:10:43.418+0400] {processor.py:179} INFO - Processing /home/chinnu/.local/lib/python3.10/site-packages/airflow/example_dags/example_short_circuit_decorator.py took 0.111 seconds
[2023-05-26T21:11:59.376+0400] {processor.py:157} INFO - Started process (PID=1978) to work on /home/chinnu/.local/lib/python3.10/site-packages/airflow/example_dags/example_short_circuit_decorator.py
[2023-05-26T21:11:59.379+0400] {processor.py:826} INFO - Processing file /home/chinnu/.local/lib/python3.10/site-packages/airflow/example_dags/example_short_circuit_decorator.py for tasks to queue
[2023-05-26T21:11:59.381+0400] {logging_mixin.py:149} INFO - [2023-05-26T21:11:59.381+0400] {dagbag.py:541} INFO - Filling up the DagBag from /home/chinnu/.local/lib/python3.10/site-packages/airflow/example_dags/example_short_circuit_decorator.py
[2023-05-26T21:11:59.413+0400] {processor.py:836} INFO - DAG(s) dict_keys(['example_short_circuit_decorator']) retrieved from /home/chinnu/.local/lib/python3.10/site-packages/airflow/example_dags/example_short_circuit_decorator.py
[2023-05-26T21:11:59.491+0400] {logging_mixin.py:149} INFO - [2023-05-26T21:11:59.490+0400] {dag.py:2726} INFO - Sync 1 DAGs
[2023-05-26T21:11:59.794+0400] {logging_mixin.py:149} INFO - [2023-05-26T21:11:59.793+0400] {dag.py:3486} INFO - Setting next_dagrun for example_short_circuit_decorator to 2023-05-25T17:11:59.793279+00:00, run_after=2023-05-26T17:11:59.793279+00:00
[2023-05-26T21:11:59.862+0400] {processor.py:179} INFO - Processing /home/chinnu/.local/lib/python3.10/site-packages/airflow/example_dags/example_short_circuit_decorator.py took 0.498 seconds
[2023-05-26T21:13:16.737+0400] {processor.py:157} INFO - Started process (PID=2068) to work on /home/chinnu/.local/lib/python3.10/site-packages/airflow/example_dags/example_short_circuit_decorator.py
[2023-05-26T21:13:16.739+0400] {processor.py:826} INFO - Processing file /home/chinnu/.local/lib/python3.10/site-packages/airflow/example_dags/example_short_circuit_decorator.py for tasks to queue
[2023-05-26T21:13:16.740+0400] {logging_mixin.py:149} INFO - [2023-05-26T21:13:16.740+0400] {dagbag.py:541} INFO - Filling up the DagBag from /home/chinnu/.local/lib/python3.10/site-packages/airflow/example_dags/example_short_circuit_decorator.py
[2023-05-26T21:13:16.762+0400] {processor.py:836} INFO - DAG(s) dict_keys(['example_short_circuit_decorator']) retrieved from /home/chinnu/.local/lib/python3.10/site-packages/airflow/example_dags/example_short_circuit_decorator.py
[2023-05-26T21:13:16.807+0400] {logging_mixin.py:149} INFO - [2023-05-26T21:13:16.807+0400] {dag.py:2726} INFO - Sync 1 DAGs
[2023-05-26T21:13:16.831+0400] {logging_mixin.py:149} INFO - [2023-05-26T21:13:16.831+0400] {dag.py:3486} INFO - Setting next_dagrun for example_short_circuit_decorator to 2023-05-25T17:13:16.831379+00:00, run_after=2023-05-26T17:13:16.831379+00:00
[2023-05-26T21:13:16.864+0400] {processor.py:179} INFO - Processing /home/chinnu/.local/lib/python3.10/site-packages/airflow/example_dags/example_short_circuit_decorator.py took 0.134 seconds
[2023-05-26T21:14:00.494+0400] {processor.py:157} INFO - Started process (PID=2119) to work on /home/chinnu/.local/lib/python3.10/site-packages/airflow/example_dags/example_short_circuit_decorator.py
[2023-05-26T21:14:00.500+0400] {processor.py:826} INFO - Processing file /home/chinnu/.local/lib/python3.10/site-packages/airflow/example_dags/example_short_circuit_decorator.py for tasks to queue
[2023-05-26T21:14:00.501+0400] {logging_mixin.py:149} INFO - [2023-05-26T21:14:00.501+0400] {dagbag.py:541} INFO - Filling up the DagBag from /home/chinnu/.local/lib/python3.10/site-packages/airflow/example_dags/example_short_circuit_decorator.py
[2023-05-26T21:14:00.533+0400] {processor.py:836} INFO - DAG(s) dict_keys(['example_short_circuit_decorator']) retrieved from /home/chinnu/.local/lib/python3.10/site-packages/airflow/example_dags/example_short_circuit_decorator.py
[2023-05-26T21:14:00.588+0400] {logging_mixin.py:149} INFO - [2023-05-26T21:14:00.588+0400] {dag.py:2726} INFO - Sync 1 DAGs
[2023-05-26T21:14:00.623+0400] {logging_mixin.py:149} INFO - [2023-05-26T21:14:00.623+0400] {dag.py:3486} INFO - Setting next_dagrun for example_short_circuit_decorator to 2023-05-25T17:14:00.622894+00:00, run_after=2023-05-26T17:14:00.622894+00:00
[2023-05-26T21:14:00.667+0400] {processor.py:179} INFO - Processing /home/chinnu/.local/lib/python3.10/site-packages/airflow/example_dags/example_short_circuit_decorator.py took 0.182 seconds
[2023-05-26T21:14:42.562+0400] {processor.py:157} INFO - Started process (PID=2169) to work on /home/chinnu/.local/lib/python3.10/site-packages/airflow/example_dags/example_short_circuit_decorator.py
[2023-05-26T21:14:42.566+0400] {processor.py:826} INFO - Processing file /home/chinnu/.local/lib/python3.10/site-packages/airflow/example_dags/example_short_circuit_decorator.py for tasks to queue
[2023-05-26T21:14:42.568+0400] {logging_mixin.py:149} INFO - [2023-05-26T21:14:42.567+0400] {dagbag.py:541} INFO - Filling up the DagBag from /home/chinnu/.local/lib/python3.10/site-packages/airflow/example_dags/example_short_circuit_decorator.py
[2023-05-26T21:14:42.603+0400] {processor.py:836} INFO - DAG(s) dict_keys(['example_short_circuit_decorator']) retrieved from /home/chinnu/.local/lib/python3.10/site-packages/airflow/example_dags/example_short_circuit_decorator.py
[2023-05-26T21:14:42.647+0400] {logging_mixin.py:149} INFO - [2023-05-26T21:14:42.647+0400] {dag.py:2726} INFO - Sync 1 DAGs
[2023-05-26T21:14:42.671+0400] {logging_mixin.py:149} INFO - [2023-05-26T21:14:42.671+0400] {dag.py:3486} INFO - Setting next_dagrun for example_short_circuit_decorator to 2023-05-25T17:14:42.670643+00:00, run_after=2023-05-26T17:14:42.670643+00:00
[2023-05-26T21:14:42.703+0400] {processor.py:179} INFO - Processing /home/chinnu/.local/lib/python3.10/site-packages/airflow/example_dags/example_short_circuit_decorator.py took 0.154 seconds
[2023-05-26T21:15:32.174+0400] {processor.py:157} INFO - Started process (PID=9428) to work on /home/chinnu/.local/lib/python3.10/site-packages/airflow/example_dags/example_short_circuit_decorator.py
[2023-05-26T21:15:32.176+0400] {processor.py:826} INFO - Processing file /home/chinnu/.local/lib/python3.10/site-packages/airflow/example_dags/example_short_circuit_decorator.py for tasks to queue
[2023-05-26T21:15:32.177+0400] {logging_mixin.py:149} INFO - [2023-05-26T21:15:32.177+0400] {dagbag.py:541} INFO - Filling up the DagBag from /home/chinnu/.local/lib/python3.10/site-packages/airflow/example_dags/example_short_circuit_decorator.py
[2023-05-26T21:15:32.201+0400] {processor.py:836} INFO - DAG(s) dict_keys(['example_short_circuit_decorator']) retrieved from /home/chinnu/.local/lib/python3.10/site-packages/airflow/example_dags/example_short_circuit_decorator.py
[2023-05-26T21:15:32.251+0400] {logging_mixin.py:149} INFO - [2023-05-26T21:15:32.251+0400] {dag.py:2726} INFO - Sync 1 DAGs
[2023-05-26T21:15:32.287+0400] {logging_mixin.py:149} INFO - [2023-05-26T21:15:32.287+0400] {dag.py:3486} INFO - Setting next_dagrun for example_short_circuit_decorator to 2023-05-25T17:15:32.286711+00:00, run_after=2023-05-26T17:15:32.286711+00:00
[2023-05-26T21:15:32.325+0400] {processor.py:179} INFO - Processing /home/chinnu/.local/lib/python3.10/site-packages/airflow/example_dags/example_short_circuit_decorator.py took 0.160 seconds
[2023-05-26T21:16:17.847+0400] {processor.py:157} INFO - Started process (PID=16194) to work on /home/chinnu/.local/lib/python3.10/site-packages/airflow/example_dags/example_short_circuit_decorator.py
[2023-05-26T21:16:17.849+0400] {processor.py:826} INFO - Processing file /home/chinnu/.local/lib/python3.10/site-packages/airflow/example_dags/example_short_circuit_decorator.py for tasks to queue
[2023-05-26T21:16:17.850+0400] {logging_mixin.py:149} INFO - [2023-05-26T21:16:17.850+0400] {dagbag.py:541} INFO - Filling up the DagBag from /home/chinnu/.local/lib/python3.10/site-packages/airflow/example_dags/example_short_circuit_decorator.py
[2023-05-26T21:16:17.870+0400] {processor.py:836} INFO - DAG(s) dict_keys(['example_short_circuit_decorator']) retrieved from /home/chinnu/.local/lib/python3.10/site-packages/airflow/example_dags/example_short_circuit_decorator.py
[2023-05-26T21:16:17.919+0400] {logging_mixin.py:149} INFO - [2023-05-26T21:16:17.919+0400] {dag.py:2726} INFO - Sync 1 DAGs
[2023-05-26T21:16:17.959+0400] {logging_mixin.py:149} INFO - [2023-05-26T21:16:17.959+0400] {dag.py:3486} INFO - Setting next_dagrun for example_short_circuit_decorator to 2023-05-25T17:16:17.958530+00:00, run_after=2023-05-26T17:16:17.958530+00:00
[2023-05-26T21:16:18.066+0400] {processor.py:179} INFO - Processing /home/chinnu/.local/lib/python3.10/site-packages/airflow/example_dags/example_short_circuit_decorator.py took 0.227 seconds
[2023-05-26T21:17:24.662+0400] {processor.py:157} INFO - Started process (PID=16763) to work on /home/chinnu/.local/lib/python3.10/site-packages/airflow/example_dags/example_short_circuit_decorator.py
[2023-05-26T21:17:24.664+0400] {processor.py:826} INFO - Processing file /home/chinnu/.local/lib/python3.10/site-packages/airflow/example_dags/example_short_circuit_decorator.py for tasks to queue
[2023-05-26T21:17:24.665+0400] {logging_mixin.py:149} INFO - [2023-05-26T21:17:24.665+0400] {dagbag.py:541} INFO - Filling up the DagBag from /home/chinnu/.local/lib/python3.10/site-packages/airflow/example_dags/example_short_circuit_decorator.py
[2023-05-26T21:17:24.686+0400] {processor.py:836} INFO - DAG(s) dict_keys(['example_short_circuit_decorator']) retrieved from /home/chinnu/.local/lib/python3.10/site-packages/airflow/example_dags/example_short_circuit_decorator.py
[2023-05-26T21:17:24.722+0400] {logging_mixin.py:149} INFO - [2023-05-26T21:17:24.722+0400] {dag.py:2726} INFO - Sync 1 DAGs
[2023-05-26T21:17:24.746+0400] {logging_mixin.py:149} INFO - [2023-05-26T21:17:24.746+0400] {dag.py:3486} INFO - Setting next_dagrun for example_short_circuit_decorator to 2023-05-25T17:17:24.745885+00:00, run_after=2023-05-26T17:17:24.745885+00:00
[2023-05-26T21:17:24.778+0400] {processor.py:179} INFO - Processing /home/chinnu/.local/lib/python3.10/site-packages/airflow/example_dags/example_short_circuit_decorator.py took 0.124 seconds
[2023-05-26T21:19:02.073+0400] {processor.py:157} INFO - Started process (PID=16851) to work on /home/chinnu/.local/lib/python3.10/site-packages/airflow/example_dags/example_short_circuit_decorator.py
[2023-05-26T21:19:02.075+0400] {processor.py:826} INFO - Processing file /home/chinnu/.local/lib/python3.10/site-packages/airflow/example_dags/example_short_circuit_decorator.py for tasks to queue
[2023-05-26T21:19:02.076+0400] {logging_mixin.py:149} INFO - [2023-05-26T21:19:02.076+0400] {dagbag.py:541} INFO - Filling up the DagBag from /home/chinnu/.local/lib/python3.10/site-packages/airflow/example_dags/example_short_circuit_decorator.py
[2023-05-26T21:19:02.101+0400] {processor.py:836} INFO - DAG(s) dict_keys(['example_short_circuit_decorator']) retrieved from /home/chinnu/.local/lib/python3.10/site-packages/airflow/example_dags/example_short_circuit_decorator.py
[2023-05-26T21:19:02.165+0400] {logging_mixin.py:149} INFO - [2023-05-26T21:19:02.165+0400] {dag.py:2726} INFO - Sync 1 DAGs
[2023-05-26T21:19:02.208+0400] {logging_mixin.py:149} INFO - [2023-05-26T21:19:02.207+0400] {dag.py:3486} INFO - Setting next_dagrun for example_short_circuit_decorator to 2023-05-25T17:19:02.207353+00:00, run_after=2023-05-26T17:19:02.207353+00:00
[2023-05-26T21:19:02.252+0400] {processor.py:179} INFO - Processing /home/chinnu/.local/lib/python3.10/site-packages/airflow/example_dags/example_short_circuit_decorator.py took 0.190 seconds
[2023-05-26T21:19:46.774+0400] {processor.py:157} INFO - Started process (PID=16902) to work on /home/chinnu/.local/lib/python3.10/site-packages/airflow/example_dags/example_short_circuit_decorator.py
[2023-05-26T21:19:46.777+0400] {processor.py:826} INFO - Processing file /home/chinnu/.local/lib/python3.10/site-packages/airflow/example_dags/example_short_circuit_decorator.py for tasks to queue
[2023-05-26T21:19:46.779+0400] {logging_mixin.py:149} INFO - [2023-05-26T21:19:46.779+0400] {dagbag.py:541} INFO - Filling up the DagBag from /home/chinnu/.local/lib/python3.10/site-packages/airflow/example_dags/example_short_circuit_decorator.py
[2023-05-26T21:19:46.817+0400] {processor.py:836} INFO - DAG(s) dict_keys(['example_short_circuit_decorator']) retrieved from /home/chinnu/.local/lib/python3.10/site-packages/airflow/example_dags/example_short_circuit_decorator.py
[2023-05-26T21:19:47.096+0400] {logging_mixin.py:149} INFO - [2023-05-26T21:19:47.096+0400] {dag.py:2726} INFO - Sync 1 DAGs
[2023-05-26T21:19:47.128+0400] {logging_mixin.py:149} INFO - [2023-05-26T21:19:47.128+0400] {dag.py:3486} INFO - Setting next_dagrun for example_short_circuit_decorator to 2023-05-25T17:19:47.128350+00:00, run_after=2023-05-26T17:19:47.128350+00:00
[2023-05-26T21:19:47.167+0400] {processor.py:179} INFO - Processing /home/chinnu/.local/lib/python3.10/site-packages/airflow/example_dags/example_short_circuit_decorator.py took 0.406 seconds
[2023-05-26T21:20:59.115+0400] {processor.py:157} INFO - Started process (PID=16984) to work on /home/chinnu/.local/lib/python3.10/site-packages/airflow/example_dags/example_short_circuit_decorator.py
[2023-05-26T21:20:59.118+0400] {processor.py:826} INFO - Processing file /home/chinnu/.local/lib/python3.10/site-packages/airflow/example_dags/example_short_circuit_decorator.py for tasks to queue
[2023-05-26T21:20:59.120+0400] {logging_mixin.py:149} INFO - [2023-05-26T21:20:59.120+0400] {dagbag.py:541} INFO - Filling up the DagBag from /home/chinnu/.local/lib/python3.10/site-packages/airflow/example_dags/example_short_circuit_decorator.py
[2023-05-26T21:20:59.146+0400] {processor.py:836} INFO - DAG(s) dict_keys(['example_short_circuit_decorator']) retrieved from /home/chinnu/.local/lib/python3.10/site-packages/airflow/example_dags/example_short_circuit_decorator.py
[2023-05-26T21:20:59.203+0400] {logging_mixin.py:149} INFO - [2023-05-26T21:20:59.203+0400] {dag.py:2726} INFO - Sync 1 DAGs
[2023-05-26T21:20:59.246+0400] {logging_mixin.py:149} INFO - [2023-05-26T21:20:59.246+0400] {dag.py:3486} INFO - Setting next_dagrun for example_short_circuit_decorator to 2023-05-25T17:20:59.245418+00:00, run_after=2023-05-26T17:20:59.245418+00:00
[2023-05-26T21:20:59.293+0400] {processor.py:179} INFO - Processing /home/chinnu/.local/lib/python3.10/site-packages/airflow/example_dags/example_short_circuit_decorator.py took 0.191 seconds
[2023-05-26T21:21:41.165+0400] {processor.py:157} INFO - Started process (PID=17034) to work on /home/chinnu/.local/lib/python3.10/site-packages/airflow/example_dags/example_short_circuit_decorator.py
[2023-05-26T21:21:41.167+0400] {processor.py:826} INFO - Processing file /home/chinnu/.local/lib/python3.10/site-packages/airflow/example_dags/example_short_circuit_decorator.py for tasks to queue
[2023-05-26T21:21:41.169+0400] {logging_mixin.py:149} INFO - [2023-05-26T21:21:41.168+0400] {dagbag.py:541} INFO - Filling up the DagBag from /home/chinnu/.local/lib/python3.10/site-packages/airflow/example_dags/example_short_circuit_decorator.py
[2023-05-26T21:21:41.191+0400] {processor.py:836} INFO - DAG(s) dict_keys(['example_short_circuit_decorator']) retrieved from /home/chinnu/.local/lib/python3.10/site-packages/airflow/example_dags/example_short_circuit_decorator.py
[2023-05-26T21:21:41.236+0400] {logging_mixin.py:149} INFO - [2023-05-26T21:21:41.236+0400] {dag.py:2726} INFO - Sync 1 DAGs
[2023-05-26T21:21:41.261+0400] {logging_mixin.py:149} INFO - [2023-05-26T21:21:41.261+0400] {dag.py:3486} INFO - Setting next_dagrun for example_short_circuit_decorator to 2023-05-25T17:21:41.261366+00:00, run_after=2023-05-26T17:21:41.261366+00:00
[2023-05-26T21:21:41.296+0400] {processor.py:179} INFO - Processing /home/chinnu/.local/lib/python3.10/site-packages/airflow/example_dags/example_short_circuit_decorator.py took 0.139 seconds
[2023-05-26T21:22:23.436+0400] {processor.py:157} INFO - Started process (PID=17083) to work on /home/chinnu/.local/lib/python3.10/site-packages/airflow/example_dags/example_short_circuit_decorator.py
[2023-05-26T21:22:23.440+0400] {processor.py:826} INFO - Processing file /home/chinnu/.local/lib/python3.10/site-packages/airflow/example_dags/example_short_circuit_decorator.py for tasks to queue
[2023-05-26T21:22:23.442+0400] {logging_mixin.py:149} INFO - [2023-05-26T21:22:23.441+0400] {dagbag.py:541} INFO - Filling up the DagBag from /home/chinnu/.local/lib/python3.10/site-packages/airflow/example_dags/example_short_circuit_decorator.py
[2023-05-26T21:22:23.476+0400] {processor.py:836} INFO - DAG(s) dict_keys(['example_short_circuit_decorator']) retrieved from /home/chinnu/.local/lib/python3.10/site-packages/airflow/example_dags/example_short_circuit_decorator.py
[2023-05-26T21:22:23.525+0400] {logging_mixin.py:149} INFO - [2023-05-26T21:22:23.525+0400] {dag.py:2726} INFO - Sync 1 DAGs
[2023-05-26T21:22:23.560+0400] {logging_mixin.py:149} INFO - [2023-05-26T21:22:23.560+0400] {dag.py:3486} INFO - Setting next_dagrun for example_short_circuit_decorator to 2023-05-25T17:22:23.560179+00:00, run_after=2023-05-26T17:22:23.560179+00:00
[2023-05-26T21:22:23.601+0400] {processor.py:179} INFO - Processing /home/chinnu/.local/lib/python3.10/site-packages/airflow/example_dags/example_short_circuit_decorator.py took 0.178 seconds
[2023-05-26T21:23:06.757+0400] {processor.py:157} INFO - Started process (PID=17134) to work on /home/chinnu/.local/lib/python3.10/site-packages/airflow/example_dags/example_short_circuit_decorator.py
[2023-05-26T21:23:06.759+0400] {processor.py:826} INFO - Processing file /home/chinnu/.local/lib/python3.10/site-packages/airflow/example_dags/example_short_circuit_decorator.py for tasks to queue
[2023-05-26T21:23:06.760+0400] {logging_mixin.py:149} INFO - [2023-05-26T21:23:06.760+0400] {dagbag.py:541} INFO - Filling up the DagBag from /home/chinnu/.local/lib/python3.10/site-packages/airflow/example_dags/example_short_circuit_decorator.py
[2023-05-26T21:23:06.781+0400] {processor.py:836} INFO - DAG(s) dict_keys(['example_short_circuit_decorator']) retrieved from /home/chinnu/.local/lib/python3.10/site-packages/airflow/example_dags/example_short_circuit_decorator.py
[2023-05-26T21:23:06.816+0400] {logging_mixin.py:149} INFO - [2023-05-26T21:23:06.815+0400] {dag.py:2726} INFO - Sync 1 DAGs
[2023-05-26T21:23:06.840+0400] {logging_mixin.py:149} INFO - [2023-05-26T21:23:06.840+0400] {dag.py:3486} INFO - Setting next_dagrun for example_short_circuit_decorator to 2023-05-25T17:23:06.839756+00:00, run_after=2023-05-26T17:23:06.839756+00:00
[2023-05-26T21:23:06.872+0400] {processor.py:179} INFO - Processing /home/chinnu/.local/lib/python3.10/site-packages/airflow/example_dags/example_short_circuit_decorator.py took 0.129 seconds
[2023-05-26T21:23:46.020+0400] {processor.py:157} INFO - Started process (PID=17183) to work on /home/chinnu/.local/lib/python3.10/site-packages/airflow/example_dags/example_short_circuit_decorator.py
[2023-05-26T21:23:46.022+0400] {processor.py:826} INFO - Processing file /home/chinnu/.local/lib/python3.10/site-packages/airflow/example_dags/example_short_circuit_decorator.py for tasks to queue
[2023-05-26T21:23:46.024+0400] {logging_mixin.py:149} INFO - [2023-05-26T21:23:46.024+0400] {dagbag.py:541} INFO - Filling up the DagBag from /home/chinnu/.local/lib/python3.10/site-packages/airflow/example_dags/example_short_circuit_decorator.py
[2023-05-26T21:23:46.043+0400] {processor.py:836} INFO - DAG(s) dict_keys(['example_short_circuit_decorator']) retrieved from /home/chinnu/.local/lib/python3.10/site-packages/airflow/example_dags/example_short_circuit_decorator.py
[2023-05-26T21:23:46.077+0400] {logging_mixin.py:149} INFO - [2023-05-26T21:23:46.077+0400] {dag.py:2726} INFO - Sync 1 DAGs
[2023-05-26T21:23:46.101+0400] {logging_mixin.py:149} INFO - [2023-05-26T21:23:46.101+0400] {dag.py:3486} INFO - Setting next_dagrun for example_short_circuit_decorator to 2023-05-25T17:23:46.100958+00:00, run_after=2023-05-26T17:23:46.100958+00:00
[2023-05-26T21:23:46.129+0400] {processor.py:179} INFO - Processing /home/chinnu/.local/lib/python3.10/site-packages/airflow/example_dags/example_short_circuit_decorator.py took 0.117 seconds
[2023-05-26T21:24:23.744+0400] {processor.py:157} INFO - Started process (PID=17228) to work on /home/chinnu/.local/lib/python3.10/site-packages/airflow/example_dags/example_short_circuit_decorator.py
[2023-05-26T21:24:23.746+0400] {processor.py:826} INFO - Processing file /home/chinnu/.local/lib/python3.10/site-packages/airflow/example_dags/example_short_circuit_decorator.py for tasks to queue
[2023-05-26T21:24:23.747+0400] {logging_mixin.py:149} INFO - [2023-05-26T21:24:23.746+0400] {dagbag.py:541} INFO - Filling up the DagBag from /home/chinnu/.local/lib/python3.10/site-packages/airflow/example_dags/example_short_circuit_decorator.py
[2023-05-26T21:24:23.763+0400] {processor.py:836} INFO - DAG(s) dict_keys(['example_short_circuit_decorator']) retrieved from /home/chinnu/.local/lib/python3.10/site-packages/airflow/example_dags/example_short_circuit_decorator.py
[2023-05-26T21:24:23.799+0400] {logging_mixin.py:149} INFO - [2023-05-26T21:24:23.799+0400] {dag.py:2726} INFO - Sync 1 DAGs
[2023-05-26T21:24:23.830+0400] {logging_mixin.py:149} INFO - [2023-05-26T21:24:23.830+0400] {dag.py:3486} INFO - Setting next_dagrun for example_short_circuit_decorator to 2023-05-25T17:24:23.830204+00:00, run_after=2023-05-26T17:24:23.830204+00:00
[2023-05-26T21:24:23.869+0400] {processor.py:179} INFO - Processing /home/chinnu/.local/lib/python3.10/site-packages/airflow/example_dags/example_short_circuit_decorator.py took 0.131 seconds
[2023-05-26T21:25:01.384+0400] {processor.py:157} INFO - Started process (PID=17277) to work on /home/chinnu/.local/lib/python3.10/site-packages/airflow/example_dags/example_short_circuit_decorator.py
[2023-05-26T21:25:01.385+0400] {processor.py:826} INFO - Processing file /home/chinnu/.local/lib/python3.10/site-packages/airflow/example_dags/example_short_circuit_decorator.py for tasks to queue
[2023-05-26T21:25:01.386+0400] {logging_mixin.py:149} INFO - [2023-05-26T21:25:01.386+0400] {dagbag.py:541} INFO - Filling up the DagBag from /home/chinnu/.local/lib/python3.10/site-packages/airflow/example_dags/example_short_circuit_decorator.py
[2023-05-26T21:25:01.401+0400] {processor.py:836} INFO - DAG(s) dict_keys(['example_short_circuit_decorator']) retrieved from /home/chinnu/.local/lib/python3.10/site-packages/airflow/example_dags/example_short_circuit_decorator.py
[2023-05-26T21:25:01.433+0400] {logging_mixin.py:149} INFO - [2023-05-26T21:25:01.433+0400] {dag.py:2726} INFO - Sync 1 DAGs
[2023-05-26T21:25:01.457+0400] {logging_mixin.py:149} INFO - [2023-05-26T21:25:01.456+0400] {dag.py:3486} INFO - Setting next_dagrun for example_short_circuit_decorator to 2023-05-25T17:25:01.456665+00:00, run_after=2023-05-26T17:25:01.456665+00:00
[2023-05-26T21:25:01.488+0400] {processor.py:179} INFO - Processing /home/chinnu/.local/lib/python3.10/site-packages/airflow/example_dags/example_short_circuit_decorator.py took 0.110 seconds
[2023-05-26T21:48:26.790+0400] {processor.py:157} INFO - Started process (PID=82) to work on /home/chinnu/.local/lib/python3.10/site-packages/airflow/example_dags/example_short_circuit_decorator.py
[2023-05-26T21:48:26.792+0400] {processor.py:826} INFO - Processing file /home/chinnu/.local/lib/python3.10/site-packages/airflow/example_dags/example_short_circuit_decorator.py for tasks to queue
[2023-05-26T21:48:26.793+0400] {logging_mixin.py:149} INFO - [2023-05-26T21:48:26.793+0400] {dagbag.py:541} INFO - Filling up the DagBag from /home/chinnu/.local/lib/python3.10/site-packages/airflow/example_dags/example_short_circuit_decorator.py
[2023-05-26T21:48:26.807+0400] {processor.py:836} INFO - DAG(s) dict_keys(['example_short_circuit_decorator']) retrieved from /home/chinnu/.local/lib/python3.10/site-packages/airflow/example_dags/example_short_circuit_decorator.py
[2023-05-26T21:48:26.842+0400] {logging_mixin.py:149} INFO - [2023-05-26T21:48:26.842+0400] {dag.py:2726} INFO - Sync 1 DAGs
[2023-05-26T21:48:26.867+0400] {logging_mixin.py:149} INFO - [2023-05-26T21:48:26.867+0400] {dag.py:3486} INFO - Setting next_dagrun for example_short_circuit_decorator to 2023-05-25T17:48:26.867104+00:00, run_after=2023-05-26T17:48:26.867104+00:00
[2023-05-26T21:48:26.893+0400] {processor.py:179} INFO - Processing /home/chinnu/.local/lib/python3.10/site-packages/airflow/example_dags/example_short_circuit_decorator.py took 0.108 seconds
[2023-05-26T21:52:28.932+0400] {processor.py:157} INFO - Started process (PID=65) to work on /home/chinnu/.local/lib/python3.10/site-packages/airflow/example_dags/example_short_circuit_decorator.py
[2023-05-26T21:52:28.935+0400] {processor.py:826} INFO - Processing file /home/chinnu/.local/lib/python3.10/site-packages/airflow/example_dags/example_short_circuit_decorator.py for tasks to queue
[2023-05-26T21:52:28.936+0400] {logging_mixin.py:149} INFO - [2023-05-26T21:52:28.936+0400] {dagbag.py:541} INFO - Filling up the DagBag from /home/chinnu/.local/lib/python3.10/site-packages/airflow/example_dags/example_short_circuit_decorator.py
[2023-05-26T21:52:28.955+0400] {processor.py:836} INFO - DAG(s) dict_keys(['example_short_circuit_decorator']) retrieved from /home/chinnu/.local/lib/python3.10/site-packages/airflow/example_dags/example_short_circuit_decorator.py
[2023-05-26T21:52:29.012+0400] {logging_mixin.py:149} INFO - [2023-05-26T21:52:29.012+0400] {dag.py:2726} INFO - Sync 1 DAGs
[2023-05-26T21:52:29.045+0400] {logging_mixin.py:149} INFO - [2023-05-26T21:52:29.045+0400] {dag.py:3486} INFO - Setting next_dagrun for example_short_circuit_decorator to 2023-05-25T17:52:29.044727+00:00, run_after=2023-05-26T17:52:29.044727+00:00
[2023-05-26T21:52:29.083+0400] {processor.py:179} INFO - Processing /home/chinnu/.local/lib/python3.10/site-packages/airflow/example_dags/example_short_circuit_decorator.py took 0.159 seconds
[2023-05-26T21:53:28.984+0400] {processor.py:157} INFO - Started process (PID=115) to work on /home/chinnu/.local/lib/python3.10/site-packages/airflow/example_dags/example_short_circuit_decorator.py
[2023-05-26T21:53:28.986+0400] {processor.py:826} INFO - Processing file /home/chinnu/.local/lib/python3.10/site-packages/airflow/example_dags/example_short_circuit_decorator.py for tasks to queue
[2023-05-26T21:53:28.988+0400] {logging_mixin.py:149} INFO - [2023-05-26T21:53:28.988+0400] {dagbag.py:541} INFO - Filling up the DagBag from /home/chinnu/.local/lib/python3.10/site-packages/airflow/example_dags/example_short_circuit_decorator.py
[2023-05-26T21:53:29.014+0400] {processor.py:836} INFO - DAG(s) dict_keys(['example_short_circuit_decorator']) retrieved from /home/chinnu/.local/lib/python3.10/site-packages/airflow/example_dags/example_short_circuit_decorator.py
[2023-05-26T21:53:29.061+0400] {logging_mixin.py:149} INFO - [2023-05-26T21:53:29.061+0400] {dag.py:2726} INFO - Sync 1 DAGs
[2023-05-26T21:53:29.303+0400] {logging_mixin.py:149} INFO - [2023-05-26T21:53:29.302+0400] {dag.py:3486} INFO - Setting next_dagrun for example_short_circuit_decorator to 2023-05-25T17:53:29.302599+00:00, run_after=2023-05-26T17:53:29.302599+00:00
[2023-05-26T21:53:29.333+0400] {processor.py:179} INFO - Processing /home/chinnu/.local/lib/python3.10/site-packages/airflow/example_dags/example_short_circuit_decorator.py took 0.359 seconds
[2023-05-26T21:54:26.550+0400] {processor.py:157} INFO - Started process (PID=193) to work on /home/chinnu/.local/lib/python3.10/site-packages/airflow/example_dags/example_short_circuit_decorator.py
[2023-05-26T21:54:26.552+0400] {processor.py:826} INFO - Processing file /home/chinnu/.local/lib/python3.10/site-packages/airflow/example_dags/example_short_circuit_decorator.py for tasks to queue
[2023-05-26T21:54:26.553+0400] {logging_mixin.py:149} INFO - [2023-05-26T21:54:26.553+0400] {dagbag.py:541} INFO - Filling up the DagBag from /home/chinnu/.local/lib/python3.10/site-packages/airflow/example_dags/example_short_circuit_decorator.py
[2023-05-26T21:54:26.569+0400] {processor.py:836} INFO - DAG(s) dict_keys(['example_short_circuit_decorator']) retrieved from /home/chinnu/.local/lib/python3.10/site-packages/airflow/example_dags/example_short_circuit_decorator.py
[2023-05-26T21:54:26.606+0400] {logging_mixin.py:149} INFO - [2023-05-26T21:54:26.606+0400] {dag.py:2726} INFO - Sync 1 DAGs
[2023-05-26T21:54:26.634+0400] {logging_mixin.py:149} INFO - [2023-05-26T21:54:26.633+0400] {dag.py:3486} INFO - Setting next_dagrun for example_short_circuit_decorator to 2023-05-25T17:54:26.633273+00:00, run_after=2023-05-26T17:54:26.633273+00:00
[2023-05-26T21:54:26.670+0400] {processor.py:179} INFO - Processing /home/chinnu/.local/lib/python3.10/site-packages/airflow/example_dags/example_short_circuit_decorator.py took 0.126 seconds
[2023-05-26T22:06:14.618+0400] {processor.py:157} INFO - Started process (PID=2534) to work on /home/chinnu/.local/lib/python3.10/site-packages/airflow/example_dags/example_short_circuit_decorator.py
[2023-05-26T22:06:14.630+0400] {processor.py:826} INFO - Processing file /home/chinnu/.local/lib/python3.10/site-packages/airflow/example_dags/example_short_circuit_decorator.py for tasks to queue
[2023-05-26T22:06:14.631+0400] {logging_mixin.py:149} INFO - [2023-05-26T22:06:14.631+0400] {dagbag.py:541} INFO - Filling up the DagBag from /home/chinnu/.local/lib/python3.10/site-packages/airflow/example_dags/example_short_circuit_decorator.py
[2023-05-26T22:06:14.669+0400] {processor.py:836} INFO - DAG(s) dict_keys(['example_short_circuit_decorator']) retrieved from /home/chinnu/.local/lib/python3.10/site-packages/airflow/example_dags/example_short_circuit_decorator.py
[2023-05-26T22:06:14.773+0400] {logging_mixin.py:149} INFO - [2023-05-26T22:06:14.773+0400] {dag.py:2726} INFO - Sync 1 DAGs
[2023-05-26T22:06:14.829+0400] {logging_mixin.py:149} INFO - [2023-05-26T22:06:14.828+0400] {dag.py:3486} INFO - Setting next_dagrun for example_short_circuit_decorator to 2023-05-25T18:06:14.828151+00:00, run_after=2023-05-26T18:06:14.828151+00:00
[2023-05-26T22:06:14.890+0400] {processor.py:179} INFO - Processing /home/chinnu/.local/lib/python3.10/site-packages/airflow/example_dags/example_short_circuit_decorator.py took 0.287 seconds
[2023-05-26T22:07:32.777+0400] {processor.py:157} INFO - Started process (PID=2584) to work on /home/chinnu/.local/lib/python3.10/site-packages/airflow/example_dags/example_short_circuit_decorator.py
[2023-05-26T22:07:32.781+0400] {processor.py:826} INFO - Processing file /home/chinnu/.local/lib/python3.10/site-packages/airflow/example_dags/example_short_circuit_decorator.py for tasks to queue
[2023-05-26T22:07:32.782+0400] {logging_mixin.py:149} INFO - [2023-05-26T22:07:32.782+0400] {dagbag.py:541} INFO - Filling up the DagBag from /home/chinnu/.local/lib/python3.10/site-packages/airflow/example_dags/example_short_circuit_decorator.py
[2023-05-26T22:07:32.815+0400] {processor.py:836} INFO - DAG(s) dict_keys(['example_short_circuit_decorator']) retrieved from /home/chinnu/.local/lib/python3.10/site-packages/airflow/example_dags/example_short_circuit_decorator.py
[2023-05-26T22:07:32.899+0400] {logging_mixin.py:149} INFO - [2023-05-26T22:07:32.896+0400] {dag.py:2726} INFO - Sync 1 DAGs
[2023-05-26T22:07:33.518+0400] {logging_mixin.py:149} INFO - [2023-05-26T22:07:33.518+0400] {dag.py:3486} INFO - Setting next_dagrun for example_short_circuit_decorator to 2023-05-25T18:07:33.517517+00:00, run_after=2023-05-26T18:07:33.517517+00:00
[2023-05-26T22:07:33.576+0400] {processor.py:179} INFO - Processing /home/chinnu/.local/lib/python3.10/site-packages/airflow/example_dags/example_short_circuit_decorator.py took 0.807 seconds
