[2023-05-26T19:38:39.669+0400] {processor.py:157} INFO - Started process (PID=209) to work on /home/chinnu/.local/lib/python3.10/site-packages/airflow/example_dags/example_task_group_decorator.py
[2023-05-26T19:38:39.675+0400] {processor.py:826} INFO - Processing file /home/chinnu/.local/lib/python3.10/site-packages/airflow/example_dags/example_task_group_decorator.py for tasks to queue
[2023-05-26T19:38:39.678+0400] {logging_mixin.py:149} INFO - [2023-05-26T19:38:39.677+0400] {dagbag.py:541} INFO - Filling up the DagBag from /home/chinnu/.local/lib/python3.10/site-packages/airflow/example_dags/example_task_group_decorator.py
[2023-05-26T19:38:39.750+0400] {processor.py:836} INFO - DAG(s) dict_keys(['example_task_group_decorator']) retrieved from /home/chinnu/.local/lib/python3.10/site-packages/airflow/example_dags/example_task_group_decorator.py
[2023-05-26T19:38:39.837+0400] {logging_mixin.py:149} INFO - [2023-05-26T19:38:39.837+0400] {dag.py:2726} INFO - Sync 1 DAGs
[2023-05-26T19:38:39.863+0400] {logging_mixin.py:149} INFO - [2023-05-26T19:38:39.863+0400] {dag.py:3486} INFO - Setting next_dagrun for example_task_group_decorator to 2023-05-25T15:38:39.862961+00:00, run_after=2023-05-26T15:38:39.862961+00:00
[2023-05-26T19:38:39.899+0400] {processor.py:179} INFO - Processing /home/chinnu/.local/lib/python3.10/site-packages/airflow/example_dags/example_task_group_decorator.py took 0.251 seconds
[2023-05-26T19:39:37.327+0400] {processor.py:157} INFO - Started process (PID=260) to work on /home/chinnu/.local/lib/python3.10/site-packages/airflow/example_dags/example_task_group_decorator.py
[2023-05-26T19:39:37.330+0400] {processor.py:826} INFO - Processing file /home/chinnu/.local/lib/python3.10/site-packages/airflow/example_dags/example_task_group_decorator.py for tasks to queue
[2023-05-26T19:39:37.332+0400] {logging_mixin.py:149} INFO - [2023-05-26T19:39:37.331+0400] {dagbag.py:541} INFO - Filling up the DagBag from /home/chinnu/.local/lib/python3.10/site-packages/airflow/example_dags/example_task_group_decorator.py
[2023-05-26T19:39:37.369+0400] {processor.py:836} INFO - DAG(s) dict_keys(['example_task_group_decorator']) retrieved from /home/chinnu/.local/lib/python3.10/site-packages/airflow/example_dags/example_task_group_decorator.py
[2023-05-26T19:39:37.410+0400] {logging_mixin.py:149} INFO - [2023-05-26T19:39:37.410+0400] {dag.py:2726} INFO - Sync 1 DAGs
[2023-05-26T19:39:37.431+0400] {logging_mixin.py:149} INFO - [2023-05-26T19:39:37.430+0400] {dag.py:3486} INFO - Setting next_dagrun for example_task_group_decorator to 2023-05-25T15:39:37.430560+00:00, run_after=2023-05-26T15:39:37.430560+00:00
[2023-05-26T19:39:37.472+0400] {processor.py:179} INFO - Processing /home/chinnu/.local/lib/python3.10/site-packages/airflow/example_dags/example_task_group_decorator.py took 0.159 seconds
[2023-05-26T19:40:26.620+0400] {processor.py:157} INFO - Started process (PID=820) to work on /home/chinnu/.local/lib/python3.10/site-packages/airflow/example_dags/example_task_group_decorator.py
[2023-05-26T19:40:26.621+0400] {processor.py:826} INFO - Processing file /home/chinnu/.local/lib/python3.10/site-packages/airflow/example_dags/example_task_group_decorator.py for tasks to queue
[2023-05-26T19:40:26.623+0400] {logging_mixin.py:149} INFO - [2023-05-26T19:40:26.622+0400] {dagbag.py:541} INFO - Filling up the DagBag from /home/chinnu/.local/lib/python3.10/site-packages/airflow/example_dags/example_task_group_decorator.py
[2023-05-26T19:40:26.644+0400] {processor.py:836} INFO - DAG(s) dict_keys(['example_task_group_decorator']) retrieved from /home/chinnu/.local/lib/python3.10/site-packages/airflow/example_dags/example_task_group_decorator.py
[2023-05-26T19:40:26.681+0400] {logging_mixin.py:149} INFO - [2023-05-26T19:40:26.681+0400] {dag.py:2726} INFO - Sync 1 DAGs
[2023-05-26T19:40:26.701+0400] {logging_mixin.py:149} INFO - [2023-05-26T19:40:26.701+0400] {dag.py:3486} INFO - Setting next_dagrun for example_task_group_decorator to 2023-05-25T15:40:26.700966+00:00, run_after=2023-05-26T15:40:26.700966+00:00
[2023-05-26T19:40:26.732+0400] {processor.py:179} INFO - Processing /home/chinnu/.local/lib/python3.10/site-packages/airflow/example_dags/example_task_group_decorator.py took 0.119 seconds
[2023-05-26T19:41:37.570+0400] {processor.py:157} INFO - Started process (PID=882) to work on /home/chinnu/.local/lib/python3.10/site-packages/airflow/example_dags/example_task_group_decorator.py
[2023-05-26T19:41:37.577+0400] {processor.py:826} INFO - Processing file /home/chinnu/.local/lib/python3.10/site-packages/airflow/example_dags/example_task_group_decorator.py for tasks to queue
[2023-05-26T19:41:37.580+0400] {logging_mixin.py:149} INFO - [2023-05-26T19:41:37.580+0400] {dagbag.py:541} INFO - Filling up the DagBag from /home/chinnu/.local/lib/python3.10/site-packages/airflow/example_dags/example_task_group_decorator.py
[2023-05-26T19:41:37.621+0400] {processor.py:836} INFO - DAG(s) dict_keys(['example_task_group_decorator']) retrieved from /home/chinnu/.local/lib/python3.10/site-packages/airflow/example_dags/example_task_group_decorator.py
[2023-05-26T19:41:37.687+0400] {logging_mixin.py:149} INFO - [2023-05-26T19:41:37.687+0400] {dag.py:2726} INFO - Sync 1 DAGs
[2023-05-26T19:41:37.726+0400] {logging_mixin.py:149} INFO - [2023-05-26T19:41:37.726+0400] {dag.py:3486} INFO - Setting next_dagrun for example_task_group_decorator to 2023-05-25T15:41:37.725992+00:00, run_after=2023-05-26T15:41:37.725992+00:00
[2023-05-26T19:41:37.765+0400] {processor.py:179} INFO - Processing /home/chinnu/.local/lib/python3.10/site-packages/airflow/example_dags/example_task_group_decorator.py took 0.215 seconds
[2023-05-26T19:43:07.763+0400] {processor.py:157} INFO - Started process (PID=1475) to work on /home/chinnu/.local/lib/python3.10/site-packages/airflow/example_dags/example_task_group_decorator.py
[2023-05-26T19:43:07.769+0400] {processor.py:826} INFO - Processing file /home/chinnu/.local/lib/python3.10/site-packages/airflow/example_dags/example_task_group_decorator.py for tasks to queue
[2023-05-26T19:43:07.772+0400] {logging_mixin.py:149} INFO - [2023-05-26T19:43:07.771+0400] {dagbag.py:541} INFO - Filling up the DagBag from /home/chinnu/.local/lib/python3.10/site-packages/airflow/example_dags/example_task_group_decorator.py
[2023-05-26T19:43:07.828+0400] {processor.py:836} INFO - DAG(s) dict_keys(['example_task_group_decorator']) retrieved from /home/chinnu/.local/lib/python3.10/site-packages/airflow/example_dags/example_task_group_decorator.py
[2023-05-26T19:43:07.895+0400] {logging_mixin.py:149} INFO - [2023-05-26T19:43:07.894+0400] {dag.py:2726} INFO - Sync 1 DAGs
[2023-05-26T19:43:08.123+0400] {logging_mixin.py:149} INFO - [2023-05-26T19:43:08.122+0400] {dag.py:3486} INFO - Setting next_dagrun for example_task_group_decorator to 2023-05-25T15:43:08.122653+00:00, run_after=2023-05-26T15:43:08.122653+00:00
[2023-05-26T19:43:08.155+0400] {processor.py:179} INFO - Processing /home/chinnu/.local/lib/python3.10/site-packages/airflow/example_dags/example_task_group_decorator.py took 0.403 seconds
[2023-05-26T19:44:19.626+0400] {processor.py:157} INFO - Started process (PID=1535) to work on /home/chinnu/.local/lib/python3.10/site-packages/airflow/example_dags/example_task_group_decorator.py
[2023-05-26T19:44:19.634+0400] {processor.py:826} INFO - Processing file /home/chinnu/.local/lib/python3.10/site-packages/airflow/example_dags/example_task_group_decorator.py for tasks to queue
[2023-05-26T19:44:19.637+0400] {logging_mixin.py:149} INFO - [2023-05-26T19:44:19.636+0400] {dagbag.py:541} INFO - Filling up the DagBag from /home/chinnu/.local/lib/python3.10/site-packages/airflow/example_dags/example_task_group_decorator.py
[2023-05-26T19:44:19.722+0400] {processor.py:836} INFO - DAG(s) dict_keys(['example_task_group_decorator']) retrieved from /home/chinnu/.local/lib/python3.10/site-packages/airflow/example_dags/example_task_group_decorator.py
[2023-05-26T19:44:19.865+0400] {logging_mixin.py:149} INFO - [2023-05-26T19:44:19.865+0400] {dag.py:2726} INFO - Sync 1 DAGs
[2023-05-26T19:44:19.955+0400] {logging_mixin.py:149} INFO - [2023-05-26T19:44:19.955+0400] {dag.py:3486} INFO - Setting next_dagrun for example_task_group_decorator to 2023-05-25T15:44:19.954700+00:00, run_after=2023-05-26T15:44:19.954700+00:00
[2023-05-26T19:44:19.998+0400] {processor.py:179} INFO - Processing /home/chinnu/.local/lib/python3.10/site-packages/airflow/example_dags/example_task_group_decorator.py took 0.395 seconds
[2023-05-26T19:45:24.007+0400] {processor.py:157} INFO - Started process (PID=1587) to work on /home/chinnu/.local/lib/python3.10/site-packages/airflow/example_dags/example_task_group_decorator.py
[2023-05-26T19:45:24.013+0400] {processor.py:826} INFO - Processing file /home/chinnu/.local/lib/python3.10/site-packages/airflow/example_dags/example_task_group_decorator.py for tasks to queue
[2023-05-26T19:45:24.016+0400] {logging_mixin.py:149} INFO - [2023-05-26T19:45:24.015+0400] {dagbag.py:541} INFO - Filling up the DagBag from /home/chinnu/.local/lib/python3.10/site-packages/airflow/example_dags/example_task_group_decorator.py
[2023-05-26T19:45:24.100+0400] {processor.py:836} INFO - DAG(s) dict_keys(['example_task_group_decorator']) retrieved from /home/chinnu/.local/lib/python3.10/site-packages/airflow/example_dags/example_task_group_decorator.py
[2023-05-26T19:45:24.247+0400] {logging_mixin.py:149} INFO - [2023-05-26T19:45:24.247+0400] {dag.py:2726} INFO - Sync 1 DAGs
[2023-05-26T19:45:24.349+0400] {logging_mixin.py:149} INFO - [2023-05-26T19:45:24.348+0400] {dag.py:3486} INFO - Setting next_dagrun for example_task_group_decorator to 2023-05-25T15:45:24.347496+00:00, run_after=2023-05-26T15:45:24.347496+00:00
[2023-05-26T19:45:24.451+0400] {processor.py:179} INFO - Processing /home/chinnu/.local/lib/python3.10/site-packages/airflow/example_dags/example_task_group_decorator.py took 0.469 seconds
[2023-05-26T19:46:20.392+0400] {processor.py:157} INFO - Started process (PID=1638) to work on /home/chinnu/.local/lib/python3.10/site-packages/airflow/example_dags/example_task_group_decorator.py
[2023-05-26T19:46:20.395+0400] {processor.py:826} INFO - Processing file /home/chinnu/.local/lib/python3.10/site-packages/airflow/example_dags/example_task_group_decorator.py for tasks to queue
[2023-05-26T19:46:20.397+0400] {logging_mixin.py:149} INFO - [2023-05-26T19:46:20.397+0400] {dagbag.py:541} INFO - Filling up the DagBag from /home/chinnu/.local/lib/python3.10/site-packages/airflow/example_dags/example_task_group_decorator.py
[2023-05-26T19:46:20.425+0400] {processor.py:836} INFO - DAG(s) dict_keys(['example_task_group_decorator']) retrieved from /home/chinnu/.local/lib/python3.10/site-packages/airflow/example_dags/example_task_group_decorator.py
[2023-05-26T19:46:20.461+0400] {logging_mixin.py:149} INFO - [2023-05-26T19:46:20.461+0400] {dag.py:2726} INFO - Sync 1 DAGs
[2023-05-26T19:46:20.485+0400] {logging_mixin.py:149} INFO - [2023-05-26T19:46:20.485+0400] {dag.py:3486} INFO - Setting next_dagrun for example_task_group_decorator to 2023-05-25T15:46:20.485026+00:00, run_after=2023-05-26T15:46:20.485026+00:00
[2023-05-26T19:46:20.516+0400] {processor.py:179} INFO - Processing /home/chinnu/.local/lib/python3.10/site-packages/airflow/example_dags/example_task_group_decorator.py took 0.136 seconds
[2023-05-26T19:48:06.593+0400] {processor.py:157} INFO - Started process (PID=1689) to work on /home/chinnu/.local/lib/python3.10/site-packages/airflow/example_dags/example_task_group_decorator.py
[2023-05-26T19:48:06.595+0400] {processor.py:826} INFO - Processing file /home/chinnu/.local/lib/python3.10/site-packages/airflow/example_dags/example_task_group_decorator.py for tasks to queue
[2023-05-26T19:48:06.596+0400] {logging_mixin.py:149} INFO - [2023-05-26T19:48:06.596+0400] {dagbag.py:541} INFO - Filling up the DagBag from /home/chinnu/.local/lib/python3.10/site-packages/airflow/example_dags/example_task_group_decorator.py
[2023-05-26T19:48:06.620+0400] {processor.py:836} INFO - DAG(s) dict_keys(['example_task_group_decorator']) retrieved from /home/chinnu/.local/lib/python3.10/site-packages/airflow/example_dags/example_task_group_decorator.py
[2023-05-26T19:48:06.657+0400] {logging_mixin.py:149} INFO - [2023-05-26T19:48:06.657+0400] {dag.py:2726} INFO - Sync 1 DAGs
[2023-05-26T19:48:06.681+0400] {logging_mixin.py:149} INFO - [2023-05-26T19:48:06.681+0400] {dag.py:3486} INFO - Setting next_dagrun for example_task_group_decorator to 2023-05-25T15:48:06.681060+00:00, run_after=2023-05-26T15:48:06.681060+00:00
[2023-05-26T19:48:06.713+0400] {processor.py:179} INFO - Processing /home/chinnu/.local/lib/python3.10/site-packages/airflow/example_dags/example_task_group_decorator.py took 0.128 seconds
[2023-05-26T21:05:28.396+0400] {processor.py:157} INFO - Started process (PID=73) to work on /home/chinnu/.local/lib/python3.10/site-packages/airflow/example_dags/example_task_group_decorator.py
[2023-05-26T21:05:28.407+0400] {processor.py:826} INFO - Processing file /home/chinnu/.local/lib/python3.10/site-packages/airflow/example_dags/example_task_group_decorator.py for tasks to queue
[2023-05-26T21:05:28.409+0400] {logging_mixin.py:149} INFO - [2023-05-26T21:05:28.409+0400] {dagbag.py:541} INFO - Filling up the DagBag from /home/chinnu/.local/lib/python3.10/site-packages/airflow/example_dags/example_task_group_decorator.py
[2023-05-26T21:05:28.460+0400] {processor.py:836} INFO - DAG(s) dict_keys(['example_task_group_decorator']) retrieved from /home/chinnu/.local/lib/python3.10/site-packages/airflow/example_dags/example_task_group_decorator.py
[2023-05-26T21:05:28.522+0400] {logging_mixin.py:149} INFO - [2023-05-26T21:05:28.522+0400] {dag.py:2726} INFO - Sync 1 DAGs
[2023-05-26T21:05:28.550+0400] {logging_mixin.py:149} INFO - [2023-05-26T21:05:28.550+0400] {dag.py:3486} INFO - Setting next_dagrun for example_task_group_decorator to 2023-05-25T17:05:28.549888+00:00, run_after=2023-05-26T17:05:28.549888+00:00
[2023-05-26T21:05:28.580+0400] {processor.py:179} INFO - Processing /home/chinnu/.local/lib/python3.10/site-packages/airflow/example_dags/example_task_group_decorator.py took 0.203 seconds
[2023-05-26T21:06:31.358+0400] {processor.py:157} INFO - Started process (PID=123) to work on /home/chinnu/.local/lib/python3.10/site-packages/airflow/example_dags/example_task_group_decorator.py
[2023-05-26T21:06:31.362+0400] {processor.py:826} INFO - Processing file /home/chinnu/.local/lib/python3.10/site-packages/airflow/example_dags/example_task_group_decorator.py for tasks to queue
[2023-05-26T21:06:31.364+0400] {logging_mixin.py:149} INFO - [2023-05-26T21:06:31.363+0400] {dagbag.py:541} INFO - Filling up the DagBag from /home/chinnu/.local/lib/python3.10/site-packages/airflow/example_dags/example_task_group_decorator.py
[2023-05-26T21:06:31.454+0400] {processor.py:836} INFO - DAG(s) dict_keys(['example_task_group_decorator']) retrieved from /home/chinnu/.local/lib/python3.10/site-packages/airflow/example_dags/example_task_group_decorator.py
[2023-05-26T21:06:31.614+0400] {logging_mixin.py:149} INFO - [2023-05-26T21:06:31.613+0400] {dag.py:2726} INFO - Sync 1 DAGs
[2023-05-26T21:06:32.225+0400] {logging_mixin.py:149} INFO - [2023-05-26T21:06:32.225+0400] {dag.py:3486} INFO - Setting next_dagrun for example_task_group_decorator to 2023-05-25T17:06:32.224718+00:00, run_after=2023-05-26T17:06:32.224718+00:00
[2023-05-26T21:06:32.315+0400] {processor.py:179} INFO - Processing /home/chinnu/.local/lib/python3.10/site-packages/airflow/example_dags/example_task_group_decorator.py took 0.988 seconds
[2023-05-26T21:10:35.381+0400] {processor.py:157} INFO - Started process (PID=1909) to work on /home/chinnu/.local/lib/python3.10/site-packages/airflow/example_dags/example_task_group_decorator.py
[2023-05-26T21:10:35.382+0400] {processor.py:826} INFO - Processing file /home/chinnu/.local/lib/python3.10/site-packages/airflow/example_dags/example_task_group_decorator.py for tasks to queue
[2023-05-26T21:10:35.383+0400] {logging_mixin.py:149} INFO - [2023-05-26T21:10:35.383+0400] {dagbag.py:541} INFO - Filling up the DagBag from /home/chinnu/.local/lib/python3.10/site-packages/airflow/example_dags/example_task_group_decorator.py
[2023-05-26T21:10:35.406+0400] {processor.py:836} INFO - DAG(s) dict_keys(['example_task_group_decorator']) retrieved from /home/chinnu/.local/lib/python3.10/site-packages/airflow/example_dags/example_task_group_decorator.py
[2023-05-26T21:10:35.442+0400] {logging_mixin.py:149} INFO - [2023-05-26T21:10:35.442+0400] {dag.py:2726} INFO - Sync 1 DAGs
[2023-05-26T21:10:35.465+0400] {logging_mixin.py:149} INFO - [2023-05-26T21:10:35.465+0400] {dag.py:3486} INFO - Setting next_dagrun for example_task_group_decorator to 2023-05-25T17:10:35.464977+00:00, run_after=2023-05-26T17:10:35.464977+00:00
[2023-05-26T21:10:35.491+0400] {processor.py:179} INFO - Processing /home/chinnu/.local/lib/python3.10/site-packages/airflow/example_dags/example_task_group_decorator.py took 0.116 seconds
[2023-05-26T21:11:43.180+0400] {processor.py:157} INFO - Started process (PID=1966) to work on /home/chinnu/.local/lib/python3.10/site-packages/airflow/example_dags/example_task_group_decorator.py
[2023-05-26T21:11:43.193+0400] {processor.py:826} INFO - Processing file /home/chinnu/.local/lib/python3.10/site-packages/airflow/example_dags/example_task_group_decorator.py for tasks to queue
[2023-05-26T21:11:43.198+0400] {logging_mixin.py:149} INFO - [2023-05-26T21:11:43.197+0400] {dagbag.py:541} INFO - Filling up the DagBag from /home/chinnu/.local/lib/python3.10/site-packages/airflow/example_dags/example_task_group_decorator.py
[2023-05-26T21:11:43.247+0400] {processor.py:836} INFO - DAG(s) dict_keys(['example_task_group_decorator']) retrieved from /home/chinnu/.local/lib/python3.10/site-packages/airflow/example_dags/example_task_group_decorator.py
[2023-05-26T21:11:43.772+0400] {logging_mixin.py:149} INFO - [2023-05-26T21:11:43.772+0400] {dag.py:2726} INFO - Sync 1 DAGs
[2023-05-26T21:11:43.827+0400] {logging_mixin.py:149} INFO - [2023-05-26T21:11:43.827+0400] {dag.py:3486} INFO - Setting next_dagrun for example_task_group_decorator to 2023-05-25T17:11:43.826843+00:00, run_after=2023-05-26T17:11:43.826843+00:00
[2023-05-26T21:11:43.917+0400] {processor.py:179} INFO - Processing /home/chinnu/.local/lib/python3.10/site-packages/airflow/example_dags/example_task_group_decorator.py took 0.757 seconds
[2023-05-26T21:12:38.531+0400] {processor.py:157} INFO - Started process (PID=2024) to work on /home/chinnu/.local/lib/python3.10/site-packages/airflow/example_dags/example_task_group_decorator.py
[2023-05-26T21:12:38.532+0400] {processor.py:826} INFO - Processing file /home/chinnu/.local/lib/python3.10/site-packages/airflow/example_dags/example_task_group_decorator.py for tasks to queue
[2023-05-26T21:12:38.544+0400] {logging_mixin.py:149} INFO - [2023-05-26T21:12:38.544+0400] {dagbag.py:541} INFO - Filling up the DagBag from /home/chinnu/.local/lib/python3.10/site-packages/airflow/example_dags/example_task_group_decorator.py
[2023-05-26T21:12:38.597+0400] {processor.py:836} INFO - DAG(s) dict_keys(['example_task_group_decorator']) retrieved from /home/chinnu/.local/lib/python3.10/site-packages/airflow/example_dags/example_task_group_decorator.py
[2023-05-26T21:12:38.923+0400] {logging_mixin.py:149} INFO - [2023-05-26T21:12:38.923+0400] {dag.py:2726} INFO - Sync 1 DAGs
[2023-05-26T21:12:38.947+0400] {logging_mixin.py:149} INFO - [2023-05-26T21:12:38.947+0400] {dag.py:3486} INFO - Setting next_dagrun for example_task_group_decorator to 2023-05-25T17:12:38.946981+00:00, run_after=2023-05-26T17:12:38.946981+00:00
[2023-05-26T21:12:38.988+0400] {processor.py:179} INFO - Processing /home/chinnu/.local/lib/python3.10/site-packages/airflow/example_dags/example_task_group_decorator.py took 0.464 seconds
[2023-05-26T21:13:22.964+0400] {processor.py:157} INFO - Started process (PID=2074) to work on /home/chinnu/.local/lib/python3.10/site-packages/airflow/example_dags/example_task_group_decorator.py
[2023-05-26T21:13:22.967+0400] {processor.py:826} INFO - Processing file /home/chinnu/.local/lib/python3.10/site-packages/airflow/example_dags/example_task_group_decorator.py for tasks to queue
[2023-05-26T21:13:22.969+0400] {logging_mixin.py:149} INFO - [2023-05-26T21:13:22.969+0400] {dagbag.py:541} INFO - Filling up the DagBag from /home/chinnu/.local/lib/python3.10/site-packages/airflow/example_dags/example_task_group_decorator.py
[2023-05-26T21:13:23.004+0400] {processor.py:836} INFO - DAG(s) dict_keys(['example_task_group_decorator']) retrieved from /home/chinnu/.local/lib/python3.10/site-packages/airflow/example_dags/example_task_group_decorator.py
[2023-05-26T21:13:23.051+0400] {logging_mixin.py:149} INFO - [2023-05-26T21:13:23.051+0400] {dag.py:2726} INFO - Sync 1 DAGs
[2023-05-26T21:13:23.075+0400] {logging_mixin.py:149} INFO - [2023-05-26T21:13:23.074+0400] {dag.py:3486} INFO - Setting next_dagrun for example_task_group_decorator to 2023-05-25T17:13:23.074551+00:00, run_after=2023-05-26T17:13:23.074551+00:00
[2023-05-26T21:13:23.101+0400] {processor.py:179} INFO - Processing /home/chinnu/.local/lib/python3.10/site-packages/airflow/example_dags/example_task_group_decorator.py took 0.150 seconds
[2023-05-26T21:14:08.335+0400] {processor.py:157} INFO - Started process (PID=2127) to work on /home/chinnu/.local/lib/python3.10/site-packages/airflow/example_dags/example_task_group_decorator.py
[2023-05-26T21:14:08.338+0400] {processor.py:826} INFO - Processing file /home/chinnu/.local/lib/python3.10/site-packages/airflow/example_dags/example_task_group_decorator.py for tasks to queue
[2023-05-26T21:14:08.339+0400] {logging_mixin.py:149} INFO - [2023-05-26T21:14:08.339+0400] {dagbag.py:541} INFO - Filling up the DagBag from /home/chinnu/.local/lib/python3.10/site-packages/airflow/example_dags/example_task_group_decorator.py
[2023-05-26T21:14:08.367+0400] {processor.py:836} INFO - DAG(s) dict_keys(['example_task_group_decorator']) retrieved from /home/chinnu/.local/lib/python3.10/site-packages/airflow/example_dags/example_task_group_decorator.py
[2023-05-26T21:14:08.413+0400] {logging_mixin.py:149} INFO - [2023-05-26T21:14:08.412+0400] {dag.py:2726} INFO - Sync 1 DAGs
[2023-05-26T21:14:08.436+0400] {logging_mixin.py:149} INFO - [2023-05-26T21:14:08.436+0400] {dag.py:3486} INFO - Setting next_dagrun for example_task_group_decorator to 2023-05-25T17:14:08.435900+00:00, run_after=2023-05-26T17:14:08.435900+00:00
[2023-05-26T21:14:08.472+0400] {processor.py:179} INFO - Processing /home/chinnu/.local/lib/python3.10/site-packages/airflow/example_dags/example_task_group_decorator.py took 0.144 seconds
[2023-05-26T21:14:49.085+0400] {processor.py:157} INFO - Started process (PID=2183) to work on /home/chinnu/.local/lib/python3.10/site-packages/airflow/example_dags/example_task_group_decorator.py
[2023-05-26T21:14:49.087+0400] {processor.py:826} INFO - Processing file /home/chinnu/.local/lib/python3.10/site-packages/airflow/example_dags/example_task_group_decorator.py for tasks to queue
[2023-05-26T21:14:49.088+0400] {logging_mixin.py:149} INFO - [2023-05-26T21:14:49.087+0400] {dagbag.py:541} INFO - Filling up the DagBag from /home/chinnu/.local/lib/python3.10/site-packages/airflow/example_dags/example_task_group_decorator.py
[2023-05-26T21:14:49.111+0400] {processor.py:836} INFO - DAG(s) dict_keys(['example_task_group_decorator']) retrieved from /home/chinnu/.local/lib/python3.10/site-packages/airflow/example_dags/example_task_group_decorator.py
[2023-05-26T21:14:49.151+0400] {logging_mixin.py:149} INFO - [2023-05-26T21:14:49.150+0400] {dag.py:2726} INFO - Sync 1 DAGs
[2023-05-26T21:14:49.179+0400] {logging_mixin.py:149} INFO - [2023-05-26T21:14:49.178+0400] {dag.py:3486} INFO - Setting next_dagrun for example_task_group_decorator to 2023-05-25T17:14:49.178593+00:00, run_after=2023-05-26T17:14:49.178593+00:00
[2023-05-26T21:14:49.211+0400] {processor.py:179} INFO - Processing /home/chinnu/.local/lib/python3.10/site-packages/airflow/example_dags/example_task_group_decorator.py took 0.134 seconds
[2023-05-26T21:15:27.549+0400] {processor.py:157} INFO - Started process (PID=9423) to work on /home/chinnu/.local/lib/python3.10/site-packages/airflow/example_dags/example_task_group_decorator.py
[2023-05-26T21:15:27.551+0400] {processor.py:826} INFO - Processing file /home/chinnu/.local/lib/python3.10/site-packages/airflow/example_dags/example_task_group_decorator.py for tasks to queue
[2023-05-26T21:15:27.552+0400] {logging_mixin.py:149} INFO - [2023-05-26T21:15:27.552+0400] {dagbag.py:541} INFO - Filling up the DagBag from /home/chinnu/.local/lib/python3.10/site-packages/airflow/example_dags/example_task_group_decorator.py
[2023-05-26T21:15:27.580+0400] {processor.py:836} INFO - DAG(s) dict_keys(['example_task_group_decorator']) retrieved from /home/chinnu/.local/lib/python3.10/site-packages/airflow/example_dags/example_task_group_decorator.py
[2023-05-26T21:15:27.615+0400] {logging_mixin.py:149} INFO - [2023-05-26T21:15:27.615+0400] {dag.py:2726} INFO - Sync 1 DAGs
[2023-05-26T21:15:27.639+0400] {logging_mixin.py:149} INFO - [2023-05-26T21:15:27.639+0400] {dag.py:3486} INFO - Setting next_dagrun for example_task_group_decorator to 2023-05-25T17:15:27.638943+00:00, run_after=2023-05-26T17:15:27.638943+00:00
[2023-05-26T21:15:27.666+0400] {processor.py:179} INFO - Processing /home/chinnu/.local/lib/python3.10/site-packages/airflow/example_dags/example_task_group_decorator.py took 0.130 seconds
[2023-05-26T21:16:04.656+0400] {processor.py:157} INFO - Started process (PID=9479) to work on /home/chinnu/.local/lib/python3.10/site-packages/airflow/example_dags/example_task_group_decorator.py
[2023-05-26T21:16:04.658+0400] {processor.py:826} INFO - Processing file /home/chinnu/.local/lib/python3.10/site-packages/airflow/example_dags/example_task_group_decorator.py for tasks to queue
[2023-05-26T21:16:04.660+0400] {logging_mixin.py:149} INFO - [2023-05-26T21:16:04.659+0400] {dagbag.py:541} INFO - Filling up the DagBag from /home/chinnu/.local/lib/python3.10/site-packages/airflow/example_dags/example_task_group_decorator.py
[2023-05-26T21:16:04.712+0400] {processor.py:836} INFO - DAG(s) dict_keys(['example_task_group_decorator']) retrieved from /home/chinnu/.local/lib/python3.10/site-packages/airflow/example_dags/example_task_group_decorator.py
[2023-05-26T21:16:04.810+0400] {logging_mixin.py:149} INFO - [2023-05-26T21:16:04.809+0400] {dag.py:2726} INFO - Sync 1 DAGs
[2023-05-26T21:16:04.896+0400] {logging_mixin.py:149} INFO - [2023-05-26T21:16:04.895+0400] {dag.py:3486} INFO - Setting next_dagrun for example_task_group_decorator to 2023-05-25T17:16:04.892315+00:00, run_after=2023-05-26T17:16:04.892315+00:00
[2023-05-26T21:16:05.006+0400] {processor.py:179} INFO - Processing /home/chinnu/.local/lib/python3.10/site-packages/airflow/example_dags/example_task_group_decorator.py took 0.360 seconds
[2023-05-26T21:17:18.878+0400] {processor.py:157} INFO - Started process (PID=16757) to work on /home/chinnu/.local/lib/python3.10/site-packages/airflow/example_dags/example_task_group_decorator.py
[2023-05-26T21:17:18.883+0400] {processor.py:826} INFO - Processing file /home/chinnu/.local/lib/python3.10/site-packages/airflow/example_dags/example_task_group_decorator.py for tasks to queue
[2023-05-26T21:17:18.884+0400] {logging_mixin.py:149} INFO - [2023-05-26T21:17:18.884+0400] {dagbag.py:541} INFO - Filling up the DagBag from /home/chinnu/.local/lib/python3.10/site-packages/airflow/example_dags/example_task_group_decorator.py
[2023-05-26T21:17:18.919+0400] {processor.py:836} INFO - DAG(s) dict_keys(['example_task_group_decorator']) retrieved from /home/chinnu/.local/lib/python3.10/site-packages/airflow/example_dags/example_task_group_decorator.py
[2023-05-26T21:17:18.977+0400] {logging_mixin.py:149} INFO - [2023-05-26T21:17:18.977+0400] {dag.py:2726} INFO - Sync 1 DAGs
[2023-05-26T21:17:19.022+0400] {logging_mixin.py:149} INFO - [2023-05-26T21:17:19.022+0400] {dag.py:3486} INFO - Setting next_dagrun for example_task_group_decorator to 2023-05-25T17:17:19.021864+00:00, run_after=2023-05-26T17:17:19.021864+00:00
[2023-05-26T21:17:19.067+0400] {processor.py:179} INFO - Processing /home/chinnu/.local/lib/python3.10/site-packages/airflow/example_dags/example_task_group_decorator.py took 0.197 seconds
[2023-05-26T21:18:01.851+0400] {processor.py:157} INFO - Started process (PID=16807) to work on /home/chinnu/.local/lib/python3.10/site-packages/airflow/example_dags/example_task_group_decorator.py
[2023-05-26T21:18:01.853+0400] {processor.py:826} INFO - Processing file /home/chinnu/.local/lib/python3.10/site-packages/airflow/example_dags/example_task_group_decorator.py for tasks to queue
[2023-05-26T21:18:01.854+0400] {logging_mixin.py:149} INFO - [2023-05-26T21:18:01.854+0400] {dagbag.py:541} INFO - Filling up the DagBag from /home/chinnu/.local/lib/python3.10/site-packages/airflow/example_dags/example_task_group_decorator.py
[2023-05-26T21:18:01.879+0400] {processor.py:836} INFO - DAG(s) dict_keys(['example_task_group_decorator']) retrieved from /home/chinnu/.local/lib/python3.10/site-packages/airflow/example_dags/example_task_group_decorator.py
[2023-05-26T21:18:01.918+0400] {logging_mixin.py:149} INFO - [2023-05-26T21:18:01.918+0400] {dag.py:2726} INFO - Sync 1 DAGs
[2023-05-26T21:18:01.950+0400] {logging_mixin.py:149} INFO - [2023-05-26T21:18:01.950+0400] {dag.py:3486} INFO - Setting next_dagrun for example_task_group_decorator to 2023-05-25T17:18:01.949817+00:00, run_after=2023-05-26T17:18:01.949817+00:00
[2023-05-26T21:18:02.004+0400] {processor.py:179} INFO - Processing /home/chinnu/.local/lib/python3.10/site-packages/airflow/example_dags/example_task_group_decorator.py took 0.159 seconds
[2023-05-26T21:18:56.190+0400] {processor.py:157} INFO - Started process (PID=16845) to work on /home/chinnu/.local/lib/python3.10/site-packages/airflow/example_dags/example_task_group_decorator.py
[2023-05-26T21:18:56.193+0400] {processor.py:826} INFO - Processing file /home/chinnu/.local/lib/python3.10/site-packages/airflow/example_dags/example_task_group_decorator.py for tasks to queue
[2023-05-26T21:18:56.196+0400] {logging_mixin.py:149} INFO - [2023-05-26T21:18:56.196+0400] {dagbag.py:541} INFO - Filling up the DagBag from /home/chinnu/.local/lib/python3.10/site-packages/airflow/example_dags/example_task_group_decorator.py
[2023-05-26T21:18:56.229+0400] {processor.py:836} INFO - DAG(s) dict_keys(['example_task_group_decorator']) retrieved from /home/chinnu/.local/lib/python3.10/site-packages/airflow/example_dags/example_task_group_decorator.py
[2023-05-26T21:18:56.265+0400] {logging_mixin.py:149} INFO - [2023-05-26T21:18:56.265+0400] {dag.py:2726} INFO - Sync 1 DAGs
[2023-05-26T21:18:56.289+0400] {logging_mixin.py:149} INFO - [2023-05-26T21:18:56.289+0400] {dag.py:3486} INFO - Setting next_dagrun for example_task_group_decorator to 2023-05-25T17:18:56.288666+00:00, run_after=2023-05-26T17:18:56.288666+00:00
[2023-05-26T21:18:56.315+0400] {processor.py:179} INFO - Processing /home/chinnu/.local/lib/python3.10/site-packages/airflow/example_dags/example_task_group_decorator.py took 0.139 seconds
[2023-05-26T21:19:41.521+0400] {processor.py:157} INFO - Started process (PID=16896) to work on /home/chinnu/.local/lib/python3.10/site-packages/airflow/example_dags/example_task_group_decorator.py
[2023-05-26T21:19:41.523+0400] {processor.py:826} INFO - Processing file /home/chinnu/.local/lib/python3.10/site-packages/airflow/example_dags/example_task_group_decorator.py for tasks to queue
[2023-05-26T21:19:41.527+0400] {logging_mixin.py:149} INFO - [2023-05-26T21:19:41.527+0400] {dagbag.py:541} INFO - Filling up the DagBag from /home/chinnu/.local/lib/python3.10/site-packages/airflow/example_dags/example_task_group_decorator.py
[2023-05-26T21:19:41.571+0400] {processor.py:836} INFO - DAG(s) dict_keys(['example_task_group_decorator']) retrieved from /home/chinnu/.local/lib/python3.10/site-packages/airflow/example_dags/example_task_group_decorator.py
[2023-05-26T21:19:41.816+0400] {logging_mixin.py:149} INFO - [2023-05-26T21:19:41.816+0400] {dag.py:2726} INFO - Sync 1 DAGs
[2023-05-26T21:19:41.845+0400] {logging_mixin.py:149} INFO - [2023-05-26T21:19:41.845+0400] {dag.py:3486} INFO - Setting next_dagrun for example_task_group_decorator to 2023-05-25T17:19:41.844990+00:00, run_after=2023-05-26T17:19:41.844990+00:00
[2023-05-26T21:19:41.885+0400] {processor.py:179} INFO - Processing /home/chinnu/.local/lib/python3.10/site-packages/airflow/example_dags/example_task_group_decorator.py took 0.375 seconds
[2023-05-26T21:20:53.760+0400] {processor.py:157} INFO - Started process (PID=16978) to work on /home/chinnu/.local/lib/python3.10/site-packages/airflow/example_dags/example_task_group_decorator.py
[2023-05-26T21:20:53.763+0400] {processor.py:826} INFO - Processing file /home/chinnu/.local/lib/python3.10/site-packages/airflow/example_dags/example_task_group_decorator.py for tasks to queue
[2023-05-26T21:20:53.764+0400] {logging_mixin.py:149} INFO - [2023-05-26T21:20:53.764+0400] {dagbag.py:541} INFO - Filling up the DagBag from /home/chinnu/.local/lib/python3.10/site-packages/airflow/example_dags/example_task_group_decorator.py
[2023-05-26T21:20:53.794+0400] {processor.py:836} INFO - DAG(s) dict_keys(['example_task_group_decorator']) retrieved from /home/chinnu/.local/lib/python3.10/site-packages/airflow/example_dags/example_task_group_decorator.py
[2023-05-26T21:20:53.829+0400] {logging_mixin.py:149} INFO - [2023-05-26T21:20:53.829+0400] {dag.py:2726} INFO - Sync 1 DAGs
[2023-05-26T21:20:53.853+0400] {logging_mixin.py:149} INFO - [2023-05-26T21:20:53.853+0400] {dag.py:3486} INFO - Setting next_dagrun for example_task_group_decorator to 2023-05-25T17:20:53.852706+00:00, run_after=2023-05-26T17:20:53.852706+00:00
[2023-05-26T21:20:53.885+0400] {processor.py:179} INFO - Processing /home/chinnu/.local/lib/python3.10/site-packages/airflow/example_dags/example_task_group_decorator.py took 0.134 seconds
[2023-05-26T21:21:36.056+0400] {processor.py:157} INFO - Started process (PID=17028) to work on /home/chinnu/.local/lib/python3.10/site-packages/airflow/example_dags/example_task_group_decorator.py
[2023-05-26T21:21:36.060+0400] {processor.py:826} INFO - Processing file /home/chinnu/.local/lib/python3.10/site-packages/airflow/example_dags/example_task_group_decorator.py for tasks to queue
[2023-05-26T21:21:36.062+0400] {logging_mixin.py:149} INFO - [2023-05-26T21:21:36.062+0400] {dagbag.py:541} INFO - Filling up the DagBag from /home/chinnu/.local/lib/python3.10/site-packages/airflow/example_dags/example_task_group_decorator.py
[2023-05-26T21:21:36.128+0400] {processor.py:836} INFO - DAG(s) dict_keys(['example_task_group_decorator']) retrieved from /home/chinnu/.local/lib/python3.10/site-packages/airflow/example_dags/example_task_group_decorator.py
[2023-05-26T21:21:36.242+0400] {logging_mixin.py:149} INFO - [2023-05-26T21:21:36.241+0400] {dag.py:2726} INFO - Sync 1 DAGs
[2023-05-26T21:21:36.282+0400] {logging_mixin.py:149} INFO - [2023-05-26T21:21:36.282+0400] {dag.py:3486} INFO - Setting next_dagrun for example_task_group_decorator to 2023-05-25T17:21:36.282174+00:00, run_after=2023-05-26T17:21:36.282174+00:00
[2023-05-26T21:21:36.320+0400] {processor.py:179} INFO - Processing /home/chinnu/.local/lib/python3.10/site-packages/airflow/example_dags/example_task_group_decorator.py took 0.281 seconds
[2023-05-26T21:22:17.970+0400] {processor.py:157} INFO - Started process (PID=17077) to work on /home/chinnu/.local/lib/python3.10/site-packages/airflow/example_dags/example_task_group_decorator.py
[2023-05-26T21:22:17.973+0400] {processor.py:826} INFO - Processing file /home/chinnu/.local/lib/python3.10/site-packages/airflow/example_dags/example_task_group_decorator.py for tasks to queue
[2023-05-26T21:22:17.976+0400] {logging_mixin.py:149} INFO - [2023-05-26T21:22:17.976+0400] {dagbag.py:541} INFO - Filling up the DagBag from /home/chinnu/.local/lib/python3.10/site-packages/airflow/example_dags/example_task_group_decorator.py
[2023-05-26T21:22:18.037+0400] {processor.py:836} INFO - DAG(s) dict_keys(['example_task_group_decorator']) retrieved from /home/chinnu/.local/lib/python3.10/site-packages/airflow/example_dags/example_task_group_decorator.py
[2023-05-26T21:22:18.135+0400] {logging_mixin.py:149} INFO - [2023-05-26T21:22:18.135+0400] {dag.py:2726} INFO - Sync 1 DAGs
[2023-05-26T21:22:18.173+0400] {logging_mixin.py:149} INFO - [2023-05-26T21:22:18.173+0400] {dag.py:3486} INFO - Setting next_dagrun for example_task_group_decorator to 2023-05-25T17:22:18.173105+00:00, run_after=2023-05-26T17:22:18.173105+00:00
[2023-05-26T21:22:18.212+0400] {processor.py:179} INFO - Processing /home/chinnu/.local/lib/python3.10/site-packages/airflow/example_dags/example_task_group_decorator.py took 0.258 seconds
[2023-05-26T21:22:55.829+0400] {processor.py:157} INFO - Started process (PID=17123) to work on /home/chinnu/.local/lib/python3.10/site-packages/airflow/example_dags/example_task_group_decorator.py
[2023-05-26T21:22:55.832+0400] {processor.py:826} INFO - Processing file /home/chinnu/.local/lib/python3.10/site-packages/airflow/example_dags/example_task_group_decorator.py for tasks to queue
[2023-05-26T21:22:55.834+0400] {logging_mixin.py:149} INFO - [2023-05-26T21:22:55.833+0400] {dagbag.py:541} INFO - Filling up the DagBag from /home/chinnu/.local/lib/python3.10/site-packages/airflow/example_dags/example_task_group_decorator.py
[2023-05-26T21:22:55.863+0400] {processor.py:836} INFO - DAG(s) dict_keys(['example_task_group_decorator']) retrieved from /home/chinnu/.local/lib/python3.10/site-packages/airflow/example_dags/example_task_group_decorator.py
[2023-05-26T21:22:55.898+0400] {logging_mixin.py:149} INFO - [2023-05-26T21:22:55.898+0400] {dag.py:2726} INFO - Sync 1 DAGs
[2023-05-26T21:22:55.923+0400] {logging_mixin.py:149} INFO - [2023-05-26T21:22:55.923+0400] {dag.py:3486} INFO - Setting next_dagrun for example_task_group_decorator to 2023-05-25T17:22:55.922878+00:00, run_after=2023-05-26T17:22:55.922878+00:00
[2023-05-26T21:22:55.955+0400] {processor.py:179} INFO - Processing /home/chinnu/.local/lib/python3.10/site-packages/airflow/example_dags/example_task_group_decorator.py took 0.140 seconds
[2023-05-26T21:23:34.927+0400] {processor.py:157} INFO - Started process (PID=17171) to work on /home/chinnu/.local/lib/python3.10/site-packages/airflow/example_dags/example_task_group_decorator.py
[2023-05-26T21:23:34.929+0400] {processor.py:826} INFO - Processing file /home/chinnu/.local/lib/python3.10/site-packages/airflow/example_dags/example_task_group_decorator.py for tasks to queue
[2023-05-26T21:23:34.930+0400] {logging_mixin.py:149} INFO - [2023-05-26T21:23:34.929+0400] {dagbag.py:541} INFO - Filling up the DagBag from /home/chinnu/.local/lib/python3.10/site-packages/airflow/example_dags/example_task_group_decorator.py
[2023-05-26T21:23:34.953+0400] {processor.py:836} INFO - DAG(s) dict_keys(['example_task_group_decorator']) retrieved from /home/chinnu/.local/lib/python3.10/site-packages/airflow/example_dags/example_task_group_decorator.py
[2023-05-26T21:23:34.994+0400] {logging_mixin.py:149} INFO - [2023-05-26T21:23:34.994+0400] {dag.py:2726} INFO - Sync 1 DAGs
[2023-05-26T21:23:35.020+0400] {logging_mixin.py:149} INFO - [2023-05-26T21:23:35.020+0400] {dag.py:3486} INFO - Setting next_dagrun for example_task_group_decorator to 2023-05-25T17:23:35.020133+00:00, run_after=2023-05-26T17:23:35.020133+00:00
[2023-05-26T21:23:35.059+0400] {processor.py:179} INFO - Processing /home/chinnu/.local/lib/python3.10/site-packages/airflow/example_dags/example_task_group_decorator.py took 0.140 seconds
[2023-05-26T21:24:12.600+0400] {processor.py:157} INFO - Started process (PID=17215) to work on /home/chinnu/.local/lib/python3.10/site-packages/airflow/example_dags/example_task_group_decorator.py
[2023-05-26T21:24:12.602+0400] {processor.py:826} INFO - Processing file /home/chinnu/.local/lib/python3.10/site-packages/airflow/example_dags/example_task_group_decorator.py for tasks to queue
[2023-05-26T21:24:12.603+0400] {logging_mixin.py:149} INFO - [2023-05-26T21:24:12.602+0400] {dagbag.py:541} INFO - Filling up the DagBag from /home/chinnu/.local/lib/python3.10/site-packages/airflow/example_dags/example_task_group_decorator.py
[2023-05-26T21:24:12.626+0400] {processor.py:836} INFO - DAG(s) dict_keys(['example_task_group_decorator']) retrieved from /home/chinnu/.local/lib/python3.10/site-packages/airflow/example_dags/example_task_group_decorator.py
[2023-05-26T21:24:12.766+0400] {logging_mixin.py:149} INFO - [2023-05-26T21:24:12.765+0400] {dag.py:2726} INFO - Sync 1 DAGs
[2023-05-26T21:24:12.828+0400] {logging_mixin.py:149} INFO - [2023-05-26T21:24:12.828+0400] {dag.py:3486} INFO - Setting next_dagrun for example_task_group_decorator to 2023-05-25T17:24:12.828082+00:00, run_after=2023-05-26T17:24:12.828082+00:00
[2023-05-26T21:24:12.874+0400] {processor.py:179} INFO - Processing /home/chinnu/.local/lib/python3.10/site-packages/airflow/example_dags/example_task_group_decorator.py took 0.280 seconds
[2023-05-26T21:24:51.290+0400] {processor.py:157} INFO - Started process (PID=17265) to work on /home/chinnu/.local/lib/python3.10/site-packages/airflow/example_dags/example_task_group_decorator.py
[2023-05-26T21:24:51.292+0400] {processor.py:826} INFO - Processing file /home/chinnu/.local/lib/python3.10/site-packages/airflow/example_dags/example_task_group_decorator.py for tasks to queue
[2023-05-26T21:24:51.292+0400] {logging_mixin.py:149} INFO - [2023-05-26T21:24:51.292+0400] {dagbag.py:541} INFO - Filling up the DagBag from /home/chinnu/.local/lib/python3.10/site-packages/airflow/example_dags/example_task_group_decorator.py
[2023-05-26T21:24:51.312+0400] {processor.py:836} INFO - DAG(s) dict_keys(['example_task_group_decorator']) retrieved from /home/chinnu/.local/lib/python3.10/site-packages/airflow/example_dags/example_task_group_decorator.py
[2023-05-26T21:24:51.346+0400] {logging_mixin.py:149} INFO - [2023-05-26T21:24:51.345+0400] {dag.py:2726} INFO - Sync 1 DAGs
[2023-05-26T21:24:51.370+0400] {logging_mixin.py:149} INFO - [2023-05-26T21:24:51.370+0400] {dag.py:3486} INFO - Setting next_dagrun for example_task_group_decorator to 2023-05-25T17:24:51.369803+00:00, run_after=2023-05-26T17:24:51.369803+00:00
[2023-05-26T21:24:51.401+0400] {processor.py:179} INFO - Processing /home/chinnu/.local/lib/python3.10/site-packages/airflow/example_dags/example_task_group_decorator.py took 0.117 seconds
[2023-05-26T21:48:20.216+0400] {processor.py:157} INFO - Started process (PID=76) to work on /home/chinnu/.local/lib/python3.10/site-packages/airflow/example_dags/example_task_group_decorator.py
[2023-05-26T21:48:20.218+0400] {processor.py:826} INFO - Processing file /home/chinnu/.local/lib/python3.10/site-packages/airflow/example_dags/example_task_group_decorator.py for tasks to queue
[2023-05-26T21:48:20.219+0400] {logging_mixin.py:149} INFO - [2023-05-26T21:48:20.219+0400] {dagbag.py:541} INFO - Filling up the DagBag from /home/chinnu/.local/lib/python3.10/site-packages/airflow/example_dags/example_task_group_decorator.py
[2023-05-26T21:48:20.241+0400] {processor.py:836} INFO - DAG(s) dict_keys(['example_task_group_decorator']) retrieved from /home/chinnu/.local/lib/python3.10/site-packages/airflow/example_dags/example_task_group_decorator.py
[2023-05-26T21:48:20.278+0400] {logging_mixin.py:149} INFO - [2023-05-26T21:48:20.278+0400] {dag.py:2726} INFO - Sync 1 DAGs
[2023-05-26T21:48:20.304+0400] {logging_mixin.py:149} INFO - [2023-05-26T21:48:20.304+0400] {dag.py:3486} INFO - Setting next_dagrun for example_task_group_decorator to 2023-05-25T17:48:20.304256+00:00, run_after=2023-05-26T17:48:20.304256+00:00
[2023-05-26T21:48:20.379+0400] {processor.py:179} INFO - Processing /home/chinnu/.local/lib/python3.10/site-packages/airflow/example_dags/example_task_group_decorator.py took 0.169 seconds
[2023-05-26T21:52:22.414+0400] {processor.py:157} INFO - Started process (PID=58) to work on /home/chinnu/.local/lib/python3.10/site-packages/airflow/example_dags/example_task_group_decorator.py
[2023-05-26T21:52:22.418+0400] {processor.py:826} INFO - Processing file /home/chinnu/.local/lib/python3.10/site-packages/airflow/example_dags/example_task_group_decorator.py for tasks to queue
[2023-05-26T21:52:22.420+0400] {logging_mixin.py:149} INFO - [2023-05-26T21:52:22.420+0400] {dagbag.py:541} INFO - Filling up the DagBag from /home/chinnu/.local/lib/python3.10/site-packages/airflow/example_dags/example_task_group_decorator.py
[2023-05-26T21:52:22.473+0400] {processor.py:836} INFO - DAG(s) dict_keys(['example_task_group_decorator']) retrieved from /home/chinnu/.local/lib/python3.10/site-packages/airflow/example_dags/example_task_group_decorator.py
[2023-05-26T21:52:22.566+0400] {logging_mixin.py:149} INFO - [2023-05-26T21:52:22.566+0400] {dag.py:2726} INFO - Sync 1 DAGs
[2023-05-26T21:52:22.623+0400] {logging_mixin.py:149} INFO - [2023-05-26T21:52:22.622+0400] {dag.py:3486} INFO - Setting next_dagrun for example_task_group_decorator to 2023-05-25T17:52:22.622109+00:00, run_after=2023-05-26T17:52:22.622109+00:00
[2023-05-26T21:52:22.680+0400] {processor.py:179} INFO - Processing /home/chinnu/.local/lib/python3.10/site-packages/airflow/example_dags/example_task_group_decorator.py took 0.278 seconds
[2023-05-26T21:53:21.531+0400] {processor.py:157} INFO - Started process (PID=109) to work on /home/chinnu/.local/lib/python3.10/site-packages/airflow/example_dags/example_task_group_decorator.py
[2023-05-26T21:53:21.532+0400] {processor.py:826} INFO - Processing file /home/chinnu/.local/lib/python3.10/site-packages/airflow/example_dags/example_task_group_decorator.py for tasks to queue
[2023-05-26T21:53:21.533+0400] {logging_mixin.py:149} INFO - [2023-05-26T21:53:21.533+0400] {dagbag.py:541} INFO - Filling up the DagBag from /home/chinnu/.local/lib/python3.10/site-packages/airflow/example_dags/example_task_group_decorator.py
[2023-05-26T21:53:21.553+0400] {processor.py:836} INFO - DAG(s) dict_keys(['example_task_group_decorator']) retrieved from /home/chinnu/.local/lib/python3.10/site-packages/airflow/example_dags/example_task_group_decorator.py
[2023-05-26T21:53:21.591+0400] {logging_mixin.py:149} INFO - [2023-05-26T21:53:21.590+0400] {dag.py:2726} INFO - Sync 1 DAGs
[2023-05-26T21:53:21.740+0400] {logging_mixin.py:149} INFO - [2023-05-26T21:53:21.740+0400] {dag.py:3486} INFO - Setting next_dagrun for example_task_group_decorator to 2023-05-25T17:53:21.739996+00:00, run_after=2023-05-26T17:53:21.739996+00:00
[2023-05-26T21:53:21.770+0400] {processor.py:179} INFO - Processing /home/chinnu/.local/lib/python3.10/site-packages/airflow/example_dags/example_task_group_decorator.py took 0.245 seconds
[2023-05-26T21:54:18.915+0400] {processor.py:157} INFO - Started process (PID=187) to work on /home/chinnu/.local/lib/python3.10/site-packages/airflow/example_dags/example_task_group_decorator.py
[2023-05-26T21:54:18.918+0400] {processor.py:826} INFO - Processing file /home/chinnu/.local/lib/python3.10/site-packages/airflow/example_dags/example_task_group_decorator.py for tasks to queue
[2023-05-26T21:54:18.920+0400] {logging_mixin.py:149} INFO - [2023-05-26T21:54:18.920+0400] {dagbag.py:541} INFO - Filling up the DagBag from /home/chinnu/.local/lib/python3.10/site-packages/airflow/example_dags/example_task_group_decorator.py
[2023-05-26T21:54:18.966+0400] {processor.py:836} INFO - DAG(s) dict_keys(['example_task_group_decorator']) retrieved from /home/chinnu/.local/lib/python3.10/site-packages/airflow/example_dags/example_task_group_decorator.py
[2023-05-26T21:54:19.042+0400] {logging_mixin.py:149} INFO - [2023-05-26T21:54:19.041+0400] {dag.py:2726} INFO - Sync 1 DAGs
[2023-05-26T21:54:19.087+0400] {logging_mixin.py:149} INFO - [2023-05-26T21:54:19.086+0400] {dag.py:3486} INFO - Setting next_dagrun for example_task_group_decorator to 2023-05-25T17:54:19.086315+00:00, run_after=2023-05-26T17:54:19.086315+00:00
[2023-05-26T21:54:19.126+0400] {processor.py:179} INFO - Processing /home/chinnu/.local/lib/python3.10/site-packages/airflow/example_dags/example_task_group_decorator.py took 0.230 seconds
[2023-05-26T22:06:04.642+0400] {processor.py:157} INFO - Started process (PID=2528) to work on /home/chinnu/.local/lib/python3.10/site-packages/airflow/example_dags/example_task_group_decorator.py
[2023-05-26T22:06:04.645+0400] {processor.py:826} INFO - Processing file /home/chinnu/.local/lib/python3.10/site-packages/airflow/example_dags/example_task_group_decorator.py for tasks to queue
[2023-05-26T22:06:04.647+0400] {logging_mixin.py:149} INFO - [2023-05-26T22:06:04.647+0400] {dagbag.py:541} INFO - Filling up the DagBag from /home/chinnu/.local/lib/python3.10/site-packages/airflow/example_dags/example_task_group_decorator.py
[2023-05-26T22:06:04.697+0400] {processor.py:836} INFO - DAG(s) dict_keys(['example_task_group_decorator']) retrieved from /home/chinnu/.local/lib/python3.10/site-packages/airflow/example_dags/example_task_group_decorator.py
[2023-05-26T22:06:04.781+0400] {logging_mixin.py:149} INFO - [2023-05-26T22:06:04.781+0400] {dag.py:2726} INFO - Sync 1 DAGs
[2023-05-26T22:06:04.836+0400] {logging_mixin.py:149} INFO - [2023-05-26T22:06:04.835+0400] {dag.py:3486} INFO - Setting next_dagrun for example_task_group_decorator to 2023-05-25T18:06:04.835024+00:00, run_after=2023-05-26T18:06:04.835024+00:00
[2023-05-26T22:06:04.892+0400] {processor.py:179} INFO - Processing /home/chinnu/.local/lib/python3.10/site-packages/airflow/example_dags/example_task_group_decorator.py took 0.259 seconds
[2023-05-26T22:07:16.729+0400] {processor.py:157} INFO - Started process (PID=2578) to work on /home/chinnu/.local/lib/python3.10/site-packages/airflow/example_dags/example_task_group_decorator.py
[2023-05-26T22:07:16.732+0400] {processor.py:826} INFO - Processing file /home/chinnu/.local/lib/python3.10/site-packages/airflow/example_dags/example_task_group_decorator.py for tasks to queue
[2023-05-26T22:07:16.735+0400] {logging_mixin.py:149} INFO - [2023-05-26T22:07:16.734+0400] {dagbag.py:541} INFO - Filling up the DagBag from /home/chinnu/.local/lib/python3.10/site-packages/airflow/example_dags/example_task_group_decorator.py
[2023-05-26T22:07:16.805+0400] {processor.py:836} INFO - DAG(s) dict_keys(['example_task_group_decorator']) retrieved from /home/chinnu/.local/lib/python3.10/site-packages/airflow/example_dags/example_task_group_decorator.py
[2023-05-26T22:07:16.903+0400] {logging_mixin.py:149} INFO - [2023-05-26T22:07:16.903+0400] {dag.py:2726} INFO - Sync 1 DAGs
[2023-05-26T22:07:17.383+0400] {logging_mixin.py:149} INFO - [2023-05-26T22:07:17.382+0400] {dag.py:3486} INFO - Setting next_dagrun for example_task_group_decorator to 2023-05-25T18:07:17.381204+00:00, run_after=2023-05-26T18:07:17.381204+00:00
[2023-05-26T22:07:17.531+0400] {processor.py:179} INFO - Processing /home/chinnu/.local/lib/python3.10/site-packages/airflow/example_dags/example_task_group_decorator.py took 0.820 seconds
[2023-05-26T22:09:03.319+0400] {processor.py:157} INFO - Started process (PID=2651) to work on /home/chinnu/.local/lib/python3.10/site-packages/airflow/example_dags/example_task_group_decorator.py
[2023-05-26T22:09:03.323+0400] {processor.py:826} INFO - Processing file /home/chinnu/.local/lib/python3.10/site-packages/airflow/example_dags/example_task_group_decorator.py for tasks to queue
[2023-05-26T22:09:03.325+0400] {logging_mixin.py:149} INFO - [2023-05-26T22:09:03.324+0400] {dagbag.py:541} INFO - Filling up the DagBag from /home/chinnu/.local/lib/python3.10/site-packages/airflow/example_dags/example_task_group_decorator.py
[2023-05-26T22:09:03.387+0400] {processor.py:836} INFO - DAG(s) dict_keys(['example_task_group_decorator']) retrieved from /home/chinnu/.local/lib/python3.10/site-packages/airflow/example_dags/example_task_group_decorator.py
[2023-05-26T22:09:03.447+0400] {logging_mixin.py:149} INFO - [2023-05-26T22:09:03.446+0400] {dag.py:2726} INFO - Sync 1 DAGs
[2023-05-26T22:09:03.486+0400] {logging_mixin.py:149} INFO - [2023-05-26T22:09:03.486+0400] {dag.py:3486} INFO - Setting next_dagrun for example_task_group_decorator to 2023-05-25T18:09:03.485769+00:00, run_after=2023-05-26T18:09:03.485769+00:00
[2023-05-26T22:09:03.522+0400] {processor.py:179} INFO - Processing /home/chinnu/.local/lib/python3.10/site-packages/airflow/example_dags/example_task_group_decorator.py took 0.221 seconds
