[2023-05-26T19:39:11.517+0400] {processor.py:157} INFO - Started process (PID=236) to work on /home/chinnu/.local/lib/python3.10/site-packages/airflow/example_dags/example_branch_operator_decorator.py
[2023-05-26T19:39:11.518+0400] {processor.py:826} INFO - Processing file /home/chinnu/.local/lib/python3.10/site-packages/airflow/example_dags/example_branch_operator_decorator.py for tasks to queue
[2023-05-26T19:39:11.519+0400] {logging_mixin.py:149} INFO - [2023-05-26T19:39:11.519+0400] {dagbag.py:541} INFO - Filling up the DagBag from /home/chinnu/.local/lib/python3.10/site-packages/airflow/example_dags/example_branch_operator_decorator.py
[2023-05-26T19:39:11.539+0400] {processor.py:836} INFO - DAG(s) dict_keys(['example_branch_python_operator_decorator']) retrieved from /home/chinnu/.local/lib/python3.10/site-packages/airflow/example_dags/example_branch_operator_decorator.py
[2023-05-26T19:39:11.572+0400] {logging_mixin.py:149} INFO - [2023-05-26T19:39:11.572+0400] {dag.py:2726} INFO - Sync 1 DAGs
[2023-05-26T19:39:11.594+0400] {logging_mixin.py:149} INFO - [2023-05-26T19:39:11.594+0400] {dag.py:3486} INFO - Setting next_dagrun for example_branch_python_operator_decorator to 2023-05-25T00:00:00+00:00, run_after=2023-05-26T00:00:00+00:00
[2023-05-26T19:39:11.627+0400] {processor.py:179} INFO - Processing /home/chinnu/.local/lib/python3.10/site-packages/airflow/example_dags/example_branch_operator_decorator.py took 0.116 seconds
[2023-05-26T19:40:06.992+0400] {processor.py:157} INFO - Started process (PID=629) to work on /home/chinnu/.local/lib/python3.10/site-packages/airflow/example_dags/example_branch_operator_decorator.py
[2023-05-26T19:40:06.995+0400] {processor.py:826} INFO - Processing file /home/chinnu/.local/lib/python3.10/site-packages/airflow/example_dags/example_branch_operator_decorator.py for tasks to queue
[2023-05-26T19:40:06.996+0400] {logging_mixin.py:149} INFO - [2023-05-26T19:40:06.996+0400] {dagbag.py:541} INFO - Filling up the DagBag from /home/chinnu/.local/lib/python3.10/site-packages/airflow/example_dags/example_branch_operator_decorator.py
[2023-05-26T19:40:07.018+0400] {processor.py:836} INFO - DAG(s) dict_keys(['example_branch_python_operator_decorator']) retrieved from /home/chinnu/.local/lib/python3.10/site-packages/airflow/example_dags/example_branch_operator_decorator.py
[2023-05-26T19:40:07.053+0400] {logging_mixin.py:149} INFO - [2023-05-26T19:40:07.053+0400] {dag.py:2726} INFO - Sync 1 DAGs
[2023-05-26T19:40:07.076+0400] {logging_mixin.py:149} INFO - [2023-05-26T19:40:07.075+0400] {dag.py:3486} INFO - Setting next_dagrun for example_branch_python_operator_decorator to 2023-05-25T00:00:00+00:00, run_after=2023-05-26T00:00:00+00:00
[2023-05-26T19:40:07.210+0400] {processor.py:179} INFO - Processing /home/chinnu/.local/lib/python3.10/site-packages/airflow/example_dags/example_branch_operator_decorator.py took 0.229 seconds
[2023-05-26T19:42:38.234+0400] {processor.py:157} INFO - Started process (PID=1451) to work on /home/chinnu/.local/lib/python3.10/site-packages/airflow/example_dags/example_branch_operator_decorator.py
[2023-05-26T19:42:38.239+0400] {processor.py:826} INFO - Processing file /home/chinnu/.local/lib/python3.10/site-packages/airflow/example_dags/example_branch_operator_decorator.py for tasks to queue
[2023-05-26T19:42:38.241+0400] {logging_mixin.py:149} INFO - [2023-05-26T19:42:38.240+0400] {dagbag.py:541} INFO - Filling up the DagBag from /home/chinnu/.local/lib/python3.10/site-packages/airflow/example_dags/example_branch_operator_decorator.py
[2023-05-26T19:42:38.277+0400] {processor.py:836} INFO - DAG(s) dict_keys(['example_branch_python_operator_decorator']) retrieved from /home/chinnu/.local/lib/python3.10/site-packages/airflow/example_dags/example_branch_operator_decorator.py
[2023-05-26T19:42:38.334+0400] {logging_mixin.py:149} INFO - [2023-05-26T19:42:38.334+0400] {dag.py:2726} INFO - Sync 1 DAGs
[2023-05-26T19:42:38.546+0400] {logging_mixin.py:149} INFO - [2023-05-26T19:42:38.546+0400] {dag.py:3486} INFO - Setting next_dagrun for example_branch_python_operator_decorator to 2023-05-25T00:00:00+00:00, run_after=2023-05-26T00:00:00+00:00
[2023-05-26T19:42:38.598+0400] {processor.py:179} INFO - Processing /home/chinnu/.local/lib/python3.10/site-packages/airflow/example_dags/example_branch_operator_decorator.py took 0.376 seconds
[2023-05-26T19:43:52.894+0400] {processor.py:157} INFO - Started process (PID=1511) to work on /home/chinnu/.local/lib/python3.10/site-packages/airflow/example_dags/example_branch_operator_decorator.py
[2023-05-26T19:43:52.899+0400] {processor.py:826} INFO - Processing file /home/chinnu/.local/lib/python3.10/site-packages/airflow/example_dags/example_branch_operator_decorator.py for tasks to queue
[2023-05-26T19:43:52.901+0400] {logging_mixin.py:149} INFO - [2023-05-26T19:43:52.901+0400] {dagbag.py:541} INFO - Filling up the DagBag from /home/chinnu/.local/lib/python3.10/site-packages/airflow/example_dags/example_branch_operator_decorator.py
[2023-05-26T19:43:52.939+0400] {processor.py:836} INFO - DAG(s) dict_keys(['example_branch_python_operator_decorator']) retrieved from /home/chinnu/.local/lib/python3.10/site-packages/airflow/example_dags/example_branch_operator_decorator.py
[2023-05-26T19:43:53.014+0400] {logging_mixin.py:149} INFO - [2023-05-26T19:43:53.014+0400] {dag.py:2726} INFO - Sync 1 DAGs
[2023-05-26T19:43:53.067+0400] {logging_mixin.py:149} INFO - [2023-05-26T19:43:53.067+0400] {dag.py:3486} INFO - Setting next_dagrun for example_branch_python_operator_decorator to 2023-05-25T00:00:00+00:00, run_after=2023-05-26T00:00:00+00:00
[2023-05-26T19:43:53.110+0400] {processor.py:179} INFO - Processing /home/chinnu/.local/lib/python3.10/site-packages/airflow/example_dags/example_branch_operator_decorator.py took 0.229 seconds
[2023-05-26T19:44:59.195+0400] {processor.py:157} INFO - Started process (PID=1568) to work on /home/chinnu/.local/lib/python3.10/site-packages/airflow/example_dags/example_branch_operator_decorator.py
[2023-05-26T19:44:59.200+0400] {processor.py:826} INFO - Processing file /home/chinnu/.local/lib/python3.10/site-packages/airflow/example_dags/example_branch_operator_decorator.py for tasks to queue
[2023-05-26T19:44:59.204+0400] {logging_mixin.py:149} INFO - [2023-05-26T19:44:59.203+0400] {dagbag.py:541} INFO - Filling up the DagBag from /home/chinnu/.local/lib/python3.10/site-packages/airflow/example_dags/example_branch_operator_decorator.py
[2023-05-26T19:44:59.269+0400] {processor.py:836} INFO - DAG(s) dict_keys(['example_branch_python_operator_decorator']) retrieved from /home/chinnu/.local/lib/python3.10/site-packages/airflow/example_dags/example_branch_operator_decorator.py
[2023-05-26T19:44:59.411+0400] {logging_mixin.py:149} INFO - [2023-05-26T19:44:59.410+0400] {dag.py:2726} INFO - Sync 1 DAGs
[2023-05-26T19:44:59.517+0400] {logging_mixin.py:149} INFO - [2023-05-26T19:44:59.516+0400] {dag.py:3486} INFO - Setting next_dagrun for example_branch_python_operator_decorator to 2023-05-25T00:00:00+00:00, run_after=2023-05-26T00:00:00+00:00
[2023-05-26T19:44:59.617+0400] {processor.py:179} INFO - Processing /home/chinnu/.local/lib/python3.10/site-packages/airflow/example_dags/example_branch_operator_decorator.py took 0.447 seconds
[2023-05-26T19:46:00.106+0400] {processor.py:157} INFO - Started process (PID=1620) to work on /home/chinnu/.local/lib/python3.10/site-packages/airflow/example_dags/example_branch_operator_decorator.py
[2023-05-26T19:46:00.108+0400] {processor.py:826} INFO - Processing file /home/chinnu/.local/lib/python3.10/site-packages/airflow/example_dags/example_branch_operator_decorator.py for tasks to queue
[2023-05-26T19:46:00.109+0400] {logging_mixin.py:149} INFO - [2023-05-26T19:46:00.109+0400] {dagbag.py:541} INFO - Filling up the DagBag from /home/chinnu/.local/lib/python3.10/site-packages/airflow/example_dags/example_branch_operator_decorator.py
[2023-05-26T19:46:00.131+0400] {processor.py:836} INFO - DAG(s) dict_keys(['example_branch_python_operator_decorator']) retrieved from /home/chinnu/.local/lib/python3.10/site-packages/airflow/example_dags/example_branch_operator_decorator.py
[2023-05-26T19:46:00.170+0400] {logging_mixin.py:149} INFO - [2023-05-26T19:46:00.170+0400] {dag.py:2726} INFO - Sync 1 DAGs
[2023-05-26T19:46:00.206+0400] {logging_mixin.py:149} INFO - [2023-05-26T19:46:00.205+0400] {dag.py:3486} INFO - Setting next_dagrun for example_branch_python_operator_decorator to 2023-05-25T00:00:00+00:00, run_after=2023-05-26T00:00:00+00:00
[2023-05-26T19:46:00.238+0400] {processor.py:179} INFO - Processing /home/chinnu/.local/lib/python3.10/site-packages/airflow/example_dags/example_branch_operator_decorator.py took 0.137 seconds
[2023-05-26T21:06:03.013+0400] {processor.py:157} INFO - Started process (PID=99) to work on /home/chinnu/.local/lib/python3.10/site-packages/airflow/example_dags/example_branch_operator_decorator.py
[2023-05-26T21:06:03.024+0400] {processor.py:826} INFO - Processing file /home/chinnu/.local/lib/python3.10/site-packages/airflow/example_dags/example_branch_operator_decorator.py for tasks to queue
[2023-05-26T21:06:03.026+0400] {logging_mixin.py:149} INFO - [2023-05-26T21:06:03.025+0400] {dagbag.py:541} INFO - Filling up the DagBag from /home/chinnu/.local/lib/python3.10/site-packages/airflow/example_dags/example_branch_operator_decorator.py
[2023-05-26T21:06:03.066+0400] {processor.py:836} INFO - DAG(s) dict_keys(['example_branch_python_operator_decorator']) retrieved from /home/chinnu/.local/lib/python3.10/site-packages/airflow/example_dags/example_branch_operator_decorator.py
[2023-05-26T21:06:03.152+0400] {logging_mixin.py:149} INFO - [2023-05-26T21:06:03.152+0400] {dag.py:2726} INFO - Sync 1 DAGs
[2023-05-26T21:06:03.399+0400] {logging_mixin.py:149} INFO - [2023-05-26T21:06:03.398+0400] {dag.py:3486} INFO - Setting next_dagrun for example_branch_python_operator_decorator to 2023-05-25T00:00:00+00:00, run_after=2023-05-26T00:00:00+00:00
[2023-05-26T21:06:03.445+0400] {processor.py:179} INFO - Processing /home/chinnu/.local/lib/python3.10/site-packages/airflow/example_dags/example_branch_operator_decorator.py took 0.447 seconds
[2023-05-26T21:07:10.942+0400] {processor.py:157} INFO - Started process (PID=182) to work on /home/chinnu/.local/lib/python3.10/site-packages/airflow/example_dags/example_branch_operator_decorator.py
[2023-05-26T21:07:10.945+0400] {processor.py:826} INFO - Processing file /home/chinnu/.local/lib/python3.10/site-packages/airflow/example_dags/example_branch_operator_decorator.py for tasks to queue
[2023-05-26T21:07:10.946+0400] {logging_mixin.py:149} INFO - [2023-05-26T21:07:10.946+0400] {dagbag.py:541} INFO - Filling up the DagBag from /home/chinnu/.local/lib/python3.10/site-packages/airflow/example_dags/example_branch_operator_decorator.py
[2023-05-26T21:07:10.974+0400] {processor.py:836} INFO - DAG(s) dict_keys(['example_branch_python_operator_decorator']) retrieved from /home/chinnu/.local/lib/python3.10/site-packages/airflow/example_dags/example_branch_operator_decorator.py
[2023-05-26T21:07:11.043+0400] {logging_mixin.py:149} INFO - [2023-05-26T21:07:11.043+0400] {dag.py:2726} INFO - Sync 1 DAGs
[2023-05-26T21:07:11.090+0400] {logging_mixin.py:149} INFO - [2023-05-26T21:07:11.090+0400] {dag.py:3486} INFO - Setting next_dagrun for example_branch_python_operator_decorator to 2023-05-25T00:00:00+00:00, run_after=2023-05-26T00:00:00+00:00
[2023-05-26T21:07:11.144+0400] {processor.py:179} INFO - Processing /home/chinnu/.local/lib/python3.10/site-packages/airflow/example_dags/example_branch_operator_decorator.py took 0.218 seconds
[2023-05-26T21:11:06.619+0400] {processor.py:157} INFO - Started process (PID=1942) to work on /home/chinnu/.local/lib/python3.10/site-packages/airflow/example_dags/example_branch_operator_decorator.py
[2023-05-26T21:11:06.623+0400] {processor.py:826} INFO - Processing file /home/chinnu/.local/lib/python3.10/site-packages/airflow/example_dags/example_branch_operator_decorator.py for tasks to queue
[2023-05-26T21:11:06.626+0400] {logging_mixin.py:149} INFO - [2023-05-26T21:11:06.625+0400] {dagbag.py:541} INFO - Filling up the DagBag from /home/chinnu/.local/lib/python3.10/site-packages/airflow/example_dags/example_branch_operator_decorator.py
[2023-05-26T21:11:06.667+0400] {processor.py:836} INFO - DAG(s) dict_keys(['example_branch_python_operator_decorator']) retrieved from /home/chinnu/.local/lib/python3.10/site-packages/airflow/example_dags/example_branch_operator_decorator.py
[2023-05-26T21:11:06.769+0400] {logging_mixin.py:149} INFO - [2023-05-26T21:11:06.769+0400] {dag.py:2726} INFO - Sync 1 DAGs
[2023-05-26T21:11:07.059+0400] {logging_mixin.py:149} INFO - [2023-05-26T21:11:07.059+0400] {dag.py:3486} INFO - Setting next_dagrun for example_branch_python_operator_decorator to 2023-05-25T00:00:00+00:00, run_after=2023-05-26T00:00:00+00:00
[2023-05-26T21:11:07.112+0400] {processor.py:179} INFO - Processing /home/chinnu/.local/lib/python3.10/site-packages/airflow/example_dags/example_branch_operator_decorator.py took 0.509 seconds
[2023-05-26T21:13:00.404+0400] {processor.py:157} INFO - Started process (PID=2047) to work on /home/chinnu/.local/lib/python3.10/site-packages/airflow/example_dags/example_branch_operator_decorator.py
[2023-05-26T21:13:00.406+0400] {processor.py:826} INFO - Processing file /home/chinnu/.local/lib/python3.10/site-packages/airflow/example_dags/example_branch_operator_decorator.py for tasks to queue
[2023-05-26T21:13:00.408+0400] {logging_mixin.py:149} INFO - [2023-05-26T21:13:00.407+0400] {dagbag.py:541} INFO - Filling up the DagBag from /home/chinnu/.local/lib/python3.10/site-packages/airflow/example_dags/example_branch_operator_decorator.py
[2023-05-26T21:13:00.431+0400] {processor.py:836} INFO - DAG(s) dict_keys(['example_branch_python_operator_decorator']) retrieved from /home/chinnu/.local/lib/python3.10/site-packages/airflow/example_dags/example_branch_operator_decorator.py
[2023-05-26T21:13:00.472+0400] {logging_mixin.py:149} INFO - [2023-05-26T21:13:00.472+0400] {dag.py:2726} INFO - Sync 1 DAGs
[2023-05-26T21:13:00.500+0400] {logging_mixin.py:149} INFO - [2023-05-26T21:13:00.499+0400] {dag.py:3486} INFO - Setting next_dagrun for example_branch_python_operator_decorator to 2023-05-25T00:00:00+00:00, run_after=2023-05-26T00:00:00+00:00
[2023-05-26T21:13:00.527+0400] {processor.py:179} INFO - Processing /home/chinnu/.local/lib/python3.10/site-packages/airflow/example_dags/example_branch_operator_decorator.py took 0.132 seconds
[2023-05-26T21:13:45.301+0400] {processor.py:157} INFO - Started process (PID=2099) to work on /home/chinnu/.local/lib/python3.10/site-packages/airflow/example_dags/example_branch_operator_decorator.py
[2023-05-26T21:13:45.305+0400] {processor.py:826} INFO - Processing file /home/chinnu/.local/lib/python3.10/site-packages/airflow/example_dags/example_branch_operator_decorator.py for tasks to queue
[2023-05-26T21:13:45.306+0400] {logging_mixin.py:149} INFO - [2023-05-26T21:13:45.306+0400] {dagbag.py:541} INFO - Filling up the DagBag from /home/chinnu/.local/lib/python3.10/site-packages/airflow/example_dags/example_branch_operator_decorator.py
[2023-05-26T21:13:45.329+0400] {processor.py:836} INFO - DAG(s) dict_keys(['example_branch_python_operator_decorator']) retrieved from /home/chinnu/.local/lib/python3.10/site-packages/airflow/example_dags/example_branch_operator_decorator.py
[2023-05-26T21:13:45.381+0400] {logging_mixin.py:149} INFO - [2023-05-26T21:13:45.381+0400] {dag.py:2726} INFO - Sync 1 DAGs
[2023-05-26T21:13:45.418+0400] {logging_mixin.py:149} INFO - [2023-05-26T21:13:45.418+0400] {dag.py:3486} INFO - Setting next_dagrun for example_branch_python_operator_decorator to 2023-05-25T00:00:00+00:00, run_after=2023-05-26T00:00:00+00:00
[2023-05-26T21:13:45.446+0400] {processor.py:179} INFO - Processing /home/chinnu/.local/lib/python3.10/site-packages/airflow/example_dags/example_branch_operator_decorator.py took 0.161 seconds
[2023-05-26T21:14:30.905+0400] {processor.py:157} INFO - Started process (PID=2152) to work on /home/chinnu/.local/lib/python3.10/site-packages/airflow/example_dags/example_branch_operator_decorator.py
[2023-05-26T21:14:30.907+0400] {processor.py:826} INFO - Processing file /home/chinnu/.local/lib/python3.10/site-packages/airflow/example_dags/example_branch_operator_decorator.py for tasks to queue
[2023-05-26T21:14:30.908+0400] {logging_mixin.py:149} INFO - [2023-05-26T21:14:30.908+0400] {dagbag.py:541} INFO - Filling up the DagBag from /home/chinnu/.local/lib/python3.10/site-packages/airflow/example_dags/example_branch_operator_decorator.py
[2023-05-26T21:14:30.930+0400] {processor.py:836} INFO - DAG(s) dict_keys(['example_branch_python_operator_decorator']) retrieved from /home/chinnu/.local/lib/python3.10/site-packages/airflow/example_dags/example_branch_operator_decorator.py
[2023-05-26T21:14:30.971+0400] {logging_mixin.py:149} INFO - [2023-05-26T21:14:30.971+0400] {dag.py:2726} INFO - Sync 1 DAGs
[2023-05-26T21:14:31.003+0400] {logging_mixin.py:149} INFO - [2023-05-26T21:14:31.002+0400] {dag.py:3486} INFO - Setting next_dagrun for example_branch_python_operator_decorator to 2023-05-25T00:00:00+00:00, run_after=2023-05-26T00:00:00+00:00
[2023-05-26T21:14:31.040+0400] {processor.py:179} INFO - Processing /home/chinnu/.local/lib/python3.10/site-packages/airflow/example_dags/example_branch_operator_decorator.py took 0.145 seconds
[2023-05-26T21:15:19.820+0400] {processor.py:157} INFO - Started process (PID=9410) to work on /home/chinnu/.local/lib/python3.10/site-packages/airflow/example_dags/example_branch_operator_decorator.py
[2023-05-26T21:15:19.822+0400] {processor.py:826} INFO - Processing file /home/chinnu/.local/lib/python3.10/site-packages/airflow/example_dags/example_branch_operator_decorator.py for tasks to queue
[2023-05-26T21:15:19.823+0400] {logging_mixin.py:149} INFO - [2023-05-26T21:15:19.822+0400] {dagbag.py:541} INFO - Filling up the DagBag from /home/chinnu/.local/lib/python3.10/site-packages/airflow/example_dags/example_branch_operator_decorator.py
[2023-05-26T21:15:19.840+0400] {processor.py:836} INFO - DAG(s) dict_keys(['example_branch_python_operator_decorator']) retrieved from /home/chinnu/.local/lib/python3.10/site-packages/airflow/example_dags/example_branch_operator_decorator.py
[2023-05-26T21:15:19.879+0400] {logging_mixin.py:149} INFO - [2023-05-26T21:15:19.879+0400] {dag.py:2726} INFO - Sync 1 DAGs
[2023-05-26T21:15:19.911+0400] {logging_mixin.py:149} INFO - [2023-05-26T21:15:19.911+0400] {dag.py:3486} INFO - Setting next_dagrun for example_branch_python_operator_decorator to 2023-05-25T00:00:00+00:00, run_after=2023-05-26T00:00:00+00:00
[2023-05-26T21:15:19.945+0400] {processor.py:179} INFO - Processing /home/chinnu/.local/lib/python3.10/site-packages/airflow/example_dags/example_branch_operator_decorator.py took 0.131 seconds
[2023-05-26T21:16:10.376+0400] {processor.py:157} INFO - Started process (PID=9485) to work on /home/chinnu/.local/lib/python3.10/site-packages/airflow/example_dags/example_branch_operator_decorator.py
[2023-05-26T21:16:10.379+0400] {processor.py:826} INFO - Processing file /home/chinnu/.local/lib/python3.10/site-packages/airflow/example_dags/example_branch_operator_decorator.py for tasks to queue
[2023-05-26T21:16:10.381+0400] {logging_mixin.py:149} INFO - [2023-05-26T21:16:10.380+0400] {dagbag.py:541} INFO - Filling up the DagBag from /home/chinnu/.local/lib/python3.10/site-packages/airflow/example_dags/example_branch_operator_decorator.py
[2023-05-26T21:16:10.413+0400] {processor.py:836} INFO - DAG(s) dict_keys(['example_branch_python_operator_decorator']) retrieved from /home/chinnu/.local/lib/python3.10/site-packages/airflow/example_dags/example_branch_operator_decorator.py
[2023-05-26T21:16:10.500+0400] {logging_mixin.py:149} INFO - [2023-05-26T21:16:10.499+0400] {dag.py:2726} INFO - Sync 1 DAGs
[2023-05-26T21:16:10.565+0400] {logging_mixin.py:149} INFO - [2023-05-26T21:16:10.565+0400] {dag.py:3486} INFO - Setting next_dagrun for example_branch_python_operator_decorator to 2023-05-25T00:00:00+00:00, run_after=2023-05-26T00:00:00+00:00
[2023-05-26T21:16:10.641+0400] {processor.py:179} INFO - Processing /home/chinnu/.local/lib/python3.10/site-packages/airflow/example_dags/example_branch_operator_decorator.py took 0.278 seconds
[2023-05-26T21:17:38.143+0400] {processor.py:157} INFO - Started process (PID=16779) to work on /home/chinnu/.local/lib/python3.10/site-packages/airflow/example_dags/example_branch_operator_decorator.py
[2023-05-26T21:17:38.146+0400] {processor.py:826} INFO - Processing file /home/chinnu/.local/lib/python3.10/site-packages/airflow/example_dags/example_branch_operator_decorator.py for tasks to queue
[2023-05-26T21:17:38.147+0400] {logging_mixin.py:149} INFO - [2023-05-26T21:17:38.147+0400] {dagbag.py:541} INFO - Filling up the DagBag from /home/chinnu/.local/lib/python3.10/site-packages/airflow/example_dags/example_branch_operator_decorator.py
[2023-05-26T21:17:38.169+0400] {processor.py:836} INFO - DAG(s) dict_keys(['example_branch_python_operator_decorator']) retrieved from /home/chinnu/.local/lib/python3.10/site-packages/airflow/example_dags/example_branch_operator_decorator.py
[2023-05-26T21:17:38.211+0400] {logging_mixin.py:149} INFO - [2023-05-26T21:17:38.211+0400] {dag.py:2726} INFO - Sync 1 DAGs
[2023-05-26T21:17:38.238+0400] {logging_mixin.py:149} INFO - [2023-05-26T21:17:38.237+0400] {dag.py:3486} INFO - Setting next_dagrun for example_branch_python_operator_decorator to 2023-05-25T00:00:00+00:00, run_after=2023-05-26T00:00:00+00:00
[2023-05-26T21:17:38.279+0400] {processor.py:179} INFO - Processing /home/chinnu/.local/lib/python3.10/site-packages/airflow/example_dags/example_branch_operator_decorator.py took 0.145 seconds
[2023-05-26T21:19:21.588+0400] {processor.py:157} INFO - Started process (PID=16872) to work on /home/chinnu/.local/lib/python3.10/site-packages/airflow/example_dags/example_branch_operator_decorator.py
[2023-05-26T21:19:21.590+0400] {processor.py:826} INFO - Processing file /home/chinnu/.local/lib/python3.10/site-packages/airflow/example_dags/example_branch_operator_decorator.py for tasks to queue
[2023-05-26T21:19:21.591+0400] {logging_mixin.py:149} INFO - [2023-05-26T21:19:21.591+0400] {dagbag.py:541} INFO - Filling up the DagBag from /home/chinnu/.local/lib/python3.10/site-packages/airflow/example_dags/example_branch_operator_decorator.py
[2023-05-26T21:19:21.606+0400] {processor.py:836} INFO - DAG(s) dict_keys(['example_branch_python_operator_decorator']) retrieved from /home/chinnu/.local/lib/python3.10/site-packages/airflow/example_dags/example_branch_operator_decorator.py
[2023-05-26T21:19:21.645+0400] {logging_mixin.py:149} INFO - [2023-05-26T21:19:21.645+0400] {dag.py:2726} INFO - Sync 1 DAGs
[2023-05-26T21:19:21.820+0400] {logging_mixin.py:149} INFO - [2023-05-26T21:19:21.820+0400] {dag.py:3486} INFO - Setting next_dagrun for example_branch_python_operator_decorator to 2023-05-25T00:00:00+00:00, run_after=2023-05-26T00:00:00+00:00
[2023-05-26T21:19:21.853+0400] {processor.py:179} INFO - Processing /home/chinnu/.local/lib/python3.10/site-packages/airflow/example_dags/example_branch_operator_decorator.py took 0.270 seconds
[2023-05-26T21:20:34.473+0400] {processor.py:157} INFO - Started process (PID=16955) to work on /home/chinnu/.local/lib/python3.10/site-packages/airflow/example_dags/example_branch_operator_decorator.py
[2023-05-26T21:20:34.477+0400] {processor.py:826} INFO - Processing file /home/chinnu/.local/lib/python3.10/site-packages/airflow/example_dags/example_branch_operator_decorator.py for tasks to queue
[2023-05-26T21:20:34.479+0400] {logging_mixin.py:149} INFO - [2023-05-26T21:20:34.479+0400] {dagbag.py:541} INFO - Filling up the DagBag from /home/chinnu/.local/lib/python3.10/site-packages/airflow/example_dags/example_branch_operator_decorator.py
[2023-05-26T21:20:34.519+0400] {processor.py:836} INFO - DAG(s) dict_keys(['example_branch_python_operator_decorator']) retrieved from /home/chinnu/.local/lib/python3.10/site-packages/airflow/example_dags/example_branch_operator_decorator.py
[2023-05-26T21:20:34.598+0400] {logging_mixin.py:149} INFO - [2023-05-26T21:20:34.597+0400] {dag.py:2726} INFO - Sync 1 DAGs
[2023-05-26T21:20:34.656+0400] {logging_mixin.py:149} INFO - [2023-05-26T21:20:34.656+0400] {dag.py:3486} INFO - Setting next_dagrun for example_branch_python_operator_decorator to 2023-05-25T00:00:00+00:00, run_after=2023-05-26T00:00:00+00:00
[2023-05-26T21:20:34.705+0400] {processor.py:179} INFO - Processing /home/chinnu/.local/lib/python3.10/site-packages/airflow/example_dags/example_branch_operator_decorator.py took 0.246 seconds
[2023-05-26T21:21:17.815+0400] {processor.py:157} INFO - Started process (PID=17005) to work on /home/chinnu/.local/lib/python3.10/site-packages/airflow/example_dags/example_branch_operator_decorator.py
[2023-05-26T21:21:17.817+0400] {processor.py:826} INFO - Processing file /home/chinnu/.local/lib/python3.10/site-packages/airflow/example_dags/example_branch_operator_decorator.py for tasks to queue
[2023-05-26T21:21:17.818+0400] {logging_mixin.py:149} INFO - [2023-05-26T21:21:17.818+0400] {dagbag.py:541} INFO - Filling up the DagBag from /home/chinnu/.local/lib/python3.10/site-packages/airflow/example_dags/example_branch_operator_decorator.py
[2023-05-26T21:21:17.845+0400] {processor.py:836} INFO - DAG(s) dict_keys(['example_branch_python_operator_decorator']) retrieved from /home/chinnu/.local/lib/python3.10/site-packages/airflow/example_dags/example_branch_operator_decorator.py
[2023-05-26T21:21:17.943+0400] {logging_mixin.py:149} INFO - [2023-05-26T21:21:17.943+0400] {dag.py:2726} INFO - Sync 1 DAGs
[2023-05-26T21:21:17.986+0400] {logging_mixin.py:149} INFO - [2023-05-26T21:21:17.985+0400] {dag.py:3486} INFO - Setting next_dagrun for example_branch_python_operator_decorator to 2023-05-25T00:00:00+00:00, run_after=2023-05-26T00:00:00+00:00
[2023-05-26T21:21:18.018+0400] {processor.py:179} INFO - Processing /home/chinnu/.local/lib/python3.10/site-packages/airflow/example_dags/example_branch_operator_decorator.py took 0.212 seconds
[2023-05-26T21:22:01.594+0400] {processor.py:157} INFO - Started process (PID=17055) to work on /home/chinnu/.local/lib/python3.10/site-packages/airflow/example_dags/example_branch_operator_decorator.py
[2023-05-26T21:22:01.596+0400] {processor.py:826} INFO - Processing file /home/chinnu/.local/lib/python3.10/site-packages/airflow/example_dags/example_branch_operator_decorator.py for tasks to queue
[2023-05-26T21:22:01.597+0400] {logging_mixin.py:149} INFO - [2023-05-26T21:22:01.597+0400] {dagbag.py:541} INFO - Filling up the DagBag from /home/chinnu/.local/lib/python3.10/site-packages/airflow/example_dags/example_branch_operator_decorator.py
[2023-05-26T21:22:01.620+0400] {processor.py:836} INFO - DAG(s) dict_keys(['example_branch_python_operator_decorator']) retrieved from /home/chinnu/.local/lib/python3.10/site-packages/airflow/example_dags/example_branch_operator_decorator.py
[2023-05-26T21:22:01.665+0400] {logging_mixin.py:149} INFO - [2023-05-26T21:22:01.665+0400] {dag.py:2726} INFO - Sync 1 DAGs
[2023-05-26T21:22:01.696+0400] {logging_mixin.py:149} INFO - [2023-05-26T21:22:01.696+0400] {dag.py:3486} INFO - Setting next_dagrun for example_branch_python_operator_decorator to 2023-05-25T00:00:00+00:00, run_after=2023-05-26T00:00:00+00:00
[2023-05-26T21:22:01.751+0400] {processor.py:179} INFO - Processing /home/chinnu/.local/lib/python3.10/site-packages/airflow/example_dags/example_branch_operator_decorator.py took 0.165 seconds
[2023-05-26T21:22:50.673+0400] {processor.py:157} INFO - Started process (PID=17117) to work on /home/chinnu/.local/lib/python3.10/site-packages/airflow/example_dags/example_branch_operator_decorator.py
[2023-05-26T21:22:50.677+0400] {processor.py:826} INFO - Processing file /home/chinnu/.local/lib/python3.10/site-packages/airflow/example_dags/example_branch_operator_decorator.py for tasks to queue
[2023-05-26T21:22:50.679+0400] {logging_mixin.py:149} INFO - [2023-05-26T21:22:50.678+0400] {dagbag.py:541} INFO - Filling up the DagBag from /home/chinnu/.local/lib/python3.10/site-packages/airflow/example_dags/example_branch_operator_decorator.py
[2023-05-26T21:22:50.711+0400] {processor.py:836} INFO - DAG(s) dict_keys(['example_branch_python_operator_decorator']) retrieved from /home/chinnu/.local/lib/python3.10/site-packages/airflow/example_dags/example_branch_operator_decorator.py
[2023-05-26T21:22:50.752+0400] {logging_mixin.py:149} INFO - [2023-05-26T21:22:50.752+0400] {dag.py:2726} INFO - Sync 1 DAGs
[2023-05-26T21:22:50.778+0400] {logging_mixin.py:149} INFO - [2023-05-26T21:22:50.778+0400] {dag.py:3486} INFO - Setting next_dagrun for example_branch_python_operator_decorator to 2023-05-25T00:00:00+00:00, run_after=2023-05-26T00:00:00+00:00
[2023-05-26T21:22:50.829+0400] {processor.py:179} INFO - Processing /home/chinnu/.local/lib/python3.10/site-packages/airflow/example_dags/example_branch_operator_decorator.py took 0.170 seconds
[2023-05-26T21:23:41.371+0400] {processor.py:157} INFO - Started process (PID=17178) to work on /home/chinnu/.local/lib/python3.10/site-packages/airflow/example_dags/example_branch_operator_decorator.py
[2023-05-26T21:23:41.373+0400] {processor.py:826} INFO - Processing file /home/chinnu/.local/lib/python3.10/site-packages/airflow/example_dags/example_branch_operator_decorator.py for tasks to queue
[2023-05-26T21:23:41.373+0400] {logging_mixin.py:149} INFO - [2023-05-26T21:23:41.373+0400] {dagbag.py:541} INFO - Filling up the DagBag from /home/chinnu/.local/lib/python3.10/site-packages/airflow/example_dags/example_branch_operator_decorator.py
[2023-05-26T21:23:41.390+0400] {processor.py:836} INFO - DAG(s) dict_keys(['example_branch_python_operator_decorator']) retrieved from /home/chinnu/.local/lib/python3.10/site-packages/airflow/example_dags/example_branch_operator_decorator.py
[2023-05-26T21:23:41.424+0400] {logging_mixin.py:149} INFO - [2023-05-26T21:23:41.423+0400] {dag.py:2726} INFO - Sync 1 DAGs
[2023-05-26T21:23:41.448+0400] {logging_mixin.py:149} INFO - [2023-05-26T21:23:41.448+0400] {dag.py:3486} INFO - Setting next_dagrun for example_branch_python_operator_decorator to 2023-05-25T00:00:00+00:00, run_after=2023-05-26T00:00:00+00:00
[2023-05-26T21:23:41.480+0400] {processor.py:179} INFO - Processing /home/chinnu/.local/lib/python3.10/site-packages/airflow/example_dags/example_branch_operator_decorator.py took 0.115 seconds
[2023-05-26T21:24:30.208+0400] {processor.py:157} INFO - Started process (PID=17237) to work on /home/chinnu/.local/lib/python3.10/site-packages/airflow/example_dags/example_branch_operator_decorator.py
[2023-05-26T21:24:30.209+0400] {processor.py:826} INFO - Processing file /home/chinnu/.local/lib/python3.10/site-packages/airflow/example_dags/example_branch_operator_decorator.py for tasks to queue
[2023-05-26T21:24:30.210+0400] {logging_mixin.py:149} INFO - [2023-05-26T21:24:30.210+0400] {dagbag.py:541} INFO - Filling up the DagBag from /home/chinnu/.local/lib/python3.10/site-packages/airflow/example_dags/example_branch_operator_decorator.py
[2023-05-26T21:24:30.227+0400] {processor.py:836} INFO - DAG(s) dict_keys(['example_branch_python_operator_decorator']) retrieved from /home/chinnu/.local/lib/python3.10/site-packages/airflow/example_dags/example_branch_operator_decorator.py
[2023-05-26T21:24:30.279+0400] {logging_mixin.py:149} INFO - [2023-05-26T21:24:30.278+0400] {dag.py:2726} INFO - Sync 1 DAGs
[2023-05-26T21:24:30.322+0400] {logging_mixin.py:149} INFO - [2023-05-26T21:24:30.322+0400] {dag.py:3486} INFO - Setting next_dagrun for example_branch_python_operator_decorator to 2023-05-25T00:00:00+00:00, run_after=2023-05-26T00:00:00+00:00
[2023-05-26T21:24:30.359+0400] {processor.py:179} INFO - Processing /home/chinnu/.local/lib/python3.10/site-packages/airflow/example_dags/example_branch_operator_decorator.py took 0.159 seconds
[2023-05-26T21:25:17.642+0400] {processor.py:157} INFO - Started process (PID=17299) to work on /home/chinnu/.local/lib/python3.10/site-packages/airflow/example_dags/example_branch_operator_decorator.py
[2023-05-26T21:25:17.645+0400] {processor.py:826} INFO - Processing file /home/chinnu/.local/lib/python3.10/site-packages/airflow/example_dags/example_branch_operator_decorator.py for tasks to queue
[2023-05-26T21:25:17.647+0400] {logging_mixin.py:149} INFO - [2023-05-26T21:25:17.646+0400] {dagbag.py:541} INFO - Filling up the DagBag from /home/chinnu/.local/lib/python3.10/site-packages/airflow/example_dags/example_branch_operator_decorator.py
[2023-05-26T21:25:17.672+0400] {processor.py:836} INFO - DAG(s) dict_keys(['example_branch_python_operator_decorator']) retrieved from /home/chinnu/.local/lib/python3.10/site-packages/airflow/example_dags/example_branch_operator_decorator.py
[2023-05-26T21:25:17.731+0400] {logging_mixin.py:149} INFO - [2023-05-26T21:25:17.731+0400] {dag.py:2726} INFO - Sync 1 DAGs
[2023-05-26T21:25:17.768+0400] {logging_mixin.py:149} INFO - [2023-05-26T21:25:17.768+0400] {dag.py:3486} INFO - Setting next_dagrun for example_branch_python_operator_decorator to 2023-05-25T00:00:00+00:00, run_after=2023-05-26T00:00:00+00:00
[2023-05-26T21:25:17.807+0400] {processor.py:179} INFO - Processing /home/chinnu/.local/lib/python3.10/site-packages/airflow/example_dags/example_branch_operator_decorator.py took 0.177 seconds
[2023-05-26T21:48:50.386+0400] {processor.py:157} INFO - Started process (PID=104) to work on /home/chinnu/.local/lib/python3.10/site-packages/airflow/example_dags/example_branch_operator_decorator.py
[2023-05-26T21:48:50.394+0400] {processor.py:826} INFO - Processing file /home/chinnu/.local/lib/python3.10/site-packages/airflow/example_dags/example_branch_operator_decorator.py for tasks to queue
[2023-05-26T21:48:50.395+0400] {logging_mixin.py:149} INFO - [2023-05-26T21:48:50.395+0400] {dagbag.py:541} INFO - Filling up the DagBag from /home/chinnu/.local/lib/python3.10/site-packages/airflow/example_dags/example_branch_operator_decorator.py
[2023-05-26T21:48:50.410+0400] {processor.py:836} INFO - DAG(s) dict_keys(['example_branch_python_operator_decorator']) retrieved from /home/chinnu/.local/lib/python3.10/site-packages/airflow/example_dags/example_branch_operator_decorator.py
[2023-05-26T21:48:50.444+0400] {logging_mixin.py:149} INFO - [2023-05-26T21:48:50.444+0400] {dag.py:2726} INFO - Sync 1 DAGs
[2023-05-26T21:48:50.470+0400] {logging_mixin.py:149} INFO - [2023-05-26T21:48:50.470+0400] {dag.py:3486} INFO - Setting next_dagrun for example_branch_python_operator_decorator to 2023-05-25T00:00:00+00:00, run_after=2023-05-26T00:00:00+00:00
[2023-05-26T21:48:50.504+0400] {processor.py:179} INFO - Processing /home/chinnu/.local/lib/python3.10/site-packages/airflow/example_dags/example_branch_operator_decorator.py took 0.124 seconds
[2023-05-26T21:52:56.492+0400] {processor.py:157} INFO - Started process (PID=85) to work on /home/chinnu/.local/lib/python3.10/site-packages/airflow/example_dags/example_branch_operator_decorator.py
[2023-05-26T21:52:56.500+0400] {processor.py:826} INFO - Processing file /home/chinnu/.local/lib/python3.10/site-packages/airflow/example_dags/example_branch_operator_decorator.py for tasks to queue
[2023-05-26T21:52:56.501+0400] {logging_mixin.py:149} INFO - [2023-05-26T21:52:56.501+0400] {dagbag.py:541} INFO - Filling up the DagBag from /home/chinnu/.local/lib/python3.10/site-packages/airflow/example_dags/example_branch_operator_decorator.py
[2023-05-26T21:52:56.516+0400] {processor.py:836} INFO - DAG(s) dict_keys(['example_branch_python_operator_decorator']) retrieved from /home/chinnu/.local/lib/python3.10/site-packages/airflow/example_dags/example_branch_operator_decorator.py
[2023-05-26T21:52:56.551+0400] {logging_mixin.py:149} INFO - [2023-05-26T21:52:56.550+0400] {dag.py:2726} INFO - Sync 1 DAGs
[2023-05-26T21:52:56.708+0400] {logging_mixin.py:149} INFO - [2023-05-26T21:52:56.708+0400] {dag.py:3486} INFO - Setting next_dagrun for example_branch_python_operator_decorator to 2023-05-25T00:00:00+00:00, run_after=2023-05-26T00:00:00+00:00
[2023-05-26T21:52:56.737+0400] {processor.py:179} INFO - Processing /home/chinnu/.local/lib/python3.10/site-packages/airflow/example_dags/example_branch_operator_decorator.py took 0.250 seconds
[2023-05-26T21:53:56.090+0400] {processor.py:157} INFO - Started process (PID=146) to work on /home/chinnu/.local/lib/python3.10/site-packages/airflow/example_dags/example_branch_operator_decorator.py
[2023-05-26T21:53:56.096+0400] {processor.py:826} INFO - Processing file /home/chinnu/.local/lib/python3.10/site-packages/airflow/example_dags/example_branch_operator_decorator.py for tasks to queue
[2023-05-26T21:53:56.101+0400] {logging_mixin.py:149} INFO - [2023-05-26T21:53:56.100+0400] {dagbag.py:541} INFO - Filling up the DagBag from /home/chinnu/.local/lib/python3.10/site-packages/airflow/example_dags/example_branch_operator_decorator.py
[2023-05-26T21:53:56.146+0400] {processor.py:836} INFO - DAG(s) dict_keys(['example_branch_python_operator_decorator']) retrieved from /home/chinnu/.local/lib/python3.10/site-packages/airflow/example_dags/example_branch_operator_decorator.py
[2023-05-26T21:53:56.233+0400] {logging_mixin.py:149} INFO - [2023-05-26T21:53:56.233+0400] {dag.py:2726} INFO - Sync 1 DAGs
[2023-05-26T21:53:56.291+0400] {logging_mixin.py:149} INFO - [2023-05-26T21:53:56.291+0400] {dag.py:3486} INFO - Setting next_dagrun for example_branch_python_operator_decorator to 2023-05-25T00:00:00+00:00, run_after=2023-05-26T00:00:00+00:00
[2023-05-26T21:53:56.345+0400] {processor.py:179} INFO - Processing /home/chinnu/.local/lib/python3.10/site-packages/airflow/example_dags/example_branch_operator_decorator.py took 0.271 seconds
[2023-05-26T22:06:45.722+0400] {processor.py:157} INFO - Started process (PID=2554) to work on /home/chinnu/.local/lib/python3.10/site-packages/airflow/example_dags/example_branch_operator_decorator.py
[2023-05-26T22:06:45.727+0400] {processor.py:826} INFO - Processing file /home/chinnu/.local/lib/python3.10/site-packages/airflow/example_dags/example_branch_operator_decorator.py for tasks to queue
[2023-05-26T22:06:45.730+0400] {logging_mixin.py:149} INFO - [2023-05-26T22:06:45.729+0400] {dagbag.py:541} INFO - Filling up the DagBag from /home/chinnu/.local/lib/python3.10/site-packages/airflow/example_dags/example_branch_operator_decorator.py
[2023-05-26T22:06:45.786+0400] {processor.py:836} INFO - DAG(s) dict_keys(['example_branch_python_operator_decorator']) retrieved from /home/chinnu/.local/lib/python3.10/site-packages/airflow/example_dags/example_branch_operator_decorator.py
[2023-05-26T22:06:45.883+0400] {logging_mixin.py:149} INFO - [2023-05-26T22:06:45.883+0400] {dag.py:2726} INFO - Sync 1 DAGs
[2023-05-26T22:06:46.346+0400] {logging_mixin.py:149} INFO - [2023-05-26T22:06:46.346+0400] {dag.py:3486} INFO - Setting next_dagrun for example_branch_python_operator_decorator to 2023-05-25T00:00:00+00:00, run_after=2023-05-26T00:00:00+00:00
[2023-05-26T22:06:46.413+0400] {processor.py:179} INFO - Processing /home/chinnu/.local/lib/python3.10/site-packages/airflow/example_dags/example_branch_operator_decorator.py took 0.729 seconds
[2023-05-26T22:08:26.847+0400] {processor.py:157} INFO - Started process (PID=2621) to work on /home/chinnu/.local/lib/python3.10/site-packages/airflow/example_dags/example_branch_operator_decorator.py
[2023-05-26T22:08:26.854+0400] {processor.py:826} INFO - Processing file /home/chinnu/.local/lib/python3.10/site-packages/airflow/example_dags/example_branch_operator_decorator.py for tasks to queue
[2023-05-26T22:08:26.857+0400] {logging_mixin.py:149} INFO - [2023-05-26T22:08:26.856+0400] {dagbag.py:541} INFO - Filling up the DagBag from /home/chinnu/.local/lib/python3.10/site-packages/airflow/example_dags/example_branch_operator_decorator.py
[2023-05-26T22:08:26.923+0400] {processor.py:836} INFO - DAG(s) dict_keys(['example_branch_python_operator_decorator']) retrieved from /home/chinnu/.local/lib/python3.10/site-packages/airflow/example_dags/example_branch_operator_decorator.py
[2023-05-26T22:08:27.053+0400] {logging_mixin.py:149} INFO - [2023-05-26T22:08:27.053+0400] {dag.py:2726} INFO - Sync 1 DAGs
[2023-05-26T22:08:27.147+0400] {logging_mixin.py:149} INFO - [2023-05-26T22:08:27.147+0400] {dag.py:3486} INFO - Setting next_dagrun for example_branch_python_operator_decorator to 2023-05-25T00:00:00+00:00, run_after=2023-05-26T00:00:00+00:00
[2023-05-26T22:08:27.233+0400] {processor.py:179} INFO - Processing /home/chinnu/.local/lib/python3.10/site-packages/airflow/example_dags/example_branch_operator_decorator.py took 0.416 seconds
