[2023-05-26T19:38:50.894+0400] {processor.py:157} INFO - Started process (PID=219) to work on /home/chinnu/.local/lib/python3.10/site-packages/airflow/example_dags/example_sensors.py
[2023-05-26T19:38:50.896+0400] {processor.py:826} INFO - Processing file /home/chinnu/.local/lib/python3.10/site-packages/airflow/example_dags/example_sensors.py for tasks to queue
[2023-05-26T19:38:50.897+0400] {logging_mixin.py:149} INFO - [2023-05-26T19:38:50.897+0400] {dagbag.py:541} INFO - Filling up the DagBag from /home/chinnu/.local/lib/python3.10/site-packages/airflow/example_dags/example_sensors.py
[2023-05-26T19:38:50.923+0400] {processor.py:836} INFO - DAG(s) dict_keys(['example_sensors']) retrieved from /home/chinnu/.local/lib/python3.10/site-packages/airflow/example_dags/example_sensors.py
[2023-05-26T19:38:50.968+0400] {logging_mixin.py:149} INFO - [2023-05-26T19:38:50.968+0400] {dag.py:2726} INFO - Sync 1 DAGs
[2023-05-26T19:38:50.989+0400] {logging_mixin.py:149} INFO - [2023-05-26T19:38:50.989+0400] {dag.py:3486} INFO - Setting next_dagrun for example_sensors to None, run_after=None
[2023-05-26T19:38:51.025+0400] {processor.py:179} INFO - Processing /home/chinnu/.local/lib/python3.10/site-packages/airflow/example_dags/example_sensors.py took 0.138 seconds
[2023-05-26T19:39:46.989+0400] {processor.py:157} INFO - Started process (PID=269) to work on /home/chinnu/.local/lib/python3.10/site-packages/airflow/example_dags/example_sensors.py
[2023-05-26T19:39:46.991+0400] {processor.py:826} INFO - Processing file /home/chinnu/.local/lib/python3.10/site-packages/airflow/example_dags/example_sensors.py for tasks to queue
[2023-05-26T19:39:46.993+0400] {logging_mixin.py:149} INFO - [2023-05-26T19:39:46.992+0400] {dagbag.py:541} INFO - Filling up the DagBag from /home/chinnu/.local/lib/python3.10/site-packages/airflow/example_dags/example_sensors.py
[2023-05-26T19:39:47.009+0400] {processor.py:836} INFO - DAG(s) dict_keys(['example_sensors']) retrieved from /home/chinnu/.local/lib/python3.10/site-packages/airflow/example_dags/example_sensors.py
[2023-05-26T19:39:47.043+0400] {logging_mixin.py:149} INFO - [2023-05-26T19:39:47.043+0400] {dag.py:2726} INFO - Sync 1 DAGs
[2023-05-26T19:39:47.063+0400] {logging_mixin.py:149} INFO - [2023-05-26T19:39:47.063+0400] {dag.py:3486} INFO - Setting next_dagrun for example_sensors to None, run_after=None
[2023-05-26T19:39:47.102+0400] {processor.py:179} INFO - Processing /home/chinnu/.local/lib/python3.10/site-packages/airflow/example_dags/example_sensors.py took 0.120 seconds
[2023-05-26T19:40:40.988+0400] {processor.py:157} INFO - Started process (PID=832) to work on /home/chinnu/.local/lib/python3.10/site-packages/airflow/example_dags/example_sensors.py
[2023-05-26T19:40:40.990+0400] {processor.py:826} INFO - Processing file /home/chinnu/.local/lib/python3.10/site-packages/airflow/example_dags/example_sensors.py for tasks to queue
[2023-05-26T19:40:40.991+0400] {logging_mixin.py:149} INFO - [2023-05-26T19:40:40.991+0400] {dagbag.py:541} INFO - Filling up the DagBag from /home/chinnu/.local/lib/python3.10/site-packages/airflow/example_dags/example_sensors.py
[2023-05-26T19:40:41.008+0400] {processor.py:836} INFO - DAG(s) dict_keys(['example_sensors']) retrieved from /home/chinnu/.local/lib/python3.10/site-packages/airflow/example_dags/example_sensors.py
[2023-05-26T19:40:41.042+0400] {logging_mixin.py:149} INFO - [2023-05-26T19:40:41.042+0400] {dag.py:2726} INFO - Sync 1 DAGs
[2023-05-26T19:40:41.062+0400] {logging_mixin.py:149} INFO - [2023-05-26T19:40:41.062+0400] {dag.py:3486} INFO - Setting next_dagrun for example_sensors to None, run_after=None
[2023-05-26T19:40:41.103+0400] {processor.py:179} INFO - Processing /home/chinnu/.local/lib/python3.10/site-packages/airflow/example_dags/example_sensors.py took 0.123 seconds
[2023-05-26T19:41:54.087+0400] {processor.py:157} INFO - Started process (PID=897) to work on /home/chinnu/.local/lib/python3.10/site-packages/airflow/example_dags/example_sensors.py
[2023-05-26T19:41:54.090+0400] {processor.py:826} INFO - Processing file /home/chinnu/.local/lib/python3.10/site-packages/airflow/example_dags/example_sensors.py for tasks to queue
[2023-05-26T19:41:54.092+0400] {logging_mixin.py:149} INFO - [2023-05-26T19:41:54.092+0400] {dagbag.py:541} INFO - Filling up the DagBag from /home/chinnu/.local/lib/python3.10/site-packages/airflow/example_dags/example_sensors.py
[2023-05-26T19:41:54.124+0400] {processor.py:836} INFO - DAG(s) dict_keys(['example_sensors']) retrieved from /home/chinnu/.local/lib/python3.10/site-packages/airflow/example_dags/example_sensors.py
[2023-05-26T19:41:54.177+0400] {logging_mixin.py:149} INFO - [2023-05-26T19:41:54.177+0400] {dag.py:2726} INFO - Sync 1 DAGs
[2023-05-26T19:41:54.200+0400] {logging_mixin.py:149} INFO - [2023-05-26T19:41:54.200+0400] {dag.py:3486} INFO - Setting next_dagrun for example_sensors to None, run_after=None
[2023-05-26T19:41:54.235+0400] {processor.py:179} INFO - Processing /home/chinnu/.local/lib/python3.10/site-packages/airflow/example_dags/example_sensors.py took 0.160 seconds
[2023-05-26T19:43:19.181+0400] {processor.py:157} INFO - Started process (PID=1484) to work on /home/chinnu/.local/lib/python3.10/site-packages/airflow/example_dags/example_sensors.py
[2023-05-26T19:43:19.182+0400] {processor.py:826} INFO - Processing file /home/chinnu/.local/lib/python3.10/site-packages/airflow/example_dags/example_sensors.py for tasks to queue
[2023-05-26T19:43:19.184+0400] {logging_mixin.py:149} INFO - [2023-05-26T19:43:19.184+0400] {dagbag.py:541} INFO - Filling up the DagBag from /home/chinnu/.local/lib/python3.10/site-packages/airflow/example_dags/example_sensors.py
[2023-05-26T19:43:19.202+0400] {processor.py:836} INFO - DAG(s) dict_keys(['example_sensors']) retrieved from /home/chinnu/.local/lib/python3.10/site-packages/airflow/example_dags/example_sensors.py
[2023-05-26T19:43:19.432+0400] {logging_mixin.py:149} INFO - [2023-05-26T19:43:19.432+0400] {dag.py:2726} INFO - Sync 1 DAGs
[2023-05-26T19:43:19.491+0400] {logging_mixin.py:149} INFO - [2023-05-26T19:43:19.491+0400] {dag.py:3486} INFO - Setting next_dagrun for example_sensors to None, run_after=None
[2023-05-26T19:43:19.535+0400] {processor.py:179} INFO - Processing /home/chinnu/.local/lib/python3.10/site-packages/airflow/example_dags/example_sensors.py took 0.359 seconds
[2023-05-26T19:44:31.326+0400] {processor.py:157} INFO - Started process (PID=1544) to work on /home/chinnu/.local/lib/python3.10/site-packages/airflow/example_dags/example_sensors.py
[2023-05-26T19:44:31.333+0400] {processor.py:826} INFO - Processing file /home/chinnu/.local/lib/python3.10/site-packages/airflow/example_dags/example_sensors.py for tasks to queue
[2023-05-26T19:44:31.336+0400] {logging_mixin.py:149} INFO - [2023-05-26T19:44:31.335+0400] {dagbag.py:541} INFO - Filling up the DagBag from /home/chinnu/.local/lib/python3.10/site-packages/airflow/example_dags/example_sensors.py
[2023-05-26T19:44:31.375+0400] {processor.py:836} INFO - DAG(s) dict_keys(['example_sensors']) retrieved from /home/chinnu/.local/lib/python3.10/site-packages/airflow/example_dags/example_sensors.py
[2023-05-26T19:44:31.451+0400] {logging_mixin.py:149} INFO - [2023-05-26T19:44:31.451+0400] {dag.py:2726} INFO - Sync 1 DAGs
[2023-05-26T19:44:31.479+0400] {logging_mixin.py:149} INFO - [2023-05-26T19:44:31.479+0400] {dag.py:3486} INFO - Setting next_dagrun for example_sensors to None, run_after=None
[2023-05-26T19:44:31.512+0400] {processor.py:179} INFO - Processing /home/chinnu/.local/lib/python3.10/site-packages/airflow/example_dags/example_sensors.py took 0.209 seconds
[2023-05-26T19:45:35.151+0400] {processor.py:157} INFO - Started process (PID=1597) to work on /home/chinnu/.local/lib/python3.10/site-packages/airflow/example_dags/example_sensors.py
[2023-05-26T19:45:35.158+0400] {processor.py:826} INFO - Processing file /home/chinnu/.local/lib/python3.10/site-packages/airflow/example_dags/example_sensors.py for tasks to queue
[2023-05-26T19:45:35.165+0400] {logging_mixin.py:149} INFO - [2023-05-26T19:45:35.164+0400] {dagbag.py:541} INFO - Filling up the DagBag from /home/chinnu/.local/lib/python3.10/site-packages/airflow/example_dags/example_sensors.py
[2023-05-26T19:45:35.248+0400] {processor.py:836} INFO - DAG(s) dict_keys(['example_sensors']) retrieved from /home/chinnu/.local/lib/python3.10/site-packages/airflow/example_dags/example_sensors.py
[2023-05-26T19:45:35.397+0400] {logging_mixin.py:149} INFO - [2023-05-26T19:45:35.397+0400] {dag.py:2726} INFO - Sync 1 DAGs
[2023-05-26T19:45:35.455+0400] {logging_mixin.py:149} INFO - [2023-05-26T19:45:35.455+0400] {dag.py:3486} INFO - Setting next_dagrun for example_sensors to None, run_after=None
[2023-05-26T19:45:35.495+0400] {processor.py:179} INFO - Processing /home/chinnu/.local/lib/python3.10/site-packages/airflow/example_dags/example_sensors.py took 0.375 seconds
[2023-05-26T19:48:17.092+0400] {processor.py:157} INFO - Started process (PID=1698) to work on /home/chinnu/.local/lib/python3.10/site-packages/airflow/example_dags/example_sensors.py
[2023-05-26T19:48:17.098+0400] {processor.py:826} INFO - Processing file /home/chinnu/.local/lib/python3.10/site-packages/airflow/example_dags/example_sensors.py for tasks to queue
[2023-05-26T19:48:17.101+0400] {logging_mixin.py:149} INFO - [2023-05-26T19:48:17.101+0400] {dagbag.py:541} INFO - Filling up the DagBag from /home/chinnu/.local/lib/python3.10/site-packages/airflow/example_dags/example_sensors.py
[2023-05-26T19:48:17.155+0400] {processor.py:836} INFO - DAG(s) dict_keys(['example_sensors']) retrieved from /home/chinnu/.local/lib/python3.10/site-packages/airflow/example_dags/example_sensors.py
[2023-05-26T19:48:17.223+0400] {logging_mixin.py:149} INFO - [2023-05-26T19:48:17.223+0400] {dag.py:2726} INFO - Sync 1 DAGs
[2023-05-26T19:48:17.246+0400] {logging_mixin.py:149} INFO - [2023-05-26T19:48:17.246+0400] {dag.py:3486} INFO - Setting next_dagrun for example_sensors to None, run_after=None
[2023-05-26T19:48:17.277+0400] {processor.py:179} INFO - Processing /home/chinnu/.local/lib/python3.10/site-packages/airflow/example_dags/example_sensors.py took 0.203 seconds
[2023-05-26T21:05:40.284+0400] {processor.py:157} INFO - Started process (PID=82) to work on /home/chinnu/.local/lib/python3.10/site-packages/airflow/example_dags/example_sensors.py
[2023-05-26T21:05:40.286+0400] {processor.py:826} INFO - Processing file /home/chinnu/.local/lib/python3.10/site-packages/airflow/example_dags/example_sensors.py for tasks to queue
[2023-05-26T21:05:40.287+0400] {logging_mixin.py:149} INFO - [2023-05-26T21:05:40.287+0400] {dagbag.py:541} INFO - Filling up the DagBag from /home/chinnu/.local/lib/python3.10/site-packages/airflow/example_dags/example_sensors.py
[2023-05-26T21:05:40.301+0400] {processor.py:836} INFO - DAG(s) dict_keys(['example_sensors']) retrieved from /home/chinnu/.local/lib/python3.10/site-packages/airflow/example_dags/example_sensors.py
[2023-05-26T21:05:40.341+0400] {logging_mixin.py:149} INFO - [2023-05-26T21:05:40.341+0400] {dag.py:2726} INFO - Sync 1 DAGs
[2023-05-26T21:05:40.363+0400] {logging_mixin.py:149} INFO - [2023-05-26T21:05:40.363+0400] {dag.py:3486} INFO - Setting next_dagrun for example_sensors to None, run_after=None
[2023-05-26T21:05:40.388+0400] {processor.py:179} INFO - Processing /home/chinnu/.local/lib/python3.10/site-packages/airflow/example_dags/example_sensors.py took 0.110 seconds
[2023-05-26T21:06:44.643+0400] {processor.py:157} INFO - Started process (PID=156) to work on /home/chinnu/.local/lib/python3.10/site-packages/airflow/example_dags/example_sensors.py
[2023-05-26T21:06:44.647+0400] {processor.py:826} INFO - Processing file /home/chinnu/.local/lib/python3.10/site-packages/airflow/example_dags/example_sensors.py for tasks to queue
[2023-05-26T21:06:44.649+0400] {logging_mixin.py:149} INFO - [2023-05-26T21:06:44.648+0400] {dagbag.py:541} INFO - Filling up the DagBag from /home/chinnu/.local/lib/python3.10/site-packages/airflow/example_dags/example_sensors.py
[2023-05-26T21:06:44.672+0400] {processor.py:836} INFO - DAG(s) dict_keys(['example_sensors']) retrieved from /home/chinnu/.local/lib/python3.10/site-packages/airflow/example_dags/example_sensors.py
[2023-05-26T21:06:44.865+0400] {logging_mixin.py:149} INFO - [2023-05-26T21:06:44.865+0400] {dag.py:2726} INFO - Sync 1 DAGs
[2023-05-26T21:06:44.883+0400] {logging_mixin.py:149} INFO - [2023-05-26T21:06:44.883+0400] {dag.py:3486} INFO - Setting next_dagrun for example_sensors to None, run_after=None
[2023-05-26T21:06:44.912+0400] {processor.py:179} INFO - Processing /home/chinnu/.local/lib/python3.10/site-packages/airflow/example_dags/example_sensors.py took 0.281 seconds
[2023-05-26T21:10:46.647+0400] {processor.py:157} INFO - Started process (PID=1919) to work on /home/chinnu/.local/lib/python3.10/site-packages/airflow/example_dags/example_sensors.py
[2023-05-26T21:10:46.649+0400] {processor.py:826} INFO - Processing file /home/chinnu/.local/lib/python3.10/site-packages/airflow/example_dags/example_sensors.py for tasks to queue
[2023-05-26T21:10:46.650+0400] {logging_mixin.py:149} INFO - [2023-05-26T21:10:46.650+0400] {dagbag.py:541} INFO - Filling up the DagBag from /home/chinnu/.local/lib/python3.10/site-packages/airflow/example_dags/example_sensors.py
[2023-05-26T21:10:46.669+0400] {processor.py:836} INFO - DAG(s) dict_keys(['example_sensors']) retrieved from /home/chinnu/.local/lib/python3.10/site-packages/airflow/example_dags/example_sensors.py
[2023-05-26T21:10:46.718+0400] {logging_mixin.py:149} INFO - [2023-05-26T21:10:46.718+0400] {dag.py:2726} INFO - Sync 1 DAGs
[2023-05-26T21:10:46.747+0400] {logging_mixin.py:149} INFO - [2023-05-26T21:10:46.746+0400] {dag.py:3486} INFO - Setting next_dagrun for example_sensors to None, run_after=None
[2023-05-26T21:10:46.782+0400] {processor.py:179} INFO - Processing /home/chinnu/.local/lib/python3.10/site-packages/airflow/example_dags/example_sensors.py took 0.140 seconds
[2023-05-26T21:12:44.747+0400] {processor.py:157} INFO - Started process (PID=2030) to work on /home/chinnu/.local/lib/python3.10/site-packages/airflow/example_dags/example_sensors.py
[2023-05-26T21:12:44.749+0400] {processor.py:826} INFO - Processing file /home/chinnu/.local/lib/python3.10/site-packages/airflow/example_dags/example_sensors.py for tasks to queue
[2023-05-26T21:12:44.750+0400] {logging_mixin.py:149} INFO - [2023-05-26T21:12:44.750+0400] {dagbag.py:541} INFO - Filling up the DagBag from /home/chinnu/.local/lib/python3.10/site-packages/airflow/example_dags/example_sensors.py
[2023-05-26T21:12:44.954+0400] {processor.py:836} INFO - DAG(s) dict_keys(['example_sensors']) retrieved from /home/chinnu/.local/lib/python3.10/site-packages/airflow/example_dags/example_sensors.py
[2023-05-26T21:12:45.008+0400] {logging_mixin.py:149} INFO - [2023-05-26T21:12:45.007+0400] {dag.py:2726} INFO - Sync 1 DAGs
[2023-05-26T21:12:45.055+0400] {logging_mixin.py:149} INFO - [2023-05-26T21:12:45.055+0400] {dag.py:3486} INFO - Setting next_dagrun for example_sensors to None, run_after=None
[2023-05-26T21:12:45.116+0400] {processor.py:179} INFO - Processing /home/chinnu/.local/lib/python3.10/site-packages/airflow/example_dags/example_sensors.py took 0.375 seconds
[2023-05-26T21:13:27.951+0400] {processor.py:157} INFO - Started process (PID=2080) to work on /home/chinnu/.local/lib/python3.10/site-packages/airflow/example_dags/example_sensors.py
[2023-05-26T21:13:27.955+0400] {processor.py:826} INFO - Processing file /home/chinnu/.local/lib/python3.10/site-packages/airflow/example_dags/example_sensors.py for tasks to queue
[2023-05-26T21:13:27.956+0400] {logging_mixin.py:149} INFO - [2023-05-26T21:13:27.956+0400] {dagbag.py:541} INFO - Filling up the DagBag from /home/chinnu/.local/lib/python3.10/site-packages/airflow/example_dags/example_sensors.py
[2023-05-26T21:13:27.983+0400] {processor.py:836} INFO - DAG(s) dict_keys(['example_sensors']) retrieved from /home/chinnu/.local/lib/python3.10/site-packages/airflow/example_dags/example_sensors.py
[2023-05-26T21:13:28.031+0400] {logging_mixin.py:149} INFO - [2023-05-26T21:13:28.031+0400] {dag.py:2726} INFO - Sync 1 DAGs
[2023-05-26T21:13:28.054+0400] {logging_mixin.py:149} INFO - [2023-05-26T21:13:28.054+0400] {dag.py:3486} INFO - Setting next_dagrun for example_sensors to None, run_after=None
[2023-05-26T21:13:28.080+0400] {processor.py:179} INFO - Processing /home/chinnu/.local/lib/python3.10/site-packages/airflow/example_dags/example_sensors.py took 0.142 seconds
[2023-05-26T21:14:14.144+0400] {processor.py:157} INFO - Started process (PID=2133) to work on /home/chinnu/.local/lib/python3.10/site-packages/airflow/example_dags/example_sensors.py
[2023-05-26T21:14:14.149+0400] {processor.py:826} INFO - Processing file /home/chinnu/.local/lib/python3.10/site-packages/airflow/example_dags/example_sensors.py for tasks to queue
[2023-05-26T21:14:14.151+0400] {logging_mixin.py:149} INFO - [2023-05-26T21:14:14.150+0400] {dagbag.py:541} INFO - Filling up the DagBag from /home/chinnu/.local/lib/python3.10/site-packages/airflow/example_dags/example_sensors.py
[2023-05-26T21:14:14.187+0400] {processor.py:836} INFO - DAG(s) dict_keys(['example_sensors']) retrieved from /home/chinnu/.local/lib/python3.10/site-packages/airflow/example_dags/example_sensors.py
[2023-05-26T21:14:14.240+0400] {logging_mixin.py:149} INFO - [2023-05-26T21:14:14.239+0400] {dag.py:2726} INFO - Sync 1 DAGs
[2023-05-26T21:14:14.268+0400] {logging_mixin.py:149} INFO - [2023-05-26T21:14:14.268+0400] {dag.py:3486} INFO - Setting next_dagrun for example_sensors to None, run_after=None
[2023-05-26T21:14:14.300+0400] {processor.py:179} INFO - Processing /home/chinnu/.local/lib/python3.10/site-packages/airflow/example_dags/example_sensors.py took 0.172 seconds
[2023-05-26T21:14:54.803+0400] {processor.py:157} INFO - Started process (PID=2189) to work on /home/chinnu/.local/lib/python3.10/site-packages/airflow/example_dags/example_sensors.py
[2023-05-26T21:14:54.805+0400] {processor.py:826} INFO - Processing file /home/chinnu/.local/lib/python3.10/site-packages/airflow/example_dags/example_sensors.py for tasks to queue
[2023-05-26T21:14:54.807+0400] {logging_mixin.py:149} INFO - [2023-05-26T21:14:54.807+0400] {dagbag.py:541} INFO - Filling up the DagBag from /home/chinnu/.local/lib/python3.10/site-packages/airflow/example_dags/example_sensors.py
[2023-05-26T21:14:54.855+0400] {processor.py:836} INFO - DAG(s) dict_keys(['example_sensors']) retrieved from /home/chinnu/.local/lib/python3.10/site-packages/airflow/example_dags/example_sensors.py
[2023-05-26T21:14:54.925+0400] {logging_mixin.py:149} INFO - [2023-05-26T21:14:54.924+0400] {dag.py:2726} INFO - Sync 1 DAGs
[2023-05-26T21:14:55.002+0400] {logging_mixin.py:149} INFO - [2023-05-26T21:14:55.002+0400] {dag.py:3486} INFO - Setting next_dagrun for example_sensors to None, run_after=None
[2023-05-26T21:14:55.077+0400] {processor.py:179} INFO - Processing /home/chinnu/.local/lib/python3.10/site-packages/airflow/example_dags/example_sensors.py took 0.289 seconds
[2023-05-26T21:15:38.856+0400] {processor.py:157} INFO - Started process (PID=9435) to work on /home/chinnu/.local/lib/python3.10/site-packages/airflow/example_dags/example_sensors.py
[2023-05-26T21:15:38.857+0400] {processor.py:826} INFO - Processing file /home/chinnu/.local/lib/python3.10/site-packages/airflow/example_dags/example_sensors.py for tasks to queue
[2023-05-26T21:15:38.858+0400] {logging_mixin.py:149} INFO - [2023-05-26T21:15:38.858+0400] {dagbag.py:541} INFO - Filling up the DagBag from /home/chinnu/.local/lib/python3.10/site-packages/airflow/example_dags/example_sensors.py
[2023-05-26T21:15:38.876+0400] {processor.py:836} INFO - DAG(s) dict_keys(['example_sensors']) retrieved from /home/chinnu/.local/lib/python3.10/site-packages/airflow/example_dags/example_sensors.py
[2023-05-26T21:15:38.917+0400] {logging_mixin.py:149} INFO - [2023-05-26T21:15:38.917+0400] {dag.py:2726} INFO - Sync 1 DAGs
[2023-05-26T21:15:38.942+0400] {logging_mixin.py:149} INFO - [2023-05-26T21:15:38.941+0400] {dag.py:3486} INFO - Setting next_dagrun for example_sensors to None, run_after=None
[2023-05-26T21:15:38.970+0400] {processor.py:179} INFO - Processing /home/chinnu/.local/lib/python3.10/site-packages/airflow/example_dags/example_sensors.py took 0.121 seconds
[2023-05-26T21:16:21.043+0400] {processor.py:157} INFO - Started process (PID=16683) to work on /home/chinnu/.local/lib/python3.10/site-packages/airflow/example_dags/example_sensors.py
[2023-05-26T21:16:21.045+0400] {processor.py:826} INFO - Processing file /home/chinnu/.local/lib/python3.10/site-packages/airflow/example_dags/example_sensors.py for tasks to queue
[2023-05-26T21:16:21.047+0400] {logging_mixin.py:149} INFO - [2023-05-26T21:16:21.046+0400] {dagbag.py:541} INFO - Filling up the DagBag from /home/chinnu/.local/lib/python3.10/site-packages/airflow/example_dags/example_sensors.py
[2023-05-26T21:16:21.067+0400] {processor.py:836} INFO - DAG(s) dict_keys(['example_sensors']) retrieved from /home/chinnu/.local/lib/python3.10/site-packages/airflow/example_dags/example_sensors.py
[2023-05-26T21:16:21.102+0400] {logging_mixin.py:149} INFO - [2023-05-26T21:16:21.102+0400] {dag.py:2726} INFO - Sync 1 DAGs
[2023-05-26T21:16:21.126+0400] {logging_mixin.py:149} INFO - [2023-05-26T21:16:21.126+0400] {dag.py:3486} INFO - Setting next_dagrun for example_sensors to None, run_after=None
[2023-05-26T21:16:21.177+0400] {processor.py:179} INFO - Processing /home/chinnu/.local/lib/python3.10/site-packages/airflow/example_dags/example_sensors.py took 0.143 seconds
[2023-05-26T21:17:27.509+0400] {processor.py:157} INFO - Started process (PID=16766) to work on /home/chinnu/.local/lib/python3.10/site-packages/airflow/example_dags/example_sensors.py
[2023-05-26T21:17:27.513+0400] {processor.py:826} INFO - Processing file /home/chinnu/.local/lib/python3.10/site-packages/airflow/example_dags/example_sensors.py for tasks to queue
[2023-05-26T21:17:27.515+0400] {logging_mixin.py:149} INFO - [2023-05-26T21:17:27.514+0400] {dagbag.py:541} INFO - Filling up the DagBag from /home/chinnu/.local/lib/python3.10/site-packages/airflow/example_dags/example_sensors.py
[2023-05-26T21:17:27.548+0400] {processor.py:836} INFO - DAG(s) dict_keys(['example_sensors']) retrieved from /home/chinnu/.local/lib/python3.10/site-packages/airflow/example_dags/example_sensors.py
[2023-05-26T21:17:27.590+0400] {logging_mixin.py:149} INFO - [2023-05-26T21:17:27.590+0400] {dag.py:2726} INFO - Sync 1 DAGs
[2023-05-26T21:17:27.613+0400] {logging_mixin.py:149} INFO - [2023-05-26T21:17:27.613+0400] {dag.py:3486} INFO - Setting next_dagrun for example_sensors to None, run_after=None
[2023-05-26T21:17:27.644+0400] {processor.py:179} INFO - Processing /home/chinnu/.local/lib/python3.10/site-packages/airflow/example_dags/example_sensors.py took 0.150 seconds
[2023-05-26T21:19:04.032+0400] {processor.py:157} INFO - Started process (PID=16854) to work on /home/chinnu/.local/lib/python3.10/site-packages/airflow/example_dags/example_sensors.py
[2023-05-26T21:19:04.034+0400] {processor.py:826} INFO - Processing file /home/chinnu/.local/lib/python3.10/site-packages/airflow/example_dags/example_sensors.py for tasks to queue
[2023-05-26T21:19:04.036+0400] {logging_mixin.py:149} INFO - [2023-05-26T21:19:04.036+0400] {dagbag.py:541} INFO - Filling up the DagBag from /home/chinnu/.local/lib/python3.10/site-packages/airflow/example_dags/example_sensors.py
[2023-05-26T21:19:04.056+0400] {processor.py:836} INFO - DAG(s) dict_keys(['example_sensors']) retrieved from /home/chinnu/.local/lib/python3.10/site-packages/airflow/example_dags/example_sensors.py
[2023-05-26T21:19:04.097+0400] {logging_mixin.py:149} INFO - [2023-05-26T21:19:04.096+0400] {dag.py:2726} INFO - Sync 1 DAGs
[2023-05-26T21:19:04.123+0400] {logging_mixin.py:149} INFO - [2023-05-26T21:19:04.123+0400] {dag.py:3486} INFO - Setting next_dagrun for example_sensors to None, run_after=None
[2023-05-26T21:19:04.157+0400] {processor.py:179} INFO - Processing /home/chinnu/.local/lib/python3.10/site-packages/airflow/example_dags/example_sensors.py took 0.132 seconds
[2023-05-26T21:19:49.679+0400] {processor.py:157} INFO - Started process (PID=16905) to work on /home/chinnu/.local/lib/python3.10/site-packages/airflow/example_dags/example_sensors.py
[2023-05-26T21:19:49.681+0400] {processor.py:826} INFO - Processing file /home/chinnu/.local/lib/python3.10/site-packages/airflow/example_dags/example_sensors.py for tasks to queue
[2023-05-26T21:19:49.682+0400] {logging_mixin.py:149} INFO - [2023-05-26T21:19:49.682+0400] {dagbag.py:541} INFO - Filling up the DagBag from /home/chinnu/.local/lib/python3.10/site-packages/airflow/example_dags/example_sensors.py
[2023-05-26T21:19:49.884+0400] {processor.py:836} INFO - DAG(s) dict_keys(['example_sensors']) retrieved from /home/chinnu/.local/lib/python3.10/site-packages/airflow/example_dags/example_sensors.py
[2023-05-26T21:19:49.909+0400] {logging_mixin.py:149} INFO - [2023-05-26T21:19:49.909+0400] {dag.py:2726} INFO - Sync 1 DAGs
[2023-05-26T21:19:49.927+0400] {logging_mixin.py:149} INFO - [2023-05-26T21:19:49.927+0400] {dag.py:3486} INFO - Setting next_dagrun for example_sensors to None, run_after=None
[2023-05-26T21:19:49.956+0400] {processor.py:179} INFO - Processing /home/chinnu/.local/lib/python3.10/site-packages/airflow/example_dags/example_sensors.py took 0.287 seconds
[2023-05-26T21:21:02.370+0400] {processor.py:157} INFO - Started process (PID=16987) to work on /home/chinnu/.local/lib/python3.10/site-packages/airflow/example_dags/example_sensors.py
[2023-05-26T21:21:02.372+0400] {processor.py:826} INFO - Processing file /home/chinnu/.local/lib/python3.10/site-packages/airflow/example_dags/example_sensors.py for tasks to queue
[2023-05-26T21:21:02.373+0400] {logging_mixin.py:149} INFO - [2023-05-26T21:21:02.372+0400] {dagbag.py:541} INFO - Filling up the DagBag from /home/chinnu/.local/lib/python3.10/site-packages/airflow/example_dags/example_sensors.py
[2023-05-26T21:21:02.391+0400] {processor.py:836} INFO - DAG(s) dict_keys(['example_sensors']) retrieved from /home/chinnu/.local/lib/python3.10/site-packages/airflow/example_dags/example_sensors.py
[2023-05-26T21:21:02.434+0400] {logging_mixin.py:149} INFO - [2023-05-26T21:21:02.434+0400] {dag.py:2726} INFO - Sync 1 DAGs
[2023-05-26T21:21:02.464+0400] {logging_mixin.py:149} INFO - [2023-05-26T21:21:02.464+0400] {dag.py:3486} INFO - Setting next_dagrun for example_sensors to None, run_after=None
[2023-05-26T21:21:02.504+0400] {processor.py:179} INFO - Processing /home/chinnu/.local/lib/python3.10/site-packages/airflow/example_dags/example_sensors.py took 0.141 seconds
[2023-05-26T21:21:44.182+0400] {processor.py:157} INFO - Started process (PID=17037) to work on /home/chinnu/.local/lib/python3.10/site-packages/airflow/example_dags/example_sensors.py
[2023-05-26T21:21:44.186+0400] {processor.py:826} INFO - Processing file /home/chinnu/.local/lib/python3.10/site-packages/airflow/example_dags/example_sensors.py for tasks to queue
[2023-05-26T21:21:44.188+0400] {logging_mixin.py:149} INFO - [2023-05-26T21:21:44.187+0400] {dagbag.py:541} INFO - Filling up the DagBag from /home/chinnu/.local/lib/python3.10/site-packages/airflow/example_dags/example_sensors.py
[2023-05-26T21:21:44.212+0400] {processor.py:836} INFO - DAG(s) dict_keys(['example_sensors']) retrieved from /home/chinnu/.local/lib/python3.10/site-packages/airflow/example_dags/example_sensors.py
[2023-05-26T21:21:44.259+0400] {logging_mixin.py:149} INFO - [2023-05-26T21:21:44.259+0400] {dag.py:2726} INFO - Sync 1 DAGs
[2023-05-26T21:21:44.289+0400] {logging_mixin.py:149} INFO - [2023-05-26T21:21:44.289+0400] {dag.py:3486} INFO - Setting next_dagrun for example_sensors to None, run_after=None
[2023-05-26T21:21:44.316+0400] {processor.py:179} INFO - Processing /home/chinnu/.local/lib/python3.10/site-packages/airflow/example_dags/example_sensors.py took 0.147 seconds
[2023-05-26T21:22:25.950+0400] {processor.py:157} INFO - Started process (PID=17086) to work on /home/chinnu/.local/lib/python3.10/site-packages/airflow/example_dags/example_sensors.py
[2023-05-26T21:22:25.953+0400] {processor.py:826} INFO - Processing file /home/chinnu/.local/lib/python3.10/site-packages/airflow/example_dags/example_sensors.py for tasks to queue
[2023-05-26T21:22:25.955+0400] {logging_mixin.py:149} INFO - [2023-05-26T21:22:25.955+0400] {dagbag.py:541} INFO - Filling up the DagBag from /home/chinnu/.local/lib/python3.10/site-packages/airflow/example_dags/example_sensors.py
[2023-05-26T21:22:25.993+0400] {processor.py:836} INFO - DAG(s) dict_keys(['example_sensors']) retrieved from /home/chinnu/.local/lib/python3.10/site-packages/airflow/example_dags/example_sensors.py
[2023-05-26T21:22:26.088+0400] {logging_mixin.py:149} INFO - [2023-05-26T21:22:26.088+0400] {dag.py:2726} INFO - Sync 1 DAGs
[2023-05-26T21:22:26.143+0400] {logging_mixin.py:149} INFO - [2023-05-26T21:22:26.143+0400] {dag.py:3486} INFO - Setting next_dagrun for example_sensors to None, run_after=None
[2023-05-26T21:22:26.199+0400] {processor.py:179} INFO - Processing /home/chinnu/.local/lib/python3.10/site-packages/airflow/example_dags/example_sensors.py took 0.266 seconds
[2023-05-26T21:23:09.271+0400] {processor.py:157} INFO - Started process (PID=17137) to work on /home/chinnu/.local/lib/python3.10/site-packages/airflow/example_dags/example_sensors.py
[2023-05-26T21:23:09.274+0400] {processor.py:826} INFO - Processing file /home/chinnu/.local/lib/python3.10/site-packages/airflow/example_dags/example_sensors.py for tasks to queue
[2023-05-26T21:23:09.276+0400] {logging_mixin.py:149} INFO - [2023-05-26T21:23:09.276+0400] {dagbag.py:541} INFO - Filling up the DagBag from /home/chinnu/.local/lib/python3.10/site-packages/airflow/example_dags/example_sensors.py
[2023-05-26T21:23:09.308+0400] {processor.py:836} INFO - DAG(s) dict_keys(['example_sensors']) retrieved from /home/chinnu/.local/lib/python3.10/site-packages/airflow/example_dags/example_sensors.py
[2023-05-26T21:23:09.359+0400] {logging_mixin.py:149} INFO - [2023-05-26T21:23:09.359+0400] {dag.py:2726} INFO - Sync 1 DAGs
[2023-05-26T21:23:09.384+0400] {logging_mixin.py:149} INFO - [2023-05-26T21:23:09.384+0400] {dag.py:3486} INFO - Setting next_dagrun for example_sensors to None, run_after=None
[2023-05-26T21:23:09.410+0400] {processor.py:179} INFO - Processing /home/chinnu/.local/lib/python3.10/site-packages/airflow/example_dags/example_sensors.py took 0.153 seconds
[2023-05-26T21:23:49.097+0400] {processor.py:157} INFO - Started process (PID=17186) to work on /home/chinnu/.local/lib/python3.10/site-packages/airflow/example_dags/example_sensors.py
[2023-05-26T21:23:49.099+0400] {processor.py:826} INFO - Processing file /home/chinnu/.local/lib/python3.10/site-packages/airflow/example_dags/example_sensors.py for tasks to queue
[2023-05-26T21:23:49.099+0400] {logging_mixin.py:149} INFO - [2023-05-26T21:23:49.099+0400] {dagbag.py:541} INFO - Filling up the DagBag from /home/chinnu/.local/lib/python3.10/site-packages/airflow/example_dags/example_sensors.py
[2023-05-26T21:23:49.115+0400] {processor.py:836} INFO - DAG(s) dict_keys(['example_sensors']) retrieved from /home/chinnu/.local/lib/python3.10/site-packages/airflow/example_dags/example_sensors.py
[2023-05-26T21:23:49.153+0400] {logging_mixin.py:149} INFO - [2023-05-26T21:23:49.153+0400] {dag.py:2726} INFO - Sync 1 DAGs
[2023-05-26T21:23:49.177+0400] {logging_mixin.py:149} INFO - [2023-05-26T21:23:49.177+0400] {dag.py:3486} INFO - Setting next_dagrun for example_sensors to None, run_after=None
[2023-05-26T21:23:49.209+0400] {processor.py:179} INFO - Processing /home/chinnu/.local/lib/python3.10/site-packages/airflow/example_dags/example_sensors.py took 0.118 seconds
[2023-05-26T21:24:26.218+0400] {processor.py:157} INFO - Started process (PID=17231) to work on /home/chinnu/.local/lib/python3.10/site-packages/airflow/example_dags/example_sensors.py
[2023-05-26T21:24:26.221+0400] {processor.py:826} INFO - Processing file /home/chinnu/.local/lib/python3.10/site-packages/airflow/example_dags/example_sensors.py for tasks to queue
[2023-05-26T21:24:26.223+0400] {logging_mixin.py:149} INFO - [2023-05-26T21:24:26.222+0400] {dagbag.py:541} INFO - Filling up the DagBag from /home/chinnu/.local/lib/python3.10/site-packages/airflow/example_dags/example_sensors.py
[2023-05-26T21:24:26.251+0400] {processor.py:836} INFO - DAG(s) dict_keys(['example_sensors']) retrieved from /home/chinnu/.local/lib/python3.10/site-packages/airflow/example_dags/example_sensors.py
[2023-05-26T21:24:26.329+0400] {logging_mixin.py:149} INFO - [2023-05-26T21:24:26.329+0400] {dag.py:2726} INFO - Sync 1 DAGs
[2023-05-26T21:24:26.384+0400] {logging_mixin.py:149} INFO - [2023-05-26T21:24:26.384+0400] {dag.py:3486} INFO - Setting next_dagrun for example_sensors to None, run_after=None
[2023-05-26T21:24:26.447+0400] {processor.py:179} INFO - Processing /home/chinnu/.local/lib/python3.10/site-packages/airflow/example_dags/example_sensors.py took 0.235 seconds
[2023-05-26T21:25:04.401+0400] {processor.py:157} INFO - Started process (PID=17280) to work on /home/chinnu/.local/lib/python3.10/site-packages/airflow/example_dags/example_sensors.py
[2023-05-26T21:25:04.408+0400] {processor.py:826} INFO - Processing file /home/chinnu/.local/lib/python3.10/site-packages/airflow/example_dags/example_sensors.py for tasks to queue
[2023-05-26T21:25:04.411+0400] {logging_mixin.py:149} INFO - [2023-05-26T21:25:04.410+0400] {dagbag.py:541} INFO - Filling up the DagBag from /home/chinnu/.local/lib/python3.10/site-packages/airflow/example_dags/example_sensors.py
[2023-05-26T21:25:04.460+0400] {processor.py:836} INFO - DAG(s) dict_keys(['example_sensors']) retrieved from /home/chinnu/.local/lib/python3.10/site-packages/airflow/example_dags/example_sensors.py
[2023-05-26T21:25:04.541+0400] {logging_mixin.py:149} INFO - [2023-05-26T21:25:04.541+0400] {dag.py:2726} INFO - Sync 1 DAGs
[2023-05-26T21:25:04.584+0400] {logging_mixin.py:149} INFO - [2023-05-26T21:25:04.584+0400] {dag.py:3486} INFO - Setting next_dagrun for example_sensors to None, run_after=None
[2023-05-26T21:25:04.638+0400] {processor.py:179} INFO - Processing /home/chinnu/.local/lib/python3.10/site-packages/airflow/example_dags/example_sensors.py took 0.253 seconds
[2023-05-26T21:48:30.430+0400] {processor.py:157} INFO - Started process (PID=85) to work on /home/chinnu/.local/lib/python3.10/site-packages/airflow/example_dags/example_sensors.py
[2023-05-26T21:48:30.432+0400] {processor.py:826} INFO - Processing file /home/chinnu/.local/lib/python3.10/site-packages/airflow/example_dags/example_sensors.py for tasks to queue
[2023-05-26T21:48:30.433+0400] {logging_mixin.py:149} INFO - [2023-05-26T21:48:30.433+0400] {dagbag.py:541} INFO - Filling up the DagBag from /home/chinnu/.local/lib/python3.10/site-packages/airflow/example_dags/example_sensors.py
[2023-05-26T21:48:30.448+0400] {processor.py:836} INFO - DAG(s) dict_keys(['example_sensors']) retrieved from /home/chinnu/.local/lib/python3.10/site-packages/airflow/example_dags/example_sensors.py
[2023-05-26T21:48:30.490+0400] {logging_mixin.py:149} INFO - [2023-05-26T21:48:30.490+0400] {dag.py:2726} INFO - Sync 1 DAGs
[2023-05-26T21:48:30.517+0400] {logging_mixin.py:149} INFO - [2023-05-26T21:48:30.516+0400] {dag.py:3486} INFO - Setting next_dagrun for example_sensors to None, run_after=None
[2023-05-26T21:48:30.542+0400] {processor.py:179} INFO - Processing /home/chinnu/.local/lib/python3.10/site-packages/airflow/example_dags/example_sensors.py took 0.118 seconds
[2023-05-26T21:52:32.784+0400] {processor.py:157} INFO - Started process (PID=68) to work on /home/chinnu/.local/lib/python3.10/site-packages/airflow/example_dags/example_sensors.py
[2023-05-26T21:52:32.788+0400] {processor.py:826} INFO - Processing file /home/chinnu/.local/lib/python3.10/site-packages/airflow/example_dags/example_sensors.py for tasks to queue
[2023-05-26T21:52:32.790+0400] {logging_mixin.py:149} INFO - [2023-05-26T21:52:32.790+0400] {dagbag.py:541} INFO - Filling up the DagBag from /home/chinnu/.local/lib/python3.10/site-packages/airflow/example_dags/example_sensors.py
[2023-05-26T21:52:32.826+0400] {processor.py:836} INFO - DAG(s) dict_keys(['example_sensors']) retrieved from /home/chinnu/.local/lib/python3.10/site-packages/airflow/example_dags/example_sensors.py
[2023-05-26T21:52:32.938+0400] {logging_mixin.py:149} INFO - [2023-05-26T21:52:32.938+0400] {dag.py:2726} INFO - Sync 1 DAGs
[2023-05-26T21:52:33.021+0400] {logging_mixin.py:149} INFO - [2023-05-26T21:52:33.020+0400] {dag.py:3486} INFO - Setting next_dagrun for example_sensors to None, run_after=None
[2023-05-26T21:52:33.087+0400] {processor.py:179} INFO - Processing /home/chinnu/.local/lib/python3.10/site-packages/airflow/example_dags/example_sensors.py took 0.317 seconds
[2023-05-26T21:53:32.783+0400] {processor.py:157} INFO - Started process (PID=118) to work on /home/chinnu/.local/lib/python3.10/site-packages/airflow/example_dags/example_sensors.py
[2023-05-26T21:53:32.789+0400] {processor.py:826} INFO - Processing file /home/chinnu/.local/lib/python3.10/site-packages/airflow/example_dags/example_sensors.py for tasks to queue
[2023-05-26T21:53:32.791+0400] {logging_mixin.py:149} INFO - [2023-05-26T21:53:32.791+0400] {dagbag.py:541} INFO - Filling up the DagBag from /home/chinnu/.local/lib/python3.10/site-packages/airflow/example_dags/example_sensors.py
[2023-05-26T21:53:32.820+0400] {processor.py:836} INFO - DAG(s) dict_keys(['example_sensors']) retrieved from /home/chinnu/.local/lib/python3.10/site-packages/airflow/example_dags/example_sensors.py
[2023-05-26T21:53:33.063+0400] {logging_mixin.py:149} INFO - [2023-05-26T21:53:33.062+0400] {dag.py:2726} INFO - Sync 1 DAGs
[2023-05-26T21:53:33.081+0400] {logging_mixin.py:149} INFO - [2023-05-26T21:53:33.081+0400] {dag.py:3486} INFO - Setting next_dagrun for example_sensors to None, run_after=None
[2023-05-26T21:53:33.111+0400] {processor.py:179} INFO - Processing /home/chinnu/.local/lib/python3.10/site-packages/airflow/example_dags/example_sensors.py took 0.334 seconds
[2023-05-26T21:54:30.332+0400] {processor.py:157} INFO - Started process (PID=196) to work on /home/chinnu/.local/lib/python3.10/site-packages/airflow/example_dags/example_sensors.py
[2023-05-26T21:54:30.333+0400] {processor.py:826} INFO - Processing file /home/chinnu/.local/lib/python3.10/site-packages/airflow/example_dags/example_sensors.py for tasks to queue
[2023-05-26T21:54:30.334+0400] {logging_mixin.py:149} INFO - [2023-05-26T21:54:30.334+0400] {dagbag.py:541} INFO - Filling up the DagBag from /home/chinnu/.local/lib/python3.10/site-packages/airflow/example_dags/example_sensors.py
[2023-05-26T21:54:30.359+0400] {processor.py:836} INFO - DAG(s) dict_keys(['example_sensors']) retrieved from /home/chinnu/.local/lib/python3.10/site-packages/airflow/example_dags/example_sensors.py
[2023-05-26T21:54:30.435+0400] {logging_mixin.py:149} INFO - [2023-05-26T21:54:30.435+0400] {dag.py:2726} INFO - Sync 1 DAGs
[2023-05-26T21:54:30.515+0400] {logging_mixin.py:149} INFO - [2023-05-26T21:54:30.514+0400] {dag.py:3486} INFO - Setting next_dagrun for example_sensors to None, run_after=None
[2023-05-26T21:54:30.596+0400] {processor.py:179} INFO - Processing /home/chinnu/.local/lib/python3.10/site-packages/airflow/example_dags/example_sensors.py took 0.271 seconds
[2023-05-26T22:06:18.722+0400] {processor.py:157} INFO - Started process (PID=2537) to work on /home/chinnu/.local/lib/python3.10/site-packages/airflow/example_dags/example_sensors.py
[2023-05-26T22:06:18.727+0400] {processor.py:826} INFO - Processing file /home/chinnu/.local/lib/python3.10/site-packages/airflow/example_dags/example_sensors.py for tasks to queue
[2023-05-26T22:06:18.729+0400] {logging_mixin.py:149} INFO - [2023-05-26T22:06:18.729+0400] {dagbag.py:541} INFO - Filling up the DagBag from /home/chinnu/.local/lib/python3.10/site-packages/airflow/example_dags/example_sensors.py
[2023-05-26T22:06:18.784+0400] {processor.py:836} INFO - DAG(s) dict_keys(['example_sensors']) retrieved from /home/chinnu/.local/lib/python3.10/site-packages/airflow/example_dags/example_sensors.py
[2023-05-26T22:06:18.944+0400] {logging_mixin.py:149} INFO - [2023-05-26T22:06:18.944+0400] {dag.py:2726} INFO - Sync 1 DAGs
[2023-05-26T22:06:18.986+0400] {logging_mixin.py:149} INFO - [2023-05-26T22:06:18.985+0400] {dag.py:3486} INFO - Setting next_dagrun for example_sensors to None, run_after=None
[2023-05-26T22:06:19.046+0400] {processor.py:179} INFO - Processing /home/chinnu/.local/lib/python3.10/site-packages/airflow/example_dags/example_sensors.py took 0.345 seconds
[2023-05-26T22:07:36.686+0400] {processor.py:157} INFO - Started process (PID=2587) to work on /home/chinnu/.local/lib/python3.10/site-packages/airflow/example_dags/example_sensors.py
[2023-05-26T22:07:36.690+0400] {processor.py:826} INFO - Processing file /home/chinnu/.local/lib/python3.10/site-packages/airflow/example_dags/example_sensors.py for tasks to queue
[2023-05-26T22:07:36.693+0400] {logging_mixin.py:149} INFO - [2023-05-26T22:07:36.692+0400] {dagbag.py:541} INFO - Filling up the DagBag from /home/chinnu/.local/lib/python3.10/site-packages/airflow/example_dags/example_sensors.py
[2023-05-26T22:07:36.729+0400] {processor.py:836} INFO - DAG(s) dict_keys(['example_sensors']) retrieved from /home/chinnu/.local/lib/python3.10/site-packages/airflow/example_dags/example_sensors.py
[2023-05-26T22:07:37.054+0400] {logging_mixin.py:149} INFO - [2023-05-26T22:07:37.054+0400] {dag.py:2726} INFO - Sync 1 DAGs
[2023-05-26T22:07:37.111+0400] {logging_mixin.py:149} INFO - [2023-05-26T22:07:37.110+0400] {dag.py:3486} INFO - Setting next_dagrun for example_sensors to None, run_after=None
[2023-05-26T22:07:37.173+0400] {processor.py:179} INFO - Processing /home/chinnu/.local/lib/python3.10/site-packages/airflow/example_dags/example_sensors.py took 0.507 seconds
