[2023-05-26T19:39:08.887+0400] {processor.py:157} INFO - Started process (PID=234) to work on /home/chinnu/.local/lib/python3.10/site-packages/airflow/example_dags/example_complex.py
[2023-05-26T19:39:08.889+0400] {processor.py:826} INFO - Processing file /home/chinnu/.local/lib/python3.10/site-packages/airflow/example_dags/example_complex.py for tasks to queue
[2023-05-26T19:39:08.890+0400] {logging_mixin.py:149} INFO - [2023-05-26T19:39:08.889+0400] {dagbag.py:541} INFO - Filling up the DagBag from /home/chinnu/.local/lib/python3.10/site-packages/airflow/example_dags/example_complex.py
[2023-05-26T19:39:08.934+0400] {logging_mixin.py:149} INFO - [2023-05-26T19:39:08.934+0400] {taskmixin.py:211} WARNING - Dependency <Task(BashOperator): create_entry_group>, delete_entry_group already registered for DAG: example_complex
[2023-05-26T19:39:08.935+0400] {logging_mixin.py:149} INFO - [2023-05-26T19:39:08.935+0400] {taskmixin.py:211} WARNING - Dependency <Task(BashOperator): delete_entry_group>, create_entry_group already registered for DAG: example_complex
[2023-05-26T19:39:08.936+0400] {logging_mixin.py:149} INFO - [2023-05-26T19:39:08.936+0400] {taskmixin.py:211} WARNING - Dependency <Task(BashOperator): create_entry_gcs>, delete_entry already registered for DAG: example_complex
[2023-05-26T19:39:08.936+0400] {logging_mixin.py:149} INFO - [2023-05-26T19:39:08.936+0400] {taskmixin.py:211} WARNING - Dependency <Task(BashOperator): delete_entry>, create_entry_gcs already registered for DAG: example_complex
[2023-05-26T19:39:08.937+0400] {logging_mixin.py:149} INFO - [2023-05-26T19:39:08.937+0400] {taskmixin.py:211} WARNING - Dependency <Task(BashOperator): create_tag>, delete_tag already registered for DAG: example_complex
[2023-05-26T19:39:08.938+0400] {logging_mixin.py:149} INFO - [2023-05-26T19:39:08.938+0400] {taskmixin.py:211} WARNING - Dependency <Task(BashOperator): delete_tag>, create_tag already registered for DAG: example_complex
[2023-05-26T19:39:08.942+0400] {processor.py:836} INFO - DAG(s) dict_keys(['example_complex']) retrieved from /home/chinnu/.local/lib/python3.10/site-packages/airflow/example_dags/example_complex.py
[2023-05-26T19:39:09.006+0400] {logging_mixin.py:149} INFO - [2023-05-26T19:39:09.006+0400] {dag.py:2726} INFO - Sync 1 DAGs
[2023-05-26T19:39:09.026+0400] {logging_mixin.py:149} INFO - [2023-05-26T19:39:09.026+0400] {dag.py:3486} INFO - Setting next_dagrun for example_complex to None, run_after=None
[2023-05-26T19:39:09.066+0400] {processor.py:179} INFO - Processing /home/chinnu/.local/lib/python3.10/site-packages/airflow/example_dags/example_complex.py took 0.186 seconds
[2023-05-26T19:40:04.352+0400] {processor.py:157} INFO - Started process (PID=284) to work on /home/chinnu/.local/lib/python3.10/site-packages/airflow/example_dags/example_complex.py
[2023-05-26T19:40:04.355+0400] {processor.py:826} INFO - Processing file /home/chinnu/.local/lib/python3.10/site-packages/airflow/example_dags/example_complex.py for tasks to queue
[2023-05-26T19:40:04.357+0400] {logging_mixin.py:149} INFO - [2023-05-26T19:40:04.357+0400] {dagbag.py:541} INFO - Filling up the DagBag from /home/chinnu/.local/lib/python3.10/site-packages/airflow/example_dags/example_complex.py
[2023-05-26T19:40:04.388+0400] {logging_mixin.py:149} INFO - [2023-05-26T19:40:04.388+0400] {taskmixin.py:211} WARNING - Dependency <Task(BashOperator): create_entry_group>, delete_entry_group already registered for DAG: example_complex
[2023-05-26T19:40:04.389+0400] {logging_mixin.py:149} INFO - [2023-05-26T19:40:04.389+0400] {taskmixin.py:211} WARNING - Dependency <Task(BashOperator): delete_entry_group>, create_entry_group already registered for DAG: example_complex
[2023-05-26T19:40:04.390+0400] {logging_mixin.py:149} INFO - [2023-05-26T19:40:04.389+0400] {taskmixin.py:211} WARNING - Dependency <Task(BashOperator): create_entry_gcs>, delete_entry already registered for DAG: example_complex
[2023-05-26T19:40:04.390+0400] {logging_mixin.py:149} INFO - [2023-05-26T19:40:04.390+0400] {taskmixin.py:211} WARNING - Dependency <Task(BashOperator): delete_entry>, create_entry_gcs already registered for DAG: example_complex
[2023-05-26T19:40:04.391+0400] {logging_mixin.py:149} INFO - [2023-05-26T19:40:04.391+0400] {taskmixin.py:211} WARNING - Dependency <Task(BashOperator): create_tag>, delete_tag already registered for DAG: example_complex
[2023-05-26T19:40:04.392+0400] {logging_mixin.py:149} INFO - [2023-05-26T19:40:04.391+0400] {taskmixin.py:211} WARNING - Dependency <Task(BashOperator): delete_tag>, create_tag already registered for DAG: example_complex
[2023-05-26T19:40:04.395+0400] {processor.py:836} INFO - DAG(s) dict_keys(['example_complex']) retrieved from /home/chinnu/.local/lib/python3.10/site-packages/airflow/example_dags/example_complex.py
[2023-05-26T19:40:04.470+0400] {logging_mixin.py:149} INFO - [2023-05-26T19:40:04.469+0400] {dag.py:2726} INFO - Sync 1 DAGs
[2023-05-26T19:40:04.494+0400] {logging_mixin.py:149} INFO - [2023-05-26T19:40:04.493+0400] {dag.py:3486} INFO - Setting next_dagrun for example_complex to None, run_after=None
[2023-05-26T19:40:04.526+0400] {processor.py:179} INFO - Processing /home/chinnu/.local/lib/python3.10/site-packages/airflow/example_dags/example_complex.py took 0.187 seconds
[2023-05-26T19:42:35.992+0400] {processor.py:157} INFO - Started process (PID=1449) to work on /home/chinnu/.local/lib/python3.10/site-packages/airflow/example_dags/example_complex.py
[2023-05-26T19:42:35.996+0400] {processor.py:826} INFO - Processing file /home/chinnu/.local/lib/python3.10/site-packages/airflow/example_dags/example_complex.py for tasks to queue
[2023-05-26T19:42:35.998+0400] {logging_mixin.py:149} INFO - [2023-05-26T19:42:35.997+0400] {dagbag.py:541} INFO - Filling up the DagBag from /home/chinnu/.local/lib/python3.10/site-packages/airflow/example_dags/example_complex.py
[2023-05-26T19:42:36.026+0400] {logging_mixin.py:149} INFO - [2023-05-26T19:42:36.026+0400] {taskmixin.py:211} WARNING - Dependency <Task(BashOperator): create_entry_group>, delete_entry_group already registered for DAG: example_complex
[2023-05-26T19:42:36.026+0400] {logging_mixin.py:149} INFO - [2023-05-26T19:42:36.026+0400] {taskmixin.py:211} WARNING - Dependency <Task(BashOperator): delete_entry_group>, create_entry_group already registered for DAG: example_complex
[2023-05-26T19:42:36.027+0400] {logging_mixin.py:149} INFO - [2023-05-26T19:42:36.026+0400] {taskmixin.py:211} WARNING - Dependency <Task(BashOperator): create_entry_gcs>, delete_entry already registered for DAG: example_complex
[2023-05-26T19:42:36.027+0400] {logging_mixin.py:149} INFO - [2023-05-26T19:42:36.027+0400] {taskmixin.py:211} WARNING - Dependency <Task(BashOperator): delete_entry>, create_entry_gcs already registered for DAG: example_complex
[2023-05-26T19:42:36.027+0400] {logging_mixin.py:149} INFO - [2023-05-26T19:42:36.027+0400] {taskmixin.py:211} WARNING - Dependency <Task(BashOperator): create_tag>, delete_tag already registered for DAG: example_complex
[2023-05-26T19:42:36.028+0400] {logging_mixin.py:149} INFO - [2023-05-26T19:42:36.028+0400] {taskmixin.py:211} WARNING - Dependency <Task(BashOperator): delete_tag>, create_tag already registered for DAG: example_complex
[2023-05-26T19:42:36.030+0400] {processor.py:836} INFO - DAG(s) dict_keys(['example_complex']) retrieved from /home/chinnu/.local/lib/python3.10/site-packages/airflow/example_dags/example_complex.py
[2023-05-26T19:42:36.090+0400] {logging_mixin.py:149} INFO - [2023-05-26T19:42:36.089+0400] {dag.py:2726} INFO - Sync 1 DAGs
[2023-05-26T19:42:36.273+0400] {logging_mixin.py:149} INFO - [2023-05-26T19:42:36.273+0400] {dag.py:3486} INFO - Setting next_dagrun for example_complex to None, run_after=None
[2023-05-26T19:42:36.319+0400] {processor.py:179} INFO - Processing /home/chinnu/.local/lib/python3.10/site-packages/airflow/example_dags/example_complex.py took 0.348 seconds
[2023-05-26T19:43:49.794+0400] {processor.py:157} INFO - Started process (PID=1509) to work on /home/chinnu/.local/lib/python3.10/site-packages/airflow/example_dags/example_complex.py
[2023-05-26T19:43:49.801+0400] {processor.py:826} INFO - Processing file /home/chinnu/.local/lib/python3.10/site-packages/airflow/example_dags/example_complex.py for tasks to queue
[2023-05-26T19:43:49.804+0400] {logging_mixin.py:149} INFO - [2023-05-26T19:43:49.803+0400] {dagbag.py:541} INFO - Filling up the DagBag from /home/chinnu/.local/lib/python3.10/site-packages/airflow/example_dags/example_complex.py
[2023-05-26T19:43:49.862+0400] {logging_mixin.py:149} INFO - [2023-05-26T19:43:49.861+0400] {taskmixin.py:211} WARNING - Dependency <Task(BashOperator): create_entry_group>, delete_entry_group already registered for DAG: example_complex
[2023-05-26T19:43:49.865+0400] {logging_mixin.py:149} INFO - [2023-05-26T19:43:49.864+0400] {taskmixin.py:211} WARNING - Dependency <Task(BashOperator): delete_entry_group>, create_entry_group already registered for DAG: example_complex
[2023-05-26T19:43:49.866+0400] {logging_mixin.py:149} INFO - [2023-05-26T19:43:49.866+0400] {taskmixin.py:211} WARNING - Dependency <Task(BashOperator): create_entry_gcs>, delete_entry already registered for DAG: example_complex
[2023-05-26T19:43:49.867+0400] {logging_mixin.py:149} INFO - [2023-05-26T19:43:49.867+0400] {taskmixin.py:211} WARNING - Dependency <Task(BashOperator): delete_entry>, create_entry_gcs already registered for DAG: example_complex
[2023-05-26T19:43:49.868+0400] {logging_mixin.py:149} INFO - [2023-05-26T19:43:49.868+0400] {taskmixin.py:211} WARNING - Dependency <Task(BashOperator): create_tag>, delete_tag already registered for DAG: example_complex
[2023-05-26T19:43:49.869+0400] {logging_mixin.py:149} INFO - [2023-05-26T19:43:49.869+0400] {taskmixin.py:211} WARNING - Dependency <Task(BashOperator): delete_tag>, create_tag already registered for DAG: example_complex
[2023-05-26T19:43:49.874+0400] {processor.py:836} INFO - DAG(s) dict_keys(['example_complex']) retrieved from /home/chinnu/.local/lib/python3.10/site-packages/airflow/example_dags/example_complex.py
[2023-05-26T19:43:50.056+0400] {logging_mixin.py:149} INFO - [2023-05-26T19:43:50.056+0400] {dag.py:2726} INFO - Sync 1 DAGs
[2023-05-26T19:43:50.142+0400] {logging_mixin.py:149} INFO - [2023-05-26T19:43:50.142+0400] {dag.py:3486} INFO - Setting next_dagrun for example_complex to None, run_after=None
[2023-05-26T19:43:50.202+0400] {processor.py:179} INFO - Processing /home/chinnu/.local/lib/python3.10/site-packages/airflow/example_dags/example_complex.py took 0.432 seconds
[2023-05-26T19:44:56.669+0400] {processor.py:157} INFO - Started process (PID=1566) to work on /home/chinnu/.local/lib/python3.10/site-packages/airflow/example_dags/example_complex.py
[2023-05-26T19:44:56.673+0400] {processor.py:826} INFO - Processing file /home/chinnu/.local/lib/python3.10/site-packages/airflow/example_dags/example_complex.py for tasks to queue
[2023-05-26T19:44:56.676+0400] {logging_mixin.py:149} INFO - [2023-05-26T19:44:56.676+0400] {dagbag.py:541} INFO - Filling up the DagBag from /home/chinnu/.local/lib/python3.10/site-packages/airflow/example_dags/example_complex.py
[2023-05-26T19:44:56.710+0400] {logging_mixin.py:149} INFO - [2023-05-26T19:44:56.710+0400] {taskmixin.py:211} WARNING - Dependency <Task(BashOperator): create_entry_group>, delete_entry_group already registered for DAG: example_complex
[2023-05-26T19:44:56.711+0400] {logging_mixin.py:149} INFO - [2023-05-26T19:44:56.710+0400] {taskmixin.py:211} WARNING - Dependency <Task(BashOperator): delete_entry_group>, create_entry_group already registered for DAG: example_complex
[2023-05-26T19:44:56.711+0400] {logging_mixin.py:149} INFO - [2023-05-26T19:44:56.711+0400] {taskmixin.py:211} WARNING - Dependency <Task(BashOperator): create_entry_gcs>, delete_entry already registered for DAG: example_complex
[2023-05-26T19:44:56.712+0400] {logging_mixin.py:149} INFO - [2023-05-26T19:44:56.712+0400] {taskmixin.py:211} WARNING - Dependency <Task(BashOperator): delete_entry>, create_entry_gcs already registered for DAG: example_complex
[2023-05-26T19:44:56.713+0400] {logging_mixin.py:149} INFO - [2023-05-26T19:44:56.712+0400] {taskmixin.py:211} WARNING - Dependency <Task(BashOperator): create_tag>, delete_tag already registered for DAG: example_complex
[2023-05-26T19:44:56.713+0400] {logging_mixin.py:149} INFO - [2023-05-26T19:44:56.713+0400] {taskmixin.py:211} WARNING - Dependency <Task(BashOperator): delete_tag>, create_tag already registered for DAG: example_complex
[2023-05-26T19:44:56.716+0400] {processor.py:836} INFO - DAG(s) dict_keys(['example_complex']) retrieved from /home/chinnu/.local/lib/python3.10/site-packages/airflow/example_dags/example_complex.py
[2023-05-26T19:44:56.816+0400] {logging_mixin.py:149} INFO - [2023-05-26T19:44:56.816+0400] {dag.py:2726} INFO - Sync 1 DAGs
[2023-05-26T19:44:56.851+0400] {logging_mixin.py:149} INFO - [2023-05-26T19:44:56.851+0400] {dag.py:3486} INFO - Setting next_dagrun for example_complex to None, run_after=None
[2023-05-26T19:44:56.894+0400] {processor.py:179} INFO - Processing /home/chinnu/.local/lib/python3.10/site-packages/airflow/example_dags/example_complex.py took 0.242 seconds
[2023-05-26T19:45:58.276+0400] {processor.py:157} INFO - Started process (PID=1618) to work on /home/chinnu/.local/lib/python3.10/site-packages/airflow/example_dags/example_complex.py
[2023-05-26T19:45:58.277+0400] {processor.py:826} INFO - Processing file /home/chinnu/.local/lib/python3.10/site-packages/airflow/example_dags/example_complex.py for tasks to queue
[2023-05-26T19:45:58.278+0400] {logging_mixin.py:149} INFO - [2023-05-26T19:45:58.278+0400] {dagbag.py:541} INFO - Filling up the DagBag from /home/chinnu/.local/lib/python3.10/site-packages/airflow/example_dags/example_complex.py
[2023-05-26T19:45:58.298+0400] {logging_mixin.py:149} INFO - [2023-05-26T19:45:58.297+0400] {taskmixin.py:211} WARNING - Dependency <Task(BashOperator): create_entry_group>, delete_entry_group already registered for DAG: example_complex
[2023-05-26T19:45:58.298+0400] {logging_mixin.py:149} INFO - [2023-05-26T19:45:58.298+0400] {taskmixin.py:211} WARNING - Dependency <Task(BashOperator): delete_entry_group>, create_entry_group already registered for DAG: example_complex
[2023-05-26T19:45:58.300+0400] {logging_mixin.py:149} INFO - [2023-05-26T19:45:58.299+0400] {taskmixin.py:211} WARNING - Dependency <Task(BashOperator): create_entry_gcs>, delete_entry already registered for DAG: example_complex
[2023-05-26T19:45:58.300+0400] {logging_mixin.py:149} INFO - [2023-05-26T19:45:58.300+0400] {taskmixin.py:211} WARNING - Dependency <Task(BashOperator): delete_entry>, create_entry_gcs already registered for DAG: example_complex
[2023-05-26T19:45:58.300+0400] {logging_mixin.py:149} INFO - [2023-05-26T19:45:58.300+0400] {taskmixin.py:211} WARNING - Dependency <Task(BashOperator): create_tag>, delete_tag already registered for DAG: example_complex
[2023-05-26T19:45:58.301+0400] {logging_mixin.py:149} INFO - [2023-05-26T19:45:58.301+0400] {taskmixin.py:211} WARNING - Dependency <Task(BashOperator): delete_tag>, create_tag already registered for DAG: example_complex
[2023-05-26T19:45:58.302+0400] {processor.py:836} INFO - DAG(s) dict_keys(['example_complex']) retrieved from /home/chinnu/.local/lib/python3.10/site-packages/airflow/example_dags/example_complex.py
[2023-05-26T19:45:58.364+0400] {logging_mixin.py:149} INFO - [2023-05-26T19:45:58.364+0400] {dag.py:2726} INFO - Sync 1 DAGs
[2023-05-26T19:45:58.388+0400] {logging_mixin.py:149} INFO - [2023-05-26T19:45:58.388+0400] {dag.py:3486} INFO - Setting next_dagrun for example_complex to None, run_after=None
[2023-05-26T19:45:58.420+0400] {processor.py:179} INFO - Processing /home/chinnu/.local/lib/python3.10/site-packages/airflow/example_dags/example_complex.py took 0.159 seconds
[2023-05-26T21:06:00.871+0400] {processor.py:157} INFO - Started process (PID=97) to work on /home/chinnu/.local/lib/python3.10/site-packages/airflow/example_dags/example_complex.py
[2023-05-26T21:06:00.881+0400] {processor.py:826} INFO - Processing file /home/chinnu/.local/lib/python3.10/site-packages/airflow/example_dags/example_complex.py for tasks to queue
[2023-05-26T21:06:00.883+0400] {logging_mixin.py:149} INFO - [2023-05-26T21:06:00.883+0400] {dagbag.py:541} INFO - Filling up the DagBag from /home/chinnu/.local/lib/python3.10/site-packages/airflow/example_dags/example_complex.py
[2023-05-26T21:06:00.913+0400] {logging_mixin.py:149} INFO - [2023-05-26T21:06:00.912+0400] {taskmixin.py:211} WARNING - Dependency <Task(BashOperator): create_entry_group>, delete_entry_group already registered for DAG: example_complex
[2023-05-26T21:06:00.913+0400] {logging_mixin.py:149} INFO - [2023-05-26T21:06:00.913+0400] {taskmixin.py:211} WARNING - Dependency <Task(BashOperator): delete_entry_group>, create_entry_group already registered for DAG: example_complex
[2023-05-26T21:06:00.914+0400] {logging_mixin.py:149} INFO - [2023-05-26T21:06:00.914+0400] {taskmixin.py:211} WARNING - Dependency <Task(BashOperator): create_entry_gcs>, delete_entry already registered for DAG: example_complex
[2023-05-26T21:06:00.915+0400] {logging_mixin.py:149} INFO - [2023-05-26T21:06:00.914+0400] {taskmixin.py:211} WARNING - Dependency <Task(BashOperator): delete_entry>, create_entry_gcs already registered for DAG: example_complex
[2023-05-26T21:06:00.915+0400] {logging_mixin.py:149} INFO - [2023-05-26T21:06:00.915+0400] {taskmixin.py:211} WARNING - Dependency <Task(BashOperator): create_tag>, delete_tag already registered for DAG: example_complex
[2023-05-26T21:06:00.916+0400] {logging_mixin.py:149} INFO - [2023-05-26T21:06:00.916+0400] {taskmixin.py:211} WARNING - Dependency <Task(BashOperator): delete_tag>, create_tag already registered for DAG: example_complex
[2023-05-26T21:06:00.920+0400] {processor.py:836} INFO - DAG(s) dict_keys(['example_complex']) retrieved from /home/chinnu/.local/lib/python3.10/site-packages/airflow/example_dags/example_complex.py
[2023-05-26T21:06:01.028+0400] {logging_mixin.py:149} INFO - [2023-05-26T21:06:01.028+0400] {dag.py:2726} INFO - Sync 1 DAGs
[2023-05-26T21:06:01.244+0400] {logging_mixin.py:149} INFO - [2023-05-26T21:06:01.243+0400] {dag.py:3486} INFO - Setting next_dagrun for example_complex to None, run_after=None
[2023-05-26T21:06:01.312+0400] {processor.py:179} INFO - Processing /home/chinnu/.local/lib/python3.10/site-packages/airflow/example_dags/example_complex.py took 0.453 seconds
[2023-05-26T21:07:08.101+0400] {processor.py:157} INFO - Started process (PID=180) to work on /home/chinnu/.local/lib/python3.10/site-packages/airflow/example_dags/example_complex.py
[2023-05-26T21:07:08.104+0400] {processor.py:826} INFO - Processing file /home/chinnu/.local/lib/python3.10/site-packages/airflow/example_dags/example_complex.py for tasks to queue
[2023-05-26T21:07:08.105+0400] {logging_mixin.py:149} INFO - [2023-05-26T21:07:08.105+0400] {dagbag.py:541} INFO - Filling up the DagBag from /home/chinnu/.local/lib/python3.10/site-packages/airflow/example_dags/example_complex.py
[2023-05-26T21:07:08.128+0400] {logging_mixin.py:149} INFO - [2023-05-26T21:07:08.127+0400] {taskmixin.py:211} WARNING - Dependency <Task(BashOperator): create_entry_group>, delete_entry_group already registered for DAG: example_complex
[2023-05-26T21:07:08.128+0400] {logging_mixin.py:149} INFO - [2023-05-26T21:07:08.128+0400] {taskmixin.py:211} WARNING - Dependency <Task(BashOperator): delete_entry_group>, create_entry_group already registered for DAG: example_complex
[2023-05-26T21:07:08.130+0400] {logging_mixin.py:149} INFO - [2023-05-26T21:07:08.130+0400] {taskmixin.py:211} WARNING - Dependency <Task(BashOperator): create_entry_gcs>, delete_entry already registered for DAG: example_complex
[2023-05-26T21:07:08.130+0400] {logging_mixin.py:149} INFO - [2023-05-26T21:07:08.130+0400] {taskmixin.py:211} WARNING - Dependency <Task(BashOperator): delete_entry>, create_entry_gcs already registered for DAG: example_complex
[2023-05-26T21:07:08.131+0400] {logging_mixin.py:149} INFO - [2023-05-26T21:07:08.131+0400] {taskmixin.py:211} WARNING - Dependency <Task(BashOperator): create_tag>, delete_tag already registered for DAG: example_complex
[2023-05-26T21:07:08.131+0400] {logging_mixin.py:149} INFO - [2023-05-26T21:07:08.131+0400] {taskmixin.py:211} WARNING - Dependency <Task(BashOperator): delete_tag>, create_tag already registered for DAG: example_complex
[2023-05-26T21:07:08.133+0400] {processor.py:836} INFO - DAG(s) dict_keys(['example_complex']) retrieved from /home/chinnu/.local/lib/python3.10/site-packages/airflow/example_dags/example_complex.py
[2023-05-26T21:07:08.203+0400] {logging_mixin.py:149} INFO - [2023-05-26T21:07:08.203+0400] {dag.py:2726} INFO - Sync 1 DAGs
[2023-05-26T21:07:08.243+0400] {logging_mixin.py:149} INFO - [2023-05-26T21:07:08.243+0400] {dag.py:3486} INFO - Setting next_dagrun for example_complex to None, run_after=None
[2023-05-26T21:07:08.292+0400] {processor.py:179} INFO - Processing /home/chinnu/.local/lib/python3.10/site-packages/airflow/example_dags/example_complex.py took 0.200 seconds
[2023-05-26T21:11:03.463+0400] {processor.py:157} INFO - Started process (PID=1940) to work on /home/chinnu/.local/lib/python3.10/site-packages/airflow/example_dags/example_complex.py
[2023-05-26T21:11:03.466+0400] {processor.py:826} INFO - Processing file /home/chinnu/.local/lib/python3.10/site-packages/airflow/example_dags/example_complex.py for tasks to queue
[2023-05-26T21:11:03.467+0400] {logging_mixin.py:149} INFO - [2023-05-26T21:11:03.467+0400] {dagbag.py:541} INFO - Filling up the DagBag from /home/chinnu/.local/lib/python3.10/site-packages/airflow/example_dags/example_complex.py
[2023-05-26T21:11:03.496+0400] {logging_mixin.py:149} INFO - [2023-05-26T21:11:03.496+0400] {taskmixin.py:211} WARNING - Dependency <Task(BashOperator): create_entry_group>, delete_entry_group already registered for DAG: example_complex
[2023-05-26T21:11:03.497+0400] {logging_mixin.py:149} INFO - [2023-05-26T21:11:03.497+0400] {taskmixin.py:211} WARNING - Dependency <Task(BashOperator): delete_entry_group>, create_entry_group already registered for DAG: example_complex
[2023-05-26T21:11:03.497+0400] {logging_mixin.py:149} INFO - [2023-05-26T21:11:03.497+0400] {taskmixin.py:211} WARNING - Dependency <Task(BashOperator): create_entry_gcs>, delete_entry already registered for DAG: example_complex
[2023-05-26T21:11:03.497+0400] {logging_mixin.py:149} INFO - [2023-05-26T21:11:03.497+0400] {taskmixin.py:211} WARNING - Dependency <Task(BashOperator): delete_entry>, create_entry_gcs already registered for DAG: example_complex
[2023-05-26T21:11:03.498+0400] {logging_mixin.py:149} INFO - [2023-05-26T21:11:03.498+0400] {taskmixin.py:211} WARNING - Dependency <Task(BashOperator): create_tag>, delete_tag already registered for DAG: example_complex
[2023-05-26T21:11:03.498+0400] {logging_mixin.py:149} INFO - [2023-05-26T21:11:03.498+0400] {taskmixin.py:211} WARNING - Dependency <Task(BashOperator): delete_tag>, create_tag already registered for DAG: example_complex
[2023-05-26T21:11:03.500+0400] {processor.py:836} INFO - DAG(s) dict_keys(['example_complex']) retrieved from /home/chinnu/.local/lib/python3.10/site-packages/airflow/example_dags/example_complex.py
[2023-05-26T21:11:03.570+0400] {logging_mixin.py:149} INFO - [2023-05-26T21:11:03.570+0400] {dag.py:2726} INFO - Sync 1 DAGs
[2023-05-26T21:11:03.743+0400] {logging_mixin.py:149} INFO - [2023-05-26T21:11:03.743+0400] {dag.py:3486} INFO - Setting next_dagrun for example_complex to None, run_after=None
[2023-05-26T21:11:03.773+0400] {processor.py:179} INFO - Processing /home/chinnu/.local/lib/python3.10/site-packages/airflow/example_dags/example_complex.py took 0.320 seconds
[2023-05-26T21:12:58.834+0400] {processor.py:157} INFO - Started process (PID=2045) to work on /home/chinnu/.local/lib/python3.10/site-packages/airflow/example_dags/example_complex.py
[2023-05-26T21:12:58.838+0400] {processor.py:826} INFO - Processing file /home/chinnu/.local/lib/python3.10/site-packages/airflow/example_dags/example_complex.py for tasks to queue
[2023-05-26T21:12:58.840+0400] {logging_mixin.py:149} INFO - [2023-05-26T21:12:58.840+0400] {dagbag.py:541} INFO - Filling up the DagBag from /home/chinnu/.local/lib/python3.10/site-packages/airflow/example_dags/example_complex.py
[2023-05-26T21:12:58.875+0400] {logging_mixin.py:149} INFO - [2023-05-26T21:12:58.874+0400] {taskmixin.py:211} WARNING - Dependency <Task(BashOperator): create_entry_group>, delete_entry_group already registered for DAG: example_complex
[2023-05-26T21:12:58.876+0400] {logging_mixin.py:149} INFO - [2023-05-26T21:12:58.875+0400] {taskmixin.py:211} WARNING - Dependency <Task(BashOperator): delete_entry_group>, create_entry_group already registered for DAG: example_complex
[2023-05-26T21:12:58.876+0400] {logging_mixin.py:149} INFO - [2023-05-26T21:12:58.876+0400] {taskmixin.py:211} WARNING - Dependency <Task(BashOperator): create_entry_gcs>, delete_entry already registered for DAG: example_complex
[2023-05-26T21:12:58.877+0400] {logging_mixin.py:149} INFO - [2023-05-26T21:12:58.876+0400] {taskmixin.py:211} WARNING - Dependency <Task(BashOperator): delete_entry>, create_entry_gcs already registered for DAG: example_complex
[2023-05-26T21:12:58.877+0400] {logging_mixin.py:149} INFO - [2023-05-26T21:12:58.877+0400] {taskmixin.py:211} WARNING - Dependency <Task(BashOperator): create_tag>, delete_tag already registered for DAG: example_complex
[2023-05-26T21:12:58.878+0400] {logging_mixin.py:149} INFO - [2023-05-26T21:12:58.878+0400] {taskmixin.py:211} WARNING - Dependency <Task(BashOperator): delete_tag>, create_tag already registered for DAG: example_complex
[2023-05-26T21:12:58.881+0400] {processor.py:836} INFO - DAG(s) dict_keys(['example_complex']) retrieved from /home/chinnu/.local/lib/python3.10/site-packages/airflow/example_dags/example_complex.py
[2023-05-26T21:12:58.991+0400] {logging_mixin.py:149} INFO - [2023-05-26T21:12:58.990+0400] {dag.py:2726} INFO - Sync 1 DAGs
[2023-05-26T21:12:59.061+0400] {logging_mixin.py:149} INFO - [2023-05-26T21:12:59.061+0400] {dag.py:3486} INFO - Setting next_dagrun for example_complex to None, run_after=None
[2023-05-26T21:12:59.133+0400] {processor.py:179} INFO - Processing /home/chinnu/.local/lib/python3.10/site-packages/airflow/example_dags/example_complex.py took 0.314 seconds
[2023-05-26T21:13:43.482+0400] {processor.py:157} INFO - Started process (PID=2097) to work on /home/chinnu/.local/lib/python3.10/site-packages/airflow/example_dags/example_complex.py
[2023-05-26T21:13:43.484+0400] {processor.py:826} INFO - Processing file /home/chinnu/.local/lib/python3.10/site-packages/airflow/example_dags/example_complex.py for tasks to queue
[2023-05-26T21:13:43.485+0400] {logging_mixin.py:149} INFO - [2023-05-26T21:13:43.485+0400] {dagbag.py:541} INFO - Filling up the DagBag from /home/chinnu/.local/lib/python3.10/site-packages/airflow/example_dags/example_complex.py
[2023-05-26T21:13:43.507+0400] {logging_mixin.py:149} INFO - [2023-05-26T21:13:43.507+0400] {taskmixin.py:211} WARNING - Dependency <Task(BashOperator): create_entry_group>, delete_entry_group already registered for DAG: example_complex
[2023-05-26T21:13:43.507+0400] {logging_mixin.py:149} INFO - [2023-05-26T21:13:43.507+0400] {taskmixin.py:211} WARNING - Dependency <Task(BashOperator): delete_entry_group>, create_entry_group already registered for DAG: example_complex
[2023-05-26T21:13:43.508+0400] {logging_mixin.py:149} INFO - [2023-05-26T21:13:43.508+0400] {taskmixin.py:211} WARNING - Dependency <Task(BashOperator): create_entry_gcs>, delete_entry already registered for DAG: example_complex
[2023-05-26T21:13:43.508+0400] {logging_mixin.py:149} INFO - [2023-05-26T21:13:43.508+0400] {taskmixin.py:211} WARNING - Dependency <Task(BashOperator): delete_entry>, create_entry_gcs already registered for DAG: example_complex
[2023-05-26T21:13:43.509+0400] {logging_mixin.py:149} INFO - [2023-05-26T21:13:43.509+0400] {taskmixin.py:211} WARNING - Dependency <Task(BashOperator): create_tag>, delete_tag already registered for DAG: example_complex
[2023-05-26T21:13:43.510+0400] {logging_mixin.py:149} INFO - [2023-05-26T21:13:43.509+0400] {taskmixin.py:211} WARNING - Dependency <Task(BashOperator): delete_tag>, create_tag already registered for DAG: example_complex
[2023-05-26T21:13:43.512+0400] {processor.py:836} INFO - DAG(s) dict_keys(['example_complex']) retrieved from /home/chinnu/.local/lib/python3.10/site-packages/airflow/example_dags/example_complex.py
[2023-05-26T21:13:43.581+0400] {logging_mixin.py:149} INFO - [2023-05-26T21:13:43.581+0400] {dag.py:2726} INFO - Sync 1 DAGs
[2023-05-26T21:13:43.620+0400] {logging_mixin.py:149} INFO - [2023-05-26T21:13:43.619+0400] {dag.py:3486} INFO - Setting next_dagrun for example_complex to None, run_after=None
[2023-05-26T21:13:43.666+0400] {processor.py:179} INFO - Processing /home/chinnu/.local/lib/python3.10/site-packages/airflow/example_dags/example_complex.py took 0.195 seconds
[2023-05-26T21:14:28.768+0400] {processor.py:157} INFO - Started process (PID=2150) to work on /home/chinnu/.local/lib/python3.10/site-packages/airflow/example_dags/example_complex.py
[2023-05-26T21:14:28.772+0400] {processor.py:826} INFO - Processing file /home/chinnu/.local/lib/python3.10/site-packages/airflow/example_dags/example_complex.py for tasks to queue
[2023-05-26T21:14:28.774+0400] {logging_mixin.py:149} INFO - [2023-05-26T21:14:28.773+0400] {dagbag.py:541} INFO - Filling up the DagBag from /home/chinnu/.local/lib/python3.10/site-packages/airflow/example_dags/example_complex.py
[2023-05-26T21:14:28.793+0400] {logging_mixin.py:149} INFO - [2023-05-26T21:14:28.793+0400] {taskmixin.py:211} WARNING - Dependency <Task(BashOperator): create_entry_group>, delete_entry_group already registered for DAG: example_complex
[2023-05-26T21:14:28.794+0400] {logging_mixin.py:149} INFO - [2023-05-26T21:14:28.794+0400] {taskmixin.py:211} WARNING - Dependency <Task(BashOperator): delete_entry_group>, create_entry_group already registered for DAG: example_complex
[2023-05-26T21:14:28.794+0400] {logging_mixin.py:149} INFO - [2023-05-26T21:14:28.794+0400] {taskmixin.py:211} WARNING - Dependency <Task(BashOperator): create_entry_gcs>, delete_entry already registered for DAG: example_complex
[2023-05-26T21:14:28.794+0400] {logging_mixin.py:149} INFO - [2023-05-26T21:14:28.794+0400] {taskmixin.py:211} WARNING - Dependency <Task(BashOperator): delete_entry>, create_entry_gcs already registered for DAG: example_complex
[2023-05-26T21:14:28.795+0400] {logging_mixin.py:149} INFO - [2023-05-26T21:14:28.795+0400] {taskmixin.py:211} WARNING - Dependency <Task(BashOperator): create_tag>, delete_tag already registered for DAG: example_complex
[2023-05-26T21:14:28.795+0400] {logging_mixin.py:149} INFO - [2023-05-26T21:14:28.795+0400] {taskmixin.py:211} WARNING - Dependency <Task(BashOperator): delete_tag>, create_tag already registered for DAG: example_complex
[2023-05-26T21:14:28.797+0400] {processor.py:836} INFO - DAG(s) dict_keys(['example_complex']) retrieved from /home/chinnu/.local/lib/python3.10/site-packages/airflow/example_dags/example_complex.py
[2023-05-26T21:14:28.857+0400] {logging_mixin.py:149} INFO - [2023-05-26T21:14:28.857+0400] {dag.py:2726} INFO - Sync 1 DAGs
[2023-05-26T21:14:28.883+0400] {logging_mixin.py:149} INFO - [2023-05-26T21:14:28.883+0400] {dag.py:3486} INFO - Setting next_dagrun for example_complex to None, run_after=None
[2023-05-26T21:14:28.909+0400] {processor.py:179} INFO - Processing /home/chinnu/.local/lib/python3.10/site-packages/airflow/example_dags/example_complex.py took 0.153 seconds
[2023-05-26T21:15:18.181+0400] {processor.py:157} INFO - Started process (PID=9408) to work on /home/chinnu/.local/lib/python3.10/site-packages/airflow/example_dags/example_complex.py
[2023-05-26T21:15:18.186+0400] {processor.py:826} INFO - Processing file /home/chinnu/.local/lib/python3.10/site-packages/airflow/example_dags/example_complex.py for tasks to queue
[2023-05-26T21:15:18.189+0400] {logging_mixin.py:149} INFO - [2023-05-26T21:15:18.188+0400] {dagbag.py:541} INFO - Filling up the DagBag from /home/chinnu/.local/lib/python3.10/site-packages/airflow/example_dags/example_complex.py
[2023-05-26T21:15:18.225+0400] {logging_mixin.py:149} INFO - [2023-05-26T21:15:18.225+0400] {taskmixin.py:211} WARNING - Dependency <Task(BashOperator): create_entry_group>, delete_entry_group already registered for DAG: example_complex
[2023-05-26T21:15:18.226+0400] {logging_mixin.py:149} INFO - [2023-05-26T21:15:18.226+0400] {taskmixin.py:211} WARNING - Dependency <Task(BashOperator): delete_entry_group>, create_entry_group already registered for DAG: example_complex
[2023-05-26T21:15:18.227+0400] {logging_mixin.py:149} INFO - [2023-05-26T21:15:18.227+0400] {taskmixin.py:211} WARNING - Dependency <Task(BashOperator): create_entry_gcs>, delete_entry already registered for DAG: example_complex
[2023-05-26T21:15:18.227+0400] {logging_mixin.py:149} INFO - [2023-05-26T21:15:18.227+0400] {taskmixin.py:211} WARNING - Dependency <Task(BashOperator): delete_entry>, create_entry_gcs already registered for DAG: example_complex
[2023-05-26T21:15:18.228+0400] {logging_mixin.py:149} INFO - [2023-05-26T21:15:18.228+0400] {taskmixin.py:211} WARNING - Dependency <Task(BashOperator): create_tag>, delete_tag already registered for DAG: example_complex
[2023-05-26T21:15:18.229+0400] {logging_mixin.py:149} INFO - [2023-05-26T21:15:18.229+0400] {taskmixin.py:211} WARNING - Dependency <Task(BashOperator): delete_tag>, create_tag already registered for DAG: example_complex
[2023-05-26T21:15:18.232+0400] {processor.py:836} INFO - DAG(s) dict_keys(['example_complex']) retrieved from /home/chinnu/.local/lib/python3.10/site-packages/airflow/example_dags/example_complex.py
[2023-05-26T21:15:18.361+0400] {logging_mixin.py:149} INFO - [2023-05-26T21:15:18.360+0400] {dag.py:2726} INFO - Sync 1 DAGs
[2023-05-26T21:15:18.424+0400] {logging_mixin.py:149} INFO - [2023-05-26T21:15:18.423+0400] {dag.py:3486} INFO - Setting next_dagrun for example_complex to None, run_after=None
[2023-05-26T21:15:18.514+0400] {processor.py:179} INFO - Processing /home/chinnu/.local/lib/python3.10/site-packages/airflow/example_dags/example_complex.py took 0.347 seconds
[2023-05-26T21:16:08.621+0400] {processor.py:157} INFO - Started process (PID=9483) to work on /home/chinnu/.local/lib/python3.10/site-packages/airflow/example_dags/example_complex.py
[2023-05-26T21:16:08.623+0400] {processor.py:826} INFO - Processing file /home/chinnu/.local/lib/python3.10/site-packages/airflow/example_dags/example_complex.py for tasks to queue
[2023-05-26T21:16:08.625+0400] {logging_mixin.py:149} INFO - [2023-05-26T21:16:08.625+0400] {dagbag.py:541} INFO - Filling up the DagBag from /home/chinnu/.local/lib/python3.10/site-packages/airflow/example_dags/example_complex.py
[2023-05-26T21:16:08.646+0400] {logging_mixin.py:149} INFO - [2023-05-26T21:16:08.646+0400] {taskmixin.py:211} WARNING - Dependency <Task(BashOperator): create_entry_group>, delete_entry_group already registered for DAG: example_complex
[2023-05-26T21:16:08.647+0400] {logging_mixin.py:149} INFO - [2023-05-26T21:16:08.646+0400] {taskmixin.py:211} WARNING - Dependency <Task(BashOperator): delete_entry_group>, create_entry_group already registered for DAG: example_complex
[2023-05-26T21:16:08.647+0400] {logging_mixin.py:149} INFO - [2023-05-26T21:16:08.647+0400] {taskmixin.py:211} WARNING - Dependency <Task(BashOperator): create_entry_gcs>, delete_entry already registered for DAG: example_complex
[2023-05-26T21:16:08.647+0400] {logging_mixin.py:149} INFO - [2023-05-26T21:16:08.647+0400] {taskmixin.py:211} WARNING - Dependency <Task(BashOperator): delete_entry>, create_entry_gcs already registered for DAG: example_complex
[2023-05-26T21:16:08.648+0400] {logging_mixin.py:149} INFO - [2023-05-26T21:16:08.648+0400] {taskmixin.py:211} WARNING - Dependency <Task(BashOperator): create_tag>, delete_tag already registered for DAG: example_complex
[2023-05-26T21:16:08.649+0400] {logging_mixin.py:149} INFO - [2023-05-26T21:16:08.648+0400] {taskmixin.py:211} WARNING - Dependency <Task(BashOperator): delete_tag>, create_tag already registered for DAG: example_complex
[2023-05-26T21:16:08.651+0400] {processor.py:836} INFO - DAG(s) dict_keys(['example_complex']) retrieved from /home/chinnu/.local/lib/python3.10/site-packages/airflow/example_dags/example_complex.py
[2023-05-26T21:16:08.725+0400] {logging_mixin.py:149} INFO - [2023-05-26T21:16:08.724+0400] {dag.py:2726} INFO - Sync 1 DAGs
[2023-05-26T21:16:08.763+0400] {logging_mixin.py:149} INFO - [2023-05-26T21:16:08.762+0400] {dag.py:3486} INFO - Setting next_dagrun for example_complex to None, run_after=None
[2023-05-26T21:16:08.810+0400] {processor.py:179} INFO - Processing /home/chinnu/.local/lib/python3.10/site-packages/airflow/example_dags/example_complex.py took 0.199 seconds
[2023-05-26T21:17:37.422+0400] {processor.py:157} INFO - Started process (PID=16777) to work on /home/chinnu/.local/lib/python3.10/site-packages/airflow/example_dags/example_complex.py
[2023-05-26T21:17:37.425+0400] {processor.py:826} INFO - Processing file /home/chinnu/.local/lib/python3.10/site-packages/airflow/example_dags/example_complex.py for tasks to queue
[2023-05-26T21:17:37.427+0400] {logging_mixin.py:149} INFO - [2023-05-26T21:17:37.427+0400] {dagbag.py:541} INFO - Filling up the DagBag from /home/chinnu/.local/lib/python3.10/site-packages/airflow/example_dags/example_complex.py
[2023-05-26T21:17:37.453+0400] {logging_mixin.py:149} INFO - [2023-05-26T21:17:37.453+0400] {taskmixin.py:211} WARNING - Dependency <Task(BashOperator): create_entry_group>, delete_entry_group already registered for DAG: example_complex
[2023-05-26T21:17:37.453+0400] {logging_mixin.py:149} INFO - [2023-05-26T21:17:37.453+0400] {taskmixin.py:211} WARNING - Dependency <Task(BashOperator): delete_entry_group>, create_entry_group already registered for DAG: example_complex
[2023-05-26T21:17:37.454+0400] {logging_mixin.py:149} INFO - [2023-05-26T21:17:37.454+0400] {taskmixin.py:211} WARNING - Dependency <Task(BashOperator): create_entry_gcs>, delete_entry already registered for DAG: example_complex
[2023-05-26T21:17:37.454+0400] {logging_mixin.py:149} INFO - [2023-05-26T21:17:37.454+0400] {taskmixin.py:211} WARNING - Dependency <Task(BashOperator): delete_entry>, create_entry_gcs already registered for DAG: example_complex
[2023-05-26T21:17:37.454+0400] {logging_mixin.py:149} INFO - [2023-05-26T21:17:37.454+0400] {taskmixin.py:211} WARNING - Dependency <Task(BashOperator): create_tag>, delete_tag already registered for DAG: example_complex
[2023-05-26T21:17:37.455+0400] {logging_mixin.py:149} INFO - [2023-05-26T21:17:37.454+0400] {taskmixin.py:211} WARNING - Dependency <Task(BashOperator): delete_tag>, create_tag already registered for DAG: example_complex
[2023-05-26T21:17:37.456+0400] {processor.py:836} INFO - DAG(s) dict_keys(['example_complex']) retrieved from /home/chinnu/.local/lib/python3.10/site-packages/airflow/example_dags/example_complex.py
[2023-05-26T21:17:37.503+0400] {logging_mixin.py:149} INFO - [2023-05-26T21:17:37.503+0400] {dag.py:2726} INFO - Sync 1 DAGs
[2023-05-26T21:17:37.526+0400] {logging_mixin.py:149} INFO - [2023-05-26T21:17:37.526+0400] {dag.py:3486} INFO - Setting next_dagrun for example_complex to None, run_after=None
[2023-05-26T21:17:37.553+0400] {processor.py:179} INFO - Processing /home/chinnu/.local/lib/python3.10/site-packages/airflow/example_dags/example_complex.py took 0.145 seconds
[2023-05-26T21:19:19.374+0400] {processor.py:157} INFO - Started process (PID=16870) to work on /home/chinnu/.local/lib/python3.10/site-packages/airflow/example_dags/example_complex.py
[2023-05-26T21:19:19.376+0400] {processor.py:826} INFO - Processing file /home/chinnu/.local/lib/python3.10/site-packages/airflow/example_dags/example_complex.py for tasks to queue
[2023-05-26T21:19:19.377+0400] {logging_mixin.py:149} INFO - [2023-05-26T21:19:19.376+0400] {dagbag.py:541} INFO - Filling up the DagBag from /home/chinnu/.local/lib/python3.10/site-packages/airflow/example_dags/example_complex.py
[2023-05-26T21:19:19.395+0400] {logging_mixin.py:149} INFO - [2023-05-26T21:19:19.394+0400] {taskmixin.py:211} WARNING - Dependency <Task(BashOperator): create_entry_group>, delete_entry_group already registered for DAG: example_complex
[2023-05-26T21:19:19.395+0400] {logging_mixin.py:149} INFO - [2023-05-26T21:19:19.395+0400] {taskmixin.py:211} WARNING - Dependency <Task(BashOperator): delete_entry_group>, create_entry_group already registered for DAG: example_complex
[2023-05-26T21:19:19.395+0400] {logging_mixin.py:149} INFO - [2023-05-26T21:19:19.395+0400] {taskmixin.py:211} WARNING - Dependency <Task(BashOperator): create_entry_gcs>, delete_entry already registered for DAG: example_complex
[2023-05-26T21:19:19.395+0400] {logging_mixin.py:149} INFO - [2023-05-26T21:19:19.395+0400] {taskmixin.py:211} WARNING - Dependency <Task(BashOperator): delete_entry>, create_entry_gcs already registered for DAG: example_complex
[2023-05-26T21:19:19.396+0400] {logging_mixin.py:149} INFO - [2023-05-26T21:19:19.396+0400] {taskmixin.py:211} WARNING - Dependency <Task(BashOperator): create_tag>, delete_tag already registered for DAG: example_complex
[2023-05-26T21:19:19.396+0400] {logging_mixin.py:149} INFO - [2023-05-26T21:19:19.396+0400] {taskmixin.py:211} WARNING - Dependency <Task(BashOperator): delete_tag>, create_tag already registered for DAG: example_complex
[2023-05-26T21:19:19.397+0400] {processor.py:836} INFO - DAG(s) dict_keys(['example_complex']) retrieved from /home/chinnu/.local/lib/python3.10/site-packages/airflow/example_dags/example_complex.py
[2023-05-26T21:19:19.446+0400] {logging_mixin.py:149} INFO - [2023-05-26T21:19:19.446+0400] {dag.py:2726} INFO - Sync 1 DAGs
[2023-05-26T21:19:19.660+0400] {logging_mixin.py:149} INFO - [2023-05-26T21:19:19.660+0400] {dag.py:3486} INFO - Setting next_dagrun for example_complex to None, run_after=None
[2023-05-26T21:19:19.722+0400] {processor.py:179} INFO - Processing /home/chinnu/.local/lib/python3.10/site-packages/airflow/example_dags/example_complex.py took 0.355 seconds
[2023-05-26T21:20:32.861+0400] {processor.py:157} INFO - Started process (PID=16953) to work on /home/chinnu/.local/lib/python3.10/site-packages/airflow/example_dags/example_complex.py
[2023-05-26T21:20:32.864+0400] {processor.py:826} INFO - Processing file /home/chinnu/.local/lib/python3.10/site-packages/airflow/example_dags/example_complex.py for tasks to queue
[2023-05-26T21:20:32.865+0400] {logging_mixin.py:149} INFO - [2023-05-26T21:20:32.865+0400] {dagbag.py:541} INFO - Filling up the DagBag from /home/chinnu/.local/lib/python3.10/site-packages/airflow/example_dags/example_complex.py
[2023-05-26T21:20:32.887+0400] {logging_mixin.py:149} INFO - [2023-05-26T21:20:32.887+0400] {taskmixin.py:211} WARNING - Dependency <Task(BashOperator): create_entry_group>, delete_entry_group already registered for DAG: example_complex
[2023-05-26T21:20:32.888+0400] {logging_mixin.py:149} INFO - [2023-05-26T21:20:32.887+0400] {taskmixin.py:211} WARNING - Dependency <Task(BashOperator): delete_entry_group>, create_entry_group already registered for DAG: example_complex
[2023-05-26T21:20:32.888+0400] {logging_mixin.py:149} INFO - [2023-05-26T21:20:32.888+0400] {taskmixin.py:211} WARNING - Dependency <Task(BashOperator): create_entry_gcs>, delete_entry already registered for DAG: example_complex
[2023-05-26T21:20:32.889+0400] {logging_mixin.py:149} INFO - [2023-05-26T21:20:32.888+0400] {taskmixin.py:211} WARNING - Dependency <Task(BashOperator): delete_entry>, create_entry_gcs already registered for DAG: example_complex
[2023-05-26T21:20:32.889+0400] {logging_mixin.py:149} INFO - [2023-05-26T21:20:32.889+0400] {taskmixin.py:211} WARNING - Dependency <Task(BashOperator): create_tag>, delete_tag already registered for DAG: example_complex
[2023-05-26T21:20:32.889+0400] {logging_mixin.py:149} INFO - [2023-05-26T21:20:32.889+0400] {taskmixin.py:211} WARNING - Dependency <Task(BashOperator): delete_tag>, create_tag already registered for DAG: example_complex
[2023-05-26T21:20:32.894+0400] {processor.py:836} INFO - DAG(s) dict_keys(['example_complex']) retrieved from /home/chinnu/.local/lib/python3.10/site-packages/airflow/example_dags/example_complex.py
[2023-05-26T21:20:33.063+0400] {logging_mixin.py:149} INFO - [2023-05-26T21:20:33.063+0400] {dag.py:2726} INFO - Sync 1 DAGs
[2023-05-26T21:20:33.126+0400] {logging_mixin.py:149} INFO - [2023-05-26T21:20:33.126+0400] {dag.py:3486} INFO - Setting next_dagrun for example_complex to None, run_after=None
[2023-05-26T21:20:33.200+0400] {processor.py:179} INFO - Processing /home/chinnu/.local/lib/python3.10/site-packages/airflow/example_dags/example_complex.py took 0.349 seconds
[2023-05-26T21:21:15.581+0400] {processor.py:157} INFO - Started process (PID=17003) to work on /home/chinnu/.local/lib/python3.10/site-packages/airflow/example_dags/example_complex.py
[2023-05-26T21:21:15.583+0400] {processor.py:826} INFO - Processing file /home/chinnu/.local/lib/python3.10/site-packages/airflow/example_dags/example_complex.py for tasks to queue
[2023-05-26T21:21:15.584+0400] {logging_mixin.py:149} INFO - [2023-05-26T21:21:15.584+0400] {dagbag.py:541} INFO - Filling up the DagBag from /home/chinnu/.local/lib/python3.10/site-packages/airflow/example_dags/example_complex.py
[2023-05-26T21:21:15.604+0400] {logging_mixin.py:149} INFO - [2023-05-26T21:21:15.603+0400] {taskmixin.py:211} WARNING - Dependency <Task(BashOperator): create_entry_group>, delete_entry_group already registered for DAG: example_complex
[2023-05-26T21:21:15.605+0400] {logging_mixin.py:149} INFO - [2023-05-26T21:21:15.604+0400] {taskmixin.py:211} WARNING - Dependency <Task(BashOperator): delete_entry_group>, create_entry_group already registered for DAG: example_complex
[2023-05-26T21:21:15.605+0400] {logging_mixin.py:149} INFO - [2023-05-26T21:21:15.605+0400] {taskmixin.py:211} WARNING - Dependency <Task(BashOperator): create_entry_gcs>, delete_entry already registered for DAG: example_complex
[2023-05-26T21:21:15.606+0400] {logging_mixin.py:149} INFO - [2023-05-26T21:21:15.606+0400] {taskmixin.py:211} WARNING - Dependency <Task(BashOperator): delete_entry>, create_entry_gcs already registered for DAG: example_complex
[2023-05-26T21:21:15.607+0400] {logging_mixin.py:149} INFO - [2023-05-26T21:21:15.606+0400] {taskmixin.py:211} WARNING - Dependency <Task(BashOperator): create_tag>, delete_tag already registered for DAG: example_complex
[2023-05-26T21:21:15.607+0400] {logging_mixin.py:149} INFO - [2023-05-26T21:21:15.607+0400] {taskmixin.py:211} WARNING - Dependency <Task(BashOperator): delete_tag>, create_tag already registered for DAG: example_complex
[2023-05-26T21:21:15.609+0400] {processor.py:836} INFO - DAG(s) dict_keys(['example_complex']) retrieved from /home/chinnu/.local/lib/python3.10/site-packages/airflow/example_dags/example_complex.py
[2023-05-26T21:21:15.678+0400] {logging_mixin.py:149} INFO - [2023-05-26T21:21:15.678+0400] {dag.py:2726} INFO - Sync 1 DAGs
[2023-05-26T21:21:15.738+0400] {logging_mixin.py:149} INFO - [2023-05-26T21:21:15.738+0400] {dag.py:3486} INFO - Setting next_dagrun for example_complex to None, run_after=None
[2023-05-26T21:21:15.804+0400] {processor.py:179} INFO - Processing /home/chinnu/.local/lib/python3.10/site-packages/airflow/example_dags/example_complex.py took 0.241 seconds
[2023-05-26T21:21:59.737+0400] {processor.py:157} INFO - Started process (PID=17053) to work on /home/chinnu/.local/lib/python3.10/site-packages/airflow/example_dags/example_complex.py
[2023-05-26T21:21:59.739+0400] {processor.py:826} INFO - Processing file /home/chinnu/.local/lib/python3.10/site-packages/airflow/example_dags/example_complex.py for tasks to queue
[2023-05-26T21:21:59.740+0400] {logging_mixin.py:149} INFO - [2023-05-26T21:21:59.740+0400] {dagbag.py:541} INFO - Filling up the DagBag from /home/chinnu/.local/lib/python3.10/site-packages/airflow/example_dags/example_complex.py
[2023-05-26T21:21:59.759+0400] {logging_mixin.py:149} INFO - [2023-05-26T21:21:59.759+0400] {taskmixin.py:211} WARNING - Dependency <Task(BashOperator): create_entry_group>, delete_entry_group already registered for DAG: example_complex
[2023-05-26T21:21:59.759+0400] {logging_mixin.py:149} INFO - [2023-05-26T21:21:59.759+0400] {taskmixin.py:211} WARNING - Dependency <Task(BashOperator): delete_entry_group>, create_entry_group already registered for DAG: example_complex
[2023-05-26T21:21:59.760+0400] {logging_mixin.py:149} INFO - [2023-05-26T21:21:59.760+0400] {taskmixin.py:211} WARNING - Dependency <Task(BashOperator): create_entry_gcs>, delete_entry already registered for DAG: example_complex
[2023-05-26T21:21:59.760+0400] {logging_mixin.py:149} INFO - [2023-05-26T21:21:59.760+0400] {taskmixin.py:211} WARNING - Dependency <Task(BashOperator): delete_entry>, create_entry_gcs already registered for DAG: example_complex
[2023-05-26T21:21:59.761+0400] {logging_mixin.py:149} INFO - [2023-05-26T21:21:59.760+0400] {taskmixin.py:211} WARNING - Dependency <Task(BashOperator): create_tag>, delete_tag already registered for DAG: example_complex
[2023-05-26T21:21:59.761+0400] {logging_mixin.py:149} INFO - [2023-05-26T21:21:59.761+0400] {taskmixin.py:211} WARNING - Dependency <Task(BashOperator): delete_tag>, create_tag already registered for DAG: example_complex
[2023-05-26T21:21:59.763+0400] {processor.py:836} INFO - DAG(s) dict_keys(['example_complex']) retrieved from /home/chinnu/.local/lib/python3.10/site-packages/airflow/example_dags/example_complex.py
[2023-05-26T21:21:59.805+0400] {logging_mixin.py:149} INFO - [2023-05-26T21:21:59.805+0400] {dag.py:2726} INFO - Sync 1 DAGs
[2023-05-26T21:21:59.832+0400] {logging_mixin.py:149} INFO - [2023-05-26T21:21:59.831+0400] {dag.py:3486} INFO - Setting next_dagrun for example_complex to None, run_after=None
[2023-05-26T21:21:59.858+0400] {processor.py:179} INFO - Processing /home/chinnu/.local/lib/python3.10/site-packages/airflow/example_dags/example_complex.py took 0.129 seconds
[2023-05-26T21:22:48.507+0400] {processor.py:157} INFO - Started process (PID=17115) to work on /home/chinnu/.local/lib/python3.10/site-packages/airflow/example_dags/example_complex.py
[2023-05-26T21:22:48.509+0400] {processor.py:826} INFO - Processing file /home/chinnu/.local/lib/python3.10/site-packages/airflow/example_dags/example_complex.py for tasks to queue
[2023-05-26T21:22:48.510+0400] {logging_mixin.py:149} INFO - [2023-05-26T21:22:48.510+0400] {dagbag.py:541} INFO - Filling up the DagBag from /home/chinnu/.local/lib/python3.10/site-packages/airflow/example_dags/example_complex.py
[2023-05-26T21:22:48.530+0400] {logging_mixin.py:149} INFO - [2023-05-26T21:22:48.530+0400] {taskmixin.py:211} WARNING - Dependency <Task(BashOperator): create_entry_group>, delete_entry_group already registered for DAG: example_complex
[2023-05-26T21:22:48.531+0400] {logging_mixin.py:149} INFO - [2023-05-26T21:22:48.531+0400] {taskmixin.py:211} WARNING - Dependency <Task(BashOperator): delete_entry_group>, create_entry_group already registered for DAG: example_complex
[2023-05-26T21:22:48.531+0400] {logging_mixin.py:149} INFO - [2023-05-26T21:22:48.531+0400] {taskmixin.py:211} WARNING - Dependency <Task(BashOperator): create_entry_gcs>, delete_entry already registered for DAG: example_complex
[2023-05-26T21:22:48.531+0400] {logging_mixin.py:149} INFO - [2023-05-26T21:22:48.531+0400] {taskmixin.py:211} WARNING - Dependency <Task(BashOperator): delete_entry>, create_entry_gcs already registered for DAG: example_complex
[2023-05-26T21:22:48.532+0400] {logging_mixin.py:149} INFO - [2023-05-26T21:22:48.532+0400] {taskmixin.py:211} WARNING - Dependency <Task(BashOperator): create_tag>, delete_tag already registered for DAG: example_complex
[2023-05-26T21:22:48.532+0400] {logging_mixin.py:149} INFO - [2023-05-26T21:22:48.532+0400] {taskmixin.py:211} WARNING - Dependency <Task(BashOperator): delete_tag>, create_tag already registered for DAG: example_complex
[2023-05-26T21:22:48.534+0400] {processor.py:836} INFO - DAG(s) dict_keys(['example_complex']) retrieved from /home/chinnu/.local/lib/python3.10/site-packages/airflow/example_dags/example_complex.py
[2023-05-26T21:22:48.579+0400] {logging_mixin.py:149} INFO - [2023-05-26T21:22:48.579+0400] {dag.py:2726} INFO - Sync 1 DAGs
[2023-05-26T21:22:48.603+0400] {logging_mixin.py:149} INFO - [2023-05-26T21:22:48.603+0400] {dag.py:3486} INFO - Setting next_dagrun for example_complex to None, run_after=None
[2023-05-26T21:22:48.631+0400] {processor.py:179} INFO - Processing /home/chinnu/.local/lib/python3.10/site-packages/airflow/example_dags/example_complex.py took 0.133 seconds
[2023-05-26T21:23:39.306+0400] {processor.py:157} INFO - Started process (PID=17176) to work on /home/chinnu/.local/lib/python3.10/site-packages/airflow/example_dags/example_complex.py
[2023-05-26T21:23:39.307+0400] {processor.py:826} INFO - Processing file /home/chinnu/.local/lib/python3.10/site-packages/airflow/example_dags/example_complex.py for tasks to queue
[2023-05-26T21:23:39.308+0400] {logging_mixin.py:149} INFO - [2023-05-26T21:23:39.308+0400] {dagbag.py:541} INFO - Filling up the DagBag from /home/chinnu/.local/lib/python3.10/site-packages/airflow/example_dags/example_complex.py
[2023-05-26T21:23:39.322+0400] {logging_mixin.py:149} INFO - [2023-05-26T21:23:39.322+0400] {taskmixin.py:211} WARNING - Dependency <Task(BashOperator): create_entry_group>, delete_entry_group already registered for DAG: example_complex
[2023-05-26T21:23:39.322+0400] {logging_mixin.py:149} INFO - [2023-05-26T21:23:39.322+0400] {taskmixin.py:211} WARNING - Dependency <Task(BashOperator): delete_entry_group>, create_entry_group already registered for DAG: example_complex
[2023-05-26T21:23:39.322+0400] {logging_mixin.py:149} INFO - [2023-05-26T21:23:39.322+0400] {taskmixin.py:211} WARNING - Dependency <Task(BashOperator): create_entry_gcs>, delete_entry already registered for DAG: example_complex
[2023-05-26T21:23:39.323+0400] {logging_mixin.py:149} INFO - [2023-05-26T21:23:39.322+0400] {taskmixin.py:211} WARNING - Dependency <Task(BashOperator): delete_entry>, create_entry_gcs already registered for DAG: example_complex
[2023-05-26T21:23:39.323+0400] {logging_mixin.py:149} INFO - [2023-05-26T21:23:39.323+0400] {taskmixin.py:211} WARNING - Dependency <Task(BashOperator): create_tag>, delete_tag already registered for DAG: example_complex
[2023-05-26T21:23:39.323+0400] {logging_mixin.py:149} INFO - [2023-05-26T21:23:39.323+0400] {taskmixin.py:211} WARNING - Dependency <Task(BashOperator): delete_tag>, create_tag already registered for DAG: example_complex
[2023-05-26T21:23:39.325+0400] {processor.py:836} INFO - DAG(s) dict_keys(['example_complex']) retrieved from /home/chinnu/.local/lib/python3.10/site-packages/airflow/example_dags/example_complex.py
[2023-05-26T21:23:39.366+0400] {logging_mixin.py:149} INFO - [2023-05-26T21:23:39.366+0400] {dag.py:2726} INFO - Sync 1 DAGs
[2023-05-26T21:23:39.392+0400] {logging_mixin.py:149} INFO - [2023-05-26T21:23:39.392+0400] {dag.py:3486} INFO - Setting next_dagrun for example_complex to None, run_after=None
[2023-05-26T21:23:39.425+0400] {processor.py:179} INFO - Processing /home/chinnu/.local/lib/python3.10/site-packages/airflow/example_dags/example_complex.py took 0.125 seconds
[2023-05-26T21:24:28.832+0400] {processor.py:157} INFO - Started process (PID=17235) to work on /home/chinnu/.local/lib/python3.10/site-packages/airflow/example_dags/example_complex.py
[2023-05-26T21:24:28.834+0400] {processor.py:826} INFO - Processing file /home/chinnu/.local/lib/python3.10/site-packages/airflow/example_dags/example_complex.py for tasks to queue
[2023-05-26T21:24:28.835+0400] {logging_mixin.py:149} INFO - [2023-05-26T21:24:28.835+0400] {dagbag.py:541} INFO - Filling up the DagBag from /home/chinnu/.local/lib/python3.10/site-packages/airflow/example_dags/example_complex.py
[2023-05-26T21:24:28.857+0400] {logging_mixin.py:149} INFO - [2023-05-26T21:24:28.857+0400] {taskmixin.py:211} WARNING - Dependency <Task(BashOperator): create_entry_group>, delete_entry_group already registered for DAG: example_complex
[2023-05-26T21:24:28.858+0400] {logging_mixin.py:149} INFO - [2023-05-26T21:24:28.857+0400] {taskmixin.py:211} WARNING - Dependency <Task(BashOperator): delete_entry_group>, create_entry_group already registered for DAG: example_complex
[2023-05-26T21:24:28.858+0400] {logging_mixin.py:149} INFO - [2023-05-26T21:24:28.858+0400] {taskmixin.py:211} WARNING - Dependency <Task(BashOperator): create_entry_gcs>, delete_entry already registered for DAG: example_complex
[2023-05-26T21:24:28.858+0400] {logging_mixin.py:149} INFO - [2023-05-26T21:24:28.858+0400] {taskmixin.py:211} WARNING - Dependency <Task(BashOperator): delete_entry>, create_entry_gcs already registered for DAG: example_complex
[2023-05-26T21:24:28.858+0400] {logging_mixin.py:149} INFO - [2023-05-26T21:24:28.858+0400] {taskmixin.py:211} WARNING - Dependency <Task(BashOperator): create_tag>, delete_tag already registered for DAG: example_complex
[2023-05-26T21:24:28.859+0400] {logging_mixin.py:149} INFO - [2023-05-26T21:24:28.859+0400] {taskmixin.py:211} WARNING - Dependency <Task(BashOperator): delete_tag>, create_tag already registered for DAG: example_complex
[2023-05-26T21:24:28.860+0400] {processor.py:836} INFO - DAG(s) dict_keys(['example_complex']) retrieved from /home/chinnu/.local/lib/python3.10/site-packages/airflow/example_dags/example_complex.py
[2023-05-26T21:24:28.915+0400] {logging_mixin.py:149} INFO - [2023-05-26T21:24:28.914+0400] {dag.py:2726} INFO - Sync 1 DAGs
[2023-05-26T21:24:28.943+0400] {logging_mixin.py:149} INFO - [2023-05-26T21:24:28.943+0400] {dag.py:3486} INFO - Setting next_dagrun for example_complex to None, run_after=None
[2023-05-26T21:24:28.972+0400] {processor.py:179} INFO - Processing /home/chinnu/.local/lib/python3.10/site-packages/airflow/example_dags/example_complex.py took 0.156 seconds
[2023-05-26T21:25:15.539+0400] {processor.py:157} INFO - Started process (PID=17297) to work on /home/chinnu/.local/lib/python3.10/site-packages/airflow/example_dags/example_complex.py
[2023-05-26T21:25:15.541+0400] {processor.py:826} INFO - Processing file /home/chinnu/.local/lib/python3.10/site-packages/airflow/example_dags/example_complex.py for tasks to queue
[2023-05-26T21:25:15.542+0400] {logging_mixin.py:149} INFO - [2023-05-26T21:25:15.542+0400] {dagbag.py:541} INFO - Filling up the DagBag from /home/chinnu/.local/lib/python3.10/site-packages/airflow/example_dags/example_complex.py
[2023-05-26T21:25:15.561+0400] {logging_mixin.py:149} INFO - [2023-05-26T21:25:15.560+0400] {taskmixin.py:211} WARNING - Dependency <Task(BashOperator): create_entry_group>, delete_entry_group already registered for DAG: example_complex
[2023-05-26T21:25:15.561+0400] {logging_mixin.py:149} INFO - [2023-05-26T21:25:15.561+0400] {taskmixin.py:211} WARNING - Dependency <Task(BashOperator): delete_entry_group>, create_entry_group already registered for DAG: example_complex
[2023-05-26T21:25:15.561+0400] {logging_mixin.py:149} INFO - [2023-05-26T21:25:15.561+0400] {taskmixin.py:211} WARNING - Dependency <Task(BashOperator): create_entry_gcs>, delete_entry already registered for DAG: example_complex
[2023-05-26T21:25:15.562+0400] {logging_mixin.py:149} INFO - [2023-05-26T21:25:15.562+0400] {taskmixin.py:211} WARNING - Dependency <Task(BashOperator): delete_entry>, create_entry_gcs already registered for DAG: example_complex
[2023-05-26T21:25:15.562+0400] {logging_mixin.py:149} INFO - [2023-05-26T21:25:15.562+0400] {taskmixin.py:211} WARNING - Dependency <Task(BashOperator): create_tag>, delete_tag already registered for DAG: example_complex
[2023-05-26T21:25:15.563+0400] {logging_mixin.py:149} INFO - [2023-05-26T21:25:15.562+0400] {taskmixin.py:211} WARNING - Dependency <Task(BashOperator): delete_tag>, create_tag already registered for DAG: example_complex
[2023-05-26T21:25:15.565+0400] {processor.py:836} INFO - DAG(s) dict_keys(['example_complex']) retrieved from /home/chinnu/.local/lib/python3.10/site-packages/airflow/example_dags/example_complex.py
[2023-05-26T21:25:15.642+0400] {logging_mixin.py:149} INFO - [2023-05-26T21:25:15.642+0400] {dag.py:2726} INFO - Sync 1 DAGs
[2023-05-26T21:25:15.672+0400] {logging_mixin.py:149} INFO - [2023-05-26T21:25:15.672+0400] {dag.py:3486} INFO - Setting next_dagrun for example_complex to None, run_after=None
[2023-05-26T21:25:15.713+0400] {processor.py:179} INFO - Processing /home/chinnu/.local/lib/python3.10/site-packages/airflow/example_dags/example_complex.py took 0.183 seconds
[2023-05-26T21:48:47.657+0400] {processor.py:157} INFO - Started process (PID=101) to work on /home/chinnu/.local/lib/python3.10/site-packages/airflow/example_dags/example_complex.py
[2023-05-26T21:48:47.665+0400] {processor.py:826} INFO - Processing file /home/chinnu/.local/lib/python3.10/site-packages/airflow/example_dags/example_complex.py for tasks to queue
[2023-05-26T21:48:47.666+0400] {logging_mixin.py:149} INFO - [2023-05-26T21:48:47.665+0400] {dagbag.py:541} INFO - Filling up the DagBag from /home/chinnu/.local/lib/python3.10/site-packages/airflow/example_dags/example_complex.py
[2023-05-26T21:48:47.679+0400] {logging_mixin.py:149} INFO - [2023-05-26T21:48:47.679+0400] {taskmixin.py:211} WARNING - Dependency <Task(BashOperator): create_entry_group>, delete_entry_group already registered for DAG: example_complex
[2023-05-26T21:48:47.679+0400] {logging_mixin.py:149} INFO - [2023-05-26T21:48:47.679+0400] {taskmixin.py:211} WARNING - Dependency <Task(BashOperator): delete_entry_group>, create_entry_group already registered for DAG: example_complex
[2023-05-26T21:48:47.679+0400] {logging_mixin.py:149} INFO - [2023-05-26T21:48:47.679+0400] {taskmixin.py:211} WARNING - Dependency <Task(BashOperator): create_entry_gcs>, delete_entry already registered for DAG: example_complex
[2023-05-26T21:48:47.680+0400] {logging_mixin.py:149} INFO - [2023-05-26T21:48:47.680+0400] {taskmixin.py:211} WARNING - Dependency <Task(BashOperator): delete_entry>, create_entry_gcs already registered for DAG: example_complex
[2023-05-26T21:48:47.680+0400] {logging_mixin.py:149} INFO - [2023-05-26T21:48:47.680+0400] {taskmixin.py:211} WARNING - Dependency <Task(BashOperator): create_tag>, delete_tag already registered for DAG: example_complex
[2023-05-26T21:48:47.681+0400] {logging_mixin.py:149} INFO - [2023-05-26T21:48:47.681+0400] {taskmixin.py:211} WARNING - Dependency <Task(BashOperator): delete_tag>, create_tag already registered for DAG: example_complex
[2023-05-26T21:48:47.683+0400] {processor.py:836} INFO - DAG(s) dict_keys(['example_complex']) retrieved from /home/chinnu/.local/lib/python3.10/site-packages/airflow/example_dags/example_complex.py
[2023-05-26T21:48:47.726+0400] {logging_mixin.py:149} INFO - [2023-05-26T21:48:47.726+0400] {dag.py:2726} INFO - Sync 1 DAGs
[2023-05-26T21:48:47.750+0400] {logging_mixin.py:149} INFO - [2023-05-26T21:48:47.750+0400] {dag.py:3486} INFO - Setting next_dagrun for example_complex to None, run_after=None
[2023-05-26T21:48:47.915+0400] {processor.py:179} INFO - Processing /home/chinnu/.local/lib/python3.10/site-packages/airflow/example_dags/example_complex.py took 0.264 seconds
[2023-05-26T21:52:53.983+0400] {processor.py:157} INFO - Started process (PID=83) to work on /home/chinnu/.local/lib/python3.10/site-packages/airflow/example_dags/example_complex.py
[2023-05-26T21:52:53.991+0400] {processor.py:826} INFO - Processing file /home/chinnu/.local/lib/python3.10/site-packages/airflow/example_dags/example_complex.py for tasks to queue
[2023-05-26T21:52:53.992+0400] {logging_mixin.py:149} INFO - [2023-05-26T21:52:53.992+0400] {dagbag.py:541} INFO - Filling up the DagBag from /home/chinnu/.local/lib/python3.10/site-packages/airflow/example_dags/example_complex.py
[2023-05-26T21:52:54.006+0400] {logging_mixin.py:149} INFO - [2023-05-26T21:52:54.005+0400] {taskmixin.py:211} WARNING - Dependency <Task(BashOperator): create_entry_group>, delete_entry_group already registered for DAG: example_complex
[2023-05-26T21:52:54.006+0400] {logging_mixin.py:149} INFO - [2023-05-26T21:52:54.006+0400] {taskmixin.py:211} WARNING - Dependency <Task(BashOperator): delete_entry_group>, create_entry_group already registered for DAG: example_complex
[2023-05-26T21:52:54.006+0400] {logging_mixin.py:149} INFO - [2023-05-26T21:52:54.006+0400] {taskmixin.py:211} WARNING - Dependency <Task(BashOperator): create_entry_gcs>, delete_entry already registered for DAG: example_complex
[2023-05-26T21:52:54.006+0400] {logging_mixin.py:149} INFO - [2023-05-26T21:52:54.006+0400] {taskmixin.py:211} WARNING - Dependency <Task(BashOperator): delete_entry>, create_entry_gcs already registered for DAG: example_complex
[2023-05-26T21:52:54.007+0400] {logging_mixin.py:149} INFO - [2023-05-26T21:52:54.006+0400] {taskmixin.py:211} WARNING - Dependency <Task(BashOperator): create_tag>, delete_tag already registered for DAG: example_complex
[2023-05-26T21:52:54.007+0400] {logging_mixin.py:149} INFO - [2023-05-26T21:52:54.007+0400] {taskmixin.py:211} WARNING - Dependency <Task(BashOperator): delete_tag>, create_tag already registered for DAG: example_complex
[2023-05-26T21:52:54.008+0400] {processor.py:836} INFO - DAG(s) dict_keys(['example_complex']) retrieved from /home/chinnu/.local/lib/python3.10/site-packages/airflow/example_dags/example_complex.py
[2023-05-26T21:52:54.049+0400] {logging_mixin.py:149} INFO - [2023-05-26T21:52:54.049+0400] {dag.py:2726} INFO - Sync 1 DAGs
[2023-05-26T21:52:54.218+0400] {logging_mixin.py:149} INFO - [2023-05-26T21:52:54.218+0400] {dag.py:3486} INFO - Setting next_dagrun for example_complex to None, run_after=None
[2023-05-26T21:52:54.252+0400] {processor.py:179} INFO - Processing /home/chinnu/.local/lib/python3.10/site-packages/airflow/example_dags/example_complex.py took 0.275 seconds
[2023-05-26T21:53:53.210+0400] {processor.py:157} INFO - Started process (PID=136) to work on /home/chinnu/.local/lib/python3.10/site-packages/airflow/example_dags/example_complex.py
[2023-05-26T21:53:53.213+0400] {processor.py:826} INFO - Processing file /home/chinnu/.local/lib/python3.10/site-packages/airflow/example_dags/example_complex.py for tasks to queue
[2023-05-26T21:53:53.215+0400] {logging_mixin.py:149} INFO - [2023-05-26T21:53:53.215+0400] {dagbag.py:541} INFO - Filling up the DagBag from /home/chinnu/.local/lib/python3.10/site-packages/airflow/example_dags/example_complex.py
[2023-05-26T21:53:53.240+0400] {logging_mixin.py:149} INFO - [2023-05-26T21:53:53.239+0400] {taskmixin.py:211} WARNING - Dependency <Task(BashOperator): create_entry_group>, delete_entry_group already registered for DAG: example_complex
[2023-05-26T21:53:53.240+0400] {logging_mixin.py:149} INFO - [2023-05-26T21:53:53.240+0400] {taskmixin.py:211} WARNING - Dependency <Task(BashOperator): delete_entry_group>, create_entry_group already registered for DAG: example_complex
[2023-05-26T21:53:53.241+0400] {logging_mixin.py:149} INFO - [2023-05-26T21:53:53.241+0400] {taskmixin.py:211} WARNING - Dependency <Task(BashOperator): create_entry_gcs>, delete_entry already registered for DAG: example_complex
[2023-05-26T21:53:53.242+0400] {logging_mixin.py:149} INFO - [2023-05-26T21:53:53.241+0400] {taskmixin.py:211} WARNING - Dependency <Task(BashOperator): delete_entry>, create_entry_gcs already registered for DAG: example_complex
[2023-05-26T21:53:53.242+0400] {logging_mixin.py:149} INFO - [2023-05-26T21:53:53.242+0400] {taskmixin.py:211} WARNING - Dependency <Task(BashOperator): create_tag>, delete_tag already registered for DAG: example_complex
[2023-05-26T21:53:53.243+0400] {logging_mixin.py:149} INFO - [2023-05-26T21:53:53.242+0400] {taskmixin.py:211} WARNING - Dependency <Task(BashOperator): delete_tag>, create_tag already registered for DAG: example_complex
[2023-05-26T21:53:53.245+0400] {processor.py:836} INFO - DAG(s) dict_keys(['example_complex']) retrieved from /home/chinnu/.local/lib/python3.10/site-packages/airflow/example_dags/example_complex.py
[2023-05-26T21:53:53.325+0400] {logging_mixin.py:149} INFO - [2023-05-26T21:53:53.325+0400] {dag.py:2726} INFO - Sync 1 DAGs
[2023-05-26T21:53:53.355+0400] {logging_mixin.py:149} INFO - [2023-05-26T21:53:53.355+0400] {dag.py:3486} INFO - Setting next_dagrun for example_complex to None, run_after=None
[2023-05-26T21:53:53.426+0400] {processor.py:179} INFO - Processing /home/chinnu/.local/lib/python3.10/site-packages/airflow/example_dags/example_complex.py took 0.230 seconds
[2023-05-26T22:06:43.244+0400] {processor.py:157} INFO - Started process (PID=2552) to work on /home/chinnu/.local/lib/python3.10/site-packages/airflow/example_dags/example_complex.py
[2023-05-26T22:06:43.252+0400] {processor.py:826} INFO - Processing file /home/chinnu/.local/lib/python3.10/site-packages/airflow/example_dags/example_complex.py for tasks to queue
[2023-05-26T22:06:43.254+0400] {logging_mixin.py:149} INFO - [2023-05-26T22:06:43.253+0400] {dagbag.py:541} INFO - Filling up the DagBag from /home/chinnu/.local/lib/python3.10/site-packages/airflow/example_dags/example_complex.py
[2023-05-26T22:06:43.278+0400] {logging_mixin.py:149} INFO - [2023-05-26T22:06:43.278+0400] {taskmixin.py:211} WARNING - Dependency <Task(BashOperator): create_entry_group>, delete_entry_group already registered for DAG: example_complex
[2023-05-26T22:06:43.279+0400] {logging_mixin.py:149} INFO - [2023-05-26T22:06:43.278+0400] {taskmixin.py:211} WARNING - Dependency <Task(BashOperator): delete_entry_group>, create_entry_group already registered for DAG: example_complex
[2023-05-26T22:06:43.279+0400] {logging_mixin.py:149} INFO - [2023-05-26T22:06:43.279+0400] {taskmixin.py:211} WARNING - Dependency <Task(BashOperator): create_entry_gcs>, delete_entry already registered for DAG: example_complex
[2023-05-26T22:06:43.280+0400] {logging_mixin.py:149} INFO - [2023-05-26T22:06:43.279+0400] {taskmixin.py:211} WARNING - Dependency <Task(BashOperator): delete_entry>, create_entry_gcs already registered for DAG: example_complex
[2023-05-26T22:06:43.280+0400] {logging_mixin.py:149} INFO - [2023-05-26T22:06:43.280+0400] {taskmixin.py:211} WARNING - Dependency <Task(BashOperator): create_tag>, delete_tag already registered for DAG: example_complex
[2023-05-26T22:06:43.281+0400] {logging_mixin.py:149} INFO - [2023-05-26T22:06:43.280+0400] {taskmixin.py:211} WARNING - Dependency <Task(BashOperator): delete_tag>, create_tag already registered for DAG: example_complex
[2023-05-26T22:06:43.284+0400] {processor.py:836} INFO - DAG(s) dict_keys(['example_complex']) retrieved from /home/chinnu/.local/lib/python3.10/site-packages/airflow/example_dags/example_complex.py
[2023-05-26T22:06:43.361+0400] {logging_mixin.py:149} INFO - [2023-05-26T22:06:43.361+0400] {dag.py:2726} INFO - Sync 1 DAGs
[2023-05-26T22:06:43.574+0400] {logging_mixin.py:149} INFO - [2023-05-26T22:06:43.574+0400] {dag.py:3486} INFO - Setting next_dagrun for example_complex to None, run_after=None
[2023-05-26T22:06:43.611+0400] {processor.py:179} INFO - Processing /home/chinnu/.local/lib/python3.10/site-packages/airflow/example_dags/example_complex.py took 0.379 seconds
[2023-05-26T22:08:22.987+0400] {processor.py:157} INFO - Started process (PID=2619) to work on /home/chinnu/.local/lib/python3.10/site-packages/airflow/example_dags/example_complex.py
[2023-05-26T22:08:22.991+0400] {processor.py:826} INFO - Processing file /home/chinnu/.local/lib/python3.10/site-packages/airflow/example_dags/example_complex.py for tasks to queue
[2023-05-26T22:08:22.999+0400] {logging_mixin.py:149} INFO - [2023-05-26T22:08:22.998+0400] {dagbag.py:541} INFO - Filling up the DagBag from /home/chinnu/.local/lib/python3.10/site-packages/airflow/example_dags/example_complex.py
[2023-05-26T22:08:23.108+0400] {logging_mixin.py:149} INFO - [2023-05-26T22:08:23.107+0400] {taskmixin.py:211} WARNING - Dependency <Task(BashOperator): create_entry_group>, delete_entry_group already registered for DAG: example_complex
[2023-05-26T22:08:23.114+0400] {logging_mixin.py:149} INFO - [2023-05-26T22:08:23.108+0400] {taskmixin.py:211} WARNING - Dependency <Task(BashOperator): delete_entry_group>, create_entry_group already registered for DAG: example_complex
[2023-05-26T22:08:23.115+0400] {logging_mixin.py:149} INFO - [2023-05-26T22:08:23.115+0400] {taskmixin.py:211} WARNING - Dependency <Task(BashOperator): create_entry_gcs>, delete_entry already registered for DAG: example_complex
[2023-05-26T22:08:23.118+0400] {logging_mixin.py:149} INFO - [2023-05-26T22:08:23.116+0400] {taskmixin.py:211} WARNING - Dependency <Task(BashOperator): delete_entry>, create_entry_gcs already registered for DAG: example_complex
[2023-05-26T22:08:23.123+0400] {logging_mixin.py:149} INFO - [2023-05-26T22:08:23.122+0400] {taskmixin.py:211} WARNING - Dependency <Task(BashOperator): create_tag>, delete_tag already registered for DAG: example_complex
[2023-05-26T22:08:23.126+0400] {logging_mixin.py:149} INFO - [2023-05-26T22:08:23.125+0400] {taskmixin.py:211} WARNING - Dependency <Task(BashOperator): delete_tag>, create_tag already registered for DAG: example_complex
[2023-05-26T22:08:23.152+0400] {processor.py:836} INFO - DAG(s) dict_keys(['example_complex']) retrieved from /home/chinnu/.local/lib/python3.10/site-packages/airflow/example_dags/example_complex.py
[2023-05-26T22:08:23.727+0400] {logging_mixin.py:149} INFO - [2023-05-26T22:08:23.725+0400] {dag.py:2726} INFO - Sync 1 DAGs
[2023-05-26T22:08:23.867+0400] {logging_mixin.py:149} INFO - [2023-05-26T22:08:23.858+0400] {dag.py:3486} INFO - Setting next_dagrun for example_complex to None, run_after=None
[2023-05-26T22:08:24.015+0400] {processor.py:179} INFO - Processing /home/chinnu/.local/lib/python3.10/site-packages/airflow/example_dags/example_complex.py took 1.062 seconds
