[2023-05-26T19:38:33.261+0400] {processor.py:157} INFO - Started process (PID=204) to work on /home/chinnu/.local/lib/python3.10/site-packages/airflow/example_dags/example_xcomargs.py
[2023-05-26T19:38:33.264+0400] {processor.py:826} INFO - Processing file /home/chinnu/.local/lib/python3.10/site-packages/airflow/example_dags/example_xcomargs.py for tasks to queue
[2023-05-26T19:38:33.266+0400] {logging_mixin.py:149} INFO - [2023-05-26T19:38:33.266+0400] {dagbag.py:541} INFO - Filling up the DagBag from /home/chinnu/.local/lib/python3.10/site-packages/airflow/example_dags/example_xcomargs.py
[2023-05-26T19:38:33.288+0400] {processor.py:836} INFO - DAG(s) dict_keys(['example_xcom_args_with_operators', 'example_xcom_args']) retrieved from /home/chinnu/.local/lib/python3.10/site-packages/airflow/example_dags/example_xcomargs.py
[2023-05-26T19:38:33.330+0400] {logging_mixin.py:149} INFO - [2023-05-26T19:38:33.330+0400] {dag.py:2726} INFO - Sync 2 DAGs
[2023-05-26T19:38:33.352+0400] {logging_mixin.py:149} INFO - [2023-05-26T19:38:33.352+0400] {dag.py:3486} INFO - Setting next_dagrun for example_xcom_args to None, run_after=None
[2023-05-26T19:38:33.356+0400] {logging_mixin.py:149} INFO - [2023-05-26T19:38:33.355+0400] {dag.py:3486} INFO - Setting next_dagrun for example_xcom_args_with_operators to None, run_after=None
[2023-05-26T19:38:33.394+0400] {processor.py:179} INFO - Processing /home/chinnu/.local/lib/python3.10/site-packages/airflow/example_dags/example_xcomargs.py took 0.143 seconds
[2023-05-26T19:39:31.160+0400] {processor.py:157} INFO - Started process (PID=255) to work on /home/chinnu/.local/lib/python3.10/site-packages/airflow/example_dags/example_xcomargs.py
[2023-05-26T19:39:31.162+0400] {processor.py:826} INFO - Processing file /home/chinnu/.local/lib/python3.10/site-packages/airflow/example_dags/example_xcomargs.py for tasks to queue
[2023-05-26T19:39:31.163+0400] {logging_mixin.py:149} INFO - [2023-05-26T19:39:31.163+0400] {dagbag.py:541} INFO - Filling up the DagBag from /home/chinnu/.local/lib/python3.10/site-packages/airflow/example_dags/example_xcomargs.py
[2023-05-26T19:39:31.182+0400] {processor.py:836} INFO - DAG(s) dict_keys(['example_xcom_args_with_operators', 'example_xcom_args']) retrieved from /home/chinnu/.local/lib/python3.10/site-packages/airflow/example_dags/example_xcomargs.py
[2023-05-26T19:39:31.232+0400] {logging_mixin.py:149} INFO - [2023-05-26T19:39:31.232+0400] {dag.py:2726} INFO - Sync 2 DAGs
[2023-05-26T19:39:31.258+0400] {logging_mixin.py:149} INFO - [2023-05-26T19:39:31.257+0400] {dag.py:3486} INFO - Setting next_dagrun for example_xcom_args to None, run_after=None
[2023-05-26T19:39:31.261+0400] {logging_mixin.py:149} INFO - [2023-05-26T19:39:31.261+0400] {dag.py:3486} INFO - Setting next_dagrun for example_xcom_args_with_operators to None, run_after=None
[2023-05-26T19:39:31.315+0400] {processor.py:179} INFO - Processing /home/chinnu/.local/lib/python3.10/site-packages/airflow/example_dags/example_xcomargs.py took 0.168 seconds
[2023-05-26T19:40:21.313+0400] {processor.py:157} INFO - Started process (PID=815) to work on /home/chinnu/.local/lib/python3.10/site-packages/airflow/example_dags/example_xcomargs.py
[2023-05-26T19:40:21.316+0400] {processor.py:826} INFO - Processing file /home/chinnu/.local/lib/python3.10/site-packages/airflow/example_dags/example_xcomargs.py for tasks to queue
[2023-05-26T19:40:21.318+0400] {logging_mixin.py:149} INFO - [2023-05-26T19:40:21.317+0400] {dagbag.py:541} INFO - Filling up the DagBag from /home/chinnu/.local/lib/python3.10/site-packages/airflow/example_dags/example_xcomargs.py
[2023-05-26T19:40:21.339+0400] {processor.py:836} INFO - DAG(s) dict_keys(['example_xcom_args_with_operators', 'example_xcom_args']) retrieved from /home/chinnu/.local/lib/python3.10/site-packages/airflow/example_dags/example_xcomargs.py
[2023-05-26T19:40:21.377+0400] {logging_mixin.py:149} INFO - [2023-05-26T19:40:21.377+0400] {dag.py:2726} INFO - Sync 2 DAGs
[2023-05-26T19:40:21.397+0400] {logging_mixin.py:149} INFO - [2023-05-26T19:40:21.397+0400] {dag.py:3486} INFO - Setting next_dagrun for example_xcom_args to None, run_after=None
[2023-05-26T19:40:21.401+0400] {logging_mixin.py:149} INFO - [2023-05-26T19:40:21.400+0400] {dag.py:3486} INFO - Setting next_dagrun for example_xcom_args_with_operators to None, run_after=None
[2023-05-26T19:40:21.425+0400] {processor.py:179} INFO - Processing /home/chinnu/.local/lib/python3.10/site-packages/airflow/example_dags/example_xcomargs.py took 0.126 seconds
[2023-05-26T19:41:30.615+0400] {processor.py:157} INFO - Started process (PID=877) to work on /home/chinnu/.local/lib/python3.10/site-packages/airflow/example_dags/example_xcomargs.py
[2023-05-26T19:41:30.621+0400] {processor.py:826} INFO - Processing file /home/chinnu/.local/lib/python3.10/site-packages/airflow/example_dags/example_xcomargs.py for tasks to queue
[2023-05-26T19:41:30.625+0400] {logging_mixin.py:149} INFO - [2023-05-26T19:41:30.624+0400] {dagbag.py:541} INFO - Filling up the DagBag from /home/chinnu/.local/lib/python3.10/site-packages/airflow/example_dags/example_xcomargs.py
[2023-05-26T19:41:30.709+0400] {processor.py:836} INFO - DAG(s) dict_keys(['example_xcom_args_with_operators', 'example_xcom_args']) retrieved from /home/chinnu/.local/lib/python3.10/site-packages/airflow/example_dags/example_xcomargs.py
[2023-05-26T19:41:30.816+0400] {logging_mixin.py:149} INFO - [2023-05-26T19:41:30.816+0400] {dag.py:2726} INFO - Sync 2 DAGs
[2023-05-26T19:41:30.854+0400] {logging_mixin.py:149} INFO - [2023-05-26T19:41:30.854+0400] {dag.py:3486} INFO - Setting next_dagrun for example_xcom_args to None, run_after=None
[2023-05-26T19:41:30.861+0400] {logging_mixin.py:149} INFO - [2023-05-26T19:41:30.860+0400] {dag.py:3486} INFO - Setting next_dagrun for example_xcom_args_with_operators to None, run_after=None
[2023-05-26T19:41:30.903+0400] {processor.py:179} INFO - Processing /home/chinnu/.local/lib/python3.10/site-packages/airflow/example_dags/example_xcomargs.py took 0.311 seconds
[2023-05-26T19:42:59.078+0400] {processor.py:157} INFO - Started process (PID=1470) to work on /home/chinnu/.local/lib/python3.10/site-packages/airflow/example_dags/example_xcomargs.py
[2023-05-26T19:42:59.080+0400] {processor.py:826} INFO - Processing file /home/chinnu/.local/lib/python3.10/site-packages/airflow/example_dags/example_xcomargs.py for tasks to queue
[2023-05-26T19:42:59.083+0400] {logging_mixin.py:149} INFO - [2023-05-26T19:42:59.082+0400] {dagbag.py:541} INFO - Filling up the DagBag from /home/chinnu/.local/lib/python3.10/site-packages/airflow/example_dags/example_xcomargs.py
[2023-05-26T19:42:59.112+0400] {processor.py:836} INFO - DAG(s) dict_keys(['example_xcom_args', 'example_xcom_args_with_operators']) retrieved from /home/chinnu/.local/lib/python3.10/site-packages/airflow/example_dags/example_xcomargs.py
[2023-05-26T19:42:59.176+0400] {logging_mixin.py:149} INFO - [2023-05-26T19:42:59.175+0400] {dag.py:2726} INFO - Sync 2 DAGs
[2023-05-26T19:42:59.471+0400] {logging_mixin.py:149} INFO - [2023-05-26T19:42:59.471+0400] {dag.py:3486} INFO - Setting next_dagrun for example_xcom_args to None, run_after=None
[2023-05-26T19:42:59.475+0400] {logging_mixin.py:149} INFO - [2023-05-26T19:42:59.475+0400] {dag.py:3486} INFO - Setting next_dagrun for example_xcom_args_with_operators to None, run_after=None
[2023-05-26T19:42:59.507+0400] {processor.py:179} INFO - Processing /home/chinnu/.local/lib/python3.10/site-packages/airflow/example_dags/example_xcomargs.py took 0.444 seconds
[2023-05-26T19:44:13.205+0400] {processor.py:157} INFO - Started process (PID=1530) to work on /home/chinnu/.local/lib/python3.10/site-packages/airflow/example_dags/example_xcomargs.py
[2023-05-26T19:44:13.209+0400] {processor.py:826} INFO - Processing file /home/chinnu/.local/lib/python3.10/site-packages/airflow/example_dags/example_xcomargs.py for tasks to queue
[2023-05-26T19:44:13.212+0400] {logging_mixin.py:149} INFO - [2023-05-26T19:44:13.210+0400] {dagbag.py:541} INFO - Filling up the DagBag from /home/chinnu/.local/lib/python3.10/site-packages/airflow/example_dags/example_xcomargs.py
[2023-05-26T19:44:13.242+0400] {processor.py:836} INFO - DAG(s) dict_keys(['example_xcom_args', 'example_xcom_args_with_operators']) retrieved from /home/chinnu/.local/lib/python3.10/site-packages/airflow/example_dags/example_xcomargs.py
[2023-05-26T19:44:13.297+0400] {logging_mixin.py:149} INFO - [2023-05-26T19:44:13.297+0400] {dag.py:2726} INFO - Sync 2 DAGs
[2023-05-26T19:44:13.347+0400] {logging_mixin.py:149} INFO - [2023-05-26T19:44:13.347+0400] {dag.py:3486} INFO - Setting next_dagrun for example_xcom_args to None, run_after=None
[2023-05-26T19:44:13.354+0400] {logging_mixin.py:149} INFO - [2023-05-26T19:44:13.354+0400] {dag.py:3486} INFO - Setting next_dagrun for example_xcom_args_with_operators to None, run_after=None
[2023-05-26T19:44:13.398+0400] {processor.py:179} INFO - Processing /home/chinnu/.local/lib/python3.10/site-packages/airflow/example_dags/example_xcomargs.py took 0.207 seconds
[2023-05-26T19:45:17.145+0400] {processor.py:157} INFO - Started process (PID=1582) to work on /home/chinnu/.local/lib/python3.10/site-packages/airflow/example_dags/example_xcomargs.py
[2023-05-26T19:45:17.148+0400] {processor.py:826} INFO - Processing file /home/chinnu/.local/lib/python3.10/site-packages/airflow/example_dags/example_xcomargs.py for tasks to queue
[2023-05-26T19:45:17.150+0400] {logging_mixin.py:149} INFO - [2023-05-26T19:45:17.150+0400] {dagbag.py:541} INFO - Filling up the DagBag from /home/chinnu/.local/lib/python3.10/site-packages/airflow/example_dags/example_xcomargs.py
[2023-05-26T19:45:17.169+0400] {processor.py:836} INFO - DAG(s) dict_keys(['example_xcom_args_with_operators', 'example_xcom_args']) retrieved from /home/chinnu/.local/lib/python3.10/site-packages/airflow/example_dags/example_xcomargs.py
[2023-05-26T19:45:17.223+0400] {logging_mixin.py:149} INFO - [2023-05-26T19:45:17.222+0400] {dag.py:2726} INFO - Sync 2 DAGs
[2023-05-26T19:45:17.251+0400] {logging_mixin.py:149} INFO - [2023-05-26T19:45:17.251+0400] {dag.py:3486} INFO - Setting next_dagrun for example_xcom_args to None, run_after=None
[2023-05-26T19:45:17.257+0400] {logging_mixin.py:149} INFO - [2023-05-26T19:45:17.256+0400] {dag.py:3486} INFO - Setting next_dagrun for example_xcom_args_with_operators to None, run_after=None
[2023-05-26T19:45:17.287+0400] {processor.py:179} INFO - Processing /home/chinnu/.local/lib/python3.10/site-packages/airflow/example_dags/example_xcomargs.py took 0.155 seconds
[2023-05-26T19:46:15.401+0400] {processor.py:157} INFO - Started process (PID=1633) to work on /home/chinnu/.local/lib/python3.10/site-packages/airflow/example_dags/example_xcomargs.py
[2023-05-26T19:46:15.403+0400] {processor.py:826} INFO - Processing file /home/chinnu/.local/lib/python3.10/site-packages/airflow/example_dags/example_xcomargs.py for tasks to queue
[2023-05-26T19:46:15.405+0400] {logging_mixin.py:149} INFO - [2023-05-26T19:46:15.405+0400] {dagbag.py:541} INFO - Filling up the DagBag from /home/chinnu/.local/lib/python3.10/site-packages/airflow/example_dags/example_xcomargs.py
[2023-05-26T19:46:15.424+0400] {processor.py:836} INFO - DAG(s) dict_keys(['example_xcom_args', 'example_xcom_args_with_operators']) retrieved from /home/chinnu/.local/lib/python3.10/site-packages/airflow/example_dags/example_xcomargs.py
[2023-05-26T19:46:15.476+0400] {logging_mixin.py:149} INFO - [2023-05-26T19:46:15.476+0400] {dag.py:2726} INFO - Sync 2 DAGs
[2023-05-26T19:46:15.502+0400] {logging_mixin.py:149} INFO - [2023-05-26T19:46:15.502+0400] {dag.py:3486} INFO - Setting next_dagrun for example_xcom_args to None, run_after=None
[2023-05-26T19:46:15.506+0400] {logging_mixin.py:149} INFO - [2023-05-26T19:46:15.506+0400] {dag.py:3486} INFO - Setting next_dagrun for example_xcom_args_with_operators to None, run_after=None
[2023-05-26T19:46:15.541+0400] {processor.py:179} INFO - Processing /home/chinnu/.local/lib/python3.10/site-packages/airflow/example_dags/example_xcomargs.py took 0.148 seconds
[2023-05-26T19:48:01.257+0400] {processor.py:157} INFO - Started process (PID=1684) to work on /home/chinnu/.local/lib/python3.10/site-packages/airflow/example_dags/example_xcomargs.py
[2023-05-26T19:48:01.261+0400] {processor.py:826} INFO - Processing file /home/chinnu/.local/lib/python3.10/site-packages/airflow/example_dags/example_xcomargs.py for tasks to queue
[2023-05-26T19:48:01.262+0400] {logging_mixin.py:149} INFO - [2023-05-26T19:48:01.262+0400] {dagbag.py:541} INFO - Filling up the DagBag from /home/chinnu/.local/lib/python3.10/site-packages/airflow/example_dags/example_xcomargs.py
[2023-05-26T19:48:01.285+0400] {processor.py:836} INFO - DAG(s) dict_keys(['example_xcom_args_with_operators', 'example_xcom_args']) retrieved from /home/chinnu/.local/lib/python3.10/site-packages/airflow/example_dags/example_xcomargs.py
[2023-05-26T19:48:01.330+0400] {logging_mixin.py:149} INFO - [2023-05-26T19:48:01.330+0400] {dag.py:2726} INFO - Sync 2 DAGs
[2023-05-26T19:48:01.353+0400] {logging_mixin.py:149} INFO - [2023-05-26T19:48:01.353+0400] {dag.py:3486} INFO - Setting next_dagrun for example_xcom_args to None, run_after=None
[2023-05-26T19:48:01.356+0400] {logging_mixin.py:149} INFO - [2023-05-26T19:48:01.356+0400] {dag.py:3486} INFO - Setting next_dagrun for example_xcom_args_with_operators to None, run_after=None
[2023-05-26T19:48:01.384+0400] {processor.py:179} INFO - Processing /home/chinnu/.local/lib/python3.10/site-packages/airflow/example_dags/example_xcomargs.py took 0.138 seconds
[2023-05-26T21:05:22.060+0400] {processor.py:157} INFO - Started process (PID=68) to work on /home/chinnu/.local/lib/python3.10/site-packages/airflow/example_dags/example_xcomargs.py
[2023-05-26T21:05:22.064+0400] {processor.py:826} INFO - Processing file /home/chinnu/.local/lib/python3.10/site-packages/airflow/example_dags/example_xcomargs.py for tasks to queue
[2023-05-26T21:05:22.067+0400] {logging_mixin.py:149} INFO - [2023-05-26T21:05:22.067+0400] {dagbag.py:541} INFO - Filling up the DagBag from /home/chinnu/.local/lib/python3.10/site-packages/airflow/example_dags/example_xcomargs.py
[2023-05-26T21:05:22.114+0400] {processor.py:836} INFO - DAG(s) dict_keys(['example_xcom_args_with_operators', 'example_xcom_args']) retrieved from /home/chinnu/.local/lib/python3.10/site-packages/airflow/example_dags/example_xcomargs.py
[2023-05-26T21:05:22.214+0400] {logging_mixin.py:149} INFO - [2023-05-26T21:05:22.214+0400] {dag.py:2726} INFO - Sync 2 DAGs
[2023-05-26T21:05:22.261+0400] {logging_mixin.py:149} INFO - [2023-05-26T21:05:22.261+0400] {dag.py:3486} INFO - Setting next_dagrun for example_xcom_args to None, run_after=None
[2023-05-26T21:05:22.266+0400] {logging_mixin.py:149} INFO - [2023-05-26T21:05:22.265+0400] {dag.py:3486} INFO - Setting next_dagrun for example_xcom_args_with_operators to None, run_after=None
[2023-05-26T21:05:22.304+0400] {processor.py:179} INFO - Processing /home/chinnu/.local/lib/python3.10/site-packages/airflow/example_dags/example_xcomargs.py took 0.261 seconds
[2023-05-26T21:06:24.115+0400] {processor.py:157} INFO - Started process (PID=118) to work on /home/chinnu/.local/lib/python3.10/site-packages/airflow/example_dags/example_xcomargs.py
[2023-05-26T21:06:24.117+0400] {processor.py:826} INFO - Processing file /home/chinnu/.local/lib/python3.10/site-packages/airflow/example_dags/example_xcomargs.py for tasks to queue
[2023-05-26T21:06:24.118+0400] {logging_mixin.py:149} INFO - [2023-05-26T21:06:24.118+0400] {dagbag.py:541} INFO - Filling up the DagBag from /home/chinnu/.local/lib/python3.10/site-packages/airflow/example_dags/example_xcomargs.py
[2023-05-26T21:06:24.133+0400] {processor.py:836} INFO - DAG(s) dict_keys(['example_xcom_args', 'example_xcom_args_with_operators']) retrieved from /home/chinnu/.local/lib/python3.10/site-packages/airflow/example_dags/example_xcomargs.py
[2023-05-26T21:06:24.169+0400] {logging_mixin.py:149} INFO - [2023-05-26T21:06:24.169+0400] {dag.py:2726} INFO - Sync 2 DAGs
[2023-05-26T21:06:24.361+0400] {logging_mixin.py:149} INFO - [2023-05-26T21:06:24.361+0400] {dag.py:3486} INFO - Setting next_dagrun for example_xcom_args to None, run_after=None
[2023-05-26T21:06:24.364+0400] {logging_mixin.py:149} INFO - [2023-05-26T21:06:24.364+0400] {dag.py:3486} INFO - Setting next_dagrun for example_xcom_args_with_operators to None, run_after=None
[2023-05-26T21:06:24.402+0400] {processor.py:179} INFO - Processing /home/chinnu/.local/lib/python3.10/site-packages/airflow/example_dags/example_xcomargs.py took 0.293 seconds
[2023-05-26T21:09:47.964+0400] {processor.py:157} INFO - Started process (PID=1844) to work on /home/chinnu/.local/lib/python3.10/site-packages/airflow/example_dags/example_xcomargs.py
[2023-05-26T21:09:47.970+0400] {processor.py:826} INFO - Processing file /home/chinnu/.local/lib/python3.10/site-packages/airflow/example_dags/example_xcomargs.py for tasks to queue
[2023-05-26T21:09:47.973+0400] {logging_mixin.py:149} INFO - [2023-05-26T21:09:47.973+0400] {dagbag.py:541} INFO - Filling up the DagBag from /home/chinnu/.local/lib/python3.10/site-packages/airflow/example_dags/example_xcomargs.py
[2023-05-26T21:09:48.036+0400] {processor.py:836} INFO - DAG(s) dict_keys(['example_xcom_args', 'example_xcom_args_with_operators']) retrieved from /home/chinnu/.local/lib/python3.10/site-packages/airflow/example_dags/example_xcomargs.py
[2023-05-26T21:09:48.143+0400] {logging_mixin.py:149} INFO - [2023-05-26T21:09:48.143+0400] {dag.py:2726} INFO - Sync 2 DAGs
[2023-05-26T21:09:48.199+0400] {logging_mixin.py:149} INFO - [2023-05-26T21:09:48.199+0400] {dag.py:3486} INFO - Setting next_dagrun for example_xcom_args to None, run_after=None
[2023-05-26T21:09:48.206+0400] {logging_mixin.py:149} INFO - [2023-05-26T21:09:48.205+0400] {dag.py:3486} INFO - Setting next_dagrun for example_xcom_args_with_operators to None, run_after=None
[2023-05-26T21:09:48.251+0400] {processor.py:179} INFO - Processing /home/chinnu/.local/lib/python3.10/site-packages/airflow/example_dags/example_xcomargs.py took 0.310 seconds
[2023-05-26T21:10:28.879+0400] {processor.py:157} INFO - Started process (PID=1903) to work on /home/chinnu/.local/lib/python3.10/site-packages/airflow/example_dags/example_xcomargs.py
[2023-05-26T21:10:28.882+0400] {processor.py:826} INFO - Processing file /home/chinnu/.local/lib/python3.10/site-packages/airflow/example_dags/example_xcomargs.py for tasks to queue
[2023-05-26T21:10:28.884+0400] {logging_mixin.py:149} INFO - [2023-05-26T21:10:28.883+0400] {dagbag.py:541} INFO - Filling up the DagBag from /home/chinnu/.local/lib/python3.10/site-packages/airflow/example_dags/example_xcomargs.py
[2023-05-26T21:10:28.912+0400] {processor.py:836} INFO - DAG(s) dict_keys(['example_xcom_args', 'example_xcom_args_with_operators']) retrieved from /home/chinnu/.local/lib/python3.10/site-packages/airflow/example_dags/example_xcomargs.py
[2023-05-26T21:10:28.990+0400] {logging_mixin.py:149} INFO - [2023-05-26T21:10:28.990+0400] {dag.py:2726} INFO - Sync 2 DAGs
[2023-05-26T21:10:29.036+0400] {logging_mixin.py:149} INFO - [2023-05-26T21:10:29.036+0400] {dag.py:3486} INFO - Setting next_dagrun for example_xcom_args to None, run_after=None
[2023-05-26T21:10:29.042+0400] {logging_mixin.py:149} INFO - [2023-05-26T21:10:29.041+0400] {dag.py:3486} INFO - Setting next_dagrun for example_xcom_args_with_operators to None, run_after=None
[2023-05-26T21:10:29.085+0400] {processor.py:179} INFO - Processing /home/chinnu/.local/lib/python3.10/site-packages/airflow/example_dags/example_xcomargs.py took 0.213 seconds
[2023-05-26T21:11:35.251+0400] {processor.py:157} INFO - Started process (PID=1961) to work on /home/chinnu/.local/lib/python3.10/site-packages/airflow/example_dags/example_xcomargs.py
[2023-05-26T21:11:35.254+0400] {processor.py:826} INFO - Processing file /home/chinnu/.local/lib/python3.10/site-packages/airflow/example_dags/example_xcomargs.py for tasks to queue
[2023-05-26T21:11:35.255+0400] {logging_mixin.py:149} INFO - [2023-05-26T21:11:35.255+0400] {dagbag.py:541} INFO - Filling up the DagBag from /home/chinnu/.local/lib/python3.10/site-packages/airflow/example_dags/example_xcomargs.py
[2023-05-26T21:11:35.294+0400] {processor.py:836} INFO - DAG(s) dict_keys(['example_xcom_args', 'example_xcom_args_with_operators']) retrieved from /home/chinnu/.local/lib/python3.10/site-packages/airflow/example_dags/example_xcomargs.py
[2023-05-26T21:11:35.390+0400] {logging_mixin.py:149} INFO - [2023-05-26T21:11:35.389+0400] {dag.py:2726} INFO - Sync 2 DAGs
[2023-05-26T21:11:35.872+0400] {logging_mixin.py:149} INFO - [2023-05-26T21:11:35.871+0400] {dag.py:3486} INFO - Setting next_dagrun for example_xcom_args to None, run_after=None
[2023-05-26T21:11:35.891+0400] {logging_mixin.py:149} INFO - [2023-05-26T21:11:35.891+0400] {dag.py:3486} INFO - Setting next_dagrun for example_xcom_args_with_operators to None, run_after=None
[2023-05-26T21:11:36.011+0400] {processor.py:179} INFO - Processing /home/chinnu/.local/lib/python3.10/site-packages/airflow/example_dags/example_xcomargs.py took 0.770 seconds
[2023-05-26T21:12:34.277+0400] {processor.py:157} INFO - Started process (PID=2019) to work on /home/chinnu/.local/lib/python3.10/site-packages/airflow/example_dags/example_xcomargs.py
[2023-05-26T21:12:34.279+0400] {processor.py:826} INFO - Processing file /home/chinnu/.local/lib/python3.10/site-packages/airflow/example_dags/example_xcomargs.py for tasks to queue
[2023-05-26T21:12:34.280+0400] {logging_mixin.py:149} INFO - [2023-05-26T21:12:34.279+0400] {dagbag.py:541} INFO - Filling up the DagBag from /home/chinnu/.local/lib/python3.10/site-packages/airflow/example_dags/example_xcomargs.py
[2023-05-26T21:12:34.293+0400] {processor.py:836} INFO - DAG(s) dict_keys(['example_xcom_args', 'example_xcom_args_with_operators']) retrieved from /home/chinnu/.local/lib/python3.10/site-packages/airflow/example_dags/example_xcomargs.py
[2023-05-26T21:12:34.800+0400] {logging_mixin.py:149} INFO - [2023-05-26T21:12:34.800+0400] {dag.py:2726} INFO - Sync 2 DAGs
[2023-05-26T21:12:34.842+0400] {logging_mixin.py:149} INFO - [2023-05-26T21:12:34.841+0400] {dag.py:3486} INFO - Setting next_dagrun for example_xcom_args to None, run_after=None
[2023-05-26T21:12:34.849+0400] {logging_mixin.py:149} INFO - [2023-05-26T21:12:34.849+0400] {dag.py:3486} INFO - Setting next_dagrun for example_xcom_args_with_operators to None, run_after=None
[2023-05-26T21:12:34.894+0400] {processor.py:179} INFO - Processing /home/chinnu/.local/lib/python3.10/site-packages/airflow/example_dags/example_xcomargs.py took 0.623 seconds
[2023-05-26T21:13:14.563+0400] {processor.py:157} INFO - Started process (PID=2066) to work on /home/chinnu/.local/lib/python3.10/site-packages/airflow/example_dags/example_xcomargs.py
[2023-05-26T21:13:14.566+0400] {processor.py:826} INFO - Processing file /home/chinnu/.local/lib/python3.10/site-packages/airflow/example_dags/example_xcomargs.py for tasks to queue
[2023-05-26T21:13:14.567+0400] {logging_mixin.py:149} INFO - [2023-05-26T21:13:14.567+0400] {dagbag.py:541} INFO - Filling up the DagBag from /home/chinnu/.local/lib/python3.10/site-packages/airflow/example_dags/example_xcomargs.py
[2023-05-26T21:13:14.581+0400] {processor.py:836} INFO - DAG(s) dict_keys(['example_xcom_args_with_operators', 'example_xcom_args']) retrieved from /home/chinnu/.local/lib/python3.10/site-packages/airflow/example_dags/example_xcomargs.py
[2023-05-26T21:13:14.617+0400] {logging_mixin.py:149} INFO - [2023-05-26T21:13:14.617+0400] {dag.py:2726} INFO - Sync 2 DAGs
[2023-05-26T21:13:14.642+0400] {logging_mixin.py:149} INFO - [2023-05-26T21:13:14.641+0400] {dag.py:3486} INFO - Setting next_dagrun for example_xcom_args to None, run_after=None
[2023-05-26T21:13:14.645+0400] {logging_mixin.py:149} INFO - [2023-05-26T21:13:14.645+0400] {dag.py:3486} INFO - Setting next_dagrun for example_xcom_args_with_operators to None, run_after=None
[2023-05-26T21:13:14.675+0400] {processor.py:179} INFO - Processing /home/chinnu/.local/lib/python3.10/site-packages/airflow/example_dags/example_xcomargs.py took 0.117 seconds
[2023-05-26T21:13:58.260+0400] {processor.py:157} INFO - Started process (PID=2117) to work on /home/chinnu/.local/lib/python3.10/site-packages/airflow/example_dags/example_xcomargs.py
[2023-05-26T21:13:58.262+0400] {processor.py:826} INFO - Processing file /home/chinnu/.local/lib/python3.10/site-packages/airflow/example_dags/example_xcomargs.py for tasks to queue
[2023-05-26T21:13:58.263+0400] {logging_mixin.py:149} INFO - [2023-05-26T21:13:58.263+0400] {dagbag.py:541} INFO - Filling up the DagBag from /home/chinnu/.local/lib/python3.10/site-packages/airflow/example_dags/example_xcomargs.py
[2023-05-26T21:13:58.281+0400] {processor.py:836} INFO - DAG(s) dict_keys(['example_xcom_args', 'example_xcom_args_with_operators']) retrieved from /home/chinnu/.local/lib/python3.10/site-packages/airflow/example_dags/example_xcomargs.py
[2023-05-26T21:13:58.321+0400] {logging_mixin.py:149} INFO - [2023-05-26T21:13:58.321+0400] {dag.py:2726} INFO - Sync 2 DAGs
[2023-05-26T21:13:58.344+0400] {logging_mixin.py:149} INFO - [2023-05-26T21:13:58.344+0400] {dag.py:3486} INFO - Setting next_dagrun for example_xcom_args to None, run_after=None
[2023-05-26T21:13:58.348+0400] {logging_mixin.py:149} INFO - [2023-05-26T21:13:58.348+0400] {dag.py:3486} INFO - Setting next_dagrun for example_xcom_args_with_operators to None, run_after=None
[2023-05-26T21:13:58.376+0400] {processor.py:179} INFO - Processing /home/chinnu/.local/lib/python3.10/site-packages/airflow/example_dags/example_xcomargs.py took 0.125 seconds
[2023-05-26T21:14:40.803+0400] {processor.py:157} INFO - Started process (PID=2167) to work on /home/chinnu/.local/lib/python3.10/site-packages/airflow/example_dags/example_xcomargs.py
[2023-05-26T21:14:40.806+0400] {processor.py:826} INFO - Processing file /home/chinnu/.local/lib/python3.10/site-packages/airflow/example_dags/example_xcomargs.py for tasks to queue
[2023-05-26T21:14:40.807+0400] {logging_mixin.py:149} INFO - [2023-05-26T21:14:40.806+0400] {dagbag.py:541} INFO - Filling up the DagBag from /home/chinnu/.local/lib/python3.10/site-packages/airflow/example_dags/example_xcomargs.py
[2023-05-26T21:14:40.825+0400] {processor.py:836} INFO - DAG(s) dict_keys(['example_xcom_args', 'example_xcom_args_with_operators']) retrieved from /home/chinnu/.local/lib/python3.10/site-packages/airflow/example_dags/example_xcomargs.py
[2023-05-26T21:14:40.878+0400] {logging_mixin.py:149} INFO - [2023-05-26T21:14:40.878+0400] {dag.py:2726} INFO - Sync 2 DAGs
[2023-05-26T21:14:40.909+0400] {logging_mixin.py:149} INFO - [2023-05-26T21:14:40.909+0400] {dag.py:3486} INFO - Setting next_dagrun for example_xcom_args to None, run_after=None
[2023-05-26T21:14:40.912+0400] {logging_mixin.py:149} INFO - [2023-05-26T21:14:40.912+0400] {dag.py:3486} INFO - Setting next_dagrun for example_xcom_args_with_operators to None, run_after=None
[2023-05-26T21:14:40.948+0400] {processor.py:179} INFO - Processing /home/chinnu/.local/lib/python3.10/site-packages/airflow/example_dags/example_xcomargs.py took 0.159 seconds
[2023-05-26T21:15:23.372+0400] {processor.py:157} INFO - Started process (PID=9418) to work on /home/chinnu/.local/lib/python3.10/site-packages/airflow/example_dags/example_xcomargs.py
[2023-05-26T21:15:23.375+0400] {processor.py:826} INFO - Processing file /home/chinnu/.local/lib/python3.10/site-packages/airflow/example_dags/example_xcomargs.py for tasks to queue
[2023-05-26T21:15:23.377+0400] {logging_mixin.py:149} INFO - [2023-05-26T21:15:23.377+0400] {dagbag.py:541} INFO - Filling up the DagBag from /home/chinnu/.local/lib/python3.10/site-packages/airflow/example_dags/example_xcomargs.py
[2023-05-26T21:15:23.399+0400] {processor.py:836} INFO - DAG(s) dict_keys(['example_xcom_args_with_operators', 'example_xcom_args']) retrieved from /home/chinnu/.local/lib/python3.10/site-packages/airflow/example_dags/example_xcomargs.py
[2023-05-26T21:15:23.462+0400] {logging_mixin.py:149} INFO - [2023-05-26T21:15:23.462+0400] {dag.py:2726} INFO - Sync 2 DAGs
[2023-05-26T21:15:23.503+0400] {logging_mixin.py:149} INFO - [2023-05-26T21:15:23.503+0400] {dag.py:3486} INFO - Setting next_dagrun for example_xcom_args to None, run_after=None
[2023-05-26T21:15:23.513+0400] {logging_mixin.py:149} INFO - [2023-05-26T21:15:23.512+0400] {dag.py:3486} INFO - Setting next_dagrun for example_xcom_args_with_operators to None, run_after=None
[2023-05-26T21:15:23.565+0400] {processor.py:179} INFO - Processing /home/chinnu/.local/lib/python3.10/site-packages/airflow/example_dags/example_xcomargs.py took 0.203 seconds
[2023-05-26T21:16:00.490+0400] {processor.py:157} INFO - Started process (PID=9471) to work on /home/chinnu/.local/lib/python3.10/site-packages/airflow/example_dags/example_xcomargs.py
[2023-05-26T21:16:00.492+0400] {processor.py:826} INFO - Processing file /home/chinnu/.local/lib/python3.10/site-packages/airflow/example_dags/example_xcomargs.py for tasks to queue
[2023-05-26T21:16:00.494+0400] {logging_mixin.py:149} INFO - [2023-05-26T21:16:00.493+0400] {dagbag.py:541} INFO - Filling up the DagBag from /home/chinnu/.local/lib/python3.10/site-packages/airflow/example_dags/example_xcomargs.py
[2023-05-26T21:16:00.516+0400] {processor.py:836} INFO - DAG(s) dict_keys(['example_xcom_args', 'example_xcom_args_with_operators']) retrieved from /home/chinnu/.local/lib/python3.10/site-packages/airflow/example_dags/example_xcomargs.py
[2023-05-26T21:16:00.579+0400] {logging_mixin.py:149} INFO - [2023-05-26T21:16:00.578+0400] {dag.py:2726} INFO - Sync 2 DAGs
[2023-05-26T21:16:00.619+0400] {logging_mixin.py:149} INFO - [2023-05-26T21:16:00.619+0400] {dag.py:3486} INFO - Setting next_dagrun for example_xcom_args to None, run_after=None
[2023-05-26T21:16:00.625+0400] {logging_mixin.py:149} INFO - [2023-05-26T21:16:00.625+0400] {dag.py:3486} INFO - Setting next_dagrun for example_xcom_args_with_operators to None, run_after=None
[2023-05-26T21:16:00.668+0400] {processor.py:179} INFO - Processing /home/chinnu/.local/lib/python3.10/site-packages/airflow/example_dags/example_xcomargs.py took 0.191 seconds
[2023-05-26T21:17:14.609+0400] {processor.py:157} INFO - Started process (PID=16752) to work on /home/chinnu/.local/lib/python3.10/site-packages/airflow/example_dags/example_xcomargs.py
[2023-05-26T21:17:14.612+0400] {processor.py:826} INFO - Processing file /home/chinnu/.local/lib/python3.10/site-packages/airflow/example_dags/example_xcomargs.py for tasks to queue
[2023-05-26T21:17:14.614+0400] {logging_mixin.py:149} INFO - [2023-05-26T21:17:14.614+0400] {dagbag.py:541} INFO - Filling up the DagBag from /home/chinnu/.local/lib/python3.10/site-packages/airflow/example_dags/example_xcomargs.py
[2023-05-26T21:17:14.644+0400] {processor.py:836} INFO - DAG(s) dict_keys(['example_xcom_args', 'example_xcom_args_with_operators']) retrieved from /home/chinnu/.local/lib/python3.10/site-packages/airflow/example_dags/example_xcomargs.py
[2023-05-26T21:17:14.717+0400] {logging_mixin.py:149} INFO - [2023-05-26T21:17:14.716+0400] {dag.py:2726} INFO - Sync 2 DAGs
[2023-05-26T21:17:14.749+0400] {logging_mixin.py:149} INFO - [2023-05-26T21:17:14.749+0400] {dag.py:3486} INFO - Setting next_dagrun for example_xcom_args to None, run_after=None
[2023-05-26T21:17:14.754+0400] {logging_mixin.py:149} INFO - [2023-05-26T21:17:14.754+0400] {dag.py:3486} INFO - Setting next_dagrun for example_xcom_args_with_operators to None, run_after=None
[2023-05-26T21:17:14.791+0400] {processor.py:179} INFO - Processing /home/chinnu/.local/lib/python3.10/site-packages/airflow/example_dags/example_xcomargs.py took 0.195 seconds
[2023-05-26T21:17:56.821+0400] {processor.py:157} INFO - Started process (PID=16802) to work on /home/chinnu/.local/lib/python3.10/site-packages/airflow/example_dags/example_xcomargs.py
[2023-05-26T21:17:56.826+0400] {processor.py:826} INFO - Processing file /home/chinnu/.local/lib/python3.10/site-packages/airflow/example_dags/example_xcomargs.py for tasks to queue
[2023-05-26T21:17:56.828+0400] {logging_mixin.py:149} INFO - [2023-05-26T21:17:56.828+0400] {dagbag.py:541} INFO - Filling up the DagBag from /home/chinnu/.local/lib/python3.10/site-packages/airflow/example_dags/example_xcomargs.py
[2023-05-26T21:17:56.867+0400] {processor.py:836} INFO - DAG(s) dict_keys(['example_xcom_args_with_operators', 'example_xcom_args']) retrieved from /home/chinnu/.local/lib/python3.10/site-packages/airflow/example_dags/example_xcomargs.py
[2023-05-26T21:17:56.946+0400] {logging_mixin.py:149} INFO - [2023-05-26T21:17:56.945+0400] {dag.py:2726} INFO - Sync 2 DAGs
[2023-05-26T21:17:56.977+0400] {logging_mixin.py:149} INFO - [2023-05-26T21:17:56.977+0400] {dag.py:3486} INFO - Setting next_dagrun for example_xcom_args to None, run_after=None
[2023-05-26T21:17:56.981+0400] {logging_mixin.py:149} INFO - [2023-05-26T21:17:56.981+0400] {dag.py:3486} INFO - Setting next_dagrun for example_xcom_args_with_operators to None, run_after=None
[2023-05-26T21:17:57.034+0400] {processor.py:179} INFO - Processing /home/chinnu/.local/lib/python3.10/site-packages/airflow/example_dags/example_xcomargs.py took 0.230 seconds
[2023-05-26T21:18:50.984+0400] {processor.py:157} INFO - Started process (PID=16839) to work on /home/chinnu/.local/lib/python3.10/site-packages/airflow/example_dags/example_xcomargs.py
[2023-05-26T21:18:50.987+0400] {processor.py:826} INFO - Processing file /home/chinnu/.local/lib/python3.10/site-packages/airflow/example_dags/example_xcomargs.py for tasks to queue
[2023-05-26T21:18:50.990+0400] {logging_mixin.py:149} INFO - [2023-05-26T21:18:50.990+0400] {dagbag.py:541} INFO - Filling up the DagBag from /home/chinnu/.local/lib/python3.10/site-packages/airflow/example_dags/example_xcomargs.py
[2023-05-26T21:18:51.019+0400] {processor.py:836} INFO - DAG(s) dict_keys(['example_xcom_args_with_operators', 'example_xcom_args']) retrieved from /home/chinnu/.local/lib/python3.10/site-packages/airflow/example_dags/example_xcomargs.py
[2023-05-26T21:18:51.086+0400] {logging_mixin.py:149} INFO - [2023-05-26T21:18:51.085+0400] {dag.py:2726} INFO - Sync 2 DAGs
[2023-05-26T21:18:51.121+0400] {logging_mixin.py:149} INFO - [2023-05-26T21:18:51.120+0400] {dag.py:3486} INFO - Setting next_dagrun for example_xcom_args to None, run_after=None
[2023-05-26T21:18:51.126+0400] {logging_mixin.py:149} INFO - [2023-05-26T21:18:51.126+0400] {dag.py:3486} INFO - Setting next_dagrun for example_xcom_args_with_operators to None, run_after=None
[2023-05-26T21:18:51.163+0400] {processor.py:179} INFO - Processing /home/chinnu/.local/lib/python3.10/site-packages/airflow/example_dags/example_xcomargs.py took 0.189 seconds
[2023-05-26T21:19:36.266+0400] {processor.py:157} INFO - Started process (PID=16891) to work on /home/chinnu/.local/lib/python3.10/site-packages/airflow/example_dags/example_xcomargs.py
[2023-05-26T21:19:36.268+0400] {processor.py:826} INFO - Processing file /home/chinnu/.local/lib/python3.10/site-packages/airflow/example_dags/example_xcomargs.py for tasks to queue
[2023-05-26T21:19:36.269+0400] {logging_mixin.py:149} INFO - [2023-05-26T21:19:36.269+0400] {dagbag.py:541} INFO - Filling up the DagBag from /home/chinnu/.local/lib/python3.10/site-packages/airflow/example_dags/example_xcomargs.py
[2023-05-26T21:19:36.295+0400] {processor.py:836} INFO - DAG(s) dict_keys(['example_xcom_args_with_operators', 'example_xcom_args']) retrieved from /home/chinnu/.local/lib/python3.10/site-packages/airflow/example_dags/example_xcomargs.py
[2023-05-26T21:19:36.562+0400] {logging_mixin.py:149} INFO - [2023-05-26T21:19:36.562+0400] {dag.py:2726} INFO - Sync 2 DAGs
[2023-05-26T21:19:36.590+0400] {logging_mixin.py:149} INFO - [2023-05-26T21:19:36.590+0400] {dag.py:3486} INFO - Setting next_dagrun for example_xcom_args to None, run_after=None
[2023-05-26T21:19:36.595+0400] {logging_mixin.py:149} INFO - [2023-05-26T21:19:36.595+0400] {dag.py:3486} INFO - Setting next_dagrun for example_xcom_args_with_operators to None, run_after=None
[2023-05-26T21:19:36.630+0400] {processor.py:179} INFO - Processing /home/chinnu/.local/lib/python3.10/site-packages/airflow/example_dags/example_xcomargs.py took 0.376 seconds
[2023-05-26T21:20:48.799+0400] {processor.py:157} INFO - Started process (PID=16973) to work on /home/chinnu/.local/lib/python3.10/site-packages/airflow/example_dags/example_xcomargs.py
[2023-05-26T21:20:48.803+0400] {processor.py:826} INFO - Processing file /home/chinnu/.local/lib/python3.10/site-packages/airflow/example_dags/example_xcomargs.py for tasks to queue
[2023-05-26T21:20:48.805+0400] {logging_mixin.py:149} INFO - [2023-05-26T21:20:48.805+0400] {dagbag.py:541} INFO - Filling up the DagBag from /home/chinnu/.local/lib/python3.10/site-packages/airflow/example_dags/example_xcomargs.py
[2023-05-26T21:20:48.828+0400] {processor.py:836} INFO - DAG(s) dict_keys(['example_xcom_args', 'example_xcom_args_with_operators']) retrieved from /home/chinnu/.local/lib/python3.10/site-packages/airflow/example_dags/example_xcomargs.py
[2023-05-26T21:20:48.868+0400] {logging_mixin.py:149} INFO - [2023-05-26T21:20:48.868+0400] {dag.py:2726} INFO - Sync 2 DAGs
[2023-05-26T21:20:48.892+0400] {logging_mixin.py:149} INFO - [2023-05-26T21:20:48.892+0400] {dag.py:3486} INFO - Setting next_dagrun for example_xcom_args to None, run_after=None
[2023-05-26T21:20:48.895+0400] {logging_mixin.py:149} INFO - [2023-05-26T21:20:48.895+0400] {dag.py:3486} INFO - Setting next_dagrun for example_xcom_args_with_operators to None, run_after=None
[2023-05-26T21:20:48.925+0400] {processor.py:179} INFO - Processing /home/chinnu/.local/lib/python3.10/site-packages/airflow/example_dags/example_xcomargs.py took 0.139 seconds
[2023-05-26T21:21:29.741+0400] {processor.py:157} INFO - Started process (PID=17022) to work on /home/chinnu/.local/lib/python3.10/site-packages/airflow/example_dags/example_xcomargs.py
[2023-05-26T21:21:29.744+0400] {processor.py:826} INFO - Processing file /home/chinnu/.local/lib/python3.10/site-packages/airflow/example_dags/example_xcomargs.py for tasks to queue
[2023-05-26T21:21:29.745+0400] {logging_mixin.py:149} INFO - [2023-05-26T21:21:29.745+0400] {dagbag.py:541} INFO - Filling up the DagBag from /home/chinnu/.local/lib/python3.10/site-packages/airflow/example_dags/example_xcomargs.py
[2023-05-26T21:21:29.770+0400] {processor.py:836} INFO - DAG(s) dict_keys(['example_xcom_args', 'example_xcom_args_with_operators']) retrieved from /home/chinnu/.local/lib/python3.10/site-packages/airflow/example_dags/example_xcomargs.py
[2023-05-26T21:21:29.843+0400] {logging_mixin.py:149} INFO - [2023-05-26T21:21:29.843+0400] {dag.py:2726} INFO - Sync 2 DAGs
[2023-05-26T21:21:29.922+0400] {logging_mixin.py:149} INFO - [2023-05-26T21:21:29.921+0400] {dag.py:3486} INFO - Setting next_dagrun for example_xcom_args to None, run_after=None
[2023-05-26T21:21:29.932+0400] {logging_mixin.py:149} INFO - [2023-05-26T21:21:29.931+0400] {dag.py:3486} INFO - Setting next_dagrun for example_xcom_args_with_operators to None, run_after=None
[2023-05-26T21:21:29.968+0400] {processor.py:179} INFO - Processing /home/chinnu/.local/lib/python3.10/site-packages/airflow/example_dags/example_xcomargs.py took 0.237 seconds
[2023-05-26T21:22:09.896+0400] {processor.py:157} INFO - Started process (PID=17068) to work on /home/chinnu/.local/lib/python3.10/site-packages/airflow/example_dags/example_xcomargs.py
[2023-05-26T21:22:09.899+0400] {processor.py:826} INFO - Processing file /home/chinnu/.local/lib/python3.10/site-packages/airflow/example_dags/example_xcomargs.py for tasks to queue
[2023-05-26T21:22:09.900+0400] {logging_mixin.py:149} INFO - [2023-05-26T21:22:09.900+0400] {dagbag.py:541} INFO - Filling up the DagBag from /home/chinnu/.local/lib/python3.10/site-packages/airflow/example_dags/example_xcomargs.py
[2023-05-26T21:22:09.915+0400] {processor.py:836} INFO - DAG(s) dict_keys(['example_xcom_args_with_operators', 'example_xcom_args']) retrieved from /home/chinnu/.local/lib/python3.10/site-packages/airflow/example_dags/example_xcomargs.py
[2023-05-26T21:22:09.951+0400] {logging_mixin.py:149} INFO - [2023-05-26T21:22:09.951+0400] {dag.py:2726} INFO - Sync 2 DAGs
[2023-05-26T21:22:09.975+0400] {logging_mixin.py:149} INFO - [2023-05-26T21:22:09.975+0400] {dag.py:3486} INFO - Setting next_dagrun for example_xcom_args to None, run_after=None
[2023-05-26T21:22:09.979+0400] {logging_mixin.py:149} INFO - [2023-05-26T21:22:09.979+0400] {dag.py:3486} INFO - Setting next_dagrun for example_xcom_args_with_operators to None, run_after=None
[2023-05-26T21:22:10.024+0400] {processor.py:179} INFO - Processing /home/chinnu/.local/lib/python3.10/site-packages/airflow/example_dags/example_xcomargs.py took 0.136 seconds
[2023-05-26T21:22:51.423+0400] {processor.py:157} INFO - Started process (PID=17118) to work on /home/chinnu/.local/lib/python3.10/site-packages/airflow/example_dags/example_xcomargs.py
[2023-05-26T21:22:51.425+0400] {processor.py:826} INFO - Processing file /home/chinnu/.local/lib/python3.10/site-packages/airflow/example_dags/example_xcomargs.py for tasks to queue
[2023-05-26T21:22:51.426+0400] {logging_mixin.py:149} INFO - [2023-05-26T21:22:51.426+0400] {dagbag.py:541} INFO - Filling up the DagBag from /home/chinnu/.local/lib/python3.10/site-packages/airflow/example_dags/example_xcomargs.py
[2023-05-26T21:22:51.445+0400] {processor.py:836} INFO - DAG(s) dict_keys(['example_xcom_args_with_operators', 'example_xcom_args']) retrieved from /home/chinnu/.local/lib/python3.10/site-packages/airflow/example_dags/example_xcomargs.py
[2023-05-26T21:22:51.483+0400] {logging_mixin.py:149} INFO - [2023-05-26T21:22:51.483+0400] {dag.py:2726} INFO - Sync 2 DAGs
[2023-05-26T21:22:51.507+0400] {logging_mixin.py:149} INFO - [2023-05-26T21:22:51.507+0400] {dag.py:3486} INFO - Setting next_dagrun for example_xcom_args to None, run_after=None
[2023-05-26T21:22:51.511+0400] {logging_mixin.py:149} INFO - [2023-05-26T21:22:51.511+0400] {dag.py:3486} INFO - Setting next_dagrun for example_xcom_args_with_operators to None, run_after=None
[2023-05-26T21:22:51.541+0400] {processor.py:179} INFO - Processing /home/chinnu/.local/lib/python3.10/site-packages/airflow/example_dags/example_xcomargs.py took 0.127 seconds
[2023-05-26T21:23:30.165+0400] {processor.py:157} INFO - Started process (PID=17166) to work on /home/chinnu/.local/lib/python3.10/site-packages/airflow/example_dags/example_xcomargs.py
[2023-05-26T21:23:30.167+0400] {processor.py:826} INFO - Processing file /home/chinnu/.local/lib/python3.10/site-packages/airflow/example_dags/example_xcomargs.py for tasks to queue
[2023-05-26T21:23:30.168+0400] {logging_mixin.py:149} INFO - [2023-05-26T21:23:30.168+0400] {dagbag.py:541} INFO - Filling up the DagBag from /home/chinnu/.local/lib/python3.10/site-packages/airflow/example_dags/example_xcomargs.py
[2023-05-26T21:23:30.186+0400] {processor.py:836} INFO - DAG(s) dict_keys(['example_xcom_args_with_operators', 'example_xcom_args']) retrieved from /home/chinnu/.local/lib/python3.10/site-packages/airflow/example_dags/example_xcomargs.py
[2023-05-26T21:23:30.233+0400] {logging_mixin.py:149} INFO - [2023-05-26T21:23:30.233+0400] {dag.py:2726} INFO - Sync 2 DAGs
[2023-05-26T21:23:30.262+0400] {logging_mixin.py:149} INFO - [2023-05-26T21:23:30.261+0400] {dag.py:3486} INFO - Setting next_dagrun for example_xcom_args to None, run_after=None
[2023-05-26T21:23:30.265+0400] {logging_mixin.py:149} INFO - [2023-05-26T21:23:30.265+0400] {dag.py:3486} INFO - Setting next_dagrun for example_xcom_args_with_operators to None, run_after=None
[2023-05-26T21:23:30.291+0400] {processor.py:179} INFO - Processing /home/chinnu/.local/lib/python3.10/site-packages/airflow/example_dags/example_xcomargs.py took 0.131 seconds
[2023-05-26T21:24:08.156+0400] {processor.py:157} INFO - Started process (PID=17210) to work on /home/chinnu/.local/lib/python3.10/site-packages/airflow/example_dags/example_xcomargs.py
[2023-05-26T21:24:08.158+0400] {processor.py:826} INFO - Processing file /home/chinnu/.local/lib/python3.10/site-packages/airflow/example_dags/example_xcomargs.py for tasks to queue
[2023-05-26T21:24:08.159+0400] {logging_mixin.py:149} INFO - [2023-05-26T21:24:08.159+0400] {dagbag.py:541} INFO - Filling up the DagBag from /home/chinnu/.local/lib/python3.10/site-packages/airflow/example_dags/example_xcomargs.py
[2023-05-26T21:24:08.175+0400] {processor.py:836} INFO - DAG(s) dict_keys(['example_xcom_args_with_operators', 'example_xcom_args']) retrieved from /home/chinnu/.local/lib/python3.10/site-packages/airflow/example_dags/example_xcomargs.py
[2023-05-26T21:24:08.214+0400] {logging_mixin.py:149} INFO - [2023-05-26T21:24:08.214+0400] {dag.py:2726} INFO - Sync 2 DAGs
[2023-05-26T21:24:08.240+0400] {logging_mixin.py:149} INFO - [2023-05-26T21:24:08.240+0400] {dag.py:3486} INFO - Setting next_dagrun for example_xcom_args to None, run_after=None
[2023-05-26T21:24:08.244+0400] {logging_mixin.py:149} INFO - [2023-05-26T21:24:08.244+0400] {dag.py:3486} INFO - Setting next_dagrun for example_xcom_args_with_operators to None, run_after=None
[2023-05-26T21:24:08.274+0400] {processor.py:179} INFO - Processing /home/chinnu/.local/lib/python3.10/site-packages/airflow/example_dags/example_xcomargs.py took 0.124 seconds
[2023-05-26T21:24:42.229+0400] {processor.py:157} INFO - Started process (PID=17255) to work on /home/chinnu/.local/lib/python3.10/site-packages/airflow/example_dags/example_xcomargs.py
[2023-05-26T21:24:42.230+0400] {processor.py:826} INFO - Processing file /home/chinnu/.local/lib/python3.10/site-packages/airflow/example_dags/example_xcomargs.py for tasks to queue
[2023-05-26T21:24:42.231+0400] {logging_mixin.py:149} INFO - [2023-05-26T21:24:42.231+0400] {dagbag.py:541} INFO - Filling up the DagBag from /home/chinnu/.local/lib/python3.10/site-packages/airflow/example_dags/example_xcomargs.py
[2023-05-26T21:24:42.244+0400] {processor.py:836} INFO - DAG(s) dict_keys(['example_xcom_args_with_operators', 'example_xcom_args']) retrieved from /home/chinnu/.local/lib/python3.10/site-packages/airflow/example_dags/example_xcomargs.py
[2023-05-26T21:24:42.279+0400] {logging_mixin.py:149} INFO - [2023-05-26T21:24:42.278+0400] {dag.py:2726} INFO - Sync 2 DAGs
[2023-05-26T21:24:42.302+0400] {logging_mixin.py:149} INFO - [2023-05-26T21:24:42.301+0400] {dag.py:3486} INFO - Setting next_dagrun for example_xcom_args to None, run_after=None
[2023-05-26T21:24:42.305+0400] {logging_mixin.py:149} INFO - [2023-05-26T21:24:42.305+0400] {dag.py:3486} INFO - Setting next_dagrun for example_xcom_args_with_operators to None, run_after=None
[2023-05-26T21:24:42.335+0400] {processor.py:179} INFO - Processing /home/chinnu/.local/lib/python3.10/site-packages/airflow/example_dags/example_xcomargs.py took 0.112 seconds
[2023-05-26T21:25:20.617+0400] {processor.py:157} INFO - Started process (PID=17302) to work on /home/chinnu/.local/lib/python3.10/site-packages/airflow/example_dags/example_xcomargs.py
[2023-05-26T21:25:20.625+0400] {processor.py:826} INFO - Processing file /home/chinnu/.local/lib/python3.10/site-packages/airflow/example_dags/example_xcomargs.py for tasks to queue
[2023-05-26T21:25:20.629+0400] {logging_mixin.py:149} INFO - [2023-05-26T21:25:20.629+0400] {dagbag.py:541} INFO - Filling up the DagBag from /home/chinnu/.local/lib/python3.10/site-packages/airflow/example_dags/example_xcomargs.py
[2023-05-26T21:25:20.676+0400] {processor.py:836} INFO - DAG(s) dict_keys(['example_xcom_args_with_operators', 'example_xcom_args']) retrieved from /home/chinnu/.local/lib/python3.10/site-packages/airflow/example_dags/example_xcomargs.py
[2023-05-26T21:25:20.874+0400] {logging_mixin.py:149} INFO - [2023-05-26T21:25:20.874+0400] {dag.py:2726} INFO - Sync 2 DAGs
[2023-05-26T21:25:20.983+0400] {logging_mixin.py:149} INFO - [2023-05-26T21:25:20.981+0400] {dag.py:3486} INFO - Setting next_dagrun for example_xcom_args to None, run_after=None
[2023-05-26T21:25:20.990+0400] {logging_mixin.py:149} INFO - [2023-05-26T21:25:20.990+0400] {dag.py:3486} INFO - Setting next_dagrun for example_xcom_args_with_operators to None, run_after=None
[2023-05-26T21:25:21.048+0400] {processor.py:179} INFO - Processing /home/chinnu/.local/lib/python3.10/site-packages/airflow/example_dags/example_xcomargs.py took 0.444 seconds
[2023-05-26T21:48:13.404+0400] {processor.py:157} INFO - Started process (PID=71) to work on /home/chinnu/.local/lib/python3.10/site-packages/airflow/example_dags/example_xcomargs.py
[2023-05-26T21:48:13.408+0400] {processor.py:826} INFO - Processing file /home/chinnu/.local/lib/python3.10/site-packages/airflow/example_dags/example_xcomargs.py for tasks to queue
[2023-05-26T21:48:13.410+0400] {logging_mixin.py:149} INFO - [2023-05-26T21:48:13.410+0400] {dagbag.py:541} INFO - Filling up the DagBag from /home/chinnu/.local/lib/python3.10/site-packages/airflow/example_dags/example_xcomargs.py
[2023-05-26T21:48:13.458+0400] {processor.py:836} INFO - DAG(s) dict_keys(['example_xcom_args', 'example_xcom_args_with_operators']) retrieved from /home/chinnu/.local/lib/python3.10/site-packages/airflow/example_dags/example_xcomargs.py
[2023-05-26T21:48:13.593+0400] {logging_mixin.py:149} INFO - [2023-05-26T21:48:13.593+0400] {dag.py:2726} INFO - Sync 2 DAGs
[2023-05-26T21:48:13.705+0400] {logging_mixin.py:149} INFO - [2023-05-26T21:48:13.704+0400] {dag.py:3486} INFO - Setting next_dagrun for example_xcom_args to None, run_after=None
[2023-05-26T21:48:13.721+0400] {logging_mixin.py:149} INFO - [2023-05-26T21:48:13.719+0400] {dag.py:3486} INFO - Setting next_dagrun for example_xcom_args_with_operators to None, run_after=None
[2023-05-26T21:48:13.773+0400] {processor.py:179} INFO - Processing /home/chinnu/.local/lib/python3.10/site-packages/airflow/example_dags/example_xcomargs.py took 0.386 seconds
[2023-05-26T21:49:08.458+0400] {processor.py:157} INFO - Started process (PID=123) to work on /home/chinnu/.local/lib/python3.10/site-packages/airflow/example_dags/example_xcomargs.py
[2023-05-26T21:49:08.460+0400] {processor.py:826} INFO - Processing file /home/chinnu/.local/lib/python3.10/site-packages/airflow/example_dags/example_xcomargs.py for tasks to queue
[2023-05-26T21:49:08.461+0400] {logging_mixin.py:149} INFO - [2023-05-26T21:49:08.460+0400] {dagbag.py:541} INFO - Filling up the DagBag from /home/chinnu/.local/lib/python3.10/site-packages/airflow/example_dags/example_xcomargs.py
[2023-05-26T21:49:08.486+0400] {processor.py:836} INFO - DAG(s) dict_keys(['example_xcom_args_with_operators', 'example_xcom_args']) retrieved from /home/chinnu/.local/lib/python3.10/site-packages/airflow/example_dags/example_xcomargs.py
[2023-05-26T21:49:08.549+0400] {logging_mixin.py:149} INFO - [2023-05-26T21:49:08.548+0400] {dag.py:2726} INFO - Sync 2 DAGs
[2023-05-26T21:49:08.594+0400] {logging_mixin.py:149} INFO - [2023-05-26T21:49:08.593+0400] {dag.py:3486} INFO - Setting next_dagrun for example_xcom_args to None, run_after=None
[2023-05-26T21:49:08.790+0400] {logging_mixin.py:149} INFO - [2023-05-26T21:49:08.789+0400] {dag.py:3486} INFO - Setting next_dagrun for example_xcom_args_with_operators to None, run_after=None
[2023-05-26T21:49:08.816+0400] {processor.py:179} INFO - Processing /home/chinnu/.local/lib/python3.10/site-packages/airflow/example_dags/example_xcomargs.py took 0.367 seconds
[2023-05-26T21:52:15.706+0400] {processor.py:157} INFO - Started process (PID=53) to work on /home/chinnu/.local/lib/python3.10/site-packages/airflow/example_dags/example_xcomargs.py
[2023-05-26T21:52:15.710+0400] {processor.py:826} INFO - Processing file /home/chinnu/.local/lib/python3.10/site-packages/airflow/example_dags/example_xcomargs.py for tasks to queue
[2023-05-26T21:52:15.712+0400] {logging_mixin.py:149} INFO - [2023-05-26T21:52:15.711+0400] {dagbag.py:541} INFO - Filling up the DagBag from /home/chinnu/.local/lib/python3.10/site-packages/airflow/example_dags/example_xcomargs.py
[2023-05-26T21:52:15.752+0400] {processor.py:836} INFO - DAG(s) dict_keys(['example_xcom_args', 'example_xcom_args_with_operators']) retrieved from /home/chinnu/.local/lib/python3.10/site-packages/airflow/example_dags/example_xcomargs.py
[2023-05-26T21:52:15.844+0400] {logging_mixin.py:149} INFO - [2023-05-26T21:52:15.843+0400] {dag.py:2726} INFO - Sync 2 DAGs
[2023-05-26T21:52:15.898+0400] {logging_mixin.py:149} INFO - [2023-05-26T21:52:15.898+0400] {dag.py:3486} INFO - Setting next_dagrun for example_xcom_args to None, run_after=None
[2023-05-26T21:52:15.903+0400] {logging_mixin.py:149} INFO - [2023-05-26T21:52:15.903+0400] {dag.py:3486} INFO - Setting next_dagrun for example_xcom_args_with_operators to None, run_after=None
[2023-05-26T21:52:15.941+0400] {processor.py:179} INFO - Processing /home/chinnu/.local/lib/python3.10/site-packages/airflow/example_dags/example_xcomargs.py took 0.248 seconds
[2023-05-26T21:53:14.926+0400] {processor.py:157} INFO - Started process (PID=104) to work on /home/chinnu/.local/lib/python3.10/site-packages/airflow/example_dags/example_xcomargs.py
[2023-05-26T21:53:14.927+0400] {processor.py:826} INFO - Processing file /home/chinnu/.local/lib/python3.10/site-packages/airflow/example_dags/example_xcomargs.py for tasks to queue
[2023-05-26T21:53:14.928+0400] {logging_mixin.py:149} INFO - [2023-05-26T21:53:14.928+0400] {dagbag.py:541} INFO - Filling up the DagBag from /home/chinnu/.local/lib/python3.10/site-packages/airflow/example_dags/example_xcomargs.py
[2023-05-26T21:53:14.941+0400] {processor.py:836} INFO - DAG(s) dict_keys(['example_xcom_args', 'example_xcom_args_with_operators']) retrieved from /home/chinnu/.local/lib/python3.10/site-packages/airflow/example_dags/example_xcomargs.py
[2023-05-26T21:53:14.985+0400] {logging_mixin.py:149} INFO - [2023-05-26T21:53:14.984+0400] {dag.py:2726} INFO - Sync 2 DAGs
[2023-05-26T21:53:15.134+0400] {logging_mixin.py:149} INFO - [2023-05-26T21:53:15.134+0400] {dag.py:3486} INFO - Setting next_dagrun for example_xcom_args to None, run_after=None
[2023-05-26T21:53:15.137+0400] {logging_mixin.py:149} INFO - [2023-05-26T21:53:15.137+0400] {dag.py:3486} INFO - Setting next_dagrun for example_xcom_args_with_operators to None, run_after=None
[2023-05-26T21:53:15.164+0400] {processor.py:179} INFO - Processing /home/chinnu/.local/lib/python3.10/site-packages/airflow/example_dags/example_xcomargs.py took 0.244 seconds
[2023-05-26T21:54:12.069+0400] {processor.py:157} INFO - Started process (PID=182) to work on /home/chinnu/.local/lib/python3.10/site-packages/airflow/example_dags/example_xcomargs.py
[2023-05-26T21:54:12.071+0400] {processor.py:826} INFO - Processing file /home/chinnu/.local/lib/python3.10/site-packages/airflow/example_dags/example_xcomargs.py for tasks to queue
[2023-05-26T21:54:12.072+0400] {logging_mixin.py:149} INFO - [2023-05-26T21:54:12.072+0400] {dagbag.py:541} INFO - Filling up the DagBag from /home/chinnu/.local/lib/python3.10/site-packages/airflow/example_dags/example_xcomargs.py
[2023-05-26T21:54:12.088+0400] {processor.py:836} INFO - DAG(s) dict_keys(['example_xcom_args', 'example_xcom_args_with_operators']) retrieved from /home/chinnu/.local/lib/python3.10/site-packages/airflow/example_dags/example_xcomargs.py
[2023-05-26T21:54:12.144+0400] {logging_mixin.py:149} INFO - [2023-05-26T21:54:12.144+0400] {dag.py:2726} INFO - Sync 2 DAGs
[2023-05-26T21:54:12.182+0400] {logging_mixin.py:149} INFO - [2023-05-26T21:54:12.182+0400] {dag.py:3486} INFO - Setting next_dagrun for example_xcom_args to None, run_after=None
[2023-05-26T21:54:12.187+0400] {logging_mixin.py:149} INFO - [2023-05-26T21:54:12.187+0400] {dag.py:3486} INFO - Setting next_dagrun for example_xcom_args_with_operators to None, run_after=None
[2023-05-26T21:54:12.228+0400] {processor.py:179} INFO - Processing /home/chinnu/.local/lib/python3.10/site-packages/airflow/example_dags/example_xcomargs.py took 0.169 seconds
[2023-05-26T22:05:58.653+0400] {processor.py:157} INFO - Started process (PID=2522) to work on /home/chinnu/.local/lib/python3.10/site-packages/airflow/example_dags/example_xcomargs.py
[2023-05-26T22:05:58.661+0400] {processor.py:826} INFO - Processing file /home/chinnu/.local/lib/python3.10/site-packages/airflow/example_dags/example_xcomargs.py for tasks to queue
[2023-05-26T22:05:58.662+0400] {logging_mixin.py:149} INFO - [2023-05-26T22:05:58.662+0400] {dagbag.py:541} INFO - Filling up the DagBag from /home/chinnu/.local/lib/python3.10/site-packages/airflow/example_dags/example_xcomargs.py
[2023-05-26T22:05:58.684+0400] {processor.py:836} INFO - DAG(s) dict_keys(['example_xcom_args_with_operators', 'example_xcom_args']) retrieved from /home/chinnu/.local/lib/python3.10/site-packages/airflow/example_dags/example_xcomargs.py
[2023-05-26T22:05:58.743+0400] {logging_mixin.py:149} INFO - [2023-05-26T22:05:58.743+0400] {dag.py:2726} INFO - Sync 2 DAGs
[2023-05-26T22:05:58.780+0400] {logging_mixin.py:149} INFO - [2023-05-26T22:05:58.780+0400] {dag.py:3486} INFO - Setting next_dagrun for example_xcom_args to None, run_after=None
[2023-05-26T22:05:58.785+0400] {logging_mixin.py:149} INFO - [2023-05-26T22:05:58.784+0400] {dag.py:3486} INFO - Setting next_dagrun for example_xcom_args_with_operators to None, run_after=None
[2023-05-26T22:05:58.833+0400] {processor.py:179} INFO - Processing /home/chinnu/.local/lib/python3.10/site-packages/airflow/example_dags/example_xcomargs.py took 0.187 seconds
[2023-05-26T22:07:07.973+0400] {processor.py:157} INFO - Started process (PID=2573) to work on /home/chinnu/.local/lib/python3.10/site-packages/airflow/example_dags/example_xcomargs.py
[2023-05-26T22:07:07.975+0400] {processor.py:826} INFO - Processing file /home/chinnu/.local/lib/python3.10/site-packages/airflow/example_dags/example_xcomargs.py for tasks to queue
[2023-05-26T22:07:07.976+0400] {logging_mixin.py:149} INFO - [2023-05-26T22:07:07.976+0400] {dagbag.py:541} INFO - Filling up the DagBag from /home/chinnu/.local/lib/python3.10/site-packages/airflow/example_dags/example_xcomargs.py
[2023-05-26T22:07:07.997+0400] {processor.py:836} INFO - DAG(s) dict_keys(['example_xcom_args', 'example_xcom_args_with_operators']) retrieved from /home/chinnu/.local/lib/python3.10/site-packages/airflow/example_dags/example_xcomargs.py
[2023-05-26T22:07:08.226+0400] {logging_mixin.py:149} INFO - [2023-05-26T22:07:08.225+0400] {dag.py:2726} INFO - Sync 2 DAGs
[2023-05-26T22:07:08.743+0400] {logging_mixin.py:149} INFO - [2023-05-26T22:07:08.743+0400] {dag.py:3486} INFO - Setting next_dagrun for example_xcom_args to None, run_after=None
[2023-05-26T22:07:08.751+0400] {logging_mixin.py:149} INFO - [2023-05-26T22:07:08.751+0400] {dag.py:3486} INFO - Setting next_dagrun for example_xcom_args_with_operators to None, run_after=None
[2023-05-26T22:07:08.800+0400] {processor.py:179} INFO - Processing /home/chinnu/.local/lib/python3.10/site-packages/airflow/example_dags/example_xcomargs.py took 0.833 seconds
[2023-05-26T22:07:55.566+0400] {processor.py:157} INFO - Started process (PID=2605) to work on /home/chinnu/.local/lib/python3.10/site-packages/airflow/example_dags/example_xcomargs.py
[2023-05-26T22:07:55.568+0400] {processor.py:826} INFO - Processing file /home/chinnu/.local/lib/python3.10/site-packages/airflow/example_dags/example_xcomargs.py for tasks to queue
[2023-05-26T22:07:55.569+0400] {logging_mixin.py:149} INFO - [2023-05-26T22:07:55.569+0400] {dagbag.py:541} INFO - Filling up the DagBag from /home/chinnu/.local/lib/python3.10/site-packages/airflow/example_dags/example_xcomargs.py
[2023-05-26T22:07:55.582+0400] {processor.py:836} INFO - DAG(s) dict_keys(['example_xcom_args_with_operators', 'example_xcom_args']) retrieved from /home/chinnu/.local/lib/python3.10/site-packages/airflow/example_dags/example_xcomargs.py
[2023-05-26T22:07:55.756+0400] {logging_mixin.py:149} INFO - [2023-05-26T22:07:55.756+0400] {dag.py:2726} INFO - Sync 2 DAGs
[2023-05-26T22:07:55.777+0400] {logging_mixin.py:149} INFO - [2023-05-26T22:07:55.776+0400] {dag.py:3486} INFO - Setting next_dagrun for example_xcom_args to None, run_after=None
[2023-05-26T22:07:55.780+0400] {logging_mixin.py:149} INFO - [2023-05-26T22:07:55.780+0400] {dag.py:3486} INFO - Setting next_dagrun for example_xcom_args_with_operators to None, run_after=None
[2023-05-26T22:07:55.808+0400] {processor.py:179} INFO - Processing /home/chinnu/.local/lib/python3.10/site-packages/airflow/example_dags/example_xcomargs.py took 0.248 seconds
[2023-05-26T22:08:47.753+0400] {processor.py:157} INFO - Started process (PID=2640) to work on /home/chinnu/.local/lib/python3.10/site-packages/airflow/example_dags/example_xcomargs.py
[2023-05-26T22:08:47.761+0400] {processor.py:826} INFO - Processing file /home/chinnu/.local/lib/python3.10/site-packages/airflow/example_dags/example_xcomargs.py for tasks to queue
[2023-05-26T22:08:47.764+0400] {logging_mixin.py:149} INFO - [2023-05-26T22:08:47.763+0400] {dagbag.py:541} INFO - Filling up the DagBag from /home/chinnu/.local/lib/python3.10/site-packages/airflow/example_dags/example_xcomargs.py
[2023-05-26T22:08:47.812+0400] {processor.py:836} INFO - DAG(s) dict_keys(['example_xcom_args_with_operators', 'example_xcom_args']) retrieved from /home/chinnu/.local/lib/python3.10/site-packages/airflow/example_dags/example_xcomargs.py
[2023-05-26T22:08:47.926+0400] {logging_mixin.py:149} INFO - [2023-05-26T22:08:47.926+0400] {dag.py:2726} INFO - Sync 2 DAGs
[2023-05-26T22:08:48.004+0400] {logging_mixin.py:149} INFO - [2023-05-26T22:08:48.003+0400] {dag.py:3486} INFO - Setting next_dagrun for example_xcom_args to None, run_after=None
[2023-05-26T22:08:48.017+0400] {logging_mixin.py:149} INFO - [2023-05-26T22:08:48.017+0400] {dag.py:3486} INFO - Setting next_dagrun for example_xcom_args_with_operators to None, run_after=None
[2023-05-26T22:08:48.082+0400] {processor.py:179} INFO - Processing /home/chinnu/.local/lib/python3.10/site-packages/airflow/example_dags/example_xcomargs.py took 0.345 seconds
