[2023-05-26T19:39:03.424+0400] {processor.py:157} INFO - Started process (PID=230) to work on /home/chinnu/.local/lib/python3.10/site-packages/airflow/example_dags/example_external_task_marker_dag.py
[2023-05-26T19:39:03.426+0400] {processor.py:826} INFO - Processing file /home/chinnu/.local/lib/python3.10/site-packages/airflow/example_dags/example_external_task_marker_dag.py for tasks to queue
[2023-05-26T19:39:03.427+0400] {logging_mixin.py:149} INFO - [2023-05-26T19:39:03.427+0400] {dagbag.py:541} INFO - Filling up the DagBag from /home/chinnu/.local/lib/python3.10/site-packages/airflow/example_dags/example_external_task_marker_dag.py
[2023-05-26T19:39:03.444+0400] {processor.py:836} INFO - DAG(s) dict_keys(['example_external_task_marker_parent', 'example_external_task_marker_child']) retrieved from /home/chinnu/.local/lib/python3.10/site-packages/airflow/example_dags/example_external_task_marker_dag.py
[2023-05-26T19:39:03.531+0400] {logging_mixin.py:149} INFO - [2023-05-26T19:39:03.531+0400] {dag.py:2726} INFO - Sync 2 DAGs
[2023-05-26T19:39:03.551+0400] {logging_mixin.py:149} INFO - [2023-05-26T19:39:03.551+0400] {dag.py:3486} INFO - Setting next_dagrun for example_external_task_marker_child to None, run_after=None
[2023-05-26T19:39:03.554+0400] {logging_mixin.py:149} INFO - [2023-05-26T19:39:03.554+0400] {dag.py:3486} INFO - Setting next_dagrun for example_external_task_marker_parent to None, run_after=None
[2023-05-26T19:39:03.589+0400] {processor.py:179} INFO - Processing /home/chinnu/.local/lib/python3.10/site-packages/airflow/example_dags/example_external_task_marker_dag.py took 0.175 seconds
[2023-05-26T19:39:59.164+0400] {processor.py:157} INFO - Started process (PID=280) to work on /home/chinnu/.local/lib/python3.10/site-packages/airflow/example_dags/example_external_task_marker_dag.py
[2023-05-26T19:39:59.166+0400] {processor.py:826} INFO - Processing file /home/chinnu/.local/lib/python3.10/site-packages/airflow/example_dags/example_external_task_marker_dag.py for tasks to queue
[2023-05-26T19:39:59.168+0400] {logging_mixin.py:149} INFO - [2023-05-26T19:39:59.168+0400] {dagbag.py:541} INFO - Filling up the DagBag from /home/chinnu/.local/lib/python3.10/site-packages/airflow/example_dags/example_external_task_marker_dag.py
[2023-05-26T19:39:59.180+0400] {processor.py:836} INFO - DAG(s) dict_keys(['example_external_task_marker_parent', 'example_external_task_marker_child']) retrieved from /home/chinnu/.local/lib/python3.10/site-packages/airflow/example_dags/example_external_task_marker_dag.py
[2023-05-26T19:39:59.219+0400] {logging_mixin.py:149} INFO - [2023-05-26T19:39:59.218+0400] {dag.py:2726} INFO - Sync 2 DAGs
[2023-05-26T19:39:59.240+0400] {logging_mixin.py:149} INFO - [2023-05-26T19:39:59.240+0400] {dag.py:3486} INFO - Setting next_dagrun for example_external_task_marker_child to None, run_after=None
[2023-05-26T19:39:59.243+0400] {logging_mixin.py:149} INFO - [2023-05-26T19:39:59.242+0400] {dag.py:3486} INFO - Setting next_dagrun for example_external_task_marker_parent to None, run_after=None
[2023-05-26T19:39:59.275+0400] {processor.py:179} INFO - Processing /home/chinnu/.local/lib/python3.10/site-packages/airflow/example_dags/example_external_task_marker_dag.py took 0.119 seconds
[2023-05-26T19:40:53.542+0400] {processor.py:157} INFO - Started process (PID=843) to work on /home/chinnu/.local/lib/python3.10/site-packages/airflow/example_dags/example_external_task_marker_dag.py
[2023-05-26T19:40:53.545+0400] {processor.py:826} INFO - Processing file /home/chinnu/.local/lib/python3.10/site-packages/airflow/example_dags/example_external_task_marker_dag.py for tasks to queue
[2023-05-26T19:40:53.547+0400] {logging_mixin.py:149} INFO - [2023-05-26T19:40:53.547+0400] {dagbag.py:541} INFO - Filling up the DagBag from /home/chinnu/.local/lib/python3.10/site-packages/airflow/example_dags/example_external_task_marker_dag.py
[2023-05-26T19:40:53.565+0400] {processor.py:836} INFO - DAG(s) dict_keys(['example_external_task_marker_child', 'example_external_task_marker_parent']) retrieved from /home/chinnu/.local/lib/python3.10/site-packages/airflow/example_dags/example_external_task_marker_dag.py
[2023-05-26T19:40:53.608+0400] {logging_mixin.py:149} INFO - [2023-05-26T19:40:53.608+0400] {dag.py:2726} INFO - Sync 2 DAGs
[2023-05-26T19:40:53.629+0400] {logging_mixin.py:149} INFO - [2023-05-26T19:40:53.629+0400] {dag.py:3486} INFO - Setting next_dagrun for example_external_task_marker_child to None, run_after=None
[2023-05-26T19:40:53.632+0400] {logging_mixin.py:149} INFO - [2023-05-26T19:40:53.632+0400] {dag.py:3486} INFO - Setting next_dagrun for example_external_task_marker_parent to None, run_after=None
[2023-05-26T19:40:53.663+0400] {processor.py:179} INFO - Processing /home/chinnu/.local/lib/python3.10/site-packages/airflow/example_dags/example_external_task_marker_dag.py took 0.138 seconds
[2023-05-26T19:42:28.959+0400] {processor.py:157} INFO - Started process (PID=1445) to work on /home/chinnu/.local/lib/python3.10/site-packages/airflow/example_dags/example_external_task_marker_dag.py
[2023-05-26T19:42:28.963+0400] {processor.py:826} INFO - Processing file /home/chinnu/.local/lib/python3.10/site-packages/airflow/example_dags/example_external_task_marker_dag.py for tasks to queue
[2023-05-26T19:42:28.965+0400] {logging_mixin.py:149} INFO - [2023-05-26T19:42:28.965+0400] {dagbag.py:541} INFO - Filling up the DagBag from /home/chinnu/.local/lib/python3.10/site-packages/airflow/example_dags/example_external_task_marker_dag.py
[2023-05-26T19:42:28.992+0400] {processor.py:836} INFO - DAG(s) dict_keys(['example_external_task_marker_parent', 'example_external_task_marker_child']) retrieved from /home/chinnu/.local/lib/python3.10/site-packages/airflow/example_dags/example_external_task_marker_dag.py
[2023-05-26T19:42:29.145+0400] {logging_mixin.py:149} INFO - [2023-05-26T19:42:29.145+0400] {dag.py:2726} INFO - Sync 2 DAGs
[2023-05-26T19:42:29.326+0400] {logging_mixin.py:149} INFO - [2023-05-26T19:42:29.325+0400] {dag.py:3486} INFO - Setting next_dagrun for example_external_task_marker_child to None, run_after=None
[2023-05-26T19:42:29.328+0400] {logging_mixin.py:149} INFO - [2023-05-26T19:42:29.328+0400] {dag.py:3486} INFO - Setting next_dagrun for example_external_task_marker_parent to None, run_after=None
[2023-05-26T19:42:29.351+0400] {processor.py:179} INFO - Processing /home/chinnu/.local/lib/python3.10/site-packages/airflow/example_dags/example_external_task_marker_dag.py took 0.406 seconds
[2023-05-26T19:43:44.090+0400] {processor.py:157} INFO - Started process (PID=1505) to work on /home/chinnu/.local/lib/python3.10/site-packages/airflow/example_dags/example_external_task_marker_dag.py
[2023-05-26T19:43:44.095+0400] {processor.py:826} INFO - Processing file /home/chinnu/.local/lib/python3.10/site-packages/airflow/example_dags/example_external_task_marker_dag.py for tasks to queue
[2023-05-26T19:43:44.100+0400] {logging_mixin.py:149} INFO - [2023-05-26T19:43:44.100+0400] {dagbag.py:541} INFO - Filling up the DagBag from /home/chinnu/.local/lib/python3.10/site-packages/airflow/example_dags/example_external_task_marker_dag.py
[2023-05-26T19:43:44.141+0400] {processor.py:836} INFO - DAG(s) dict_keys(['example_external_task_marker_parent', 'example_external_task_marker_child']) retrieved from /home/chinnu/.local/lib/python3.10/site-packages/airflow/example_dags/example_external_task_marker_dag.py
[2023-05-26T19:43:44.289+0400] {logging_mixin.py:149} INFO - [2023-05-26T19:43:44.289+0400] {dag.py:2726} INFO - Sync 2 DAGs
[2023-05-26T19:43:44.389+0400] {logging_mixin.py:149} INFO - [2023-05-26T19:43:44.388+0400] {dag.py:3486} INFO - Setting next_dagrun for example_external_task_marker_child to None, run_after=None
[2023-05-26T19:43:44.403+0400] {logging_mixin.py:149} INFO - [2023-05-26T19:43:44.403+0400] {dag.py:3486} INFO - Setting next_dagrun for example_external_task_marker_parent to None, run_after=None
[2023-05-26T19:43:44.496+0400] {processor.py:179} INFO - Processing /home/chinnu/.local/lib/python3.10/site-packages/airflow/example_dags/example_external_task_marker_dag.py took 0.430 seconds
[2023-05-26T19:44:51.067+0400] {processor.py:157} INFO - Started process (PID=1562) to work on /home/chinnu/.local/lib/python3.10/site-packages/airflow/example_dags/example_external_task_marker_dag.py
[2023-05-26T19:44:51.072+0400] {processor.py:826} INFO - Processing file /home/chinnu/.local/lib/python3.10/site-packages/airflow/example_dags/example_external_task_marker_dag.py for tasks to queue
[2023-05-26T19:44:51.078+0400] {logging_mixin.py:149} INFO - [2023-05-26T19:44:51.077+0400] {dagbag.py:541} INFO - Filling up the DagBag from /home/chinnu/.local/lib/python3.10/site-packages/airflow/example_dags/example_external_task_marker_dag.py
[2023-05-26T19:44:51.115+0400] {processor.py:836} INFO - DAG(s) dict_keys(['example_external_task_marker_child', 'example_external_task_marker_parent']) retrieved from /home/chinnu/.local/lib/python3.10/site-packages/airflow/example_dags/example_external_task_marker_dag.py
[2023-05-26T19:44:51.202+0400] {logging_mixin.py:149} INFO - [2023-05-26T19:44:51.202+0400] {dag.py:2726} INFO - Sync 2 DAGs
[2023-05-26T19:44:51.262+0400] {logging_mixin.py:149} INFO - [2023-05-26T19:44:51.261+0400] {dag.py:3486} INFO - Setting next_dagrun for example_external_task_marker_child to None, run_after=None
[2023-05-26T19:44:51.269+0400] {logging_mixin.py:149} INFO - [2023-05-26T19:44:51.269+0400] {dag.py:3486} INFO - Setting next_dagrun for example_external_task_marker_parent to None, run_after=None
[2023-05-26T19:44:51.322+0400] {processor.py:179} INFO - Processing /home/chinnu/.local/lib/python3.10/site-packages/airflow/example_dags/example_external_task_marker_dag.py took 0.278 seconds
[2023-05-26T19:45:52.650+0400] {processor.py:157} INFO - Started process (PID=1614) to work on /home/chinnu/.local/lib/python3.10/site-packages/airflow/example_dags/example_external_task_marker_dag.py
[2023-05-26T19:45:52.653+0400] {processor.py:826} INFO - Processing file /home/chinnu/.local/lib/python3.10/site-packages/airflow/example_dags/example_external_task_marker_dag.py for tasks to queue
[2023-05-26T19:45:52.655+0400] {logging_mixin.py:149} INFO - [2023-05-26T19:45:52.655+0400] {dagbag.py:541} INFO - Filling up the DagBag from /home/chinnu/.local/lib/python3.10/site-packages/airflow/example_dags/example_external_task_marker_dag.py
[2023-05-26T19:45:52.667+0400] {processor.py:836} INFO - DAG(s) dict_keys(['example_external_task_marker_child', 'example_external_task_marker_parent']) retrieved from /home/chinnu/.local/lib/python3.10/site-packages/airflow/example_dags/example_external_task_marker_dag.py
[2023-05-26T19:45:52.707+0400] {logging_mixin.py:149} INFO - [2023-05-26T19:45:52.707+0400] {dag.py:2726} INFO - Sync 2 DAGs
[2023-05-26T19:45:52.730+0400] {logging_mixin.py:149} INFO - [2023-05-26T19:45:52.730+0400] {dag.py:3486} INFO - Setting next_dagrun for example_external_task_marker_child to None, run_after=None
[2023-05-26T19:45:52.734+0400] {logging_mixin.py:149} INFO - [2023-05-26T19:45:52.733+0400] {dag.py:3486} INFO - Setting next_dagrun for example_external_task_marker_parent to None, run_after=None
[2023-05-26T19:45:52.763+0400] {processor.py:179} INFO - Processing /home/chinnu/.local/lib/python3.10/site-packages/airflow/example_dags/example_external_task_marker_dag.py took 0.125 seconds
[2023-05-26T19:48:30.414+0400] {processor.py:157} INFO - Started process (PID=1710) to work on /home/chinnu/.local/lib/python3.10/site-packages/airflow/example_dags/example_external_task_marker_dag.py
[2023-05-26T19:48:30.416+0400] {processor.py:826} INFO - Processing file /home/chinnu/.local/lib/python3.10/site-packages/airflow/example_dags/example_external_task_marker_dag.py for tasks to queue
[2023-05-26T19:48:30.417+0400] {logging_mixin.py:149} INFO - [2023-05-26T19:48:30.417+0400] {dagbag.py:541} INFO - Filling up the DagBag from /home/chinnu/.local/lib/python3.10/site-packages/airflow/example_dags/example_external_task_marker_dag.py
[2023-05-26T19:48:30.429+0400] {processor.py:836} INFO - DAG(s) dict_keys(['example_external_task_marker_parent', 'example_external_task_marker_child']) retrieved from /home/chinnu/.local/lib/python3.10/site-packages/airflow/example_dags/example_external_task_marker_dag.py
[2023-05-26T19:48:30.464+0400] {logging_mixin.py:149} INFO - [2023-05-26T19:48:30.464+0400] {dag.py:2726} INFO - Sync 2 DAGs
[2023-05-26T19:48:30.487+0400] {logging_mixin.py:149} INFO - [2023-05-26T19:48:30.487+0400] {dag.py:3486} INFO - Setting next_dagrun for example_external_task_marker_child to None, run_after=None
[2023-05-26T19:48:30.492+0400] {logging_mixin.py:149} INFO - [2023-05-26T19:48:30.492+0400] {dag.py:3486} INFO - Setting next_dagrun for example_external_task_marker_parent to None, run_after=None
[2023-05-26T19:48:30.667+0400] {processor.py:179} INFO - Processing /home/chinnu/.local/lib/python3.10/site-packages/airflow/example_dags/example_external_task_marker_dag.py took 0.260 seconds
[2023-05-26T21:05:53.479+0400] {processor.py:157} INFO - Started process (PID=93) to work on /home/chinnu/.local/lib/python3.10/site-packages/airflow/example_dags/example_external_task_marker_dag.py
[2023-05-26T21:05:53.493+0400] {processor.py:826} INFO - Processing file /home/chinnu/.local/lib/python3.10/site-packages/airflow/example_dags/example_external_task_marker_dag.py for tasks to queue
[2023-05-26T21:05:53.496+0400] {logging_mixin.py:149} INFO - [2023-05-26T21:05:53.495+0400] {dagbag.py:541} INFO - Filling up the DagBag from /home/chinnu/.local/lib/python3.10/site-packages/airflow/example_dags/example_external_task_marker_dag.py
[2023-05-26T21:05:53.537+0400] {processor.py:836} INFO - DAG(s) dict_keys(['example_external_task_marker_child', 'example_external_task_marker_parent']) retrieved from /home/chinnu/.local/lib/python3.10/site-packages/airflow/example_dags/example_external_task_marker_dag.py
[2023-05-26T21:05:53.728+0400] {logging_mixin.py:149} INFO - [2023-05-26T21:05:53.728+0400] {dag.py:2726} INFO - Sync 2 DAGs
[2023-05-26T21:05:54.174+0400] {logging_mixin.py:149} INFO - [2023-05-26T21:05:54.174+0400] {dag.py:3486} INFO - Setting next_dagrun for example_external_task_marker_child to None, run_after=None
[2023-05-26T21:05:54.179+0400] {logging_mixin.py:149} INFO - [2023-05-26T21:05:54.178+0400] {dag.py:3486} INFO - Setting next_dagrun for example_external_task_marker_parent to None, run_after=None
[2023-05-26T21:05:54.231+0400] {processor.py:179} INFO - Processing /home/chinnu/.local/lib/python3.10/site-packages/airflow/example_dags/example_external_task_marker_dag.py took 0.774 seconds
[2023-05-26T21:07:02.806+0400] {processor.py:157} INFO - Started process (PID=176) to work on /home/chinnu/.local/lib/python3.10/site-packages/airflow/example_dags/example_external_task_marker_dag.py
[2023-05-26T21:07:02.809+0400] {processor.py:826} INFO - Processing file /home/chinnu/.local/lib/python3.10/site-packages/airflow/example_dags/example_external_task_marker_dag.py for tasks to queue
[2023-05-26T21:07:02.811+0400] {logging_mixin.py:149} INFO - [2023-05-26T21:07:02.811+0400] {dagbag.py:541} INFO - Filling up the DagBag from /home/chinnu/.local/lib/python3.10/site-packages/airflow/example_dags/example_external_task_marker_dag.py
[2023-05-26T21:07:03.031+0400] {processor.py:836} INFO - DAG(s) dict_keys(['example_external_task_marker_parent', 'example_external_task_marker_child']) retrieved from /home/chinnu/.local/lib/python3.10/site-packages/airflow/example_dags/example_external_task_marker_dag.py
[2023-05-26T21:07:03.054+0400] {logging_mixin.py:149} INFO - [2023-05-26T21:07:03.054+0400] {dag.py:2726} INFO - Sync 2 DAGs
[2023-05-26T21:07:03.076+0400] {logging_mixin.py:149} INFO - [2023-05-26T21:07:03.076+0400] {dag.py:3486} INFO - Setting next_dagrun for example_external_task_marker_child to None, run_after=None
[2023-05-26T21:07:03.079+0400] {logging_mixin.py:149} INFO - [2023-05-26T21:07:03.079+0400] {dag.py:3486} INFO - Setting next_dagrun for example_external_task_marker_parent to None, run_after=None
[2023-05-26T21:07:03.111+0400] {processor.py:179} INFO - Processing /home/chinnu/.local/lib/python3.10/site-packages/airflow/example_dags/example_external_task_marker_dag.py took 0.320 seconds
[2023-05-26T21:10:57.906+0400] {processor.py:157} INFO - Started process (PID=1936) to work on /home/chinnu/.local/lib/python3.10/site-packages/airflow/example_dags/example_external_task_marker_dag.py
[2023-05-26T21:10:57.908+0400] {processor.py:826} INFO - Processing file /home/chinnu/.local/lib/python3.10/site-packages/airflow/example_dags/example_external_task_marker_dag.py for tasks to queue
[2023-05-26T21:10:57.909+0400] {logging_mixin.py:149} INFO - [2023-05-26T21:10:57.909+0400] {dagbag.py:541} INFO - Filling up the DagBag from /home/chinnu/.local/lib/python3.10/site-packages/airflow/example_dags/example_external_task_marker_dag.py
[2023-05-26T21:10:57.923+0400] {processor.py:836} INFO - DAG(s) dict_keys(['example_external_task_marker_child', 'example_external_task_marker_parent']) retrieved from /home/chinnu/.local/lib/python3.10/site-packages/airflow/example_dags/example_external_task_marker_dag.py
[2023-05-26T21:10:58.006+0400] {logging_mixin.py:149} INFO - [2023-05-26T21:10:58.005+0400] {dag.py:2726} INFO - Sync 2 DAGs
[2023-05-26T21:10:58.169+0400] {logging_mixin.py:149} INFO - [2023-05-26T21:10:58.168+0400] {dag.py:3486} INFO - Setting next_dagrun for example_external_task_marker_child to None, run_after=None
[2023-05-26T21:10:58.171+0400] {logging_mixin.py:149} INFO - [2023-05-26T21:10:58.171+0400] {dag.py:3486} INFO - Setting next_dagrun for example_external_task_marker_parent to None, run_after=None
[2023-05-26T21:10:58.205+0400] {processor.py:179} INFO - Processing /home/chinnu/.local/lib/python3.10/site-packages/airflow/example_dags/example_external_task_marker_dag.py took 0.309 seconds
[2023-05-26T21:12:55.165+0400] {processor.py:157} INFO - Started process (PID=2041) to work on /home/chinnu/.local/lib/python3.10/site-packages/airflow/example_dags/example_external_task_marker_dag.py
[2023-05-26T21:12:55.168+0400] {processor.py:826} INFO - Processing file /home/chinnu/.local/lib/python3.10/site-packages/airflow/example_dags/example_external_task_marker_dag.py for tasks to queue
[2023-05-26T21:12:55.169+0400] {logging_mixin.py:149} INFO - [2023-05-26T21:12:55.169+0400] {dagbag.py:541} INFO - Filling up the DagBag from /home/chinnu/.local/lib/python3.10/site-packages/airflow/example_dags/example_external_task_marker_dag.py
[2023-05-26T21:12:55.190+0400] {processor.py:836} INFO - DAG(s) dict_keys(['example_external_task_marker_parent', 'example_external_task_marker_child']) retrieved from /home/chinnu/.local/lib/python3.10/site-packages/airflow/example_dags/example_external_task_marker_dag.py
[2023-05-26T21:12:55.270+0400] {logging_mixin.py:149} INFO - [2023-05-26T21:12:55.269+0400] {dag.py:2726} INFO - Sync 2 DAGs
[2023-05-26T21:12:55.321+0400] {logging_mixin.py:149} INFO - [2023-05-26T21:12:55.321+0400] {dag.py:3486} INFO - Setting next_dagrun for example_external_task_marker_child to None, run_after=None
[2023-05-26T21:12:55.331+0400] {logging_mixin.py:149} INFO - [2023-05-26T21:12:55.331+0400] {dag.py:3486} INFO - Setting next_dagrun for example_external_task_marker_parent to None, run_after=None
[2023-05-26T21:12:55.382+0400] {processor.py:179} INFO - Processing /home/chinnu/.local/lib/python3.10/site-packages/airflow/example_dags/example_external_task_marker_dag.py took 0.230 seconds
[2023-05-26T21:13:39.210+0400] {processor.py:157} INFO - Started process (PID=2093) to work on /home/chinnu/.local/lib/python3.10/site-packages/airflow/example_dags/example_external_task_marker_dag.py
[2023-05-26T21:13:39.215+0400] {processor.py:826} INFO - Processing file /home/chinnu/.local/lib/python3.10/site-packages/airflow/example_dags/example_external_task_marker_dag.py for tasks to queue
[2023-05-26T21:13:39.217+0400] {logging_mixin.py:149} INFO - [2023-05-26T21:13:39.217+0400] {dagbag.py:541} INFO - Filling up the DagBag from /home/chinnu/.local/lib/python3.10/site-packages/airflow/example_dags/example_external_task_marker_dag.py
[2023-05-26T21:13:39.258+0400] {processor.py:836} INFO - DAG(s) dict_keys(['example_external_task_marker_child', 'example_external_task_marker_parent']) retrieved from /home/chinnu/.local/lib/python3.10/site-packages/airflow/example_dags/example_external_task_marker_dag.py
[2023-05-26T21:13:39.347+0400] {logging_mixin.py:149} INFO - [2023-05-26T21:13:39.346+0400] {dag.py:2726} INFO - Sync 2 DAGs
[2023-05-26T21:13:39.382+0400] {logging_mixin.py:149} INFO - [2023-05-26T21:13:39.382+0400] {dag.py:3486} INFO - Setting next_dagrun for example_external_task_marker_child to None, run_after=None
[2023-05-26T21:13:39.387+0400] {logging_mixin.py:149} INFO - [2023-05-26T21:13:39.387+0400] {dag.py:3486} INFO - Setting next_dagrun for example_external_task_marker_parent to None, run_after=None
[2023-05-26T21:13:39.428+0400] {processor.py:179} INFO - Processing /home/chinnu/.local/lib/python3.10/site-packages/airflow/example_dags/example_external_task_marker_dag.py took 0.251 seconds
[2023-05-26T21:14:25.711+0400] {processor.py:157} INFO - Started process (PID=2146) to work on /home/chinnu/.local/lib/python3.10/site-packages/airflow/example_dags/example_external_task_marker_dag.py
[2023-05-26T21:14:25.714+0400] {processor.py:826} INFO - Processing file /home/chinnu/.local/lib/python3.10/site-packages/airflow/example_dags/example_external_task_marker_dag.py for tasks to queue
[2023-05-26T21:14:25.716+0400] {logging_mixin.py:149} INFO - [2023-05-26T21:14:25.715+0400] {dagbag.py:541} INFO - Filling up the DagBag from /home/chinnu/.local/lib/python3.10/site-packages/airflow/example_dags/example_external_task_marker_dag.py
[2023-05-26T21:14:25.730+0400] {processor.py:836} INFO - DAG(s) dict_keys(['example_external_task_marker_child', 'example_external_task_marker_parent']) retrieved from /home/chinnu/.local/lib/python3.10/site-packages/airflow/example_dags/example_external_task_marker_dag.py
[2023-05-26T21:14:25.771+0400] {logging_mixin.py:149} INFO - [2023-05-26T21:14:25.771+0400] {dag.py:2726} INFO - Sync 2 DAGs
[2023-05-26T21:14:25.795+0400] {logging_mixin.py:149} INFO - [2023-05-26T21:14:25.795+0400] {dag.py:3486} INFO - Setting next_dagrun for example_external_task_marker_child to None, run_after=None
[2023-05-26T21:14:25.798+0400] {logging_mixin.py:149} INFO - [2023-05-26T21:14:25.798+0400] {dag.py:3486} INFO - Setting next_dagrun for example_external_task_marker_parent to None, run_after=None
[2023-05-26T21:14:25.828+0400] {processor.py:179} INFO - Processing /home/chinnu/.local/lib/python3.10/site-packages/airflow/example_dags/example_external_task_marker_dag.py took 0.132 seconds
[2023-05-26T21:15:08.029+0400] {processor.py:157} INFO - Started process (PID=9393) to work on /home/chinnu/.local/lib/python3.10/site-packages/airflow/example_dags/example_external_task_marker_dag.py
[2023-05-26T21:15:08.031+0400] {processor.py:826} INFO - Processing file /home/chinnu/.local/lib/python3.10/site-packages/airflow/example_dags/example_external_task_marker_dag.py for tasks to queue
[2023-05-26T21:15:08.033+0400] {logging_mixin.py:149} INFO - [2023-05-26T21:15:08.032+0400] {dagbag.py:541} INFO - Filling up the DagBag from /home/chinnu/.local/lib/python3.10/site-packages/airflow/example_dags/example_external_task_marker_dag.py
[2023-05-26T21:15:08.050+0400] {processor.py:836} INFO - DAG(s) dict_keys(['example_external_task_marker_child', 'example_external_task_marker_parent']) retrieved from /home/chinnu/.local/lib/python3.10/site-packages/airflow/example_dags/example_external_task_marker_dag.py
[2023-05-26T21:15:08.111+0400] {logging_mixin.py:149} INFO - [2023-05-26T21:15:08.111+0400] {dag.py:2726} INFO - Sync 2 DAGs
[2023-05-26T21:15:08.154+0400] {logging_mixin.py:149} INFO - [2023-05-26T21:15:08.154+0400] {dag.py:3486} INFO - Setting next_dagrun for example_external_task_marker_child to None, run_after=None
[2023-05-26T21:15:08.160+0400] {logging_mixin.py:149} INFO - [2023-05-26T21:15:08.160+0400] {dag.py:3486} INFO - Setting next_dagrun for example_external_task_marker_parent to None, run_after=None
[2023-05-26T21:15:08.204+0400] {processor.py:179} INFO - Processing /home/chinnu/.local/lib/python3.10/site-packages/airflow/example_dags/example_external_task_marker_dag.py took 0.189 seconds
[2023-05-26T21:15:56.374+0400] {processor.py:157} INFO - Started process (PID=9467) to work on /home/chinnu/.local/lib/python3.10/site-packages/airflow/example_dags/example_external_task_marker_dag.py
[2023-05-26T21:15:56.377+0400] {processor.py:826} INFO - Processing file /home/chinnu/.local/lib/python3.10/site-packages/airflow/example_dags/example_external_task_marker_dag.py for tasks to queue
[2023-05-26T21:15:56.378+0400] {logging_mixin.py:149} INFO - [2023-05-26T21:15:56.377+0400] {dagbag.py:541} INFO - Filling up the DagBag from /home/chinnu/.local/lib/python3.10/site-packages/airflow/example_dags/example_external_task_marker_dag.py
[2023-05-26T21:15:56.391+0400] {processor.py:836} INFO - DAG(s) dict_keys(['example_external_task_marker_child', 'example_external_task_marker_parent']) retrieved from /home/chinnu/.local/lib/python3.10/site-packages/airflow/example_dags/example_external_task_marker_dag.py
[2023-05-26T21:15:56.430+0400] {logging_mixin.py:149} INFO - [2023-05-26T21:15:56.430+0400] {dag.py:2726} INFO - Sync 2 DAGs
[2023-05-26T21:15:56.454+0400] {logging_mixin.py:149} INFO - [2023-05-26T21:15:56.454+0400] {dag.py:3486} INFO - Setting next_dagrun for example_external_task_marker_child to None, run_after=None
[2023-05-26T21:15:56.458+0400] {logging_mixin.py:149} INFO - [2023-05-26T21:15:56.457+0400] {dag.py:3486} INFO - Setting next_dagrun for example_external_task_marker_parent to None, run_after=None
[2023-05-26T21:15:56.481+0400] {processor.py:179} INFO - Processing /home/chinnu/.local/lib/python3.10/site-packages/airflow/example_dags/example_external_task_marker_dag.py took 0.119 seconds
[2023-05-26T21:17:33.068+0400] {processor.py:157} INFO - Started process (PID=16773) to work on /home/chinnu/.local/lib/python3.10/site-packages/airflow/example_dags/example_external_task_marker_dag.py
[2023-05-26T21:17:33.071+0400] {processor.py:826} INFO - Processing file /home/chinnu/.local/lib/python3.10/site-packages/airflow/example_dags/example_external_task_marker_dag.py for tasks to queue
[2023-05-26T21:17:33.072+0400] {logging_mixin.py:149} INFO - [2023-05-26T21:17:33.072+0400] {dagbag.py:541} INFO - Filling up the DagBag from /home/chinnu/.local/lib/python3.10/site-packages/airflow/example_dags/example_external_task_marker_dag.py
[2023-05-26T21:17:33.087+0400] {processor.py:836} INFO - DAG(s) dict_keys(['example_external_task_marker_parent', 'example_external_task_marker_child']) retrieved from /home/chinnu/.local/lib/python3.10/site-packages/airflow/example_dags/example_external_task_marker_dag.py
[2023-05-26T21:17:33.126+0400] {logging_mixin.py:149} INFO - [2023-05-26T21:17:33.126+0400] {dag.py:2726} INFO - Sync 2 DAGs
[2023-05-26T21:17:33.149+0400] {logging_mixin.py:149} INFO - [2023-05-26T21:17:33.149+0400] {dag.py:3486} INFO - Setting next_dagrun for example_external_task_marker_child to None, run_after=None
[2023-05-26T21:17:33.153+0400] {logging_mixin.py:149} INFO - [2023-05-26T21:17:33.153+0400] {dag.py:3486} INFO - Setting next_dagrun for example_external_task_marker_parent to None, run_after=None
[2023-05-26T21:17:33.177+0400] {processor.py:179} INFO - Processing /home/chinnu/.local/lib/python3.10/site-packages/airflow/example_dags/example_external_task_marker_dag.py took 0.121 seconds
[2023-05-26T21:19:15.070+0400] {processor.py:157} INFO - Started process (PID=16866) to work on /home/chinnu/.local/lib/python3.10/site-packages/airflow/example_dags/example_external_task_marker_dag.py
[2023-05-26T21:19:15.077+0400] {processor.py:826} INFO - Processing file /home/chinnu/.local/lib/python3.10/site-packages/airflow/example_dags/example_external_task_marker_dag.py for tasks to queue
[2023-05-26T21:19:15.079+0400] {logging_mixin.py:149} INFO - [2023-05-26T21:19:15.078+0400] {dagbag.py:541} INFO - Filling up the DagBag from /home/chinnu/.local/lib/python3.10/site-packages/airflow/example_dags/example_external_task_marker_dag.py
[2023-05-26T21:19:15.106+0400] {processor.py:836} INFO - DAG(s) dict_keys(['example_external_task_marker_parent', 'example_external_task_marker_child']) retrieved from /home/chinnu/.local/lib/python3.10/site-packages/airflow/example_dags/example_external_task_marker_dag.py
[2023-05-26T21:19:15.205+0400] {logging_mixin.py:149} INFO - [2023-05-26T21:19:15.204+0400] {dag.py:2726} INFO - Sync 2 DAGs
[2023-05-26T21:19:15.494+0400] {logging_mixin.py:149} INFO - [2023-05-26T21:19:15.493+0400] {dag.py:3486} INFO - Setting next_dagrun for example_external_task_marker_child to None, run_after=None
[2023-05-26T21:19:15.498+0400] {logging_mixin.py:149} INFO - [2023-05-26T21:19:15.498+0400] {dag.py:3486} INFO - Setting next_dagrun for example_external_task_marker_parent to None, run_after=None
[2023-05-26T21:19:15.547+0400] {processor.py:179} INFO - Processing /home/chinnu/.local/lib/python3.10/site-packages/airflow/example_dags/example_external_task_marker_dag.py took 0.490 seconds
[2023-05-26T21:20:27.973+0400] {processor.py:157} INFO - Started process (PID=16948) to work on /home/chinnu/.local/lib/python3.10/site-packages/airflow/example_dags/example_external_task_marker_dag.py
[2023-05-26T21:20:27.975+0400] {processor.py:826} INFO - Processing file /home/chinnu/.local/lib/python3.10/site-packages/airflow/example_dags/example_external_task_marker_dag.py for tasks to queue
[2023-05-26T21:20:27.977+0400] {logging_mixin.py:149} INFO - [2023-05-26T21:20:27.976+0400] {dagbag.py:541} INFO - Filling up the DagBag from /home/chinnu/.local/lib/python3.10/site-packages/airflow/example_dags/example_external_task_marker_dag.py
[2023-05-26T21:20:27.991+0400] {processor.py:836} INFO - DAG(s) dict_keys(['example_external_task_marker_parent', 'example_external_task_marker_child']) retrieved from /home/chinnu/.local/lib/python3.10/site-packages/airflow/example_dags/example_external_task_marker_dag.py
[2023-05-26T21:20:28.052+0400] {logging_mixin.py:149} INFO - [2023-05-26T21:20:28.052+0400] {dag.py:2726} INFO - Sync 2 DAGs
[2023-05-26T21:20:28.090+0400] {logging_mixin.py:149} INFO - [2023-05-26T21:20:28.090+0400] {dag.py:3486} INFO - Setting next_dagrun for example_external_task_marker_child to None, run_after=None
[2023-05-26T21:20:28.099+0400] {logging_mixin.py:149} INFO - [2023-05-26T21:20:28.099+0400] {dag.py:3486} INFO - Setting next_dagrun for example_external_task_marker_parent to None, run_after=None
[2023-05-26T21:20:28.139+0400] {processor.py:179} INFO - Processing /home/chinnu/.local/lib/python3.10/site-packages/airflow/example_dags/example_external_task_marker_dag.py took 0.175 seconds
[2023-05-26T21:21:12.609+0400] {processor.py:157} INFO - Started process (PID=16999) to work on /home/chinnu/.local/lib/python3.10/site-packages/airflow/example_dags/example_external_task_marker_dag.py
[2023-05-26T21:21:12.611+0400] {processor.py:826} INFO - Processing file /home/chinnu/.local/lib/python3.10/site-packages/airflow/example_dags/example_external_task_marker_dag.py for tasks to queue
[2023-05-26T21:21:12.613+0400] {logging_mixin.py:149} INFO - [2023-05-26T21:21:12.612+0400] {dagbag.py:541} INFO - Filling up the DagBag from /home/chinnu/.local/lib/python3.10/site-packages/airflow/example_dags/example_external_task_marker_dag.py
[2023-05-26T21:21:12.628+0400] {processor.py:836} INFO - DAG(s) dict_keys(['example_external_task_marker_parent', 'example_external_task_marker_child']) retrieved from /home/chinnu/.local/lib/python3.10/site-packages/airflow/example_dags/example_external_task_marker_dag.py
[2023-05-26T21:21:12.672+0400] {logging_mixin.py:149} INFO - [2023-05-26T21:21:12.672+0400] {dag.py:2726} INFO - Sync 2 DAGs
[2023-05-26T21:21:12.696+0400] {logging_mixin.py:149} INFO - [2023-05-26T21:21:12.696+0400] {dag.py:3486} INFO - Setting next_dagrun for example_external_task_marker_child to None, run_after=None
[2023-05-26T21:21:12.700+0400] {logging_mixin.py:149} INFO - [2023-05-26T21:21:12.700+0400] {dag.py:3486} INFO - Setting next_dagrun for example_external_task_marker_parent to None, run_after=None
[2023-05-26T21:21:12.725+0400] {processor.py:179} INFO - Processing /home/chinnu/.local/lib/python3.10/site-packages/airflow/example_dags/example_external_task_marker_dag.py took 0.125 seconds
[2023-05-26T21:21:55.359+0400] {processor.py:157} INFO - Started process (PID=17049) to work on /home/chinnu/.local/lib/python3.10/site-packages/airflow/example_dags/example_external_task_marker_dag.py
[2023-05-26T21:21:55.361+0400] {processor.py:826} INFO - Processing file /home/chinnu/.local/lib/python3.10/site-packages/airflow/example_dags/example_external_task_marker_dag.py for tasks to queue
[2023-05-26T21:21:55.363+0400] {logging_mixin.py:149} INFO - [2023-05-26T21:21:55.362+0400] {dagbag.py:541} INFO - Filling up the DagBag from /home/chinnu/.local/lib/python3.10/site-packages/airflow/example_dags/example_external_task_marker_dag.py
[2023-05-26T21:21:55.380+0400] {processor.py:836} INFO - DAG(s) dict_keys(['example_external_task_marker_parent', 'example_external_task_marker_child']) retrieved from /home/chinnu/.local/lib/python3.10/site-packages/airflow/example_dags/example_external_task_marker_dag.py
[2023-05-26T21:21:55.443+0400] {logging_mixin.py:149} INFO - [2023-05-26T21:21:55.443+0400] {dag.py:2726} INFO - Sync 2 DAGs
[2023-05-26T21:21:55.478+0400] {logging_mixin.py:149} INFO - [2023-05-26T21:21:55.477+0400] {dag.py:3486} INFO - Setting next_dagrun for example_external_task_marker_child to None, run_after=None
[2023-05-26T21:21:55.482+0400] {logging_mixin.py:149} INFO - [2023-05-26T21:21:55.482+0400] {dag.py:3486} INFO - Setting next_dagrun for example_external_task_marker_parent to None, run_after=None
[2023-05-26T21:21:55.543+0400] {processor.py:179} INFO - Processing /home/chinnu/.local/lib/python3.10/site-packages/airflow/example_dags/example_external_task_marker_dag.py took 0.197 seconds
[2023-05-26T21:22:37.260+0400] {processor.py:157} INFO - Started process (PID=17099) to work on /home/chinnu/.local/lib/python3.10/site-packages/airflow/example_dags/example_external_task_marker_dag.py
[2023-05-26T21:22:37.263+0400] {processor.py:826} INFO - Processing file /home/chinnu/.local/lib/python3.10/site-packages/airflow/example_dags/example_external_task_marker_dag.py for tasks to queue
[2023-05-26T21:22:37.265+0400] {logging_mixin.py:149} INFO - [2023-05-26T21:22:37.265+0400] {dagbag.py:541} INFO - Filling up the DagBag from /home/chinnu/.local/lib/python3.10/site-packages/airflow/example_dags/example_external_task_marker_dag.py
[2023-05-26T21:22:37.278+0400] {processor.py:836} INFO - DAG(s) dict_keys(['example_external_task_marker_parent', 'example_external_task_marker_child']) retrieved from /home/chinnu/.local/lib/python3.10/site-packages/airflow/example_dags/example_external_task_marker_dag.py
[2023-05-26T21:22:37.319+0400] {logging_mixin.py:149} INFO - [2023-05-26T21:22:37.319+0400] {dag.py:2726} INFO - Sync 2 DAGs
[2023-05-26T21:22:37.343+0400] {logging_mixin.py:149} INFO - [2023-05-26T21:22:37.342+0400] {dag.py:3486} INFO - Setting next_dagrun for example_external_task_marker_child to None, run_after=None
[2023-05-26T21:22:37.346+0400] {logging_mixin.py:149} INFO - [2023-05-26T21:22:37.346+0400] {dag.py:3486} INFO - Setting next_dagrun for example_external_task_marker_parent to None, run_after=None
[2023-05-26T21:22:37.376+0400] {processor.py:179} INFO - Processing /home/chinnu/.local/lib/python3.10/site-packages/airflow/example_dags/example_external_task_marker_dag.py took 0.130 seconds
[2023-05-26T21:23:27.793+0400] {processor.py:157} INFO - Started process (PID=17163) to work on /home/chinnu/.local/lib/python3.10/site-packages/airflow/example_dags/example_external_task_marker_dag.py
[2023-05-26T21:23:27.796+0400] {processor.py:826} INFO - Processing file /home/chinnu/.local/lib/python3.10/site-packages/airflow/example_dags/example_external_task_marker_dag.py for tasks to queue
[2023-05-26T21:23:27.798+0400] {logging_mixin.py:149} INFO - [2023-05-26T21:23:27.798+0400] {dagbag.py:541} INFO - Filling up the DagBag from /home/chinnu/.local/lib/python3.10/site-packages/airflow/example_dags/example_external_task_marker_dag.py
[2023-05-26T21:23:27.816+0400] {processor.py:836} INFO - DAG(s) dict_keys(['example_external_task_marker_parent', 'example_external_task_marker_child']) retrieved from /home/chinnu/.local/lib/python3.10/site-packages/airflow/example_dags/example_external_task_marker_dag.py
[2023-05-26T21:23:27.880+0400] {logging_mixin.py:149} INFO - [2023-05-26T21:23:27.880+0400] {dag.py:2726} INFO - Sync 2 DAGs
[2023-05-26T21:23:27.915+0400] {logging_mixin.py:149} INFO - [2023-05-26T21:23:27.915+0400] {dag.py:3486} INFO - Setting next_dagrun for example_external_task_marker_child to None, run_after=None
[2023-05-26T21:23:27.919+0400] {logging_mixin.py:149} INFO - [2023-05-26T21:23:27.919+0400] {dag.py:3486} INFO - Setting next_dagrun for example_external_task_marker_parent to None, run_after=None
[2023-05-26T21:23:27.953+0400] {processor.py:179} INFO - Processing /home/chinnu/.local/lib/python3.10/site-packages/airflow/example_dags/example_external_task_marker_dag.py took 0.171 seconds
[2023-05-26T21:24:18.578+0400] {processor.py:157} INFO - Started process (PID=17222) to work on /home/chinnu/.local/lib/python3.10/site-packages/airflow/example_dags/example_external_task_marker_dag.py
[2023-05-26T21:24:18.581+0400] {processor.py:826} INFO - Processing file /home/chinnu/.local/lib/python3.10/site-packages/airflow/example_dags/example_external_task_marker_dag.py for tasks to queue
[2023-05-26T21:24:18.583+0400] {logging_mixin.py:149} INFO - [2023-05-26T21:24:18.582+0400] {dagbag.py:541} INFO - Filling up the DagBag from /home/chinnu/.local/lib/python3.10/site-packages/airflow/example_dags/example_external_task_marker_dag.py
[2023-05-26T21:24:18.597+0400] {processor.py:836} INFO - DAG(s) dict_keys(['example_external_task_marker_parent', 'example_external_task_marker_child']) retrieved from /home/chinnu/.local/lib/python3.10/site-packages/airflow/example_dags/example_external_task_marker_dag.py
[2023-05-26T21:24:18.640+0400] {logging_mixin.py:149} INFO - [2023-05-26T21:24:18.640+0400] {dag.py:2726} INFO - Sync 2 DAGs
[2023-05-26T21:24:18.668+0400] {logging_mixin.py:149} INFO - [2023-05-26T21:24:18.667+0400] {dag.py:3486} INFO - Setting next_dagrun for example_external_task_marker_child to None, run_after=None
[2023-05-26T21:24:18.673+0400] {logging_mixin.py:149} INFO - [2023-05-26T21:24:18.672+0400] {dag.py:3486} INFO - Setting next_dagrun for example_external_task_marker_parent to None, run_after=None
[2023-05-26T21:24:18.704+0400] {processor.py:179} INFO - Processing /home/chinnu/.local/lib/python3.10/site-packages/airflow/example_dags/example_external_task_marker_dag.py took 0.135 seconds
[2023-05-26T21:24:56.563+0400] {processor.py:157} INFO - Started process (PID=17272) to work on /home/chinnu/.local/lib/python3.10/site-packages/airflow/example_dags/example_external_task_marker_dag.py
[2023-05-26T21:24:56.565+0400] {processor.py:826} INFO - Processing file /home/chinnu/.local/lib/python3.10/site-packages/airflow/example_dags/example_external_task_marker_dag.py for tasks to queue
[2023-05-26T21:24:56.566+0400] {logging_mixin.py:149} INFO - [2023-05-26T21:24:56.566+0400] {dagbag.py:541} INFO - Filling up the DagBag from /home/chinnu/.local/lib/python3.10/site-packages/airflow/example_dags/example_external_task_marker_dag.py
[2023-05-26T21:24:56.580+0400] {processor.py:836} INFO - DAG(s) dict_keys(['example_external_task_marker_parent', 'example_external_task_marker_child']) retrieved from /home/chinnu/.local/lib/python3.10/site-packages/airflow/example_dags/example_external_task_marker_dag.py
[2023-05-26T21:24:56.616+0400] {logging_mixin.py:149} INFO - [2023-05-26T21:24:56.616+0400] {dag.py:2726} INFO - Sync 2 DAGs
[2023-05-26T21:24:56.640+0400] {logging_mixin.py:149} INFO - [2023-05-26T21:24:56.640+0400] {dag.py:3486} INFO - Setting next_dagrun for example_external_task_marker_child to None, run_after=None
[2023-05-26T21:24:56.643+0400] {logging_mixin.py:149} INFO - [2023-05-26T21:24:56.643+0400] {dag.py:3486} INFO - Setting next_dagrun for example_external_task_marker_parent to None, run_after=None
[2023-05-26T21:24:56.671+0400] {processor.py:179} INFO - Processing /home/chinnu/.local/lib/python3.10/site-packages/airflow/example_dags/example_external_task_marker_dag.py took 0.116 seconds
[2023-05-26T21:48:42.390+0400] {processor.py:157} INFO - Started process (PID=97) to work on /home/chinnu/.local/lib/python3.10/site-packages/airflow/example_dags/example_external_task_marker_dag.py
[2023-05-26T21:48:42.392+0400] {processor.py:826} INFO - Processing file /home/chinnu/.local/lib/python3.10/site-packages/airflow/example_dags/example_external_task_marker_dag.py for tasks to queue
[2023-05-26T21:48:42.393+0400] {logging_mixin.py:149} INFO - [2023-05-26T21:48:42.393+0400] {dagbag.py:541} INFO - Filling up the DagBag from /home/chinnu/.local/lib/python3.10/site-packages/airflow/example_dags/example_external_task_marker_dag.py
[2023-05-26T21:48:42.404+0400] {processor.py:836} INFO - DAG(s) dict_keys(['example_external_task_marker_child', 'example_external_task_marker_parent']) retrieved from /home/chinnu/.local/lib/python3.10/site-packages/airflow/example_dags/example_external_task_marker_dag.py
[2023-05-26T21:48:42.440+0400] {logging_mixin.py:149} INFO - [2023-05-26T21:48:42.440+0400] {dag.py:2726} INFO - Sync 2 DAGs
[2023-05-26T21:48:42.464+0400] {logging_mixin.py:149} INFO - [2023-05-26T21:48:42.464+0400] {dag.py:3486} INFO - Setting next_dagrun for example_external_task_marker_child to None, run_after=None
[2023-05-26T21:48:42.468+0400] {logging_mixin.py:149} INFO - [2023-05-26T21:48:42.468+0400] {dag.py:3486} INFO - Setting next_dagrun for example_external_task_marker_parent to None, run_after=None
[2023-05-26T21:48:42.501+0400] {processor.py:179} INFO - Processing /home/chinnu/.local/lib/python3.10/site-packages/airflow/example_dags/example_external_task_marker_dag.py took 0.117 seconds
[2023-05-26T21:52:48.234+0400] {processor.py:157} INFO - Started process (PID=79) to work on /home/chinnu/.local/lib/python3.10/site-packages/airflow/example_dags/example_external_task_marker_dag.py
[2023-05-26T21:52:48.237+0400] {processor.py:826} INFO - Processing file /home/chinnu/.local/lib/python3.10/site-packages/airflow/example_dags/example_external_task_marker_dag.py for tasks to queue
[2023-05-26T21:52:48.238+0400] {logging_mixin.py:149} INFO - [2023-05-26T21:52:48.238+0400] {dagbag.py:541} INFO - Filling up the DagBag from /home/chinnu/.local/lib/python3.10/site-packages/airflow/example_dags/example_external_task_marker_dag.py
[2023-05-26T21:52:48.259+0400] {processor.py:836} INFO - DAG(s) dict_keys(['example_external_task_marker_parent', 'example_external_task_marker_child']) retrieved from /home/chinnu/.local/lib/python3.10/site-packages/airflow/example_dags/example_external_task_marker_dag.py
[2023-05-26T21:52:48.386+0400] {logging_mixin.py:149} INFO - [2023-05-26T21:52:48.385+0400] {dag.py:2726} INFO - Sync 2 DAGs
[2023-05-26T21:52:48.629+0400] {logging_mixin.py:149} INFO - [2023-05-26T21:52:48.629+0400] {dag.py:3486} INFO - Setting next_dagrun for example_external_task_marker_child to None, run_after=None
[2023-05-26T21:52:48.635+0400] {logging_mixin.py:149} INFO - [2023-05-26T21:52:48.635+0400] {dag.py:3486} INFO - Setting next_dagrun for example_external_task_marker_parent to None, run_after=None
[2023-05-26T21:52:48.674+0400] {processor.py:179} INFO - Processing /home/chinnu/.local/lib/python3.10/site-packages/airflow/example_dags/example_external_task_marker_dag.py took 0.449 seconds
[2023-05-26T21:53:47.759+0400] {processor.py:157} INFO - Started process (PID=132) to work on /home/chinnu/.local/lib/python3.10/site-packages/airflow/example_dags/example_external_task_marker_dag.py
[2023-05-26T21:53:47.762+0400] {processor.py:826} INFO - Processing file /home/chinnu/.local/lib/python3.10/site-packages/airflow/example_dags/example_external_task_marker_dag.py for tasks to queue
[2023-05-26T21:53:47.764+0400] {logging_mixin.py:149} INFO - [2023-05-26T21:53:47.764+0400] {dagbag.py:541} INFO - Filling up the DagBag from /home/chinnu/.local/lib/python3.10/site-packages/airflow/example_dags/example_external_task_marker_dag.py
[2023-05-26T21:53:48.214+0400] {processor.py:836} INFO - DAG(s) dict_keys(['example_external_task_marker_child', 'example_external_task_marker_parent']) retrieved from /home/chinnu/.local/lib/python3.10/site-packages/airflow/example_dags/example_external_task_marker_dag.py
[2023-05-26T21:53:48.264+0400] {logging_mixin.py:149} INFO - [2023-05-26T21:53:48.264+0400] {dag.py:2726} INFO - Sync 2 DAGs
[2023-05-26T21:53:48.295+0400] {logging_mixin.py:149} INFO - [2023-05-26T21:53:48.295+0400] {dag.py:3486} INFO - Setting next_dagrun for example_external_task_marker_child to None, run_after=None
[2023-05-26T21:53:48.299+0400] {logging_mixin.py:149} INFO - [2023-05-26T21:53:48.299+0400] {dag.py:3486} INFO - Setting next_dagrun for example_external_task_marker_parent to None, run_after=None
[2023-05-26T21:53:48.337+0400] {processor.py:179} INFO - Processing /home/chinnu/.local/lib/python3.10/site-packages/airflow/example_dags/example_external_task_marker_dag.py took 0.589 seconds
[2023-05-26T22:06:33.137+0400] {processor.py:157} INFO - Started process (PID=2548) to work on /home/chinnu/.local/lib/python3.10/site-packages/airflow/example_dags/example_external_task_marker_dag.py
[2023-05-26T22:06:33.142+0400] {processor.py:826} INFO - Processing file /home/chinnu/.local/lib/python3.10/site-packages/airflow/example_dags/example_external_task_marker_dag.py for tasks to queue
[2023-05-26T22:06:33.143+0400] {logging_mixin.py:149} INFO - [2023-05-26T22:06:33.143+0400] {dagbag.py:541} INFO - Filling up the DagBag from /home/chinnu/.local/lib/python3.10/site-packages/airflow/example_dags/example_external_task_marker_dag.py
[2023-05-26T22:06:33.159+0400] {processor.py:836} INFO - DAG(s) dict_keys(['example_external_task_marker_parent', 'example_external_task_marker_child']) retrieved from /home/chinnu/.local/lib/python3.10/site-packages/airflow/example_dags/example_external_task_marker_dag.py
[2023-05-26T22:06:33.310+0400] {logging_mixin.py:149} INFO - [2023-05-26T22:06:33.310+0400] {dag.py:2726} INFO - Sync 2 DAGs
[2023-05-26T22:06:33.376+0400] {logging_mixin.py:149} INFO - [2023-05-26T22:06:33.376+0400] {dag.py:3486} INFO - Setting next_dagrun for example_external_task_marker_child to None, run_after=None
[2023-05-26T22:06:33.383+0400] {logging_mixin.py:149} INFO - [2023-05-26T22:06:33.383+0400] {dag.py:3486} INFO - Setting next_dagrun for example_external_task_marker_parent to None, run_after=None
[2023-05-26T22:06:33.815+0400] {processor.py:179} INFO - Processing /home/chinnu/.local/lib/python3.10/site-packages/airflow/example_dags/example_external_task_marker_dag.py took 0.691 seconds
[2023-05-26T22:08:14.640+0400] {processor.py:157} INFO - Started process (PID=2615) to work on /home/chinnu/.local/lib/python3.10/site-packages/airflow/example_dags/example_external_task_marker_dag.py
[2023-05-26T22:08:14.647+0400] {processor.py:826} INFO - Processing file /home/chinnu/.local/lib/python3.10/site-packages/airflow/example_dags/example_external_task_marker_dag.py for tasks to queue
[2023-05-26T22:08:14.650+0400] {logging_mixin.py:149} INFO - [2023-05-26T22:08:14.650+0400] {dagbag.py:541} INFO - Filling up the DagBag from /home/chinnu/.local/lib/python3.10/site-packages/airflow/example_dags/example_external_task_marker_dag.py
[2023-05-26T22:08:14.685+0400] {processor.py:836} INFO - DAG(s) dict_keys(['example_external_task_marker_parent', 'example_external_task_marker_child']) retrieved from /home/chinnu/.local/lib/python3.10/site-packages/airflow/example_dags/example_external_task_marker_dag.py
[2023-05-26T22:08:14.870+0400] {logging_mixin.py:149} INFO - [2023-05-26T22:08:14.870+0400] {dag.py:2726} INFO - Sync 2 DAGs
[2023-05-26T22:08:15.031+0400] {logging_mixin.py:149} INFO - [2023-05-26T22:08:15.030+0400] {dag.py:3486} INFO - Setting next_dagrun for example_external_task_marker_child to None, run_after=None
[2023-05-26T22:08:15.046+0400] {logging_mixin.py:149} INFO - [2023-05-26T22:08:15.046+0400] {dag.py:3486} INFO - Setting next_dagrun for example_external_task_marker_parent to None, run_after=None
[2023-05-26T22:08:15.205+0400] {processor.py:179} INFO - Processing /home/chinnu/.local/lib/python3.10/site-packages/airflow/example_dags/example_external_task_marker_dag.py took 0.580 seconds
