[2023-05-26T19:39:00.227+0400] {processor.py:157} INFO - Started process (PID=227) to work on /home/chinnu/.local/lib/python3.10/site-packages/airflow/example_dags/example_latest_only_with_trigger.py
[2023-05-26T19:39:00.229+0400] {processor.py:826} INFO - Processing file /home/chinnu/.local/lib/python3.10/site-packages/airflow/example_dags/example_latest_only_with_trigger.py for tasks to queue
[2023-05-26T19:39:00.230+0400] {logging_mixin.py:149} INFO - [2023-05-26T19:39:00.230+0400] {dagbag.py:541} INFO - Filling up the DagBag from /home/chinnu/.local/lib/python3.10/site-packages/airflow/example_dags/example_latest_only_with_trigger.py
[2023-05-26T19:39:00.246+0400] {processor.py:836} INFO - DAG(s) dict_keys(['latest_only_with_trigger']) retrieved from /home/chinnu/.local/lib/python3.10/site-packages/airflow/example_dags/example_latest_only_with_trigger.py
[2023-05-26T19:39:00.283+0400] {logging_mixin.py:149} INFO - [2023-05-26T19:39:00.283+0400] {dag.py:2726} INFO - Sync 1 DAGs
[2023-05-26T19:39:00.304+0400] {logging_mixin.py:149} INFO - [2023-05-26T19:39:00.304+0400] {dag.py:3486} INFO - Setting next_dagrun for latest_only_with_trigger to 2023-05-26T11:39:00.304362+00:00, run_after=2023-05-26T15:39:00.304362+00:00
[2023-05-26T19:39:00.341+0400] {processor.py:179} INFO - Processing /home/chinnu/.local/lib/python3.10/site-packages/airflow/example_dags/example_latest_only_with_trigger.py took 0.122 seconds
[2023-05-26T19:39:54.995+0400] {processor.py:157} INFO - Started process (PID=277) to work on /home/chinnu/.local/lib/python3.10/site-packages/airflow/example_dags/example_latest_only_with_trigger.py
[2023-05-26T19:39:54.997+0400] {processor.py:826} INFO - Processing file /home/chinnu/.local/lib/python3.10/site-packages/airflow/example_dags/example_latest_only_with_trigger.py for tasks to queue
[2023-05-26T19:39:54.998+0400] {logging_mixin.py:149} INFO - [2023-05-26T19:39:54.997+0400] {dagbag.py:541} INFO - Filling up the DagBag from /home/chinnu/.local/lib/python3.10/site-packages/airflow/example_dags/example_latest_only_with_trigger.py
[2023-05-26T19:39:55.012+0400] {processor.py:836} INFO - DAG(s) dict_keys(['latest_only_with_trigger']) retrieved from /home/chinnu/.local/lib/python3.10/site-packages/airflow/example_dags/example_latest_only_with_trigger.py
[2023-05-26T19:39:55.046+0400] {logging_mixin.py:149} INFO - [2023-05-26T19:39:55.046+0400] {dag.py:2726} INFO - Sync 1 DAGs
[2023-05-26T19:39:55.066+0400] {logging_mixin.py:149} INFO - [2023-05-26T19:39:55.066+0400] {dag.py:3486} INFO - Setting next_dagrun for latest_only_with_trigger to 2023-05-26T11:39:55.066236+00:00, run_after=2023-05-26T15:39:55.066236+00:00
[2023-05-26T19:39:55.104+0400] {processor.py:179} INFO - Processing /home/chinnu/.local/lib/python3.10/site-packages/airflow/example_dags/example_latest_only_with_trigger.py took 0.120 seconds
[2023-05-26T19:40:49.577+0400] {processor.py:157} INFO - Started process (PID=840) to work on /home/chinnu/.local/lib/python3.10/site-packages/airflow/example_dags/example_latest_only_with_trigger.py
[2023-05-26T19:40:49.583+0400] {processor.py:826} INFO - Processing file /home/chinnu/.local/lib/python3.10/site-packages/airflow/example_dags/example_latest_only_with_trigger.py for tasks to queue
[2023-05-26T19:40:49.589+0400] {logging_mixin.py:149} INFO - [2023-05-26T19:40:49.588+0400] {dagbag.py:541} INFO - Filling up the DagBag from /home/chinnu/.local/lib/python3.10/site-packages/airflow/example_dags/example_latest_only_with_trigger.py
[2023-05-26T19:40:49.644+0400] {processor.py:836} INFO - DAG(s) dict_keys(['latest_only_with_trigger']) retrieved from /home/chinnu/.local/lib/python3.10/site-packages/airflow/example_dags/example_latest_only_with_trigger.py
[2023-05-26T19:40:49.776+0400] {logging_mixin.py:149} INFO - [2023-05-26T19:40:49.776+0400] {dag.py:2726} INFO - Sync 1 DAGs
[2023-05-26T19:40:49.823+0400] {logging_mixin.py:149} INFO - [2023-05-26T19:40:49.823+0400] {dag.py:3486} INFO - Setting next_dagrun for latest_only_with_trigger to 2023-05-26T11:40:49.823196+00:00, run_after=2023-05-26T15:40:49.823196+00:00
[2023-05-26T19:40:49.863+0400] {processor.py:179} INFO - Processing /home/chinnu/.local/lib/python3.10/site-packages/airflow/example_dags/example_latest_only_with_trigger.py took 0.310 seconds
[2023-05-26T19:42:24.773+0400] {processor.py:157} INFO - Started process (PID=1442) to work on /home/chinnu/.local/lib/python3.10/site-packages/airflow/example_dags/example_latest_only_with_trigger.py
[2023-05-26T19:42:24.776+0400] {processor.py:826} INFO - Processing file /home/chinnu/.local/lib/python3.10/site-packages/airflow/example_dags/example_latest_only_with_trigger.py for tasks to queue
[2023-05-26T19:42:24.780+0400] {logging_mixin.py:149} INFO - [2023-05-26T19:42:24.779+0400] {dagbag.py:541} INFO - Filling up the DagBag from /home/chinnu/.local/lib/python3.10/site-packages/airflow/example_dags/example_latest_only_with_trigger.py
[2023-05-26T19:42:24.815+0400] {processor.py:836} INFO - DAG(s) dict_keys(['latest_only_with_trigger']) retrieved from /home/chinnu/.local/lib/python3.10/site-packages/airflow/example_dags/example_latest_only_with_trigger.py
[2023-05-26T19:42:24.928+0400] {logging_mixin.py:149} INFO - [2023-05-26T19:42:24.928+0400] {dag.py:2726} INFO - Sync 1 DAGs
[2023-05-26T19:42:25.013+0400] {logging_mixin.py:149} INFO - [2023-05-26T19:42:25.013+0400] {dag.py:3486} INFO - Setting next_dagrun for latest_only_with_trigger to 2023-05-26T11:42:25.012472+00:00, run_after=2023-05-26T15:42:25.012472+00:00
[2023-05-26T19:42:25.095+0400] {processor.py:179} INFO - Processing /home/chinnu/.local/lib/python3.10/site-packages/airflow/example_dags/example_latest_only_with_trigger.py took 0.340 seconds
[2023-05-26T19:43:40.065+0400] {processor.py:157} INFO - Started process (PID=1502) to work on /home/chinnu/.local/lib/python3.10/site-packages/airflow/example_dags/example_latest_only_with_trigger.py
[2023-05-26T19:43:40.069+0400] {processor.py:826} INFO - Processing file /home/chinnu/.local/lib/python3.10/site-packages/airflow/example_dags/example_latest_only_with_trigger.py for tasks to queue
[2023-05-26T19:43:40.071+0400] {logging_mixin.py:149} INFO - [2023-05-26T19:43:40.071+0400] {dagbag.py:541} INFO - Filling up the DagBag from /home/chinnu/.local/lib/python3.10/site-packages/airflow/example_dags/example_latest_only_with_trigger.py
[2023-05-26T19:43:40.392+0400] {processor.py:836} INFO - DAG(s) dict_keys(['latest_only_with_trigger']) retrieved from /home/chinnu/.local/lib/python3.10/site-packages/airflow/example_dags/example_latest_only_with_trigger.py
[2023-05-26T19:43:40.418+0400] {logging_mixin.py:149} INFO - [2023-05-26T19:43:40.418+0400] {dag.py:2726} INFO - Sync 1 DAGs
[2023-05-26T19:43:40.439+0400] {logging_mixin.py:149} INFO - [2023-05-26T19:43:40.438+0400] {dag.py:3486} INFO - Setting next_dagrun for latest_only_with_trigger to 2023-05-26T11:43:40.438650+00:00, run_after=2023-05-26T15:43:40.438650+00:00
[2023-05-26T19:43:40.462+0400] {processor.py:179} INFO - Processing /home/chinnu/.local/lib/python3.10/site-packages/airflow/example_dags/example_latest_only_with_trigger.py took 0.412 seconds
[2023-05-26T19:44:47.038+0400] {processor.py:157} INFO - Started process (PID=1559) to work on /home/chinnu/.local/lib/python3.10/site-packages/airflow/example_dags/example_latest_only_with_trigger.py
[2023-05-26T19:44:47.046+0400] {processor.py:826} INFO - Processing file /home/chinnu/.local/lib/python3.10/site-packages/airflow/example_dags/example_latest_only_with_trigger.py for tasks to queue
[2023-05-26T19:44:47.049+0400] {logging_mixin.py:149} INFO - [2023-05-26T19:44:47.048+0400] {dagbag.py:541} INFO - Filling up the DagBag from /home/chinnu/.local/lib/python3.10/site-packages/airflow/example_dags/example_latest_only_with_trigger.py
[2023-05-26T19:44:47.095+0400] {processor.py:836} INFO - DAG(s) dict_keys(['latest_only_with_trigger']) retrieved from /home/chinnu/.local/lib/python3.10/site-packages/airflow/example_dags/example_latest_only_with_trigger.py
[2023-05-26T19:44:47.229+0400] {logging_mixin.py:149} INFO - [2023-05-26T19:44:47.229+0400] {dag.py:2726} INFO - Sync 1 DAGs
[2023-05-26T19:44:47.317+0400] {logging_mixin.py:149} INFO - [2023-05-26T19:44:47.316+0400] {dag.py:3486} INFO - Setting next_dagrun for latest_only_with_trigger to 2023-05-26T11:44:47.316017+00:00, run_after=2023-05-26T15:44:47.316017+00:00
[2023-05-26T19:44:47.381+0400] {processor.py:179} INFO - Processing /home/chinnu/.local/lib/python3.10/site-packages/airflow/example_dags/example_latest_only_with_trigger.py took 0.366 seconds
[2023-05-26T19:45:48.833+0400] {processor.py:157} INFO - Started process (PID=1611) to work on /home/chinnu/.local/lib/python3.10/site-packages/airflow/example_dags/example_latest_only_with_trigger.py
[2023-05-26T19:45:48.836+0400] {processor.py:826} INFO - Processing file /home/chinnu/.local/lib/python3.10/site-packages/airflow/example_dags/example_latest_only_with_trigger.py for tasks to queue
[2023-05-26T19:45:48.838+0400] {logging_mixin.py:149} INFO - [2023-05-26T19:45:48.837+0400] {dagbag.py:541} INFO - Filling up the DagBag from /home/chinnu/.local/lib/python3.10/site-packages/airflow/example_dags/example_latest_only_with_trigger.py
[2023-05-26T19:45:48.859+0400] {processor.py:836} INFO - DAG(s) dict_keys(['latest_only_with_trigger']) retrieved from /home/chinnu/.local/lib/python3.10/site-packages/airflow/example_dags/example_latest_only_with_trigger.py
[2023-05-26T19:45:48.898+0400] {logging_mixin.py:149} INFO - [2023-05-26T19:45:48.898+0400] {dag.py:2726} INFO - Sync 1 DAGs
[2023-05-26T19:45:48.921+0400] {logging_mixin.py:149} INFO - [2023-05-26T19:45:48.921+0400] {dag.py:3486} INFO - Setting next_dagrun for latest_only_with_trigger to 2023-05-26T11:45:48.921418+00:00, run_after=2023-05-26T15:45:48.921418+00:00
[2023-05-26T19:45:48.961+0400] {processor.py:179} INFO - Processing /home/chinnu/.local/lib/python3.10/site-packages/airflow/example_dags/example_latest_only_with_trigger.py took 0.147 seconds
[2023-05-26T19:48:26.664+0400] {processor.py:157} INFO - Started process (PID=1707) to work on /home/chinnu/.local/lib/python3.10/site-packages/airflow/example_dags/example_latest_only_with_trigger.py
[2023-05-26T19:48:26.666+0400] {processor.py:826} INFO - Processing file /home/chinnu/.local/lib/python3.10/site-packages/airflow/example_dags/example_latest_only_with_trigger.py for tasks to queue
[2023-05-26T19:48:26.667+0400] {logging_mixin.py:149} INFO - [2023-05-26T19:48:26.667+0400] {dagbag.py:541} INFO - Filling up the DagBag from /home/chinnu/.local/lib/python3.10/site-packages/airflow/example_dags/example_latest_only_with_trigger.py
[2023-05-26T19:48:26.680+0400] {processor.py:836} INFO - DAG(s) dict_keys(['latest_only_with_trigger']) retrieved from /home/chinnu/.local/lib/python3.10/site-packages/airflow/example_dags/example_latest_only_with_trigger.py
[2023-05-26T19:48:26.719+0400] {logging_mixin.py:149} INFO - [2023-05-26T19:48:26.719+0400] {dag.py:2726} INFO - Sync 1 DAGs
[2023-05-26T19:48:26.742+0400] {logging_mixin.py:149} INFO - [2023-05-26T19:48:26.741+0400] {dag.py:3486} INFO - Setting next_dagrun for latest_only_with_trigger to 2023-05-26T11:48:26.741686+00:00, run_after=2023-05-26T15:48:26.741686+00:00
[2023-05-26T19:48:26.778+0400] {processor.py:179} INFO - Processing /home/chinnu/.local/lib/python3.10/site-packages/airflow/example_dags/example_latest_only_with_trigger.py took 0.120 seconds
[2023-05-26T21:05:50.196+0400] {processor.py:157} INFO - Started process (PID=90) to work on /home/chinnu/.local/lib/python3.10/site-packages/airflow/example_dags/example_latest_only_with_trigger.py
[2023-05-26T21:05:50.198+0400] {processor.py:826} INFO - Processing file /home/chinnu/.local/lib/python3.10/site-packages/airflow/example_dags/example_latest_only_with_trigger.py for tasks to queue
[2023-05-26T21:05:50.200+0400] {logging_mixin.py:149} INFO - [2023-05-26T21:05:50.200+0400] {dagbag.py:541} INFO - Filling up the DagBag from /home/chinnu/.local/lib/python3.10/site-packages/airflow/example_dags/example_latest_only_with_trigger.py
[2023-05-26T21:05:50.213+0400] {processor.py:836} INFO - DAG(s) dict_keys(['latest_only_with_trigger']) retrieved from /home/chinnu/.local/lib/python3.10/site-packages/airflow/example_dags/example_latest_only_with_trigger.py
[2023-05-26T21:05:50.252+0400] {logging_mixin.py:149} INFO - [2023-05-26T21:05:50.252+0400] {dag.py:2726} INFO - Sync 1 DAGs
[2023-05-26T21:05:50.275+0400] {logging_mixin.py:149} INFO - [2023-05-26T21:05:50.275+0400] {dag.py:3486} INFO - Setting next_dagrun for latest_only_with_trigger to 2023-05-26T13:05:50.275283+00:00, run_after=2023-05-26T17:05:50.275283+00:00
[2023-05-26T21:05:50.314+0400] {processor.py:179} INFO - Processing /home/chinnu/.local/lib/python3.10/site-packages/airflow/example_dags/example_latest_only_with_trigger.py took 0.125 seconds
[2023-05-26T21:07:00.083+0400] {processor.py:157} INFO - Started process (PID=173) to work on /home/chinnu/.local/lib/python3.10/site-packages/airflow/example_dags/example_latest_only_with_trigger.py
[2023-05-26T21:07:00.085+0400] {processor.py:826} INFO - Processing file /home/chinnu/.local/lib/python3.10/site-packages/airflow/example_dags/example_latest_only_with_trigger.py for tasks to queue
[2023-05-26T21:07:00.086+0400] {logging_mixin.py:149} INFO - [2023-05-26T21:07:00.086+0400] {dagbag.py:541} INFO - Filling up the DagBag from /home/chinnu/.local/lib/python3.10/site-packages/airflow/example_dags/example_latest_only_with_trigger.py
[2023-05-26T21:07:00.102+0400] {processor.py:836} INFO - DAG(s) dict_keys(['latest_only_with_trigger']) retrieved from /home/chinnu/.local/lib/python3.10/site-packages/airflow/example_dags/example_latest_only_with_trigger.py
[2023-05-26T21:07:00.315+0400] {logging_mixin.py:149} INFO - [2023-05-26T21:07:00.315+0400] {dag.py:2726} INFO - Sync 1 DAGs
[2023-05-26T21:07:00.347+0400] {logging_mixin.py:149} INFO - [2023-05-26T21:07:00.347+0400] {dag.py:3486} INFO - Setting next_dagrun for latest_only_with_trigger to 2023-05-26T13:07:00.346558+00:00, run_after=2023-05-26T17:07:00.346558+00:00
[2023-05-26T21:07:00.383+0400] {processor.py:179} INFO - Processing /home/chinnu/.local/lib/python3.10/site-packages/airflow/example_dags/example_latest_only_with_trigger.py took 0.311 seconds
[2023-05-26T21:10:55.201+0400] {processor.py:157} INFO - Started process (PID=1933) to work on /home/chinnu/.local/lib/python3.10/site-packages/airflow/example_dags/example_latest_only_with_trigger.py
[2023-05-26T21:10:55.211+0400] {processor.py:826} INFO - Processing file /home/chinnu/.local/lib/python3.10/site-packages/airflow/example_dags/example_latest_only_with_trigger.py for tasks to queue
[2023-05-26T21:10:55.219+0400] {logging_mixin.py:149} INFO - [2023-05-26T21:10:55.218+0400] {dagbag.py:541} INFO - Filling up the DagBag from /home/chinnu/.local/lib/python3.10/site-packages/airflow/example_dags/example_latest_only_with_trigger.py
[2023-05-26T21:10:55.246+0400] {processor.py:836} INFO - DAG(s) dict_keys(['latest_only_with_trigger']) retrieved from /home/chinnu/.local/lib/python3.10/site-packages/airflow/example_dags/example_latest_only_with_trigger.py
[2023-05-26T21:10:55.320+0400] {logging_mixin.py:149} INFO - [2023-05-26T21:10:55.320+0400] {dag.py:2726} INFO - Sync 1 DAGs
[2023-05-26T21:10:55.388+0400] {logging_mixin.py:149} INFO - [2023-05-26T21:10:55.387+0400] {dag.py:3486} INFO - Setting next_dagrun for latest_only_with_trigger to 2023-05-26T13:10:55.387455+00:00, run_after=2023-05-26T17:10:55.387455+00:00
[2023-05-26T21:10:55.466+0400] {processor.py:179} INFO - Processing /home/chinnu/.local/lib/python3.10/site-packages/airflow/example_dags/example_latest_only_with_trigger.py took 0.278 seconds
[2023-05-26T21:12:52.197+0400] {processor.py:157} INFO - Started process (PID=2038) to work on /home/chinnu/.local/lib/python3.10/site-packages/airflow/example_dags/example_latest_only_with_trigger.py
[2023-05-26T21:12:52.201+0400] {processor.py:826} INFO - Processing file /home/chinnu/.local/lib/python3.10/site-packages/airflow/example_dags/example_latest_only_with_trigger.py for tasks to queue
[2023-05-26T21:12:52.203+0400] {logging_mixin.py:149} INFO - [2023-05-26T21:12:52.203+0400] {dagbag.py:541} INFO - Filling up the DagBag from /home/chinnu/.local/lib/python3.10/site-packages/airflow/example_dags/example_latest_only_with_trigger.py
[2023-05-26T21:12:52.232+0400] {processor.py:836} INFO - DAG(s) dict_keys(['latest_only_with_trigger']) retrieved from /home/chinnu/.local/lib/python3.10/site-packages/airflow/example_dags/example_latest_only_with_trigger.py
[2023-05-26T21:12:52.305+0400] {logging_mixin.py:149} INFO - [2023-05-26T21:12:52.304+0400] {dag.py:2726} INFO - Sync 1 DAGs
[2023-05-26T21:12:52.340+0400] {logging_mixin.py:149} INFO - [2023-05-26T21:12:52.340+0400] {dag.py:3486} INFO - Setting next_dagrun for latest_only_with_trigger to 2023-05-26T13:12:52.339850+00:00, run_after=2023-05-26T17:12:52.339850+00:00
[2023-05-26T21:12:52.378+0400] {processor.py:179} INFO - Processing /home/chinnu/.local/lib/python3.10/site-packages/airflow/example_dags/example_latest_only_with_trigger.py took 0.195 seconds
[2023-05-26T21:13:36.121+0400] {processor.py:157} INFO - Started process (PID=2088) to work on /home/chinnu/.local/lib/python3.10/site-packages/airflow/example_dags/example_latest_only_with_trigger.py
[2023-05-26T21:13:36.123+0400] {processor.py:826} INFO - Processing file /home/chinnu/.local/lib/python3.10/site-packages/airflow/example_dags/example_latest_only_with_trigger.py for tasks to queue
[2023-05-26T21:13:36.125+0400] {logging_mixin.py:149} INFO - [2023-05-26T21:13:36.125+0400] {dagbag.py:541} INFO - Filling up the DagBag from /home/chinnu/.local/lib/python3.10/site-packages/airflow/example_dags/example_latest_only_with_trigger.py
[2023-05-26T21:13:36.144+0400] {processor.py:836} INFO - DAG(s) dict_keys(['latest_only_with_trigger']) retrieved from /home/chinnu/.local/lib/python3.10/site-packages/airflow/example_dags/example_latest_only_with_trigger.py
[2023-05-26T21:13:36.194+0400] {logging_mixin.py:149} INFO - [2023-05-26T21:13:36.194+0400] {dag.py:2726} INFO - Sync 1 DAGs
[2023-05-26T21:13:36.234+0400] {logging_mixin.py:149} INFO - [2023-05-26T21:13:36.234+0400] {dag.py:3486} INFO - Setting next_dagrun for latest_only_with_trigger to 2023-05-26T13:13:36.234004+00:00, run_after=2023-05-26T17:13:36.234004+00:00
[2023-05-26T21:13:36.279+0400] {processor.py:179} INFO - Processing /home/chinnu/.local/lib/python3.10/site-packages/airflow/example_dags/example_latest_only_with_trigger.py took 0.172 seconds
[2023-05-26T21:14:23.284+0400] {processor.py:157} INFO - Started process (PID=2143) to work on /home/chinnu/.local/lib/python3.10/site-packages/airflow/example_dags/example_latest_only_with_trigger.py
[2023-05-26T21:14:23.286+0400] {processor.py:826} INFO - Processing file /home/chinnu/.local/lib/python3.10/site-packages/airflow/example_dags/example_latest_only_with_trigger.py for tasks to queue
[2023-05-26T21:14:23.287+0400] {logging_mixin.py:149} INFO - [2023-05-26T21:14:23.287+0400] {dagbag.py:541} INFO - Filling up the DagBag from /home/chinnu/.local/lib/python3.10/site-packages/airflow/example_dags/example_latest_only_with_trigger.py
[2023-05-26T21:14:23.302+0400] {processor.py:836} INFO - DAG(s) dict_keys(['latest_only_with_trigger']) retrieved from /home/chinnu/.local/lib/python3.10/site-packages/airflow/example_dags/example_latest_only_with_trigger.py
[2023-05-26T21:14:23.337+0400] {logging_mixin.py:149} INFO - [2023-05-26T21:14:23.337+0400] {dag.py:2726} INFO - Sync 1 DAGs
[2023-05-26T21:14:23.361+0400] {logging_mixin.py:149} INFO - [2023-05-26T21:14:23.361+0400] {dag.py:3486} INFO - Setting next_dagrun for latest_only_with_trigger to 2023-05-26T13:14:23.361453+00:00, run_after=2023-05-26T17:14:23.361453+00:00
[2023-05-26T21:14:23.392+0400] {processor.py:179} INFO - Processing /home/chinnu/.local/lib/python3.10/site-packages/airflow/example_dags/example_latest_only_with_trigger.py took 0.121 seconds
[2023-05-26T21:15:05.075+0400] {processor.py:157} INFO - Started process (PID=7148) to work on /home/chinnu/.local/lib/python3.10/site-packages/airflow/example_dags/example_latest_only_with_trigger.py
[2023-05-26T21:15:05.078+0400] {processor.py:826} INFO - Processing file /home/chinnu/.local/lib/python3.10/site-packages/airflow/example_dags/example_latest_only_with_trigger.py for tasks to queue
[2023-05-26T21:15:05.079+0400] {logging_mixin.py:149} INFO - [2023-05-26T21:15:05.079+0400] {dagbag.py:541} INFO - Filling up the DagBag from /home/chinnu/.local/lib/python3.10/site-packages/airflow/example_dags/example_latest_only_with_trigger.py
[2023-05-26T21:15:05.098+0400] {processor.py:836} INFO - DAG(s) dict_keys(['latest_only_with_trigger']) retrieved from /home/chinnu/.local/lib/python3.10/site-packages/airflow/example_dags/example_latest_only_with_trigger.py
[2023-05-26T21:15:05.166+0400] {logging_mixin.py:149} INFO - [2023-05-26T21:15:05.166+0400] {dag.py:2726} INFO - Sync 1 DAGs
[2023-05-26T21:15:05.206+0400] {logging_mixin.py:149} INFO - [2023-05-26T21:15:05.205+0400] {dag.py:3486} INFO - Setting next_dagrun for latest_only_with_trigger to 2023-05-26T13:15:05.205063+00:00, run_after=2023-05-26T17:15:05.205063+00:00
[2023-05-26T21:15:05.252+0400] {processor.py:179} INFO - Processing /home/chinnu/.local/lib/python3.10/site-packages/airflow/example_dags/example_latest_only_with_trigger.py took 0.189 seconds
[2023-05-26T21:15:46.148+0400] {processor.py:157} INFO - Started process (PID=9446) to work on /home/chinnu/.local/lib/python3.10/site-packages/airflow/example_dags/example_latest_only_with_trigger.py
[2023-05-26T21:15:46.150+0400] {processor.py:826} INFO - Processing file /home/chinnu/.local/lib/python3.10/site-packages/airflow/example_dags/example_latest_only_with_trigger.py for tasks to queue
[2023-05-26T21:15:46.152+0400] {logging_mixin.py:149} INFO - [2023-05-26T21:15:46.151+0400] {dagbag.py:541} INFO - Filling up the DagBag from /home/chinnu/.local/lib/python3.10/site-packages/airflow/example_dags/example_latest_only_with_trigger.py
[2023-05-26T21:15:46.171+0400] {processor.py:836} INFO - DAG(s) dict_keys(['latest_only_with_trigger']) retrieved from /home/chinnu/.local/lib/python3.10/site-packages/airflow/example_dags/example_latest_only_with_trigger.py
[2023-05-26T21:15:46.229+0400] {logging_mixin.py:149} INFO - [2023-05-26T21:15:46.229+0400] {dag.py:2726} INFO - Sync 1 DAGs
[2023-05-26T21:15:46.269+0400] {logging_mixin.py:149} INFO - [2023-05-26T21:15:46.269+0400] {dag.py:3486} INFO - Setting next_dagrun for latest_only_with_trigger to 2023-05-26T13:15:46.268554+00:00, run_after=2023-05-26T17:15:46.268554+00:00
[2023-05-26T21:15:46.311+0400] {processor.py:179} INFO - Processing /home/chinnu/.local/lib/python3.10/site-packages/airflow/example_dags/example_latest_only_with_trigger.py took 0.173 seconds
[2023-05-26T21:16:40.111+0400] {processor.py:157} INFO - Started process (PID=16710) to work on /home/chinnu/.local/lib/python3.10/site-packages/airflow/example_dags/example_latest_only_with_trigger.py
[2023-05-26T21:16:40.114+0400] {processor.py:826} INFO - Processing file /home/chinnu/.local/lib/python3.10/site-packages/airflow/example_dags/example_latest_only_with_trigger.py for tasks to queue
[2023-05-26T21:16:40.115+0400] {logging_mixin.py:149} INFO - [2023-05-26T21:16:40.115+0400] {dagbag.py:541} INFO - Filling up the DagBag from /home/chinnu/.local/lib/python3.10/site-packages/airflow/example_dags/example_latest_only_with_trigger.py
[2023-05-26T21:16:40.134+0400] {processor.py:836} INFO - DAG(s) dict_keys(['latest_only_with_trigger']) retrieved from /home/chinnu/.local/lib/python3.10/site-packages/airflow/example_dags/example_latest_only_with_trigger.py
[2023-05-26T21:16:40.190+0400] {logging_mixin.py:149} INFO - [2023-05-26T21:16:40.190+0400] {dag.py:2726} INFO - Sync 1 DAGs
[2023-05-26T21:16:40.232+0400] {logging_mixin.py:149} INFO - [2023-05-26T21:16:40.232+0400] {dag.py:3486} INFO - Setting next_dagrun for latest_only_with_trigger to 2023-05-26T13:16:40.231807+00:00, run_after=2023-05-26T17:16:40.231807+00:00
[2023-05-26T21:16:40.280+0400] {processor.py:179} INFO - Processing /home/chinnu/.local/lib/python3.10/site-packages/airflow/example_dags/example_latest_only_with_trigger.py took 0.179 seconds
[2023-05-26T21:17:51.679+0400] {processor.py:157} INFO - Started process (PID=16797) to work on /home/chinnu/.local/lib/python3.10/site-packages/airflow/example_dags/example_latest_only_with_trigger.py
[2023-05-26T21:17:51.682+0400] {processor.py:826} INFO - Processing file /home/chinnu/.local/lib/python3.10/site-packages/airflow/example_dags/example_latest_only_with_trigger.py for tasks to queue
[2023-05-26T21:17:51.684+0400] {logging_mixin.py:149} INFO - [2023-05-26T21:17:51.684+0400] {dagbag.py:541} INFO - Filling up the DagBag from /home/chinnu/.local/lib/python3.10/site-packages/airflow/example_dags/example_latest_only_with_trigger.py
[2023-05-26T21:17:51.709+0400] {processor.py:836} INFO - DAG(s) dict_keys(['latest_only_with_trigger']) retrieved from /home/chinnu/.local/lib/python3.10/site-packages/airflow/example_dags/example_latest_only_with_trigger.py
[2023-05-26T21:17:51.757+0400] {logging_mixin.py:149} INFO - [2023-05-26T21:17:51.757+0400] {dag.py:2726} INFO - Sync 1 DAGs
[2023-05-26T21:17:51.796+0400] {logging_mixin.py:149} INFO - [2023-05-26T21:17:51.795+0400] {dag.py:3486} INFO - Setting next_dagrun for latest_only_with_trigger to 2023-05-26T13:17:51.795179+00:00, run_after=2023-05-26T17:17:51.795179+00:00
[2023-05-26T21:17:51.850+0400] {processor.py:179} INFO - Processing /home/chinnu/.local/lib/python3.10/site-packages/airflow/example_dags/example_latest_only_with_trigger.py took 0.185 seconds
[2023-05-26T21:19:12.387+0400] {processor.py:157} INFO - Started process (PID=16863) to work on /home/chinnu/.local/lib/python3.10/site-packages/airflow/example_dags/example_latest_only_with_trigger.py
[2023-05-26T21:19:12.390+0400] {processor.py:826} INFO - Processing file /home/chinnu/.local/lib/python3.10/site-packages/airflow/example_dags/example_latest_only_with_trigger.py for tasks to queue
[2023-05-26T21:19:12.392+0400] {logging_mixin.py:149} INFO - [2023-05-26T21:19:12.391+0400] {dagbag.py:541} INFO - Filling up the DagBag from /home/chinnu/.local/lib/python3.10/site-packages/airflow/example_dags/example_latest_only_with_trigger.py
[2023-05-26T21:19:12.410+0400] {processor.py:836} INFO - DAG(s) dict_keys(['latest_only_with_trigger']) retrieved from /home/chinnu/.local/lib/python3.10/site-packages/airflow/example_dags/example_latest_only_with_trigger.py
[2023-05-26T21:19:12.462+0400] {logging_mixin.py:149} INFO - [2023-05-26T21:19:12.462+0400] {dag.py:2726} INFO - Sync 1 DAGs
[2023-05-26T21:19:12.516+0400] {logging_mixin.py:149} INFO - [2023-05-26T21:19:12.516+0400] {dag.py:3486} INFO - Setting next_dagrun for latest_only_with_trigger to 2023-05-26T13:19:12.515744+00:00, run_after=2023-05-26T17:19:12.515744+00:00
[2023-05-26T21:19:13.146+0400] {logging_mixin.py:149} INFO - [2023-05-26T21:19:13.146+0400] {dag.py:2726} INFO - Sync 1 DAGs
[2023-05-26T21:19:13.151+0400] {logging_mixin.py:149} INFO - [2023-05-26T21:19:13.151+0400] {dag.py:3486} INFO - Setting next_dagrun for latest_only_with_trigger to 2023-05-26T13:19:13.150936+00:00, run_after=2023-05-26T17:19:13.150936+00:00
[2023-05-26T21:19:13.183+0400] {processor.py:179} INFO - Processing /home/chinnu/.local/lib/python3.10/site-packages/airflow/example_dags/example_latest_only_with_trigger.py took 0.803 seconds
[2023-05-26T21:19:58.046+0400] {processor.py:157} INFO - Started process (PID=16913) to work on /home/chinnu/.local/lib/python3.10/site-packages/airflow/example_dags/example_latest_only_with_trigger.py
[2023-05-26T21:19:58.051+0400] {processor.py:826} INFO - Processing file /home/chinnu/.local/lib/python3.10/site-packages/airflow/example_dags/example_latest_only_with_trigger.py for tasks to queue
[2023-05-26T21:19:58.053+0400] {logging_mixin.py:149} INFO - [2023-05-26T21:19:58.052+0400] {dagbag.py:541} INFO - Filling up the DagBag from /home/chinnu/.local/lib/python3.10/site-packages/airflow/example_dags/example_latest_only_with_trigger.py
[2023-05-26T21:19:58.078+0400] {processor.py:836} INFO - DAG(s) dict_keys(['latest_only_with_trigger']) retrieved from /home/chinnu/.local/lib/python3.10/site-packages/airflow/example_dags/example_latest_only_with_trigger.py
[2023-05-26T21:19:58.121+0400] {logging_mixin.py:149} INFO - [2023-05-26T21:19:58.120+0400] {dag.py:2726} INFO - Sync 1 DAGs
[2023-05-26T21:19:58.153+0400] {logging_mixin.py:149} INFO - [2023-05-26T21:19:58.153+0400] {dag.py:3486} INFO - Setting next_dagrun for latest_only_with_trigger to 2023-05-26T13:19:58.152619+00:00, run_after=2023-05-26T17:19:58.152619+00:00
[2023-05-26T21:19:58.191+0400] {processor.py:179} INFO - Processing /home/chinnu/.local/lib/python3.10/site-packages/airflow/example_dags/example_latest_only_with_trigger.py took 0.167 seconds
[2023-05-26T21:21:08.937+0400] {processor.py:157} INFO - Started process (PID=16995) to work on /home/chinnu/.local/lib/python3.10/site-packages/airflow/example_dags/example_latest_only_with_trigger.py
[2023-05-26T21:21:08.939+0400] {processor.py:826} INFO - Processing file /home/chinnu/.local/lib/python3.10/site-packages/airflow/example_dags/example_latest_only_with_trigger.py for tasks to queue
[2023-05-26T21:21:08.941+0400] {logging_mixin.py:149} INFO - [2023-05-26T21:21:08.940+0400] {dagbag.py:541} INFO - Filling up the DagBag from /home/chinnu/.local/lib/python3.10/site-packages/airflow/example_dags/example_latest_only_with_trigger.py
[2023-05-26T21:21:08.957+0400] {processor.py:836} INFO - DAG(s) dict_keys(['latest_only_with_trigger']) retrieved from /home/chinnu/.local/lib/python3.10/site-packages/airflow/example_dags/example_latest_only_with_trigger.py
[2023-05-26T21:21:09.025+0400] {logging_mixin.py:149} INFO - [2023-05-26T21:21:09.024+0400] {dag.py:2726} INFO - Sync 1 DAGs
[2023-05-26T21:21:09.088+0400] {logging_mixin.py:149} INFO - [2023-05-26T21:21:09.087+0400] {dag.py:3486} INFO - Setting next_dagrun for latest_only_with_trigger to 2023-05-26T13:21:09.085969+00:00, run_after=2023-05-26T17:21:09.085969+00:00
[2023-05-26T21:21:09.157+0400] {processor.py:179} INFO - Processing /home/chinnu/.local/lib/python3.10/site-packages/airflow/example_dags/example_latest_only_with_trigger.py took 0.228 seconds
[2023-05-26T21:21:52.624+0400] {processor.py:157} INFO - Started process (PID=17046) to work on /home/chinnu/.local/lib/python3.10/site-packages/airflow/example_dags/example_latest_only_with_trigger.py
[2023-05-26T21:21:52.626+0400] {processor.py:826} INFO - Processing file /home/chinnu/.local/lib/python3.10/site-packages/airflow/example_dags/example_latest_only_with_trigger.py for tasks to queue
[2023-05-26T21:21:52.627+0400] {logging_mixin.py:149} INFO - [2023-05-26T21:21:52.627+0400] {dagbag.py:541} INFO - Filling up the DagBag from /home/chinnu/.local/lib/python3.10/site-packages/airflow/example_dags/example_latest_only_with_trigger.py
[2023-05-26T21:21:52.643+0400] {processor.py:836} INFO - DAG(s) dict_keys(['latest_only_with_trigger']) retrieved from /home/chinnu/.local/lib/python3.10/site-packages/airflow/example_dags/example_latest_only_with_trigger.py
[2023-05-26T21:21:52.689+0400] {logging_mixin.py:149} INFO - [2023-05-26T21:21:52.689+0400] {dag.py:2726} INFO - Sync 1 DAGs
[2023-05-26T21:21:52.724+0400] {logging_mixin.py:149} INFO - [2023-05-26T21:21:52.724+0400] {dag.py:3486} INFO - Setting next_dagrun for latest_only_with_trigger to 2023-05-26T13:21:52.723915+00:00, run_after=2023-05-26T17:21:52.723915+00:00
[2023-05-26T21:21:52.777+0400] {processor.py:179} INFO - Processing /home/chinnu/.local/lib/python3.10/site-packages/airflow/example_dags/example_latest_only_with_trigger.py took 0.161 seconds
[2023-05-26T21:22:34.567+0400] {processor.py:157} INFO - Started process (PID=17096) to work on /home/chinnu/.local/lib/python3.10/site-packages/airflow/example_dags/example_latest_only_with_trigger.py
[2023-05-26T21:22:34.569+0400] {processor.py:826} INFO - Processing file /home/chinnu/.local/lib/python3.10/site-packages/airflow/example_dags/example_latest_only_with_trigger.py for tasks to queue
[2023-05-26T21:22:34.570+0400] {logging_mixin.py:149} INFO - [2023-05-26T21:22:34.570+0400] {dagbag.py:541} INFO - Filling up the DagBag from /home/chinnu/.local/lib/python3.10/site-packages/airflow/example_dags/example_latest_only_with_trigger.py
[2023-05-26T21:22:34.586+0400] {processor.py:836} INFO - DAG(s) dict_keys(['latest_only_with_trigger']) retrieved from /home/chinnu/.local/lib/python3.10/site-packages/airflow/example_dags/example_latest_only_with_trigger.py
[2023-05-26T21:22:34.621+0400] {logging_mixin.py:149} INFO - [2023-05-26T21:22:34.620+0400] {dag.py:2726} INFO - Sync 1 DAGs
[2023-05-26T21:22:34.644+0400] {logging_mixin.py:149} INFO - [2023-05-26T21:22:34.644+0400] {dag.py:3486} INFO - Setting next_dagrun for latest_only_with_trigger to 2023-05-26T13:22:34.644406+00:00, run_after=2023-05-26T17:22:34.644406+00:00
[2023-05-26T21:22:34.674+0400] {processor.py:179} INFO - Processing /home/chinnu/.local/lib/python3.10/site-packages/airflow/example_dags/example_latest_only_with_trigger.py took 0.115 seconds
[2023-05-26T21:23:25.064+0400] {processor.py:157} INFO - Started process (PID=17159) to work on /home/chinnu/.local/lib/python3.10/site-packages/airflow/example_dags/example_latest_only_with_trigger.py
[2023-05-26T21:23:25.066+0400] {processor.py:826} INFO - Processing file /home/chinnu/.local/lib/python3.10/site-packages/airflow/example_dags/example_latest_only_with_trigger.py for tasks to queue
[2023-05-26T21:23:25.067+0400] {logging_mixin.py:149} INFO - [2023-05-26T21:23:25.067+0400] {dagbag.py:541} INFO - Filling up the DagBag from /home/chinnu/.local/lib/python3.10/site-packages/airflow/example_dags/example_latest_only_with_trigger.py
[2023-05-26T21:23:25.095+0400] {processor.py:836} INFO - DAG(s) dict_keys(['latest_only_with_trigger']) retrieved from /home/chinnu/.local/lib/python3.10/site-packages/airflow/example_dags/example_latest_only_with_trigger.py
[2023-05-26T21:23:25.167+0400] {logging_mixin.py:149} INFO - [2023-05-26T21:23:25.167+0400] {dag.py:2726} INFO - Sync 1 DAGs
[2023-05-26T21:23:25.231+0400] {logging_mixin.py:149} INFO - [2023-05-26T21:23:25.231+0400] {dag.py:3486} INFO - Setting next_dagrun for latest_only_with_trigger to 2023-05-26T13:23:25.230473+00:00, run_after=2023-05-26T17:23:25.230473+00:00
[2023-05-26T21:23:25.329+0400] {processor.py:179} INFO - Processing /home/chinnu/.local/lib/python3.10/site-packages/airflow/example_dags/example_latest_only_with_trigger.py took 0.278 seconds
[2023-05-26T21:24:16.220+0400] {processor.py:157} INFO - Started process (PID=17219) to work on /home/chinnu/.local/lib/python3.10/site-packages/airflow/example_dags/example_latest_only_with_trigger.py
[2023-05-26T21:24:16.221+0400] {processor.py:826} INFO - Processing file /home/chinnu/.local/lib/python3.10/site-packages/airflow/example_dags/example_latest_only_with_trigger.py for tasks to queue
[2023-05-26T21:24:16.222+0400] {logging_mixin.py:149} INFO - [2023-05-26T21:24:16.222+0400] {dagbag.py:541} INFO - Filling up the DagBag from /home/chinnu/.local/lib/python3.10/site-packages/airflow/example_dags/example_latest_only_with_trigger.py
[2023-05-26T21:24:16.235+0400] {processor.py:836} INFO - DAG(s) dict_keys(['latest_only_with_trigger']) retrieved from /home/chinnu/.local/lib/python3.10/site-packages/airflow/example_dags/example_latest_only_with_trigger.py
[2023-05-26T21:24:16.273+0400] {logging_mixin.py:149} INFO - [2023-05-26T21:24:16.272+0400] {dag.py:2726} INFO - Sync 1 DAGs
[2023-05-26T21:24:16.299+0400] {logging_mixin.py:149} INFO - [2023-05-26T21:24:16.299+0400] {dag.py:3486} INFO - Setting next_dagrun for latest_only_with_trigger to 2023-05-26T13:24:16.298925+00:00, run_after=2023-05-26T17:24:16.298925+00:00
[2023-05-26T21:24:16.325+0400] {processor.py:179} INFO - Processing /home/chinnu/.local/lib/python3.10/site-packages/airflow/example_dags/example_latest_only_with_trigger.py took 0.112 seconds
[2023-05-26T21:24:54.258+0400] {processor.py:157} INFO - Started process (PID=17269) to work on /home/chinnu/.local/lib/python3.10/site-packages/airflow/example_dags/example_latest_only_with_trigger.py
[2023-05-26T21:24:54.260+0400] {processor.py:826} INFO - Processing file /home/chinnu/.local/lib/python3.10/site-packages/airflow/example_dags/example_latest_only_with_trigger.py for tasks to queue
[2023-05-26T21:24:54.261+0400] {logging_mixin.py:149} INFO - [2023-05-26T21:24:54.260+0400] {dagbag.py:541} INFO - Filling up the DagBag from /home/chinnu/.local/lib/python3.10/site-packages/airflow/example_dags/example_latest_only_with_trigger.py
[2023-05-26T21:24:54.272+0400] {processor.py:836} INFO - DAG(s) dict_keys(['latest_only_with_trigger']) retrieved from /home/chinnu/.local/lib/python3.10/site-packages/airflow/example_dags/example_latest_only_with_trigger.py
[2023-05-26T21:24:54.304+0400] {logging_mixin.py:149} INFO - [2023-05-26T21:24:54.303+0400] {dag.py:2726} INFO - Sync 1 DAGs
[2023-05-26T21:24:54.328+0400] {logging_mixin.py:149} INFO - [2023-05-26T21:24:54.328+0400] {dag.py:3486} INFO - Setting next_dagrun for latest_only_with_trigger to 2023-05-26T13:24:54.327745+00:00, run_after=2023-05-26T17:24:54.327745+00:00
[2023-05-26T21:24:54.353+0400] {processor.py:179} INFO - Processing /home/chinnu/.local/lib/python3.10/site-packages/airflow/example_dags/example_latest_only_with_trigger.py took 0.101 seconds
[2023-05-26T21:48:39.555+0400] {processor.py:157} INFO - Started process (PID=94) to work on /home/chinnu/.local/lib/python3.10/site-packages/airflow/example_dags/example_latest_only_with_trigger.py
[2023-05-26T21:48:39.557+0400] {processor.py:826} INFO - Processing file /home/chinnu/.local/lib/python3.10/site-packages/airflow/example_dags/example_latest_only_with_trigger.py for tasks to queue
[2023-05-26T21:48:39.558+0400] {logging_mixin.py:149} INFO - [2023-05-26T21:48:39.558+0400] {dagbag.py:541} INFO - Filling up the DagBag from /home/chinnu/.local/lib/python3.10/site-packages/airflow/example_dags/example_latest_only_with_trigger.py
[2023-05-26T21:48:39.569+0400] {processor.py:836} INFO - DAG(s) dict_keys(['latest_only_with_trigger']) retrieved from /home/chinnu/.local/lib/python3.10/site-packages/airflow/example_dags/example_latest_only_with_trigger.py
[2023-05-26T21:48:39.605+0400] {logging_mixin.py:149} INFO - [2023-05-26T21:48:39.605+0400] {dag.py:2726} INFO - Sync 1 DAGs
[2023-05-26T21:48:39.628+0400] {logging_mixin.py:149} INFO - [2023-05-26T21:48:39.628+0400] {dag.py:3486} INFO - Setting next_dagrun for latest_only_with_trigger to 2023-05-26T13:48:39.627838+00:00, run_after=2023-05-26T17:48:39.627838+00:00
[2023-05-26T21:48:39.659+0400] {processor.py:179} INFO - Processing /home/chinnu/.local/lib/python3.10/site-packages/airflow/example_dags/example_latest_only_with_trigger.py took 0.110 seconds
[2023-05-26T21:52:44.282+0400] {processor.py:157} INFO - Started process (PID=76) to work on /home/chinnu/.local/lib/python3.10/site-packages/airflow/example_dags/example_latest_only_with_trigger.py
[2023-05-26T21:52:44.286+0400] {processor.py:826} INFO - Processing file /home/chinnu/.local/lib/python3.10/site-packages/airflow/example_dags/example_latest_only_with_trigger.py for tasks to queue
[2023-05-26T21:52:44.288+0400] {logging_mixin.py:149} INFO - [2023-05-26T21:52:44.288+0400] {dagbag.py:541} INFO - Filling up the DagBag from /home/chinnu/.local/lib/python3.10/site-packages/airflow/example_dags/example_latest_only_with_trigger.py
[2023-05-26T21:52:44.313+0400] {processor.py:836} INFO - DAG(s) dict_keys(['latest_only_with_trigger']) retrieved from /home/chinnu/.local/lib/python3.10/site-packages/airflow/example_dags/example_latest_only_with_trigger.py
[2023-05-26T21:52:44.393+0400] {logging_mixin.py:149} INFO - [2023-05-26T21:52:44.393+0400] {dag.py:2726} INFO - Sync 1 DAGs
[2023-05-26T21:52:44.448+0400] {logging_mixin.py:149} INFO - [2023-05-26T21:52:44.448+0400] {dag.py:3486} INFO - Setting next_dagrun for latest_only_with_trigger to 2023-05-26T13:52:44.447746+00:00, run_after=2023-05-26T17:52:44.447746+00:00
[2023-05-26T21:52:44.509+0400] {processor.py:179} INFO - Processing /home/chinnu/.local/lib/python3.10/site-packages/airflow/example_dags/example_latest_only_with_trigger.py took 0.239 seconds
[2023-05-26T21:53:44.450+0400] {processor.py:157} INFO - Started process (PID=127) to work on /home/chinnu/.local/lib/python3.10/site-packages/airflow/example_dags/example_latest_only_with_trigger.py
[2023-05-26T21:53:44.452+0400] {processor.py:826} INFO - Processing file /home/chinnu/.local/lib/python3.10/site-packages/airflow/example_dags/example_latest_only_with_trigger.py for tasks to queue
[2023-05-26T21:53:44.453+0400] {logging_mixin.py:149} INFO - [2023-05-26T21:53:44.453+0400] {dagbag.py:541} INFO - Filling up the DagBag from /home/chinnu/.local/lib/python3.10/site-packages/airflow/example_dags/example_latest_only_with_trigger.py
[2023-05-26T21:53:44.468+0400] {processor.py:836} INFO - DAG(s) dict_keys(['latest_only_with_trigger']) retrieved from /home/chinnu/.local/lib/python3.10/site-packages/airflow/example_dags/example_latest_only_with_trigger.py
[2023-05-26T21:53:44.675+0400] {logging_mixin.py:149} INFO - [2023-05-26T21:53:44.675+0400] {dag.py:2726} INFO - Sync 1 DAGs
[2023-05-26T21:53:44.699+0400] {logging_mixin.py:149} INFO - [2023-05-26T21:53:44.699+0400] {dag.py:3486} INFO - Setting next_dagrun for latest_only_with_trigger to 2023-05-26T13:53:44.698530+00:00, run_after=2023-05-26T17:53:44.698530+00:00
[2023-05-26T21:53:44.729+0400] {processor.py:179} INFO - Processing /home/chinnu/.local/lib/python3.10/site-packages/airflow/example_dags/example_latest_only_with_trigger.py took 0.286 seconds
[2023-05-26T21:55:00.263+0400] {processor.py:157} INFO - Started process (PID=233) to work on /home/chinnu/.local/lib/python3.10/site-packages/airflow/example_dags/example_latest_only_with_trigger.py
[2023-05-26T21:55:00.266+0400] {processor.py:826} INFO - Processing file /home/chinnu/.local/lib/python3.10/site-packages/airflow/example_dags/example_latest_only_with_trigger.py for tasks to queue
[2023-05-26T21:55:00.267+0400] {logging_mixin.py:149} INFO - [2023-05-26T21:55:00.267+0400] {dagbag.py:541} INFO - Filling up the DagBag from /home/chinnu/.local/lib/python3.10/site-packages/airflow/example_dags/example_latest_only_with_trigger.py
[2023-05-26T21:55:00.286+0400] {processor.py:836} INFO - DAG(s) dict_keys(['latest_only_with_trigger']) retrieved from /home/chinnu/.local/lib/python3.10/site-packages/airflow/example_dags/example_latest_only_with_trigger.py
[2023-05-26T21:55:00.330+0400] {logging_mixin.py:149} INFO - [2023-05-26T21:55:00.330+0400] {dag.py:2726} INFO - Sync 1 DAGs
[2023-05-26T21:55:00.358+0400] {logging_mixin.py:149} INFO - [2023-05-26T21:55:00.358+0400] {dag.py:3486} INFO - Setting next_dagrun for latest_only_with_trigger to 2023-05-26T13:55:00.357964+00:00, run_after=2023-05-26T17:55:00.357964+00:00
[2023-05-26T21:55:00.390+0400] {processor.py:179} INFO - Processing /home/chinnu/.local/lib/python3.10/site-packages/airflow/example_dags/example_latest_only_with_trigger.py took 0.138 seconds
[2023-05-26T22:06:29.124+0400] {processor.py:157} INFO - Started process (PID=2545) to work on /home/chinnu/.local/lib/python3.10/site-packages/airflow/example_dags/example_latest_only_with_trigger.py
[2023-05-26T22:06:29.132+0400] {processor.py:826} INFO - Processing file /home/chinnu/.local/lib/python3.10/site-packages/airflow/example_dags/example_latest_only_with_trigger.py for tasks to queue
[2023-05-26T22:06:29.133+0400] {logging_mixin.py:149} INFO - [2023-05-26T22:06:29.133+0400] {dagbag.py:541} INFO - Filling up the DagBag from /home/chinnu/.local/lib/python3.10/site-packages/airflow/example_dags/example_latest_only_with_trigger.py
[2023-05-26T22:06:29.149+0400] {processor.py:836} INFO - DAG(s) dict_keys(['latest_only_with_trigger']) retrieved from /home/chinnu/.local/lib/python3.10/site-packages/airflow/example_dags/example_latest_only_with_trigger.py
[2023-05-26T22:06:29.211+0400] {logging_mixin.py:149} INFO - [2023-05-26T22:06:29.211+0400] {dag.py:2726} INFO - Sync 1 DAGs
[2023-05-26T22:06:29.255+0400] {logging_mixin.py:149} INFO - [2023-05-26T22:06:29.255+0400] {dag.py:3486} INFO - Setting next_dagrun for latest_only_with_trigger to 2023-05-26T14:06:29.254625+00:00, run_after=2023-05-26T18:06:29.254625+00:00
[2023-05-26T22:06:29.309+0400] {processor.py:179} INFO - Processing /home/chinnu/.local/lib/python3.10/site-packages/airflow/example_dags/example_latest_only_with_trigger.py took 0.196 seconds
[2023-05-26T22:08:08.390+0400] {processor.py:157} INFO - Started process (PID=2612) to work on /home/chinnu/.local/lib/python3.10/site-packages/airflow/example_dags/example_latest_only_with_trigger.py
[2023-05-26T22:08:08.403+0400] {processor.py:826} INFO - Processing file /home/chinnu/.local/lib/python3.10/site-packages/airflow/example_dags/example_latest_only_with_trigger.py for tasks to queue
[2023-05-26T22:08:08.405+0400] {logging_mixin.py:149} INFO - [2023-05-26T22:08:08.404+0400] {dagbag.py:541} INFO - Filling up the DagBag from /home/chinnu/.local/lib/python3.10/site-packages/airflow/example_dags/example_latest_only_with_trigger.py
[2023-05-26T22:08:08.992+0400] {processor.py:836} INFO - DAG(s) dict_keys(['latest_only_with_trigger']) retrieved from /home/chinnu/.local/lib/python3.10/site-packages/airflow/example_dags/example_latest_only_with_trigger.py
[2023-05-26T22:08:09.107+0400] {logging_mixin.py:149} INFO - [2023-05-26T22:08:09.107+0400] {dag.py:2726} INFO - Sync 1 DAGs
[2023-05-26T22:08:09.275+0400] {logging_mixin.py:149} INFO - [2023-05-26T22:08:09.274+0400] {dag.py:3486} INFO - Setting next_dagrun for latest_only_with_trigger to 2023-05-26T14:08:09.274191+00:00, run_after=2023-05-26T18:08:09.274191+00:00
[2023-05-26T22:08:09.354+0400] {processor.py:179} INFO - Processing /home/chinnu/.local/lib/python3.10/site-packages/airflow/example_dags/example_latest_only_with_trigger.py took 0.987 seconds
