[2023-05-26T19:39:02.166+0400] {processor.py:157} INFO - Started process (PID=229) to work on /home/chinnu/.local/lib/python3.10/site-packages/airflow/example_dags/example_kubernetes_executor.py
[2023-05-26T19:39:02.168+0400] {processor.py:826} INFO - Processing file /home/chinnu/.local/lib/python3.10/site-packages/airflow/example_dags/example_kubernetes_executor.py for tasks to queue
[2023-05-26T19:39:02.170+0400] {logging_mixin.py:149} INFO - [2023-05-26T19:39:02.169+0400] {dagbag.py:541} INFO - Filling up the DagBag from /home/chinnu/.local/lib/python3.10/site-packages/airflow/example_dags/example_kubernetes_executor.py
[2023-05-26T19:39:02.177+0400] {logging_mixin.py:149} INFO - [2023-05-26T19:39:02.177+0400] {example_kubernetes_executor.py:41} WARNING - The example_kubernetes_executor example DAG requires the kubernetes provider. Please install it with: pip install apache-airflow[cncf.kubernetes]
[2023-05-26T19:39:02.177+0400] {processor.py:838} WARNING - No viable dags retrieved from /home/chinnu/.local/lib/python3.10/site-packages/airflow/example_dags/example_kubernetes_executor.py
[2023-05-26T19:39:02.200+0400] {processor.py:179} INFO - Processing /home/chinnu/.local/lib/python3.10/site-packages/airflow/example_dags/example_kubernetes_executor.py took 0.044 seconds
[2023-05-26T19:39:57.818+0400] {processor.py:157} INFO - Started process (PID=279) to work on /home/chinnu/.local/lib/python3.10/site-packages/airflow/example_dags/example_kubernetes_executor.py
[2023-05-26T19:39:57.824+0400] {processor.py:826} INFO - Processing file /home/chinnu/.local/lib/python3.10/site-packages/airflow/example_dags/example_kubernetes_executor.py for tasks to queue
[2023-05-26T19:39:57.827+0400] {logging_mixin.py:149} INFO - [2023-05-26T19:39:57.826+0400] {dagbag.py:541} INFO - Filling up the DagBag from /home/chinnu/.local/lib/python3.10/site-packages/airflow/example_dags/example_kubernetes_executor.py
[2023-05-26T19:39:57.845+0400] {logging_mixin.py:149} INFO - [2023-05-26T19:39:57.845+0400] {example_kubernetes_executor.py:41} WARNING - The example_kubernetes_executor example DAG requires the kubernetes provider. Please install it with: pip install apache-airflow[cncf.kubernetes]
[2023-05-26T19:39:57.845+0400] {processor.py:838} WARNING - No viable dags retrieved from /home/chinnu/.local/lib/python3.10/site-packages/airflow/example_dags/example_kubernetes_executor.py
[2023-05-26T19:39:57.881+0400] {processor.py:179} INFO - Processing /home/chinnu/.local/lib/python3.10/site-packages/airflow/example_dags/example_kubernetes_executor.py took 0.086 seconds
[2023-05-26T19:40:52.415+0400] {processor.py:157} INFO - Started process (PID=842) to work on /home/chinnu/.local/lib/python3.10/site-packages/airflow/example_dags/example_kubernetes_executor.py
[2023-05-26T19:40:52.417+0400] {processor.py:826} INFO - Processing file /home/chinnu/.local/lib/python3.10/site-packages/airflow/example_dags/example_kubernetes_executor.py for tasks to queue
[2023-05-26T19:40:52.418+0400] {logging_mixin.py:149} INFO - [2023-05-26T19:40:52.418+0400] {dagbag.py:541} INFO - Filling up the DagBag from /home/chinnu/.local/lib/python3.10/site-packages/airflow/example_dags/example_kubernetes_executor.py
[2023-05-26T19:40:52.425+0400] {logging_mixin.py:149} INFO - [2023-05-26T19:40:52.425+0400] {example_kubernetes_executor.py:41} WARNING - The example_kubernetes_executor example DAG requires the kubernetes provider. Please install it with: pip install apache-airflow[cncf.kubernetes]
[2023-05-26T19:40:52.425+0400] {processor.py:838} WARNING - No viable dags retrieved from /home/chinnu/.local/lib/python3.10/site-packages/airflow/example_dags/example_kubernetes_executor.py
[2023-05-26T19:40:52.445+0400] {processor.py:179} INFO - Processing /home/chinnu/.local/lib/python3.10/site-packages/airflow/example_dags/example_kubernetes_executor.py took 0.036 seconds
[2023-05-26T19:42:27.593+0400] {processor.py:157} INFO - Started process (PID=1444) to work on /home/chinnu/.local/lib/python3.10/site-packages/airflow/example_dags/example_kubernetes_executor.py
[2023-05-26T19:42:27.599+0400] {processor.py:826} INFO - Processing file /home/chinnu/.local/lib/python3.10/site-packages/airflow/example_dags/example_kubernetes_executor.py for tasks to queue
[2023-05-26T19:42:27.602+0400] {logging_mixin.py:149} INFO - [2023-05-26T19:42:27.601+0400] {dagbag.py:541} INFO - Filling up the DagBag from /home/chinnu/.local/lib/python3.10/site-packages/airflow/example_dags/example_kubernetes_executor.py
[2023-05-26T19:42:27.623+0400] {logging_mixin.py:149} INFO - [2023-05-26T19:42:27.622+0400] {example_kubernetes_executor.py:41} WARNING - The example_kubernetes_executor example DAG requires the kubernetes provider. Please install it with: pip install apache-airflow[cncf.kubernetes]
[2023-05-26T19:42:27.626+0400] {processor.py:838} WARNING - No viable dags retrieved from /home/chinnu/.local/lib/python3.10/site-packages/airflow/example_dags/example_kubernetes_executor.py
[2023-05-26T19:42:27.678+0400] {processor.py:179} INFO - Processing /home/chinnu/.local/lib/python3.10/site-packages/airflow/example_dags/example_kubernetes_executor.py took 0.109 seconds
[2023-05-26T19:43:42.864+0400] {processor.py:157} INFO - Started process (PID=1504) to work on /home/chinnu/.local/lib/python3.10/site-packages/airflow/example_dags/example_kubernetes_executor.py
[2023-05-26T19:43:42.866+0400] {processor.py:826} INFO - Processing file /home/chinnu/.local/lib/python3.10/site-packages/airflow/example_dags/example_kubernetes_executor.py for tasks to queue
[2023-05-26T19:43:42.866+0400] {logging_mixin.py:149} INFO - [2023-05-26T19:43:42.866+0400] {dagbag.py:541} INFO - Filling up the DagBag from /home/chinnu/.local/lib/python3.10/site-packages/airflow/example_dags/example_kubernetes_executor.py
[2023-05-26T19:43:42.872+0400] {logging_mixin.py:149} INFO - [2023-05-26T19:43:42.871+0400] {example_kubernetes_executor.py:41} WARNING - The example_kubernetes_executor example DAG requires the kubernetes provider. Please install it with: pip install apache-airflow[cncf.kubernetes]
[2023-05-26T19:43:42.872+0400] {processor.py:838} WARNING - No viable dags retrieved from /home/chinnu/.local/lib/python3.10/site-packages/airflow/example_dags/example_kubernetes_executor.py
[2023-05-26T19:43:42.891+0400] {processor.py:179} INFO - Processing /home/chinnu/.local/lib/python3.10/site-packages/airflow/example_dags/example_kubernetes_executor.py took 0.033 seconds
[2023-05-26T19:44:49.681+0400] {processor.py:157} INFO - Started process (PID=1561) to work on /home/chinnu/.local/lib/python3.10/site-packages/airflow/example_dags/example_kubernetes_executor.py
[2023-05-26T19:44:49.684+0400] {processor.py:826} INFO - Processing file /home/chinnu/.local/lib/python3.10/site-packages/airflow/example_dags/example_kubernetes_executor.py for tasks to queue
[2023-05-26T19:44:49.686+0400] {logging_mixin.py:149} INFO - [2023-05-26T19:44:49.686+0400] {dagbag.py:541} INFO - Filling up the DagBag from /home/chinnu/.local/lib/python3.10/site-packages/airflow/example_dags/example_kubernetes_executor.py
[2023-05-26T19:44:49.701+0400] {logging_mixin.py:149} INFO - [2023-05-26T19:44:49.700+0400] {example_kubernetes_executor.py:41} WARNING - The example_kubernetes_executor example DAG requires the kubernetes provider. Please install it with: pip install apache-airflow[cncf.kubernetes]
[2023-05-26T19:44:49.701+0400] {processor.py:838} WARNING - No viable dags retrieved from /home/chinnu/.local/lib/python3.10/site-packages/airflow/example_dags/example_kubernetes_executor.py
[2023-05-26T19:44:49.747+0400] {processor.py:179} INFO - Processing /home/chinnu/.local/lib/python3.10/site-packages/airflow/example_dags/example_kubernetes_executor.py took 0.083 seconds
[2023-05-26T19:45:51.447+0400] {processor.py:157} INFO - Started process (PID=1613) to work on /home/chinnu/.local/lib/python3.10/site-packages/airflow/example_dags/example_kubernetes_executor.py
[2023-05-26T19:45:51.451+0400] {processor.py:826} INFO - Processing file /home/chinnu/.local/lib/python3.10/site-packages/airflow/example_dags/example_kubernetes_executor.py for tasks to queue
[2023-05-26T19:45:51.453+0400] {logging_mixin.py:149} INFO - [2023-05-26T19:45:51.452+0400] {dagbag.py:541} INFO - Filling up the DagBag from /home/chinnu/.local/lib/python3.10/site-packages/airflow/example_dags/example_kubernetes_executor.py
[2023-05-26T19:45:51.470+0400] {logging_mixin.py:149} INFO - [2023-05-26T19:45:51.469+0400] {example_kubernetes_executor.py:41} WARNING - The example_kubernetes_executor example DAG requires the kubernetes provider. Please install it with: pip install apache-airflow[cncf.kubernetes]
[2023-05-26T19:45:51.471+0400] {processor.py:838} WARNING - No viable dags retrieved from /home/chinnu/.local/lib/python3.10/site-packages/airflow/example_dags/example_kubernetes_executor.py
[2023-05-26T19:45:51.518+0400] {processor.py:179} INFO - Processing /home/chinnu/.local/lib/python3.10/site-packages/airflow/example_dags/example_kubernetes_executor.py took 0.082 seconds
[2023-05-26T19:48:29.340+0400] {processor.py:157} INFO - Started process (PID=1709) to work on /home/chinnu/.local/lib/python3.10/site-packages/airflow/example_dags/example_kubernetes_executor.py
[2023-05-26T19:48:29.343+0400] {processor.py:826} INFO - Processing file /home/chinnu/.local/lib/python3.10/site-packages/airflow/example_dags/example_kubernetes_executor.py for tasks to queue
[2023-05-26T19:48:29.345+0400] {logging_mixin.py:149} INFO - [2023-05-26T19:48:29.345+0400] {dagbag.py:541} INFO - Filling up the DagBag from /home/chinnu/.local/lib/python3.10/site-packages/airflow/example_dags/example_kubernetes_executor.py
[2023-05-26T19:48:29.352+0400] {logging_mixin.py:149} INFO - [2023-05-26T19:48:29.352+0400] {example_kubernetes_executor.py:41} WARNING - The example_kubernetes_executor example DAG requires the kubernetes provider. Please install it with: pip install apache-airflow[cncf.kubernetes]
[2023-05-26T19:48:29.352+0400] {processor.py:838} WARNING - No viable dags retrieved from /home/chinnu/.local/lib/python3.10/site-packages/airflow/example_dags/example_kubernetes_executor.py
[2023-05-26T19:48:29.375+0400] {processor.py:179} INFO - Processing /home/chinnu/.local/lib/python3.10/site-packages/airflow/example_dags/example_kubernetes_executor.py took 0.046 seconds
[2023-05-26T21:05:52.209+0400] {processor.py:157} INFO - Started process (PID=92) to work on /home/chinnu/.local/lib/python3.10/site-packages/airflow/example_dags/example_kubernetes_executor.py
[2023-05-26T21:05:52.217+0400] {processor.py:826} INFO - Processing file /home/chinnu/.local/lib/python3.10/site-packages/airflow/example_dags/example_kubernetes_executor.py for tasks to queue
[2023-05-26T21:05:52.219+0400] {logging_mixin.py:149} INFO - [2023-05-26T21:05:52.218+0400] {dagbag.py:541} INFO - Filling up the DagBag from /home/chinnu/.local/lib/python3.10/site-packages/airflow/example_dags/example_kubernetes_executor.py
[2023-05-26T21:05:52.225+0400] {logging_mixin.py:149} INFO - [2023-05-26T21:05:52.225+0400] {example_kubernetes_executor.py:41} WARNING - The example_kubernetes_executor example DAG requires the kubernetes provider. Please install it with: pip install apache-airflow[cncf.kubernetes]
[2023-05-26T21:05:52.225+0400] {processor.py:838} WARNING - No viable dags retrieved from /home/chinnu/.local/lib/python3.10/site-packages/airflow/example_dags/example_kubernetes_executor.py
[2023-05-26T21:05:52.273+0400] {processor.py:179} INFO - Processing /home/chinnu/.local/lib/python3.10/site-packages/airflow/example_dags/example_kubernetes_executor.py took 0.071 seconds
[2023-05-26T21:07:01.967+0400] {processor.py:157} INFO - Started process (PID=175) to work on /home/chinnu/.local/lib/python3.10/site-packages/airflow/example_dags/example_kubernetes_executor.py
[2023-05-26T21:07:01.969+0400] {processor.py:826} INFO - Processing file /home/chinnu/.local/lib/python3.10/site-packages/airflow/example_dags/example_kubernetes_executor.py for tasks to queue
[2023-05-26T21:07:01.970+0400] {logging_mixin.py:149} INFO - [2023-05-26T21:07:01.970+0400] {dagbag.py:541} INFO - Filling up the DagBag from /home/chinnu/.local/lib/python3.10/site-packages/airflow/example_dags/example_kubernetes_executor.py
[2023-05-26T21:07:01.977+0400] {logging_mixin.py:149} INFO - [2023-05-26T21:07:01.977+0400] {example_kubernetes_executor.py:41} WARNING - The example_kubernetes_executor example DAG requires the kubernetes provider. Please install it with: pip install apache-airflow[cncf.kubernetes]
[2023-05-26T21:07:01.977+0400] {processor.py:838} WARNING - No viable dags retrieved from /home/chinnu/.local/lib/python3.10/site-packages/airflow/example_dags/example_kubernetes_executor.py
[2023-05-26T21:07:02.002+0400] {processor.py:179} INFO - Processing /home/chinnu/.local/lib/python3.10/site-packages/airflow/example_dags/example_kubernetes_executor.py took 0.051 seconds
[2023-05-26T21:10:57.228+0400] {processor.py:157} INFO - Started process (PID=1935) to work on /home/chinnu/.local/lib/python3.10/site-packages/airflow/example_dags/example_kubernetes_executor.py
[2023-05-26T21:10:57.230+0400] {processor.py:826} INFO - Processing file /home/chinnu/.local/lib/python3.10/site-packages/airflow/example_dags/example_kubernetes_executor.py for tasks to queue
[2023-05-26T21:10:57.231+0400] {logging_mixin.py:149} INFO - [2023-05-26T21:10:57.231+0400] {dagbag.py:541} INFO - Filling up the DagBag from /home/chinnu/.local/lib/python3.10/site-packages/airflow/example_dags/example_kubernetes_executor.py
[2023-05-26T21:10:57.236+0400] {logging_mixin.py:149} INFO - [2023-05-26T21:10:57.236+0400] {example_kubernetes_executor.py:41} WARNING - The example_kubernetes_executor example DAG requires the kubernetes provider. Please install it with: pip install apache-airflow[cncf.kubernetes]
[2023-05-26T21:10:57.236+0400] {processor.py:838} WARNING - No viable dags retrieved from /home/chinnu/.local/lib/python3.10/site-packages/airflow/example_dags/example_kubernetes_executor.py
[2023-05-26T21:10:57.255+0400] {processor.py:179} INFO - Processing /home/chinnu/.local/lib/python3.10/site-packages/airflow/example_dags/example_kubernetes_executor.py took 0.032 seconds
[2023-05-26T21:12:54.036+0400] {processor.py:157} INFO - Started process (PID=2040) to work on /home/chinnu/.local/lib/python3.10/site-packages/airflow/example_dags/example_kubernetes_executor.py
[2023-05-26T21:12:54.039+0400] {processor.py:826} INFO - Processing file /home/chinnu/.local/lib/python3.10/site-packages/airflow/example_dags/example_kubernetes_executor.py for tasks to queue
[2023-05-26T21:12:54.041+0400] {logging_mixin.py:149} INFO - [2023-05-26T21:12:54.041+0400] {dagbag.py:541} INFO - Filling up the DagBag from /home/chinnu/.local/lib/python3.10/site-packages/airflow/example_dags/example_kubernetes_executor.py
[2023-05-26T21:12:54.053+0400] {logging_mixin.py:149} INFO - [2023-05-26T21:12:54.053+0400] {example_kubernetes_executor.py:41} WARNING - The example_kubernetes_executor example DAG requires the kubernetes provider. Please install it with: pip install apache-airflow[cncf.kubernetes]
[2023-05-26T21:12:54.054+0400] {processor.py:838} WARNING - No viable dags retrieved from /home/chinnu/.local/lib/python3.10/site-packages/airflow/example_dags/example_kubernetes_executor.py
[2023-05-26T21:12:54.083+0400] {processor.py:179} INFO - Processing /home/chinnu/.local/lib/python3.10/site-packages/airflow/example_dags/example_kubernetes_executor.py took 0.061 seconds
[2023-05-26T21:13:38.060+0400] {processor.py:157} INFO - Started process (PID=2091) to work on /home/chinnu/.local/lib/python3.10/site-packages/airflow/example_dags/example_kubernetes_executor.py
[2023-05-26T21:13:38.061+0400] {processor.py:826} INFO - Processing file /home/chinnu/.local/lib/python3.10/site-packages/airflow/example_dags/example_kubernetes_executor.py for tasks to queue
[2023-05-26T21:13:38.062+0400] {logging_mixin.py:149} INFO - [2023-05-26T21:13:38.062+0400] {dagbag.py:541} INFO - Filling up the DagBag from /home/chinnu/.local/lib/python3.10/site-packages/airflow/example_dags/example_kubernetes_executor.py
[2023-05-26T21:13:38.067+0400] {logging_mixin.py:149} INFO - [2023-05-26T21:13:38.067+0400] {example_kubernetes_executor.py:41} WARNING - The example_kubernetes_executor example DAG requires the kubernetes provider. Please install it with: pip install apache-airflow[cncf.kubernetes]
[2023-05-26T21:13:38.068+0400] {processor.py:838} WARNING - No viable dags retrieved from /home/chinnu/.local/lib/python3.10/site-packages/airflow/example_dags/example_kubernetes_executor.py
[2023-05-26T21:13:38.087+0400] {processor.py:179} INFO - Processing /home/chinnu/.local/lib/python3.10/site-packages/airflow/example_dags/example_kubernetes_executor.py took 0.034 seconds
[2023-05-26T21:14:24.607+0400] {processor.py:157} INFO - Started process (PID=2145) to work on /home/chinnu/.local/lib/python3.10/site-packages/airflow/example_dags/example_kubernetes_executor.py
[2023-05-26T21:14:24.609+0400] {processor.py:826} INFO - Processing file /home/chinnu/.local/lib/python3.10/site-packages/airflow/example_dags/example_kubernetes_executor.py for tasks to queue
[2023-05-26T21:14:24.610+0400] {logging_mixin.py:149} INFO - [2023-05-26T21:14:24.610+0400] {dagbag.py:541} INFO - Filling up the DagBag from /home/chinnu/.local/lib/python3.10/site-packages/airflow/example_dags/example_kubernetes_executor.py
[2023-05-26T21:14:24.618+0400] {logging_mixin.py:149} INFO - [2023-05-26T21:14:24.618+0400] {example_kubernetes_executor.py:41} WARNING - The example_kubernetes_executor example DAG requires the kubernetes provider. Please install it with: pip install apache-airflow[cncf.kubernetes]
[2023-05-26T21:14:24.618+0400] {processor.py:838} WARNING - No viable dags retrieved from /home/chinnu/.local/lib/python3.10/site-packages/airflow/example_dags/example_kubernetes_executor.py
[2023-05-26T21:14:24.645+0400] {processor.py:179} INFO - Processing /home/chinnu/.local/lib/python3.10/site-packages/airflow/example_dags/example_kubernetes_executor.py took 0.047 seconds
[2023-05-26T21:15:06.923+0400] {processor.py:157} INFO - Started process (PID=9392) to work on /home/chinnu/.local/lib/python3.10/site-packages/airflow/example_dags/example_kubernetes_executor.py
[2023-05-26T21:15:06.926+0400] {processor.py:826} INFO - Processing file /home/chinnu/.local/lib/python3.10/site-packages/airflow/example_dags/example_kubernetes_executor.py for tasks to queue
[2023-05-26T21:15:06.927+0400] {logging_mixin.py:149} INFO - [2023-05-26T21:15:06.927+0400] {dagbag.py:541} INFO - Filling up the DagBag from /home/chinnu/.local/lib/python3.10/site-packages/airflow/example_dags/example_kubernetes_executor.py
[2023-05-26T21:15:06.936+0400] {logging_mixin.py:149} INFO - [2023-05-26T21:15:06.936+0400] {example_kubernetes_executor.py:41} WARNING - The example_kubernetes_executor example DAG requires the kubernetes provider. Please install it with: pip install apache-airflow[cncf.kubernetes]
[2023-05-26T21:15:06.936+0400] {processor.py:838} WARNING - No viable dags retrieved from /home/chinnu/.local/lib/python3.10/site-packages/airflow/example_dags/example_kubernetes_executor.py
[2023-05-26T21:15:06.955+0400] {processor.py:179} INFO - Processing /home/chinnu/.local/lib/python3.10/site-packages/airflow/example_dags/example_kubernetes_executor.py took 0.042 seconds
[2023-05-26T21:15:55.296+0400] {processor.py:157} INFO - Started process (PID=9466) to work on /home/chinnu/.local/lib/python3.10/site-packages/airflow/example_dags/example_kubernetes_executor.py
[2023-05-26T21:15:55.298+0400] {processor.py:826} INFO - Processing file /home/chinnu/.local/lib/python3.10/site-packages/airflow/example_dags/example_kubernetes_executor.py for tasks to queue
[2023-05-26T21:15:55.299+0400] {logging_mixin.py:149} INFO - [2023-05-26T21:15:55.299+0400] {dagbag.py:541} INFO - Filling up the DagBag from /home/chinnu/.local/lib/python3.10/site-packages/airflow/example_dags/example_kubernetes_executor.py
[2023-05-26T21:15:55.307+0400] {logging_mixin.py:149} INFO - [2023-05-26T21:15:55.306+0400] {example_kubernetes_executor.py:41} WARNING - The example_kubernetes_executor example DAG requires the kubernetes provider. Please install it with: pip install apache-airflow[cncf.kubernetes]
[2023-05-26T21:15:55.307+0400] {processor.py:838} WARNING - No viable dags retrieved from /home/chinnu/.local/lib/python3.10/site-packages/airflow/example_dags/example_kubernetes_executor.py
[2023-05-26T21:15:55.333+0400] {processor.py:179} INFO - Processing /home/chinnu/.local/lib/python3.10/site-packages/airflow/example_dags/example_kubernetes_executor.py took 0.050 seconds
[2023-05-26T21:16:57.047+0400] {processor.py:157} INFO - Started process (PID=16730) to work on /home/chinnu/.local/lib/python3.10/site-packages/airflow/example_dags/example_kubernetes_executor.py
[2023-05-26T21:16:57.050+0400] {processor.py:826} INFO - Processing file /home/chinnu/.local/lib/python3.10/site-packages/airflow/example_dags/example_kubernetes_executor.py for tasks to queue
[2023-05-26T21:16:57.051+0400] {logging_mixin.py:149} INFO - [2023-05-26T21:16:57.051+0400] {dagbag.py:541} INFO - Filling up the DagBag from /home/chinnu/.local/lib/python3.10/site-packages/airflow/example_dags/example_kubernetes_executor.py
[2023-05-26T21:16:57.062+0400] {logging_mixin.py:149} INFO - [2023-05-26T21:16:57.062+0400] {example_kubernetes_executor.py:41} WARNING - The example_kubernetes_executor example DAG requires the kubernetes provider. Please install it with: pip install apache-airflow[cncf.kubernetes]
[2023-05-26T21:16:57.063+0400] {processor.py:838} WARNING - No viable dags retrieved from /home/chinnu/.local/lib/python3.10/site-packages/airflow/example_dags/example_kubernetes_executor.py
[2023-05-26T21:16:57.097+0400] {processor.py:179} INFO - Processing /home/chinnu/.local/lib/python3.10/site-packages/airflow/example_dags/example_kubernetes_executor.py took 0.062 seconds
[2023-05-26T21:17:53.514+0400] {processor.py:157} INFO - Started process (PID=16799) to work on /home/chinnu/.local/lib/python3.10/site-packages/airflow/example_dags/example_kubernetes_executor.py
[2023-05-26T21:17:53.517+0400] {processor.py:826} INFO - Processing file /home/chinnu/.local/lib/python3.10/site-packages/airflow/example_dags/example_kubernetes_executor.py for tasks to queue
[2023-05-26T21:17:53.519+0400] {logging_mixin.py:149} INFO - [2023-05-26T21:17:53.519+0400] {dagbag.py:541} INFO - Filling up the DagBag from /home/chinnu/.local/lib/python3.10/site-packages/airflow/example_dags/example_kubernetes_executor.py
[2023-05-26T21:17:53.529+0400] {logging_mixin.py:149} INFO - [2023-05-26T21:17:53.529+0400] {example_kubernetes_executor.py:41} WARNING - The example_kubernetes_executor example DAG requires the kubernetes provider. Please install it with: pip install apache-airflow[cncf.kubernetes]
[2023-05-26T21:17:53.530+0400] {processor.py:838} WARNING - No viable dags retrieved from /home/chinnu/.local/lib/python3.10/site-packages/airflow/example_dags/example_kubernetes_executor.py
[2023-05-26T21:17:53.557+0400] {processor.py:179} INFO - Processing /home/chinnu/.local/lib/python3.10/site-packages/airflow/example_dags/example_kubernetes_executor.py took 0.058 seconds
[2023-05-26T21:19:13.952+0400] {processor.py:157} INFO - Started process (PID=16865) to work on /home/chinnu/.local/lib/python3.10/site-packages/airflow/example_dags/example_kubernetes_executor.py
[2023-05-26T21:19:13.955+0400] {processor.py:826} INFO - Processing file /home/chinnu/.local/lib/python3.10/site-packages/airflow/example_dags/example_kubernetes_executor.py for tasks to queue
[2023-05-26T21:19:13.957+0400] {logging_mixin.py:149} INFO - [2023-05-26T21:19:13.957+0400] {dagbag.py:541} INFO - Filling up the DagBag from /home/chinnu/.local/lib/python3.10/site-packages/airflow/example_dags/example_kubernetes_executor.py
[2023-05-26T21:19:13.964+0400] {logging_mixin.py:149} INFO - [2023-05-26T21:19:13.964+0400] {example_kubernetes_executor.py:41} WARNING - The example_kubernetes_executor example DAG requires the kubernetes provider. Please install it with: pip install apache-airflow[cncf.kubernetes]
[2023-05-26T21:19:13.965+0400] {processor.py:838} WARNING - No viable dags retrieved from /home/chinnu/.local/lib/python3.10/site-packages/airflow/example_dags/example_kubernetes_executor.py
[2023-05-26T21:19:13.992+0400] {processor.py:179} INFO - Processing /home/chinnu/.local/lib/python3.10/site-packages/airflow/example_dags/example_kubernetes_executor.py took 0.048 seconds
[2023-05-26T21:20:21.569+0400] {processor.py:157} INFO - Started process (PID=16941) to work on /home/chinnu/.local/lib/python3.10/site-packages/airflow/example_dags/example_kubernetes_executor.py
[2023-05-26T21:20:21.571+0400] {processor.py:826} INFO - Processing file /home/chinnu/.local/lib/python3.10/site-packages/airflow/example_dags/example_kubernetes_executor.py for tasks to queue
[2023-05-26T21:20:21.572+0400] {logging_mixin.py:149} INFO - [2023-05-26T21:20:21.572+0400] {dagbag.py:541} INFO - Filling up the DagBag from /home/chinnu/.local/lib/python3.10/site-packages/airflow/example_dags/example_kubernetes_executor.py
[2023-05-26T21:20:21.580+0400] {logging_mixin.py:149} INFO - [2023-05-26T21:20:21.580+0400] {example_kubernetes_executor.py:41} WARNING - The example_kubernetes_executor example DAG requires the kubernetes provider. Please install it with: pip install apache-airflow[cncf.kubernetes]
[2023-05-26T21:20:21.580+0400] {processor.py:838} WARNING - No viable dags retrieved from /home/chinnu/.local/lib/python3.10/site-packages/airflow/example_dags/example_kubernetes_executor.py
[2023-05-26T21:20:21.606+0400] {processor.py:179} INFO - Processing /home/chinnu/.local/lib/python3.10/site-packages/airflow/example_dags/example_kubernetes_executor.py took 0.045 seconds
[2023-05-26T21:21:11.533+0400] {processor.py:157} INFO - Started process (PID=16998) to work on /home/chinnu/.local/lib/python3.10/site-packages/airflow/example_dags/example_kubernetes_executor.py
[2023-05-26T21:21:11.536+0400] {processor.py:826} INFO - Processing file /home/chinnu/.local/lib/python3.10/site-packages/airflow/example_dags/example_kubernetes_executor.py for tasks to queue
[2023-05-26T21:21:11.537+0400] {logging_mixin.py:149} INFO - [2023-05-26T21:21:11.537+0400] {dagbag.py:541} INFO - Filling up the DagBag from /home/chinnu/.local/lib/python3.10/site-packages/airflow/example_dags/example_kubernetes_executor.py
[2023-05-26T21:21:11.546+0400] {logging_mixin.py:149} INFO - [2023-05-26T21:21:11.545+0400] {example_kubernetes_executor.py:41} WARNING - The example_kubernetes_executor example DAG requires the kubernetes provider. Please install it with: pip install apache-airflow[cncf.kubernetes]
[2023-05-26T21:21:11.546+0400] {processor.py:838} WARNING - No viable dags retrieved from /home/chinnu/.local/lib/python3.10/site-packages/airflow/example_dags/example_kubernetes_executor.py
[2023-05-26T21:21:11.575+0400] {processor.py:179} INFO - Processing /home/chinnu/.local/lib/python3.10/site-packages/airflow/example_dags/example_kubernetes_executor.py took 0.051 seconds
[2023-05-26T21:21:54.324+0400] {processor.py:157} INFO - Started process (PID=17048) to work on /home/chinnu/.local/lib/python3.10/site-packages/airflow/example_dags/example_kubernetes_executor.py
[2023-05-26T21:21:54.328+0400] {processor.py:826} INFO - Processing file /home/chinnu/.local/lib/python3.10/site-packages/airflow/example_dags/example_kubernetes_executor.py for tasks to queue
[2023-05-26T21:21:54.330+0400] {logging_mixin.py:149} INFO - [2023-05-26T21:21:54.329+0400] {dagbag.py:541} INFO - Filling up the DagBag from /home/chinnu/.local/lib/python3.10/site-packages/airflow/example_dags/example_kubernetes_executor.py
[2023-05-26T21:21:54.342+0400] {logging_mixin.py:149} INFO - [2023-05-26T21:21:54.342+0400] {example_kubernetes_executor.py:41} WARNING - The example_kubernetes_executor example DAG requires the kubernetes provider. Please install it with: pip install apache-airflow[cncf.kubernetes]
[2023-05-26T21:21:54.343+0400] {processor.py:838} WARNING - No viable dags retrieved from /home/chinnu/.local/lib/python3.10/site-packages/airflow/example_dags/example_kubernetes_executor.py
[2023-05-26T21:21:54.378+0400] {processor.py:179} INFO - Processing /home/chinnu/.local/lib/python3.10/site-packages/airflow/example_dags/example_kubernetes_executor.py took 0.070 seconds
[2023-05-26T21:22:36.151+0400] {processor.py:157} INFO - Started process (PID=17098) to work on /home/chinnu/.local/lib/python3.10/site-packages/airflow/example_dags/example_kubernetes_executor.py
[2023-05-26T21:22:36.153+0400] {processor.py:826} INFO - Processing file /home/chinnu/.local/lib/python3.10/site-packages/airflow/example_dags/example_kubernetes_executor.py for tasks to queue
[2023-05-26T21:22:36.155+0400] {logging_mixin.py:149} INFO - [2023-05-26T21:22:36.155+0400] {dagbag.py:541} INFO - Filling up the DagBag from /home/chinnu/.local/lib/python3.10/site-packages/airflow/example_dags/example_kubernetes_executor.py
[2023-05-26T21:22:36.163+0400] {logging_mixin.py:149} INFO - [2023-05-26T21:22:36.162+0400] {example_kubernetes_executor.py:41} WARNING - The example_kubernetes_executor example DAG requires the kubernetes provider. Please install it with: pip install apache-airflow[cncf.kubernetes]
[2023-05-26T21:22:36.163+0400] {processor.py:838} WARNING - No viable dags retrieved from /home/chinnu/.local/lib/python3.10/site-packages/airflow/example_dags/example_kubernetes_executor.py
[2023-05-26T21:22:36.189+0400] {processor.py:179} INFO - Processing /home/chinnu/.local/lib/python3.10/site-packages/airflow/example_dags/example_kubernetes_executor.py took 0.047 seconds
[2023-05-26T21:23:27.171+0400] {processor.py:157} INFO - Started process (PID=17162) to work on /home/chinnu/.local/lib/python3.10/site-packages/airflow/example_dags/example_kubernetes_executor.py
[2023-05-26T21:23:27.175+0400] {processor.py:826} INFO - Processing file /home/chinnu/.local/lib/python3.10/site-packages/airflow/example_dags/example_kubernetes_executor.py for tasks to queue
[2023-05-26T21:23:27.177+0400] {logging_mixin.py:149} INFO - [2023-05-26T21:23:27.176+0400] {dagbag.py:541} INFO - Filling up the DagBag from /home/chinnu/.local/lib/python3.10/site-packages/airflow/example_dags/example_kubernetes_executor.py
[2023-05-26T21:23:27.185+0400] {logging_mixin.py:149} INFO - [2023-05-26T21:23:27.184+0400] {example_kubernetes_executor.py:41} WARNING - The example_kubernetes_executor example DAG requires the kubernetes provider. Please install it with: pip install apache-airflow[cncf.kubernetes]
[2023-05-26T21:23:27.185+0400] {processor.py:838} WARNING - No viable dags retrieved from /home/chinnu/.local/lib/python3.10/site-packages/airflow/example_dags/example_kubernetes_executor.py
[2023-05-26T21:23:27.232+0400] {processor.py:179} INFO - Processing /home/chinnu/.local/lib/python3.10/site-packages/airflow/example_dags/example_kubernetes_executor.py took 0.077 seconds
[2023-05-26T21:24:18.325+0400] {processor.py:157} INFO - Started process (PID=17221) to work on /home/chinnu/.local/lib/python3.10/site-packages/airflow/example_dags/example_kubernetes_executor.py
[2023-05-26T21:24:18.328+0400] {processor.py:826} INFO - Processing file /home/chinnu/.local/lib/python3.10/site-packages/airflow/example_dags/example_kubernetes_executor.py for tasks to queue
[2023-05-26T21:24:18.330+0400] {logging_mixin.py:149} INFO - [2023-05-26T21:24:18.330+0400] {dagbag.py:541} INFO - Filling up the DagBag from /home/chinnu/.local/lib/python3.10/site-packages/airflow/example_dags/example_kubernetes_executor.py
[2023-05-26T21:24:18.339+0400] {logging_mixin.py:149} INFO - [2023-05-26T21:24:18.339+0400] {example_kubernetes_executor.py:41} WARNING - The example_kubernetes_executor example DAG requires the kubernetes provider. Please install it with: pip install apache-airflow[cncf.kubernetes]
[2023-05-26T21:24:18.340+0400] {processor.py:838} WARNING - No viable dags retrieved from /home/chinnu/.local/lib/python3.10/site-packages/airflow/example_dags/example_kubernetes_executor.py
[2023-05-26T21:24:18.374+0400] {processor.py:179} INFO - Processing /home/chinnu/.local/lib/python3.10/site-packages/airflow/example_dags/example_kubernetes_executor.py took 0.061 seconds
[2023-05-26T21:24:55.531+0400] {processor.py:157} INFO - Started process (PID=17271) to work on /home/chinnu/.local/lib/python3.10/site-packages/airflow/example_dags/example_kubernetes_executor.py
[2023-05-26T21:24:55.532+0400] {processor.py:826} INFO - Processing file /home/chinnu/.local/lib/python3.10/site-packages/airflow/example_dags/example_kubernetes_executor.py for tasks to queue
[2023-05-26T21:24:55.533+0400] {logging_mixin.py:149} INFO - [2023-05-26T21:24:55.533+0400] {dagbag.py:541} INFO - Filling up the DagBag from /home/chinnu/.local/lib/python3.10/site-packages/airflow/example_dags/example_kubernetes_executor.py
[2023-05-26T21:24:55.539+0400] {logging_mixin.py:149} INFO - [2023-05-26T21:24:55.538+0400] {example_kubernetes_executor.py:41} WARNING - The example_kubernetes_executor example DAG requires the kubernetes provider. Please install it with: pip install apache-airflow[cncf.kubernetes]
[2023-05-26T21:24:55.539+0400] {processor.py:838} WARNING - No viable dags retrieved from /home/chinnu/.local/lib/python3.10/site-packages/airflow/example_dags/example_kubernetes_executor.py
[2023-05-26T21:24:55.557+0400] {processor.py:179} INFO - Processing /home/chinnu/.local/lib/python3.10/site-packages/airflow/example_dags/example_kubernetes_executor.py took 0.033 seconds
[2023-05-26T21:48:41.834+0400] {processor.py:157} INFO - Started process (PID=96) to work on /home/chinnu/.local/lib/python3.10/site-packages/airflow/example_dags/example_kubernetes_executor.py
[2023-05-26T21:48:41.842+0400] {processor.py:826} INFO - Processing file /home/chinnu/.local/lib/python3.10/site-packages/airflow/example_dags/example_kubernetes_executor.py for tasks to queue
[2023-05-26T21:48:41.843+0400] {logging_mixin.py:149} INFO - [2023-05-26T21:48:41.843+0400] {dagbag.py:541} INFO - Filling up the DagBag from /home/chinnu/.local/lib/python3.10/site-packages/airflow/example_dags/example_kubernetes_executor.py
[2023-05-26T21:48:41.848+0400] {logging_mixin.py:149} INFO - [2023-05-26T21:48:41.848+0400] {example_kubernetes_executor.py:41} WARNING - The example_kubernetes_executor example DAG requires the kubernetes provider. Please install it with: pip install apache-airflow[cncf.kubernetes]
[2023-05-26T21:48:41.848+0400] {processor.py:838} WARNING - No viable dags retrieved from /home/chinnu/.local/lib/python3.10/site-packages/airflow/example_dags/example_kubernetes_executor.py
[2023-05-26T21:48:41.867+0400] {processor.py:179} INFO - Processing /home/chinnu/.local/lib/python3.10/site-packages/airflow/example_dags/example_kubernetes_executor.py took 0.039 seconds
[2023-05-26T21:52:47.042+0400] {processor.py:157} INFO - Started process (PID=78) to work on /home/chinnu/.local/lib/python3.10/site-packages/airflow/example_dags/example_kubernetes_executor.py
[2023-05-26T21:52:47.051+0400] {processor.py:826} INFO - Processing file /home/chinnu/.local/lib/python3.10/site-packages/airflow/example_dags/example_kubernetes_executor.py for tasks to queue
[2023-05-26T21:52:47.053+0400] {logging_mixin.py:149} INFO - [2023-05-26T21:52:47.052+0400] {dagbag.py:541} INFO - Filling up the DagBag from /home/chinnu/.local/lib/python3.10/site-packages/airflow/example_dags/example_kubernetes_executor.py
[2023-05-26T21:52:47.064+0400] {logging_mixin.py:149} INFO - [2023-05-26T21:52:47.063+0400] {example_kubernetes_executor.py:41} WARNING - The example_kubernetes_executor example DAG requires the kubernetes provider. Please install it with: pip install apache-airflow[cncf.kubernetes]
[2023-05-26T21:52:47.064+0400] {processor.py:838} WARNING - No viable dags retrieved from /home/chinnu/.local/lib/python3.10/site-packages/airflow/example_dags/example_kubernetes_executor.py
[2023-05-26T21:52:47.101+0400] {processor.py:179} INFO - Processing /home/chinnu/.local/lib/python3.10/site-packages/airflow/example_dags/example_kubernetes_executor.py took 0.071 seconds
[2023-05-26T21:53:46.540+0400] {processor.py:157} INFO - Started process (PID=129) to work on /home/chinnu/.local/lib/python3.10/site-packages/airflow/example_dags/example_kubernetes_executor.py
[2023-05-26T21:53:46.542+0400] {processor.py:826} INFO - Processing file /home/chinnu/.local/lib/python3.10/site-packages/airflow/example_dags/example_kubernetes_executor.py for tasks to queue
[2023-05-26T21:53:46.543+0400] {logging_mixin.py:149} INFO - [2023-05-26T21:53:46.543+0400] {dagbag.py:541} INFO - Filling up the DagBag from /home/chinnu/.local/lib/python3.10/site-packages/airflow/example_dags/example_kubernetes_executor.py
[2023-05-26T21:53:46.550+0400] {logging_mixin.py:149} INFO - [2023-05-26T21:53:46.550+0400] {example_kubernetes_executor.py:41} WARNING - The example_kubernetes_executor example DAG requires the kubernetes provider. Please install it with: pip install apache-airflow[cncf.kubernetes]
[2023-05-26T21:53:46.551+0400] {processor.py:838} WARNING - No viable dags retrieved from /home/chinnu/.local/lib/python3.10/site-packages/airflow/example_dags/example_kubernetes_executor.py
[2023-05-26T21:53:46.573+0400] {processor.py:179} INFO - Processing /home/chinnu/.local/lib/python3.10/site-packages/airflow/example_dags/example_kubernetes_executor.py took 0.044 seconds
[2023-05-26T22:06:31.742+0400] {processor.py:157} INFO - Started process (PID=2547) to work on /home/chinnu/.local/lib/python3.10/site-packages/airflow/example_dags/example_kubernetes_executor.py
[2023-05-26T22:06:31.755+0400] {processor.py:826} INFO - Processing file /home/chinnu/.local/lib/python3.10/site-packages/airflow/example_dags/example_kubernetes_executor.py for tasks to queue
[2023-05-26T22:06:31.758+0400] {logging_mixin.py:149} INFO - [2023-05-26T22:06:31.757+0400] {dagbag.py:541} INFO - Filling up the DagBag from /home/chinnu/.local/lib/python3.10/site-packages/airflow/example_dags/example_kubernetes_executor.py
[2023-05-26T22:06:31.773+0400] {logging_mixin.py:149} INFO - [2023-05-26T22:06:31.773+0400] {example_kubernetes_executor.py:41} WARNING - The example_kubernetes_executor example DAG requires the kubernetes provider. Please install it with: pip install apache-airflow[cncf.kubernetes]
[2023-05-26T22:06:31.774+0400] {processor.py:838} WARNING - No viable dags retrieved from /home/chinnu/.local/lib/python3.10/site-packages/airflow/example_dags/example_kubernetes_executor.py
[2023-05-26T22:06:31.832+0400] {processor.py:179} INFO - Processing /home/chinnu/.local/lib/python3.10/site-packages/airflow/example_dags/example_kubernetes_executor.py took 0.107 seconds
[2023-05-26T22:08:13.219+0400] {processor.py:157} INFO - Started process (PID=2614) to work on /home/chinnu/.local/lib/python3.10/site-packages/airflow/example_dags/example_kubernetes_executor.py
[2023-05-26T22:08:13.222+0400] {processor.py:826} INFO - Processing file /home/chinnu/.local/lib/python3.10/site-packages/airflow/example_dags/example_kubernetes_executor.py for tasks to queue
[2023-05-26T22:08:13.225+0400] {logging_mixin.py:149} INFO - [2023-05-26T22:08:13.224+0400] {dagbag.py:541} INFO - Filling up the DagBag from /home/chinnu/.local/lib/python3.10/site-packages/airflow/example_dags/example_kubernetes_executor.py
[2023-05-26T22:08:13.254+0400] {logging_mixin.py:149} INFO - [2023-05-26T22:08:13.253+0400] {example_kubernetes_executor.py:41} WARNING - The example_kubernetes_executor example DAG requires the kubernetes provider. Please install it with: pip install apache-airflow[cncf.kubernetes]
[2023-05-26T22:08:13.254+0400] {processor.py:838} WARNING - No viable dags retrieved from /home/chinnu/.local/lib/python3.10/site-packages/airflow/example_dags/example_kubernetes_executor.py
[2023-05-26T22:08:13.349+0400] {processor.py:179} INFO - Processing /home/chinnu/.local/lib/python3.10/site-packages/airflow/example_dags/example_kubernetes_executor.py took 0.158 seconds
