[2023-05-26T19:39:15.530+0400] {processor.py:157} INFO - Started process (PID=239) to work on /home/chinnu/.local/lib/python3.10/site-packages/airflow/example_dags/example_branch_day_of_week_operator.py
[2023-05-26T19:39:15.535+0400] {processor.py:826} INFO - Processing file /home/chinnu/.local/lib/python3.10/site-packages/airflow/example_dags/example_branch_day_of_week_operator.py for tasks to queue
[2023-05-26T19:39:15.539+0400] {logging_mixin.py:149} INFO - [2023-05-26T19:39:15.538+0400] {dagbag.py:541} INFO - Filling up the DagBag from /home/chinnu/.local/lib/python3.10/site-packages/airflow/example_dags/example_branch_day_of_week_operator.py
[2023-05-26T19:39:15.585+0400] {processor.py:836} INFO - DAG(s) dict_keys(['example_weekday_branch_operator']) retrieved from /home/chinnu/.local/lib/python3.10/site-packages/airflow/example_dags/example_branch_day_of_week_operator.py
[2023-05-26T19:39:15.661+0400] {logging_mixin.py:149} INFO - [2023-05-26T19:39:15.661+0400] {dag.py:2726} INFO - Sync 1 DAGs
[2023-05-26T19:39:15.691+0400] {logging_mixin.py:149} INFO - [2023-05-26T19:39:15.691+0400] {dag.py:3486} INFO - Setting next_dagrun for example_weekday_branch_operator to 2023-05-25T00:00:00+00:00, run_after=2023-05-26T00:00:00+00:00
[2023-05-26T19:39:15.766+0400] {processor.py:179} INFO - Processing /home/chinnu/.local/lib/python3.10/site-packages/airflow/example_dags/example_branch_day_of_week_operator.py took 0.256 seconds
[2023-05-26T19:40:30.664+0400] {processor.py:157} INFO - Started process (PID=823) to work on /home/chinnu/.local/lib/python3.10/site-packages/airflow/example_dags/example_branch_day_of_week_operator.py
[2023-05-26T19:40:30.667+0400] {processor.py:826} INFO - Processing file /home/chinnu/.local/lib/python3.10/site-packages/airflow/example_dags/example_branch_day_of_week_operator.py for tasks to queue
[2023-05-26T19:40:30.669+0400] {logging_mixin.py:149} INFO - [2023-05-26T19:40:30.668+0400] {dagbag.py:541} INFO - Filling up the DagBag from /home/chinnu/.local/lib/python3.10/site-packages/airflow/example_dags/example_branch_day_of_week_operator.py
[2023-05-26T19:40:30.692+0400] {processor.py:836} INFO - DAG(s) dict_keys(['example_weekday_branch_operator']) retrieved from /home/chinnu/.local/lib/python3.10/site-packages/airflow/example_dags/example_branch_day_of_week_operator.py
[2023-05-26T19:40:30.737+0400] {logging_mixin.py:149} INFO - [2023-05-26T19:40:30.737+0400] {dag.py:2726} INFO - Sync 1 DAGs
[2023-05-26T19:40:30.760+0400] {logging_mixin.py:149} INFO - [2023-05-26T19:40:30.760+0400] {dag.py:3486} INFO - Setting next_dagrun for example_weekday_branch_operator to 2023-05-25T00:00:00+00:00, run_after=2023-05-26T00:00:00+00:00
[2023-05-26T19:40:30.792+0400] {processor.py:179} INFO - Processing /home/chinnu/.local/lib/python3.10/site-packages/airflow/example_dags/example_branch_day_of_week_operator.py took 0.140 seconds
[2023-05-26T19:42:41.629+0400] {processor.py:157} INFO - Started process (PID=1454) to work on /home/chinnu/.local/lib/python3.10/site-packages/airflow/example_dags/example_branch_day_of_week_operator.py
[2023-05-26T19:42:41.633+0400] {processor.py:826} INFO - Processing file /home/chinnu/.local/lib/python3.10/site-packages/airflow/example_dags/example_branch_day_of_week_operator.py for tasks to queue
[2023-05-26T19:42:41.635+0400] {logging_mixin.py:149} INFO - [2023-05-26T19:42:41.634+0400] {dagbag.py:541} INFO - Filling up the DagBag from /home/chinnu/.local/lib/python3.10/site-packages/airflow/example_dags/example_branch_day_of_week_operator.py
[2023-05-26T19:42:41.665+0400] {processor.py:836} INFO - DAG(s) dict_keys(['example_weekday_branch_operator']) retrieved from /home/chinnu/.local/lib/python3.10/site-packages/airflow/example_dags/example_branch_day_of_week_operator.py
[2023-05-26T19:42:41.733+0400] {logging_mixin.py:149} INFO - [2023-05-26T19:42:41.733+0400] {dag.py:2726} INFO - Sync 1 DAGs
[2023-05-26T19:42:41.923+0400] {logging_mixin.py:149} INFO - [2023-05-26T19:42:41.923+0400] {dag.py:3486} INFO - Setting next_dagrun for example_weekday_branch_operator to 2023-05-25T00:00:00+00:00, run_after=2023-05-26T00:00:00+00:00
[2023-05-26T19:42:41.961+0400] {processor.py:179} INFO - Processing /home/chinnu/.local/lib/python3.10/site-packages/airflow/example_dags/example_branch_day_of_week_operator.py took 0.356 seconds
[2023-05-26T19:43:56.198+0400] {processor.py:157} INFO - Started process (PID=1514) to work on /home/chinnu/.local/lib/python3.10/site-packages/airflow/example_dags/example_branch_day_of_week_operator.py
[2023-05-26T19:43:56.203+0400] {processor.py:826} INFO - Processing file /home/chinnu/.local/lib/python3.10/site-packages/airflow/example_dags/example_branch_day_of_week_operator.py for tasks to queue
[2023-05-26T19:43:56.206+0400] {logging_mixin.py:149} INFO - [2023-05-26T19:43:56.206+0400] {dagbag.py:541} INFO - Filling up the DagBag from /home/chinnu/.local/lib/python3.10/site-packages/airflow/example_dags/example_branch_day_of_week_operator.py
[2023-05-26T19:43:56.251+0400] {processor.py:836} INFO - DAG(s) dict_keys(['example_weekday_branch_operator']) retrieved from /home/chinnu/.local/lib/python3.10/site-packages/airflow/example_dags/example_branch_day_of_week_operator.py
[2023-05-26T19:43:56.331+0400] {logging_mixin.py:149} INFO - [2023-05-26T19:43:56.331+0400] {dag.py:2726} INFO - Sync 1 DAGs
[2023-05-26T19:43:56.367+0400] {logging_mixin.py:149} INFO - [2023-05-26T19:43:56.367+0400] {dag.py:3486} INFO - Setting next_dagrun for example_weekday_branch_operator to 2023-05-25T00:00:00+00:00, run_after=2023-05-26T00:00:00+00:00
[2023-05-26T19:43:56.410+0400] {processor.py:179} INFO - Processing /home/chinnu/.local/lib/python3.10/site-packages/airflow/example_dags/example_branch_day_of_week_operator.py took 0.237 seconds
[2023-05-26T19:45:03.817+0400] {processor.py:157} INFO - Started process (PID=1571) to work on /home/chinnu/.local/lib/python3.10/site-packages/airflow/example_dags/example_branch_day_of_week_operator.py
[2023-05-26T19:45:03.821+0400] {processor.py:826} INFO - Processing file /home/chinnu/.local/lib/python3.10/site-packages/airflow/example_dags/example_branch_day_of_week_operator.py for tasks to queue
[2023-05-26T19:45:03.825+0400] {logging_mixin.py:149} INFO - [2023-05-26T19:45:03.825+0400] {dagbag.py:541} INFO - Filling up the DagBag from /home/chinnu/.local/lib/python3.10/site-packages/airflow/example_dags/example_branch_day_of_week_operator.py
[2023-05-26T19:45:03.853+0400] {processor.py:836} INFO - DAG(s) dict_keys(['example_weekday_branch_operator']) retrieved from /home/chinnu/.local/lib/python3.10/site-packages/airflow/example_dags/example_branch_day_of_week_operator.py
[2023-05-26T19:45:03.902+0400] {logging_mixin.py:149} INFO - [2023-05-26T19:45:03.902+0400] {dag.py:2726} INFO - Sync 1 DAGs
[2023-05-26T19:45:03.929+0400] {logging_mixin.py:149} INFO - [2023-05-26T19:45:03.929+0400] {dag.py:3486} INFO - Setting next_dagrun for example_weekday_branch_operator to 2023-05-25T00:00:00+00:00, run_after=2023-05-26T00:00:00+00:00
[2023-05-26T19:45:03.967+0400] {processor.py:179} INFO - Processing /home/chinnu/.local/lib/python3.10/site-packages/airflow/example_dags/example_branch_day_of_week_operator.py took 0.165 seconds
[2023-05-26T19:46:03.034+0400] {processor.py:157} INFO - Started process (PID=1623) to work on /home/chinnu/.local/lib/python3.10/site-packages/airflow/example_dags/example_branch_day_of_week_operator.py
[2023-05-26T19:46:03.041+0400] {processor.py:826} INFO - Processing file /home/chinnu/.local/lib/python3.10/site-packages/airflow/example_dags/example_branch_day_of_week_operator.py for tasks to queue
[2023-05-26T19:46:03.044+0400] {logging_mixin.py:149} INFO - [2023-05-26T19:46:03.043+0400] {dagbag.py:541} INFO - Filling up the DagBag from /home/chinnu/.local/lib/python3.10/site-packages/airflow/example_dags/example_branch_day_of_week_operator.py
[2023-05-26T19:46:03.073+0400] {processor.py:836} INFO - DAG(s) dict_keys(['example_weekday_branch_operator']) retrieved from /home/chinnu/.local/lib/python3.10/site-packages/airflow/example_dags/example_branch_day_of_week_operator.py
[2023-05-26T19:46:03.128+0400] {logging_mixin.py:149} INFO - [2023-05-26T19:46:03.128+0400] {dag.py:2726} INFO - Sync 1 DAGs
[2023-05-26T19:46:03.155+0400] {logging_mixin.py:149} INFO - [2023-05-26T19:46:03.155+0400] {dag.py:3486} INFO - Setting next_dagrun for example_weekday_branch_operator to 2023-05-25T00:00:00+00:00, run_after=2023-05-26T00:00:00+00:00
[2023-05-26T19:46:03.194+0400] {processor.py:179} INFO - Processing /home/chinnu/.local/lib/python3.10/site-packages/airflow/example_dags/example_branch_day_of_week_operator.py took 0.178 seconds
[2023-05-26T21:06:07.683+0400] {processor.py:157} INFO - Started process (PID=102) to work on /home/chinnu/.local/lib/python3.10/site-packages/airflow/example_dags/example_branch_day_of_week_operator.py
[2023-05-26T21:06:07.685+0400] {processor.py:826} INFO - Processing file /home/chinnu/.local/lib/python3.10/site-packages/airflow/example_dags/example_branch_day_of_week_operator.py for tasks to queue
[2023-05-26T21:06:07.686+0400] {logging_mixin.py:149} INFO - [2023-05-26T21:06:07.686+0400] {dagbag.py:541} INFO - Filling up the DagBag from /home/chinnu/.local/lib/python3.10/site-packages/airflow/example_dags/example_branch_day_of_week_operator.py
[2023-05-26T21:06:07.698+0400] {processor.py:836} INFO - DAG(s) dict_keys(['example_weekday_branch_operator']) retrieved from /home/chinnu/.local/lib/python3.10/site-packages/airflow/example_dags/example_branch_day_of_week_operator.py
[2023-05-26T21:06:07.741+0400] {logging_mixin.py:149} INFO - [2023-05-26T21:06:07.741+0400] {dag.py:2726} INFO - Sync 1 DAGs
[2023-05-26T21:06:07.958+0400] {logging_mixin.py:149} INFO - [2023-05-26T21:06:07.957+0400] {dag.py:3486} INFO - Setting next_dagrun for example_weekday_branch_operator to 2023-05-25T00:00:00+00:00, run_after=2023-05-26T00:00:00+00:00
[2023-05-26T21:06:08.001+0400] {processor.py:179} INFO - Processing /home/chinnu/.local/lib/python3.10/site-packages/airflow/example_dags/example_branch_day_of_week_operator.py took 0.324 seconds
[2023-05-26T21:07:15.325+0400] {processor.py:157} INFO - Started process (PID=185) to work on /home/chinnu/.local/lib/python3.10/site-packages/airflow/example_dags/example_branch_day_of_week_operator.py
[2023-05-26T21:07:15.328+0400] {processor.py:826} INFO - Processing file /home/chinnu/.local/lib/python3.10/site-packages/airflow/example_dags/example_branch_day_of_week_operator.py for tasks to queue
[2023-05-26T21:07:15.330+0400] {logging_mixin.py:149} INFO - [2023-05-26T21:07:15.330+0400] {dagbag.py:541} INFO - Filling up the DagBag from /home/chinnu/.local/lib/python3.10/site-packages/airflow/example_dags/example_branch_day_of_week_operator.py
[2023-05-26T21:07:15.353+0400] {processor.py:836} INFO - DAG(s) dict_keys(['example_weekday_branch_operator']) retrieved from /home/chinnu/.local/lib/python3.10/site-packages/airflow/example_dags/example_branch_day_of_week_operator.py
[2023-05-26T21:07:15.395+0400] {logging_mixin.py:149} INFO - [2023-05-26T21:07:15.395+0400] {dag.py:2726} INFO - Sync 1 DAGs
[2023-05-26T21:07:15.420+0400] {logging_mixin.py:149} INFO - [2023-05-26T21:07:15.420+0400] {dag.py:3486} INFO - Setting next_dagrun for example_weekday_branch_operator to 2023-05-25T00:00:00+00:00, run_after=2023-05-26T00:00:00+00:00
[2023-05-26T21:07:15.452+0400] {processor.py:179} INFO - Processing /home/chinnu/.local/lib/python3.10/site-packages/airflow/example_dags/example_branch_day_of_week_operator.py took 0.140 seconds
[2023-05-26T21:11:11.683+0400] {processor.py:157} INFO - Started process (PID=1945) to work on /home/chinnu/.local/lib/python3.10/site-packages/airflow/example_dags/example_branch_day_of_week_operator.py
[2023-05-26T21:11:11.686+0400] {processor.py:826} INFO - Processing file /home/chinnu/.local/lib/python3.10/site-packages/airflow/example_dags/example_branch_day_of_week_operator.py for tasks to queue
[2023-05-26T21:11:11.687+0400] {logging_mixin.py:149} INFO - [2023-05-26T21:11:11.687+0400] {dagbag.py:541} INFO - Filling up the DagBag from /home/chinnu/.local/lib/python3.10/site-packages/airflow/example_dags/example_branch_day_of_week_operator.py
[2023-05-26T21:11:11.706+0400] {processor.py:836} INFO - DAG(s) dict_keys(['example_weekday_branch_operator']) retrieved from /home/chinnu/.local/lib/python3.10/site-packages/airflow/example_dags/example_branch_day_of_week_operator.py
[2023-05-26T21:11:11.753+0400] {logging_mixin.py:149} INFO - [2023-05-26T21:11:11.753+0400] {dag.py:2726} INFO - Sync 1 DAGs
[2023-05-26T21:11:11.936+0400] {logging_mixin.py:149} INFO - [2023-05-26T21:11:11.936+0400] {dag.py:3486} INFO - Setting next_dagrun for example_weekday_branch_operator to 2023-05-25T00:00:00+00:00, run_after=2023-05-26T00:00:00+00:00
[2023-05-26T21:11:11.966+0400] {processor.py:179} INFO - Processing /home/chinnu/.local/lib/python3.10/site-packages/airflow/example_dags/example_branch_day_of_week_operator.py took 0.291 seconds
[2023-05-26T21:13:03.744+0400] {processor.py:157} INFO - Started process (PID=2050) to work on /home/chinnu/.local/lib/python3.10/site-packages/airflow/example_dags/example_branch_day_of_week_operator.py
[2023-05-26T21:13:03.748+0400] {processor.py:826} INFO - Processing file /home/chinnu/.local/lib/python3.10/site-packages/airflow/example_dags/example_branch_day_of_week_operator.py for tasks to queue
[2023-05-26T21:13:03.749+0400] {logging_mixin.py:149} INFO - [2023-05-26T21:13:03.749+0400] {dagbag.py:541} INFO - Filling up the DagBag from /home/chinnu/.local/lib/python3.10/site-packages/airflow/example_dags/example_branch_day_of_week_operator.py
[2023-05-26T21:13:03.780+0400] {processor.py:836} INFO - DAG(s) dict_keys(['example_weekday_branch_operator']) retrieved from /home/chinnu/.local/lib/python3.10/site-packages/airflow/example_dags/example_branch_day_of_week_operator.py
[2023-05-26T21:13:03.855+0400] {logging_mixin.py:149} INFO - [2023-05-26T21:13:03.855+0400] {dag.py:2726} INFO - Sync 1 DAGs
[2023-05-26T21:13:03.894+0400] {logging_mixin.py:149} INFO - [2023-05-26T21:13:03.894+0400] {dag.py:3486} INFO - Setting next_dagrun for example_weekday_branch_operator to 2023-05-25T00:00:00+00:00, run_after=2023-05-26T00:00:00+00:00
[2023-05-26T21:13:03.931+0400] {processor.py:179} INFO - Processing /home/chinnu/.local/lib/python3.10/site-packages/airflow/example_dags/example_branch_day_of_week_operator.py took 0.203 seconds
[2023-05-26T21:13:48.197+0400] {processor.py:157} INFO - Started process (PID=2102) to work on /home/chinnu/.local/lib/python3.10/site-packages/airflow/example_dags/example_branch_day_of_week_operator.py
[2023-05-26T21:13:48.201+0400] {processor.py:826} INFO - Processing file /home/chinnu/.local/lib/python3.10/site-packages/airflow/example_dags/example_branch_day_of_week_operator.py for tasks to queue
[2023-05-26T21:13:48.203+0400] {logging_mixin.py:149} INFO - [2023-05-26T21:13:48.203+0400] {dagbag.py:541} INFO - Filling up the DagBag from /home/chinnu/.local/lib/python3.10/site-packages/airflow/example_dags/example_branch_day_of_week_operator.py
[2023-05-26T21:13:48.242+0400] {processor.py:836} INFO - DAG(s) dict_keys(['example_weekday_branch_operator']) retrieved from /home/chinnu/.local/lib/python3.10/site-packages/airflow/example_dags/example_branch_day_of_week_operator.py
[2023-05-26T21:13:48.349+0400] {logging_mixin.py:149} INFO - [2023-05-26T21:13:48.349+0400] {dag.py:2726} INFO - Sync 1 DAGs
[2023-05-26T21:13:48.415+0400] {logging_mixin.py:149} INFO - [2023-05-26T21:13:48.415+0400] {dag.py:3486} INFO - Setting next_dagrun for example_weekday_branch_operator to 2023-05-25T00:00:00+00:00, run_after=2023-05-26T00:00:00+00:00
[2023-05-26T21:13:48.480+0400] {processor.py:179} INFO - Processing /home/chinnu/.local/lib/python3.10/site-packages/airflow/example_dags/example_branch_day_of_week_operator.py took 0.301 seconds
[2023-05-26T21:14:33.448+0400] {processor.py:157} INFO - Started process (PID=2155) to work on /home/chinnu/.local/lib/python3.10/site-packages/airflow/example_dags/example_branch_day_of_week_operator.py
[2023-05-26T21:14:33.452+0400] {processor.py:826} INFO - Processing file /home/chinnu/.local/lib/python3.10/site-packages/airflow/example_dags/example_branch_day_of_week_operator.py for tasks to queue
[2023-05-26T21:14:33.453+0400] {logging_mixin.py:149} INFO - [2023-05-26T21:14:33.453+0400] {dagbag.py:541} INFO - Filling up the DagBag from /home/chinnu/.local/lib/python3.10/site-packages/airflow/example_dags/example_branch_day_of_week_operator.py
[2023-05-26T21:14:33.471+0400] {processor.py:836} INFO - DAG(s) dict_keys(['example_weekday_branch_operator']) retrieved from /home/chinnu/.local/lib/python3.10/site-packages/airflow/example_dags/example_branch_day_of_week_operator.py
[2023-05-26T21:14:33.508+0400] {logging_mixin.py:149} INFO - [2023-05-26T21:14:33.508+0400] {dag.py:2726} INFO - Sync 1 DAGs
[2023-05-26T21:14:33.533+0400] {logging_mixin.py:149} INFO - [2023-05-26T21:14:33.533+0400] {dag.py:3486} INFO - Setting next_dagrun for example_weekday_branch_operator to 2023-05-25T00:00:00+00:00, run_after=2023-05-26T00:00:00+00:00
[2023-05-26T21:14:33.565+0400] {processor.py:179} INFO - Processing /home/chinnu/.local/lib/python3.10/site-packages/airflow/example_dags/example_branch_day_of_week_operator.py took 0.130 seconds
[2023-05-26T21:15:22.381+0400] {processor.py:157} INFO - Started process (PID=9417) to work on /home/chinnu/.local/lib/python3.10/site-packages/airflow/example_dags/example_branch_day_of_week_operator.py
[2023-05-26T21:15:22.384+0400] {processor.py:826} INFO - Processing file /home/chinnu/.local/lib/python3.10/site-packages/airflow/example_dags/example_branch_day_of_week_operator.py for tasks to queue
[2023-05-26T21:15:22.385+0400] {logging_mixin.py:149} INFO - [2023-05-26T21:15:22.385+0400] {dagbag.py:541} INFO - Filling up the DagBag from /home/chinnu/.local/lib/python3.10/site-packages/airflow/example_dags/example_branch_day_of_week_operator.py
[2023-05-26T21:15:22.411+0400] {processor.py:836} INFO - DAG(s) dict_keys(['example_weekday_branch_operator']) retrieved from /home/chinnu/.local/lib/python3.10/site-packages/airflow/example_dags/example_branch_day_of_week_operator.py
[2023-05-26T21:15:22.492+0400] {logging_mixin.py:149} INFO - [2023-05-26T21:15:22.492+0400] {dag.py:2726} INFO - Sync 1 DAGs
[2023-05-26T21:15:22.567+0400] {logging_mixin.py:149} INFO - [2023-05-26T21:15:22.566+0400] {dag.py:3486} INFO - Setting next_dagrun for example_weekday_branch_operator to 2023-05-25T00:00:00+00:00, run_after=2023-05-26T00:00:00+00:00
[2023-05-26T21:15:22.649+0400] {processor.py:179} INFO - Processing /home/chinnu/.local/lib/python3.10/site-packages/airflow/example_dags/example_branch_day_of_week_operator.py took 0.284 seconds
[2023-05-26T21:16:13.126+0400] {processor.py:157} INFO - Started process (PID=9488) to work on /home/chinnu/.local/lib/python3.10/site-packages/airflow/example_dags/example_branch_day_of_week_operator.py
[2023-05-26T21:16:13.129+0400] {processor.py:826} INFO - Processing file /home/chinnu/.local/lib/python3.10/site-packages/airflow/example_dags/example_branch_day_of_week_operator.py for tasks to queue
[2023-05-26T21:16:13.130+0400] {logging_mixin.py:149} INFO - [2023-05-26T21:16:13.130+0400] {dagbag.py:541} INFO - Filling up the DagBag from /home/chinnu/.local/lib/python3.10/site-packages/airflow/example_dags/example_branch_day_of_week_operator.py
[2023-05-26T21:16:13.149+0400] {processor.py:836} INFO - DAG(s) dict_keys(['example_weekday_branch_operator']) retrieved from /home/chinnu/.local/lib/python3.10/site-packages/airflow/example_dags/example_branch_day_of_week_operator.py
[2023-05-26T21:16:13.203+0400] {logging_mixin.py:149} INFO - [2023-05-26T21:16:13.203+0400] {dag.py:2726} INFO - Sync 1 DAGs
[2023-05-26T21:16:13.244+0400] {logging_mixin.py:149} INFO - [2023-05-26T21:16:13.244+0400] {dag.py:3486} INFO - Setting next_dagrun for example_weekday_branch_operator to 2023-05-25T00:00:00+00:00, run_after=2023-05-26T00:00:00+00:00
[2023-05-26T21:16:13.289+0400] {processor.py:179} INFO - Processing /home/chinnu/.local/lib/python3.10/site-packages/airflow/example_dags/example_branch_day_of_week_operator.py took 0.173 seconds
[2023-05-26T21:17:41.447+0400] {processor.py:157} INFO - Started process (PID=16782) to work on /home/chinnu/.local/lib/python3.10/site-packages/airflow/example_dags/example_branch_day_of_week_operator.py
[2023-05-26T21:17:41.449+0400] {processor.py:826} INFO - Processing file /home/chinnu/.local/lib/python3.10/site-packages/airflow/example_dags/example_branch_day_of_week_operator.py for tasks to queue
[2023-05-26T21:17:41.451+0400] {logging_mixin.py:149} INFO - [2023-05-26T21:17:41.451+0400] {dagbag.py:541} INFO - Filling up the DagBag from /home/chinnu/.local/lib/python3.10/site-packages/airflow/example_dags/example_branch_day_of_week_operator.py
[2023-05-26T21:17:41.472+0400] {processor.py:836} INFO - DAG(s) dict_keys(['example_weekday_branch_operator']) retrieved from /home/chinnu/.local/lib/python3.10/site-packages/airflow/example_dags/example_branch_day_of_week_operator.py
[2023-05-26T21:17:41.533+0400] {logging_mixin.py:149} INFO - [2023-05-26T21:17:41.532+0400] {dag.py:2726} INFO - Sync 1 DAGs
[2023-05-26T21:17:41.590+0400] {logging_mixin.py:149} INFO - [2023-05-26T21:17:41.590+0400] {dag.py:3486} INFO - Setting next_dagrun for example_weekday_branch_operator to 2023-05-25T00:00:00+00:00, run_after=2023-05-26T00:00:00+00:00
[2023-05-26T21:17:41.642+0400] {processor.py:179} INFO - Processing /home/chinnu/.local/lib/python3.10/site-packages/airflow/example_dags/example_branch_day_of_week_operator.py took 0.207 seconds
[2023-05-26T21:19:24.459+0400] {processor.py:157} INFO - Started process (PID=16875) to work on /home/chinnu/.local/lib/python3.10/site-packages/airflow/example_dags/example_branch_day_of_week_operator.py
[2023-05-26T21:19:24.462+0400] {processor.py:826} INFO - Processing file /home/chinnu/.local/lib/python3.10/site-packages/airflow/example_dags/example_branch_day_of_week_operator.py for tasks to queue
[2023-05-26T21:19:24.463+0400] {logging_mixin.py:149} INFO - [2023-05-26T21:19:24.463+0400] {dagbag.py:541} INFO - Filling up the DagBag from /home/chinnu/.local/lib/python3.10/site-packages/airflow/example_dags/example_branch_day_of_week_operator.py
[2023-05-26T21:19:24.482+0400] {processor.py:836} INFO - DAG(s) dict_keys(['example_weekday_branch_operator']) retrieved from /home/chinnu/.local/lib/python3.10/site-packages/airflow/example_dags/example_branch_day_of_week_operator.py
[2023-05-26T21:19:24.526+0400] {logging_mixin.py:149} INFO - [2023-05-26T21:19:24.526+0400] {dag.py:2726} INFO - Sync 1 DAGs
[2023-05-26T21:19:24.702+0400] {logging_mixin.py:149} INFO - [2023-05-26T21:19:24.702+0400] {dag.py:3486} INFO - Setting next_dagrun for example_weekday_branch_operator to 2023-05-25T00:00:00+00:00, run_after=2023-05-26T00:00:00+00:00
[2023-05-26T21:19:24.733+0400] {processor.py:179} INFO - Processing /home/chinnu/.local/lib/python3.10/site-packages/airflow/example_dags/example_branch_day_of_week_operator.py took 0.282 seconds
[2023-05-26T21:20:37.731+0400] {processor.py:157} INFO - Started process (PID=16958) to work on /home/chinnu/.local/lib/python3.10/site-packages/airflow/example_dags/example_branch_day_of_week_operator.py
[2023-05-26T21:20:37.734+0400] {processor.py:826} INFO - Processing file /home/chinnu/.local/lib/python3.10/site-packages/airflow/example_dags/example_branch_day_of_week_operator.py for tasks to queue
[2023-05-26T21:20:37.736+0400] {logging_mixin.py:149} INFO - [2023-05-26T21:20:37.735+0400] {dagbag.py:541} INFO - Filling up the DagBag from /home/chinnu/.local/lib/python3.10/site-packages/airflow/example_dags/example_branch_day_of_week_operator.py
[2023-05-26T21:20:37.765+0400] {processor.py:836} INFO - DAG(s) dict_keys(['example_weekday_branch_operator']) retrieved from /home/chinnu/.local/lib/python3.10/site-packages/airflow/example_dags/example_branch_day_of_week_operator.py
[2023-05-26T21:20:37.813+0400] {logging_mixin.py:149} INFO - [2023-05-26T21:20:37.813+0400] {dag.py:2726} INFO - Sync 1 DAGs
[2023-05-26T21:20:37.839+0400] {logging_mixin.py:149} INFO - [2023-05-26T21:20:37.839+0400] {dag.py:3486} INFO - Setting next_dagrun for example_weekday_branch_operator to 2023-05-25T00:00:00+00:00, run_after=2023-05-26T00:00:00+00:00
[2023-05-26T21:20:37.871+0400] {processor.py:179} INFO - Processing /home/chinnu/.local/lib/python3.10/site-packages/airflow/example_dags/example_branch_day_of_week_operator.py took 0.154 seconds
[2023-05-26T21:21:20.646+0400] {processor.py:157} INFO - Started process (PID=17008) to work on /home/chinnu/.local/lib/python3.10/site-packages/airflow/example_dags/example_branch_day_of_week_operator.py
[2023-05-26T21:21:20.649+0400] {processor.py:826} INFO - Processing file /home/chinnu/.local/lib/python3.10/site-packages/airflow/example_dags/example_branch_day_of_week_operator.py for tasks to queue
[2023-05-26T21:21:20.650+0400] {logging_mixin.py:149} INFO - [2023-05-26T21:21:20.650+0400] {dagbag.py:541} INFO - Filling up the DagBag from /home/chinnu/.local/lib/python3.10/site-packages/airflow/example_dags/example_branch_day_of_week_operator.py
[2023-05-26T21:21:20.672+0400] {processor.py:836} INFO - DAG(s) dict_keys(['example_weekday_branch_operator']) retrieved from /home/chinnu/.local/lib/python3.10/site-packages/airflow/example_dags/example_branch_day_of_week_operator.py
[2023-05-26T21:21:20.737+0400] {logging_mixin.py:149} INFO - [2023-05-26T21:21:20.737+0400] {dag.py:2726} INFO - Sync 1 DAGs
[2023-05-26T21:21:20.780+0400] {logging_mixin.py:149} INFO - [2023-05-26T21:21:20.780+0400] {dag.py:3486} INFO - Setting next_dagrun for example_weekday_branch_operator to 2023-05-25T00:00:00+00:00, run_after=2023-05-26T00:00:00+00:00
[2023-05-26T21:21:20.828+0400] {processor.py:179} INFO - Processing /home/chinnu/.local/lib/python3.10/site-packages/airflow/example_dags/example_branch_day_of_week_operator.py took 0.193 seconds
[2023-05-26T21:22:14.467+0400] {processor.py:157} INFO - Started process (PID=17073) to work on /home/chinnu/.local/lib/python3.10/site-packages/airflow/example_dags/example_branch_day_of_week_operator.py
[2023-05-26T21:22:14.471+0400] {processor.py:826} INFO - Processing file /home/chinnu/.local/lib/python3.10/site-packages/airflow/example_dags/example_branch_day_of_week_operator.py for tasks to queue
[2023-05-26T21:22:14.473+0400] {logging_mixin.py:149} INFO - [2023-05-26T21:22:14.472+0400] {dagbag.py:541} INFO - Filling up the DagBag from /home/chinnu/.local/lib/python3.10/site-packages/airflow/example_dags/example_branch_day_of_week_operator.py
[2023-05-26T21:22:14.510+0400] {processor.py:836} INFO - DAG(s) dict_keys(['example_weekday_branch_operator']) retrieved from /home/chinnu/.local/lib/python3.10/site-packages/airflow/example_dags/example_branch_day_of_week_operator.py
[2023-05-26T21:22:14.592+0400] {logging_mixin.py:149} INFO - [2023-05-26T21:22:14.591+0400] {dag.py:2726} INFO - Sync 1 DAGs
[2023-05-26T21:22:14.630+0400] {logging_mixin.py:149} INFO - [2023-05-26T21:22:14.630+0400] {dag.py:3486} INFO - Setting next_dagrun for example_weekday_branch_operator to 2023-05-25T00:00:00+00:00, run_after=2023-05-26T00:00:00+00:00
[2023-05-26T21:22:14.685+0400] {processor.py:179} INFO - Processing /home/chinnu/.local/lib/python3.10/site-packages/airflow/example_dags/example_branch_day_of_week_operator.py took 0.234 seconds
[2023-05-26T21:23:01.648+0400] {processor.py:157} INFO - Started process (PID=17129) to work on /home/chinnu/.local/lib/python3.10/site-packages/airflow/example_dags/example_branch_day_of_week_operator.py
[2023-05-26T21:23:01.652+0400] {processor.py:826} INFO - Processing file /home/chinnu/.local/lib/python3.10/site-packages/airflow/example_dags/example_branch_day_of_week_operator.py for tasks to queue
[2023-05-26T21:23:01.654+0400] {logging_mixin.py:149} INFO - [2023-05-26T21:23:01.653+0400] {dagbag.py:541} INFO - Filling up the DagBag from /home/chinnu/.local/lib/python3.10/site-packages/airflow/example_dags/example_branch_day_of_week_operator.py
[2023-05-26T21:23:01.682+0400] {processor.py:836} INFO - DAG(s) dict_keys(['example_weekday_branch_operator']) retrieved from /home/chinnu/.local/lib/python3.10/site-packages/airflow/example_dags/example_branch_day_of_week_operator.py
[2023-05-26T21:23:01.728+0400] {logging_mixin.py:149} INFO - [2023-05-26T21:23:01.727+0400] {dag.py:2726} INFO - Sync 1 DAGs
[2023-05-26T21:23:01.753+0400] {logging_mixin.py:149} INFO - [2023-05-26T21:23:01.753+0400] {dag.py:3486} INFO - Setting next_dagrun for example_weekday_branch_operator to 2023-05-25T00:00:00+00:00, run_after=2023-05-26T00:00:00+00:00
[2023-05-26T21:23:01.789+0400] {processor.py:179} INFO - Processing /home/chinnu/.local/lib/python3.10/site-packages/airflow/example_dags/example_branch_day_of_week_operator.py took 0.156 seconds
[2023-05-26T21:23:53.328+0400] {processor.py:157} INFO - Started process (PID=17191) to work on /home/chinnu/.local/lib/python3.10/site-packages/airflow/example_dags/example_branch_day_of_week_operator.py
[2023-05-26T21:23:53.330+0400] {processor.py:826} INFO - Processing file /home/chinnu/.local/lib/python3.10/site-packages/airflow/example_dags/example_branch_day_of_week_operator.py for tasks to queue
[2023-05-26T21:23:53.330+0400] {logging_mixin.py:149} INFO - [2023-05-26T21:23:53.330+0400] {dagbag.py:541} INFO - Filling up the DagBag from /home/chinnu/.local/lib/python3.10/site-packages/airflow/example_dags/example_branch_day_of_week_operator.py
[2023-05-26T21:23:53.344+0400] {processor.py:836} INFO - DAG(s) dict_keys(['example_weekday_branch_operator']) retrieved from /home/chinnu/.local/lib/python3.10/site-packages/airflow/example_dags/example_branch_day_of_week_operator.py
[2023-05-26T21:23:53.380+0400] {logging_mixin.py:149} INFO - [2023-05-26T21:23:53.379+0400] {dag.py:2726} INFO - Sync 1 DAGs
[2023-05-26T21:23:53.405+0400] {logging_mixin.py:149} INFO - [2023-05-26T21:23:53.405+0400] {dag.py:3486} INFO - Setting next_dagrun for example_weekday_branch_operator to 2023-05-25T00:00:00+00:00, run_after=2023-05-26T00:00:00+00:00
[2023-05-26T21:23:53.437+0400] {processor.py:179} INFO - Processing /home/chinnu/.local/lib/python3.10/site-packages/airflow/example_dags/example_branch_day_of_week_operator.py took 0.120 seconds
[2023-05-26T21:24:39.112+0400] {processor.py:157} INFO - Started process (PID=17252) to work on /home/chinnu/.local/lib/python3.10/site-packages/airflow/example_dags/example_branch_day_of_week_operator.py
[2023-05-26T21:24:39.113+0400] {processor.py:826} INFO - Processing file /home/chinnu/.local/lib/python3.10/site-packages/airflow/example_dags/example_branch_day_of_week_operator.py for tasks to queue
[2023-05-26T21:24:39.114+0400] {logging_mixin.py:149} INFO - [2023-05-26T21:24:39.114+0400] {dagbag.py:541} INFO - Filling up the DagBag from /home/chinnu/.local/lib/python3.10/site-packages/airflow/example_dags/example_branch_day_of_week_operator.py
[2023-05-26T21:24:39.128+0400] {processor.py:836} INFO - DAG(s) dict_keys(['example_weekday_branch_operator']) retrieved from /home/chinnu/.local/lib/python3.10/site-packages/airflow/example_dags/example_branch_day_of_week_operator.py
[2023-05-26T21:24:39.161+0400] {logging_mixin.py:149} INFO - [2023-05-26T21:24:39.161+0400] {dag.py:2726} INFO - Sync 1 DAGs
[2023-05-26T21:24:39.187+0400] {logging_mixin.py:149} INFO - [2023-05-26T21:24:39.187+0400] {dag.py:3486} INFO - Setting next_dagrun for example_weekday_branch_operator to 2023-05-25T00:00:00+00:00, run_after=2023-05-26T00:00:00+00:00
[2023-05-26T21:24:39.220+0400] {processor.py:179} INFO - Processing /home/chinnu/.local/lib/python3.10/site-packages/airflow/example_dags/example_branch_day_of_week_operator.py took 0.114 seconds
[2023-05-26T21:48:54.212+0400] {processor.py:157} INFO - Started process (PID=107) to work on /home/chinnu/.local/lib/python3.10/site-packages/airflow/example_dags/example_branch_day_of_week_operator.py
[2023-05-26T21:48:54.214+0400] {processor.py:826} INFO - Processing file /home/chinnu/.local/lib/python3.10/site-packages/airflow/example_dags/example_branch_day_of_week_operator.py for tasks to queue
[2023-05-26T21:48:54.215+0400] {logging_mixin.py:149} INFO - [2023-05-26T21:48:54.215+0400] {dagbag.py:541} INFO - Filling up the DagBag from /home/chinnu/.local/lib/python3.10/site-packages/airflow/example_dags/example_branch_day_of_week_operator.py
[2023-05-26T21:48:54.227+0400] {processor.py:836} INFO - DAG(s) dict_keys(['example_weekday_branch_operator']) retrieved from /home/chinnu/.local/lib/python3.10/site-packages/airflow/example_dags/example_branch_day_of_week_operator.py
[2023-05-26T21:48:54.260+0400] {logging_mixin.py:149} INFO - [2023-05-26T21:48:54.260+0400] {dag.py:2726} INFO - Sync 1 DAGs
[2023-05-26T21:48:54.286+0400] {logging_mixin.py:149} INFO - [2023-05-26T21:48:54.286+0400] {dag.py:3486} INFO - Setting next_dagrun for example_weekday_branch_operator to 2023-05-25T00:00:00+00:00, run_after=2023-05-26T00:00:00+00:00
[2023-05-26T21:48:54.312+0400] {processor.py:179} INFO - Processing /home/chinnu/.local/lib/python3.10/site-packages/airflow/example_dags/example_branch_day_of_week_operator.py took 0.105 seconds
[2023-05-26T21:52:59.583+0400] {processor.py:157} INFO - Started process (PID=88) to work on /home/chinnu/.local/lib/python3.10/site-packages/airflow/example_dags/example_branch_day_of_week_operator.py
[2023-05-26T21:52:59.585+0400] {processor.py:826} INFO - Processing file /home/chinnu/.local/lib/python3.10/site-packages/airflow/example_dags/example_branch_day_of_week_operator.py for tasks to queue
[2023-05-26T21:52:59.586+0400] {logging_mixin.py:149} INFO - [2023-05-26T21:52:59.585+0400] {dagbag.py:541} INFO - Filling up the DagBag from /home/chinnu/.local/lib/python3.10/site-packages/airflow/example_dags/example_branch_day_of_week_operator.py
[2023-05-26T21:52:59.598+0400] {processor.py:836} INFO - DAG(s) dict_keys(['example_weekday_branch_operator']) retrieved from /home/chinnu/.local/lib/python3.10/site-packages/airflow/example_dags/example_branch_day_of_week_operator.py
[2023-05-26T21:52:59.632+0400] {logging_mixin.py:149} INFO - [2023-05-26T21:52:59.632+0400] {dag.py:2726} INFO - Sync 1 DAGs
[2023-05-26T21:52:59.786+0400] {logging_mixin.py:149} INFO - [2023-05-26T21:52:59.786+0400] {dag.py:3486} INFO - Setting next_dagrun for example_weekday_branch_operator to 2023-05-25T00:00:00+00:00, run_after=2023-05-26T00:00:00+00:00
[2023-05-26T21:52:59.814+0400] {processor.py:179} INFO - Processing /home/chinnu/.local/lib/python3.10/site-packages/airflow/example_dags/example_branch_day_of_week_operator.py took 0.237 seconds
[2023-05-26T21:53:59.356+0400] {processor.py:157} INFO - Started process (PID=158) to work on /home/chinnu/.local/lib/python3.10/site-packages/airflow/example_dags/example_branch_day_of_week_operator.py
[2023-05-26T21:53:59.357+0400] {processor.py:826} INFO - Processing file /home/chinnu/.local/lib/python3.10/site-packages/airflow/example_dags/example_branch_day_of_week_operator.py for tasks to queue
[2023-05-26T21:53:59.358+0400] {logging_mixin.py:149} INFO - [2023-05-26T21:53:59.358+0400] {dagbag.py:541} INFO - Filling up the DagBag from /home/chinnu/.local/lib/python3.10/site-packages/airflow/example_dags/example_branch_day_of_week_operator.py
[2023-05-26T21:53:59.370+0400] {processor.py:836} INFO - DAG(s) dict_keys(['example_weekday_branch_operator']) retrieved from /home/chinnu/.local/lib/python3.10/site-packages/airflow/example_dags/example_branch_day_of_week_operator.py
[2023-05-26T21:53:59.405+0400] {logging_mixin.py:149} INFO - [2023-05-26T21:53:59.405+0400] {dag.py:2726} INFO - Sync 1 DAGs
[2023-05-26T21:53:59.430+0400] {logging_mixin.py:149} INFO - [2023-05-26T21:53:59.430+0400] {dag.py:3486} INFO - Setting next_dagrun for example_weekday_branch_operator to 2023-05-25T00:00:00+00:00, run_after=2023-05-26T00:00:00+00:00
[2023-05-26T21:53:59.465+0400] {processor.py:179} INFO - Processing /home/chinnu/.local/lib/python3.10/site-packages/airflow/example_dags/example_branch_day_of_week_operator.py took 0.115 seconds
[2023-05-26T22:06:50.422+0400] {processor.py:157} INFO - Started process (PID=2557) to work on /home/chinnu/.local/lib/python3.10/site-packages/airflow/example_dags/example_branch_day_of_week_operator.py
[2023-05-26T22:06:50.430+0400] {processor.py:826} INFO - Processing file /home/chinnu/.local/lib/python3.10/site-packages/airflow/example_dags/example_branch_day_of_week_operator.py for tasks to queue
[2023-05-26T22:06:50.432+0400] {logging_mixin.py:149} INFO - [2023-05-26T22:06:50.431+0400] {dagbag.py:541} INFO - Filling up the DagBag from /home/chinnu/.local/lib/python3.10/site-packages/airflow/example_dags/example_branch_day_of_week_operator.py
[2023-05-26T22:06:50.452+0400] {processor.py:836} INFO - DAG(s) dict_keys(['example_weekday_branch_operator']) retrieved from /home/chinnu/.local/lib/python3.10/site-packages/airflow/example_dags/example_branch_day_of_week_operator.py
[2023-05-26T22:06:50.506+0400] {logging_mixin.py:149} INFO - [2023-05-26T22:06:50.505+0400] {dag.py:2726} INFO - Sync 1 DAGs
[2023-05-26T22:06:50.747+0400] {logging_mixin.py:149} INFO - [2023-05-26T22:06:50.747+0400] {dag.py:3486} INFO - Setting next_dagrun for example_weekday_branch_operator to 2023-05-25T00:00:00+00:00, run_after=2023-05-26T00:00:00+00:00
[2023-05-26T22:06:50.790+0400] {processor.py:179} INFO - Processing /home/chinnu/.local/lib/python3.10/site-packages/airflow/example_dags/example_branch_day_of_week_operator.py took 0.379 seconds
[2023-05-26T22:08:32.222+0400] {processor.py:157} INFO - Started process (PID=2624) to work on /home/chinnu/.local/lib/python3.10/site-packages/airflow/example_dags/example_branch_day_of_week_operator.py
[2023-05-26T22:08:32.232+0400] {processor.py:826} INFO - Processing file /home/chinnu/.local/lib/python3.10/site-packages/airflow/example_dags/example_branch_day_of_week_operator.py for tasks to queue
[2023-05-26T22:08:32.237+0400] {logging_mixin.py:149} INFO - [2023-05-26T22:08:32.237+0400] {dagbag.py:541} INFO - Filling up the DagBag from /home/chinnu/.local/lib/python3.10/site-packages/airflow/example_dags/example_branch_day_of_week_operator.py
[2023-05-26T22:08:32.295+0400] {processor.py:836} INFO - DAG(s) dict_keys(['example_weekday_branch_operator']) retrieved from /home/chinnu/.local/lib/python3.10/site-packages/airflow/example_dags/example_branch_day_of_week_operator.py
[2023-05-26T22:08:32.434+0400] {logging_mixin.py:149} INFO - [2023-05-26T22:08:32.433+0400] {dag.py:2726} INFO - Sync 1 DAGs
[2023-05-26T22:08:32.518+0400] {logging_mixin.py:149} INFO - [2023-05-26T22:08:32.518+0400] {dag.py:3486} INFO - Setting next_dagrun for example_weekday_branch_operator to 2023-05-25T00:00:00+00:00, run_after=2023-05-26T00:00:00+00:00
[2023-05-26T22:08:32.595+0400] {processor.py:179} INFO - Processing /home/chinnu/.local/lib/python3.10/site-packages/airflow/example_dags/example_branch_day_of_week_operator.py took 0.394 seconds
