[2023-05-26T19:38:43.604+0400] {processor.py:157} INFO - Started process (PID=212) to work on /home/chinnu/.local/lib/python3.10/site-packages/airflow/example_dags/example_sla_dag.py
[2023-05-26T19:38:43.609+0400] {processor.py:826} INFO - Processing file /home/chinnu/.local/lib/python3.10/site-packages/airflow/example_dags/example_sla_dag.py for tasks to queue
[2023-05-26T19:38:43.611+0400] {logging_mixin.py:149} INFO - [2023-05-26T19:38:43.611+0400] {dagbag.py:541} INFO - Filling up the DagBag from /home/chinnu/.local/lib/python3.10/site-packages/airflow/example_dags/example_sla_dag.py
[2023-05-26T19:38:43.639+0400] {processor.py:836} INFO - DAG(s) dict_keys(['example_sla_dag']) retrieved from /home/chinnu/.local/lib/python3.10/site-packages/airflow/example_dags/example_sla_dag.py
[2023-05-26T19:38:43.680+0400] {logging_mixin.py:149} INFO - [2023-05-26T19:38:43.680+0400] {dag.py:2726} INFO - Sync 1 DAGs
[2023-05-26T19:38:43.702+0400] {logging_mixin.py:149} INFO - [2023-05-26T19:38:43.702+0400] {dag.py:3486} INFO - Setting next_dagrun for example_sla_dag to 2023-05-26T15:36:00+00:00, run_after=2023-05-26T15:38:00+00:00
[2023-05-26T19:38:43.742+0400] {processor.py:179} INFO - Processing /home/chinnu/.local/lib/python3.10/site-packages/airflow/example_dags/example_sla_dag.py took 0.150 seconds
[2023-05-26T19:39:40.483+0400] {processor.py:157} INFO - Started process (PID=263) to work on /home/chinnu/.local/lib/python3.10/site-packages/airflow/example_dags/example_sla_dag.py
[2023-05-26T19:39:40.486+0400] {processor.py:826} INFO - Processing file /home/chinnu/.local/lib/python3.10/site-packages/airflow/example_dags/example_sla_dag.py for tasks to queue
[2023-05-26T19:39:40.488+0400] {logging_mixin.py:149} INFO - [2023-05-26T19:39:40.488+0400] {dagbag.py:541} INFO - Filling up the DagBag from /home/chinnu/.local/lib/python3.10/site-packages/airflow/example_dags/example_sla_dag.py
[2023-05-26T19:39:40.515+0400] {processor.py:836} INFO - DAG(s) dict_keys(['example_sla_dag']) retrieved from /home/chinnu/.local/lib/python3.10/site-packages/airflow/example_dags/example_sla_dag.py
[2023-05-26T19:39:40.570+0400] {logging_mixin.py:149} INFO - [2023-05-26T19:39:40.570+0400] {dag.py:2726} INFO - Sync 1 DAGs
[2023-05-26T19:39:40.597+0400] {logging_mixin.py:149} INFO - [2023-05-26T19:39:40.597+0400] {dag.py:3486} INFO - Setting next_dagrun for example_sla_dag to 2023-05-26T15:36:00+00:00, run_after=2023-05-26T15:38:00+00:00
[2023-05-26T19:39:40.628+0400] {processor.py:179} INFO - Processing /home/chinnu/.local/lib/python3.10/site-packages/airflow/example_dags/example_sla_dag.py took 0.158 seconds
[2023-05-26T19:40:34.336+0400] {processor.py:157} INFO - Started process (PID=826) to work on /home/chinnu/.local/lib/python3.10/site-packages/airflow/example_dags/example_sla_dag.py
[2023-05-26T19:40:34.339+0400] {processor.py:826} INFO - Processing file /home/chinnu/.local/lib/python3.10/site-packages/airflow/example_dags/example_sla_dag.py for tasks to queue
[2023-05-26T19:40:34.340+0400] {logging_mixin.py:149} INFO - [2023-05-26T19:40:34.340+0400] {dagbag.py:541} INFO - Filling up the DagBag from /home/chinnu/.local/lib/python3.10/site-packages/airflow/example_dags/example_sla_dag.py
[2023-05-26T19:40:34.354+0400] {processor.py:836} INFO - DAG(s) dict_keys(['example_sla_dag']) retrieved from /home/chinnu/.local/lib/python3.10/site-packages/airflow/example_dags/example_sla_dag.py
[2023-05-26T19:40:34.386+0400] {logging_mixin.py:149} INFO - [2023-05-26T19:40:34.386+0400] {dag.py:2726} INFO - Sync 1 DAGs
[2023-05-26T19:40:34.409+0400] {logging_mixin.py:149} INFO - [2023-05-26T19:40:34.409+0400] {dag.py:3486} INFO - Setting next_dagrun for example_sla_dag to 2023-05-26T15:38:00+00:00, run_after=2023-05-26T15:40:00+00:00
[2023-05-26T19:40:34.457+0400] {processor.py:179} INFO - Processing /home/chinnu/.local/lib/python3.10/site-packages/airflow/example_dags/example_sla_dag.py took 0.132 seconds
[2023-05-26T19:41:41.357+0400] {processor.py:157} INFO - Started process (PID=885) to work on /home/chinnu/.local/lib/python3.10/site-packages/airflow/example_dags/example_sla_dag.py
[2023-05-26T19:41:41.361+0400] {processor.py:826} INFO - Processing file /home/chinnu/.local/lib/python3.10/site-packages/airflow/example_dags/example_sla_dag.py for tasks to queue
[2023-05-26T19:41:41.363+0400] {logging_mixin.py:149} INFO - [2023-05-26T19:41:41.363+0400] {dagbag.py:541} INFO - Filling up the DagBag from /home/chinnu/.local/lib/python3.10/site-packages/airflow/example_dags/example_sla_dag.py
[2023-05-26T19:41:41.393+0400] {processor.py:836} INFO - DAG(s) dict_keys(['example_sla_dag']) retrieved from /home/chinnu/.local/lib/python3.10/site-packages/airflow/example_dags/example_sla_dag.py
[2023-05-26T19:41:41.466+0400] {logging_mixin.py:149} INFO - [2023-05-26T19:41:41.466+0400] {dag.py:2726} INFO - Sync 1 DAGs
[2023-05-26T19:41:41.494+0400] {logging_mixin.py:149} INFO - [2023-05-26T19:41:41.494+0400] {dag.py:3486} INFO - Setting next_dagrun for example_sla_dag to 2023-05-26T15:38:00+00:00, run_after=2023-05-26T15:40:00+00:00
[2023-05-26T19:41:41.523+0400] {processor.py:179} INFO - Processing /home/chinnu/.local/lib/python3.10/site-packages/airflow/example_dags/example_sla_dag.py took 0.186 seconds
[2023-05-26T19:43:11.777+0400] {processor.py:157} INFO - Started process (PID=1478) to work on /home/chinnu/.local/lib/python3.10/site-packages/airflow/example_dags/example_sla_dag.py
[2023-05-26T19:43:11.780+0400] {processor.py:826} INFO - Processing file /home/chinnu/.local/lib/python3.10/site-packages/airflow/example_dags/example_sla_dag.py for tasks to queue
[2023-05-26T19:43:11.781+0400] {logging_mixin.py:149} INFO - [2023-05-26T19:43:11.781+0400] {dagbag.py:541} INFO - Filling up the DagBag from /home/chinnu/.local/lib/python3.10/site-packages/airflow/example_dags/example_sla_dag.py
[2023-05-26T19:43:11.806+0400] {processor.py:836} INFO - DAG(s) dict_keys(['example_sla_dag']) retrieved from /home/chinnu/.local/lib/python3.10/site-packages/airflow/example_dags/example_sla_dag.py
[2023-05-26T19:43:11.871+0400] {logging_mixin.py:149} INFO - [2023-05-26T19:43:11.870+0400] {dag.py:2726} INFO - Sync 1 DAGs
[2023-05-26T19:43:12.130+0400] {logging_mixin.py:149} INFO - [2023-05-26T19:43:12.130+0400] {dag.py:3486} INFO - Setting next_dagrun for example_sla_dag to 2023-05-26T15:40:00+00:00, run_after=2023-05-26T15:42:00+00:00
[2023-05-26T19:43:12.169+0400] {processor.py:179} INFO - Processing /home/chinnu/.local/lib/python3.10/site-packages/airflow/example_dags/example_sla_dag.py took 0.401 seconds
[2023-05-26T19:44:23.885+0400] {processor.py:157} INFO - Started process (PID=1538) to work on /home/chinnu/.local/lib/python3.10/site-packages/airflow/example_dags/example_sla_dag.py
[2023-05-26T19:44:23.890+0400] {processor.py:826} INFO - Processing file /home/chinnu/.local/lib/python3.10/site-packages/airflow/example_dags/example_sla_dag.py for tasks to queue
[2023-05-26T19:44:23.895+0400] {logging_mixin.py:149} INFO - [2023-05-26T19:44:23.892+0400] {dagbag.py:541} INFO - Filling up the DagBag from /home/chinnu/.local/lib/python3.10/site-packages/airflow/example_dags/example_sla_dag.py
[2023-05-26T19:44:23.951+0400] {processor.py:836} INFO - DAG(s) dict_keys(['example_sla_dag']) retrieved from /home/chinnu/.local/lib/python3.10/site-packages/airflow/example_dags/example_sla_dag.py
[2023-05-26T19:44:24.082+0400] {logging_mixin.py:149} INFO - [2023-05-26T19:44:24.081+0400] {dag.py:2726} INFO - Sync 1 DAGs
[2023-05-26T19:44:24.196+0400] {logging_mixin.py:149} INFO - [2023-05-26T19:44:24.195+0400] {dag.py:3486} INFO - Setting next_dagrun for example_sla_dag to 2023-05-26T15:42:00+00:00, run_after=2023-05-26T15:44:00+00:00
[2023-05-26T19:44:24.284+0400] {processor.py:179} INFO - Processing /home/chinnu/.local/lib/python3.10/site-packages/airflow/example_dags/example_sla_dag.py took 0.422 seconds
[2023-05-26T19:45:28.004+0400] {processor.py:157} INFO - Started process (PID=1590) to work on /home/chinnu/.local/lib/python3.10/site-packages/airflow/example_dags/example_sla_dag.py
[2023-05-26T19:45:28.013+0400] {processor.py:826} INFO - Processing file /home/chinnu/.local/lib/python3.10/site-packages/airflow/example_dags/example_sla_dag.py for tasks to queue
[2023-05-26T19:45:28.016+0400] {logging_mixin.py:149} INFO - [2023-05-26T19:45:28.015+0400] {dagbag.py:541} INFO - Filling up the DagBag from /home/chinnu/.local/lib/python3.10/site-packages/airflow/example_dags/example_sla_dag.py
[2023-05-26T19:45:28.074+0400] {processor.py:836} INFO - DAG(s) dict_keys(['example_sla_dag']) retrieved from /home/chinnu/.local/lib/python3.10/site-packages/airflow/example_dags/example_sla_dag.py
[2023-05-26T19:45:28.162+0400] {logging_mixin.py:149} INFO - [2023-05-26T19:45:28.162+0400] {dag.py:2726} INFO - Sync 1 DAGs
[2023-05-26T19:45:28.229+0400] {logging_mixin.py:149} INFO - [2023-05-26T19:45:28.228+0400] {dag.py:3486} INFO - Setting next_dagrun for example_sla_dag to 2023-05-26T15:42:00+00:00, run_after=2023-05-26T15:44:00+00:00
[2023-05-26T19:45:28.292+0400] {processor.py:179} INFO - Processing /home/chinnu/.local/lib/python3.10/site-packages/airflow/example_dags/example_sla_dag.py took 0.311 seconds
[2023-05-26T19:48:09.861+0400] {processor.py:157} INFO - Started process (PID=1692) to work on /home/chinnu/.local/lib/python3.10/site-packages/airflow/example_dags/example_sla_dag.py
[2023-05-26T19:48:09.866+0400] {processor.py:826} INFO - Processing file /home/chinnu/.local/lib/python3.10/site-packages/airflow/example_dags/example_sla_dag.py for tasks to queue
[2023-05-26T19:48:09.869+0400] {logging_mixin.py:149} INFO - [2023-05-26T19:48:09.869+0400] {dagbag.py:541} INFO - Filling up the DagBag from /home/chinnu/.local/lib/python3.10/site-packages/airflow/example_dags/example_sla_dag.py
[2023-05-26T19:48:09.902+0400] {processor.py:836} INFO - DAG(s) dict_keys(['example_sla_dag']) retrieved from /home/chinnu/.local/lib/python3.10/site-packages/airflow/example_dags/example_sla_dag.py
[2023-05-26T19:48:09.949+0400] {logging_mixin.py:149} INFO - [2023-05-26T19:48:09.948+0400] {dag.py:2726} INFO - Sync 1 DAGs
[2023-05-26T19:48:09.974+0400] {logging_mixin.py:149} INFO - [2023-05-26T19:48:09.974+0400] {dag.py:3486} INFO - Setting next_dagrun for example_sla_dag to 2023-05-26T15:46:00+00:00, run_after=2023-05-26T15:48:00+00:00
[2023-05-26T19:48:10.007+0400] {processor.py:179} INFO - Processing /home/chinnu/.local/lib/python3.10/site-packages/airflow/example_dags/example_sla_dag.py took 0.166 seconds
[2023-05-26T21:05:32.142+0400] {processor.py:157} INFO - Started process (PID=76) to work on /home/chinnu/.local/lib/python3.10/site-packages/airflow/example_dags/example_sla_dag.py
[2023-05-26T21:05:32.158+0400] {processor.py:826} INFO - Processing file /home/chinnu/.local/lib/python3.10/site-packages/airflow/example_dags/example_sla_dag.py for tasks to queue
[2023-05-26T21:05:32.162+0400] {logging_mixin.py:149} INFO - [2023-05-26T21:05:32.161+0400] {dagbag.py:541} INFO - Filling up the DagBag from /home/chinnu/.local/lib/python3.10/site-packages/airflow/example_dags/example_sla_dag.py
[2023-05-26T21:05:32.223+0400] {processor.py:836} INFO - DAG(s) dict_keys(['example_sla_dag']) retrieved from /home/chinnu/.local/lib/python3.10/site-packages/airflow/example_dags/example_sla_dag.py
[2023-05-26T21:05:32.326+0400] {logging_mixin.py:149} INFO - [2023-05-26T21:05:32.326+0400] {dag.py:2726} INFO - Sync 1 DAGs
[2023-05-26T21:05:32.360+0400] {logging_mixin.py:149} INFO - [2023-05-26T21:05:32.359+0400] {dag.py:3486} INFO - Setting next_dagrun for example_sla_dag to 2023-05-26T17:02:00+00:00, run_after=2023-05-26T17:04:00+00:00
[2023-05-26T21:05:32.390+0400] {processor.py:179} INFO - Processing /home/chinnu/.local/lib/python3.10/site-packages/airflow/example_dags/example_sla_dag.py took 0.272 seconds
[2023-05-26T21:06:36.960+0400] {processor.py:157} INFO - Started process (PID=145) to work on /home/chinnu/.local/lib/python3.10/site-packages/airflow/example_dags/example_sla_dag.py
[2023-05-26T21:06:36.964+0400] {processor.py:826} INFO - Processing file /home/chinnu/.local/lib/python3.10/site-packages/airflow/example_dags/example_sla_dag.py for tasks to queue
[2023-05-26T21:06:36.965+0400] {logging_mixin.py:149} INFO - [2023-05-26T21:06:36.965+0400] {dagbag.py:541} INFO - Filling up the DagBag from /home/chinnu/.local/lib/python3.10/site-packages/airflow/example_dags/example_sla_dag.py
[2023-05-26T21:06:36.999+0400] {processor.py:836} INFO - DAG(s) dict_keys(['example_sla_dag']) retrieved from /home/chinnu/.local/lib/python3.10/site-packages/airflow/example_dags/example_sla_dag.py
[2023-05-26T21:06:37.084+0400] {logging_mixin.py:149} INFO - [2023-05-26T21:06:37.084+0400] {dag.py:2726} INFO - Sync 1 DAGs
[2023-05-26T21:06:37.419+0400] {logging_mixin.py:149} INFO - [2023-05-26T21:06:37.419+0400] {dag.py:3486} INFO - Setting next_dagrun for example_sla_dag to 2023-05-26T17:04:00+00:00, run_after=2023-05-26T17:06:00+00:00
[2023-05-26T21:06:37.459+0400] {processor.py:179} INFO - Processing /home/chinnu/.local/lib/python3.10/site-packages/airflow/example_dags/example_sla_dag.py took 0.517 seconds
[2023-05-26T21:10:39.340+0400] {processor.py:157} INFO - Started process (PID=1912) to work on /home/chinnu/.local/lib/python3.10/site-packages/airflow/example_dags/example_sla_dag.py
[2023-05-26T21:10:39.343+0400] {processor.py:826} INFO - Processing file /home/chinnu/.local/lib/python3.10/site-packages/airflow/example_dags/example_sla_dag.py for tasks to queue
[2023-05-26T21:10:39.344+0400] {logging_mixin.py:149} INFO - [2023-05-26T21:10:39.344+0400] {dagbag.py:541} INFO - Filling up the DagBag from /home/chinnu/.local/lib/python3.10/site-packages/airflow/example_dags/example_sla_dag.py
[2023-05-26T21:10:39.365+0400] {processor.py:836} INFO - DAG(s) dict_keys(['example_sla_dag']) retrieved from /home/chinnu/.local/lib/python3.10/site-packages/airflow/example_dags/example_sla_dag.py
[2023-05-26T21:10:39.424+0400] {logging_mixin.py:149} INFO - [2023-05-26T21:10:39.423+0400] {dag.py:2726} INFO - Sync 1 DAGs
[2023-05-26T21:10:39.473+0400] {logging_mixin.py:149} INFO - [2023-05-26T21:10:39.473+0400] {dag.py:3486} INFO - Setting next_dagrun for example_sla_dag to 2023-05-26T17:08:00+00:00, run_after=2023-05-26T17:10:00+00:00
[2023-05-26T21:10:39.520+0400] {processor.py:179} INFO - Processing /home/chinnu/.local/lib/python3.10/site-packages/airflow/example_dags/example_sla_dag.py took 0.188 seconds
[2023-05-26T21:11:48.679+0400] {processor.py:157} INFO - Started process (PID=1969) to work on /home/chinnu/.local/lib/python3.10/site-packages/airflow/example_dags/example_sla_dag.py
[2023-05-26T21:11:48.684+0400] {processor.py:826} INFO - Processing file /home/chinnu/.local/lib/python3.10/site-packages/airflow/example_dags/example_sla_dag.py for tasks to queue
[2023-05-26T21:11:48.686+0400] {logging_mixin.py:149} INFO - [2023-05-26T21:11:48.686+0400] {dagbag.py:541} INFO - Filling up the DagBag from /home/chinnu/.local/lib/python3.10/site-packages/airflow/example_dags/example_sla_dag.py
[2023-05-26T21:11:48.716+0400] {processor.py:836} INFO - DAG(s) dict_keys(['example_sla_dag']) retrieved from /home/chinnu/.local/lib/python3.10/site-packages/airflow/example_dags/example_sla_dag.py
[2023-05-26T21:11:48.761+0400] {logging_mixin.py:149} INFO - [2023-05-26T21:11:48.761+0400] {dag.py:2726} INFO - Sync 1 DAGs
[2023-05-26T21:11:48.940+0400] {logging_mixin.py:149} INFO - [2023-05-26T21:11:48.940+0400] {dag.py:3486} INFO - Setting next_dagrun for example_sla_dag to 2023-05-26T17:08:00+00:00, run_after=2023-05-26T17:10:00+00:00
[2023-05-26T21:11:48.970+0400] {processor.py:179} INFO - Processing /home/chinnu/.local/lib/python3.10/site-packages/airflow/example_dags/example_sla_dag.py took 0.303 seconds
[2023-05-26T21:12:41.839+0400] {processor.py:157} INFO - Started process (PID=2027) to work on /home/chinnu/.local/lib/python3.10/site-packages/airflow/example_dags/example_sla_dag.py
[2023-05-26T21:12:41.842+0400] {processor.py:826} INFO - Processing file /home/chinnu/.local/lib/python3.10/site-packages/airflow/example_dags/example_sla_dag.py for tasks to queue
[2023-05-26T21:12:41.844+0400] {logging_mixin.py:149} INFO - [2023-05-26T21:12:41.843+0400] {dagbag.py:541} INFO - Filling up the DagBag from /home/chinnu/.local/lib/python3.10/site-packages/airflow/example_dags/example_sla_dag.py
[2023-05-26T21:12:41.875+0400] {processor.py:836} INFO - DAG(s) dict_keys(['example_sla_dag']) retrieved from /home/chinnu/.local/lib/python3.10/site-packages/airflow/example_dags/example_sla_dag.py
[2023-05-26T21:12:42.248+0400] {logging_mixin.py:149} INFO - [2023-05-26T21:12:42.248+0400] {dag.py:2726} INFO - Sync 1 DAGs
[2023-05-26T21:12:42.291+0400] {logging_mixin.py:149} INFO - [2023-05-26T21:12:42.290+0400] {dag.py:3486} INFO - Setting next_dagrun for example_sla_dag to 2023-05-26T17:10:00+00:00, run_after=2023-05-26T17:12:00+00:00
[2023-05-26T21:12:42.345+0400] {processor.py:179} INFO - Processing /home/chinnu/.local/lib/python3.10/site-packages/airflow/example_dags/example_sla_dag.py took 0.519 seconds
[2023-05-26T21:13:24.828+0400] {processor.py:157} INFO - Started process (PID=2077) to work on /home/chinnu/.local/lib/python3.10/site-packages/airflow/example_dags/example_sla_dag.py
[2023-05-26T21:13:24.833+0400] {processor.py:826} INFO - Processing file /home/chinnu/.local/lib/python3.10/site-packages/airflow/example_dags/example_sla_dag.py for tasks to queue
[2023-05-26T21:13:24.836+0400] {logging_mixin.py:149} INFO - [2023-05-26T21:13:24.835+0400] {dagbag.py:541} INFO - Filling up the DagBag from /home/chinnu/.local/lib/python3.10/site-packages/airflow/example_dags/example_sla_dag.py
[2023-05-26T21:13:24.871+0400] {processor.py:836} INFO - DAG(s) dict_keys(['example_sla_dag']) retrieved from /home/chinnu/.local/lib/python3.10/site-packages/airflow/example_dags/example_sla_dag.py
[2023-05-26T21:13:24.938+0400] {logging_mixin.py:149} INFO - [2023-05-26T21:13:24.938+0400] {dag.py:2726} INFO - Sync 1 DAGs
[2023-05-26T21:13:24.990+0400] {logging_mixin.py:149} INFO - [2023-05-26T21:13:24.990+0400] {dag.py:3486} INFO - Setting next_dagrun for example_sla_dag to 2023-05-26T17:10:00+00:00, run_after=2023-05-26T17:12:00+00:00
[2023-05-26T21:13:25.034+0400] {processor.py:179} INFO - Processing /home/chinnu/.local/lib/python3.10/site-packages/airflow/example_dags/example_sla_dag.py took 0.228 seconds
[2023-05-26T21:14:10.862+0400] {processor.py:157} INFO - Started process (PID=2130) to work on /home/chinnu/.local/lib/python3.10/site-packages/airflow/example_dags/example_sla_dag.py
[2023-05-26T21:14:10.866+0400] {processor.py:826} INFO - Processing file /home/chinnu/.local/lib/python3.10/site-packages/airflow/example_dags/example_sla_dag.py for tasks to queue
[2023-05-26T21:14:10.868+0400] {logging_mixin.py:149} INFO - [2023-05-26T21:14:10.867+0400] {dagbag.py:541} INFO - Filling up the DagBag from /home/chinnu/.local/lib/python3.10/site-packages/airflow/example_dags/example_sla_dag.py
[2023-05-26T21:14:10.897+0400] {processor.py:836} INFO - DAG(s) dict_keys(['example_sla_dag']) retrieved from /home/chinnu/.local/lib/python3.10/site-packages/airflow/example_dags/example_sla_dag.py
[2023-05-26T21:14:10.937+0400] {logging_mixin.py:149} INFO - [2023-05-26T21:14:10.937+0400] {dag.py:2726} INFO - Sync 1 DAGs
[2023-05-26T21:14:10.964+0400] {logging_mixin.py:149} INFO - [2023-05-26T21:14:10.964+0400] {dag.py:3486} INFO - Setting next_dagrun for example_sla_dag to 2023-05-26T17:12:00+00:00, run_after=2023-05-26T17:14:00+00:00
[2023-05-26T21:14:10.996+0400] {processor.py:179} INFO - Processing /home/chinnu/.local/lib/python3.10/site-packages/airflow/example_dags/example_sla_dag.py took 0.149 seconds
[2023-05-26T21:14:51.634+0400] {processor.py:157} INFO - Started process (PID=2186) to work on /home/chinnu/.local/lib/python3.10/site-packages/airflow/example_dags/example_sla_dag.py
[2023-05-26T21:14:51.637+0400] {processor.py:826} INFO - Processing file /home/chinnu/.local/lib/python3.10/site-packages/airflow/example_dags/example_sla_dag.py for tasks to queue
[2023-05-26T21:14:51.638+0400] {logging_mixin.py:149} INFO - [2023-05-26T21:14:51.638+0400] {dagbag.py:541} INFO - Filling up the DagBag from /home/chinnu/.local/lib/python3.10/site-packages/airflow/example_dags/example_sla_dag.py
[2023-05-26T21:14:51.661+0400] {processor.py:836} INFO - DAG(s) dict_keys(['example_sla_dag']) retrieved from /home/chinnu/.local/lib/python3.10/site-packages/airflow/example_dags/example_sla_dag.py
[2023-05-26T21:14:51.719+0400] {logging_mixin.py:149} INFO - [2023-05-26T21:14:51.719+0400] {dag.py:2726} INFO - Sync 1 DAGs
[2023-05-26T21:14:51.762+0400] {logging_mixin.py:149} INFO - [2023-05-26T21:14:51.762+0400] {dag.py:3486} INFO - Setting next_dagrun for example_sla_dag to 2023-05-26T17:12:00+00:00, run_after=2023-05-26T17:14:00+00:00
[2023-05-26T21:14:51.801+0400] {processor.py:179} INFO - Processing /home/chinnu/.local/lib/python3.10/site-packages/airflow/example_dags/example_sla_dag.py took 0.178 seconds
[2023-05-26T21:15:29.994+0400] {processor.py:157} INFO - Started process (PID=9426) to work on /home/chinnu/.local/lib/python3.10/site-packages/airflow/example_dags/example_sla_dag.py
[2023-05-26T21:15:29.996+0400] {processor.py:826} INFO - Processing file /home/chinnu/.local/lib/python3.10/site-packages/airflow/example_dags/example_sla_dag.py for tasks to queue
[2023-05-26T21:15:29.997+0400] {logging_mixin.py:149} INFO - [2023-05-26T21:15:29.997+0400] {dagbag.py:541} INFO - Filling up the DagBag from /home/chinnu/.local/lib/python3.10/site-packages/airflow/example_dags/example_sla_dag.py
[2023-05-26T21:15:30.018+0400] {processor.py:836} INFO - DAG(s) dict_keys(['example_sla_dag']) retrieved from /home/chinnu/.local/lib/python3.10/site-packages/airflow/example_dags/example_sla_dag.py
[2023-05-26T21:15:30.065+0400] {logging_mixin.py:149} INFO - [2023-05-26T21:15:30.065+0400] {dag.py:2726} INFO - Sync 1 DAGs
[2023-05-26T21:15:30.118+0400] {logging_mixin.py:149} INFO - [2023-05-26T21:15:30.118+0400] {dag.py:3486} INFO - Setting next_dagrun for example_sla_dag to 2023-05-26T17:12:00+00:00, run_after=2023-05-26T17:14:00+00:00
[2023-05-26T21:15:30.185+0400] {processor.py:179} INFO - Processing /home/chinnu/.local/lib/python3.10/site-packages/airflow/example_dags/example_sla_dag.py took 0.201 seconds
[2023-05-26T21:16:07.905+0400] {processor.py:157} INFO - Started process (PID=9482) to work on /home/chinnu/.local/lib/python3.10/site-packages/airflow/example_dags/example_sla_dag.py
[2023-05-26T21:16:07.909+0400] {processor.py:826} INFO - Processing file /home/chinnu/.local/lib/python3.10/site-packages/airflow/example_dags/example_sla_dag.py for tasks to queue
[2023-05-26T21:16:07.911+0400] {logging_mixin.py:149} INFO - [2023-05-26T21:16:07.911+0400] {dagbag.py:541} INFO - Filling up the DagBag from /home/chinnu/.local/lib/python3.10/site-packages/airflow/example_dags/example_sla_dag.py
[2023-05-26T21:16:07.943+0400] {processor.py:836} INFO - DAG(s) dict_keys(['example_sla_dag']) retrieved from /home/chinnu/.local/lib/python3.10/site-packages/airflow/example_dags/example_sla_dag.py
[2023-05-26T21:16:08.002+0400] {logging_mixin.py:149} INFO - [2023-05-26T21:16:08.002+0400] {dag.py:2726} INFO - Sync 1 DAGs
[2023-05-26T21:16:08.039+0400] {logging_mixin.py:149} INFO - [2023-05-26T21:16:08.039+0400] {dag.py:3486} INFO - Setting next_dagrun for example_sla_dag to 2023-05-26T17:14:00+00:00, run_after=2023-05-26T17:16:00+00:00
[2023-05-26T21:16:08.078+0400] {processor.py:179} INFO - Processing /home/chinnu/.local/lib/python3.10/site-packages/airflow/example_dags/example_sla_dag.py took 0.186 seconds
[2023-05-26T21:17:22.165+0400] {processor.py:157} INFO - Started process (PID=16760) to work on /home/chinnu/.local/lib/python3.10/site-packages/airflow/example_dags/example_sla_dag.py
[2023-05-26T21:17:22.168+0400] {processor.py:826} INFO - Processing file /home/chinnu/.local/lib/python3.10/site-packages/airflow/example_dags/example_sla_dag.py for tasks to queue
[2023-05-26T21:17:22.170+0400] {logging_mixin.py:149} INFO - [2023-05-26T21:17:22.169+0400] {dagbag.py:541} INFO - Filling up the DagBag from /home/chinnu/.local/lib/python3.10/site-packages/airflow/example_dags/example_sla_dag.py
[2023-05-26T21:17:22.207+0400] {processor.py:836} INFO - DAG(s) dict_keys(['example_sla_dag']) retrieved from /home/chinnu/.local/lib/python3.10/site-packages/airflow/example_dags/example_sla_dag.py
[2023-05-26T21:17:22.281+0400] {logging_mixin.py:149} INFO - [2023-05-26T21:17:22.281+0400] {dag.py:2726} INFO - Sync 1 DAGs
[2023-05-26T21:17:22.317+0400] {logging_mixin.py:149} INFO - [2023-05-26T21:17:22.317+0400] {dag.py:3486} INFO - Setting next_dagrun for example_sla_dag to 2023-05-26T17:14:00+00:00, run_after=2023-05-26T17:16:00+00:00
[2023-05-26T21:17:22.350+0400] {processor.py:179} INFO - Processing /home/chinnu/.local/lib/python3.10/site-packages/airflow/example_dags/example_sla_dag.py took 0.200 seconds
[2023-05-26T21:18:58.853+0400] {processor.py:157} INFO - Started process (PID=16848) to work on /home/chinnu/.local/lib/python3.10/site-packages/airflow/example_dags/example_sla_dag.py
[2023-05-26T21:18:58.854+0400] {processor.py:826} INFO - Processing file /home/chinnu/.local/lib/python3.10/site-packages/airflow/example_dags/example_sla_dag.py for tasks to queue
[2023-05-26T21:18:58.856+0400] {logging_mixin.py:149} INFO - [2023-05-26T21:18:58.855+0400] {dagbag.py:541} INFO - Filling up the DagBag from /home/chinnu/.local/lib/python3.10/site-packages/airflow/example_dags/example_sla_dag.py
[2023-05-26T21:18:58.871+0400] {processor.py:836} INFO - DAG(s) dict_keys(['example_sla_dag']) retrieved from /home/chinnu/.local/lib/python3.10/site-packages/airflow/example_dags/example_sla_dag.py
[2023-05-26T21:18:58.917+0400] {logging_mixin.py:149} INFO - [2023-05-26T21:18:58.917+0400] {dag.py:2726} INFO - Sync 1 DAGs
[2023-05-26T21:18:58.947+0400] {logging_mixin.py:149} INFO - [2023-05-26T21:18:58.947+0400] {dag.py:3486} INFO - Setting next_dagrun for example_sla_dag to 2023-05-26T17:16:00+00:00, run_after=2023-05-26T17:18:00+00:00
[2023-05-26T21:18:58.982+0400] {processor.py:179} INFO - Processing /home/chinnu/.local/lib/python3.10/site-packages/airflow/example_dags/example_sla_dag.py took 0.136 seconds
[2023-05-26T21:19:44.138+0400] {processor.py:157} INFO - Started process (PID=16899) to work on /home/chinnu/.local/lib/python3.10/site-packages/airflow/example_dags/example_sla_dag.py
[2023-05-26T21:19:44.140+0400] {processor.py:826} INFO - Processing file /home/chinnu/.local/lib/python3.10/site-packages/airflow/example_dags/example_sla_dag.py for tasks to queue
[2023-05-26T21:19:44.142+0400] {logging_mixin.py:149} INFO - [2023-05-26T21:19:44.141+0400] {dagbag.py:541} INFO - Filling up the DagBag from /home/chinnu/.local/lib/python3.10/site-packages/airflow/example_dags/example_sla_dag.py
[2023-05-26T21:19:44.164+0400] {processor.py:836} INFO - DAG(s) dict_keys(['example_sla_dag']) retrieved from /home/chinnu/.local/lib/python3.10/site-packages/airflow/example_dags/example_sla_dag.py
[2023-05-26T21:19:44.383+0400] {logging_mixin.py:149} INFO - [2023-05-26T21:19:44.383+0400] {dag.py:2726} INFO - Sync 1 DAGs
[2023-05-26T21:19:44.422+0400] {logging_mixin.py:149} INFO - [2023-05-26T21:19:44.422+0400] {dag.py:3486} INFO - Setting next_dagrun for example_sla_dag to 2023-05-26T17:16:00+00:00, run_after=2023-05-26T17:18:00+00:00
[2023-05-26T21:19:44.470+0400] {processor.py:182} ERROR - Got an exception! Propagating...
Traceback (most recent call last):
  File "/home/chinnu/.local/lib/python3.10/site-packages/sqlalchemy/engine/base.py", line 1094, in _commit_impl
    self.engine.dialect.do_commit(self.connection)
  File "/home/chinnu/.local/lib/python3.10/site-packages/sqlalchemy/engine/default.py", line 686, in do_commit
    dbapi_connection.commit()
sqlite3.OperationalError: disk I/O error

The above exception was the direct cause of the following exception:

Traceback (most recent call last):
  File "/home/chinnu/.local/lib/python3.10/site-packages/airflow/dag_processing/processor.py", line 178, in _run_file_processor
    _handle_dag_file_processing()
  File "/home/chinnu/.local/lib/python3.10/site-packages/airflow/dag_processing/processor.py", line 159, in _handle_dag_file_processing
    result: tuple[int, int] = dag_file_processor.process_file(
  File "/home/chinnu/.local/lib/python3.10/site-packages/airflow/utils/session.py", line 76, in wrapper
    return func(*args, session=session, **kwargs)
  File "/home/chinnu/.local/lib/python3.10/site-packages/airflow/dag_processing/processor.py", line 854, in process_file
    serialize_errors = DagFileProcessor.save_dag_to_db(
  File "/home/chinnu/.local/lib/python3.10/site-packages/airflow/api_internal/internal_api_call.py", line 112, in wrapper
    return func(*args, **kwargs)
  File "/home/chinnu/.local/lib/python3.10/site-packages/airflow/utils/session.py", line 76, in wrapper
    return func(*args, session=session, **kwargs)
  File "/home/chinnu/.local/lib/python3.10/site-packages/airflow/dag_processing/processor.py", line 891, in save_dag_to_db
    session.commit()
  File "/home/chinnu/.local/lib/python3.10/site-packages/sqlalchemy/orm/session.py", line 1454, in commit
    self._transaction.commit(_to_root=self.future)
  File "/home/chinnu/.local/lib/python3.10/site-packages/sqlalchemy/orm/session.py", line 839, in commit
    trans.commit()
  File "/home/chinnu/.local/lib/python3.10/site-packages/sqlalchemy/engine/base.py", line 2464, in commit
    self._do_commit()
  File "/home/chinnu/.local/lib/python3.10/site-packages/sqlalchemy/engine/base.py", line 2654, in _do_commit
    self._connection_commit_impl()
  File "/home/chinnu/.local/lib/python3.10/site-packages/sqlalchemy/engine/base.py", line 2625, in _connection_commit_impl
    self.connection._commit_impl()
  File "/home/chinnu/.local/lib/python3.10/site-packages/sqlalchemy/engine/base.py", line 1096, in _commit_impl
    self._handle_dbapi_exception(e, None, None, None, None)
  File "/home/chinnu/.local/lib/python3.10/site-packages/sqlalchemy/engine/base.py", line 2129, in _handle_dbapi_exception
    util.raise_(
  File "/home/chinnu/.local/lib/python3.10/site-packages/sqlalchemy/util/compat.py", line 211, in raise_
    raise exception
  File "/home/chinnu/.local/lib/python3.10/site-packages/sqlalchemy/engine/base.py", line 1094, in _commit_impl
    self.engine.dialect.do_commit(self.connection)
  File "/home/chinnu/.local/lib/python3.10/site-packages/sqlalchemy/engine/default.py", line 686, in do_commit
    dbapi_connection.commit()
sqlalchemy.exc.OperationalError: (sqlite3.OperationalError) disk I/O error
(Background on this error at: https://sqlalche.me/e/14/e3q8)
[2023-05-26T21:20:56.218+0400] {processor.py:157} INFO - Started process (PID=16981) to work on /home/chinnu/.local/lib/python3.10/site-packages/airflow/example_dags/example_sla_dag.py
[2023-05-26T21:20:56.220+0400] {processor.py:826} INFO - Processing file /home/chinnu/.local/lib/python3.10/site-packages/airflow/example_dags/example_sla_dag.py for tasks to queue
[2023-05-26T21:20:56.221+0400] {logging_mixin.py:149} INFO - [2023-05-26T21:20:56.221+0400] {dagbag.py:541} INFO - Filling up the DagBag from /home/chinnu/.local/lib/python3.10/site-packages/airflow/example_dags/example_sla_dag.py
[2023-05-26T21:20:56.243+0400] {processor.py:836} INFO - DAG(s) dict_keys(['example_sla_dag']) retrieved from /home/chinnu/.local/lib/python3.10/site-packages/airflow/example_dags/example_sla_dag.py
[2023-05-26T21:20:56.292+0400] {logging_mixin.py:149} INFO - [2023-05-26T21:20:56.292+0400] {dag.py:2726} INFO - Sync 1 DAGs
[2023-05-26T21:20:56.335+0400] {logging_mixin.py:149} INFO - [2023-05-26T21:20:56.334+0400] {dag.py:3486} INFO - Setting next_dagrun for example_sla_dag to 2023-05-26T17:18:00+00:00, run_after=2023-05-26T17:20:00+00:00
[2023-05-26T21:20:56.369+0400] {processor.py:179} INFO - Processing /home/chinnu/.local/lib/python3.10/site-packages/airflow/example_dags/example_sla_dag.py took 0.160 seconds
[2023-05-26T21:21:38.612+0400] {processor.py:157} INFO - Started process (PID=17031) to work on /home/chinnu/.local/lib/python3.10/site-packages/airflow/example_dags/example_sla_dag.py
[2023-05-26T21:21:38.615+0400] {processor.py:826} INFO - Processing file /home/chinnu/.local/lib/python3.10/site-packages/airflow/example_dags/example_sla_dag.py for tasks to queue
[2023-05-26T21:21:38.616+0400] {logging_mixin.py:149} INFO - [2023-05-26T21:21:38.616+0400] {dagbag.py:541} INFO - Filling up the DagBag from /home/chinnu/.local/lib/python3.10/site-packages/airflow/example_dags/example_sla_dag.py
[2023-05-26T21:21:38.639+0400] {processor.py:836} INFO - DAG(s) dict_keys(['example_sla_dag']) retrieved from /home/chinnu/.local/lib/python3.10/site-packages/airflow/example_dags/example_sla_dag.py
[2023-05-26T21:21:38.688+0400] {logging_mixin.py:149} INFO - [2023-05-26T21:21:38.687+0400] {dag.py:2726} INFO - Sync 1 DAGs
[2023-05-26T21:21:38.723+0400] {logging_mixin.py:149} INFO - [2023-05-26T21:21:38.723+0400] {dag.py:3486} INFO - Setting next_dagrun for example_sla_dag to 2023-05-26T17:18:00+00:00, run_after=2023-05-26T17:20:00+00:00
[2023-05-26T21:21:38.757+0400] {processor.py:179} INFO - Processing /home/chinnu/.local/lib/python3.10/site-packages/airflow/example_dags/example_sla_dag.py took 0.153 seconds
[2023-05-26T21:22:20.830+0400] {processor.py:157} INFO - Started process (PID=17080) to work on /home/chinnu/.local/lib/python3.10/site-packages/airflow/example_dags/example_sla_dag.py
[2023-05-26T21:22:20.832+0400] {processor.py:826} INFO - Processing file /home/chinnu/.local/lib/python3.10/site-packages/airflow/example_dags/example_sla_dag.py for tasks to queue
[2023-05-26T21:22:20.834+0400] {logging_mixin.py:149} INFO - [2023-05-26T21:22:20.833+0400] {dagbag.py:541} INFO - Filling up the DagBag from /home/chinnu/.local/lib/python3.10/site-packages/airflow/example_dags/example_sla_dag.py
[2023-05-26T21:22:20.850+0400] {processor.py:836} INFO - DAG(s) dict_keys(['example_sla_dag']) retrieved from /home/chinnu/.local/lib/python3.10/site-packages/airflow/example_dags/example_sla_dag.py
[2023-05-26T21:22:20.887+0400] {logging_mixin.py:149} INFO - [2023-05-26T21:22:20.887+0400] {dag.py:2726} INFO - Sync 1 DAGs
[2023-05-26T21:22:20.915+0400] {logging_mixin.py:149} INFO - [2023-05-26T21:22:20.915+0400] {dag.py:3486} INFO - Setting next_dagrun for example_sla_dag to 2023-05-26T17:20:00+00:00, run_after=2023-05-26T17:22:00+00:00
[2023-05-26T21:22:20.963+0400] {processor.py:179} INFO - Processing /home/chinnu/.local/lib/python3.10/site-packages/airflow/example_dags/example_sla_dag.py took 0.140 seconds
[2023-05-26T21:22:58.714+0400] {processor.py:157} INFO - Started process (PID=17126) to work on /home/chinnu/.local/lib/python3.10/site-packages/airflow/example_dags/example_sla_dag.py
[2023-05-26T21:22:58.716+0400] {processor.py:826} INFO - Processing file /home/chinnu/.local/lib/python3.10/site-packages/airflow/example_dags/example_sla_dag.py for tasks to queue
[2023-05-26T21:22:58.717+0400] {logging_mixin.py:149} INFO - [2023-05-26T21:22:58.717+0400] {dagbag.py:541} INFO - Filling up the DagBag from /home/chinnu/.local/lib/python3.10/site-packages/airflow/example_dags/example_sla_dag.py
[2023-05-26T21:22:58.736+0400] {processor.py:836} INFO - DAG(s) dict_keys(['example_sla_dag']) retrieved from /home/chinnu/.local/lib/python3.10/site-packages/airflow/example_dags/example_sla_dag.py
[2023-05-26T21:22:58.770+0400] {logging_mixin.py:149} INFO - [2023-05-26T21:22:58.770+0400] {dag.py:2726} INFO - Sync 1 DAGs
[2023-05-26T21:22:58.798+0400] {logging_mixin.py:149} INFO - [2023-05-26T21:22:58.798+0400] {dag.py:3486} INFO - Setting next_dagrun for example_sla_dag to 2023-05-26T17:20:00+00:00, run_after=2023-05-26T17:22:00+00:00
[2023-05-26T21:22:58.830+0400] {processor.py:179} INFO - Processing /home/chinnu/.local/lib/python3.10/site-packages/airflow/example_dags/example_sla_dag.py took 0.130 seconds
[2023-05-26T21:23:37.901+0400] {processor.py:157} INFO - Started process (PID=17174) to work on /home/chinnu/.local/lib/python3.10/site-packages/airflow/example_dags/example_sla_dag.py
[2023-05-26T21:23:37.902+0400] {processor.py:826} INFO - Processing file /home/chinnu/.local/lib/python3.10/site-packages/airflow/example_dags/example_sla_dag.py for tasks to queue
[2023-05-26T21:23:37.903+0400] {logging_mixin.py:149} INFO - [2023-05-26T21:23:37.903+0400] {dagbag.py:541} INFO - Filling up the DagBag from /home/chinnu/.local/lib/python3.10/site-packages/airflow/example_dags/example_sla_dag.py
[2023-05-26T21:23:37.922+0400] {processor.py:836} INFO - DAG(s) dict_keys(['example_sla_dag']) retrieved from /home/chinnu/.local/lib/python3.10/site-packages/airflow/example_dags/example_sla_dag.py
[2023-05-26T21:23:37.961+0400] {logging_mixin.py:149} INFO - [2023-05-26T21:23:37.961+0400] {dag.py:2726} INFO - Sync 1 DAGs
[2023-05-26T21:23:37.989+0400] {logging_mixin.py:149} INFO - [2023-05-26T21:23:37.989+0400] {dag.py:3486} INFO - Setting next_dagrun for example_sla_dag to 2023-05-26T17:20:00+00:00, run_after=2023-05-26T17:22:00+00:00
[2023-05-26T21:23:38.021+0400] {processor.py:179} INFO - Processing /home/chinnu/.local/lib/python3.10/site-packages/airflow/example_dags/example_sla_dag.py took 0.127 seconds
[2023-05-26T21:24:15.198+0400] {processor.py:157} INFO - Started process (PID=17218) to work on /home/chinnu/.local/lib/python3.10/site-packages/airflow/example_dags/example_sla_dag.py
[2023-05-26T21:24:15.200+0400] {processor.py:826} INFO - Processing file /home/chinnu/.local/lib/python3.10/site-packages/airflow/example_dags/example_sla_dag.py for tasks to queue
[2023-05-26T21:24:15.202+0400] {logging_mixin.py:149} INFO - [2023-05-26T21:24:15.201+0400] {dagbag.py:541} INFO - Filling up the DagBag from /home/chinnu/.local/lib/python3.10/site-packages/airflow/example_dags/example_sla_dag.py
[2023-05-26T21:24:15.222+0400] {processor.py:836} INFO - DAG(s) dict_keys(['example_sla_dag']) retrieved from /home/chinnu/.local/lib/python3.10/site-packages/airflow/example_dags/example_sla_dag.py
[2023-05-26T21:24:15.263+0400] {logging_mixin.py:149} INFO - [2023-05-26T21:24:15.262+0400] {dag.py:2726} INFO - Sync 1 DAGs
[2023-05-26T21:24:15.291+0400] {logging_mixin.py:149} INFO - [2023-05-26T21:24:15.291+0400] {dag.py:3486} INFO - Setting next_dagrun for example_sla_dag to 2023-05-26T17:22:00+00:00, run_after=2023-05-26T17:24:00+00:00
[2023-05-26T21:24:15.318+0400] {processor.py:179} INFO - Processing /home/chinnu/.local/lib/python3.10/site-packages/airflow/example_dags/example_sla_dag.py took 0.129 seconds
[2023-05-26T21:24:53.776+0400] {processor.py:157} INFO - Started process (PID=17268) to work on /home/chinnu/.local/lib/python3.10/site-packages/airflow/example_dags/example_sla_dag.py
[2023-05-26T21:24:53.778+0400] {processor.py:826} INFO - Processing file /home/chinnu/.local/lib/python3.10/site-packages/airflow/example_dags/example_sla_dag.py for tasks to queue
[2023-05-26T21:24:53.779+0400] {logging_mixin.py:149} INFO - [2023-05-26T21:24:53.779+0400] {dagbag.py:541} INFO - Filling up the DagBag from /home/chinnu/.local/lib/python3.10/site-packages/airflow/example_dags/example_sla_dag.py
[2023-05-26T21:24:53.794+0400] {processor.py:836} INFO - DAG(s) dict_keys(['example_sla_dag']) retrieved from /home/chinnu/.local/lib/python3.10/site-packages/airflow/example_dags/example_sla_dag.py
[2023-05-26T21:24:53.826+0400] {logging_mixin.py:149} INFO - [2023-05-26T21:24:53.826+0400] {dag.py:2726} INFO - Sync 1 DAGs
[2023-05-26T21:24:53.854+0400] {logging_mixin.py:149} INFO - [2023-05-26T21:24:53.854+0400] {dag.py:3486} INFO - Setting next_dagrun for example_sla_dag to 2023-05-26T17:22:00+00:00, run_after=2023-05-26T17:24:00+00:00
[2023-05-26T21:24:53.879+0400] {processor.py:179} INFO - Processing /home/chinnu/.local/lib/python3.10/site-packages/airflow/example_dags/example_sla_dag.py took 0.108 seconds
[2023-05-26T21:48:24.046+0400] {processor.py:157} INFO - Started process (PID=79) to work on /home/chinnu/.local/lib/python3.10/site-packages/airflow/example_dags/example_sla_dag.py
[2023-05-26T21:48:24.054+0400] {processor.py:826} INFO - Processing file /home/chinnu/.local/lib/python3.10/site-packages/airflow/example_dags/example_sla_dag.py for tasks to queue
[2023-05-26T21:48:24.055+0400] {logging_mixin.py:149} INFO - [2023-05-26T21:48:24.055+0400] {dagbag.py:541} INFO - Filling up the DagBag from /home/chinnu/.local/lib/python3.10/site-packages/airflow/example_dags/example_sla_dag.py
[2023-05-26T21:48:24.070+0400] {processor.py:836} INFO - DAG(s) dict_keys(['example_sla_dag']) retrieved from /home/chinnu/.local/lib/python3.10/site-packages/airflow/example_dags/example_sla_dag.py
[2023-05-26T21:48:24.105+0400] {logging_mixin.py:149} INFO - [2023-05-26T21:48:24.105+0400] {dag.py:2726} INFO - Sync 1 DAGs
[2023-05-26T21:48:24.133+0400] {logging_mixin.py:149} INFO - [2023-05-26T21:48:24.133+0400] {dag.py:3486} INFO - Setting next_dagrun for example_sla_dag to 2023-05-26T17:46:00+00:00, run_after=2023-05-26T17:48:00+00:00
[2023-05-26T21:48:24.167+0400] {processor.py:179} INFO - Processing /home/chinnu/.local/lib/python3.10/site-packages/airflow/example_dags/example_sla_dag.py took 0.126 seconds
[2023-05-26T21:52:26.333+0400] {processor.py:157} INFO - Started process (PID=62) to work on /home/chinnu/.local/lib/python3.10/site-packages/airflow/example_dags/example_sla_dag.py
[2023-05-26T21:52:26.335+0400] {processor.py:826} INFO - Processing file /home/chinnu/.local/lib/python3.10/site-packages/airflow/example_dags/example_sla_dag.py for tasks to queue
[2023-05-26T21:52:26.336+0400] {logging_mixin.py:149} INFO - [2023-05-26T21:52:26.336+0400] {dagbag.py:541} INFO - Filling up the DagBag from /home/chinnu/.local/lib/python3.10/site-packages/airflow/example_dags/example_sla_dag.py
[2023-05-26T21:52:26.352+0400] {processor.py:836} INFO - DAG(s) dict_keys(['example_sla_dag']) retrieved from /home/chinnu/.local/lib/python3.10/site-packages/airflow/example_dags/example_sla_dag.py
[2023-05-26T21:52:26.424+0400] {logging_mixin.py:149} INFO - [2023-05-26T21:52:26.423+0400] {dag.py:2726} INFO - Sync 1 DAGs
[2023-05-26T21:52:26.480+0400] {logging_mixin.py:149} INFO - [2023-05-26T21:52:26.480+0400] {dag.py:3486} INFO - Setting next_dagrun for example_sla_dag to 2023-05-26T17:50:00+00:00, run_after=2023-05-26T17:52:00+00:00
[2023-05-26T21:52:26.526+0400] {processor.py:179} INFO - Processing /home/chinnu/.local/lib/python3.10/site-packages/airflow/example_dags/example_sla_dag.py took 0.200 seconds
[2023-05-26T21:53:25.619+0400] {processor.py:157} INFO - Started process (PID=112) to work on /home/chinnu/.local/lib/python3.10/site-packages/airflow/example_dags/example_sla_dag.py
[2023-05-26T21:53:25.621+0400] {processor.py:826} INFO - Processing file /home/chinnu/.local/lib/python3.10/site-packages/airflow/example_dags/example_sla_dag.py for tasks to queue
[2023-05-26T21:53:25.622+0400] {logging_mixin.py:149} INFO - [2023-05-26T21:53:25.621+0400] {dagbag.py:541} INFO - Filling up the DagBag from /home/chinnu/.local/lib/python3.10/site-packages/airflow/example_dags/example_sla_dag.py
[2023-05-26T21:53:25.634+0400] {processor.py:836} INFO - DAG(s) dict_keys(['example_sla_dag']) retrieved from /home/chinnu/.local/lib/python3.10/site-packages/airflow/example_dags/example_sla_dag.py
[2023-05-26T21:53:25.667+0400] {logging_mixin.py:149} INFO - [2023-05-26T21:53:25.667+0400] {dag.py:2726} INFO - Sync 1 DAGs
[2023-05-26T21:53:25.822+0400] {logging_mixin.py:149} INFO - [2023-05-26T21:53:25.822+0400] {dag.py:3486} INFO - Setting next_dagrun for example_sla_dag to 2023-05-26T17:50:00+00:00, run_after=2023-05-26T17:52:00+00:00
[2023-05-26T21:53:25.850+0400] {processor.py:179} INFO - Processing /home/chinnu/.local/lib/python3.10/site-packages/airflow/example_dags/example_sla_dag.py took 0.237 seconds
[2023-05-26T21:54:22.537+0400] {processor.py:157} INFO - Started process (PID=190) to work on /home/chinnu/.local/lib/python3.10/site-packages/airflow/example_dags/example_sla_dag.py
[2023-05-26T21:54:22.540+0400] {processor.py:826} INFO - Processing file /home/chinnu/.local/lib/python3.10/site-packages/airflow/example_dags/example_sla_dag.py for tasks to queue
[2023-05-26T21:54:22.541+0400] {logging_mixin.py:149} INFO - [2023-05-26T21:54:22.541+0400] {dagbag.py:541} INFO - Filling up the DagBag from /home/chinnu/.local/lib/python3.10/site-packages/airflow/example_dags/example_sla_dag.py
[2023-05-26T21:54:22.571+0400] {processor.py:836} INFO - DAG(s) dict_keys(['example_sla_dag']) retrieved from /home/chinnu/.local/lib/python3.10/site-packages/airflow/example_dags/example_sla_dag.py
[2023-05-26T21:54:22.653+0400] {logging_mixin.py:149} INFO - [2023-05-26T21:54:22.652+0400] {dag.py:2726} INFO - Sync 1 DAGs
[2023-05-26T21:54:22.709+0400] {logging_mixin.py:149} INFO - [2023-05-26T21:54:22.709+0400] {dag.py:3486} INFO - Setting next_dagrun for example_sla_dag to 2023-05-26T17:52:00+00:00, run_after=2023-05-26T17:54:00+00:00
[2023-05-26T21:54:22.763+0400] {processor.py:179} INFO - Processing /home/chinnu/.local/lib/python3.10/site-packages/airflow/example_dags/example_sla_dag.py took 0.243 seconds
[2023-05-26T22:06:10.211+0400] {processor.py:157} INFO - Started process (PID=2531) to work on /home/chinnu/.local/lib/python3.10/site-packages/airflow/example_dags/example_sla_dag.py
[2023-05-26T22:06:10.230+0400] {processor.py:826} INFO - Processing file /home/chinnu/.local/lib/python3.10/site-packages/airflow/example_dags/example_sla_dag.py for tasks to queue
[2023-05-26T22:06:10.234+0400] {logging_mixin.py:149} INFO - [2023-05-26T22:06:10.233+0400] {dagbag.py:541} INFO - Filling up the DagBag from /home/chinnu/.local/lib/python3.10/site-packages/airflow/example_dags/example_sla_dag.py
[2023-05-26T22:06:10.469+0400] {processor.py:836} INFO - DAG(s) dict_keys(['example_sla_dag']) retrieved from /home/chinnu/.local/lib/python3.10/site-packages/airflow/example_dags/example_sla_dag.py
[2023-05-26T22:06:10.752+0400] {logging_mixin.py:149} INFO - [2023-05-26T22:06:10.752+0400] {dag.py:2726} INFO - Sync 1 DAGs
[2023-05-26T22:06:10.931+0400] {logging_mixin.py:149} INFO - [2023-05-26T22:06:10.930+0400] {dag.py:3486} INFO - Setting next_dagrun for example_sla_dag to 2023-05-26T18:04:00+00:00, run_after=2023-05-26T18:06:00+00:00
[2023-05-26T22:06:11.061+0400] {processor.py:179} INFO - Processing /home/chinnu/.local/lib/python3.10/site-packages/airflow/example_dags/example_sla_dag.py took 0.912 seconds
[2023-05-26T22:07:25.754+0400] {processor.py:157} INFO - Started process (PID=2581) to work on /home/chinnu/.local/lib/python3.10/site-packages/airflow/example_dags/example_sla_dag.py
[2023-05-26T22:07:25.763+0400] {processor.py:826} INFO - Processing file /home/chinnu/.local/lib/python3.10/site-packages/airflow/example_dags/example_sla_dag.py for tasks to queue
[2023-05-26T22:07:25.772+0400] {logging_mixin.py:149} INFO - [2023-05-26T22:07:25.772+0400] {dagbag.py:541} INFO - Filling up the DagBag from /home/chinnu/.local/lib/python3.10/site-packages/airflow/example_dags/example_sla_dag.py
[2023-05-26T22:07:25.873+0400] {processor.py:836} INFO - DAG(s) dict_keys(['example_sla_dag']) retrieved from /home/chinnu/.local/lib/python3.10/site-packages/airflow/example_dags/example_sla_dag.py
[2023-05-26T22:07:26.092+0400] {logging_mixin.py:149} INFO - [2023-05-26T22:07:26.092+0400] {dag.py:2726} INFO - Sync 1 DAGs
[2023-05-26T22:07:27.188+0400] {logging_mixin.py:149} INFO - [2023-05-26T22:07:27.188+0400] {dag.py:3486} INFO - Setting next_dagrun for example_sla_dag to 2023-05-26T18:04:00+00:00, run_after=2023-05-26T18:06:00+00:00
[2023-05-26T22:07:27.354+0400] {processor.py:179} INFO - Processing /home/chinnu/.local/lib/python3.10/site-packages/airflow/example_dags/example_sla_dag.py took 1.646 seconds
