[2023-05-26T19:38:38.332+0400] {processor.py:157} INFO - Started process (PID=208) to work on /home/chinnu/.local/lib/python3.10/site-packages/airflow/example_dags/example_time_delta_sensor_async.py
[2023-05-26T19:38:38.335+0400] {processor.py:826} INFO - Processing file /home/chinnu/.local/lib/python3.10/site-packages/airflow/example_dags/example_time_delta_sensor_async.py for tasks to queue
[2023-05-26T19:38:38.337+0400] {logging_mixin.py:149} INFO - [2023-05-26T19:38:38.336+0400] {dagbag.py:541} INFO - Filling up the DagBag from /home/chinnu/.local/lib/python3.10/site-packages/airflow/example_dags/example_time_delta_sensor_async.py
[2023-05-26T19:38:38.358+0400] {processor.py:836} INFO - DAG(s) dict_keys(['example_time_delta_sensor_async']) retrieved from /home/chinnu/.local/lib/python3.10/site-packages/airflow/example_dags/example_time_delta_sensor_async.py
[2023-05-26T19:38:38.416+0400] {logging_mixin.py:149} INFO - [2023-05-26T19:38:38.416+0400] {dag.py:2726} INFO - Sync 1 DAGs
[2023-05-26T19:38:38.447+0400] {logging_mixin.py:149} INFO - [2023-05-26T19:38:38.447+0400] {dag.py:3486} INFO - Setting next_dagrun for example_time_delta_sensor_async to None, run_after=None
[2023-05-26T19:38:38.484+0400] {processor.py:179} INFO - Processing /home/chinnu/.local/lib/python3.10/site-packages/airflow/example_dags/example_time_delta_sensor_async.py took 0.161 seconds
[2023-05-26T19:39:36.378+0400] {processor.py:157} INFO - Started process (PID=259) to work on /home/chinnu/.local/lib/python3.10/site-packages/airflow/example_dags/example_time_delta_sensor_async.py
[2023-05-26T19:39:36.381+0400] {processor.py:826} INFO - Processing file /home/chinnu/.local/lib/python3.10/site-packages/airflow/example_dags/example_time_delta_sensor_async.py for tasks to queue
[2023-05-26T19:39:36.383+0400] {logging_mixin.py:149} INFO - [2023-05-26T19:39:36.383+0400] {dagbag.py:541} INFO - Filling up the DagBag from /home/chinnu/.local/lib/python3.10/site-packages/airflow/example_dags/example_time_delta_sensor_async.py
[2023-05-26T19:39:36.402+0400] {processor.py:836} INFO - DAG(s) dict_keys(['example_time_delta_sensor_async']) retrieved from /home/chinnu/.local/lib/python3.10/site-packages/airflow/example_dags/example_time_delta_sensor_async.py
[2023-05-26T19:39:36.471+0400] {logging_mixin.py:149} INFO - [2023-05-26T19:39:36.471+0400] {dag.py:2726} INFO - Sync 1 DAGs
[2023-05-26T19:39:36.522+0400] {logging_mixin.py:149} INFO - [2023-05-26T19:39:36.522+0400] {dag.py:3486} INFO - Setting next_dagrun for example_time_delta_sensor_async to None, run_after=None
[2023-05-26T19:39:36.573+0400] {processor.py:179} INFO - Processing /home/chinnu/.local/lib/python3.10/site-packages/airflow/example_dags/example_time_delta_sensor_async.py took 0.209 seconds
[2023-05-26T19:40:25.344+0400] {processor.py:157} INFO - Started process (PID=819) to work on /home/chinnu/.local/lib/python3.10/site-packages/airflow/example_dags/example_time_delta_sensor_async.py
[2023-05-26T19:40:25.347+0400] {processor.py:826} INFO - Processing file /home/chinnu/.local/lib/python3.10/site-packages/airflow/example_dags/example_time_delta_sensor_async.py for tasks to queue
[2023-05-26T19:40:25.349+0400] {logging_mixin.py:149} INFO - [2023-05-26T19:40:25.348+0400] {dagbag.py:541} INFO - Filling up the DagBag from /home/chinnu/.local/lib/python3.10/site-packages/airflow/example_dags/example_time_delta_sensor_async.py
[2023-05-26T19:40:25.365+0400] {processor.py:836} INFO - DAG(s) dict_keys(['example_time_delta_sensor_async']) retrieved from /home/chinnu/.local/lib/python3.10/site-packages/airflow/example_dags/example_time_delta_sensor_async.py
[2023-05-26T19:40:25.404+0400] {logging_mixin.py:149} INFO - [2023-05-26T19:40:25.404+0400] {dag.py:2726} INFO - Sync 1 DAGs
[2023-05-26T19:40:25.425+0400] {logging_mixin.py:149} INFO - [2023-05-26T19:40:25.424+0400] {dag.py:3486} INFO - Setting next_dagrun for example_time_delta_sensor_async to None, run_after=None
[2023-05-26T19:40:25.458+0400] {processor.py:179} INFO - Processing /home/chinnu/.local/lib/python3.10/site-packages/airflow/example_dags/example_time_delta_sensor_async.py took 0.131 seconds
[2023-05-26T19:41:36.044+0400] {processor.py:157} INFO - Started process (PID=881) to work on /home/chinnu/.local/lib/python3.10/site-packages/airflow/example_dags/example_time_delta_sensor_async.py
[2023-05-26T19:41:36.049+0400] {processor.py:826} INFO - Processing file /home/chinnu/.local/lib/python3.10/site-packages/airflow/example_dags/example_time_delta_sensor_async.py for tasks to queue
[2023-05-26T19:41:36.052+0400] {logging_mixin.py:149} INFO - [2023-05-26T19:41:36.052+0400] {dagbag.py:541} INFO - Filling up the DagBag from /home/chinnu/.local/lib/python3.10/site-packages/airflow/example_dags/example_time_delta_sensor_async.py
[2023-05-26T19:41:36.089+0400] {processor.py:836} INFO - DAG(s) dict_keys(['example_time_delta_sensor_async']) retrieved from /home/chinnu/.local/lib/python3.10/site-packages/airflow/example_dags/example_time_delta_sensor_async.py
[2023-05-26T19:41:36.161+0400] {logging_mixin.py:149} INFO - [2023-05-26T19:41:36.160+0400] {dag.py:2726} INFO - Sync 1 DAGs
[2023-05-26T19:41:36.215+0400] {logging_mixin.py:149} INFO - [2023-05-26T19:41:36.214+0400] {dag.py:3486} INFO - Setting next_dagrun for example_time_delta_sensor_async to None, run_after=None
[2023-05-26T19:41:36.284+0400] {processor.py:179} INFO - Processing /home/chinnu/.local/lib/python3.10/site-packages/airflow/example_dags/example_time_delta_sensor_async.py took 0.264 seconds
[2023-05-26T19:43:05.915+0400] {processor.py:157} INFO - Started process (PID=1474) to work on /home/chinnu/.local/lib/python3.10/site-packages/airflow/example_dags/example_time_delta_sensor_async.py
[2023-05-26T19:43:05.919+0400] {processor.py:826} INFO - Processing file /home/chinnu/.local/lib/python3.10/site-packages/airflow/example_dags/example_time_delta_sensor_async.py for tasks to queue
[2023-05-26T19:43:05.922+0400] {logging_mixin.py:149} INFO - [2023-05-26T19:43:05.921+0400] {dagbag.py:541} INFO - Filling up the DagBag from /home/chinnu/.local/lib/python3.10/site-packages/airflow/example_dags/example_time_delta_sensor_async.py
[2023-05-26T19:43:05.936+0400] {processor.py:836} INFO - DAG(s) dict_keys(['example_time_delta_sensor_async']) retrieved from /home/chinnu/.local/lib/python3.10/site-packages/airflow/example_dags/example_time_delta_sensor_async.py
[2023-05-26T19:43:05.996+0400] {logging_mixin.py:149} INFO - [2023-05-26T19:43:05.996+0400] {dag.py:2726} INFO - Sync 1 DAGs
[2023-05-26T19:43:06.383+0400] {logging_mixin.py:149} INFO - [2023-05-26T19:43:06.383+0400] {dag.py:3486} INFO - Setting next_dagrun for example_time_delta_sensor_async to None, run_after=None
[2023-05-26T19:43:06.442+0400] {processor.py:179} INFO - Processing /home/chinnu/.local/lib/python3.10/site-packages/airflow/example_dags/example_time_delta_sensor_async.py took 0.543 seconds
[2023-05-26T19:44:18.254+0400] {processor.py:157} INFO - Started process (PID=1534) to work on /home/chinnu/.local/lib/python3.10/site-packages/airflow/example_dags/example_time_delta_sensor_async.py
[2023-05-26T19:44:18.258+0400] {processor.py:826} INFO - Processing file /home/chinnu/.local/lib/python3.10/site-packages/airflow/example_dags/example_time_delta_sensor_async.py for tasks to queue
[2023-05-26T19:44:18.261+0400] {logging_mixin.py:149} INFO - [2023-05-26T19:44:18.260+0400] {dagbag.py:541} INFO - Filling up the DagBag from /home/chinnu/.local/lib/python3.10/site-packages/airflow/example_dags/example_time_delta_sensor_async.py
[2023-05-26T19:44:18.271+0400] {processor.py:836} INFO - DAG(s) dict_keys(['example_time_delta_sensor_async']) retrieved from /home/chinnu/.local/lib/python3.10/site-packages/airflow/example_dags/example_time_delta_sensor_async.py
[2023-05-26T19:44:18.310+0400] {logging_mixin.py:149} INFO - [2023-05-26T19:44:18.309+0400] {dag.py:2726} INFO - Sync 1 DAGs
[2023-05-26T19:44:18.336+0400] {logging_mixin.py:149} INFO - [2023-05-26T19:44:18.336+0400] {dag.py:3486} INFO - Setting next_dagrun for example_time_delta_sensor_async to None, run_after=None
[2023-05-26T19:44:18.376+0400] {processor.py:179} INFO - Processing /home/chinnu/.local/lib/python3.10/site-packages/airflow/example_dags/example_time_delta_sensor_async.py took 0.136 seconds
[2023-05-26T19:45:22.469+0400] {processor.py:157} INFO - Started process (PID=1586) to work on /home/chinnu/.local/lib/python3.10/site-packages/airflow/example_dags/example_time_delta_sensor_async.py
[2023-05-26T19:45:22.474+0400] {processor.py:826} INFO - Processing file /home/chinnu/.local/lib/python3.10/site-packages/airflow/example_dags/example_time_delta_sensor_async.py for tasks to queue
[2023-05-26T19:45:22.476+0400] {logging_mixin.py:149} INFO - [2023-05-26T19:45:22.476+0400] {dagbag.py:541} INFO - Filling up the DagBag from /home/chinnu/.local/lib/python3.10/site-packages/airflow/example_dags/example_time_delta_sensor_async.py
[2023-05-26T19:45:22.501+0400] {processor.py:836} INFO - DAG(s) dict_keys(['example_time_delta_sensor_async']) retrieved from /home/chinnu/.local/lib/python3.10/site-packages/airflow/example_dags/example_time_delta_sensor_async.py
[2023-05-26T19:45:22.581+0400] {logging_mixin.py:149} INFO - [2023-05-26T19:45:22.581+0400] {dag.py:2726} INFO - Sync 1 DAGs
[2023-05-26T19:45:22.633+0400] {logging_mixin.py:149} INFO - [2023-05-26T19:45:22.633+0400] {dag.py:3486} INFO - Setting next_dagrun for example_time_delta_sensor_async to None, run_after=None
[2023-05-26T19:45:22.684+0400] {processor.py:179} INFO - Processing /home/chinnu/.local/lib/python3.10/site-packages/airflow/example_dags/example_time_delta_sensor_async.py took 0.229 seconds
[2023-05-26T19:46:19.939+0400] {processor.py:157} INFO - Started process (PID=1637) to work on /home/chinnu/.local/lib/python3.10/site-packages/airflow/example_dags/example_time_delta_sensor_async.py
[2023-05-26T19:46:19.940+0400] {processor.py:826} INFO - Processing file /home/chinnu/.local/lib/python3.10/site-packages/airflow/example_dags/example_time_delta_sensor_async.py for tasks to queue
[2023-05-26T19:46:19.941+0400] {logging_mixin.py:149} INFO - [2023-05-26T19:46:19.941+0400] {dagbag.py:541} INFO - Filling up the DagBag from /home/chinnu/.local/lib/python3.10/site-packages/airflow/example_dags/example_time_delta_sensor_async.py
[2023-05-26T19:46:19.948+0400] {processor.py:836} INFO - DAG(s) dict_keys(['example_time_delta_sensor_async']) retrieved from /home/chinnu/.local/lib/python3.10/site-packages/airflow/example_dags/example_time_delta_sensor_async.py
[2023-05-26T19:46:19.981+0400] {logging_mixin.py:149} INFO - [2023-05-26T19:46:19.981+0400] {dag.py:2726} INFO - Sync 1 DAGs
[2023-05-26T19:46:20.005+0400] {logging_mixin.py:149} INFO - [2023-05-26T19:46:20.005+0400] {dag.py:3486} INFO - Setting next_dagrun for example_time_delta_sensor_async to None, run_after=None
[2023-05-26T19:46:20.037+0400] {processor.py:179} INFO - Processing /home/chinnu/.local/lib/python3.10/site-packages/airflow/example_dags/example_time_delta_sensor_async.py took 0.104 seconds
[2023-05-26T19:48:05.243+0400] {processor.py:157} INFO - Started process (PID=1688) to work on /home/chinnu/.local/lib/python3.10/site-packages/airflow/example_dags/example_time_delta_sensor_async.py
[2023-05-26T19:48:05.245+0400] {processor.py:826} INFO - Processing file /home/chinnu/.local/lib/python3.10/site-packages/airflow/example_dags/example_time_delta_sensor_async.py for tasks to queue
[2023-05-26T19:48:05.246+0400] {logging_mixin.py:149} INFO - [2023-05-26T19:48:05.246+0400] {dagbag.py:541} INFO - Filling up the DagBag from /home/chinnu/.local/lib/python3.10/site-packages/airflow/example_dags/example_time_delta_sensor_async.py
[2023-05-26T19:48:05.260+0400] {processor.py:836} INFO - DAG(s) dict_keys(['example_time_delta_sensor_async']) retrieved from /home/chinnu/.local/lib/python3.10/site-packages/airflow/example_dags/example_time_delta_sensor_async.py
[2023-05-26T19:48:05.300+0400] {logging_mixin.py:149} INFO - [2023-05-26T19:48:05.299+0400] {dag.py:2726} INFO - Sync 1 DAGs
[2023-05-26T19:48:05.322+0400] {logging_mixin.py:149} INFO - [2023-05-26T19:48:05.322+0400] {dag.py:3486} INFO - Setting next_dagrun for example_time_delta_sensor_async to None, run_after=None
[2023-05-26T19:48:05.361+0400] {processor.py:179} INFO - Processing /home/chinnu/.local/lib/python3.10/site-packages/airflow/example_dags/example_time_delta_sensor_async.py took 0.125 seconds
[2023-05-26T21:05:27.079+0400] {processor.py:157} INFO - Started process (PID=72) to work on /home/chinnu/.local/lib/python3.10/site-packages/airflow/example_dags/example_time_delta_sensor_async.py
[2023-05-26T21:05:27.088+0400] {processor.py:826} INFO - Processing file /home/chinnu/.local/lib/python3.10/site-packages/airflow/example_dags/example_time_delta_sensor_async.py for tasks to queue
[2023-05-26T21:05:27.090+0400] {logging_mixin.py:149} INFO - [2023-05-26T21:05:27.090+0400] {dagbag.py:541} INFO - Filling up the DagBag from /home/chinnu/.local/lib/python3.10/site-packages/airflow/example_dags/example_time_delta_sensor_async.py
[2023-05-26T21:05:27.113+0400] {processor.py:836} INFO - DAG(s) dict_keys(['example_time_delta_sensor_async']) retrieved from /home/chinnu/.local/lib/python3.10/site-packages/airflow/example_dags/example_time_delta_sensor_async.py
[2023-05-26T21:05:27.166+0400] {logging_mixin.py:149} INFO - [2023-05-26T21:05:27.166+0400] {dag.py:2726} INFO - Sync 1 DAGs
[2023-05-26T21:05:27.191+0400] {logging_mixin.py:149} INFO - [2023-05-26T21:05:27.191+0400] {dag.py:3486} INFO - Setting next_dagrun for example_time_delta_sensor_async to None, run_after=None
[2023-05-26T21:05:27.224+0400] {processor.py:179} INFO - Processing /home/chinnu/.local/lib/python3.10/site-packages/airflow/example_dags/example_time_delta_sensor_async.py took 0.164 seconds
[2023-05-26T21:06:29.693+0400] {processor.py:157} INFO - Started process (PID=122) to work on /home/chinnu/.local/lib/python3.10/site-packages/airflow/example_dags/example_time_delta_sensor_async.py
[2023-05-26T21:06:29.696+0400] {processor.py:826} INFO - Processing file /home/chinnu/.local/lib/python3.10/site-packages/airflow/example_dags/example_time_delta_sensor_async.py for tasks to queue
[2023-05-26T21:06:29.697+0400] {logging_mixin.py:149} INFO - [2023-05-26T21:06:29.697+0400] {dagbag.py:541} INFO - Filling up the DagBag from /home/chinnu/.local/lib/python3.10/site-packages/airflow/example_dags/example_time_delta_sensor_async.py
[2023-05-26T21:06:29.710+0400] {processor.py:836} INFO - DAG(s) dict_keys(['example_time_delta_sensor_async']) retrieved from /home/chinnu/.local/lib/python3.10/site-packages/airflow/example_dags/example_time_delta_sensor_async.py
[2023-05-26T21:06:29.766+0400] {logging_mixin.py:149} INFO - [2023-05-26T21:06:29.766+0400] {dag.py:2726} INFO - Sync 1 DAGs
[2023-05-26T21:06:30.022+0400] {logging_mixin.py:149} INFO - [2023-05-26T21:06:30.021+0400] {dag.py:3486} INFO - Setting next_dagrun for example_time_delta_sensor_async to None, run_after=None
[2023-05-26T21:06:30.087+0400] {processor.py:179} INFO - Processing /home/chinnu/.local/lib/python3.10/site-packages/airflow/example_dags/example_time_delta_sensor_async.py took 0.403 seconds
[2023-05-26T21:10:34.066+0400] {processor.py:157} INFO - Started process (PID=1908) to work on /home/chinnu/.local/lib/python3.10/site-packages/airflow/example_dags/example_time_delta_sensor_async.py
[2023-05-26T21:10:34.072+0400] {processor.py:826} INFO - Processing file /home/chinnu/.local/lib/python3.10/site-packages/airflow/example_dags/example_time_delta_sensor_async.py for tasks to queue
[2023-05-26T21:10:34.075+0400] {logging_mixin.py:149} INFO - [2023-05-26T21:10:34.074+0400] {dagbag.py:541} INFO - Filling up the DagBag from /home/chinnu/.local/lib/python3.10/site-packages/airflow/example_dags/example_time_delta_sensor_async.py
[2023-05-26T21:10:34.103+0400] {processor.py:836} INFO - DAG(s) dict_keys(['example_time_delta_sensor_async']) retrieved from /home/chinnu/.local/lib/python3.10/site-packages/airflow/example_dags/example_time_delta_sensor_async.py
[2023-05-26T21:10:34.149+0400] {logging_mixin.py:149} INFO - [2023-05-26T21:10:34.149+0400] {dag.py:2726} INFO - Sync 1 DAGs
[2023-05-26T21:10:34.172+0400] {logging_mixin.py:149} INFO - [2023-05-26T21:10:34.172+0400] {dag.py:3486} INFO - Setting next_dagrun for example_time_delta_sensor_async to None, run_after=None
[2023-05-26T21:10:34.207+0400] {processor.py:179} INFO - Processing /home/chinnu/.local/lib/python3.10/site-packages/airflow/example_dags/example_time_delta_sensor_async.py took 0.158 seconds
[2023-05-26T21:11:41.248+0400] {processor.py:157} INFO - Started process (PID=1965) to work on /home/chinnu/.local/lib/python3.10/site-packages/airflow/example_dags/example_time_delta_sensor_async.py
[2023-05-26T21:11:41.250+0400] {processor.py:826} INFO - Processing file /home/chinnu/.local/lib/python3.10/site-packages/airflow/example_dags/example_time_delta_sensor_async.py for tasks to queue
[2023-05-26T21:11:41.252+0400] {logging_mixin.py:149} INFO - [2023-05-26T21:11:41.252+0400] {dagbag.py:541} INFO - Filling up the DagBag from /home/chinnu/.local/lib/python3.10/site-packages/airflow/example_dags/example_time_delta_sensor_async.py
[2023-05-26T21:11:41.265+0400] {processor.py:836} INFO - DAG(s) dict_keys(['example_time_delta_sensor_async']) retrieved from /home/chinnu/.local/lib/python3.10/site-packages/airflow/example_dags/example_time_delta_sensor_async.py
[2023-05-26T21:11:41.319+0400] {logging_mixin.py:149} INFO - [2023-05-26T21:11:41.319+0400] {dag.py:2726} INFO - Sync 1 DAGs
[2023-05-26T21:11:41.850+0400] {logging_mixin.py:149} INFO - [2023-05-26T21:11:41.849+0400] {dag.py:3486} INFO - Setting next_dagrun for example_time_delta_sensor_async to None, run_after=None
[2023-05-26T21:11:41.898+0400] {processor.py:179} INFO - Processing /home/chinnu/.local/lib/python3.10/site-packages/airflow/example_dags/example_time_delta_sensor_async.py took 0.659 seconds
[2023-05-26T21:12:38.058+0400] {processor.py:157} INFO - Started process (PID=2023) to work on /home/chinnu/.local/lib/python3.10/site-packages/airflow/example_dags/example_time_delta_sensor_async.py
[2023-05-26T21:12:38.063+0400] {processor.py:826} INFO - Processing file /home/chinnu/.local/lib/python3.10/site-packages/airflow/example_dags/example_time_delta_sensor_async.py for tasks to queue
[2023-05-26T21:12:38.064+0400] {logging_mixin.py:149} INFO - [2023-05-26T21:12:38.064+0400] {dagbag.py:541} INFO - Filling up the DagBag from /home/chinnu/.local/lib/python3.10/site-packages/airflow/example_dags/example_time_delta_sensor_async.py
[2023-05-26T21:12:38.074+0400] {processor.py:836} INFO - DAG(s) dict_keys(['example_time_delta_sensor_async']) retrieved from /home/chinnu/.local/lib/python3.10/site-packages/airflow/example_dags/example_time_delta_sensor_async.py
[2023-05-26T21:12:38.297+0400] {logging_mixin.py:149} INFO - [2023-05-26T21:12:38.297+0400] {dag.py:2726} INFO - Sync 1 DAGs
[2023-05-26T21:12:38.315+0400] {logging_mixin.py:149} INFO - [2023-05-26T21:12:38.315+0400] {dag.py:3486} INFO - Setting next_dagrun for example_time_delta_sensor_async to None, run_after=None
[2023-05-26T21:12:38.344+0400] {processor.py:179} INFO - Processing /home/chinnu/.local/lib/python3.10/site-packages/airflow/example_dags/example_time_delta_sensor_async.py took 0.293 seconds
[2023-05-26T21:13:21.871+0400] {processor.py:157} INFO - Started process (PID=2073) to work on /home/chinnu/.local/lib/python3.10/site-packages/airflow/example_dags/example_time_delta_sensor_async.py
[2023-05-26T21:13:21.875+0400] {processor.py:826} INFO - Processing file /home/chinnu/.local/lib/python3.10/site-packages/airflow/example_dags/example_time_delta_sensor_async.py for tasks to queue
[2023-05-26T21:13:21.876+0400] {logging_mixin.py:149} INFO - [2023-05-26T21:13:21.876+0400] {dagbag.py:541} INFO - Filling up the DagBag from /home/chinnu/.local/lib/python3.10/site-packages/airflow/example_dags/example_time_delta_sensor_async.py
[2023-05-26T21:13:21.888+0400] {processor.py:836} INFO - DAG(s) dict_keys(['example_time_delta_sensor_async']) retrieved from /home/chinnu/.local/lib/python3.10/site-packages/airflow/example_dags/example_time_delta_sensor_async.py
[2023-05-26T21:13:21.927+0400] {logging_mixin.py:149} INFO - [2023-05-26T21:13:21.927+0400] {dag.py:2726} INFO - Sync 1 DAGs
[2023-05-26T21:13:21.952+0400] {logging_mixin.py:149} INFO - [2023-05-26T21:13:21.952+0400] {dag.py:3486} INFO - Setting next_dagrun for example_time_delta_sensor_async to None, run_after=None
[2023-05-26T21:13:21.999+0400] {processor.py:179} INFO - Processing /home/chinnu/.local/lib/python3.10/site-packages/airflow/example_dags/example_time_delta_sensor_async.py took 0.141 seconds
[2023-05-26T21:14:07.770+0400] {processor.py:157} INFO - Started process (PID=2126) to work on /home/chinnu/.local/lib/python3.10/site-packages/airflow/example_dags/example_time_delta_sensor_async.py
[2023-05-26T21:14:07.772+0400] {processor.py:826} INFO - Processing file /home/chinnu/.local/lib/python3.10/site-packages/airflow/example_dags/example_time_delta_sensor_async.py for tasks to queue
[2023-05-26T21:14:07.773+0400] {logging_mixin.py:149} INFO - [2023-05-26T21:14:07.773+0400] {dagbag.py:541} INFO - Filling up the DagBag from /home/chinnu/.local/lib/python3.10/site-packages/airflow/example_dags/example_time_delta_sensor_async.py
[2023-05-26T21:14:07.784+0400] {processor.py:836} INFO - DAG(s) dict_keys(['example_time_delta_sensor_async']) retrieved from /home/chinnu/.local/lib/python3.10/site-packages/airflow/example_dags/example_time_delta_sensor_async.py
[2023-05-26T21:14:07.824+0400] {logging_mixin.py:149} INFO - [2023-05-26T21:14:07.824+0400] {dag.py:2726} INFO - Sync 1 DAGs
[2023-05-26T21:14:07.847+0400] {logging_mixin.py:149} INFO - [2023-05-26T21:14:07.847+0400] {dag.py:3486} INFO - Setting next_dagrun for example_time_delta_sensor_async to None, run_after=None
[2023-05-26T21:14:07.874+0400] {processor.py:179} INFO - Processing /home/chinnu/.local/lib/python3.10/site-packages/airflow/example_dags/example_time_delta_sensor_async.py took 0.112 seconds
[2023-05-26T21:14:48.759+0400] {processor.py:157} INFO - Started process (PID=2178) to work on /home/chinnu/.local/lib/python3.10/site-packages/airflow/example_dags/example_time_delta_sensor_async.py
[2023-05-26T21:14:48.773+0400] {processor.py:826} INFO - Processing file /home/chinnu/.local/lib/python3.10/site-packages/airflow/example_dags/example_time_delta_sensor_async.py for tasks to queue
[2023-05-26T21:14:48.778+0400] {logging_mixin.py:149} INFO - [2023-05-26T21:14:48.777+0400] {dagbag.py:541} INFO - Filling up the DagBag from /home/chinnu/.local/lib/python3.10/site-packages/airflow/example_dags/example_time_delta_sensor_async.py
[2023-05-26T21:14:48.789+0400] {processor.py:836} INFO - DAG(s) dict_keys(['example_time_delta_sensor_async']) retrieved from /home/chinnu/.local/lib/python3.10/site-packages/airflow/example_dags/example_time_delta_sensor_async.py
[2023-05-26T21:14:48.903+0400] {logging_mixin.py:149} INFO - [2023-05-26T21:14:48.903+0400] {dag.py:2726} INFO - Sync 1 DAGs
[2023-05-26T21:14:48.946+0400] {logging_mixin.py:149} INFO - [2023-05-26T21:14:48.946+0400] {dag.py:3486} INFO - Setting next_dagrun for example_time_delta_sensor_async to None, run_after=None
[2023-05-26T21:14:48.980+0400] {processor.py:179} INFO - Processing /home/chinnu/.local/lib/python3.10/site-packages/airflow/example_dags/example_time_delta_sensor_async.py took 0.235 seconds
[2023-05-26T21:15:27.157+0400] {processor.py:157} INFO - Started process (PID=9422) to work on /home/chinnu/.local/lib/python3.10/site-packages/airflow/example_dags/example_time_delta_sensor_async.py
[2023-05-26T21:15:27.160+0400] {processor.py:826} INFO - Processing file /home/chinnu/.local/lib/python3.10/site-packages/airflow/example_dags/example_time_delta_sensor_async.py for tasks to queue
[2023-05-26T21:15:27.162+0400] {logging_mixin.py:149} INFO - [2023-05-26T21:15:27.162+0400] {dagbag.py:541} INFO - Filling up the DagBag from /home/chinnu/.local/lib/python3.10/site-packages/airflow/example_dags/example_time_delta_sensor_async.py
[2023-05-26T21:15:27.181+0400] {processor.py:836} INFO - DAG(s) dict_keys(['example_time_delta_sensor_async']) retrieved from /home/chinnu/.local/lib/python3.10/site-packages/airflow/example_dags/example_time_delta_sensor_async.py
[2023-05-26T21:15:27.256+0400] {logging_mixin.py:149} INFO - [2023-05-26T21:15:27.256+0400] {dag.py:2726} INFO - Sync 1 DAGs
[2023-05-26T21:15:27.311+0400] {logging_mixin.py:149} INFO - [2023-05-26T21:15:27.311+0400] {dag.py:3486} INFO - Setting next_dagrun for example_time_delta_sensor_async to None, run_after=None
[2023-05-26T21:15:27.373+0400] {processor.py:179} INFO - Processing /home/chinnu/.local/lib/python3.10/site-packages/airflow/example_dags/example_time_delta_sensor_async.py took 0.229 seconds
[2023-05-26T21:16:03.542+0400] {processor.py:157} INFO - Started process (PID=9478) to work on /home/chinnu/.local/lib/python3.10/site-packages/airflow/example_dags/example_time_delta_sensor_async.py
[2023-05-26T21:16:03.548+0400] {processor.py:826} INFO - Processing file /home/chinnu/.local/lib/python3.10/site-packages/airflow/example_dags/example_time_delta_sensor_async.py for tasks to queue
[2023-05-26T21:16:03.550+0400] {logging_mixin.py:149} INFO - [2023-05-26T21:16:03.549+0400] {dagbag.py:541} INFO - Filling up the DagBag from /home/chinnu/.local/lib/python3.10/site-packages/airflow/example_dags/example_time_delta_sensor_async.py
[2023-05-26T21:16:03.563+0400] {processor.py:836} INFO - DAG(s) dict_keys(['example_time_delta_sensor_async']) retrieved from /home/chinnu/.local/lib/python3.10/site-packages/airflow/example_dags/example_time_delta_sensor_async.py
[2023-05-26T21:16:03.609+0400] {logging_mixin.py:149} INFO - [2023-05-26T21:16:03.609+0400] {dag.py:2726} INFO - Sync 1 DAGs
[2023-05-26T21:16:03.639+0400] {logging_mixin.py:149} INFO - [2023-05-26T21:16:03.639+0400] {dag.py:3486} INFO - Setting next_dagrun for example_time_delta_sensor_async to None, run_after=None
[2023-05-26T21:16:03.673+0400] {processor.py:179} INFO - Processing /home/chinnu/.local/lib/python3.10/site-packages/airflow/example_dags/example_time_delta_sensor_async.py took 0.144 seconds
[2023-05-26T21:17:17.793+0400] {processor.py:157} INFO - Started process (PID=16756) to work on /home/chinnu/.local/lib/python3.10/site-packages/airflow/example_dags/example_time_delta_sensor_async.py
[2023-05-26T21:17:17.796+0400] {processor.py:826} INFO - Processing file /home/chinnu/.local/lib/python3.10/site-packages/airflow/example_dags/example_time_delta_sensor_async.py for tasks to queue
[2023-05-26T21:17:17.798+0400] {logging_mixin.py:149} INFO - [2023-05-26T21:17:17.798+0400] {dagbag.py:541} INFO - Filling up the DagBag from /home/chinnu/.local/lib/python3.10/site-packages/airflow/example_dags/example_time_delta_sensor_async.py
[2023-05-26T21:17:17.820+0400] {processor.py:836} INFO - DAG(s) dict_keys(['example_time_delta_sensor_async']) retrieved from /home/chinnu/.local/lib/python3.10/site-packages/airflow/example_dags/example_time_delta_sensor_async.py
[2023-05-26T21:17:17.889+0400] {logging_mixin.py:149} INFO - [2023-05-26T21:17:17.889+0400] {dag.py:2726} INFO - Sync 1 DAGs
[2023-05-26T21:17:17.939+0400] {logging_mixin.py:149} INFO - [2023-05-26T21:17:17.939+0400] {dag.py:3486} INFO - Setting next_dagrun for example_time_delta_sensor_async to None, run_after=None
[2023-05-26T21:17:18.002+0400] {processor.py:179} INFO - Processing /home/chinnu/.local/lib/python3.10/site-packages/airflow/example_dags/example_time_delta_sensor_async.py took 0.223 seconds
[2023-05-26T21:18:00.853+0400] {processor.py:157} INFO - Started process (PID=16806) to work on /home/chinnu/.local/lib/python3.10/site-packages/airflow/example_dags/example_time_delta_sensor_async.py
[2023-05-26T21:18:00.855+0400] {processor.py:826} INFO - Processing file /home/chinnu/.local/lib/python3.10/site-packages/airflow/example_dags/example_time_delta_sensor_async.py for tasks to queue
[2023-05-26T21:18:00.857+0400] {logging_mixin.py:149} INFO - [2023-05-26T21:18:00.856+0400] {dagbag.py:541} INFO - Filling up the DagBag from /home/chinnu/.local/lib/python3.10/site-packages/airflow/example_dags/example_time_delta_sensor_async.py
[2023-05-26T21:18:00.880+0400] {processor.py:836} INFO - DAG(s) dict_keys(['example_time_delta_sensor_async']) retrieved from /home/chinnu/.local/lib/python3.10/site-packages/airflow/example_dags/example_time_delta_sensor_async.py
[2023-05-26T21:18:00.970+0400] {logging_mixin.py:149} INFO - [2023-05-26T21:18:00.970+0400] {dag.py:2726} INFO - Sync 1 DAGs
[2023-05-26T21:18:01.015+0400] {logging_mixin.py:149} INFO - [2023-05-26T21:18:01.014+0400] {dag.py:3486} INFO - Setting next_dagrun for example_time_delta_sensor_async to None, run_after=None
[2023-05-26T21:18:01.055+0400] {processor.py:179} INFO - Processing /home/chinnu/.local/lib/python3.10/site-packages/airflow/example_dags/example_time_delta_sensor_async.py took 0.216 seconds
[2023-05-26T21:18:55.220+0400] {processor.py:157} INFO - Started process (PID=16843) to work on /home/chinnu/.local/lib/python3.10/site-packages/airflow/example_dags/example_time_delta_sensor_async.py
[2023-05-26T21:18:55.224+0400] {processor.py:826} INFO - Processing file /home/chinnu/.local/lib/python3.10/site-packages/airflow/example_dags/example_time_delta_sensor_async.py for tasks to queue
[2023-05-26T21:18:55.235+0400] {logging_mixin.py:149} INFO - [2023-05-26T21:18:55.234+0400] {dagbag.py:541} INFO - Filling up the DagBag from /home/chinnu/.local/lib/python3.10/site-packages/airflow/example_dags/example_time_delta_sensor_async.py
[2023-05-26T21:18:55.271+0400] {processor.py:836} INFO - DAG(s) dict_keys(['example_time_delta_sensor_async']) retrieved from /home/chinnu/.local/lib/python3.10/site-packages/airflow/example_dags/example_time_delta_sensor_async.py
[2023-05-26T21:18:55.388+0400] {logging_mixin.py:149} INFO - [2023-05-26T21:18:55.388+0400] {dag.py:2726} INFO - Sync 1 DAGs
[2023-05-26T21:18:55.430+0400] {logging_mixin.py:149} INFO - [2023-05-26T21:18:55.430+0400] {dag.py:3486} INFO - Setting next_dagrun for example_time_delta_sensor_async to None, run_after=None
[2023-05-26T21:18:55.470+0400] {processor.py:179} INFO - Processing /home/chinnu/.local/lib/python3.10/site-packages/airflow/example_dags/example_time_delta_sensor_async.py took 0.270 seconds
[2023-05-26T21:19:40.329+0400] {processor.py:157} INFO - Started process (PID=16895) to work on /home/chinnu/.local/lib/python3.10/site-packages/airflow/example_dags/example_time_delta_sensor_async.py
[2023-05-26T21:19:40.331+0400] {processor.py:826} INFO - Processing file /home/chinnu/.local/lib/python3.10/site-packages/airflow/example_dags/example_time_delta_sensor_async.py for tasks to queue
[2023-05-26T21:19:40.334+0400] {logging_mixin.py:149} INFO - [2023-05-26T21:19:40.333+0400] {dagbag.py:541} INFO - Filling up the DagBag from /home/chinnu/.local/lib/python3.10/site-packages/airflow/example_dags/example_time_delta_sensor_async.py
[2023-05-26T21:19:40.354+0400] {processor.py:836} INFO - DAG(s) dict_keys(['example_time_delta_sensor_async']) retrieved from /home/chinnu/.local/lib/python3.10/site-packages/airflow/example_dags/example_time_delta_sensor_async.py
[2023-05-26T21:19:40.579+0400] {logging_mixin.py:149} INFO - [2023-05-26T21:19:40.578+0400] {dag.py:2726} INFO - Sync 1 DAGs
[2023-05-26T21:19:40.607+0400] {logging_mixin.py:149} INFO - [2023-05-26T21:19:40.607+0400] {dag.py:3486} INFO - Setting next_dagrun for example_time_delta_sensor_async to None, run_after=None
[2023-05-26T21:19:40.654+0400] {processor.py:179} INFO - Processing /home/chinnu/.local/lib/python3.10/site-packages/airflow/example_dags/example_time_delta_sensor_async.py took 0.337 seconds
[2023-05-26T21:20:52.677+0400] {processor.py:157} INFO - Started process (PID=16977) to work on /home/chinnu/.local/lib/python3.10/site-packages/airflow/example_dags/example_time_delta_sensor_async.py
[2023-05-26T21:20:52.680+0400] {processor.py:826} INFO - Processing file /home/chinnu/.local/lib/python3.10/site-packages/airflow/example_dags/example_time_delta_sensor_async.py for tasks to queue
[2023-05-26T21:20:52.682+0400] {logging_mixin.py:149} INFO - [2023-05-26T21:20:52.682+0400] {dagbag.py:541} INFO - Filling up the DagBag from /home/chinnu/.local/lib/python3.10/site-packages/airflow/example_dags/example_time_delta_sensor_async.py
[2023-05-26T21:20:52.696+0400] {processor.py:836} INFO - DAG(s) dict_keys(['example_time_delta_sensor_async']) retrieved from /home/chinnu/.local/lib/python3.10/site-packages/airflow/example_dags/example_time_delta_sensor_async.py
[2023-05-26T21:20:52.745+0400] {logging_mixin.py:149} INFO - [2023-05-26T21:20:52.745+0400] {dag.py:2726} INFO - Sync 1 DAGs
[2023-05-26T21:20:52.779+0400] {logging_mixin.py:149} INFO - [2023-05-26T21:20:52.779+0400] {dag.py:3486} INFO - Setting next_dagrun for example_time_delta_sensor_async to None, run_after=None
[2023-05-26T21:20:52.805+0400] {processor.py:179} INFO - Processing /home/chinnu/.local/lib/python3.10/site-packages/airflow/example_dags/example_time_delta_sensor_async.py took 0.141 seconds
[2023-05-26T21:21:34.941+0400] {processor.py:157} INFO - Started process (PID=17027) to work on /home/chinnu/.local/lib/python3.10/site-packages/airflow/example_dags/example_time_delta_sensor_async.py
[2023-05-26T21:21:34.942+0400] {processor.py:826} INFO - Processing file /home/chinnu/.local/lib/python3.10/site-packages/airflow/example_dags/example_time_delta_sensor_async.py for tasks to queue
[2023-05-26T21:21:34.943+0400] {logging_mixin.py:149} INFO - [2023-05-26T21:21:34.943+0400] {dagbag.py:541} INFO - Filling up the DagBag from /home/chinnu/.local/lib/python3.10/site-packages/airflow/example_dags/example_time_delta_sensor_async.py
[2023-05-26T21:21:34.953+0400] {processor.py:836} INFO - DAG(s) dict_keys(['example_time_delta_sensor_async']) retrieved from /home/chinnu/.local/lib/python3.10/site-packages/airflow/example_dags/example_time_delta_sensor_async.py
[2023-05-26T21:21:34.990+0400] {logging_mixin.py:149} INFO - [2023-05-26T21:21:34.990+0400] {dag.py:2726} INFO - Sync 1 DAGs
[2023-05-26T21:21:35.016+0400] {logging_mixin.py:149} INFO - [2023-05-26T21:21:35.016+0400] {dag.py:3486} INFO - Setting next_dagrun for example_time_delta_sensor_async to None, run_after=None
[2023-05-26T21:21:35.049+0400] {processor.py:179} INFO - Processing /home/chinnu/.local/lib/python3.10/site-packages/airflow/example_dags/example_time_delta_sensor_async.py took 0.115 seconds
[2023-05-26T21:22:16.865+0400] {processor.py:157} INFO - Started process (PID=17076) to work on /home/chinnu/.local/lib/python3.10/site-packages/airflow/example_dags/example_time_delta_sensor_async.py
[2023-05-26T21:22:16.869+0400] {processor.py:826} INFO - Processing file /home/chinnu/.local/lib/python3.10/site-packages/airflow/example_dags/example_time_delta_sensor_async.py for tasks to queue
[2023-05-26T21:22:16.871+0400] {logging_mixin.py:149} INFO - [2023-05-26T21:22:16.871+0400] {dagbag.py:541} INFO - Filling up the DagBag from /home/chinnu/.local/lib/python3.10/site-packages/airflow/example_dags/example_time_delta_sensor_async.py
[2023-05-26T21:22:16.889+0400] {processor.py:836} INFO - DAG(s) dict_keys(['example_time_delta_sensor_async']) retrieved from /home/chinnu/.local/lib/python3.10/site-packages/airflow/example_dags/example_time_delta_sensor_async.py
[2023-05-26T21:22:16.973+0400] {logging_mixin.py:149} INFO - [2023-05-26T21:22:16.973+0400] {dag.py:2726} INFO - Sync 1 DAGs
[2023-05-26T21:22:17.027+0400] {logging_mixin.py:149} INFO - [2023-05-26T21:22:17.027+0400] {dag.py:3486} INFO - Setting next_dagrun for example_time_delta_sensor_async to None, run_after=None
[2023-05-26T21:22:17.069+0400] {processor.py:179} INFO - Processing /home/chinnu/.local/lib/python3.10/site-packages/airflow/example_dags/example_time_delta_sensor_async.py took 0.217 seconds
[2023-05-26T21:22:54.770+0400] {processor.py:157} INFO - Started process (PID=17122) to work on /home/chinnu/.local/lib/python3.10/site-packages/airflow/example_dags/example_time_delta_sensor_async.py
[2023-05-26T21:22:54.776+0400] {processor.py:826} INFO - Processing file /home/chinnu/.local/lib/python3.10/site-packages/airflow/example_dags/example_time_delta_sensor_async.py for tasks to queue
[2023-05-26T21:22:54.779+0400] {logging_mixin.py:149} INFO - [2023-05-26T21:22:54.778+0400] {dagbag.py:541} INFO - Filling up the DagBag from /home/chinnu/.local/lib/python3.10/site-packages/airflow/example_dags/example_time_delta_sensor_async.py
[2023-05-26T21:22:54.806+0400] {processor.py:836} INFO - DAG(s) dict_keys(['example_time_delta_sensor_async']) retrieved from /home/chinnu/.local/lib/python3.10/site-packages/airflow/example_dags/example_time_delta_sensor_async.py
[2023-05-26T21:22:54.889+0400] {logging_mixin.py:149} INFO - [2023-05-26T21:22:54.889+0400] {dag.py:2726} INFO - Sync 1 DAGs
[2023-05-26T21:22:54.918+0400] {logging_mixin.py:149} INFO - [2023-05-26T21:22:54.918+0400] {dag.py:3486} INFO - Setting next_dagrun for example_time_delta_sensor_async to None, run_after=None
[2023-05-26T21:22:54.949+0400] {processor.py:179} INFO - Processing /home/chinnu/.local/lib/python3.10/site-packages/airflow/example_dags/example_time_delta_sensor_async.py took 0.203 seconds
[2023-05-26T21:23:33.882+0400] {processor.py:157} INFO - Started process (PID=17170) to work on /home/chinnu/.local/lib/python3.10/site-packages/airflow/example_dags/example_time_delta_sensor_async.py
[2023-05-26T21:23:33.884+0400] {processor.py:826} INFO - Processing file /home/chinnu/.local/lib/python3.10/site-packages/airflow/example_dags/example_time_delta_sensor_async.py for tasks to queue
[2023-05-26T21:23:33.885+0400] {logging_mixin.py:149} INFO - [2023-05-26T21:23:33.885+0400] {dagbag.py:541} INFO - Filling up the DagBag from /home/chinnu/.local/lib/python3.10/site-packages/airflow/example_dags/example_time_delta_sensor_async.py
[2023-05-26T21:23:33.893+0400] {processor.py:836} INFO - DAG(s) dict_keys(['example_time_delta_sensor_async']) retrieved from /home/chinnu/.local/lib/python3.10/site-packages/airflow/example_dags/example_time_delta_sensor_async.py
[2023-05-26T21:23:33.930+0400] {logging_mixin.py:149} INFO - [2023-05-26T21:23:33.930+0400] {dag.py:2726} INFO - Sync 1 DAGs
[2023-05-26T21:23:33.954+0400] {logging_mixin.py:149} INFO - [2023-05-26T21:23:33.954+0400] {dag.py:3486} INFO - Setting next_dagrun for example_time_delta_sensor_async to None, run_after=None
[2023-05-26T21:23:33.986+0400] {processor.py:179} INFO - Processing /home/chinnu/.local/lib/python3.10/site-packages/airflow/example_dags/example_time_delta_sensor_async.py took 0.112 seconds
[2023-05-26T21:24:11.570+0400] {processor.py:157} INFO - Started process (PID=17214) to work on /home/chinnu/.local/lib/python3.10/site-packages/airflow/example_dags/example_time_delta_sensor_async.py
[2023-05-26T21:24:11.571+0400] {processor.py:826} INFO - Processing file /home/chinnu/.local/lib/python3.10/site-packages/airflow/example_dags/example_time_delta_sensor_async.py for tasks to queue
[2023-05-26T21:24:11.572+0400] {logging_mixin.py:149} INFO - [2023-05-26T21:24:11.572+0400] {dagbag.py:541} INFO - Filling up the DagBag from /home/chinnu/.local/lib/python3.10/site-packages/airflow/example_dags/example_time_delta_sensor_async.py
[2023-05-26T21:24:11.580+0400] {processor.py:836} INFO - DAG(s) dict_keys(['example_time_delta_sensor_async']) retrieved from /home/chinnu/.local/lib/python3.10/site-packages/airflow/example_dags/example_time_delta_sensor_async.py
[2023-05-26T21:24:11.620+0400] {logging_mixin.py:149} INFO - [2023-05-26T21:24:11.619+0400] {dag.py:2726} INFO - Sync 1 DAGs
[2023-05-26T21:24:11.656+0400] {logging_mixin.py:149} INFO - [2023-05-26T21:24:11.656+0400] {dag.py:3486} INFO - Setting next_dagrun for example_time_delta_sensor_async to None, run_after=None
[2023-05-26T21:24:11.693+0400] {processor.py:179} INFO - Processing /home/chinnu/.local/lib/python3.10/site-packages/airflow/example_dags/example_time_delta_sensor_async.py took 0.131 seconds
[2023-05-26T21:24:50.260+0400] {processor.py:157} INFO - Started process (PID=17264) to work on /home/chinnu/.local/lib/python3.10/site-packages/airflow/example_dags/example_time_delta_sensor_async.py
[2023-05-26T21:24:50.261+0400] {processor.py:826} INFO - Processing file /home/chinnu/.local/lib/python3.10/site-packages/airflow/example_dags/example_time_delta_sensor_async.py for tasks to queue
[2023-05-26T21:24:50.262+0400] {logging_mixin.py:149} INFO - [2023-05-26T21:24:50.262+0400] {dagbag.py:541} INFO - Filling up the DagBag from /home/chinnu/.local/lib/python3.10/site-packages/airflow/example_dags/example_time_delta_sensor_async.py
[2023-05-26T21:24:50.269+0400] {processor.py:836} INFO - DAG(s) dict_keys(['example_time_delta_sensor_async']) retrieved from /home/chinnu/.local/lib/python3.10/site-packages/airflow/example_dags/example_time_delta_sensor_async.py
[2023-05-26T21:24:50.303+0400] {logging_mixin.py:149} INFO - [2023-05-26T21:24:50.302+0400] {dag.py:2726} INFO - Sync 1 DAGs
[2023-05-26T21:24:50.326+0400] {logging_mixin.py:149} INFO - [2023-05-26T21:24:50.325+0400] {dag.py:3486} INFO - Setting next_dagrun for example_time_delta_sensor_async to None, run_after=None
[2023-05-26T21:24:50.353+0400] {processor.py:179} INFO - Processing /home/chinnu/.local/lib/python3.10/site-packages/airflow/example_dags/example_time_delta_sensor_async.py took 0.099 seconds
[2023-05-26T21:48:18.950+0400] {processor.py:157} INFO - Started process (PID=75) to work on /home/chinnu/.local/lib/python3.10/site-packages/airflow/example_dags/example_time_delta_sensor_async.py
[2023-05-26T21:48:18.952+0400] {processor.py:826} INFO - Processing file /home/chinnu/.local/lib/python3.10/site-packages/airflow/example_dags/example_time_delta_sensor_async.py for tasks to queue
[2023-05-26T21:48:18.953+0400] {logging_mixin.py:149} INFO - [2023-05-26T21:48:18.953+0400] {dagbag.py:541} INFO - Filling up the DagBag from /home/chinnu/.local/lib/python3.10/site-packages/airflow/example_dags/example_time_delta_sensor_async.py
[2023-05-26T21:48:18.969+0400] {processor.py:836} INFO - DAG(s) dict_keys(['example_time_delta_sensor_async']) retrieved from /home/chinnu/.local/lib/python3.10/site-packages/airflow/example_dags/example_time_delta_sensor_async.py
[2023-05-26T21:48:19.019+0400] {logging_mixin.py:149} INFO - [2023-05-26T21:48:19.019+0400] {dag.py:2726} INFO - Sync 1 DAGs
[2023-05-26T21:48:19.059+0400] {logging_mixin.py:149} INFO - [2023-05-26T21:48:19.058+0400] {dag.py:3486} INFO - Setting next_dagrun for example_time_delta_sensor_async to None, run_after=None
[2023-05-26T21:48:19.101+0400] {processor.py:179} INFO - Processing /home/chinnu/.local/lib/python3.10/site-packages/airflow/example_dags/example_time_delta_sensor_async.py took 0.158 seconds
[2023-05-26T21:52:21.001+0400] {processor.py:157} INFO - Started process (PID=57) to work on /home/chinnu/.local/lib/python3.10/site-packages/airflow/example_dags/example_time_delta_sensor_async.py
[2023-05-26T21:52:21.005+0400] {processor.py:826} INFO - Processing file /home/chinnu/.local/lib/python3.10/site-packages/airflow/example_dags/example_time_delta_sensor_async.py for tasks to queue
[2023-05-26T21:52:21.007+0400] {logging_mixin.py:149} INFO - [2023-05-26T21:52:21.006+0400] {dagbag.py:541} INFO - Filling up the DagBag from /home/chinnu/.local/lib/python3.10/site-packages/airflow/example_dags/example_time_delta_sensor_async.py
[2023-05-26T21:52:21.032+0400] {processor.py:836} INFO - DAG(s) dict_keys(['example_time_delta_sensor_async']) retrieved from /home/chinnu/.local/lib/python3.10/site-packages/airflow/example_dags/example_time_delta_sensor_async.py
[2023-05-26T21:52:21.117+0400] {logging_mixin.py:149} INFO - [2023-05-26T21:52:21.116+0400] {dag.py:2726} INFO - Sync 1 DAGs
[2023-05-26T21:52:21.173+0400] {logging_mixin.py:149} INFO - [2023-05-26T21:52:21.173+0400] {dag.py:3486} INFO - Setting next_dagrun for example_time_delta_sensor_async to None, run_after=None
[2023-05-26T21:52:21.223+0400] {processor.py:179} INFO - Processing /home/chinnu/.local/lib/python3.10/site-packages/airflow/example_dags/example_time_delta_sensor_async.py took 0.234 seconds
[2023-05-26T21:53:20.173+0400] {processor.py:157} INFO - Started process (PID=108) to work on /home/chinnu/.local/lib/python3.10/site-packages/airflow/example_dags/example_time_delta_sensor_async.py
[2023-05-26T21:53:20.175+0400] {processor.py:826} INFO - Processing file /home/chinnu/.local/lib/python3.10/site-packages/airflow/example_dags/example_time_delta_sensor_async.py for tasks to queue
[2023-05-26T21:53:20.176+0400] {logging_mixin.py:149} INFO - [2023-05-26T21:53:20.175+0400] {dagbag.py:541} INFO - Filling up the DagBag from /home/chinnu/.local/lib/python3.10/site-packages/airflow/example_dags/example_time_delta_sensor_async.py
[2023-05-26T21:53:20.184+0400] {processor.py:836} INFO - DAG(s) dict_keys(['example_time_delta_sensor_async']) retrieved from /home/chinnu/.local/lib/python3.10/site-packages/airflow/example_dags/example_time_delta_sensor_async.py
[2023-05-26T21:53:20.217+0400] {logging_mixin.py:149} INFO - [2023-05-26T21:53:20.217+0400] {dag.py:2726} INFO - Sync 1 DAGs
[2023-05-26T21:53:20.368+0400] {logging_mixin.py:149} INFO - [2023-05-26T21:53:20.368+0400] {dag.py:3486} INFO - Setting next_dagrun for example_time_delta_sensor_async to None, run_after=None
[2023-05-26T21:53:20.396+0400] {processor.py:179} INFO - Processing /home/chinnu/.local/lib/python3.10/site-packages/airflow/example_dags/example_time_delta_sensor_async.py took 0.228 seconds
[2023-05-26T21:54:17.475+0400] {processor.py:157} INFO - Started process (PID=186) to work on /home/chinnu/.local/lib/python3.10/site-packages/airflow/example_dags/example_time_delta_sensor_async.py
[2023-05-26T21:54:17.478+0400] {processor.py:826} INFO - Processing file /home/chinnu/.local/lib/python3.10/site-packages/airflow/example_dags/example_time_delta_sensor_async.py for tasks to queue
[2023-05-26T21:54:17.483+0400] {logging_mixin.py:149} INFO - [2023-05-26T21:54:17.482+0400] {dagbag.py:541} INFO - Filling up the DagBag from /home/chinnu/.local/lib/python3.10/site-packages/airflow/example_dags/example_time_delta_sensor_async.py
[2023-05-26T21:54:17.509+0400] {processor.py:836} INFO - DAG(s) dict_keys(['example_time_delta_sensor_async']) retrieved from /home/chinnu/.local/lib/python3.10/site-packages/airflow/example_dags/example_time_delta_sensor_async.py
[2023-05-26T21:54:17.608+0400] {logging_mixin.py:149} INFO - [2023-05-26T21:54:17.607+0400] {dag.py:2726} INFO - Sync 1 DAGs
[2023-05-26T21:54:17.664+0400] {logging_mixin.py:149} INFO - [2023-05-26T21:54:17.664+0400] {dag.py:3486} INFO - Setting next_dagrun for example_time_delta_sensor_async to None, run_after=None
[2023-05-26T21:54:17.734+0400] {processor.py:179} INFO - Processing /home/chinnu/.local/lib/python3.10/site-packages/airflow/example_dags/example_time_delta_sensor_async.py took 0.273 seconds
[2023-05-26T22:06:03.125+0400] {processor.py:157} INFO - Started process (PID=2526) to work on /home/chinnu/.local/lib/python3.10/site-packages/airflow/example_dags/example_time_delta_sensor_async.py
[2023-05-26T22:06:03.129+0400] {processor.py:826} INFO - Processing file /home/chinnu/.local/lib/python3.10/site-packages/airflow/example_dags/example_time_delta_sensor_async.py for tasks to queue
[2023-05-26T22:06:03.131+0400] {logging_mixin.py:149} INFO - [2023-05-26T22:06:03.131+0400] {dagbag.py:541} INFO - Filling up the DagBag from /home/chinnu/.local/lib/python3.10/site-packages/airflow/example_dags/example_time_delta_sensor_async.py
[2023-05-26T22:06:03.161+0400] {processor.py:836} INFO - DAG(s) dict_keys(['example_time_delta_sensor_async']) retrieved from /home/chinnu/.local/lib/python3.10/site-packages/airflow/example_dags/example_time_delta_sensor_async.py
[2023-05-26T22:06:03.239+0400] {logging_mixin.py:149} INFO - [2023-05-26T22:06:03.238+0400] {dag.py:2726} INFO - Sync 1 DAGs
[2023-05-26T22:06:03.317+0400] {logging_mixin.py:149} INFO - [2023-05-26T22:06:03.317+0400] {dag.py:3486} INFO - Setting next_dagrun for example_time_delta_sensor_async to None, run_after=None
[2023-05-26T22:06:03.395+0400] {processor.py:179} INFO - Processing /home/chinnu/.local/lib/python3.10/site-packages/airflow/example_dags/example_time_delta_sensor_async.py took 0.290 seconds
[2023-05-26T22:07:15.125+0400] {processor.py:157} INFO - Started process (PID=2577) to work on /home/chinnu/.local/lib/python3.10/site-packages/airflow/example_dags/example_time_delta_sensor_async.py
[2023-05-26T22:07:15.127+0400] {processor.py:826} INFO - Processing file /home/chinnu/.local/lib/python3.10/site-packages/airflow/example_dags/example_time_delta_sensor_async.py for tasks to queue
[2023-05-26T22:07:15.128+0400] {logging_mixin.py:149} INFO - [2023-05-26T22:07:15.128+0400] {dagbag.py:541} INFO - Filling up the DagBag from /home/chinnu/.local/lib/python3.10/site-packages/airflow/example_dags/example_time_delta_sensor_async.py
[2023-05-26T22:07:15.140+0400] {processor.py:836} INFO - DAG(s) dict_keys(['example_time_delta_sensor_async']) retrieved from /home/chinnu/.local/lib/python3.10/site-packages/airflow/example_dags/example_time_delta_sensor_async.py
[2023-05-26T22:07:15.182+0400] {logging_mixin.py:149} INFO - [2023-05-26T22:07:15.181+0400] {dag.py:2726} INFO - Sync 1 DAGs
[2023-05-26T22:07:15.452+0400] {logging_mixin.py:149} INFO - [2023-05-26T22:07:15.452+0400] {dag.py:3486} INFO - Setting next_dagrun for example_time_delta_sensor_async to None, run_after=None
[2023-05-26T22:07:15.502+0400] {processor.py:179} INFO - Processing /home/chinnu/.local/lib/python3.10/site-packages/airflow/example_dags/example_time_delta_sensor_async.py took 0.386 seconds
[2023-05-26T22:08:53.316+0400] {processor.py:157} INFO - Started process (PID=2644) to work on /home/chinnu/.local/lib/python3.10/site-packages/airflow/example_dags/example_time_delta_sensor_async.py
[2023-05-26T22:08:53.319+0400] {processor.py:826} INFO - Processing file /home/chinnu/.local/lib/python3.10/site-packages/airflow/example_dags/example_time_delta_sensor_async.py for tasks to queue
[2023-05-26T22:08:53.321+0400] {logging_mixin.py:149} INFO - [2023-05-26T22:08:53.321+0400] {dagbag.py:541} INFO - Filling up the DagBag from /home/chinnu/.local/lib/python3.10/site-packages/airflow/example_dags/example_time_delta_sensor_async.py
[2023-05-26T22:08:53.338+0400] {processor.py:836} INFO - DAG(s) dict_keys(['example_time_delta_sensor_async']) retrieved from /home/chinnu/.local/lib/python3.10/site-packages/airflow/example_dags/example_time_delta_sensor_async.py
[2023-05-26T22:08:53.415+0400] {logging_mixin.py:149} INFO - [2023-05-26T22:08:53.415+0400] {dag.py:2726} INFO - Sync 1 DAGs
[2023-05-26T22:08:53.462+0400] {logging_mixin.py:149} INFO - [2023-05-26T22:08:53.462+0400] {dag.py:3486} INFO - Setting next_dagrun for example_time_delta_sensor_async to None, run_after=None
[2023-05-26T22:08:53.557+0400] {processor.py:179} INFO - Processing /home/chinnu/.local/lib/python3.10/site-packages/airflow/example_dags/example_time_delta_sensor_async.py took 0.255 seconds
