[2023-05-26T19:39:18.222+0400] {processor.py:157} INFO - Started process (PID=241) to work on /home/chinnu/.local/lib/python3.10/site-packages/airflow/example_dags/example_bash_operator.py
[2023-05-26T19:39:18.225+0400] {processor.py:826} INFO - Processing file /home/chinnu/.local/lib/python3.10/site-packages/airflow/example_dags/example_bash_operator.py for tasks to queue
[2023-05-26T19:39:18.227+0400] {logging_mixin.py:149} INFO - [2023-05-26T19:39:18.227+0400] {dagbag.py:541} INFO - Filling up the DagBag from /home/chinnu/.local/lib/python3.10/site-packages/airflow/example_dags/example_bash_operator.py
[2023-05-26T19:39:18.272+0400] {processor.py:836} INFO - DAG(s) dict_keys(['example_bash_operator']) retrieved from /home/chinnu/.local/lib/python3.10/site-packages/airflow/example_dags/example_bash_operator.py
[2023-05-26T19:39:18.315+0400] {logging_mixin.py:149} INFO - [2023-05-26T19:39:18.315+0400] {dag.py:2726} INFO - Sync 1 DAGs
[2023-05-26T19:39:18.338+0400] {logging_mixin.py:149} INFO - [2023-05-26T19:39:18.338+0400] {dag.py:3486} INFO - Setting next_dagrun for example_bash_operator to 2023-05-25T00:00:00+00:00, run_after=2023-05-26T00:00:00+00:00
[2023-05-26T19:39:18.365+0400] {processor.py:179} INFO - Processing /home/chinnu/.local/lib/python3.10/site-packages/airflow/example_dags/example_bash_operator.py took 0.155 seconds
[2023-05-26T19:40:33.375+0400] {processor.py:157} INFO - Started process (PID=825) to work on /home/chinnu/.local/lib/python3.10/site-packages/airflow/example_dags/example_bash_operator.py
[2023-05-26T19:40:33.380+0400] {processor.py:826} INFO - Processing file /home/chinnu/.local/lib/python3.10/site-packages/airflow/example_dags/example_bash_operator.py for tasks to queue
[2023-05-26T19:40:33.382+0400] {logging_mixin.py:149} INFO - [2023-05-26T19:40:33.382+0400] {dagbag.py:541} INFO - Filling up the DagBag from /home/chinnu/.local/lib/python3.10/site-packages/airflow/example_dags/example_bash_operator.py
[2023-05-26T19:40:33.423+0400] {processor.py:836} INFO - DAG(s) dict_keys(['example_bash_operator']) retrieved from /home/chinnu/.local/lib/python3.10/site-packages/airflow/example_dags/example_bash_operator.py
[2023-05-26T19:40:33.486+0400] {logging_mixin.py:149} INFO - [2023-05-26T19:40:33.486+0400] {dag.py:2726} INFO - Sync 1 DAGs
[2023-05-26T19:40:33.509+0400] {logging_mixin.py:149} INFO - [2023-05-26T19:40:33.509+0400] {dag.py:3486} INFO - Setting next_dagrun for example_bash_operator to 2023-05-25T00:00:00+00:00, run_after=2023-05-26T00:00:00+00:00
[2023-05-26T19:40:33.544+0400] {processor.py:179} INFO - Processing /home/chinnu/.local/lib/python3.10/site-packages/airflow/example_dags/example_bash_operator.py took 0.189 seconds
[2023-05-26T19:42:44.847+0400] {processor.py:157} INFO - Started process (PID=1456) to work on /home/chinnu/.local/lib/python3.10/site-packages/airflow/example_dags/example_bash_operator.py
[2023-05-26T19:42:44.855+0400] {processor.py:826} INFO - Processing file /home/chinnu/.local/lib/python3.10/site-packages/airflow/example_dags/example_bash_operator.py for tasks to queue
[2023-05-26T19:42:44.859+0400] {logging_mixin.py:149} INFO - [2023-05-26T19:42:44.859+0400] {dagbag.py:541} INFO - Filling up the DagBag from /home/chinnu/.local/lib/python3.10/site-packages/airflow/example_dags/example_bash_operator.py
[2023-05-26T19:42:44.953+0400] {processor.py:836} INFO - DAG(s) dict_keys(['example_bash_operator']) retrieved from /home/chinnu/.local/lib/python3.10/site-packages/airflow/example_dags/example_bash_operator.py
[2023-05-26T19:42:45.114+0400] {logging_mixin.py:149} INFO - [2023-05-26T19:42:45.114+0400] {dag.py:2726} INFO - Sync 1 DAGs
[2023-05-26T19:42:45.535+0400] {logging_mixin.py:149} INFO - [2023-05-26T19:42:45.535+0400] {dag.py:3486} INFO - Setting next_dagrun for example_bash_operator to 2023-05-25T00:00:00+00:00, run_after=2023-05-26T00:00:00+00:00
[2023-05-26T19:42:45.610+0400] {processor.py:179} INFO - Processing /home/chinnu/.local/lib/python3.10/site-packages/airflow/example_dags/example_bash_operator.py took 0.785 seconds
[2023-05-26T19:43:59.239+0400] {processor.py:157} INFO - Started process (PID=1516) to work on /home/chinnu/.local/lib/python3.10/site-packages/airflow/example_dags/example_bash_operator.py
[2023-05-26T19:43:59.244+0400] {processor.py:826} INFO - Processing file /home/chinnu/.local/lib/python3.10/site-packages/airflow/example_dags/example_bash_operator.py for tasks to queue
[2023-05-26T19:43:59.249+0400] {logging_mixin.py:149} INFO - [2023-05-26T19:43:59.249+0400] {dagbag.py:541} INFO - Filling up the DagBag from /home/chinnu/.local/lib/python3.10/site-packages/airflow/example_dags/example_bash_operator.py
[2023-05-26T19:43:59.328+0400] {processor.py:836} INFO - DAG(s) dict_keys(['example_bash_operator']) retrieved from /home/chinnu/.local/lib/python3.10/site-packages/airflow/example_dags/example_bash_operator.py
[2023-05-26T19:43:59.402+0400] {logging_mixin.py:149} INFO - [2023-05-26T19:43:59.402+0400] {dag.py:2726} INFO - Sync 1 DAGs
[2023-05-26T19:43:59.442+0400] {logging_mixin.py:149} INFO - [2023-05-26T19:43:59.442+0400] {dag.py:3486} INFO - Setting next_dagrun for example_bash_operator to 2023-05-25T00:00:00+00:00, run_after=2023-05-26T00:00:00+00:00
[2023-05-26T19:43:59.490+0400] {processor.py:179} INFO - Processing /home/chinnu/.local/lib/python3.10/site-packages/airflow/example_dags/example_bash_operator.py took 0.274 seconds
[2023-05-26T19:45:06.293+0400] {processor.py:157} INFO - Started process (PID=1573) to work on /home/chinnu/.local/lib/python3.10/site-packages/airflow/example_dags/example_bash_operator.py
[2023-05-26T19:45:06.298+0400] {processor.py:826} INFO - Processing file /home/chinnu/.local/lib/python3.10/site-packages/airflow/example_dags/example_bash_operator.py for tasks to queue
[2023-05-26T19:45:06.301+0400] {logging_mixin.py:149} INFO - [2023-05-26T19:45:06.301+0400] {dagbag.py:541} INFO - Filling up the DagBag from /home/chinnu/.local/lib/python3.10/site-packages/airflow/example_dags/example_bash_operator.py
[2023-05-26T19:45:06.400+0400] {processor.py:836} INFO - DAG(s) dict_keys(['example_bash_operator']) retrieved from /home/chinnu/.local/lib/python3.10/site-packages/airflow/example_dags/example_bash_operator.py
[2023-05-26T19:45:06.498+0400] {logging_mixin.py:149} INFO - [2023-05-26T19:45:06.498+0400] {dag.py:2726} INFO - Sync 1 DAGs
[2023-05-26T19:45:06.537+0400] {logging_mixin.py:149} INFO - [2023-05-26T19:45:06.537+0400] {dag.py:3486} INFO - Setting next_dagrun for example_bash_operator to 2023-05-25T00:00:00+00:00, run_after=2023-05-26T00:00:00+00:00
[2023-05-26T19:45:06.583+0400] {processor.py:179} INFO - Processing /home/chinnu/.local/lib/python3.10/site-packages/airflow/example_dags/example_bash_operator.py took 0.316 seconds
[2023-05-26T19:46:05.809+0400] {processor.py:157} INFO - Started process (PID=1625) to work on /home/chinnu/.local/lib/python3.10/site-packages/airflow/example_dags/example_bash_operator.py
[2023-05-26T19:46:05.812+0400] {processor.py:826} INFO - Processing file /home/chinnu/.local/lib/python3.10/site-packages/airflow/example_dags/example_bash_operator.py for tasks to queue
[2023-05-26T19:46:05.813+0400] {logging_mixin.py:149} INFO - [2023-05-26T19:46:05.813+0400] {dagbag.py:541} INFO - Filling up the DagBag from /home/chinnu/.local/lib/python3.10/site-packages/airflow/example_dags/example_bash_operator.py
[2023-05-26T19:46:05.850+0400] {processor.py:836} INFO - DAG(s) dict_keys(['example_bash_operator']) retrieved from /home/chinnu/.local/lib/python3.10/site-packages/airflow/example_dags/example_bash_operator.py
[2023-05-26T19:46:05.935+0400] {logging_mixin.py:149} INFO - [2023-05-26T19:46:05.935+0400] {dag.py:2726} INFO - Sync 1 DAGs
[2023-05-26T19:46:05.976+0400] {logging_mixin.py:149} INFO - [2023-05-26T19:46:05.975+0400] {dag.py:3486} INFO - Setting next_dagrun for example_bash_operator to 2023-05-25T00:00:00+00:00, run_after=2023-05-26T00:00:00+00:00
[2023-05-26T19:46:06.036+0400] {processor.py:179} INFO - Processing /home/chinnu/.local/lib/python3.10/site-packages/airflow/example_dags/example_bash_operator.py took 0.236 seconds
[2023-05-26T21:06:10.960+0400] {processor.py:157} INFO - Started process (PID=104) to work on /home/chinnu/.local/lib/python3.10/site-packages/airflow/example_dags/example_bash_operator.py
[2023-05-26T21:06:10.970+0400] {processor.py:826} INFO - Processing file /home/chinnu/.local/lib/python3.10/site-packages/airflow/example_dags/example_bash_operator.py for tasks to queue
[2023-05-26T21:06:10.972+0400] {logging_mixin.py:149} INFO - [2023-05-26T21:06:10.972+0400] {dagbag.py:541} INFO - Filling up the DagBag from /home/chinnu/.local/lib/python3.10/site-packages/airflow/example_dags/example_bash_operator.py
[2023-05-26T21:06:11.041+0400] {processor.py:836} INFO - DAG(s) dict_keys(['example_bash_operator']) retrieved from /home/chinnu/.local/lib/python3.10/site-packages/airflow/example_dags/example_bash_operator.py
[2023-05-26T21:06:11.116+0400] {logging_mixin.py:149} INFO - [2023-05-26T21:06:11.116+0400] {dag.py:2726} INFO - Sync 1 DAGs
[2023-05-26T21:06:11.353+0400] {logging_mixin.py:149} INFO - [2023-05-26T21:06:11.353+0400] {dag.py:3486} INFO - Setting next_dagrun for example_bash_operator to 2023-05-25T00:00:00+00:00, run_after=2023-05-26T00:00:00+00:00
[2023-05-26T21:06:11.400+0400] {processor.py:179} INFO - Processing /home/chinnu/.local/lib/python3.10/site-packages/airflow/example_dags/example_bash_operator.py took 0.455 seconds
[2023-05-26T21:07:17.935+0400] {processor.py:157} INFO - Started process (PID=187) to work on /home/chinnu/.local/lib/python3.10/site-packages/airflow/example_dags/example_bash_operator.py
[2023-05-26T21:07:17.940+0400] {processor.py:826} INFO - Processing file /home/chinnu/.local/lib/python3.10/site-packages/airflow/example_dags/example_bash_operator.py for tasks to queue
[2023-05-26T21:07:17.942+0400] {logging_mixin.py:149} INFO - [2023-05-26T21:07:17.942+0400] {dagbag.py:541} INFO - Filling up the DagBag from /home/chinnu/.local/lib/python3.10/site-packages/airflow/example_dags/example_bash_operator.py
[2023-05-26T21:07:17.992+0400] {processor.py:836} INFO - DAG(s) dict_keys(['example_bash_operator']) retrieved from /home/chinnu/.local/lib/python3.10/site-packages/airflow/example_dags/example_bash_operator.py
[2023-05-26T21:07:18.079+0400] {logging_mixin.py:149} INFO - [2023-05-26T21:07:18.078+0400] {dag.py:2726} INFO - Sync 1 DAGs
[2023-05-26T21:07:18.117+0400] {logging_mixin.py:149} INFO - [2023-05-26T21:07:18.116+0400] {dag.py:3486} INFO - Setting next_dagrun for example_bash_operator to 2023-05-25T00:00:00+00:00, run_after=2023-05-26T00:00:00+00:00
[2023-05-26T21:07:18.150+0400] {processor.py:179} INFO - Processing /home/chinnu/.local/lib/python3.10/site-packages/airflow/example_dags/example_bash_operator.py took 0.237 seconds
[2023-05-26T21:11:15.022+0400] {processor.py:157} INFO - Started process (PID=1947) to work on /home/chinnu/.local/lib/python3.10/site-packages/airflow/example_dags/example_bash_operator.py
[2023-05-26T21:11:15.026+0400] {processor.py:826} INFO - Processing file /home/chinnu/.local/lib/python3.10/site-packages/airflow/example_dags/example_bash_operator.py for tasks to queue
[2023-05-26T21:11:15.028+0400] {logging_mixin.py:149} INFO - [2023-05-26T21:11:15.028+0400] {dagbag.py:541} INFO - Filling up the DagBag from /home/chinnu/.local/lib/python3.10/site-packages/airflow/example_dags/example_bash_operator.py
[2023-05-26T21:11:15.069+0400] {processor.py:836} INFO - DAG(s) dict_keys(['example_bash_operator']) retrieved from /home/chinnu/.local/lib/python3.10/site-packages/airflow/example_dags/example_bash_operator.py
[2023-05-26T21:11:15.219+0400] {logging_mixin.py:149} INFO - [2023-05-26T21:11:15.218+0400] {dag.py:2726} INFO - Sync 1 DAGs
[2023-05-26T21:11:15.953+0400] {logging_mixin.py:149} INFO - [2023-05-26T21:11:15.952+0400] {dag.py:3486} INFO - Setting next_dagrun for example_bash_operator to 2023-05-25T00:00:00+00:00, run_after=2023-05-26T00:00:00+00:00
[2023-05-26T21:11:16.047+0400] {processor.py:179} INFO - Processing /home/chinnu/.local/lib/python3.10/site-packages/airflow/example_dags/example_bash_operator.py took 1.035 seconds
[2023-05-26T21:13:05.530+0400] {processor.py:157} INFO - Started process (PID=2052) to work on /home/chinnu/.local/lib/python3.10/site-packages/airflow/example_dags/example_bash_operator.py
[2023-05-26T21:13:05.535+0400] {processor.py:826} INFO - Processing file /home/chinnu/.local/lib/python3.10/site-packages/airflow/example_dags/example_bash_operator.py for tasks to queue
[2023-05-26T21:13:05.537+0400] {logging_mixin.py:149} INFO - [2023-05-26T21:13:05.537+0400] {dagbag.py:541} INFO - Filling up the DagBag from /home/chinnu/.local/lib/python3.10/site-packages/airflow/example_dags/example_bash_operator.py
[2023-05-26T21:13:05.588+0400] {processor.py:836} INFO - DAG(s) dict_keys(['example_bash_operator']) retrieved from /home/chinnu/.local/lib/python3.10/site-packages/airflow/example_dags/example_bash_operator.py
[2023-05-26T21:13:05.641+0400] {logging_mixin.py:149} INFO - [2023-05-26T21:13:05.641+0400] {dag.py:2726} INFO - Sync 1 DAGs
[2023-05-26T21:13:05.673+0400] {logging_mixin.py:149} INFO - [2023-05-26T21:13:05.673+0400] {dag.py:3486} INFO - Setting next_dagrun for example_bash_operator to 2023-05-25T00:00:00+00:00, run_after=2023-05-26T00:00:00+00:00
[2023-05-26T21:13:05.704+0400] {processor.py:179} INFO - Processing /home/chinnu/.local/lib/python3.10/site-packages/airflow/example_dags/example_bash_operator.py took 0.190 seconds
[2023-05-26T21:14:04.916+0400] {processor.py:157} INFO - Started process (PID=2123) to work on /home/chinnu/.local/lib/python3.10/site-packages/airflow/example_dags/example_bash_operator.py
[2023-05-26T21:14:04.920+0400] {processor.py:826} INFO - Processing file /home/chinnu/.local/lib/python3.10/site-packages/airflow/example_dags/example_bash_operator.py for tasks to queue
[2023-05-26T21:14:04.922+0400] {logging_mixin.py:149} INFO - [2023-05-26T21:14:04.922+0400] {dagbag.py:541} INFO - Filling up the DagBag from /home/chinnu/.local/lib/python3.10/site-packages/airflow/example_dags/example_bash_operator.py
[2023-05-26T21:14:04.974+0400] {processor.py:836} INFO - DAG(s) dict_keys(['example_bash_operator']) retrieved from /home/chinnu/.local/lib/python3.10/site-packages/airflow/example_dags/example_bash_operator.py
[2023-05-26T21:14:05.045+0400] {logging_mixin.py:149} INFO - [2023-05-26T21:14:05.045+0400] {dag.py:2726} INFO - Sync 1 DAGs
[2023-05-26T21:14:05.095+0400] {logging_mixin.py:149} INFO - [2023-05-26T21:14:05.094+0400] {dag.py:3486} INFO - Setting next_dagrun for example_bash_operator to 2023-05-25T00:00:00+00:00, run_after=2023-05-26T00:00:00+00:00
[2023-05-26T21:14:05.147+0400] {processor.py:179} INFO - Processing /home/chinnu/.local/lib/python3.10/site-packages/airflow/example_dags/example_bash_operator.py took 0.244 seconds
[2023-05-26T21:14:57.833+0400] {processor.py:157} INFO - Started process (PID=2192) to work on /home/chinnu/.local/lib/python3.10/site-packages/airflow/example_dags/example_bash_operator.py
[2023-05-26T21:14:57.837+0400] {processor.py:826} INFO - Processing file /home/chinnu/.local/lib/python3.10/site-packages/airflow/example_dags/example_bash_operator.py for tasks to queue
[2023-05-26T21:14:57.839+0400] {logging_mixin.py:149} INFO - [2023-05-26T21:14:57.838+0400] {dagbag.py:541} INFO - Filling up the DagBag from /home/chinnu/.local/lib/python3.10/site-packages/airflow/example_dags/example_bash_operator.py
[2023-05-26T21:14:57.897+0400] {processor.py:836} INFO - DAG(s) dict_keys(['example_bash_operator']) retrieved from /home/chinnu/.local/lib/python3.10/site-packages/airflow/example_dags/example_bash_operator.py
[2023-05-26T21:14:57.974+0400] {logging_mixin.py:149} INFO - [2023-05-26T21:14:57.974+0400] {dag.py:2726} INFO - Sync 1 DAGs
[2023-05-26T21:14:58.007+0400] {logging_mixin.py:149} INFO - [2023-05-26T21:14:58.007+0400] {dag.py:3486} INFO - Setting next_dagrun for example_bash_operator to 2023-05-25T00:00:00+00:00, run_after=2023-05-26T00:00:00+00:00
[2023-05-26T21:14:58.040+0400] {processor.py:179} INFO - Processing /home/chinnu/.local/lib/python3.10/site-packages/airflow/example_dags/example_bash_operator.py took 0.220 seconds
[2023-05-26T21:15:47.238+0400] {processor.py:157} INFO - Started process (PID=9447) to work on /home/chinnu/.local/lib/python3.10/site-packages/airflow/example_dags/example_bash_operator.py
[2023-05-26T21:15:47.241+0400] {processor.py:826} INFO - Processing file /home/chinnu/.local/lib/python3.10/site-packages/airflow/example_dags/example_bash_operator.py for tasks to queue
[2023-05-26T21:15:47.243+0400] {logging_mixin.py:149} INFO - [2023-05-26T21:15:47.243+0400] {dagbag.py:541} INFO - Filling up the DagBag from /home/chinnu/.local/lib/python3.10/site-packages/airflow/example_dags/example_bash_operator.py
[2023-05-26T21:15:47.293+0400] {processor.py:836} INFO - DAG(s) dict_keys(['example_bash_operator']) retrieved from /home/chinnu/.local/lib/python3.10/site-packages/airflow/example_dags/example_bash_operator.py
[2023-05-26T21:15:47.338+0400] {logging_mixin.py:149} INFO - [2023-05-26T21:15:47.338+0400] {dag.py:2726} INFO - Sync 1 DAGs
[2023-05-26T21:15:47.363+0400] {logging_mixin.py:149} INFO - [2023-05-26T21:15:47.363+0400] {dag.py:3486} INFO - Setting next_dagrun for example_bash_operator to 2023-05-25T00:00:00+00:00, run_after=2023-05-26T00:00:00+00:00
[2023-05-26T21:15:47.396+0400] {processor.py:179} INFO - Processing /home/chinnu/.local/lib/python3.10/site-packages/airflow/example_dags/example_bash_operator.py took 0.172 seconds
[2023-05-26T21:17:02.330+0400] {processor.py:157} INFO - Started process (PID=16737) to work on /home/chinnu/.local/lib/python3.10/site-packages/airflow/example_dags/example_bash_operator.py
[2023-05-26T21:17:02.333+0400] {processor.py:826} INFO - Processing file /home/chinnu/.local/lib/python3.10/site-packages/airflow/example_dags/example_bash_operator.py for tasks to queue
[2023-05-26T21:17:02.334+0400] {logging_mixin.py:149} INFO - [2023-05-26T21:17:02.334+0400] {dagbag.py:541} INFO - Filling up the DagBag from /home/chinnu/.local/lib/python3.10/site-packages/airflow/example_dags/example_bash_operator.py
[2023-05-26T21:17:02.380+0400] {processor.py:836} INFO - DAG(s) dict_keys(['example_bash_operator']) retrieved from /home/chinnu/.local/lib/python3.10/site-packages/airflow/example_dags/example_bash_operator.py
[2023-05-26T21:17:02.453+0400] {logging_mixin.py:149} INFO - [2023-05-26T21:17:02.453+0400] {dag.py:2726} INFO - Sync 1 DAGs
[2023-05-26T21:17:02.501+0400] {logging_mixin.py:149} INFO - [2023-05-26T21:17:02.500+0400] {dag.py:3486} INFO - Setting next_dagrun for example_bash_operator to 2023-05-25T00:00:00+00:00, run_after=2023-05-26T00:00:00+00:00
[2023-05-26T21:17:02.581+0400] {processor.py:179} INFO - Processing /home/chinnu/.local/lib/python3.10/site-packages/airflow/example_dags/example_bash_operator.py took 0.261 seconds
[2023-05-26T21:17:54.623+0400] {processor.py:157} INFO - Started process (PID=16800) to work on /home/chinnu/.local/lib/python3.10/site-packages/airflow/example_dags/example_bash_operator.py
[2023-05-26T21:17:54.626+0400] {processor.py:826} INFO - Processing file /home/chinnu/.local/lib/python3.10/site-packages/airflow/example_dags/example_bash_operator.py for tasks to queue
[2023-05-26T21:17:54.630+0400] {logging_mixin.py:149} INFO - [2023-05-26T21:17:54.630+0400] {dagbag.py:541} INFO - Filling up the DagBag from /home/chinnu/.local/lib/python3.10/site-packages/airflow/example_dags/example_bash_operator.py
[2023-05-26T21:17:54.684+0400] {processor.py:836} INFO - DAG(s) dict_keys(['example_bash_operator']) retrieved from /home/chinnu/.local/lib/python3.10/site-packages/airflow/example_dags/example_bash_operator.py
[2023-05-26T21:17:54.885+0400] {logging_mixin.py:149} INFO - [2023-05-26T21:17:54.884+0400] {dag.py:2726} INFO - Sync 1 DAGs
[2023-05-26T21:17:54.949+0400] {logging_mixin.py:149} INFO - [2023-05-26T21:17:54.949+0400] {dag.py:3486} INFO - Setting next_dagrun for example_bash_operator to 2023-05-25T00:00:00+00:00, run_after=2023-05-26T00:00:00+00:00
[2023-05-26T21:17:54.991+0400] {processor.py:179} INFO - Processing /home/chinnu/.local/lib/python3.10/site-packages/airflow/example_dags/example_bash_operator.py took 0.374 seconds
[2023-05-26T21:19:26.691+0400] {processor.py:157} INFO - Started process (PID=16877) to work on /home/chinnu/.local/lib/python3.10/site-packages/airflow/example_dags/example_bash_operator.py
[2023-05-26T21:19:26.699+0400] {processor.py:826} INFO - Processing file /home/chinnu/.local/lib/python3.10/site-packages/airflow/example_dags/example_bash_operator.py for tasks to queue
[2023-05-26T21:19:26.701+0400] {logging_mixin.py:149} INFO - [2023-05-26T21:19:26.701+0400] {dagbag.py:541} INFO - Filling up the DagBag from /home/chinnu/.local/lib/python3.10/site-packages/airflow/example_dags/example_bash_operator.py
[2023-05-26T21:19:26.781+0400] {processor.py:836} INFO - DAG(s) dict_keys(['example_bash_operator']) retrieved from /home/chinnu/.local/lib/python3.10/site-packages/airflow/example_dags/example_bash_operator.py
[2023-05-26T21:19:27.018+0400] {logging_mixin.py:149} INFO - [2023-05-26T21:19:27.018+0400] {dag.py:2726} INFO - Sync 1 DAGs
[2023-05-26T21:19:27.038+0400] {logging_mixin.py:149} INFO - [2023-05-26T21:19:27.038+0400] {dag.py:3486} INFO - Setting next_dagrun for example_bash_operator to 2023-05-25T00:00:00+00:00, run_after=2023-05-26T00:00:00+00:00
[2023-05-26T21:19:27.077+0400] {processor.py:179} INFO - Processing /home/chinnu/.local/lib/python3.10/site-packages/airflow/example_dags/example_bash_operator.py took 0.399 seconds
[2023-05-26T21:20:39.604+0400] {processor.py:157} INFO - Started process (PID=16960) to work on /home/chinnu/.local/lib/python3.10/site-packages/airflow/example_dags/example_bash_operator.py
[2023-05-26T21:20:39.606+0400] {processor.py:826} INFO - Processing file /home/chinnu/.local/lib/python3.10/site-packages/airflow/example_dags/example_bash_operator.py for tasks to queue
[2023-05-26T21:20:39.608+0400] {logging_mixin.py:149} INFO - [2023-05-26T21:20:39.608+0400] {dagbag.py:541} INFO - Filling up the DagBag from /home/chinnu/.local/lib/python3.10/site-packages/airflow/example_dags/example_bash_operator.py
[2023-05-26T21:20:39.647+0400] {processor.py:836} INFO - DAG(s) dict_keys(['example_bash_operator']) retrieved from /home/chinnu/.local/lib/python3.10/site-packages/airflow/example_dags/example_bash_operator.py
[2023-05-26T21:20:39.716+0400] {logging_mixin.py:149} INFO - [2023-05-26T21:20:39.716+0400] {dag.py:2726} INFO - Sync 1 DAGs
[2023-05-26T21:20:39.761+0400] {logging_mixin.py:149} INFO - [2023-05-26T21:20:39.761+0400] {dag.py:3486} INFO - Setting next_dagrun for example_bash_operator to 2023-05-25T00:00:00+00:00, run_after=2023-05-26T00:00:00+00:00
[2023-05-26T21:20:39.803+0400] {processor.py:179} INFO - Processing /home/chinnu/.local/lib/python3.10/site-packages/airflow/example_dags/example_bash_operator.py took 0.208 seconds
[2023-05-26T21:21:34.158+0400] {processor.py:157} INFO - Started process (PID=17026) to work on /home/chinnu/.local/lib/python3.10/site-packages/airflow/example_dags/example_bash_operator.py
[2023-05-26T21:21:34.159+0400] {processor.py:826} INFO - Processing file /home/chinnu/.local/lib/python3.10/site-packages/airflow/example_dags/example_bash_operator.py for tasks to queue
[2023-05-26T21:21:34.160+0400] {logging_mixin.py:149} INFO - [2023-05-26T21:21:34.160+0400] {dagbag.py:541} INFO - Filling up the DagBag from /home/chinnu/.local/lib/python3.10/site-packages/airflow/example_dags/example_bash_operator.py
[2023-05-26T21:21:34.201+0400] {processor.py:836} INFO - DAG(s) dict_keys(['example_bash_operator']) retrieved from /home/chinnu/.local/lib/python3.10/site-packages/airflow/example_dags/example_bash_operator.py
[2023-05-26T21:21:34.246+0400] {logging_mixin.py:149} INFO - [2023-05-26T21:21:34.246+0400] {dag.py:2726} INFO - Sync 1 DAGs
[2023-05-26T21:21:34.283+0400] {logging_mixin.py:149} INFO - [2023-05-26T21:21:34.283+0400] {dag.py:3486} INFO - Setting next_dagrun for example_bash_operator to 2023-05-25T00:00:00+00:00, run_after=2023-05-26T00:00:00+00:00
[2023-05-26T21:21:34.312+0400] {processor.py:179} INFO - Processing /home/chinnu/.local/lib/python3.10/site-packages/airflow/example_dags/example_bash_operator.py took 0.161 seconds
[2023-05-26T21:22:28.142+0400] {processor.py:157} INFO - Started process (PID=17088) to work on /home/chinnu/.local/lib/python3.10/site-packages/airflow/example_dags/example_bash_operator.py
[2023-05-26T21:22:28.144+0400] {processor.py:826} INFO - Processing file /home/chinnu/.local/lib/python3.10/site-packages/airflow/example_dags/example_bash_operator.py for tasks to queue
[2023-05-26T21:22:28.145+0400] {logging_mixin.py:149} INFO - [2023-05-26T21:22:28.144+0400] {dagbag.py:541} INFO - Filling up the DagBag from /home/chinnu/.local/lib/python3.10/site-packages/airflow/example_dags/example_bash_operator.py
[2023-05-26T21:22:28.169+0400] {processor.py:836} INFO - DAG(s) dict_keys(['example_bash_operator']) retrieved from /home/chinnu/.local/lib/python3.10/site-packages/airflow/example_dags/example_bash_operator.py
[2023-05-26T21:22:28.209+0400] {logging_mixin.py:149} INFO - [2023-05-26T21:22:28.209+0400] {dag.py:2726} INFO - Sync 1 DAGs
[2023-05-26T21:22:28.235+0400] {logging_mixin.py:149} INFO - [2023-05-26T21:22:28.234+0400] {dag.py:3486} INFO - Setting next_dagrun for example_bash_operator to 2023-05-25T00:00:00+00:00, run_after=2023-05-26T00:00:00+00:00
[2023-05-26T21:22:28.266+0400] {processor.py:179} INFO - Processing /home/chinnu/.local/lib/python3.10/site-packages/airflow/example_dags/example_bash_operator.py took 0.130 seconds
[2023-05-26T21:23:16.924+0400] {processor.py:157} INFO - Started process (PID=17146) to work on /home/chinnu/.local/lib/python3.10/site-packages/airflow/example_dags/example_bash_operator.py
[2023-05-26T21:23:16.927+0400] {processor.py:826} INFO - Processing file /home/chinnu/.local/lib/python3.10/site-packages/airflow/example_dags/example_bash_operator.py for tasks to queue
[2023-05-26T21:23:16.930+0400] {logging_mixin.py:149} INFO - [2023-05-26T21:23:16.929+0400] {dagbag.py:541} INFO - Filling up the DagBag from /home/chinnu/.local/lib/python3.10/site-packages/airflow/example_dags/example_bash_operator.py
[2023-05-26T21:23:17.019+0400] {processor.py:836} INFO - DAG(s) dict_keys(['example_bash_operator']) retrieved from /home/chinnu/.local/lib/python3.10/site-packages/airflow/example_dags/example_bash_operator.py
[2023-05-26T21:23:17.165+0400] {logging_mixin.py:149} INFO - [2023-05-26T21:23:17.164+0400] {dag.py:2726} INFO - Sync 1 DAGs
[2023-05-26T21:23:17.271+0400] {logging_mixin.py:149} INFO - [2023-05-26T21:23:17.271+0400] {dag.py:3486} INFO - Setting next_dagrun for example_bash_operator to 2023-05-25T00:00:00+00:00, run_after=2023-05-26T00:00:00+00:00
[2023-05-26T21:23:17.317+0400] {processor.py:182} ERROR - Got an exception! Propagating...
Traceback (most recent call last):
  File "/home/chinnu/.local/lib/python3.10/site-packages/sqlalchemy/engine/base.py", line 1094, in _commit_impl
    self.engine.dialect.do_commit(self.connection)
  File "/home/chinnu/.local/lib/python3.10/site-packages/sqlalchemy/engine/default.py", line 686, in do_commit
    dbapi_connection.commit()
sqlite3.OperationalError: disk I/O error

The above exception was the direct cause of the following exception:

Traceback (most recent call last):
  File "/home/chinnu/.local/lib/python3.10/site-packages/airflow/dag_processing/processor.py", line 178, in _run_file_processor
    _handle_dag_file_processing()
  File "/home/chinnu/.local/lib/python3.10/site-packages/airflow/dag_processing/processor.py", line 159, in _handle_dag_file_processing
    result: tuple[int, int] = dag_file_processor.process_file(
  File "/home/chinnu/.local/lib/python3.10/site-packages/airflow/utils/session.py", line 76, in wrapper
    return func(*args, session=session, **kwargs)
  File "/home/chinnu/.local/lib/python3.10/site-packages/airflow/dag_processing/processor.py", line 854, in process_file
    serialize_errors = DagFileProcessor.save_dag_to_db(
  File "/home/chinnu/.local/lib/python3.10/site-packages/airflow/api_internal/internal_api_call.py", line 112, in wrapper
    return func(*args, **kwargs)
  File "/home/chinnu/.local/lib/python3.10/site-packages/airflow/utils/session.py", line 76, in wrapper
    return func(*args, session=session, **kwargs)
  File "/home/chinnu/.local/lib/python3.10/site-packages/airflow/dag_processing/processor.py", line 891, in save_dag_to_db
    session.commit()
  File "/home/chinnu/.local/lib/python3.10/site-packages/sqlalchemy/orm/session.py", line 1454, in commit
    self._transaction.commit(_to_root=self.future)
  File "/home/chinnu/.local/lib/python3.10/site-packages/sqlalchemy/orm/session.py", line 839, in commit
    trans.commit()
  File "/home/chinnu/.local/lib/python3.10/site-packages/sqlalchemy/engine/base.py", line 2464, in commit
    self._do_commit()
  File "/home/chinnu/.local/lib/python3.10/site-packages/sqlalchemy/engine/base.py", line 2654, in _do_commit
    self._connection_commit_impl()
  File "/home/chinnu/.local/lib/python3.10/site-packages/sqlalchemy/engine/base.py", line 2625, in _connection_commit_impl
    self.connection._commit_impl()
  File "/home/chinnu/.local/lib/python3.10/site-packages/sqlalchemy/engine/base.py", line 1096, in _commit_impl
    self._handle_dbapi_exception(e, None, None, None, None)
  File "/home/chinnu/.local/lib/python3.10/site-packages/sqlalchemy/engine/base.py", line 2129, in _handle_dbapi_exception
    util.raise_(
  File "/home/chinnu/.local/lib/python3.10/site-packages/sqlalchemy/util/compat.py", line 211, in raise_
    raise exception
  File "/home/chinnu/.local/lib/python3.10/site-packages/sqlalchemy/engine/base.py", line 1094, in _commit_impl
    self.engine.dialect.do_commit(self.connection)
  File "/home/chinnu/.local/lib/python3.10/site-packages/sqlalchemy/engine/default.py", line 686, in do_commit
    dbapi_connection.commit()
sqlalchemy.exc.OperationalError: (sqlite3.OperationalError) disk I/O error
(Background on this error at: https://sqlalche.me/e/14/e3q8)
[2023-05-26T21:24:07.115+0400] {processor.py:157} INFO - Started process (PID=17209) to work on /home/chinnu/.local/lib/python3.10/site-packages/airflow/example_dags/example_bash_operator.py
[2023-05-26T21:24:07.118+0400] {processor.py:826} INFO - Processing file /home/chinnu/.local/lib/python3.10/site-packages/airflow/example_dags/example_bash_operator.py for tasks to queue
[2023-05-26T21:24:07.119+0400] {logging_mixin.py:149} INFO - [2023-05-26T21:24:07.119+0400] {dagbag.py:541} INFO - Filling up the DagBag from /home/chinnu/.local/lib/python3.10/site-packages/airflow/example_dags/example_bash_operator.py
[2023-05-26T21:24:07.150+0400] {processor.py:836} INFO - DAG(s) dict_keys(['example_bash_operator']) retrieved from /home/chinnu/.local/lib/python3.10/site-packages/airflow/example_dags/example_bash_operator.py
[2023-05-26T21:24:07.203+0400] {logging_mixin.py:149} INFO - [2023-05-26T21:24:07.203+0400] {dag.py:2726} INFO - Sync 1 DAGs
[2023-05-26T21:24:07.235+0400] {logging_mixin.py:149} INFO - [2023-05-26T21:24:07.235+0400] {dag.py:3486} INFO - Setting next_dagrun for example_bash_operator to 2023-05-25T00:00:00+00:00, run_after=2023-05-26T00:00:00+00:00
[2023-05-26T21:24:07.275+0400] {processor.py:179} INFO - Processing /home/chinnu/.local/lib/python3.10/site-packages/airflow/example_dags/example_bash_operator.py took 0.169 seconds
[2023-05-26T21:24:49.212+0400] {processor.py:157} INFO - Started process (PID=17263) to work on /home/chinnu/.local/lib/python3.10/site-packages/airflow/example_dags/example_bash_operator.py
[2023-05-26T21:24:49.214+0400] {processor.py:826} INFO - Processing file /home/chinnu/.local/lib/python3.10/site-packages/airflow/example_dags/example_bash_operator.py for tasks to queue
[2023-05-26T21:24:49.215+0400] {logging_mixin.py:149} INFO - [2023-05-26T21:24:49.215+0400] {dagbag.py:541} INFO - Filling up the DagBag from /home/chinnu/.local/lib/python3.10/site-packages/airflow/example_dags/example_bash_operator.py
[2023-05-26T21:24:49.239+0400] {processor.py:836} INFO - DAG(s) dict_keys(['example_bash_operator']) retrieved from /home/chinnu/.local/lib/python3.10/site-packages/airflow/example_dags/example_bash_operator.py
[2023-05-26T21:24:49.277+0400] {logging_mixin.py:149} INFO - [2023-05-26T21:24:49.276+0400] {dag.py:2726} INFO - Sync 1 DAGs
[2023-05-26T21:24:49.303+0400] {logging_mixin.py:149} INFO - [2023-05-26T21:24:49.303+0400] {dag.py:3486} INFO - Setting next_dagrun for example_bash_operator to 2023-05-25T00:00:00+00:00, run_after=2023-05-26T00:00:00+00:00
[2023-05-26T21:24:49.334+0400] {processor.py:179} INFO - Processing /home/chinnu/.local/lib/python3.10/site-packages/airflow/example_dags/example_bash_operator.py took 0.128 seconds
[2023-05-26T21:48:55.824+0400] {processor.py:157} INFO - Started process (PID=109) to work on /home/chinnu/.local/lib/python3.10/site-packages/airflow/example_dags/example_bash_operator.py
[2023-05-26T21:48:55.831+0400] {processor.py:826} INFO - Processing file /home/chinnu/.local/lib/python3.10/site-packages/airflow/example_dags/example_bash_operator.py for tasks to queue
[2023-05-26T21:48:55.832+0400] {logging_mixin.py:149} INFO - [2023-05-26T21:48:55.832+0400] {dagbag.py:541} INFO - Filling up the DagBag from /home/chinnu/.local/lib/python3.10/site-packages/airflow/example_dags/example_bash_operator.py
[2023-05-26T21:48:55.856+0400] {processor.py:836} INFO - DAG(s) dict_keys(['example_bash_operator']) retrieved from /home/chinnu/.local/lib/python3.10/site-packages/airflow/example_dags/example_bash_operator.py
[2023-05-26T21:48:55.895+0400] {logging_mixin.py:149} INFO - [2023-05-26T21:48:55.895+0400] {dag.py:2726} INFO - Sync 1 DAGs
[2023-05-26T21:48:56.051+0400] {logging_mixin.py:149} INFO - [2023-05-26T21:48:56.050+0400] {dag.py:3486} INFO - Setting next_dagrun for example_bash_operator to 2023-05-25T00:00:00+00:00, run_after=2023-05-26T00:00:00+00:00
[2023-05-26T21:48:56.082+0400] {processor.py:179} INFO - Processing /home/chinnu/.local/lib/python3.10/site-packages/airflow/example_dags/example_bash_operator.py took 0.264 seconds
[2023-05-26T21:53:01.866+0400] {processor.py:157} INFO - Started process (PID=90) to work on /home/chinnu/.local/lib/python3.10/site-packages/airflow/example_dags/example_bash_operator.py
[2023-05-26T21:53:01.874+0400] {processor.py:826} INFO - Processing file /home/chinnu/.local/lib/python3.10/site-packages/airflow/example_dags/example_bash_operator.py for tasks to queue
[2023-05-26T21:53:01.875+0400] {logging_mixin.py:149} INFO - [2023-05-26T21:53:01.875+0400] {dagbag.py:541} INFO - Filling up the DagBag from /home/chinnu/.local/lib/python3.10/site-packages/airflow/example_dags/example_bash_operator.py
[2023-05-26T21:53:01.898+0400] {processor.py:836} INFO - DAG(s) dict_keys(['example_bash_operator']) retrieved from /home/chinnu/.local/lib/python3.10/site-packages/airflow/example_dags/example_bash_operator.py
[2023-05-26T21:53:01.937+0400] {logging_mixin.py:149} INFO - [2023-05-26T21:53:01.937+0400] {dag.py:2726} INFO - Sync 1 DAGs
[2023-05-26T21:53:02.087+0400] {logging_mixin.py:149} INFO - [2023-05-26T21:53:02.087+0400] {dag.py:3486} INFO - Setting next_dagrun for example_bash_operator to 2023-05-25T00:00:00+00:00, run_after=2023-05-26T00:00:00+00:00
[2023-05-26T21:53:02.117+0400] {processor.py:179} INFO - Processing /home/chinnu/.local/lib/python3.10/site-packages/airflow/example_dags/example_bash_operator.py took 0.256 seconds
[2023-05-26T21:54:01.125+0400] {processor.py:157} INFO - Started process (PID=161) to work on /home/chinnu/.local/lib/python3.10/site-packages/airflow/example_dags/example_bash_operator.py
[2023-05-26T21:54:01.127+0400] {processor.py:826} INFO - Processing file /home/chinnu/.local/lib/python3.10/site-packages/airflow/example_dags/example_bash_operator.py for tasks to queue
[2023-05-26T21:54:01.129+0400] {logging_mixin.py:149} INFO - [2023-05-26T21:54:01.128+0400] {dagbag.py:541} INFO - Filling up the DagBag from /home/chinnu/.local/lib/python3.10/site-packages/airflow/example_dags/example_bash_operator.py
[2023-05-26T21:54:01.163+0400] {processor.py:836} INFO - DAG(s) dict_keys(['example_bash_operator']) retrieved from /home/chinnu/.local/lib/python3.10/site-packages/airflow/example_dags/example_bash_operator.py
[2023-05-26T21:54:01.224+0400] {logging_mixin.py:149} INFO - [2023-05-26T21:54:01.224+0400] {dag.py:2726} INFO - Sync 1 DAGs
[2023-05-26T21:54:01.261+0400] {logging_mixin.py:149} INFO - [2023-05-26T21:54:01.260+0400] {dag.py:3486} INFO - Setting next_dagrun for example_bash_operator to 2023-05-25T00:00:00+00:00, run_after=2023-05-26T00:00:00+00:00
[2023-05-26T21:54:01.301+0400] {processor.py:179} INFO - Processing /home/chinnu/.local/lib/python3.10/site-packages/airflow/example_dags/example_bash_operator.py took 0.187 seconds
[2023-05-26T22:06:53.584+0400] {processor.py:157} INFO - Started process (PID=2559) to work on /home/chinnu/.local/lib/python3.10/site-packages/airflow/example_dags/example_bash_operator.py
[2023-05-26T22:06:53.592+0400] {processor.py:826} INFO - Processing file /home/chinnu/.local/lib/python3.10/site-packages/airflow/example_dags/example_bash_operator.py for tasks to queue
[2023-05-26T22:06:53.593+0400] {logging_mixin.py:149} INFO - [2023-05-26T22:06:53.593+0400] {dagbag.py:541} INFO - Filling up the DagBag from /home/chinnu/.local/lib/python3.10/site-packages/airflow/example_dags/example_bash_operator.py
[2023-05-26T22:06:53.628+0400] {processor.py:836} INFO - DAG(s) dict_keys(['example_bash_operator']) retrieved from /home/chinnu/.local/lib/python3.10/site-packages/airflow/example_dags/example_bash_operator.py
[2023-05-26T22:06:53.692+0400] {logging_mixin.py:149} INFO - [2023-05-26T22:06:53.692+0400] {dag.py:2726} INFO - Sync 1 DAGs
[2023-05-26T22:06:53.928+0400] {logging_mixin.py:149} INFO - [2023-05-26T22:06:53.928+0400] {dag.py:3486} INFO - Setting next_dagrun for example_bash_operator to 2023-05-25T00:00:00+00:00, run_after=2023-05-26T00:00:00+00:00
[2023-05-26T22:06:53.971+0400] {processor.py:179} INFO - Processing /home/chinnu/.local/lib/python3.10/site-packages/airflow/example_dags/example_bash_operator.py took 0.395 seconds
[2023-05-26T22:08:34.378+0400] {processor.py:157} INFO - Started process (PID=2626) to work on /home/chinnu/.local/lib/python3.10/site-packages/airflow/example_dags/example_bash_operator.py
[2023-05-26T22:08:34.380+0400] {processor.py:826} INFO - Processing file /home/chinnu/.local/lib/python3.10/site-packages/airflow/example_dags/example_bash_operator.py for tasks to queue
[2023-05-26T22:08:34.382+0400] {logging_mixin.py:149} INFO - [2023-05-26T22:08:34.381+0400] {dagbag.py:541} INFO - Filling up the DagBag from /home/chinnu/.local/lib/python3.10/site-packages/airflow/example_dags/example_bash_operator.py
[2023-05-26T22:08:34.421+0400] {processor.py:836} INFO - DAG(s) dict_keys(['example_bash_operator']) retrieved from /home/chinnu/.local/lib/python3.10/site-packages/airflow/example_dags/example_bash_operator.py
[2023-05-26T22:08:34.494+0400] {logging_mixin.py:149} INFO - [2023-05-26T22:08:34.494+0400] {dag.py:2726} INFO - Sync 1 DAGs
[2023-05-26T22:08:34.539+0400] {logging_mixin.py:149} INFO - [2023-05-26T22:08:34.539+0400] {dag.py:3486} INFO - Setting next_dagrun for example_bash_operator to 2023-05-25T00:00:00+00:00, run_after=2023-05-26T00:00:00+00:00
[2023-05-26T22:08:34.584+0400] {processor.py:179} INFO - Processing /home/chinnu/.local/lib/python3.10/site-packages/airflow/example_dags/example_bash_operator.py took 0.215 seconds
