[2023-05-26T19:39:10.202+0400] {processor.py:157} INFO - Started process (PID=235) to work on /home/chinnu/.local/lib/python3.10/site-packages/airflow/example_dags/example_branch_python_dop_operator_3.py
[2023-05-26T19:39:10.205+0400] {processor.py:826} INFO - Processing file /home/chinnu/.local/lib/python3.10/site-packages/airflow/example_dags/example_branch_python_dop_operator_3.py for tasks to queue
[2023-05-26T19:39:10.206+0400] {logging_mixin.py:149} INFO - [2023-05-26T19:39:10.206+0400] {dagbag.py:541} INFO - Filling up the DagBag from /home/chinnu/.local/lib/python3.10/site-packages/airflow/example_dags/example_branch_python_dop_operator_3.py
[2023-05-26T19:39:10.235+0400] {processor.py:836} INFO - DAG(s) dict_keys(['example_branch_dop_operator_v3']) retrieved from /home/chinnu/.local/lib/python3.10/site-packages/airflow/example_dags/example_branch_python_dop_operator_3.py
[2023-05-26T19:39:10.273+0400] {logging_mixin.py:149} INFO - [2023-05-26T19:39:10.273+0400] {dag.py:2726} INFO - Sync 1 DAGs
[2023-05-26T19:39:10.300+0400] {logging_mixin.py:149} INFO - [2023-05-26T19:39:10.300+0400] {dag.py:3486} INFO - Setting next_dagrun for example_branch_dop_operator_v3 to 2023-05-26T15:38:00+00:00, run_after=2023-05-26T15:39:00+00:00
[2023-05-26T19:39:10.333+0400] {processor.py:179} INFO - Processing /home/chinnu/.local/lib/python3.10/site-packages/airflow/example_dags/example_branch_python_dop_operator_3.py took 0.142 seconds
[2023-05-26T19:40:05.680+0400] {processor.py:157} INFO - Started process (PID=285) to work on /home/chinnu/.local/lib/python3.10/site-packages/airflow/example_dags/example_branch_python_dop_operator_3.py
[2023-05-26T19:40:05.682+0400] {processor.py:826} INFO - Processing file /home/chinnu/.local/lib/python3.10/site-packages/airflow/example_dags/example_branch_python_dop_operator_3.py for tasks to queue
[2023-05-26T19:40:05.683+0400] {logging_mixin.py:149} INFO - [2023-05-26T19:40:05.683+0400] {dagbag.py:541} INFO - Filling up the DagBag from /home/chinnu/.local/lib/python3.10/site-packages/airflow/example_dags/example_branch_python_dop_operator_3.py
[2023-05-26T19:40:05.698+0400] {processor.py:836} INFO - DAG(s) dict_keys(['example_branch_dop_operator_v3']) retrieved from /home/chinnu/.local/lib/python3.10/site-packages/airflow/example_dags/example_branch_python_dop_operator_3.py
[2023-05-26T19:40:05.736+0400] {logging_mixin.py:149} INFO - [2023-05-26T19:40:05.736+0400] {dag.py:2726} INFO - Sync 1 DAGs
[2023-05-26T19:40:05.779+0400] {logging_mixin.py:149} INFO - [2023-05-26T19:40:05.779+0400] {dag.py:3486} INFO - Setting next_dagrun for example_branch_dop_operator_v3 to 2023-05-26T15:39:00+00:00, run_after=2023-05-26T15:40:00+00:00
[2023-05-26T19:40:05.831+0400] {processor.py:179} INFO - Processing /home/chinnu/.local/lib/python3.10/site-packages/airflow/example_dags/example_branch_python_dop_operator_3.py took 0.157 seconds
[2023-05-26T19:42:37.496+0400] {processor.py:157} INFO - Started process (PID=1450) to work on /home/chinnu/.local/lib/python3.10/site-packages/airflow/example_dags/example_branch_python_dop_operator_3.py
[2023-05-26T19:42:37.498+0400] {processor.py:826} INFO - Processing file /home/chinnu/.local/lib/python3.10/site-packages/airflow/example_dags/example_branch_python_dop_operator_3.py for tasks to queue
[2023-05-26T19:42:37.499+0400] {logging_mixin.py:149} INFO - [2023-05-26T19:42:37.499+0400] {dagbag.py:541} INFO - Filling up the DagBag from /home/chinnu/.local/lib/python3.10/site-packages/airflow/example_dags/example_branch_python_dop_operator_3.py
[2023-05-26T19:42:37.518+0400] {processor.py:836} INFO - DAG(s) dict_keys(['example_branch_dop_operator_v3']) retrieved from /home/chinnu/.local/lib/python3.10/site-packages/airflow/example_dags/example_branch_python_dop_operator_3.py
[2023-05-26T19:42:37.563+0400] {logging_mixin.py:149} INFO - [2023-05-26T19:42:37.563+0400] {dag.py:2726} INFO - Sync 1 DAGs
[2023-05-26T19:42:37.744+0400] {logging_mixin.py:149} INFO - [2023-05-26T19:42:37.744+0400] {dag.py:3486} INFO - Setting next_dagrun for example_branch_dop_operator_v3 to 2023-05-26T15:41:00+00:00, run_after=2023-05-26T15:42:00+00:00
[2023-05-26T19:42:37.780+0400] {processor.py:179} INFO - Processing /home/chinnu/.local/lib/python3.10/site-packages/airflow/example_dags/example_branch_python_dop_operator_3.py took 0.295 seconds
[2023-05-26T19:43:51.471+0400] {processor.py:157} INFO - Started process (PID=1510) to work on /home/chinnu/.local/lib/python3.10/site-packages/airflow/example_dags/example_branch_python_dop_operator_3.py
[2023-05-26T19:43:51.477+0400] {processor.py:826} INFO - Processing file /home/chinnu/.local/lib/python3.10/site-packages/airflow/example_dags/example_branch_python_dop_operator_3.py for tasks to queue
[2023-05-26T19:43:51.482+0400] {logging_mixin.py:149} INFO - [2023-05-26T19:43:51.480+0400] {dagbag.py:541} INFO - Filling up the DagBag from /home/chinnu/.local/lib/python3.10/site-packages/airflow/example_dags/example_branch_python_dop_operator_3.py
[2023-05-26T19:43:51.520+0400] {processor.py:836} INFO - DAG(s) dict_keys(['example_branch_dop_operator_v3']) retrieved from /home/chinnu/.local/lib/python3.10/site-packages/airflow/example_dags/example_branch_python_dop_operator_3.py
[2023-05-26T19:43:51.601+0400] {logging_mixin.py:149} INFO - [2023-05-26T19:43:51.600+0400] {dag.py:2726} INFO - Sync 1 DAGs
[2023-05-26T19:43:51.670+0400] {logging_mixin.py:149} INFO - [2023-05-26T19:43:51.670+0400] {dag.py:3486} INFO - Setting next_dagrun for example_branch_dop_operator_v3 to 2023-05-26T15:42:00+00:00, run_after=2023-05-26T15:43:00+00:00
[2023-05-26T19:43:51.716+0400] {processor.py:179} INFO - Processing /home/chinnu/.local/lib/python3.10/site-packages/airflow/example_dags/example_branch_python_dop_operator_3.py took 0.269 seconds
[2023-05-26T19:44:58.084+0400] {processor.py:157} INFO - Started process (PID=1567) to work on /home/chinnu/.local/lib/python3.10/site-packages/airflow/example_dags/example_branch_python_dop_operator_3.py
[2023-05-26T19:44:58.087+0400] {processor.py:826} INFO - Processing file /home/chinnu/.local/lib/python3.10/site-packages/airflow/example_dags/example_branch_python_dop_operator_3.py for tasks to queue
[2023-05-26T19:44:58.089+0400] {logging_mixin.py:149} INFO - [2023-05-26T19:44:58.088+0400] {dagbag.py:541} INFO - Filling up the DagBag from /home/chinnu/.local/lib/python3.10/site-packages/airflow/example_dags/example_branch_python_dop_operator_3.py
[2023-05-26T19:44:58.121+0400] {processor.py:836} INFO - DAG(s) dict_keys(['example_branch_dop_operator_v3']) retrieved from /home/chinnu/.local/lib/python3.10/site-packages/airflow/example_dags/example_branch_python_dop_operator_3.py
[2023-05-26T19:44:58.202+0400] {logging_mixin.py:149} INFO - [2023-05-26T19:44:58.202+0400] {dag.py:2726} INFO - Sync 1 DAGs
[2023-05-26T19:44:58.252+0400] {logging_mixin.py:149} INFO - [2023-05-26T19:44:58.252+0400] {dag.py:3486} INFO - Setting next_dagrun for example_branch_dop_operator_v3 to 2023-05-26T15:43:00+00:00, run_after=2023-05-26T15:44:00+00:00
[2023-05-26T19:44:58.316+0400] {processor.py:179} INFO - Processing /home/chinnu/.local/lib/python3.10/site-packages/airflow/example_dags/example_branch_python_dop_operator_3.py took 0.248 seconds
[2023-05-26T19:45:59.547+0400] {processor.py:157} INFO - Started process (PID=1619) to work on /home/chinnu/.local/lib/python3.10/site-packages/airflow/example_dags/example_branch_python_dop_operator_3.py
[2023-05-26T19:45:59.549+0400] {processor.py:826} INFO - Processing file /home/chinnu/.local/lib/python3.10/site-packages/airflow/example_dags/example_branch_python_dop_operator_3.py for tasks to queue
[2023-05-26T19:45:59.551+0400] {logging_mixin.py:149} INFO - [2023-05-26T19:45:59.550+0400] {dagbag.py:541} INFO - Filling up the DagBag from /home/chinnu/.local/lib/python3.10/site-packages/airflow/example_dags/example_branch_python_dop_operator_3.py
[2023-05-26T19:45:59.568+0400] {processor.py:836} INFO - DAG(s) dict_keys(['example_branch_dop_operator_v3']) retrieved from /home/chinnu/.local/lib/python3.10/site-packages/airflow/example_dags/example_branch_python_dop_operator_3.py
[2023-05-26T19:45:59.606+0400] {logging_mixin.py:149} INFO - [2023-05-26T19:45:59.606+0400] {dag.py:2726} INFO - Sync 1 DAGs
[2023-05-26T19:45:59.648+0400] {logging_mixin.py:149} INFO - [2023-05-26T19:45:59.647+0400] {dag.py:3486} INFO - Setting next_dagrun for example_branch_dop_operator_v3 to 2023-05-26T15:44:00+00:00, run_after=2023-05-26T15:45:00+00:00
[2023-05-26T19:45:59.685+0400] {processor.py:179} INFO - Processing /home/chinnu/.local/lib/python3.10/site-packages/airflow/example_dags/example_branch_python_dop_operator_3.py took 0.150 seconds
[2023-05-26T21:06:01.975+0400] {processor.py:157} INFO - Started process (PID=98) to work on /home/chinnu/.local/lib/python3.10/site-packages/airflow/example_dags/example_branch_python_dop_operator_3.py
[2023-05-26T21:06:01.988+0400] {processor.py:826} INFO - Processing file /home/chinnu/.local/lib/python3.10/site-packages/airflow/example_dags/example_branch_python_dop_operator_3.py for tasks to queue
[2023-05-26T21:06:01.990+0400] {logging_mixin.py:149} INFO - [2023-05-26T21:06:01.990+0400] {dagbag.py:541} INFO - Filling up the DagBag from /home/chinnu/.local/lib/python3.10/site-packages/airflow/example_dags/example_branch_python_dop_operator_3.py
[2023-05-26T21:06:02.040+0400] {processor.py:836} INFO - DAG(s) dict_keys(['example_branch_dop_operator_v3']) retrieved from /home/chinnu/.local/lib/python3.10/site-packages/airflow/example_dags/example_branch_python_dop_operator_3.py
[2023-05-26T21:06:02.155+0400] {logging_mixin.py:149} INFO - [2023-05-26T21:06:02.155+0400] {dag.py:2726} INFO - Sync 1 DAGs
[2023-05-26T21:06:02.588+0400] {logging_mixin.py:149} INFO - [2023-05-26T21:06:02.587+0400] {dag.py:3486} INFO - Setting next_dagrun for example_branch_dop_operator_v3 to 2023-05-26T17:05:00+00:00, run_after=2023-05-26T17:06:00+00:00
[2023-05-26T21:06:02.623+0400] {processor.py:179} INFO - Processing /home/chinnu/.local/lib/python3.10/site-packages/airflow/example_dags/example_branch_python_dop_operator_3.py took 0.665 seconds
[2023-05-26T21:07:09.595+0400] {processor.py:157} INFO - Started process (PID=181) to work on /home/chinnu/.local/lib/python3.10/site-packages/airflow/example_dags/example_branch_python_dop_operator_3.py
[2023-05-26T21:07:09.598+0400] {processor.py:826} INFO - Processing file /home/chinnu/.local/lib/python3.10/site-packages/airflow/example_dags/example_branch_python_dop_operator_3.py for tasks to queue
[2023-05-26T21:07:09.600+0400] {logging_mixin.py:149} INFO - [2023-05-26T21:07:09.599+0400] {dagbag.py:541} INFO - Filling up the DagBag from /home/chinnu/.local/lib/python3.10/site-packages/airflow/example_dags/example_branch_python_dop_operator_3.py
[2023-05-26T21:07:09.618+0400] {processor.py:836} INFO - DAG(s) dict_keys(['example_branch_dop_operator_v3']) retrieved from /home/chinnu/.local/lib/python3.10/site-packages/airflow/example_dags/example_branch_python_dop_operator_3.py
[2023-05-26T21:07:09.660+0400] {logging_mixin.py:149} INFO - [2023-05-26T21:07:09.660+0400] {dag.py:2726} INFO - Sync 1 DAGs
[2023-05-26T21:07:09.687+0400] {logging_mixin.py:149} INFO - [2023-05-26T21:07:09.687+0400] {dag.py:3486} INFO - Setting next_dagrun for example_branch_dop_operator_v3 to 2023-05-26T17:06:00+00:00, run_after=2023-05-26T17:07:00+00:00
[2023-05-26T21:07:09.724+0400] {processor.py:179} INFO - Processing /home/chinnu/.local/lib/python3.10/site-packages/airflow/example_dags/example_branch_python_dop_operator_3.py took 0.146 seconds
[2023-05-26T21:11:05.063+0400] {processor.py:157} INFO - Started process (PID=1941) to work on /home/chinnu/.local/lib/python3.10/site-packages/airflow/example_dags/example_branch_python_dop_operator_3.py
[2023-05-26T21:11:05.066+0400] {processor.py:826} INFO - Processing file /home/chinnu/.local/lib/python3.10/site-packages/airflow/example_dags/example_branch_python_dop_operator_3.py for tasks to queue
[2023-05-26T21:11:05.067+0400] {logging_mixin.py:149} INFO - [2023-05-26T21:11:05.067+0400] {dagbag.py:541} INFO - Filling up the DagBag from /home/chinnu/.local/lib/python3.10/site-packages/airflow/example_dags/example_branch_python_dop_operator_3.py
[2023-05-26T21:11:05.085+0400] {processor.py:836} INFO - DAG(s) dict_keys(['example_branch_dop_operator_v3']) retrieved from /home/chinnu/.local/lib/python3.10/site-packages/airflow/example_dags/example_branch_python_dop_operator_3.py
[2023-05-26T21:11:05.121+0400] {logging_mixin.py:149} INFO - [2023-05-26T21:11:05.121+0400] {dag.py:2726} INFO - Sync 1 DAGs
[2023-05-26T21:11:05.320+0400] {logging_mixin.py:149} INFO - [2023-05-26T21:11:05.320+0400] {dag.py:3486} INFO - Setting next_dagrun for example_branch_dop_operator_v3 to 2023-05-26T17:10:00+00:00, run_after=2023-05-26T17:11:00+00:00
[2023-05-26T21:11:05.372+0400] {processor.py:179} INFO - Processing /home/chinnu/.local/lib/python3.10/site-packages/airflow/example_dags/example_branch_python_dop_operator_3.py took 0.319 seconds
[2023-05-26T21:12:59.282+0400] {processor.py:157} INFO - Started process (PID=2046) to work on /home/chinnu/.local/lib/python3.10/site-packages/airflow/example_dags/example_branch_python_dop_operator_3.py
[2023-05-26T21:12:59.284+0400] {processor.py:826} INFO - Processing file /home/chinnu/.local/lib/python3.10/site-packages/airflow/example_dags/example_branch_python_dop_operator_3.py for tasks to queue
[2023-05-26T21:12:59.287+0400] {logging_mixin.py:149} INFO - [2023-05-26T21:12:59.287+0400] {dagbag.py:541} INFO - Filling up the DagBag from /home/chinnu/.local/lib/python3.10/site-packages/airflow/example_dags/example_branch_python_dop_operator_3.py
[2023-05-26T21:12:59.305+0400] {processor.py:836} INFO - DAG(s) dict_keys(['example_branch_dop_operator_v3']) retrieved from /home/chinnu/.local/lib/python3.10/site-packages/airflow/example_dags/example_branch_python_dop_operator_3.py
[2023-05-26T21:12:59.342+0400] {logging_mixin.py:149} INFO - [2023-05-26T21:12:59.342+0400] {dag.py:2726} INFO - Sync 1 DAGs
[2023-05-26T21:12:59.373+0400] {logging_mixin.py:149} INFO - [2023-05-26T21:12:59.372+0400] {dag.py:3486} INFO - Setting next_dagrun for example_branch_dop_operator_v3 to 2023-05-26T17:11:00+00:00, run_after=2023-05-26T17:12:00+00:00
[2023-05-26T21:12:59.407+0400] {processor.py:179} INFO - Processing /home/chinnu/.local/lib/python3.10/site-packages/airflow/example_dags/example_branch_python_dop_operator_3.py took 0.134 seconds
[2023-05-26T21:13:44.638+0400] {processor.py:157} INFO - Started process (PID=2098) to work on /home/chinnu/.local/lib/python3.10/site-packages/airflow/example_dags/example_branch_python_dop_operator_3.py
[2023-05-26T21:13:44.641+0400] {processor.py:826} INFO - Processing file /home/chinnu/.local/lib/python3.10/site-packages/airflow/example_dags/example_branch_python_dop_operator_3.py for tasks to queue
[2023-05-26T21:13:44.642+0400] {logging_mixin.py:149} INFO - [2023-05-26T21:13:44.642+0400] {dagbag.py:541} INFO - Filling up the DagBag from /home/chinnu/.local/lib/python3.10/site-packages/airflow/example_dags/example_branch_python_dop_operator_3.py
[2023-05-26T21:13:44.673+0400] {processor.py:836} INFO - DAG(s) dict_keys(['example_branch_dop_operator_v3']) retrieved from /home/chinnu/.local/lib/python3.10/site-packages/airflow/example_dags/example_branch_python_dop_operator_3.py
[2023-05-26T21:13:44.733+0400] {logging_mixin.py:149} INFO - [2023-05-26T21:13:44.733+0400] {dag.py:2726} INFO - Sync 1 DAGs
[2023-05-26T21:13:44.762+0400] {logging_mixin.py:149} INFO - [2023-05-26T21:13:44.762+0400] {dag.py:3486} INFO - Setting next_dagrun for example_branch_dop_operator_v3 to 2023-05-26T17:12:00+00:00, run_after=2023-05-26T17:13:00+00:00
[2023-05-26T21:13:44.793+0400] {processor.py:179} INFO - Processing /home/chinnu/.local/lib/python3.10/site-packages/airflow/example_dags/example_branch_python_dop_operator_3.py took 0.170 seconds
[2023-05-26T21:14:29.834+0400] {processor.py:157} INFO - Started process (PID=2151) to work on /home/chinnu/.local/lib/python3.10/site-packages/airflow/example_dags/example_branch_python_dop_operator_3.py
[2023-05-26T21:14:29.836+0400] {processor.py:826} INFO - Processing file /home/chinnu/.local/lib/python3.10/site-packages/airflow/example_dags/example_branch_python_dop_operator_3.py for tasks to queue
[2023-05-26T21:14:29.837+0400] {logging_mixin.py:149} INFO - [2023-05-26T21:14:29.837+0400] {dagbag.py:541} INFO - Filling up the DagBag from /home/chinnu/.local/lib/python3.10/site-packages/airflow/example_dags/example_branch_python_dop_operator_3.py
[2023-05-26T21:14:29.857+0400] {processor.py:836} INFO - DAG(s) dict_keys(['example_branch_dop_operator_v3']) retrieved from /home/chinnu/.local/lib/python3.10/site-packages/airflow/example_dags/example_branch_python_dop_operator_3.py
[2023-05-26T21:14:29.893+0400] {logging_mixin.py:149} INFO - [2023-05-26T21:14:29.893+0400] {dag.py:2726} INFO - Sync 1 DAGs
[2023-05-26T21:14:29.923+0400] {logging_mixin.py:149} INFO - [2023-05-26T21:14:29.923+0400] {dag.py:3486} INFO - Setting next_dagrun for example_branch_dop_operator_v3 to 2023-05-26T17:13:00+00:00, run_after=2023-05-26T17:14:00+00:00
[2023-05-26T21:14:29.957+0400] {processor.py:179} INFO - Processing /home/chinnu/.local/lib/python3.10/site-packages/airflow/example_dags/example_branch_python_dop_operator_3.py took 0.133 seconds
[2023-05-26T21:15:19.299+0400] {processor.py:157} INFO - Started process (PID=9409) to work on /home/chinnu/.local/lib/python3.10/site-packages/airflow/example_dags/example_branch_python_dop_operator_3.py
[2023-05-26T21:15:19.302+0400] {processor.py:826} INFO - Processing file /home/chinnu/.local/lib/python3.10/site-packages/airflow/example_dags/example_branch_python_dop_operator_3.py for tasks to queue
[2023-05-26T21:15:19.304+0400] {logging_mixin.py:149} INFO - [2023-05-26T21:15:19.304+0400] {dagbag.py:541} INFO - Filling up the DagBag from /home/chinnu/.local/lib/python3.10/site-packages/airflow/example_dags/example_branch_python_dop_operator_3.py
[2023-05-26T21:15:19.333+0400] {processor.py:836} INFO - DAG(s) dict_keys(['example_branch_dop_operator_v3']) retrieved from /home/chinnu/.local/lib/python3.10/site-packages/airflow/example_dags/example_branch_python_dop_operator_3.py
[2023-05-26T21:15:19.419+0400] {logging_mixin.py:149} INFO - [2023-05-26T21:15:19.419+0400] {dag.py:2726} INFO - Sync 1 DAGs
[2023-05-26T21:15:19.517+0400] {logging_mixin.py:149} INFO - [2023-05-26T21:15:19.517+0400] {dag.py:3486} INFO - Setting next_dagrun for example_branch_dop_operator_v3 to 2023-05-26T17:14:00+00:00, run_after=2023-05-26T17:15:00+00:00
[2023-05-26T21:15:19.597+0400] {processor.py:179} INFO - Processing /home/chinnu/.local/lib/python3.10/site-packages/airflow/example_dags/example_branch_python_dop_operator_3.py took 0.304 seconds
[2023-05-26T21:16:09.899+0400] {processor.py:157} INFO - Started process (PID=9484) to work on /home/chinnu/.local/lib/python3.10/site-packages/airflow/example_dags/example_branch_python_dop_operator_3.py
[2023-05-26T21:16:09.908+0400] {processor.py:826} INFO - Processing file /home/chinnu/.local/lib/python3.10/site-packages/airflow/example_dags/example_branch_python_dop_operator_3.py for tasks to queue
[2023-05-26T21:16:09.909+0400] {logging_mixin.py:149} INFO - [2023-05-26T21:16:09.909+0400] {dagbag.py:541} INFO - Filling up the DagBag from /home/chinnu/.local/lib/python3.10/site-packages/airflow/example_dags/example_branch_python_dop_operator_3.py
[2023-05-26T21:16:09.949+0400] {processor.py:836} INFO - DAG(s) dict_keys(['example_branch_dop_operator_v3']) retrieved from /home/chinnu/.local/lib/python3.10/site-packages/airflow/example_dags/example_branch_python_dop_operator_3.py
[2023-05-26T21:16:10.042+0400] {logging_mixin.py:149} INFO - [2023-05-26T21:16:10.042+0400] {dag.py:2726} INFO - Sync 1 DAGs
[2023-05-26T21:16:10.118+0400] {logging_mixin.py:149} INFO - [2023-05-26T21:16:10.118+0400] {dag.py:3486} INFO - Setting next_dagrun for example_branch_dop_operator_v3 to 2023-05-26T17:15:00+00:00, run_after=2023-05-26T17:16:00+00:00
[2023-05-26T21:16:10.183+0400] {processor.py:179} INFO - Processing /home/chinnu/.local/lib/python3.10/site-packages/airflow/example_dags/example_branch_python_dop_operator_3.py took 0.332 seconds
[2023-05-26T21:17:37.690+0400] {processor.py:157} INFO - Started process (PID=16778) to work on /home/chinnu/.local/lib/python3.10/site-packages/airflow/example_dags/example_branch_python_dop_operator_3.py
[2023-05-26T21:17:37.694+0400] {processor.py:826} INFO - Processing file /home/chinnu/.local/lib/python3.10/site-packages/airflow/example_dags/example_branch_python_dop_operator_3.py for tasks to queue
[2023-05-26T21:17:37.696+0400] {logging_mixin.py:149} INFO - [2023-05-26T21:17:37.695+0400] {dagbag.py:541} INFO - Filling up the DagBag from /home/chinnu/.local/lib/python3.10/site-packages/airflow/example_dags/example_branch_python_dop_operator_3.py
[2023-05-26T21:17:37.722+0400] {processor.py:836} INFO - DAG(s) dict_keys(['example_branch_dop_operator_v3']) retrieved from /home/chinnu/.local/lib/python3.10/site-packages/airflow/example_dags/example_branch_python_dop_operator_3.py
[2023-05-26T21:17:37.762+0400] {logging_mixin.py:149} INFO - [2023-05-26T21:17:37.762+0400] {dag.py:2726} INFO - Sync 1 DAGs
[2023-05-26T21:17:37.790+0400] {logging_mixin.py:149} INFO - [2023-05-26T21:17:37.790+0400] {dag.py:3486} INFO - Setting next_dagrun for example_branch_dop_operator_v3 to 2023-05-26T17:16:00+00:00, run_after=2023-05-26T17:17:00+00:00
[2023-05-26T21:17:37.838+0400] {processor.py:179} INFO - Processing /home/chinnu/.local/lib/python3.10/site-packages/airflow/example_dags/example_branch_python_dop_operator_3.py took 0.162 seconds
[2023-05-26T21:19:20.563+0400] {processor.py:157} INFO - Started process (PID=16871) to work on /home/chinnu/.local/lib/python3.10/site-packages/airflow/example_dags/example_branch_python_dop_operator_3.py
[2023-05-26T21:19:20.568+0400] {processor.py:826} INFO - Processing file /home/chinnu/.local/lib/python3.10/site-packages/airflow/example_dags/example_branch_python_dop_operator_3.py for tasks to queue
[2023-05-26T21:19:20.577+0400] {logging_mixin.py:149} INFO - [2023-05-26T21:19:20.576+0400] {dagbag.py:541} INFO - Filling up the DagBag from /home/chinnu/.local/lib/python3.10/site-packages/airflow/example_dags/example_branch_python_dop_operator_3.py
[2023-05-26T21:19:20.644+0400] {processor.py:836} INFO - DAG(s) dict_keys(['example_branch_dop_operator_v3']) retrieved from /home/chinnu/.local/lib/python3.10/site-packages/airflow/example_dags/example_branch_python_dop_operator_3.py
[2023-05-26T21:19:20.790+0400] {logging_mixin.py:149} INFO - [2023-05-26T21:19:20.790+0400] {dag.py:2726} INFO - Sync 1 DAGs
[2023-05-26T21:19:21.208+0400] {logging_mixin.py:149} INFO - [2023-05-26T21:19:21.207+0400] {dag.py:3486} INFO - Setting next_dagrun for example_branch_dop_operator_v3 to 2023-05-26T17:18:00+00:00, run_after=2023-05-26T17:19:00+00:00
[2023-05-26T21:19:21.265+0400] {processor.py:179} INFO - Processing /home/chinnu/.local/lib/python3.10/site-packages/airflow/example_dags/example_branch_python_dop_operator_3.py took 0.729 seconds
[2023-05-26T21:20:33.350+0400] {processor.py:157} INFO - Started process (PID=16954) to work on /home/chinnu/.local/lib/python3.10/site-packages/airflow/example_dags/example_branch_python_dop_operator_3.py
[2023-05-26T21:20:33.352+0400] {processor.py:826} INFO - Processing file /home/chinnu/.local/lib/python3.10/site-packages/airflow/example_dags/example_branch_python_dop_operator_3.py for tasks to queue
[2023-05-26T21:20:33.353+0400] {logging_mixin.py:149} INFO - [2023-05-26T21:20:33.353+0400] {dagbag.py:541} INFO - Filling up the DagBag from /home/chinnu/.local/lib/python3.10/site-packages/airflow/example_dags/example_branch_python_dop_operator_3.py
[2023-05-26T21:20:33.374+0400] {processor.py:836} INFO - DAG(s) dict_keys(['example_branch_dop_operator_v3']) retrieved from /home/chinnu/.local/lib/python3.10/site-packages/airflow/example_dags/example_branch_python_dop_operator_3.py
[2023-05-26T21:20:33.431+0400] {logging_mixin.py:149} INFO - [2023-05-26T21:20:33.431+0400] {dag.py:2726} INFO - Sync 1 DAGs
[2023-05-26T21:20:33.480+0400] {logging_mixin.py:149} INFO - [2023-05-26T21:20:33.480+0400] {dag.py:3486} INFO - Setting next_dagrun for example_branch_dop_operator_v3 to 2023-05-26T17:19:00+00:00, run_after=2023-05-26T17:20:00+00:00
[2023-05-26T21:20:33.529+0400] {processor.py:179} INFO - Processing /home/chinnu/.local/lib/python3.10/site-packages/airflow/example_dags/example_branch_python_dop_operator_3.py took 0.189 seconds
[2023-05-26T21:21:16.701+0400] {processor.py:157} INFO - Started process (PID=17004) to work on /home/chinnu/.local/lib/python3.10/site-packages/airflow/example_dags/example_branch_python_dop_operator_3.py
[2023-05-26T21:21:16.704+0400] {processor.py:826} INFO - Processing file /home/chinnu/.local/lib/python3.10/site-packages/airflow/example_dags/example_branch_python_dop_operator_3.py for tasks to queue
[2023-05-26T21:21:16.706+0400] {logging_mixin.py:149} INFO - [2023-05-26T21:21:16.706+0400] {dagbag.py:541} INFO - Filling up the DagBag from /home/chinnu/.local/lib/python3.10/site-packages/airflow/example_dags/example_branch_python_dop_operator_3.py
[2023-05-26T21:21:16.735+0400] {processor.py:836} INFO - DAG(s) dict_keys(['example_branch_dop_operator_v3']) retrieved from /home/chinnu/.local/lib/python3.10/site-packages/airflow/example_dags/example_branch_python_dop_operator_3.py
[2023-05-26T21:21:16.779+0400] {logging_mixin.py:149} INFO - [2023-05-26T21:21:16.779+0400] {dag.py:2726} INFO - Sync 1 DAGs
[2023-05-26T21:21:16.812+0400] {logging_mixin.py:149} INFO - [2023-05-26T21:21:16.812+0400] {dag.py:3486} INFO - Setting next_dagrun for example_branch_dop_operator_v3 to 2023-05-26T17:20:00+00:00, run_after=2023-05-26T17:21:00+00:00
[2023-05-26T21:21:16.851+0400] {processor.py:179} INFO - Processing /home/chinnu/.local/lib/python3.10/site-packages/airflow/example_dags/example_branch_python_dop_operator_3.py took 0.164 seconds
[2023-05-26T21:22:00.509+0400] {processor.py:157} INFO - Started process (PID=17054) to work on /home/chinnu/.local/lib/python3.10/site-packages/airflow/example_dags/example_branch_python_dop_operator_3.py
[2023-05-26T21:22:00.513+0400] {processor.py:826} INFO - Processing file /home/chinnu/.local/lib/python3.10/site-packages/airflow/example_dags/example_branch_python_dop_operator_3.py for tasks to queue
[2023-05-26T21:22:00.515+0400] {logging_mixin.py:149} INFO - [2023-05-26T21:22:00.514+0400] {dagbag.py:541} INFO - Filling up the DagBag from /home/chinnu/.local/lib/python3.10/site-packages/airflow/example_dags/example_branch_python_dop_operator_3.py
[2023-05-26T21:22:00.552+0400] {processor.py:836} INFO - DAG(s) dict_keys(['example_branch_dop_operator_v3']) retrieved from /home/chinnu/.local/lib/python3.10/site-packages/airflow/example_dags/example_branch_python_dop_operator_3.py
[2023-05-26T21:22:00.643+0400] {logging_mixin.py:149} INFO - [2023-05-26T21:22:00.643+0400] {dag.py:2726} INFO - Sync 1 DAGs
[2023-05-26T21:22:00.716+0400] {logging_mixin.py:149} INFO - [2023-05-26T21:22:00.716+0400] {dag.py:3486} INFO - Setting next_dagrun for example_branch_dop_operator_v3 to 2023-05-26T17:21:00+00:00, run_after=2023-05-26T17:22:00+00:00
[2023-05-26T21:22:00.785+0400] {processor.py:179} INFO - Processing /home/chinnu/.local/lib/python3.10/site-packages/airflow/example_dags/example_branch_python_dop_operator_3.py took 0.293 seconds
[2023-05-26T21:22:49.595+0400] {processor.py:157} INFO - Started process (PID=17116) to work on /home/chinnu/.local/lib/python3.10/site-packages/airflow/example_dags/example_branch_python_dop_operator_3.py
[2023-05-26T21:22:49.598+0400] {processor.py:826} INFO - Processing file /home/chinnu/.local/lib/python3.10/site-packages/airflow/example_dags/example_branch_python_dop_operator_3.py for tasks to queue
[2023-05-26T21:22:49.599+0400] {logging_mixin.py:149} INFO - [2023-05-26T21:22:49.599+0400] {dagbag.py:541} INFO - Filling up the DagBag from /home/chinnu/.local/lib/python3.10/site-packages/airflow/example_dags/example_branch_python_dop_operator_3.py
[2023-05-26T21:22:49.618+0400] {processor.py:836} INFO - DAG(s) dict_keys(['example_branch_dop_operator_v3']) retrieved from /home/chinnu/.local/lib/python3.10/site-packages/airflow/example_dags/example_branch_python_dop_operator_3.py
[2023-05-26T21:22:49.707+0400] {logging_mixin.py:149} INFO - [2023-05-26T21:22:49.707+0400] {dag.py:2726} INFO - Sync 1 DAGs
[2023-05-26T21:22:49.740+0400] {logging_mixin.py:149} INFO - [2023-05-26T21:22:49.740+0400] {dag.py:3486} INFO - Setting next_dagrun for example_branch_dop_operator_v3 to 2023-05-26T17:21:00+00:00, run_after=2023-05-26T17:22:00+00:00
[2023-05-26T21:22:49.772+0400] {processor.py:179} INFO - Processing /home/chinnu/.local/lib/python3.10/site-packages/airflow/example_dags/example_branch_python_dop_operator_3.py took 0.192 seconds
[2023-05-26T21:23:40.340+0400] {processor.py:157} INFO - Started process (PID=17177) to work on /home/chinnu/.local/lib/python3.10/site-packages/airflow/example_dags/example_branch_python_dop_operator_3.py
[2023-05-26T21:23:40.342+0400] {processor.py:826} INFO - Processing file /home/chinnu/.local/lib/python3.10/site-packages/airflow/example_dags/example_branch_python_dop_operator_3.py for tasks to queue
[2023-05-26T21:23:40.343+0400] {logging_mixin.py:149} INFO - [2023-05-26T21:23:40.342+0400] {dagbag.py:541} INFO - Filling up the DagBag from /home/chinnu/.local/lib/python3.10/site-packages/airflow/example_dags/example_branch_python_dop_operator_3.py
[2023-05-26T21:23:40.355+0400] {processor.py:836} INFO - DAG(s) dict_keys(['example_branch_dop_operator_v3']) retrieved from /home/chinnu/.local/lib/python3.10/site-packages/airflow/example_dags/example_branch_python_dop_operator_3.py
[2023-05-26T21:23:40.390+0400] {logging_mixin.py:149} INFO - [2023-05-26T21:23:40.390+0400] {dag.py:2726} INFO - Sync 1 DAGs
[2023-05-26T21:23:40.418+0400] {logging_mixin.py:149} INFO - [2023-05-26T21:23:40.418+0400] {dag.py:3486} INFO - Setting next_dagrun for example_branch_dop_operator_v3 to 2023-05-26T17:22:00+00:00, run_after=2023-05-26T17:23:00+00:00
[2023-05-26T21:23:40.444+0400] {processor.py:179} INFO - Processing /home/chinnu/.local/lib/python3.10/site-packages/airflow/example_dags/example_branch_python_dop_operator_3.py took 0.111 seconds
[2023-05-26T21:24:29.165+0400] {processor.py:157} INFO - Started process (PID=17236) to work on /home/chinnu/.local/lib/python3.10/site-packages/airflow/example_dags/example_branch_python_dop_operator_3.py
[2023-05-26T21:24:29.167+0400] {processor.py:826} INFO - Processing file /home/chinnu/.local/lib/python3.10/site-packages/airflow/example_dags/example_branch_python_dop_operator_3.py for tasks to queue
[2023-05-26T21:24:29.168+0400] {logging_mixin.py:149} INFO - [2023-05-26T21:24:29.168+0400] {dagbag.py:541} INFO - Filling up the DagBag from /home/chinnu/.local/lib/python3.10/site-packages/airflow/example_dags/example_branch_python_dop_operator_3.py
[2023-05-26T21:24:29.184+0400] {processor.py:836} INFO - DAG(s) dict_keys(['example_branch_dop_operator_v3']) retrieved from /home/chinnu/.local/lib/python3.10/site-packages/airflow/example_dags/example_branch_python_dop_operator_3.py
[2023-05-26T21:24:29.224+0400] {logging_mixin.py:149} INFO - [2023-05-26T21:24:29.224+0400] {dag.py:2726} INFO - Sync 1 DAGs
[2023-05-26T21:24:29.254+0400] {logging_mixin.py:149} INFO - [2023-05-26T21:24:29.254+0400] {dag.py:3486} INFO - Setting next_dagrun for example_branch_dop_operator_v3 to 2023-05-26T17:23:00+00:00, run_after=2023-05-26T17:24:00+00:00
[2023-05-26T21:24:29.289+0400] {processor.py:179} INFO - Processing /home/chinnu/.local/lib/python3.10/site-packages/airflow/example_dags/example_branch_python_dop_operator_3.py took 0.132 seconds
[2023-05-26T21:25:16.595+0400] {processor.py:157} INFO - Started process (PID=17298) to work on /home/chinnu/.local/lib/python3.10/site-packages/airflow/example_dags/example_branch_python_dop_operator_3.py
[2023-05-26T21:25:16.597+0400] {processor.py:826} INFO - Processing file /home/chinnu/.local/lib/python3.10/site-packages/airflow/example_dags/example_branch_python_dop_operator_3.py for tasks to queue
[2023-05-26T21:25:16.598+0400] {logging_mixin.py:149} INFO - [2023-05-26T21:25:16.598+0400] {dagbag.py:541} INFO - Filling up the DagBag from /home/chinnu/.local/lib/python3.10/site-packages/airflow/example_dags/example_branch_python_dop_operator_3.py
[2023-05-26T21:25:16.616+0400] {processor.py:836} INFO - DAG(s) dict_keys(['example_branch_dop_operator_v3']) retrieved from /home/chinnu/.local/lib/python3.10/site-packages/airflow/example_dags/example_branch_python_dop_operator_3.py
[2023-05-26T21:25:16.666+0400] {logging_mixin.py:149} INFO - [2023-05-26T21:25:16.666+0400] {dag.py:2726} INFO - Sync 1 DAGs
[2023-05-26T21:25:16.708+0400] {logging_mixin.py:149} INFO - [2023-05-26T21:25:16.708+0400] {dag.py:3486} INFO - Setting next_dagrun for example_branch_dop_operator_v3 to 2023-05-26T17:24:00+00:00, run_after=2023-05-26T17:25:00+00:00
[2023-05-26T21:25:16.747+0400] {processor.py:179} INFO - Processing /home/chinnu/.local/lib/python3.10/site-packages/airflow/example_dags/example_branch_python_dop_operator_3.py took 0.159 seconds
[2023-05-26T21:48:49.120+0400] {processor.py:157} INFO - Started process (PID=103) to work on /home/chinnu/.local/lib/python3.10/site-packages/airflow/example_dags/example_branch_python_dop_operator_3.py
[2023-05-26T21:48:49.124+0400] {processor.py:826} INFO - Processing file /home/chinnu/.local/lib/python3.10/site-packages/airflow/example_dags/example_branch_python_dop_operator_3.py for tasks to queue
[2023-05-26T21:48:49.125+0400] {logging_mixin.py:149} INFO - [2023-05-26T21:48:49.125+0400] {dagbag.py:541} INFO - Filling up the DagBag from /home/chinnu/.local/lib/python3.10/site-packages/airflow/example_dags/example_branch_python_dop_operator_3.py
[2023-05-26T21:48:49.148+0400] {processor.py:836} INFO - DAG(s) dict_keys(['example_branch_dop_operator_v3']) retrieved from /home/chinnu/.local/lib/python3.10/site-packages/airflow/example_dags/example_branch_python_dop_operator_3.py
[2023-05-26T21:48:49.221+0400] {logging_mixin.py:149} INFO - [2023-05-26T21:48:49.220+0400] {dag.py:2726} INFO - Sync 1 DAGs
[2023-05-26T21:48:49.257+0400] {logging_mixin.py:149} INFO - [2023-05-26T21:48:49.257+0400] {dag.py:3486} INFO - Setting next_dagrun for example_branch_dop_operator_v3 to 2023-05-26T17:47:00+00:00, run_after=2023-05-26T17:48:00+00:00
[2023-05-26T21:48:49.292+0400] {processor.py:179} INFO - Processing /home/chinnu/.local/lib/python3.10/site-packages/airflow/example_dags/example_branch_python_dop_operator_3.py took 0.183 seconds
[2023-05-26T21:52:55.340+0400] {processor.py:157} INFO - Started process (PID=84) to work on /home/chinnu/.local/lib/python3.10/site-packages/airflow/example_dags/example_branch_python_dop_operator_3.py
[2023-05-26T21:52:55.342+0400] {processor.py:826} INFO - Processing file /home/chinnu/.local/lib/python3.10/site-packages/airflow/example_dags/example_branch_python_dop_operator_3.py for tasks to queue
[2023-05-26T21:52:55.342+0400] {logging_mixin.py:149} INFO - [2023-05-26T21:52:55.342+0400] {dagbag.py:541} INFO - Filling up the DagBag from /home/chinnu/.local/lib/python3.10/site-packages/airflow/example_dags/example_branch_python_dop_operator_3.py
[2023-05-26T21:52:55.355+0400] {processor.py:836} INFO - DAG(s) dict_keys(['example_branch_dop_operator_v3']) retrieved from /home/chinnu/.local/lib/python3.10/site-packages/airflow/example_dags/example_branch_python_dop_operator_3.py
[2023-05-26T21:52:55.389+0400] {logging_mixin.py:149} INFO - [2023-05-26T21:52:55.388+0400] {dag.py:2726} INFO - Sync 1 DAGs
[2023-05-26T21:52:55.544+0400] {logging_mixin.py:149} INFO - [2023-05-26T21:52:55.544+0400] {dag.py:3486} INFO - Setting next_dagrun for example_branch_dop_operator_v3 to 2023-05-26T17:51:00+00:00, run_after=2023-05-26T17:52:00+00:00
[2023-05-26T21:52:55.572+0400] {processor.py:179} INFO - Processing /home/chinnu/.local/lib/python3.10/site-packages/airflow/example_dags/example_branch_python_dop_operator_3.py took 0.238 seconds
[2023-05-26T21:53:54.742+0400] {processor.py:157} INFO - Started process (PID=137) to work on /home/chinnu/.local/lib/python3.10/site-packages/airflow/example_dags/example_branch_python_dop_operator_3.py
[2023-05-26T21:53:54.746+0400] {processor.py:826} INFO - Processing file /home/chinnu/.local/lib/python3.10/site-packages/airflow/example_dags/example_branch_python_dop_operator_3.py for tasks to queue
[2023-05-26T21:53:54.748+0400] {logging_mixin.py:149} INFO - [2023-05-26T21:53:54.748+0400] {dagbag.py:541} INFO - Filling up the DagBag from /home/chinnu/.local/lib/python3.10/site-packages/airflow/example_dags/example_branch_python_dop_operator_3.py
[2023-05-26T21:53:54.780+0400] {processor.py:836} INFO - DAG(s) dict_keys(['example_branch_dop_operator_v3']) retrieved from /home/chinnu/.local/lib/python3.10/site-packages/airflow/example_dags/example_branch_python_dop_operator_3.py
[2023-05-26T21:53:54.872+0400] {logging_mixin.py:149} INFO - [2023-05-26T21:53:54.871+0400] {dag.py:2726} INFO - Sync 1 DAGs
[2023-05-26T21:53:54.974+0400] {logging_mixin.py:149} INFO - [2023-05-26T21:53:54.974+0400] {dag.py:3486} INFO - Setting next_dagrun for example_branch_dop_operator_v3 to 2023-05-26T17:52:00+00:00, run_after=2023-05-26T17:53:00+00:00
[2023-05-26T21:53:55.030+0400] {processor.py:179} INFO - Processing /home/chinnu/.local/lib/python3.10/site-packages/airflow/example_dags/example_branch_python_dop_operator_3.py took 0.303 seconds
[2023-05-26T22:06:44.391+0400] {processor.py:157} INFO - Started process (PID=2553) to work on /home/chinnu/.local/lib/python3.10/site-packages/airflow/example_dags/example_branch_python_dop_operator_3.py
[2023-05-26T22:06:44.402+0400] {processor.py:826} INFO - Processing file /home/chinnu/.local/lib/python3.10/site-packages/airflow/example_dags/example_branch_python_dop_operator_3.py for tasks to queue
[2023-05-26T22:06:44.405+0400] {logging_mixin.py:149} INFO - [2023-05-26T22:06:44.404+0400] {dagbag.py:541} INFO - Filling up the DagBag from /home/chinnu/.local/lib/python3.10/site-packages/airflow/example_dags/example_branch_python_dop_operator_3.py
[2023-05-26T22:06:44.432+0400] {processor.py:836} INFO - DAG(s) dict_keys(['example_branch_dop_operator_v3']) retrieved from /home/chinnu/.local/lib/python3.10/site-packages/airflow/example_dags/example_branch_python_dop_operator_3.py
[2023-05-26T22:06:44.521+0400] {logging_mixin.py:149} INFO - [2023-05-26T22:06:44.520+0400] {dag.py:2726} INFO - Sync 1 DAGs
[2023-05-26T22:06:44.956+0400] {logging_mixin.py:149} INFO - [2023-05-26T22:06:44.955+0400] {dag.py:3486} INFO - Setting next_dagrun for example_branch_dop_operator_v3 to 2023-05-26T18:05:00+00:00, run_after=2023-05-26T18:06:00+00:00
[2023-05-26T22:06:45.092+0400] {processor.py:179} INFO - Processing /home/chinnu/.local/lib/python3.10/site-packages/airflow/example_dags/example_branch_python_dop_operator_3.py took 0.715 seconds
[2023-05-26T22:08:25.466+0400] {processor.py:157} INFO - Started process (PID=2620) to work on /home/chinnu/.local/lib/python3.10/site-packages/airflow/example_dags/example_branch_python_dop_operator_3.py
[2023-05-26T22:08:25.470+0400] {processor.py:826} INFO - Processing file /home/chinnu/.local/lib/python3.10/site-packages/airflow/example_dags/example_branch_python_dop_operator_3.py for tasks to queue
[2023-05-26T22:08:25.473+0400] {logging_mixin.py:149} INFO - [2023-05-26T22:08:25.473+0400] {dagbag.py:541} INFO - Filling up the DagBag from /home/chinnu/.local/lib/python3.10/site-packages/airflow/example_dags/example_branch_python_dop_operator_3.py
[2023-05-26T22:08:25.524+0400] {processor.py:836} INFO - DAG(s) dict_keys(['example_branch_dop_operator_v3']) retrieved from /home/chinnu/.local/lib/python3.10/site-packages/airflow/example_dags/example_branch_python_dop_operator_3.py
[2023-05-26T22:08:25.655+0400] {logging_mixin.py:149} INFO - [2023-05-26T22:08:25.655+0400] {dag.py:2726} INFO - Sync 1 DAGs
[2023-05-26T22:08:25.796+0400] {logging_mixin.py:149} INFO - [2023-05-26T22:08:25.796+0400] {dag.py:3486} INFO - Setting next_dagrun for example_branch_dop_operator_v3 to 2023-05-26T18:07:00+00:00, run_after=2023-05-26T18:08:00+00:00
[2023-05-26T22:08:25.900+0400] {processor.py:179} INFO - Processing /home/chinnu/.local/lib/python3.10/site-packages/airflow/example_dags/example_branch_python_dop_operator_3.py took 0.455 seconds
