[2023-05-26T19:38:36.921+0400] {processor.py:157} INFO - Started process (PID=207) to work on /home/chinnu/.local/lib/python3.10/site-packages/airflow/example_dags/example_trigger_controller_dag.py
[2023-05-26T19:38:36.924+0400] {processor.py:826} INFO - Processing file /home/chinnu/.local/lib/python3.10/site-packages/airflow/example_dags/example_trigger_controller_dag.py for tasks to queue
[2023-05-26T19:38:36.926+0400] {logging_mixin.py:149} INFO - [2023-05-26T19:38:36.926+0400] {dagbag.py:541} INFO - Filling up the DagBag from /home/chinnu/.local/lib/python3.10/site-packages/airflow/example_dags/example_trigger_controller_dag.py
[2023-05-26T19:38:36.949+0400] {processor.py:836} INFO - DAG(s) dict_keys(['example_trigger_controller_dag']) retrieved from /home/chinnu/.local/lib/python3.10/site-packages/airflow/example_dags/example_trigger_controller_dag.py
[2023-05-26T19:38:37.029+0400] {logging_mixin.py:149} INFO - [2023-05-26T19:38:37.029+0400] {dag.py:2726} INFO - Sync 1 DAGs
[2023-05-26T19:38:37.058+0400] {logging_mixin.py:149} INFO - [2023-05-26T19:38:37.058+0400] {dag.py:3486} INFO - Setting next_dagrun for example_trigger_controller_dag to 2021-01-01T00:00:00+00:00, run_after=2021-01-01T00:00:00+00:00
[2023-05-26T19:38:37.094+0400] {processor.py:179} INFO - Processing /home/chinnu/.local/lib/python3.10/site-packages/airflow/example_dags/example_trigger_controller_dag.py took 0.184 seconds
[2023-05-26T19:39:35.057+0400] {processor.py:157} INFO - Started process (PID=258) to work on /home/chinnu/.local/lib/python3.10/site-packages/airflow/example_dags/example_trigger_controller_dag.py
[2023-05-26T19:39:35.060+0400] {processor.py:826} INFO - Processing file /home/chinnu/.local/lib/python3.10/site-packages/airflow/example_dags/example_trigger_controller_dag.py for tasks to queue
[2023-05-26T19:39:35.062+0400] {logging_mixin.py:149} INFO - [2023-05-26T19:39:35.062+0400] {dagbag.py:541} INFO - Filling up the DagBag from /home/chinnu/.local/lib/python3.10/site-packages/airflow/example_dags/example_trigger_controller_dag.py
[2023-05-26T19:39:35.083+0400] {processor.py:836} INFO - DAG(s) dict_keys(['example_trigger_controller_dag']) retrieved from /home/chinnu/.local/lib/python3.10/site-packages/airflow/example_dags/example_trigger_controller_dag.py
[2023-05-26T19:39:35.142+0400] {logging_mixin.py:149} INFO - [2023-05-26T19:39:35.142+0400] {dag.py:2726} INFO - Sync 1 DAGs
[2023-05-26T19:39:35.165+0400] {logging_mixin.py:149} INFO - [2023-05-26T19:39:35.165+0400] {dag.py:3486} INFO - Setting next_dagrun for example_trigger_controller_dag to 2021-01-01T00:00:00+00:00, run_after=2021-01-01T00:00:00+00:00
[2023-05-26T19:39:35.197+0400] {processor.py:179} INFO - Processing /home/chinnu/.local/lib/python3.10/site-packages/airflow/example_dags/example_trigger_controller_dag.py took 0.153 seconds
[2023-05-26T19:40:23.999+0400] {processor.py:157} INFO - Started process (PID=818) to work on /home/chinnu/.local/lib/python3.10/site-packages/airflow/example_dags/example_trigger_controller_dag.py
[2023-05-26T19:40:24.002+0400] {processor.py:826} INFO - Processing file /home/chinnu/.local/lib/python3.10/site-packages/airflow/example_dags/example_trigger_controller_dag.py for tasks to queue
[2023-05-26T19:40:24.004+0400] {logging_mixin.py:149} INFO - [2023-05-26T19:40:24.004+0400] {dagbag.py:541} INFO - Filling up the DagBag from /home/chinnu/.local/lib/python3.10/site-packages/airflow/example_dags/example_trigger_controller_dag.py
[2023-05-26T19:40:24.013+0400] {processor.py:836} INFO - DAG(s) dict_keys(['example_trigger_controller_dag']) retrieved from /home/chinnu/.local/lib/python3.10/site-packages/airflow/example_dags/example_trigger_controller_dag.py
[2023-05-26T19:40:24.051+0400] {logging_mixin.py:149} INFO - [2023-05-26T19:40:24.050+0400] {dag.py:2726} INFO - Sync 1 DAGs
[2023-05-26T19:40:24.071+0400] {logging_mixin.py:149} INFO - [2023-05-26T19:40:24.070+0400] {dag.py:3486} INFO - Setting next_dagrun for example_trigger_controller_dag to 2021-01-01T00:00:00+00:00, run_after=2021-01-01T00:00:00+00:00
[2023-05-26T19:40:24.103+0400] {processor.py:179} INFO - Processing /home/chinnu/.local/lib/python3.10/site-packages/airflow/example_dags/example_trigger_controller_dag.py took 0.117 seconds
[2023-05-26T19:41:34.567+0400] {processor.py:157} INFO - Started process (PID=880) to work on /home/chinnu/.local/lib/python3.10/site-packages/airflow/example_dags/example_trigger_controller_dag.py
[2023-05-26T19:41:34.569+0400] {processor.py:826} INFO - Processing file /home/chinnu/.local/lib/python3.10/site-packages/airflow/example_dags/example_trigger_controller_dag.py for tasks to queue
[2023-05-26T19:41:34.571+0400] {logging_mixin.py:149} INFO - [2023-05-26T19:41:34.570+0400] {dagbag.py:541} INFO - Filling up the DagBag from /home/chinnu/.local/lib/python3.10/site-packages/airflow/example_dags/example_trigger_controller_dag.py
[2023-05-26T19:41:34.585+0400] {processor.py:836} INFO - DAG(s) dict_keys(['example_trigger_controller_dag']) retrieved from /home/chinnu/.local/lib/python3.10/site-packages/airflow/example_dags/example_trigger_controller_dag.py
[2023-05-26T19:41:34.620+0400] {logging_mixin.py:149} INFO - [2023-05-26T19:41:34.620+0400] {dag.py:2726} INFO - Sync 1 DAGs
[2023-05-26T19:41:34.643+0400] {logging_mixin.py:149} INFO - [2023-05-26T19:41:34.642+0400] {dag.py:3486} INFO - Setting next_dagrun for example_trigger_controller_dag to 2021-01-01T00:00:00+00:00, run_after=2021-01-01T00:00:00+00:00
[2023-05-26T19:41:34.673+0400] {processor.py:179} INFO - Processing /home/chinnu/.local/lib/python3.10/site-packages/airflow/example_dags/example_trigger_controller_dag.py took 0.113 seconds
[2023-05-26T19:43:04.248+0400] {processor.py:157} INFO - Started process (PID=1473) to work on /home/chinnu/.local/lib/python3.10/site-packages/airflow/example_dags/example_trigger_controller_dag.py
[2023-05-26T19:43:04.252+0400] {processor.py:826} INFO - Processing file /home/chinnu/.local/lib/python3.10/site-packages/airflow/example_dags/example_trigger_controller_dag.py for tasks to queue
[2023-05-26T19:43:04.254+0400] {logging_mixin.py:149} INFO - [2023-05-26T19:43:04.253+0400] {dagbag.py:541} INFO - Filling up the DagBag from /home/chinnu/.local/lib/python3.10/site-packages/airflow/example_dags/example_trigger_controller_dag.py
[2023-05-26T19:43:04.264+0400] {processor.py:836} INFO - DAG(s) dict_keys(['example_trigger_controller_dag']) retrieved from /home/chinnu/.local/lib/python3.10/site-packages/airflow/example_dags/example_trigger_controller_dag.py
[2023-05-26T19:43:04.319+0400] {logging_mixin.py:149} INFO - [2023-05-26T19:43:04.318+0400] {dag.py:2726} INFO - Sync 1 DAGs
[2023-05-26T19:43:04.597+0400] {logging_mixin.py:149} INFO - [2023-05-26T19:43:04.596+0400] {dag.py:3486} INFO - Setting next_dagrun for example_trigger_controller_dag to 2021-01-01T00:00:00+00:00, run_after=2021-01-01T00:00:00+00:00
[2023-05-26T19:43:04.639+0400] {processor.py:179} INFO - Processing /home/chinnu/.local/lib/python3.10/site-packages/airflow/example_dags/example_trigger_controller_dag.py took 0.398 seconds
[2023-05-26T19:44:16.796+0400] {processor.py:157} INFO - Started process (PID=1533) to work on /home/chinnu/.local/lib/python3.10/site-packages/airflow/example_dags/example_trigger_controller_dag.py
[2023-05-26T19:44:16.799+0400] {processor.py:826} INFO - Processing file /home/chinnu/.local/lib/python3.10/site-packages/airflow/example_dags/example_trigger_controller_dag.py for tasks to queue
[2023-05-26T19:44:16.801+0400] {logging_mixin.py:149} INFO - [2023-05-26T19:44:16.801+0400] {dagbag.py:541} INFO - Filling up the DagBag from /home/chinnu/.local/lib/python3.10/site-packages/airflow/example_dags/example_trigger_controller_dag.py
[2023-05-26T19:44:16.821+0400] {processor.py:836} INFO - DAG(s) dict_keys(['example_trigger_controller_dag']) retrieved from /home/chinnu/.local/lib/python3.10/site-packages/airflow/example_dags/example_trigger_controller_dag.py
[2023-05-26T19:44:16.902+0400] {logging_mixin.py:149} INFO - [2023-05-26T19:44:16.901+0400] {dag.py:2726} INFO - Sync 1 DAGs
[2023-05-26T19:44:16.959+0400] {logging_mixin.py:149} INFO - [2023-05-26T19:44:16.959+0400] {dag.py:3486} INFO - Setting next_dagrun for example_trigger_controller_dag to 2021-01-01T00:00:00+00:00, run_after=2021-01-01T00:00:00+00:00
[2023-05-26T19:44:17.017+0400] {processor.py:179} INFO - Processing /home/chinnu/.local/lib/python3.10/site-packages/airflow/example_dags/example_trigger_controller_dag.py took 0.236 seconds
[2023-05-26T19:45:21.510+0400] {processor.py:157} INFO - Started process (PID=1585) to work on /home/chinnu/.local/lib/python3.10/site-packages/airflow/example_dags/example_trigger_controller_dag.py
[2023-05-26T19:45:21.516+0400] {processor.py:826} INFO - Processing file /home/chinnu/.local/lib/python3.10/site-packages/airflow/example_dags/example_trigger_controller_dag.py for tasks to queue
[2023-05-26T19:45:21.519+0400] {logging_mixin.py:149} INFO - [2023-05-26T19:45:21.519+0400] {dagbag.py:541} INFO - Filling up the DagBag from /home/chinnu/.local/lib/python3.10/site-packages/airflow/example_dags/example_trigger_controller_dag.py
[2023-05-26T19:45:21.567+0400] {processor.py:836} INFO - DAG(s) dict_keys(['example_trigger_controller_dag']) retrieved from /home/chinnu/.local/lib/python3.10/site-packages/airflow/example_dags/example_trigger_controller_dag.py
[2023-05-26T19:45:21.655+0400] {logging_mixin.py:149} INFO - [2023-05-26T19:45:21.655+0400] {dag.py:2726} INFO - Sync 1 DAGs
[2023-05-26T19:45:21.694+0400] {logging_mixin.py:149} INFO - [2023-05-26T19:45:21.694+0400] {dag.py:3486} INFO - Setting next_dagrun for example_trigger_controller_dag to 2021-01-01T00:00:00+00:00, run_after=2021-01-01T00:00:00+00:00
[2023-05-26T19:45:21.744+0400] {processor.py:179} INFO - Processing /home/chinnu/.local/lib/python3.10/site-packages/airflow/example_dags/example_trigger_controller_dag.py took 0.266 seconds
[2023-05-26T19:46:18.559+0400] {processor.py:157} INFO - Started process (PID=1636) to work on /home/chinnu/.local/lib/python3.10/site-packages/airflow/example_dags/example_trigger_controller_dag.py
[2023-05-26T19:46:18.563+0400] {processor.py:826} INFO - Processing file /home/chinnu/.local/lib/python3.10/site-packages/airflow/example_dags/example_trigger_controller_dag.py for tasks to queue
[2023-05-26T19:46:18.565+0400] {logging_mixin.py:149} INFO - [2023-05-26T19:46:18.564+0400] {dagbag.py:541} INFO - Filling up the DagBag from /home/chinnu/.local/lib/python3.10/site-packages/airflow/example_dags/example_trigger_controller_dag.py
[2023-05-26T19:46:18.580+0400] {processor.py:836} INFO - DAG(s) dict_keys(['example_trigger_controller_dag']) retrieved from /home/chinnu/.local/lib/python3.10/site-packages/airflow/example_dags/example_trigger_controller_dag.py
[2023-05-26T19:46:18.620+0400] {logging_mixin.py:149} INFO - [2023-05-26T19:46:18.620+0400] {dag.py:2726} INFO - Sync 1 DAGs
[2023-05-26T19:46:18.643+0400] {logging_mixin.py:149} INFO - [2023-05-26T19:46:18.643+0400] {dag.py:3486} INFO - Setting next_dagrun for example_trigger_controller_dag to 2021-01-01T00:00:00+00:00, run_after=2021-01-01T00:00:00+00:00
[2023-05-26T19:46:18.676+0400] {processor.py:179} INFO - Processing /home/chinnu/.local/lib/python3.10/site-packages/airflow/example_dags/example_trigger_controller_dag.py took 0.130 seconds
[2023-05-26T19:48:04.648+0400] {processor.py:157} INFO - Started process (PID=1687) to work on /home/chinnu/.local/lib/python3.10/site-packages/airflow/example_dags/example_trigger_controller_dag.py
[2023-05-26T19:48:04.650+0400] {processor.py:826} INFO - Processing file /home/chinnu/.local/lib/python3.10/site-packages/airflow/example_dags/example_trigger_controller_dag.py for tasks to queue
[2023-05-26T19:48:04.651+0400] {logging_mixin.py:149} INFO - [2023-05-26T19:48:04.651+0400] {dagbag.py:541} INFO - Filling up the DagBag from /home/chinnu/.local/lib/python3.10/site-packages/airflow/example_dags/example_trigger_controller_dag.py
[2023-05-26T19:48:04.665+0400] {processor.py:836} INFO - DAG(s) dict_keys(['example_trigger_controller_dag']) retrieved from /home/chinnu/.local/lib/python3.10/site-packages/airflow/example_dags/example_trigger_controller_dag.py
[2023-05-26T19:48:04.704+0400] {logging_mixin.py:149} INFO - [2023-05-26T19:48:04.704+0400] {dag.py:2726} INFO - Sync 1 DAGs
[2023-05-26T19:48:04.728+0400] {logging_mixin.py:149} INFO - [2023-05-26T19:48:04.728+0400] {dag.py:3486} INFO - Setting next_dagrun for example_trigger_controller_dag to 2021-01-01T00:00:00+00:00, run_after=2021-01-01T00:00:00+00:00
[2023-05-26T19:48:04.777+0400] {processor.py:179} INFO - Processing /home/chinnu/.local/lib/python3.10/site-packages/airflow/example_dags/example_trigger_controller_dag.py took 0.135 seconds
[2023-05-26T21:05:25.607+0400] {processor.py:157} INFO - Started process (PID=71) to work on /home/chinnu/.local/lib/python3.10/site-packages/airflow/example_dags/example_trigger_controller_dag.py
[2023-05-26T21:05:25.617+0400] {processor.py:826} INFO - Processing file /home/chinnu/.local/lib/python3.10/site-packages/airflow/example_dags/example_trigger_controller_dag.py for tasks to queue
[2023-05-26T21:05:25.621+0400] {logging_mixin.py:149} INFO - [2023-05-26T21:05:25.620+0400] {dagbag.py:541} INFO - Filling up the DagBag from /home/chinnu/.local/lib/python3.10/site-packages/airflow/example_dags/example_trigger_controller_dag.py
[2023-05-26T21:05:25.656+0400] {processor.py:836} INFO - DAG(s) dict_keys(['example_trigger_controller_dag']) retrieved from /home/chinnu/.local/lib/python3.10/site-packages/airflow/example_dags/example_trigger_controller_dag.py
[2023-05-26T21:05:25.734+0400] {logging_mixin.py:149} INFO - [2023-05-26T21:05:25.733+0400] {dag.py:2726} INFO - Sync 1 DAGs
[2023-05-26T21:05:25.766+0400] {logging_mixin.py:149} INFO - [2023-05-26T21:05:25.766+0400] {dag.py:3486} INFO - Setting next_dagrun for example_trigger_controller_dag to 2021-01-01T00:00:00+00:00, run_after=2021-01-01T00:00:00+00:00
[2023-05-26T21:05:25.792+0400] {processor.py:179} INFO - Processing /home/chinnu/.local/lib/python3.10/site-packages/airflow/example_dags/example_trigger_controller_dag.py took 0.203 seconds
[2023-05-26T21:06:28.171+0400] {processor.py:157} INFO - Started process (PID=121) to work on /home/chinnu/.local/lib/python3.10/site-packages/airflow/example_dags/example_trigger_controller_dag.py
[2023-05-26T21:06:28.177+0400] {processor.py:826} INFO - Processing file /home/chinnu/.local/lib/python3.10/site-packages/airflow/example_dags/example_trigger_controller_dag.py for tasks to queue
[2023-05-26T21:06:28.180+0400] {logging_mixin.py:149} INFO - [2023-05-26T21:06:28.179+0400] {dagbag.py:541} INFO - Filling up the DagBag from /home/chinnu/.local/lib/python3.10/site-packages/airflow/example_dags/example_trigger_controller_dag.py
[2023-05-26T21:06:28.199+0400] {processor.py:836} INFO - DAG(s) dict_keys(['example_trigger_controller_dag']) retrieved from /home/chinnu/.local/lib/python3.10/site-packages/airflow/example_dags/example_trigger_controller_dag.py
[2023-05-26T21:06:28.241+0400] {logging_mixin.py:149} INFO - [2023-05-26T21:06:28.241+0400] {dag.py:2726} INFO - Sync 1 DAGs
[2023-05-26T21:06:28.435+0400] {logging_mixin.py:149} INFO - [2023-05-26T21:06:28.435+0400] {dag.py:3486} INFO - Setting next_dagrun for example_trigger_controller_dag to 2021-01-01T00:00:00+00:00, run_after=2021-01-01T00:00:00+00:00
[2023-05-26T21:06:28.486+0400] {processor.py:179} INFO - Processing /home/chinnu/.local/lib/python3.10/site-packages/airflow/example_dags/example_trigger_controller_dag.py took 0.337 seconds
[2023-05-26T21:10:32.719+0400] {processor.py:157} INFO - Started process (PID=1907) to work on /home/chinnu/.local/lib/python3.10/site-packages/airflow/example_dags/example_trigger_controller_dag.py
[2023-05-26T21:10:32.722+0400] {processor.py:826} INFO - Processing file /home/chinnu/.local/lib/python3.10/site-packages/airflow/example_dags/example_trigger_controller_dag.py for tasks to queue
[2023-05-26T21:10:32.724+0400] {logging_mixin.py:149} INFO - [2023-05-26T21:10:32.724+0400] {dagbag.py:541} INFO - Filling up the DagBag from /home/chinnu/.local/lib/python3.10/site-packages/airflow/example_dags/example_trigger_controller_dag.py
[2023-05-26T21:10:32.741+0400] {processor.py:836} INFO - DAG(s) dict_keys(['example_trigger_controller_dag']) retrieved from /home/chinnu/.local/lib/python3.10/site-packages/airflow/example_dags/example_trigger_controller_dag.py
[2023-05-26T21:10:32.777+0400] {logging_mixin.py:149} INFO - [2023-05-26T21:10:32.777+0400] {dag.py:2726} INFO - Sync 1 DAGs
[2023-05-26T21:10:32.800+0400] {logging_mixin.py:149} INFO - [2023-05-26T21:10:32.800+0400] {dag.py:3486} INFO - Setting next_dagrun for example_trigger_controller_dag to 2021-01-01T00:00:00+00:00, run_after=2021-01-01T00:00:00+00:00
[2023-05-26T21:10:32.841+0400] {processor.py:179} INFO - Processing /home/chinnu/.local/lib/python3.10/site-packages/airflow/example_dags/example_trigger_controller_dag.py took 0.132 seconds
[2023-05-26T21:11:40.276+0400] {processor.py:157} INFO - Started process (PID=1964) to work on /home/chinnu/.local/lib/python3.10/site-packages/airflow/example_dags/example_trigger_controller_dag.py
[2023-05-26T21:11:40.282+0400] {processor.py:826} INFO - Processing file /home/chinnu/.local/lib/python3.10/site-packages/airflow/example_dags/example_trigger_controller_dag.py for tasks to queue
[2023-05-26T21:11:40.285+0400] {logging_mixin.py:149} INFO - [2023-05-26T21:11:40.285+0400] {dagbag.py:541} INFO - Filling up the DagBag from /home/chinnu/.local/lib/python3.10/site-packages/airflow/example_dags/example_trigger_controller_dag.py
[2023-05-26T21:11:40.318+0400] {processor.py:836} INFO - DAG(s) dict_keys(['example_trigger_controller_dag']) retrieved from /home/chinnu/.local/lib/python3.10/site-packages/airflow/example_dags/example_trigger_controller_dag.py
[2023-05-26T21:11:40.491+0400] {logging_mixin.py:149} INFO - [2023-05-26T21:11:40.491+0400] {dag.py:2726} INFO - Sync 1 DAGs
[2023-05-26T21:11:40.754+0400] {logging_mixin.py:149} INFO - [2023-05-26T21:11:40.754+0400] {dag.py:3486} INFO - Setting next_dagrun for example_trigger_controller_dag to 2021-01-01T00:00:00+00:00, run_after=2021-01-01T00:00:00+00:00
[2023-05-26T21:11:40.800+0400] {processor.py:179} INFO - Processing /home/chinnu/.local/lib/python3.10/site-packages/airflow/example_dags/example_trigger_controller_dag.py took 0.549 seconds
[2023-05-26T21:12:37.148+0400] {processor.py:157} INFO - Started process (PID=2022) to work on /home/chinnu/.local/lib/python3.10/site-packages/airflow/example_dags/example_trigger_controller_dag.py
[2023-05-26T21:12:37.151+0400] {processor.py:826} INFO - Processing file /home/chinnu/.local/lib/python3.10/site-packages/airflow/example_dags/example_trigger_controller_dag.py for tasks to queue
[2023-05-26T21:12:37.153+0400] {logging_mixin.py:149} INFO - [2023-05-26T21:12:37.153+0400] {dagbag.py:541} INFO - Filling up the DagBag from /home/chinnu/.local/lib/python3.10/site-packages/airflow/example_dags/example_trigger_controller_dag.py
[2023-05-26T21:12:37.172+0400] {processor.py:836} INFO - DAG(s) dict_keys(['example_trigger_controller_dag']) retrieved from /home/chinnu/.local/lib/python3.10/site-packages/airflow/example_dags/example_trigger_controller_dag.py
[2023-05-26T21:12:37.630+0400] {logging_mixin.py:149} INFO - [2023-05-26T21:12:37.629+0400] {dag.py:2726} INFO - Sync 1 DAGs
[2023-05-26T21:12:37.700+0400] {logging_mixin.py:149} INFO - [2023-05-26T21:12:37.700+0400] {dag.py:3486} INFO - Setting next_dagrun for example_trigger_controller_dag to 2021-01-01T00:00:00+00:00, run_after=2021-01-01T00:00:00+00:00
[2023-05-26T21:12:37.733+0400] {processor.py:179} INFO - Processing /home/chinnu/.local/lib/python3.10/site-packages/airflow/example_dags/example_trigger_controller_dag.py took 0.600 seconds
[2023-05-26T21:13:20.789+0400] {processor.py:157} INFO - Started process (PID=2072) to work on /home/chinnu/.local/lib/python3.10/site-packages/airflow/example_dags/example_trigger_controller_dag.py
[2023-05-26T21:13:20.792+0400] {processor.py:826} INFO - Processing file /home/chinnu/.local/lib/python3.10/site-packages/airflow/example_dags/example_trigger_controller_dag.py for tasks to queue
[2023-05-26T21:13:20.794+0400] {logging_mixin.py:149} INFO - [2023-05-26T21:13:20.794+0400] {dagbag.py:541} INFO - Filling up the DagBag from /home/chinnu/.local/lib/python3.10/site-packages/airflow/example_dags/example_trigger_controller_dag.py
[2023-05-26T21:13:20.805+0400] {processor.py:836} INFO - DAG(s) dict_keys(['example_trigger_controller_dag']) retrieved from /home/chinnu/.local/lib/python3.10/site-packages/airflow/example_dags/example_trigger_controller_dag.py
[2023-05-26T21:13:20.850+0400] {logging_mixin.py:149} INFO - [2023-05-26T21:13:20.850+0400] {dag.py:2726} INFO - Sync 1 DAGs
[2023-05-26T21:13:20.884+0400] {logging_mixin.py:149} INFO - [2023-05-26T21:13:20.884+0400] {dag.py:3486} INFO - Setting next_dagrun for example_trigger_controller_dag to 2021-01-01T00:00:00+00:00, run_after=2021-01-01T00:00:00+00:00
[2023-05-26T21:13:20.933+0400] {processor.py:179} INFO - Processing /home/chinnu/.local/lib/python3.10/site-packages/airflow/example_dags/example_trigger_controller_dag.py took 0.157 seconds
[2023-05-26T21:14:06.695+0400] {processor.py:157} INFO - Started process (PID=2125) to work on /home/chinnu/.local/lib/python3.10/site-packages/airflow/example_dags/example_trigger_controller_dag.py
[2023-05-26T21:14:06.698+0400] {processor.py:826} INFO - Processing file /home/chinnu/.local/lib/python3.10/site-packages/airflow/example_dags/example_trigger_controller_dag.py for tasks to queue
[2023-05-26T21:14:06.699+0400] {logging_mixin.py:149} INFO - [2023-05-26T21:14:06.699+0400] {dagbag.py:541} INFO - Filling up the DagBag from /home/chinnu/.local/lib/python3.10/site-packages/airflow/example_dags/example_trigger_controller_dag.py
[2023-05-26T21:14:06.712+0400] {processor.py:836} INFO - DAG(s) dict_keys(['example_trigger_controller_dag']) retrieved from /home/chinnu/.local/lib/python3.10/site-packages/airflow/example_dags/example_trigger_controller_dag.py
[2023-05-26T21:14:06.766+0400] {logging_mixin.py:149} INFO - [2023-05-26T21:14:06.765+0400] {dag.py:2726} INFO - Sync 1 DAGs
[2023-05-26T21:14:06.796+0400] {logging_mixin.py:149} INFO - [2023-05-26T21:14:06.796+0400] {dag.py:3486} INFO - Setting next_dagrun for example_trigger_controller_dag to 2021-01-01T00:00:00+00:00, run_after=2021-01-01T00:00:00+00:00
[2023-05-26T21:14:06.831+0400] {processor.py:179} INFO - Processing /home/chinnu/.local/lib/python3.10/site-packages/airflow/example_dags/example_trigger_controller_dag.py took 0.145 seconds
[2023-05-26T21:14:47.682+0400] {processor.py:157} INFO - Started process (PID=2176) to work on /home/chinnu/.local/lib/python3.10/site-packages/airflow/example_dags/example_trigger_controller_dag.py
[2023-05-26T21:14:47.685+0400] {processor.py:826} INFO - Processing file /home/chinnu/.local/lib/python3.10/site-packages/airflow/example_dags/example_trigger_controller_dag.py for tasks to queue
[2023-05-26T21:14:47.688+0400] {logging_mixin.py:149} INFO - [2023-05-26T21:14:47.687+0400] {dagbag.py:541} INFO - Filling up the DagBag from /home/chinnu/.local/lib/python3.10/site-packages/airflow/example_dags/example_trigger_controller_dag.py
[2023-05-26T21:14:47.707+0400] {processor.py:836} INFO - DAG(s) dict_keys(['example_trigger_controller_dag']) retrieved from /home/chinnu/.local/lib/python3.10/site-packages/airflow/example_dags/example_trigger_controller_dag.py
[2023-05-26T21:14:47.795+0400] {logging_mixin.py:149} INFO - [2023-05-26T21:14:47.795+0400] {dag.py:2726} INFO - Sync 1 DAGs
[2023-05-26T21:14:47.831+0400] {logging_mixin.py:149} INFO - [2023-05-26T21:14:47.831+0400] {dag.py:3486} INFO - Setting next_dagrun for example_trigger_controller_dag to 2021-01-01T00:00:00+00:00, run_after=2021-01-01T00:00:00+00:00
[2023-05-26T21:14:47.870+0400] {processor.py:179} INFO - Processing /home/chinnu/.local/lib/python3.10/site-packages/airflow/example_dags/example_trigger_controller_dag.py took 0.203 seconds
[2023-05-26T21:15:26.092+0400] {processor.py:157} INFO - Started process (PID=9421) to work on /home/chinnu/.local/lib/python3.10/site-packages/airflow/example_dags/example_trigger_controller_dag.py
[2023-05-26T21:15:26.096+0400] {processor.py:826} INFO - Processing file /home/chinnu/.local/lib/python3.10/site-packages/airflow/example_dags/example_trigger_controller_dag.py for tasks to queue
[2023-05-26T21:15:26.098+0400] {logging_mixin.py:149} INFO - [2023-05-26T21:15:26.097+0400] {dagbag.py:541} INFO - Filling up the DagBag from /home/chinnu/.local/lib/python3.10/site-packages/airflow/example_dags/example_trigger_controller_dag.py
[2023-05-26T21:15:26.112+0400] {processor.py:836} INFO - DAG(s) dict_keys(['example_trigger_controller_dag']) retrieved from /home/chinnu/.local/lib/python3.10/site-packages/airflow/example_dags/example_trigger_controller_dag.py
[2023-05-26T21:15:26.238+0400] {logging_mixin.py:149} INFO - [2023-05-26T21:15:26.237+0400] {dag.py:2726} INFO - Sync 1 DAGs
[2023-05-26T21:15:26.280+0400] {logging_mixin.py:149} INFO - [2023-05-26T21:15:26.280+0400] {dag.py:3486} INFO - Setting next_dagrun for example_trigger_controller_dag to 2021-01-01T00:00:00+00:00, run_after=2021-01-01T00:00:00+00:00
[2023-05-26T21:15:26.319+0400] {processor.py:179} INFO - Processing /home/chinnu/.local/lib/python3.10/site-packages/airflow/example_dags/example_trigger_controller_dag.py took 0.256 seconds
[2023-05-26T21:16:03.045+0400] {processor.py:157} INFO - Started process (PID=9477) to work on /home/chinnu/.local/lib/python3.10/site-packages/airflow/example_dags/example_trigger_controller_dag.py
[2023-05-26T21:16:03.047+0400] {processor.py:826} INFO - Processing file /home/chinnu/.local/lib/python3.10/site-packages/airflow/example_dags/example_trigger_controller_dag.py for tasks to queue
[2023-05-26T21:16:03.048+0400] {logging_mixin.py:149} INFO - [2023-05-26T21:16:03.048+0400] {dagbag.py:541} INFO - Filling up the DagBag from /home/chinnu/.local/lib/python3.10/site-packages/airflow/example_dags/example_trigger_controller_dag.py
[2023-05-26T21:16:03.058+0400] {processor.py:836} INFO - DAG(s) dict_keys(['example_trigger_controller_dag']) retrieved from /home/chinnu/.local/lib/python3.10/site-packages/airflow/example_dags/example_trigger_controller_dag.py
[2023-05-26T21:16:03.116+0400] {logging_mixin.py:149} INFO - [2023-05-26T21:16:03.116+0400] {dag.py:2726} INFO - Sync 1 DAGs
[2023-05-26T21:16:03.158+0400] {logging_mixin.py:149} INFO - [2023-05-26T21:16:03.157+0400] {dag.py:3486} INFO - Setting next_dagrun for example_trigger_controller_dag to 2021-01-01T00:00:00+00:00, run_after=2021-01-01T00:00:00+00:00
[2023-05-26T21:16:03.248+0400] {processor.py:179} INFO - Processing /home/chinnu/.local/lib/python3.10/site-packages/airflow/example_dags/example_trigger_controller_dag.py took 0.209 seconds
[2023-05-26T21:17:17.382+0400] {processor.py:157} INFO - Started process (PID=16755) to work on /home/chinnu/.local/lib/python3.10/site-packages/airflow/example_dags/example_trigger_controller_dag.py
[2023-05-26T21:17:17.387+0400] {processor.py:826} INFO - Processing file /home/chinnu/.local/lib/python3.10/site-packages/airflow/example_dags/example_trigger_controller_dag.py for tasks to queue
[2023-05-26T21:17:17.389+0400] {logging_mixin.py:149} INFO - [2023-05-26T21:17:17.388+0400] {dagbag.py:541} INFO - Filling up the DagBag from /home/chinnu/.local/lib/python3.10/site-packages/airflow/example_dags/example_trigger_controller_dag.py
[2023-05-26T21:17:17.403+0400] {processor.py:836} INFO - DAG(s) dict_keys(['example_trigger_controller_dag']) retrieved from /home/chinnu/.local/lib/python3.10/site-packages/airflow/example_dags/example_trigger_controller_dag.py
[2023-05-26T21:17:17.458+0400] {logging_mixin.py:149} INFO - [2023-05-26T21:17:17.458+0400] {dag.py:2726} INFO - Sync 1 DAGs
[2023-05-26T21:17:17.506+0400] {logging_mixin.py:149} INFO - [2023-05-26T21:17:17.506+0400] {dag.py:3486} INFO - Setting next_dagrun for example_trigger_controller_dag to 2021-01-01T00:00:00+00:00, run_after=2021-01-01T00:00:00+00:00
[2023-05-26T21:17:17.556+0400] {processor.py:179} INFO - Processing /home/chinnu/.local/lib/python3.10/site-packages/airflow/example_dags/example_trigger_controller_dag.py took 0.186 seconds
[2023-05-26T21:17:59.718+0400] {processor.py:157} INFO - Started process (PID=16805) to work on /home/chinnu/.local/lib/python3.10/site-packages/airflow/example_dags/example_trigger_controller_dag.py
[2023-05-26T21:17:59.719+0400] {processor.py:826} INFO - Processing file /home/chinnu/.local/lib/python3.10/site-packages/airflow/example_dags/example_trigger_controller_dag.py for tasks to queue
[2023-05-26T21:17:59.721+0400] {logging_mixin.py:149} INFO - [2023-05-26T21:17:59.720+0400] {dagbag.py:541} INFO - Filling up the DagBag from /home/chinnu/.local/lib/python3.10/site-packages/airflow/example_dags/example_trigger_controller_dag.py
[2023-05-26T21:17:59.729+0400] {processor.py:836} INFO - DAG(s) dict_keys(['example_trigger_controller_dag']) retrieved from /home/chinnu/.local/lib/python3.10/site-packages/airflow/example_dags/example_trigger_controller_dag.py
[2023-05-26T21:17:59.765+0400] {logging_mixin.py:149} INFO - [2023-05-26T21:17:59.765+0400] {dag.py:2726} INFO - Sync 1 DAGs
[2023-05-26T21:17:59.794+0400] {logging_mixin.py:149} INFO - [2023-05-26T21:17:59.794+0400] {dag.py:3486} INFO - Setting next_dagrun for example_trigger_controller_dag to 2021-01-01T00:00:00+00:00, run_after=2021-01-01T00:00:00+00:00
[2023-05-26T21:17:59.829+0400] {processor.py:179} INFO - Processing /home/chinnu/.local/lib/python3.10/site-packages/airflow/example_dags/example_trigger_controller_dag.py took 0.117 seconds
[2023-05-26T21:18:53.876+0400] {processor.py:157} INFO - Started process (PID=16842) to work on /home/chinnu/.local/lib/python3.10/site-packages/airflow/example_dags/example_trigger_controller_dag.py
[2023-05-26T21:18:53.880+0400] {processor.py:826} INFO - Processing file /home/chinnu/.local/lib/python3.10/site-packages/airflow/example_dags/example_trigger_controller_dag.py for tasks to queue
[2023-05-26T21:18:53.882+0400] {logging_mixin.py:149} INFO - [2023-05-26T21:18:53.881+0400] {dagbag.py:541} INFO - Filling up the DagBag from /home/chinnu/.local/lib/python3.10/site-packages/airflow/example_dags/example_trigger_controller_dag.py
[2023-05-26T21:18:53.900+0400] {processor.py:836} INFO - DAG(s) dict_keys(['example_trigger_controller_dag']) retrieved from /home/chinnu/.local/lib/python3.10/site-packages/airflow/example_dags/example_trigger_controller_dag.py
[2023-05-26T21:18:53.941+0400] {logging_mixin.py:149} INFO - [2023-05-26T21:18:53.941+0400] {dag.py:2726} INFO - Sync 1 DAGs
[2023-05-26T21:18:53.965+0400] {logging_mixin.py:149} INFO - [2023-05-26T21:18:53.965+0400] {dag.py:3486} INFO - Setting next_dagrun for example_trigger_controller_dag to 2021-01-01T00:00:00+00:00, run_after=2021-01-01T00:00:00+00:00
[2023-05-26T21:18:53.997+0400] {processor.py:179} INFO - Processing /home/chinnu/.local/lib/python3.10/site-packages/airflow/example_dags/example_trigger_controller_dag.py took 0.133 seconds
[2023-05-26T21:19:39.244+0400] {processor.py:157} INFO - Started process (PID=16894) to work on /home/chinnu/.local/lib/python3.10/site-packages/airflow/example_dags/example_trigger_controller_dag.py
[2023-05-26T21:19:39.250+0400] {processor.py:826} INFO - Processing file /home/chinnu/.local/lib/python3.10/site-packages/airflow/example_dags/example_trigger_controller_dag.py for tasks to queue
[2023-05-26T21:19:39.252+0400] {logging_mixin.py:149} INFO - [2023-05-26T21:19:39.252+0400] {dagbag.py:541} INFO - Filling up the DagBag from /home/chinnu/.local/lib/python3.10/site-packages/airflow/example_dags/example_trigger_controller_dag.py
[2023-05-26T21:19:39.270+0400] {processor.py:836} INFO - DAG(s) dict_keys(['example_trigger_controller_dag']) retrieved from /home/chinnu/.local/lib/python3.10/site-packages/airflow/example_dags/example_trigger_controller_dag.py
[2023-05-26T21:19:39.615+0400] {logging_mixin.py:149} INFO - [2023-05-26T21:19:39.615+0400] {dag.py:2726} INFO - Sync 1 DAGs
[2023-05-26T21:19:39.636+0400] {logging_mixin.py:149} INFO - [2023-05-26T21:19:39.636+0400] {dag.py:3486} INFO - Setting next_dagrun for example_trigger_controller_dag to 2021-01-01T00:00:00+00:00, run_after=2021-01-01T00:00:00+00:00
[2023-05-26T21:19:39.666+0400] {processor.py:179} INFO - Processing /home/chinnu/.local/lib/python3.10/site-packages/airflow/example_dags/example_trigger_controller_dag.py took 0.442 seconds
[2023-05-26T21:20:51.693+0400] {processor.py:157} INFO - Started process (PID=16976) to work on /home/chinnu/.local/lib/python3.10/site-packages/airflow/example_dags/example_trigger_controller_dag.py
[2023-05-26T21:20:51.697+0400] {processor.py:826} INFO - Processing file /home/chinnu/.local/lib/python3.10/site-packages/airflow/example_dags/example_trigger_controller_dag.py for tasks to queue
[2023-05-26T21:20:51.699+0400] {logging_mixin.py:149} INFO - [2023-05-26T21:20:51.699+0400] {dagbag.py:541} INFO - Filling up the DagBag from /home/chinnu/.local/lib/python3.10/site-packages/airflow/example_dags/example_trigger_controller_dag.py
[2023-05-26T21:20:51.714+0400] {processor.py:836} INFO - DAG(s) dict_keys(['example_trigger_controller_dag']) retrieved from /home/chinnu/.local/lib/python3.10/site-packages/airflow/example_dags/example_trigger_controller_dag.py
[2023-05-26T21:20:51.775+0400] {logging_mixin.py:149} INFO - [2023-05-26T21:20:51.774+0400] {dag.py:2726} INFO - Sync 1 DAGs
[2023-05-26T21:20:51.823+0400] {logging_mixin.py:149} INFO - [2023-05-26T21:20:51.823+0400] {dag.py:3486} INFO - Setting next_dagrun for example_trigger_controller_dag to 2021-01-01T00:00:00+00:00, run_after=2021-01-01T00:00:00+00:00
[2023-05-26T21:20:51.879+0400] {processor.py:179} INFO - Processing /home/chinnu/.local/lib/python3.10/site-packages/airflow/example_dags/example_trigger_controller_dag.py took 0.195 seconds
[2023-05-26T21:21:33.061+0400] {processor.py:157} INFO - Started process (PID=17025) to work on /home/chinnu/.local/lib/python3.10/site-packages/airflow/example_dags/example_trigger_controller_dag.py
[2023-05-26T21:21:33.067+0400] {processor.py:826} INFO - Processing file /home/chinnu/.local/lib/python3.10/site-packages/airflow/example_dags/example_trigger_controller_dag.py for tasks to queue
[2023-05-26T21:21:33.068+0400] {logging_mixin.py:149} INFO - [2023-05-26T21:21:33.068+0400] {dagbag.py:541} INFO - Filling up the DagBag from /home/chinnu/.local/lib/python3.10/site-packages/airflow/example_dags/example_trigger_controller_dag.py
[2023-05-26T21:21:33.081+0400] {processor.py:836} INFO - DAG(s) dict_keys(['example_trigger_controller_dag']) retrieved from /home/chinnu/.local/lib/python3.10/site-packages/airflow/example_dags/example_trigger_controller_dag.py
[2023-05-26T21:21:33.126+0400] {logging_mixin.py:149} INFO - [2023-05-26T21:21:33.125+0400] {dag.py:2726} INFO - Sync 1 DAGs
[2023-05-26T21:21:33.152+0400] {logging_mixin.py:149} INFO - [2023-05-26T21:21:33.151+0400] {dag.py:3486} INFO - Setting next_dagrun for example_trigger_controller_dag to 2021-01-01T00:00:00+00:00, run_after=2021-01-01T00:00:00+00:00
[2023-05-26T21:21:33.183+0400] {processor.py:179} INFO - Processing /home/chinnu/.local/lib/python3.10/site-packages/airflow/example_dags/example_trigger_controller_dag.py took 0.135 seconds
[2023-05-26T21:22:15.743+0400] {processor.py:157} INFO - Started process (PID=17075) to work on /home/chinnu/.local/lib/python3.10/site-packages/airflow/example_dags/example_trigger_controller_dag.py
[2023-05-26T21:22:15.745+0400] {processor.py:826} INFO - Processing file /home/chinnu/.local/lib/python3.10/site-packages/airflow/example_dags/example_trigger_controller_dag.py for tasks to queue
[2023-05-26T21:22:15.745+0400] {logging_mixin.py:149} INFO - [2023-05-26T21:22:15.745+0400] {dagbag.py:541} INFO - Filling up the DagBag from /home/chinnu/.local/lib/python3.10/site-packages/airflow/example_dags/example_trigger_controller_dag.py
[2023-05-26T21:22:15.756+0400] {processor.py:836} INFO - DAG(s) dict_keys(['example_trigger_controller_dag']) retrieved from /home/chinnu/.local/lib/python3.10/site-packages/airflow/example_dags/example_trigger_controller_dag.py
[2023-05-26T21:22:15.795+0400] {logging_mixin.py:149} INFO - [2023-05-26T21:22:15.795+0400] {dag.py:2726} INFO - Sync 1 DAGs
[2023-05-26T21:22:15.824+0400] {logging_mixin.py:149} INFO - [2023-05-26T21:22:15.824+0400] {dag.py:3486} INFO - Setting next_dagrun for example_trigger_controller_dag to 2021-01-01T00:00:00+00:00, run_after=2021-01-01T00:00:00+00:00
[2023-05-26T21:22:15.863+0400] {processor.py:179} INFO - Processing /home/chinnu/.local/lib/python3.10/site-packages/airflow/example_dags/example_trigger_controller_dag.py took 0.127 seconds
[2023-05-26T21:22:53.641+0400] {processor.py:157} INFO - Started process (PID=17121) to work on /home/chinnu/.local/lib/python3.10/site-packages/airflow/example_dags/example_trigger_controller_dag.py
[2023-05-26T21:22:53.643+0400] {processor.py:826} INFO - Processing file /home/chinnu/.local/lib/python3.10/site-packages/airflow/example_dags/example_trigger_controller_dag.py for tasks to queue
[2023-05-26T21:22:53.645+0400] {logging_mixin.py:149} INFO - [2023-05-26T21:22:53.644+0400] {dagbag.py:541} INFO - Filling up the DagBag from /home/chinnu/.local/lib/python3.10/site-packages/airflow/example_dags/example_trigger_controller_dag.py
[2023-05-26T21:22:53.653+0400] {processor.py:836} INFO - DAG(s) dict_keys(['example_trigger_controller_dag']) retrieved from /home/chinnu/.local/lib/python3.10/site-packages/airflow/example_dags/example_trigger_controller_dag.py
[2023-05-26T21:22:53.686+0400] {logging_mixin.py:149} INFO - [2023-05-26T21:22:53.686+0400] {dag.py:2726} INFO - Sync 1 DAGs
[2023-05-26T21:22:53.710+0400] {logging_mixin.py:149} INFO - [2023-05-26T21:22:53.710+0400] {dag.py:3486} INFO - Setting next_dagrun for example_trigger_controller_dag to 2021-01-01T00:00:00+00:00, run_after=2021-01-01T00:00:00+00:00
[2023-05-26T21:22:53.739+0400] {processor.py:179} INFO - Processing /home/chinnu/.local/lib/python3.10/site-packages/airflow/example_dags/example_trigger_controller_dag.py took 0.108 seconds
[2023-05-26T21:23:32.848+0400] {processor.py:157} INFO - Started process (PID=17169) to work on /home/chinnu/.local/lib/python3.10/site-packages/airflow/example_dags/example_trigger_controller_dag.py
[2023-05-26T21:23:32.850+0400] {processor.py:826} INFO - Processing file /home/chinnu/.local/lib/python3.10/site-packages/airflow/example_dags/example_trigger_controller_dag.py for tasks to queue
[2023-05-26T21:23:32.850+0400] {logging_mixin.py:149} INFO - [2023-05-26T21:23:32.850+0400] {dagbag.py:541} INFO - Filling up the DagBag from /home/chinnu/.local/lib/python3.10/site-packages/airflow/example_dags/example_trigger_controller_dag.py
[2023-05-26T21:23:32.861+0400] {processor.py:836} INFO - DAG(s) dict_keys(['example_trigger_controller_dag']) retrieved from /home/chinnu/.local/lib/python3.10/site-packages/airflow/example_dags/example_trigger_controller_dag.py
[2023-05-26T21:23:32.896+0400] {logging_mixin.py:149} INFO - [2023-05-26T21:23:32.896+0400] {dag.py:2726} INFO - Sync 1 DAGs
[2023-05-26T21:23:32.922+0400] {logging_mixin.py:149} INFO - [2023-05-26T21:23:32.921+0400] {dag.py:3486} INFO - Setting next_dagrun for example_trigger_controller_dag to 2021-01-01T00:00:00+00:00, run_after=2021-01-01T00:00:00+00:00
[2023-05-26T21:23:32.955+0400] {processor.py:179} INFO - Processing /home/chinnu/.local/lib/python3.10/site-packages/airflow/example_dags/example_trigger_controller_dag.py took 0.114 seconds
[2023-05-26T21:24:10.545+0400] {processor.py:157} INFO - Started process (PID=17213) to work on /home/chinnu/.local/lib/python3.10/site-packages/airflow/example_dags/example_trigger_controller_dag.py
[2023-05-26T21:24:10.549+0400] {processor.py:826} INFO - Processing file /home/chinnu/.local/lib/python3.10/site-packages/airflow/example_dags/example_trigger_controller_dag.py for tasks to queue
[2023-05-26T21:24:10.550+0400] {logging_mixin.py:149} INFO - [2023-05-26T21:24:10.550+0400] {dagbag.py:541} INFO - Filling up the DagBag from /home/chinnu/.local/lib/python3.10/site-packages/airflow/example_dags/example_trigger_controller_dag.py
[2023-05-26T21:24:10.566+0400] {processor.py:836} INFO - DAG(s) dict_keys(['example_trigger_controller_dag']) retrieved from /home/chinnu/.local/lib/python3.10/site-packages/airflow/example_dags/example_trigger_controller_dag.py
[2023-05-26T21:24:10.622+0400] {logging_mixin.py:149} INFO - [2023-05-26T21:24:10.621+0400] {dag.py:2726} INFO - Sync 1 DAGs
[2023-05-26T21:24:10.670+0400] {logging_mixin.py:149} INFO - [2023-05-26T21:24:10.670+0400] {dag.py:3486} INFO - Setting next_dagrun for example_trigger_controller_dag to 2021-01-01T00:00:00+00:00, run_after=2021-01-01T00:00:00+00:00
[2023-05-26T21:24:10.706+0400] {processor.py:179} INFO - Processing /home/chinnu/.local/lib/python3.10/site-packages/airflow/example_dags/example_trigger_controller_dag.py took 0.168 seconds
[2023-05-26T21:24:44.399+0400] {processor.py:157} INFO - Started process (PID=17258) to work on /home/chinnu/.local/lib/python3.10/site-packages/airflow/example_dags/example_trigger_controller_dag.py
[2023-05-26T21:24:44.401+0400] {processor.py:826} INFO - Processing file /home/chinnu/.local/lib/python3.10/site-packages/airflow/example_dags/example_trigger_controller_dag.py for tasks to queue
[2023-05-26T21:24:44.402+0400] {logging_mixin.py:149} INFO - [2023-05-26T21:24:44.402+0400] {dagbag.py:541} INFO - Filling up the DagBag from /home/chinnu/.local/lib/python3.10/site-packages/airflow/example_dags/example_trigger_controller_dag.py
[2023-05-26T21:24:44.411+0400] {processor.py:836} INFO - DAG(s) dict_keys(['example_trigger_controller_dag']) retrieved from /home/chinnu/.local/lib/python3.10/site-packages/airflow/example_dags/example_trigger_controller_dag.py
[2023-05-26T21:24:44.452+0400] {logging_mixin.py:149} INFO - [2023-05-26T21:24:44.452+0400] {dag.py:2726} INFO - Sync 1 DAGs
[2023-05-26T21:24:44.481+0400] {logging_mixin.py:149} INFO - [2023-05-26T21:24:44.481+0400] {dag.py:3486} INFO - Setting next_dagrun for example_trigger_controller_dag to 2021-01-01T00:00:00+00:00, run_after=2021-01-01T00:00:00+00:00
[2023-05-26T21:24:44.514+0400] {processor.py:179} INFO - Processing /home/chinnu/.local/lib/python3.10/site-packages/airflow/example_dags/example_trigger_controller_dag.py took 0.121 seconds
[2023-05-26T21:25:23.818+0400] {processor.py:157} INFO - Started process (PID=17305) to work on /home/chinnu/.local/lib/python3.10/site-packages/airflow/example_dags/example_trigger_controller_dag.py
[2023-05-26T21:25:23.822+0400] {processor.py:826} INFO - Processing file /home/chinnu/.local/lib/python3.10/site-packages/airflow/example_dags/example_trigger_controller_dag.py for tasks to queue
[2023-05-26T21:25:23.824+0400] {logging_mixin.py:149} INFO - [2023-05-26T21:25:23.824+0400] {dagbag.py:541} INFO - Filling up the DagBag from /home/chinnu/.local/lib/python3.10/site-packages/airflow/example_dags/example_trigger_controller_dag.py
[2023-05-26T21:25:23.879+0400] {processor.py:836} INFO - DAG(s) dict_keys(['example_trigger_controller_dag']) retrieved from /home/chinnu/.local/lib/python3.10/site-packages/airflow/example_dags/example_trigger_controller_dag.py
[2023-05-26T21:25:24.129+0400] {logging_mixin.py:149} INFO - [2023-05-26T21:25:24.128+0400] {dag.py:2726} INFO - Sync 1 DAGs
[2023-05-26T21:25:24.332+0400] {logging_mixin.py:149} INFO - [2023-05-26T21:25:24.331+0400] {dag.py:3486} INFO - Setting next_dagrun for example_trigger_controller_dag to 2021-01-01T00:00:00+00:00, run_after=2021-01-01T00:00:00+00:00
[2023-05-26T21:25:24.393+0400] {processor.py:179} INFO - Processing /home/chinnu/.local/lib/python3.10/site-packages/airflow/example_dags/example_trigger_controller_dag.py took 0.588 seconds
[2023-05-26T21:48:17.651+0400] {processor.py:157} INFO - Started process (PID=74) to work on /home/chinnu/.local/lib/python3.10/site-packages/airflow/example_dags/example_trigger_controller_dag.py
[2023-05-26T21:48:17.660+0400] {processor.py:826} INFO - Processing file /home/chinnu/.local/lib/python3.10/site-packages/airflow/example_dags/example_trigger_controller_dag.py for tasks to queue
[2023-05-26T21:48:17.661+0400] {logging_mixin.py:149} INFO - [2023-05-26T21:48:17.661+0400] {dagbag.py:541} INFO - Filling up the DagBag from /home/chinnu/.local/lib/python3.10/site-packages/airflow/example_dags/example_trigger_controller_dag.py
[2023-05-26T21:48:17.675+0400] {processor.py:836} INFO - DAG(s) dict_keys(['example_trigger_controller_dag']) retrieved from /home/chinnu/.local/lib/python3.10/site-packages/airflow/example_dags/example_trigger_controller_dag.py
[2023-05-26T21:48:17.725+0400] {logging_mixin.py:149} INFO - [2023-05-26T21:48:17.724+0400] {dag.py:2726} INFO - Sync 1 DAGs
[2023-05-26T21:48:17.772+0400] {logging_mixin.py:149} INFO - [2023-05-26T21:48:17.771+0400] {dag.py:3486} INFO - Setting next_dagrun for example_trigger_controller_dag to 2021-01-01T00:00:00+00:00, run_after=2021-01-01T00:00:00+00:00
[2023-05-26T21:48:17.826+0400] {processor.py:179} INFO - Processing /home/chinnu/.local/lib/python3.10/site-packages/airflow/example_dags/example_trigger_controller_dag.py took 0.187 seconds
[2023-05-26T21:52:19.565+0400] {processor.py:157} INFO - Started process (PID=56) to work on /home/chinnu/.local/lib/python3.10/site-packages/airflow/example_dags/example_trigger_controller_dag.py
[2023-05-26T21:52:19.569+0400] {processor.py:826} INFO - Processing file /home/chinnu/.local/lib/python3.10/site-packages/airflow/example_dags/example_trigger_controller_dag.py for tasks to queue
[2023-05-26T21:52:19.571+0400] {logging_mixin.py:149} INFO - [2023-05-26T21:52:19.571+0400] {dagbag.py:541} INFO - Filling up the DagBag from /home/chinnu/.local/lib/python3.10/site-packages/airflow/example_dags/example_trigger_controller_dag.py
[2023-05-26T21:52:19.598+0400] {processor.py:836} INFO - DAG(s) dict_keys(['example_trigger_controller_dag']) retrieved from /home/chinnu/.local/lib/python3.10/site-packages/airflow/example_dags/example_trigger_controller_dag.py
[2023-05-26T21:52:19.685+0400] {logging_mixin.py:149} INFO - [2023-05-26T21:52:19.685+0400] {dag.py:2726} INFO - Sync 1 DAGs
[2023-05-26T21:52:19.743+0400] {logging_mixin.py:149} INFO - [2023-05-26T21:52:19.743+0400] {dag.py:3486} INFO - Setting next_dagrun for example_trigger_controller_dag to 2021-01-01T00:00:00+00:00, run_after=2021-01-01T00:00:00+00:00
[2023-05-26T21:52:19.797+0400] {processor.py:179} INFO - Processing /home/chinnu/.local/lib/python3.10/site-packages/airflow/example_dags/example_trigger_controller_dag.py took 0.246 seconds
[2023-05-26T21:53:19.015+0400] {processor.py:157} INFO - Started process (PID=107) to work on /home/chinnu/.local/lib/python3.10/site-packages/airflow/example_dags/example_trigger_controller_dag.py
[2023-05-26T21:53:19.016+0400] {processor.py:826} INFO - Processing file /home/chinnu/.local/lib/python3.10/site-packages/airflow/example_dags/example_trigger_controller_dag.py for tasks to queue
[2023-05-26T21:53:19.017+0400] {logging_mixin.py:149} INFO - [2023-05-26T21:53:19.017+0400] {dagbag.py:541} INFO - Filling up the DagBag from /home/chinnu/.local/lib/python3.10/site-packages/airflow/example_dags/example_trigger_controller_dag.py
[2023-05-26T21:53:19.026+0400] {processor.py:836} INFO - DAG(s) dict_keys(['example_trigger_controller_dag']) retrieved from /home/chinnu/.local/lib/python3.10/site-packages/airflow/example_dags/example_trigger_controller_dag.py
[2023-05-26T21:53:19.062+0400] {logging_mixin.py:149} INFO - [2023-05-26T21:53:19.061+0400] {dag.py:2726} INFO - Sync 1 DAGs
[2023-05-26T21:53:19.237+0400] {logging_mixin.py:149} INFO - [2023-05-26T21:53:19.237+0400] {dag.py:3486} INFO - Setting next_dagrun for example_trigger_controller_dag to 2021-01-01T00:00:00+00:00, run_after=2021-01-01T00:00:00+00:00
[2023-05-26T21:53:19.266+0400] {processor.py:179} INFO - Processing /home/chinnu/.local/lib/python3.10/site-packages/airflow/example_dags/example_trigger_controller_dag.py took 0.257 seconds
[2023-05-26T21:54:16.369+0400] {processor.py:157} INFO - Started process (PID=185) to work on /home/chinnu/.local/lib/python3.10/site-packages/airflow/example_dags/example_trigger_controller_dag.py
[2023-05-26T21:54:16.371+0400] {processor.py:826} INFO - Processing file /home/chinnu/.local/lib/python3.10/site-packages/airflow/example_dags/example_trigger_controller_dag.py for tasks to queue
[2023-05-26T21:54:16.372+0400] {logging_mixin.py:149} INFO - [2023-05-26T21:54:16.372+0400] {dagbag.py:541} INFO - Filling up the DagBag from /home/chinnu/.local/lib/python3.10/site-packages/airflow/example_dags/example_trigger_controller_dag.py
[2023-05-26T21:54:16.388+0400] {processor.py:836} INFO - DAG(s) dict_keys(['example_trigger_controller_dag']) retrieved from /home/chinnu/.local/lib/python3.10/site-packages/airflow/example_dags/example_trigger_controller_dag.py
[2023-05-26T21:54:16.464+0400] {logging_mixin.py:149} INFO - [2023-05-26T21:54:16.464+0400] {dag.py:2726} INFO - Sync 1 DAGs
[2023-05-26T21:54:16.519+0400] {logging_mixin.py:149} INFO - [2023-05-26T21:54:16.519+0400] {dag.py:3486} INFO - Setting next_dagrun for example_trigger_controller_dag to 2021-01-01T00:00:00+00:00, run_after=2021-01-01T00:00:00+00:00
[2023-05-26T21:54:16.579+0400] {processor.py:179} INFO - Processing /home/chinnu/.local/lib/python3.10/site-packages/airflow/example_dags/example_trigger_controller_dag.py took 0.222 seconds
[2023-05-26T22:06:01.802+0400] {processor.py:157} INFO - Started process (PID=2525) to work on /home/chinnu/.local/lib/python3.10/site-packages/airflow/example_dags/example_trigger_controller_dag.py
[2023-05-26T22:06:01.810+0400] {processor.py:826} INFO - Processing file /home/chinnu/.local/lib/python3.10/site-packages/airflow/example_dags/example_trigger_controller_dag.py for tasks to queue
[2023-05-26T22:06:01.811+0400] {logging_mixin.py:149} INFO - [2023-05-26T22:06:01.811+0400] {dagbag.py:541} INFO - Filling up the DagBag from /home/chinnu/.local/lib/python3.10/site-packages/airflow/example_dags/example_trigger_controller_dag.py
[2023-05-26T22:06:01.824+0400] {processor.py:836} INFO - DAG(s) dict_keys(['example_trigger_controller_dag']) retrieved from /home/chinnu/.local/lib/python3.10/site-packages/airflow/example_dags/example_trigger_controller_dag.py
[2023-05-26T22:06:01.862+0400] {logging_mixin.py:149} INFO - [2023-05-26T22:06:01.861+0400] {dag.py:2726} INFO - Sync 1 DAGs
[2023-05-26T22:06:01.886+0400] {logging_mixin.py:149} INFO - [2023-05-26T22:06:01.886+0400] {dag.py:3486} INFO - Setting next_dagrun for example_trigger_controller_dag to 2021-01-01T00:00:00+00:00, run_after=2021-01-01T00:00:00+00:00
[2023-05-26T22:06:01.920+0400] {processor.py:179} INFO - Processing /home/chinnu/.local/lib/python3.10/site-packages/airflow/example_dags/example_trigger_controller_dag.py took 0.124 seconds
[2023-05-26T22:07:13.496+0400] {processor.py:157} INFO - Started process (PID=2576) to work on /home/chinnu/.local/lib/python3.10/site-packages/airflow/example_dags/example_trigger_controller_dag.py
[2023-05-26T22:07:13.497+0400] {processor.py:826} INFO - Processing file /home/chinnu/.local/lib/python3.10/site-packages/airflow/example_dags/example_trigger_controller_dag.py for tasks to queue
[2023-05-26T22:07:13.500+0400] {logging_mixin.py:149} INFO - [2023-05-26T22:07:13.499+0400] {dagbag.py:541} INFO - Filling up the DagBag from /home/chinnu/.local/lib/python3.10/site-packages/airflow/example_dags/example_trigger_controller_dag.py
[2023-05-26T22:07:13.510+0400] {processor.py:836} INFO - DAG(s) dict_keys(['example_trigger_controller_dag']) retrieved from /home/chinnu/.local/lib/python3.10/site-packages/airflow/example_dags/example_trigger_controller_dag.py
[2023-05-26T22:07:13.567+0400] {logging_mixin.py:149} INFO - [2023-05-26T22:07:13.567+0400] {dag.py:2726} INFO - Sync 1 DAGs
[2023-05-26T22:07:13.747+0400] {logging_mixin.py:149} INFO - [2023-05-26T22:07:13.747+0400] {dag.py:3486} INFO - Setting next_dagrun for example_trigger_controller_dag to 2021-01-01T00:00:00+00:00, run_after=2021-01-01T00:00:00+00:00
[2023-05-26T22:07:13.792+0400] {processor.py:179} INFO - Processing /home/chinnu/.local/lib/python3.10/site-packages/airflow/example_dags/example_trigger_controller_dag.py took 0.311 seconds
[2023-05-26T22:08:00.726+0400] {processor.py:157} INFO - Started process (PID=2608) to work on /home/chinnu/.local/lib/python3.10/site-packages/airflow/example_dags/example_trigger_controller_dag.py
[2023-05-26T22:08:00.735+0400] {processor.py:826} INFO - Processing file /home/chinnu/.local/lib/python3.10/site-packages/airflow/example_dags/example_trigger_controller_dag.py for tasks to queue
[2023-05-26T22:08:00.738+0400] {logging_mixin.py:149} INFO - [2023-05-26T22:08:00.738+0400] {dagbag.py:541} INFO - Filling up the DagBag from /home/chinnu/.local/lib/python3.10/site-packages/airflow/example_dags/example_trigger_controller_dag.py
[2023-05-26T22:08:00.787+0400] {processor.py:836} INFO - DAG(s) dict_keys(['example_trigger_controller_dag']) retrieved from /home/chinnu/.local/lib/python3.10/site-packages/airflow/example_dags/example_trigger_controller_dag.py
[2023-05-26T22:08:01.454+0400] {logging_mixin.py:149} INFO - [2023-05-26T22:08:01.454+0400] {dag.py:2726} INFO - Sync 1 DAGs
[2023-05-26T22:08:01.543+0400] {logging_mixin.py:149} INFO - [2023-05-26T22:08:01.543+0400] {dag.py:3486} INFO - Setting next_dagrun for example_trigger_controller_dag to 2021-01-01T00:00:00+00:00, run_after=2021-01-01T00:00:00+00:00
[2023-05-26T22:08:01.641+0400] {processor.py:179} INFO - Processing /home/chinnu/.local/lib/python3.10/site-packages/airflow/example_dags/example_trigger_controller_dag.py took 0.945 seconds
[2023-05-26T22:08:51.998+0400] {processor.py:157} INFO - Started process (PID=2643) to work on /home/chinnu/.local/lib/python3.10/site-packages/airflow/example_dags/example_trigger_controller_dag.py
[2023-05-26T22:08:52.000+0400] {processor.py:826} INFO - Processing file /home/chinnu/.local/lib/python3.10/site-packages/airflow/example_dags/example_trigger_controller_dag.py for tasks to queue
[2023-05-26T22:08:52.002+0400] {logging_mixin.py:149} INFO - [2023-05-26T22:08:52.001+0400] {dagbag.py:541} INFO - Filling up the DagBag from /home/chinnu/.local/lib/python3.10/site-packages/airflow/example_dags/example_trigger_controller_dag.py
[2023-05-26T22:08:52.017+0400] {processor.py:836} INFO - DAG(s) dict_keys(['example_trigger_controller_dag']) retrieved from /home/chinnu/.local/lib/python3.10/site-packages/airflow/example_dags/example_trigger_controller_dag.py
[2023-05-26T22:08:52.076+0400] {logging_mixin.py:149} INFO - [2023-05-26T22:08:52.076+0400] {dag.py:2726} INFO - Sync 1 DAGs
[2023-05-26T22:08:52.122+0400] {logging_mixin.py:149} INFO - [2023-05-26T22:08:52.122+0400] {dag.py:3486} INFO - Setting next_dagrun for example_trigger_controller_dag to 2021-01-01T00:00:00+00:00, run_after=2021-01-01T00:00:00+00:00
[2023-05-26T22:08:52.166+0400] {processor.py:179} INFO - Processing /home/chinnu/.local/lib/python3.10/site-packages/airflow/example_dags/example_trigger_controller_dag.py took 0.178 seconds
