[2023-05-26T19:38:55.439+0400] {processor.py:157} INFO - Started process (PID=223) to work on /home/chinnu/.local/lib/python3.10/site-packages/airflow/example_dags/example_params_ui_tutorial.py
[2023-05-26T19:38:55.442+0400] {processor.py:826} INFO - Processing file /home/chinnu/.local/lib/python3.10/site-packages/airflow/example_dags/example_params_ui_tutorial.py for tasks to queue
[2023-05-26T19:38:55.444+0400] {logging_mixin.py:149} INFO - [2023-05-26T19:38:55.444+0400] {dagbag.py:541} INFO - Filling up the DagBag from /home/chinnu/.local/lib/python3.10/site-packages/airflow/example_dags/example_params_ui_tutorial.py
[2023-05-26T19:38:55.512+0400] {processor.py:836} INFO - DAG(s) dict_keys(['example_params_ui_tutorial']) retrieved from /home/chinnu/.local/lib/python3.10/site-packages/airflow/example_dags/example_params_ui_tutorial.py
[2023-05-26T19:38:55.609+0400] {logging_mixin.py:149} INFO - [2023-05-26T19:38:55.609+0400] {dag.py:2726} INFO - Sync 1 DAGs
[2023-05-26T19:38:55.626+0400] {logging_mixin.py:149} INFO - [2023-05-26T19:38:55.626+0400] {dag.py:3486} INFO - Setting next_dagrun for example_params_ui_tutorial to None, run_after=None
[2023-05-26T19:38:55.660+0400] {processor.py:179} INFO - Processing /home/chinnu/.local/lib/python3.10/site-packages/airflow/example_dags/example_params_ui_tutorial.py took 0.232 seconds
[2023-05-26T19:39:52.284+0400] {processor.py:157} INFO - Started process (PID=273) to work on /home/chinnu/.local/lib/python3.10/site-packages/airflow/example_dags/example_params_ui_tutorial.py
[2023-05-26T19:39:52.286+0400] {processor.py:826} INFO - Processing file /home/chinnu/.local/lib/python3.10/site-packages/airflow/example_dags/example_params_ui_tutorial.py for tasks to queue
[2023-05-26T19:39:52.287+0400] {logging_mixin.py:149} INFO - [2023-05-26T19:39:52.287+0400] {dagbag.py:541} INFO - Filling up the DagBag from /home/chinnu/.local/lib/python3.10/site-packages/airflow/example_dags/example_params_ui_tutorial.py
[2023-05-26T19:39:52.340+0400] {processor.py:836} INFO - DAG(s) dict_keys(['example_params_ui_tutorial']) retrieved from /home/chinnu/.local/lib/python3.10/site-packages/airflow/example_dags/example_params_ui_tutorial.py
[2023-05-26T19:39:52.401+0400] {logging_mixin.py:149} INFO - [2023-05-26T19:39:52.401+0400] {dag.py:2726} INFO - Sync 1 DAGs
[2023-05-26T19:39:52.420+0400] {logging_mixin.py:149} INFO - [2023-05-26T19:39:52.420+0400] {dag.py:3486} INFO - Setting next_dagrun for example_params_ui_tutorial to None, run_after=None
[2023-05-26T19:39:52.451+0400] {processor.py:179} INFO - Processing /home/chinnu/.local/lib/python3.10/site-packages/airflow/example_dags/example_params_ui_tutorial.py took 0.174 seconds
[2023-05-26T19:40:44.662+0400] {processor.py:157} INFO - Started process (PID=836) to work on /home/chinnu/.local/lib/python3.10/site-packages/airflow/example_dags/example_params_ui_tutorial.py
[2023-05-26T19:40:44.664+0400] {processor.py:826} INFO - Processing file /home/chinnu/.local/lib/python3.10/site-packages/airflow/example_dags/example_params_ui_tutorial.py for tasks to queue
[2023-05-26T19:40:44.665+0400] {logging_mixin.py:149} INFO - [2023-05-26T19:40:44.665+0400] {dagbag.py:541} INFO - Filling up the DagBag from /home/chinnu/.local/lib/python3.10/site-packages/airflow/example_dags/example_params_ui_tutorial.py
[2023-05-26T19:40:44.716+0400] {processor.py:836} INFO - DAG(s) dict_keys(['example_params_ui_tutorial']) retrieved from /home/chinnu/.local/lib/python3.10/site-packages/airflow/example_dags/example_params_ui_tutorial.py
[2023-05-26T19:40:44.776+0400] {logging_mixin.py:149} INFO - [2023-05-26T19:40:44.776+0400] {dag.py:2726} INFO - Sync 1 DAGs
[2023-05-26T19:40:44.797+0400] {logging_mixin.py:149} INFO - [2023-05-26T19:40:44.797+0400] {dag.py:3486} INFO - Setting next_dagrun for example_params_ui_tutorial to None, run_after=None
[2023-05-26T19:40:44.828+0400] {processor.py:179} INFO - Processing /home/chinnu/.local/lib/python3.10/site-packages/airflow/example_dags/example_params_ui_tutorial.py took 0.176 seconds
[2023-05-26T19:42:18.447+0400] {processor.py:157} INFO - Started process (PID=1438) to work on /home/chinnu/.local/lib/python3.10/site-packages/airflow/example_dags/example_params_ui_tutorial.py
[2023-05-26T19:42:18.449+0400] {processor.py:826} INFO - Processing file /home/chinnu/.local/lib/python3.10/site-packages/airflow/example_dags/example_params_ui_tutorial.py for tasks to queue
[2023-05-26T19:42:18.451+0400] {logging_mixin.py:149} INFO - [2023-05-26T19:42:18.451+0400] {dagbag.py:541} INFO - Filling up the DagBag from /home/chinnu/.local/lib/python3.10/site-packages/airflow/example_dags/example_params_ui_tutorial.py
[2023-05-26T19:42:18.528+0400] {processor.py:836} INFO - DAG(s) dict_keys(['example_params_ui_tutorial']) retrieved from /home/chinnu/.local/lib/python3.10/site-packages/airflow/example_dags/example_params_ui_tutorial.py
[2023-05-26T19:42:18.627+0400] {logging_mixin.py:149} INFO - [2023-05-26T19:42:18.626+0400] {dag.py:2726} INFO - Sync 1 DAGs
[2023-05-26T19:42:18.956+0400] {logging_mixin.py:149} INFO - [2023-05-26T19:42:18.956+0400] {dag.py:3486} INFO - Setting next_dagrun for example_params_ui_tutorial to None, run_after=None
[2023-05-26T19:42:19.028+0400] {processor.py:179} INFO - Processing /home/chinnu/.local/lib/python3.10/site-packages/airflow/example_dags/example_params_ui_tutorial.py took 0.589 seconds
[2023-05-26T19:43:33.372+0400] {processor.py:157} INFO - Started process (PID=1498) to work on /home/chinnu/.local/lib/python3.10/site-packages/airflow/example_dags/example_params_ui_tutorial.py
[2023-05-26T19:43:33.378+0400] {processor.py:826} INFO - Processing file /home/chinnu/.local/lib/python3.10/site-packages/airflow/example_dags/example_params_ui_tutorial.py for tasks to queue
[2023-05-26T19:43:33.380+0400] {logging_mixin.py:149} INFO - [2023-05-26T19:43:33.380+0400] {dagbag.py:541} INFO - Filling up the DagBag from /home/chinnu/.local/lib/python3.10/site-packages/airflow/example_dags/example_params_ui_tutorial.py
[2023-05-26T19:43:33.708+0400] {processor.py:836} INFO - DAG(s) dict_keys(['example_params_ui_tutorial']) retrieved from /home/chinnu/.local/lib/python3.10/site-packages/airflow/example_dags/example_params_ui_tutorial.py
[2023-05-26T19:43:33.764+0400] {logging_mixin.py:149} INFO - [2023-05-26T19:43:33.763+0400] {dag.py:2726} INFO - Sync 1 DAGs
[2023-05-26T19:43:33.784+0400] {logging_mixin.py:149} INFO - [2023-05-26T19:43:33.784+0400] {dag.py:3486} INFO - Setting next_dagrun for example_params_ui_tutorial to None, run_after=None
[2023-05-26T19:43:33.813+0400] {processor.py:179} INFO - Processing /home/chinnu/.local/lib/python3.10/site-packages/airflow/example_dags/example_params_ui_tutorial.py took 0.466 seconds
[2023-05-26T19:44:40.537+0400] {processor.py:157} INFO - Started process (PID=1555) to work on /home/chinnu/.local/lib/python3.10/site-packages/airflow/example_dags/example_params_ui_tutorial.py
[2023-05-26T19:44:40.542+0400] {processor.py:826} INFO - Processing file /home/chinnu/.local/lib/python3.10/site-packages/airflow/example_dags/example_params_ui_tutorial.py for tasks to queue
[2023-05-26T19:44:40.545+0400] {logging_mixin.py:149} INFO - [2023-05-26T19:44:40.545+0400] {dagbag.py:541} INFO - Filling up the DagBag from /home/chinnu/.local/lib/python3.10/site-packages/airflow/example_dags/example_params_ui_tutorial.py
[2023-05-26T19:44:40.665+0400] {processor.py:836} INFO - DAG(s) dict_keys(['example_params_ui_tutorial']) retrieved from /home/chinnu/.local/lib/python3.10/site-packages/airflow/example_dags/example_params_ui_tutorial.py
[2023-05-26T19:44:40.824+0400] {logging_mixin.py:149} INFO - [2023-05-26T19:44:40.824+0400] {dag.py:2726} INFO - Sync 1 DAGs
[2023-05-26T19:44:40.883+0400] {logging_mixin.py:149} INFO - [2023-05-26T19:44:40.883+0400] {dag.py:3486} INFO - Setting next_dagrun for example_params_ui_tutorial to None, run_after=None
[2023-05-26T19:44:40.969+0400] {processor.py:179} INFO - Processing /home/chinnu/.local/lib/python3.10/site-packages/airflow/example_dags/example_params_ui_tutorial.py took 0.446 seconds
[2023-05-26T19:45:43.774+0400] {processor.py:157} INFO - Started process (PID=1607) to work on /home/chinnu/.local/lib/python3.10/site-packages/airflow/example_dags/example_params_ui_tutorial.py
[2023-05-26T19:45:43.778+0400] {processor.py:826} INFO - Processing file /home/chinnu/.local/lib/python3.10/site-packages/airflow/example_dags/example_params_ui_tutorial.py for tasks to queue
[2023-05-26T19:45:43.780+0400] {logging_mixin.py:149} INFO - [2023-05-26T19:45:43.779+0400] {dagbag.py:541} INFO - Filling up the DagBag from /home/chinnu/.local/lib/python3.10/site-packages/airflow/example_dags/example_params_ui_tutorial.py
[2023-05-26T19:45:43.841+0400] {processor.py:836} INFO - DAG(s) dict_keys(['example_params_ui_tutorial']) retrieved from /home/chinnu/.local/lib/python3.10/site-packages/airflow/example_dags/example_params_ui_tutorial.py
[2023-05-26T19:45:43.901+0400] {logging_mixin.py:149} INFO - [2023-05-26T19:45:43.901+0400] {dag.py:2726} INFO - Sync 1 DAGs
[2023-05-26T19:45:43.924+0400] {logging_mixin.py:149} INFO - [2023-05-26T19:45:43.923+0400] {dag.py:3486} INFO - Setting next_dagrun for example_params_ui_tutorial to None, run_after=None
[2023-05-26T19:45:43.955+0400] {processor.py:179} INFO - Processing /home/chinnu/.local/lib/python3.10/site-packages/airflow/example_dags/example_params_ui_tutorial.py took 0.193 seconds
[2023-05-26T19:48:21.024+0400] {processor.py:157} INFO - Started process (PID=1703) to work on /home/chinnu/.local/lib/python3.10/site-packages/airflow/example_dags/example_params_ui_tutorial.py
[2023-05-26T19:48:21.026+0400] {processor.py:826} INFO - Processing file /home/chinnu/.local/lib/python3.10/site-packages/airflow/example_dags/example_params_ui_tutorial.py for tasks to queue
[2023-05-26T19:48:21.027+0400] {logging_mixin.py:149} INFO - [2023-05-26T19:48:21.026+0400] {dagbag.py:541} INFO - Filling up the DagBag from /home/chinnu/.local/lib/python3.10/site-packages/airflow/example_dags/example_params_ui_tutorial.py
[2023-05-26T19:48:21.082+0400] {processor.py:836} INFO - DAG(s) dict_keys(['example_params_ui_tutorial']) retrieved from /home/chinnu/.local/lib/python3.10/site-packages/airflow/example_dags/example_params_ui_tutorial.py
[2023-05-26T19:48:21.241+0400] {logging_mixin.py:149} INFO - [2023-05-26T19:48:21.240+0400] {dag.py:2726} INFO - Sync 1 DAGs
[2023-05-26T19:48:21.483+0400] {logging_mixin.py:149} INFO - [2023-05-26T19:48:21.483+0400] {dag.py:3486} INFO - Setting next_dagrun for example_params_ui_tutorial to None, run_after=None
[2023-05-26T19:48:21.516+0400] {processor.py:179} INFO - Processing /home/chinnu/.local/lib/python3.10/site-packages/airflow/example_dags/example_params_ui_tutorial.py took 0.499 seconds
[2023-05-26T21:05:45.298+0400] {processor.py:157} INFO - Started process (PID=86) to work on /home/chinnu/.local/lib/python3.10/site-packages/airflow/example_dags/example_params_ui_tutorial.py
[2023-05-26T21:05:45.306+0400] {processor.py:826} INFO - Processing file /home/chinnu/.local/lib/python3.10/site-packages/airflow/example_dags/example_params_ui_tutorial.py for tasks to queue
[2023-05-26T21:05:45.308+0400] {logging_mixin.py:149} INFO - [2023-05-26T21:05:45.308+0400] {dagbag.py:541} INFO - Filling up the DagBag from /home/chinnu/.local/lib/python3.10/site-packages/airflow/example_dags/example_params_ui_tutorial.py
[2023-05-26T21:05:45.363+0400] {processor.py:836} INFO - DAG(s) dict_keys(['example_params_ui_tutorial']) retrieved from /home/chinnu/.local/lib/python3.10/site-packages/airflow/example_dags/example_params_ui_tutorial.py
[2023-05-26T21:05:45.425+0400] {logging_mixin.py:149} INFO - [2023-05-26T21:05:45.424+0400] {dag.py:2726} INFO - Sync 1 DAGs
[2023-05-26T21:05:45.599+0400] {logging_mixin.py:149} INFO - [2023-05-26T21:05:45.599+0400] {dag.py:3486} INFO - Setting next_dagrun for example_params_ui_tutorial to None, run_after=None
[2023-05-26T21:05:45.629+0400] {processor.py:179} INFO - Processing /home/chinnu/.local/lib/python3.10/site-packages/airflow/example_dags/example_params_ui_tutorial.py took 0.338 seconds
[2023-05-26T21:06:54.696+0400] {processor.py:157} INFO - Started process (PID=169) to work on /home/chinnu/.local/lib/python3.10/site-packages/airflow/example_dags/example_params_ui_tutorial.py
[2023-05-26T21:06:54.698+0400] {processor.py:826} INFO - Processing file /home/chinnu/.local/lib/python3.10/site-packages/airflow/example_dags/example_params_ui_tutorial.py for tasks to queue
[2023-05-26T21:06:54.699+0400] {logging_mixin.py:149} INFO - [2023-05-26T21:06:54.699+0400] {dagbag.py:541} INFO - Filling up the DagBag from /home/chinnu/.local/lib/python3.10/site-packages/airflow/example_dags/example_params_ui_tutorial.py
[2023-05-26T21:06:54.967+0400] {processor.py:836} INFO - DAG(s) dict_keys(['example_params_ui_tutorial']) retrieved from /home/chinnu/.local/lib/python3.10/site-packages/airflow/example_dags/example_params_ui_tutorial.py
[2023-05-26T21:06:55.019+0400] {logging_mixin.py:149} INFO - [2023-05-26T21:06:55.019+0400] {dag.py:2726} INFO - Sync 1 DAGs
[2023-05-26T21:06:55.037+0400] {logging_mixin.py:149} INFO - [2023-05-26T21:06:55.037+0400] {dag.py:3486} INFO - Setting next_dagrun for example_params_ui_tutorial to None, run_after=None
[2023-05-26T21:06:55.066+0400] {processor.py:179} INFO - Processing /home/chinnu/.local/lib/python3.10/site-packages/airflow/example_dags/example_params_ui_tutorial.py took 0.377 seconds
[2023-05-26T21:10:49.846+0400] {processor.py:157} INFO - Started process (PID=1924) to work on /home/chinnu/.local/lib/python3.10/site-packages/airflow/example_dags/example_params_ui_tutorial.py
[2023-05-26T21:10:49.849+0400] {processor.py:826} INFO - Processing file /home/chinnu/.local/lib/python3.10/site-packages/airflow/example_dags/example_params_ui_tutorial.py for tasks to queue
[2023-05-26T21:10:49.850+0400] {logging_mixin.py:149} INFO - [2023-05-26T21:10:49.850+0400] {dagbag.py:541} INFO - Filling up the DagBag from /home/chinnu/.local/lib/python3.10/site-packages/airflow/example_dags/example_params_ui_tutorial.py
[2023-05-26T21:10:49.921+0400] {processor.py:836} INFO - DAG(s) dict_keys(['example_params_ui_tutorial']) retrieved from /home/chinnu/.local/lib/python3.10/site-packages/airflow/example_dags/example_params_ui_tutorial.py
[2023-05-26T21:10:50.008+0400] {logging_mixin.py:149} INFO - [2023-05-26T21:10:50.008+0400] {dag.py:2726} INFO - Sync 1 DAGs
[2023-05-26T21:10:50.202+0400] {logging_mixin.py:149} INFO - [2023-05-26T21:10:50.202+0400] {dag.py:3486} INFO - Setting next_dagrun for example_params_ui_tutorial to None, run_after=None
[2023-05-26T21:10:50.229+0400] {processor.py:179} INFO - Processing /home/chinnu/.local/lib/python3.10/site-packages/airflow/example_dags/example_params_ui_tutorial.py took 0.393 seconds
[2023-05-26T21:12:48.503+0400] {processor.py:157} INFO - Started process (PID=2034) to work on /home/chinnu/.local/lib/python3.10/site-packages/airflow/example_dags/example_params_ui_tutorial.py
[2023-05-26T21:12:48.506+0400] {processor.py:826} INFO - Processing file /home/chinnu/.local/lib/python3.10/site-packages/airflow/example_dags/example_params_ui_tutorial.py for tasks to queue
[2023-05-26T21:12:48.508+0400] {logging_mixin.py:149} INFO - [2023-05-26T21:12:48.508+0400] {dagbag.py:541} INFO - Filling up the DagBag from /home/chinnu/.local/lib/python3.10/site-packages/airflow/example_dags/example_params_ui_tutorial.py
[2023-05-26T21:12:48.756+0400] {processor.py:836} INFO - DAG(s) dict_keys(['example_params_ui_tutorial']) retrieved from /home/chinnu/.local/lib/python3.10/site-packages/airflow/example_dags/example_params_ui_tutorial.py
[2023-05-26T21:12:48.808+0400] {logging_mixin.py:149} INFO - [2023-05-26T21:12:48.808+0400] {dag.py:2726} INFO - Sync 1 DAGs
[2023-05-26T21:12:48.827+0400] {logging_mixin.py:149} INFO - [2023-05-26T21:12:48.826+0400] {dag.py:3486} INFO - Setting next_dagrun for example_params_ui_tutorial to None, run_after=None
[2023-05-26T21:12:48.855+0400] {processor.py:179} INFO - Processing /home/chinnu/.local/lib/python3.10/site-packages/airflow/example_dags/example_params_ui_tutorial.py took 0.365 seconds
[2023-05-26T21:13:32.128+0400] {processor.py:157} INFO - Started process (PID=2084) to work on /home/chinnu/.local/lib/python3.10/site-packages/airflow/example_dags/example_params_ui_tutorial.py
[2023-05-26T21:13:32.131+0400] {processor.py:826} INFO - Processing file /home/chinnu/.local/lib/python3.10/site-packages/airflow/example_dags/example_params_ui_tutorial.py for tasks to queue
[2023-05-26T21:13:32.133+0400] {logging_mixin.py:149} INFO - [2023-05-26T21:13:32.133+0400] {dagbag.py:541} INFO - Filling up the DagBag from /home/chinnu/.local/lib/python3.10/site-packages/airflow/example_dags/example_params_ui_tutorial.py
[2023-05-26T21:13:32.196+0400] {processor.py:836} INFO - DAG(s) dict_keys(['example_params_ui_tutorial']) retrieved from /home/chinnu/.local/lib/python3.10/site-packages/airflow/example_dags/example_params_ui_tutorial.py
[2023-05-26T21:13:32.256+0400] {logging_mixin.py:149} INFO - [2023-05-26T21:13:32.255+0400] {dag.py:2726} INFO - Sync 1 DAGs
[2023-05-26T21:13:32.278+0400] {logging_mixin.py:149} INFO - [2023-05-26T21:13:32.278+0400] {dag.py:3486} INFO - Setting next_dagrun for example_params_ui_tutorial to None, run_after=None
[2023-05-26T21:13:32.310+0400] {processor.py:179} INFO - Processing /home/chinnu/.local/lib/python3.10/site-packages/airflow/example_dags/example_params_ui_tutorial.py took 0.194 seconds
[2023-05-26T21:14:17.744+0400] {processor.py:157} INFO - Started process (PID=2137) to work on /home/chinnu/.local/lib/python3.10/site-packages/airflow/example_dags/example_params_ui_tutorial.py
[2023-05-26T21:14:17.748+0400] {processor.py:826} INFO - Processing file /home/chinnu/.local/lib/python3.10/site-packages/airflow/example_dags/example_params_ui_tutorial.py for tasks to queue
[2023-05-26T21:14:17.749+0400] {logging_mixin.py:149} INFO - [2023-05-26T21:14:17.749+0400] {dagbag.py:541} INFO - Filling up the DagBag from /home/chinnu/.local/lib/python3.10/site-packages/airflow/example_dags/example_params_ui_tutorial.py
[2023-05-26T21:14:17.813+0400] {processor.py:836} INFO - DAG(s) dict_keys(['example_params_ui_tutorial']) retrieved from /home/chinnu/.local/lib/python3.10/site-packages/airflow/example_dags/example_params_ui_tutorial.py
[2023-05-26T21:14:17.875+0400] {logging_mixin.py:149} INFO - [2023-05-26T21:14:17.875+0400] {dag.py:2726} INFO - Sync 1 DAGs
[2023-05-26T21:14:17.898+0400] {logging_mixin.py:149} INFO - [2023-05-26T21:14:17.898+0400] {dag.py:3486} INFO - Setting next_dagrun for example_params_ui_tutorial to None, run_after=None
[2023-05-26T21:14:17.924+0400] {processor.py:179} INFO - Processing /home/chinnu/.local/lib/python3.10/site-packages/airflow/example_dags/example_params_ui_tutorial.py took 0.193 seconds
[2023-05-26T21:15:01.306+0400] {processor.py:157} INFO - Started process (PID=2199) to work on /home/chinnu/.local/lib/python3.10/site-packages/airflow/example_dags/example_params_ui_tutorial.py
[2023-05-26T21:15:01.308+0400] {processor.py:826} INFO - Processing file /home/chinnu/.local/lib/python3.10/site-packages/airflow/example_dags/example_params_ui_tutorial.py for tasks to queue
[2023-05-26T21:15:01.309+0400] {logging_mixin.py:149} INFO - [2023-05-26T21:15:01.309+0400] {dagbag.py:541} INFO - Filling up the DagBag from /home/chinnu/.local/lib/python3.10/site-packages/airflow/example_dags/example_params_ui_tutorial.py
[2023-05-26T21:15:01.390+0400] {processor.py:836} INFO - DAG(s) dict_keys(['example_params_ui_tutorial']) retrieved from /home/chinnu/.local/lib/python3.10/site-packages/airflow/example_dags/example_params_ui_tutorial.py
[2023-05-26T21:15:01.490+0400] {logging_mixin.py:149} INFO - [2023-05-26T21:15:01.489+0400] {dag.py:2726} INFO - Sync 1 DAGs
[2023-05-26T21:15:01.516+0400] {logging_mixin.py:149} INFO - [2023-05-26T21:15:01.516+0400] {dag.py:3486} INFO - Setting next_dagrun for example_params_ui_tutorial to None, run_after=None
[2023-05-26T21:15:01.544+0400] {processor.py:179} INFO - Processing /home/chinnu/.local/lib/python3.10/site-packages/airflow/example_dags/example_params_ui_tutorial.py took 0.247 seconds
[2023-05-26T21:15:42.397+0400] {processor.py:157} INFO - Started process (PID=9439) to work on /home/chinnu/.local/lib/python3.10/site-packages/airflow/example_dags/example_params_ui_tutorial.py
[2023-05-26T21:15:42.399+0400] {processor.py:826} INFO - Processing file /home/chinnu/.local/lib/python3.10/site-packages/airflow/example_dags/example_params_ui_tutorial.py for tasks to queue
[2023-05-26T21:15:42.400+0400] {logging_mixin.py:149} INFO - [2023-05-26T21:15:42.400+0400] {dagbag.py:541} INFO - Filling up the DagBag from /home/chinnu/.local/lib/python3.10/site-packages/airflow/example_dags/example_params_ui_tutorial.py
[2023-05-26T21:15:42.467+0400] {processor.py:836} INFO - DAG(s) dict_keys(['example_params_ui_tutorial']) retrieved from /home/chinnu/.local/lib/python3.10/site-packages/airflow/example_dags/example_params_ui_tutorial.py
[2023-05-26T21:15:42.532+0400] {logging_mixin.py:149} INFO - [2023-05-26T21:15:42.532+0400] {dag.py:2726} INFO - Sync 1 DAGs
[2023-05-26T21:15:42.557+0400] {logging_mixin.py:149} INFO - [2023-05-26T21:15:42.557+0400] {dag.py:3486} INFO - Setting next_dagrun for example_params_ui_tutorial to None, run_after=None
[2023-05-26T21:15:42.593+0400] {processor.py:179} INFO - Processing /home/chinnu/.local/lib/python3.10/site-packages/airflow/example_dags/example_params_ui_tutorial.py took 0.208 seconds
[2023-05-26T21:16:23.965+0400] {processor.py:157} INFO - Started process (PID=16687) to work on /home/chinnu/.local/lib/python3.10/site-packages/airflow/example_dags/example_params_ui_tutorial.py
[2023-05-26T21:16:23.968+0400] {processor.py:826} INFO - Processing file /home/chinnu/.local/lib/python3.10/site-packages/airflow/example_dags/example_params_ui_tutorial.py for tasks to queue
[2023-05-26T21:16:23.972+0400] {logging_mixin.py:149} INFO - [2023-05-26T21:16:23.971+0400] {dagbag.py:541} INFO - Filling up the DagBag from /home/chinnu/.local/lib/python3.10/site-packages/airflow/example_dags/example_params_ui_tutorial.py
[2023-05-26T21:16:24.059+0400] {processor.py:836} INFO - DAG(s) dict_keys(['example_params_ui_tutorial']) retrieved from /home/chinnu/.local/lib/python3.10/site-packages/airflow/example_dags/example_params_ui_tutorial.py
[2023-05-26T21:16:24.137+0400] {logging_mixin.py:149} INFO - [2023-05-26T21:16:24.137+0400] {dag.py:2726} INFO - Sync 1 DAGs
[2023-05-26T21:16:24.163+0400] {logging_mixin.py:149} INFO - [2023-05-26T21:16:24.163+0400] {dag.py:3486} INFO - Setting next_dagrun for example_params_ui_tutorial to None, run_after=None
[2023-05-26T21:16:24.198+0400] {processor.py:179} INFO - Processing /home/chinnu/.local/lib/python3.10/site-packages/airflow/example_dags/example_params_ui_tutorial.py took 0.249 seconds
[2023-05-26T21:17:31.249+0400] {processor.py:157} INFO - Started process (PID=16770) to work on /home/chinnu/.local/lib/python3.10/site-packages/airflow/example_dags/example_params_ui_tutorial.py
[2023-05-26T21:17:31.254+0400] {processor.py:826} INFO - Processing file /home/chinnu/.local/lib/python3.10/site-packages/airflow/example_dags/example_params_ui_tutorial.py for tasks to queue
[2023-05-26T21:17:31.257+0400] {logging_mixin.py:149} INFO - [2023-05-26T21:17:31.257+0400] {dagbag.py:541} INFO - Filling up the DagBag from /home/chinnu/.local/lib/python3.10/site-packages/airflow/example_dags/example_params_ui_tutorial.py
[2023-05-26T21:17:31.337+0400] {processor.py:836} INFO - DAG(s) dict_keys(['example_params_ui_tutorial']) retrieved from /home/chinnu/.local/lib/python3.10/site-packages/airflow/example_dags/example_params_ui_tutorial.py
[2023-05-26T21:17:31.405+0400] {logging_mixin.py:149} INFO - [2023-05-26T21:17:31.405+0400] {dag.py:2726} INFO - Sync 1 DAGs
[2023-05-26T21:17:31.430+0400] {logging_mixin.py:149} INFO - [2023-05-26T21:17:31.430+0400] {dag.py:3486} INFO - Setting next_dagrun for example_params_ui_tutorial to None, run_after=None
[2023-05-26T21:17:31.476+0400] {processor.py:179} INFO - Processing /home/chinnu/.local/lib/python3.10/site-packages/airflow/example_dags/example_params_ui_tutorial.py took 0.249 seconds
[2023-05-26T21:19:08.078+0400] {processor.py:157} INFO - Started process (PID=16859) to work on /home/chinnu/.local/lib/python3.10/site-packages/airflow/example_dags/example_params_ui_tutorial.py
[2023-05-26T21:19:08.082+0400] {processor.py:826} INFO - Processing file /home/chinnu/.local/lib/python3.10/site-packages/airflow/example_dags/example_params_ui_tutorial.py for tasks to queue
[2023-05-26T21:19:08.084+0400] {logging_mixin.py:149} INFO - [2023-05-26T21:19:08.084+0400] {dagbag.py:541} INFO - Filling up the DagBag from /home/chinnu/.local/lib/python3.10/site-packages/airflow/example_dags/example_params_ui_tutorial.py
[2023-05-26T21:19:08.205+0400] {processor.py:836} INFO - DAG(s) dict_keys(['example_params_ui_tutorial']) retrieved from /home/chinnu/.local/lib/python3.10/site-packages/airflow/example_dags/example_params_ui_tutorial.py
[2023-05-26T21:19:08.333+0400] {logging_mixin.py:149} INFO - [2023-05-26T21:19:08.332+0400] {dag.py:2726} INFO - Sync 1 DAGs
[2023-05-26T21:19:08.565+0400] {logging_mixin.py:149} INFO - [2023-05-26T21:19:08.565+0400] {dag.py:3486} INFO - Setting next_dagrun for example_params_ui_tutorial to None, run_after=None
[2023-05-26T21:19:08.604+0400] {processor.py:179} INFO - Processing /home/chinnu/.local/lib/python3.10/site-packages/airflow/example_dags/example_params_ui_tutorial.py took 0.540 seconds
[2023-05-26T21:19:53.631+0400] {processor.py:157} INFO - Started process (PID=16909) to work on /home/chinnu/.local/lib/python3.10/site-packages/airflow/example_dags/example_params_ui_tutorial.py
[2023-05-26T21:19:53.635+0400] {processor.py:826} INFO - Processing file /home/chinnu/.local/lib/python3.10/site-packages/airflow/example_dags/example_params_ui_tutorial.py for tasks to queue
[2023-05-26T21:19:53.636+0400] {logging_mixin.py:149} INFO - [2023-05-26T21:19:53.636+0400] {dagbag.py:541} INFO - Filling up the DagBag from /home/chinnu/.local/lib/python3.10/site-packages/airflow/example_dags/example_params_ui_tutorial.py
[2023-05-26T21:19:53.977+0400] {processor.py:836} INFO - DAG(s) dict_keys(['example_params_ui_tutorial']) retrieved from /home/chinnu/.local/lib/python3.10/site-packages/airflow/example_dags/example_params_ui_tutorial.py
[2023-05-26T21:19:54.046+0400] {logging_mixin.py:149} INFO - [2023-05-26T21:19:54.046+0400] {dag.py:2726} INFO - Sync 1 DAGs
[2023-05-26T21:19:54.065+0400] {logging_mixin.py:149} INFO - [2023-05-26T21:19:54.065+0400] {dag.py:3486} INFO - Setting next_dagrun for example_params_ui_tutorial to None, run_after=None
[2023-05-26T21:19:54.097+0400] {processor.py:179} INFO - Processing /home/chinnu/.local/lib/python3.10/site-packages/airflow/example_dags/example_params_ui_tutorial.py took 0.483 seconds
[2023-05-26T21:21:05.269+0400] {processor.py:157} INFO - Started process (PID=16991) to work on /home/chinnu/.local/lib/python3.10/site-packages/airflow/example_dags/example_params_ui_tutorial.py
[2023-05-26T21:21:05.271+0400] {processor.py:826} INFO - Processing file /home/chinnu/.local/lib/python3.10/site-packages/airflow/example_dags/example_params_ui_tutorial.py for tasks to queue
[2023-05-26T21:21:05.273+0400] {logging_mixin.py:149} INFO - [2023-05-26T21:21:05.272+0400] {dagbag.py:541} INFO - Filling up the DagBag from /home/chinnu/.local/lib/python3.10/site-packages/airflow/example_dags/example_params_ui_tutorial.py
[2023-05-26T21:21:05.352+0400] {processor.py:836} INFO - DAG(s) dict_keys(['example_params_ui_tutorial']) retrieved from /home/chinnu/.local/lib/python3.10/site-packages/airflow/example_dags/example_params_ui_tutorial.py
[2023-05-26T21:21:05.516+0400] {logging_mixin.py:149} INFO - [2023-05-26T21:21:05.516+0400] {dag.py:2726} INFO - Sync 1 DAGs
[2023-05-26T21:21:05.566+0400] {logging_mixin.py:149} INFO - [2023-05-26T21:21:05.566+0400] {dag.py:3486} INFO - Setting next_dagrun for example_params_ui_tutorial to None, run_after=None
[2023-05-26T21:21:05.599+0400] {processor.py:179} INFO - Processing /home/chinnu/.local/lib/python3.10/site-packages/airflow/example_dags/example_params_ui_tutorial.py took 0.339 seconds
[2023-05-26T21:21:49.531+0400] {processor.py:157} INFO - Started process (PID=17042) to work on /home/chinnu/.local/lib/python3.10/site-packages/airflow/example_dags/example_params_ui_tutorial.py
[2023-05-26T21:21:49.533+0400] {processor.py:826} INFO - Processing file /home/chinnu/.local/lib/python3.10/site-packages/airflow/example_dags/example_params_ui_tutorial.py for tasks to queue
[2023-05-26T21:21:49.534+0400] {logging_mixin.py:149} INFO - [2023-05-26T21:21:49.534+0400] {dagbag.py:541} INFO - Filling up the DagBag from /home/chinnu/.local/lib/python3.10/site-packages/airflow/example_dags/example_params_ui_tutorial.py
[2023-05-26T21:21:49.591+0400] {processor.py:836} INFO - DAG(s) dict_keys(['example_params_ui_tutorial']) retrieved from /home/chinnu/.local/lib/python3.10/site-packages/airflow/example_dags/example_params_ui_tutorial.py
[2023-05-26T21:21:49.653+0400] {logging_mixin.py:149} INFO - [2023-05-26T21:21:49.653+0400] {dag.py:2726} INFO - Sync 1 DAGs
[2023-05-26T21:21:49.677+0400] {logging_mixin.py:149} INFO - [2023-05-26T21:21:49.677+0400] {dag.py:3486} INFO - Setting next_dagrun for example_params_ui_tutorial to None, run_after=None
[2023-05-26T21:21:49.703+0400] {processor.py:179} INFO - Processing /home/chinnu/.local/lib/python3.10/site-packages/airflow/example_dags/example_params_ui_tutorial.py took 0.180 seconds
[2023-05-26T21:22:31.077+0400] {processor.py:157} INFO - Started process (PID=17092) to work on /home/chinnu/.local/lib/python3.10/site-packages/airflow/example_dags/example_params_ui_tutorial.py
[2023-05-26T21:22:31.080+0400] {processor.py:826} INFO - Processing file /home/chinnu/.local/lib/python3.10/site-packages/airflow/example_dags/example_params_ui_tutorial.py for tasks to queue
[2023-05-26T21:22:31.082+0400] {logging_mixin.py:149} INFO - [2023-05-26T21:22:31.082+0400] {dagbag.py:541} INFO - Filling up the DagBag from /home/chinnu/.local/lib/python3.10/site-packages/airflow/example_dags/example_params_ui_tutorial.py
[2023-05-26T21:22:31.165+0400] {processor.py:836} INFO - DAG(s) dict_keys(['example_params_ui_tutorial']) retrieved from /home/chinnu/.local/lib/python3.10/site-packages/airflow/example_dags/example_params_ui_tutorial.py
[2023-05-26T21:22:31.241+0400] {logging_mixin.py:149} INFO - [2023-05-26T21:22:31.241+0400] {dag.py:2726} INFO - Sync 1 DAGs
[2023-05-26T21:22:31.265+0400] {logging_mixin.py:149} INFO - [2023-05-26T21:22:31.265+0400] {dag.py:3486} INFO - Setting next_dagrun for example_params_ui_tutorial to None, run_after=None
[2023-05-26T21:22:31.297+0400] {processor.py:179} INFO - Processing /home/chinnu/.local/lib/python3.10/site-packages/airflow/example_dags/example_params_ui_tutorial.py took 0.234 seconds
[2023-05-26T21:23:13.074+0400] {processor.py:157} INFO - Started process (PID=17142) to work on /home/chinnu/.local/lib/python3.10/site-packages/airflow/example_dags/example_params_ui_tutorial.py
[2023-05-26T21:23:13.081+0400] {processor.py:826} INFO - Processing file /home/chinnu/.local/lib/python3.10/site-packages/airflow/example_dags/example_params_ui_tutorial.py for tasks to queue
[2023-05-26T21:23:13.087+0400] {logging_mixin.py:149} INFO - [2023-05-26T21:23:13.086+0400] {dagbag.py:541} INFO - Filling up the DagBag from /home/chinnu/.local/lib/python3.10/site-packages/airflow/example_dags/example_params_ui_tutorial.py
[2023-05-26T21:23:13.223+0400] {processor.py:836} INFO - DAG(s) dict_keys(['example_params_ui_tutorial']) retrieved from /home/chinnu/.local/lib/python3.10/site-packages/airflow/example_dags/example_params_ui_tutorial.py
[2023-05-26T21:23:13.403+0400] {logging_mixin.py:149} INFO - [2023-05-26T21:23:13.402+0400] {dag.py:2726} INFO - Sync 1 DAGs
[2023-05-26T21:23:13.479+0400] {logging_mixin.py:149} INFO - [2023-05-26T21:23:13.479+0400] {dag.py:3486} INFO - Setting next_dagrun for example_params_ui_tutorial to None, run_after=None
[2023-05-26T21:23:13.535+0400] {processor.py:179} INFO - Processing /home/chinnu/.local/lib/python3.10/site-packages/airflow/example_dags/example_params_ui_tutorial.py took 0.482 seconds
[2023-05-26T21:24:03.163+0400] {processor.py:157} INFO - Started process (PID=17205) to work on /home/chinnu/.local/lib/python3.10/site-packages/airflow/example_dags/example_params_ui_tutorial.py
[2023-05-26T21:24:03.165+0400] {processor.py:826} INFO - Processing file /home/chinnu/.local/lib/python3.10/site-packages/airflow/example_dags/example_params_ui_tutorial.py for tasks to queue
[2023-05-26T21:24:03.166+0400] {logging_mixin.py:149} INFO - [2023-05-26T21:24:03.166+0400] {dagbag.py:541} INFO - Filling up the DagBag from /home/chinnu/.local/lib/python3.10/site-packages/airflow/example_dags/example_params_ui_tutorial.py
[2023-05-26T21:24:03.217+0400] {processor.py:836} INFO - DAG(s) dict_keys(['example_params_ui_tutorial']) retrieved from /home/chinnu/.local/lib/python3.10/site-packages/airflow/example_dags/example_params_ui_tutorial.py
[2023-05-26T21:24:03.287+0400] {logging_mixin.py:149} INFO - [2023-05-26T21:24:03.286+0400] {dag.py:2726} INFO - Sync 1 DAGs
[2023-05-26T21:24:03.312+0400] {logging_mixin.py:149} INFO - [2023-05-26T21:24:03.312+0400] {dag.py:3486} INFO - Setting next_dagrun for example_params_ui_tutorial to None, run_after=None
[2023-05-26T21:24:03.338+0400] {processor.py:179} INFO - Processing /home/chinnu/.local/lib/python3.10/site-packages/airflow/example_dags/example_params_ui_tutorial.py took 0.181 seconds
[2023-05-26T21:24:45.432+0400] {processor.py:157} INFO - Started process (PID=17259) to work on /home/chinnu/.local/lib/python3.10/site-packages/airflow/example_dags/example_params_ui_tutorial.py
[2023-05-26T21:24:45.434+0400] {processor.py:826} INFO - Processing file /home/chinnu/.local/lib/python3.10/site-packages/airflow/example_dags/example_params_ui_tutorial.py for tasks to queue
[2023-05-26T21:24:45.435+0400] {logging_mixin.py:149} INFO - [2023-05-26T21:24:45.435+0400] {dagbag.py:541} INFO - Filling up the DagBag from /home/chinnu/.local/lib/python3.10/site-packages/airflow/example_dags/example_params_ui_tutorial.py
[2023-05-26T21:24:45.481+0400] {processor.py:836} INFO - DAG(s) dict_keys(['example_params_ui_tutorial']) retrieved from /home/chinnu/.local/lib/python3.10/site-packages/airflow/example_dags/example_params_ui_tutorial.py
[2023-05-26T21:24:45.545+0400] {logging_mixin.py:149} INFO - [2023-05-26T21:24:45.545+0400] {dag.py:2726} INFO - Sync 1 DAGs
[2023-05-26T21:24:45.567+0400] {logging_mixin.py:149} INFO - [2023-05-26T21:24:45.567+0400] {dag.py:3486} INFO - Setting next_dagrun for example_params_ui_tutorial to None, run_after=None
[2023-05-26T21:24:45.598+0400] {processor.py:179} INFO - Processing /home/chinnu/.local/lib/python3.10/site-packages/airflow/example_dags/example_params_ui_tutorial.py took 0.172 seconds
[2023-05-26T21:48:35.622+0400] {processor.py:157} INFO - Started process (PID=90) to work on /home/chinnu/.local/lib/python3.10/site-packages/airflow/example_dags/example_params_ui_tutorial.py
[2023-05-26T21:48:35.630+0400] {processor.py:826} INFO - Processing file /home/chinnu/.local/lib/python3.10/site-packages/airflow/example_dags/example_params_ui_tutorial.py for tasks to queue
[2023-05-26T21:48:35.632+0400] {logging_mixin.py:149} INFO - [2023-05-26T21:48:35.631+0400] {dagbag.py:541} INFO - Filling up the DagBag from /home/chinnu/.local/lib/python3.10/site-packages/airflow/example_dags/example_params_ui_tutorial.py
[2023-05-26T21:48:35.683+0400] {processor.py:836} INFO - DAG(s) dict_keys(['example_params_ui_tutorial']) retrieved from /home/chinnu/.local/lib/python3.10/site-packages/airflow/example_dags/example_params_ui_tutorial.py
[2023-05-26T21:48:35.749+0400] {logging_mixin.py:149} INFO - [2023-05-26T21:48:35.749+0400] {dag.py:2726} INFO - Sync 1 DAGs
[2023-05-26T21:48:35.772+0400] {logging_mixin.py:149} INFO - [2023-05-26T21:48:35.772+0400] {dag.py:3486} INFO - Setting next_dagrun for example_params_ui_tutorial to None, run_after=None
[2023-05-26T21:48:35.926+0400] {processor.py:179} INFO - Processing /home/chinnu/.local/lib/python3.10/site-packages/airflow/example_dags/example_params_ui_tutorial.py took 0.310 seconds
[2023-05-26T21:52:38.502+0400] {processor.py:157} INFO - Started process (PID=72) to work on /home/chinnu/.local/lib/python3.10/site-packages/airflow/example_dags/example_params_ui_tutorial.py
[2023-05-26T21:52:38.507+0400] {processor.py:826} INFO - Processing file /home/chinnu/.local/lib/python3.10/site-packages/airflow/example_dags/example_params_ui_tutorial.py for tasks to queue
[2023-05-26T21:52:38.509+0400] {logging_mixin.py:149} INFO - [2023-05-26T21:52:38.508+0400] {dagbag.py:541} INFO - Filling up the DagBag from /home/chinnu/.local/lib/python3.10/site-packages/airflow/example_dags/example_params_ui_tutorial.py
[2023-05-26T21:52:38.644+0400] {processor.py:836} INFO - DAG(s) dict_keys(['example_params_ui_tutorial']) retrieved from /home/chinnu/.local/lib/python3.10/site-packages/airflow/example_dags/example_params_ui_tutorial.py
[2023-05-26T21:52:38.813+0400] {logging_mixin.py:149} INFO - [2023-05-26T21:52:38.813+0400] {dag.py:2726} INFO - Sync 1 DAGs
[2023-05-26T21:52:39.095+0400] {logging_mixin.py:149} INFO - [2023-05-26T21:52:39.094+0400] {dag.py:3486} INFO - Setting next_dagrun for example_params_ui_tutorial to None, run_after=None
[2023-05-26T21:52:39.140+0400] {processor.py:179} INFO - Processing /home/chinnu/.local/lib/python3.10/site-packages/airflow/example_dags/example_params_ui_tutorial.py took 0.651 seconds
[2023-05-26T21:53:39.240+0400] {processor.py:157} INFO - Started process (PID=123) to work on /home/chinnu/.local/lib/python3.10/site-packages/airflow/example_dags/example_params_ui_tutorial.py
[2023-05-26T21:53:39.244+0400] {processor.py:826} INFO - Processing file /home/chinnu/.local/lib/python3.10/site-packages/airflow/example_dags/example_params_ui_tutorial.py for tasks to queue
[2023-05-26T21:53:39.246+0400] {logging_mixin.py:149} INFO - [2023-05-26T21:53:39.245+0400] {dagbag.py:541} INFO - Filling up the DagBag from /home/chinnu/.local/lib/python3.10/site-packages/airflow/example_dags/example_params_ui_tutorial.py
[2023-05-26T21:53:39.721+0400] {processor.py:836} INFO - DAG(s) dict_keys(['example_params_ui_tutorial']) retrieved from /home/chinnu/.local/lib/python3.10/site-packages/airflow/example_dags/example_params_ui_tutorial.py
[2023-05-26T21:53:39.852+0400] {logging_mixin.py:149} INFO - [2023-05-26T21:53:39.852+0400] {dag.py:2726} INFO - Sync 1 DAGs
[2023-05-26T21:53:39.901+0400] {logging_mixin.py:149} INFO - [2023-05-26T21:53:39.901+0400] {dag.py:3486} INFO - Setting next_dagrun for example_params_ui_tutorial to None, run_after=None
[2023-05-26T21:53:39.955+0400] {processor.py:179} INFO - Processing /home/chinnu/.local/lib/python3.10/site-packages/airflow/example_dags/example_params_ui_tutorial.py took 0.730 seconds
[2023-05-26T21:54:35.512+0400] {processor.py:157} INFO - Started process (PID=200) to work on /home/chinnu/.local/lib/python3.10/site-packages/airflow/example_dags/example_params_ui_tutorial.py
[2023-05-26T21:54:35.517+0400] {processor.py:826} INFO - Processing file /home/chinnu/.local/lib/python3.10/site-packages/airflow/example_dags/example_params_ui_tutorial.py for tasks to queue
[2023-05-26T21:54:35.519+0400] {logging_mixin.py:149} INFO - [2023-05-26T21:54:35.518+0400] {dagbag.py:541} INFO - Filling up the DagBag from /home/chinnu/.local/lib/python3.10/site-packages/airflow/example_dags/example_params_ui_tutorial.py
[2023-05-26T21:54:35.640+0400] {processor.py:836} INFO - DAG(s) dict_keys(['example_params_ui_tutorial']) retrieved from /home/chinnu/.local/lib/python3.10/site-packages/airflow/example_dags/example_params_ui_tutorial.py
[2023-05-26T21:54:35.799+0400] {logging_mixin.py:149} INFO - [2023-05-26T21:54:35.799+0400] {dag.py:2726} INFO - Sync 1 DAGs
[2023-05-26T21:54:35.841+0400] {logging_mixin.py:149} INFO - [2023-05-26T21:54:35.841+0400] {dag.py:3486} INFO - Setting next_dagrun for example_params_ui_tutorial to None, run_after=None
[2023-05-26T21:54:35.884+0400] {processor.py:179} INFO - Processing /home/chinnu/.local/lib/python3.10/site-packages/airflow/example_dags/example_params_ui_tutorial.py took 0.387 seconds
[2023-05-26T22:06:23.985+0400] {processor.py:157} INFO - Started process (PID=2541) to work on /home/chinnu/.local/lib/python3.10/site-packages/airflow/example_dags/example_params_ui_tutorial.py
[2023-05-26T22:06:24.000+0400] {processor.py:826} INFO - Processing file /home/chinnu/.local/lib/python3.10/site-packages/airflow/example_dags/example_params_ui_tutorial.py for tasks to queue
[2023-05-26T22:06:24.003+0400] {logging_mixin.py:149} INFO - [2023-05-26T22:06:24.002+0400] {dagbag.py:541} INFO - Filling up the DagBag from /home/chinnu/.local/lib/python3.10/site-packages/airflow/example_dags/example_params_ui_tutorial.py
[2023-05-26T22:06:24.190+0400] {processor.py:836} INFO - DAG(s) dict_keys(['example_params_ui_tutorial']) retrieved from /home/chinnu/.local/lib/python3.10/site-packages/airflow/example_dags/example_params_ui_tutorial.py
[2023-05-26T22:06:24.345+0400] {logging_mixin.py:149} INFO - [2023-05-26T22:06:24.345+0400] {dag.py:2726} INFO - Sync 1 DAGs
[2023-05-26T22:06:24.747+0400] {logging_mixin.py:149} INFO - [2023-05-26T22:06:24.747+0400] {dag.py:3486} INFO - Setting next_dagrun for example_params_ui_tutorial to None, run_after=None
[2023-05-26T22:06:24.791+0400] {processor.py:179} INFO - Processing /home/chinnu/.local/lib/python3.10/site-packages/airflow/example_dags/example_params_ui_tutorial.py took 0.820 seconds
[2023-05-26T22:07:43.995+0400] {processor.py:157} INFO - Started process (PID=2591) to work on /home/chinnu/.local/lib/python3.10/site-packages/airflow/example_dags/example_params_ui_tutorial.py
[2023-05-26T22:07:43.997+0400] {processor.py:826} INFO - Processing file /home/chinnu/.local/lib/python3.10/site-packages/airflow/example_dags/example_params_ui_tutorial.py for tasks to queue
[2023-05-26T22:07:43.998+0400] {logging_mixin.py:149} INFO - [2023-05-26T22:07:43.998+0400] {dagbag.py:541} INFO - Filling up the DagBag from /home/chinnu/.local/lib/python3.10/site-packages/airflow/example_dags/example_params_ui_tutorial.py
[2023-05-26T22:07:44.207+0400] {processor.py:836} INFO - DAG(s) dict_keys(['example_params_ui_tutorial']) retrieved from /home/chinnu/.local/lib/python3.10/site-packages/airflow/example_dags/example_params_ui_tutorial.py
[2023-05-26T22:07:44.278+0400] {logging_mixin.py:149} INFO - [2023-05-26T22:07:44.278+0400] {dag.py:2726} INFO - Sync 1 DAGs
[2023-05-26T22:07:44.302+0400] {logging_mixin.py:149} INFO - [2023-05-26T22:07:44.302+0400] {dag.py:3486} INFO - Setting next_dagrun for example_params_ui_tutorial to None, run_after=None
[2023-05-26T22:07:44.336+0400] {processor.py:179} INFO - Processing /home/chinnu/.local/lib/python3.10/site-packages/airflow/example_dags/example_params_ui_tutorial.py took 0.347 seconds
