[2023-05-26T19:38:44.887+0400] {processor.py:157} INFO - Started process (PID=213) to work on /home/chinnu/.local/lib/python3.10/site-packages/airflow/example_dags/example_skip_dag.py
[2023-05-26T19:38:44.889+0400] {processor.py:826} INFO - Processing file /home/chinnu/.local/lib/python3.10/site-packages/airflow/example_dags/example_skip_dag.py for tasks to queue
[2023-05-26T19:38:44.890+0400] {logging_mixin.py:149} INFO - [2023-05-26T19:38:44.890+0400] {dagbag.py:541} INFO - Filling up the DagBag from /home/chinnu/.local/lib/python3.10/site-packages/airflow/example_dags/example_skip_dag.py
[2023-05-26T19:38:44.908+0400] {processor.py:836} INFO - DAG(s) dict_keys(['example_skip_dag']) retrieved from /home/chinnu/.local/lib/python3.10/site-packages/airflow/example_dags/example_skip_dag.py
[2023-05-26T19:38:44.946+0400] {logging_mixin.py:149} INFO - [2023-05-26T19:38:44.946+0400] {dag.py:2726} INFO - Sync 1 DAGs
[2023-05-26T19:38:44.966+0400] {logging_mixin.py:149} INFO - [2023-05-26T19:38:44.966+0400] {dag.py:3486} INFO - Setting next_dagrun for example_skip_dag to 2023-05-25T15:38:44.966361+00:00, run_after=2023-05-26T15:38:44.966361+00:00
[2023-05-26T19:38:45.010+0400] {processor.py:179} INFO - Processing /home/chinnu/.local/lib/python3.10/site-packages/airflow/example_dags/example_skip_dag.py took 0.129 seconds
[2023-05-26T19:39:41.810+0400] {processor.py:157} INFO - Started process (PID=264) to work on /home/chinnu/.local/lib/python3.10/site-packages/airflow/example_dags/example_skip_dag.py
[2023-05-26T19:39:41.813+0400] {processor.py:826} INFO - Processing file /home/chinnu/.local/lib/python3.10/site-packages/airflow/example_dags/example_skip_dag.py for tasks to queue
[2023-05-26T19:39:41.815+0400] {logging_mixin.py:149} INFO - [2023-05-26T19:39:41.815+0400] {dagbag.py:541} INFO - Filling up the DagBag from /home/chinnu/.local/lib/python3.10/site-packages/airflow/example_dags/example_skip_dag.py
[2023-05-26T19:39:41.835+0400] {processor.py:836} INFO - DAG(s) dict_keys(['example_skip_dag']) retrieved from /home/chinnu/.local/lib/python3.10/site-packages/airflow/example_dags/example_skip_dag.py
[2023-05-26T19:39:41.887+0400] {logging_mixin.py:149} INFO - [2023-05-26T19:39:41.887+0400] {dag.py:2726} INFO - Sync 1 DAGs
[2023-05-26T19:39:41.910+0400] {logging_mixin.py:149} INFO - [2023-05-26T19:39:41.910+0400] {dag.py:3486} INFO - Setting next_dagrun for example_skip_dag to 2023-05-25T15:39:41.910198+00:00, run_after=2023-05-26T15:39:41.910198+00:00
[2023-05-26T19:39:41.942+0400] {processor.py:179} INFO - Processing /home/chinnu/.local/lib/python3.10/site-packages/airflow/example_dags/example_skip_dag.py took 0.150 seconds
[2023-05-26T19:40:35.697+0400] {processor.py:157} INFO - Started process (PID=827) to work on /home/chinnu/.local/lib/python3.10/site-packages/airflow/example_dags/example_skip_dag.py
[2023-05-26T19:40:35.700+0400] {processor.py:826} INFO - Processing file /home/chinnu/.local/lib/python3.10/site-packages/airflow/example_dags/example_skip_dag.py for tasks to queue
[2023-05-26T19:40:35.702+0400] {logging_mixin.py:149} INFO - [2023-05-26T19:40:35.701+0400] {dagbag.py:541} INFO - Filling up the DagBag from /home/chinnu/.local/lib/python3.10/site-packages/airflow/example_dags/example_skip_dag.py
[2023-05-26T19:40:35.720+0400] {processor.py:836} INFO - DAG(s) dict_keys(['example_skip_dag']) retrieved from /home/chinnu/.local/lib/python3.10/site-packages/airflow/example_dags/example_skip_dag.py
[2023-05-26T19:40:35.759+0400] {logging_mixin.py:149} INFO - [2023-05-26T19:40:35.759+0400] {dag.py:2726} INFO - Sync 1 DAGs
[2023-05-26T19:40:35.780+0400] {logging_mixin.py:149} INFO - [2023-05-26T19:40:35.780+0400] {dag.py:3486} INFO - Setting next_dagrun for example_skip_dag to 2023-05-25T15:40:35.779887+00:00, run_after=2023-05-26T15:40:35.779887+00:00
[2023-05-26T19:40:35.812+0400] {processor.py:179} INFO - Processing /home/chinnu/.local/lib/python3.10/site-packages/airflow/example_dags/example_skip_dag.py took 0.131 seconds
[2023-05-26T19:41:42.842+0400] {processor.py:157} INFO - Started process (PID=886) to work on /home/chinnu/.local/lib/python3.10/site-packages/airflow/example_dags/example_skip_dag.py
[2023-05-26T19:41:42.849+0400] {processor.py:826} INFO - Processing file /home/chinnu/.local/lib/python3.10/site-packages/airflow/example_dags/example_skip_dag.py for tasks to queue
[2023-05-26T19:41:42.853+0400] {logging_mixin.py:149} INFO - [2023-05-26T19:41:42.853+0400] {dagbag.py:541} INFO - Filling up the DagBag from /home/chinnu/.local/lib/python3.10/site-packages/airflow/example_dags/example_skip_dag.py
[2023-05-26T19:41:42.916+0400] {processor.py:836} INFO - DAG(s) dict_keys(['example_skip_dag']) retrieved from /home/chinnu/.local/lib/python3.10/site-packages/airflow/example_dags/example_skip_dag.py
[2023-05-26T19:41:43.082+0400] {logging_mixin.py:149} INFO - [2023-05-26T19:41:43.082+0400] {dag.py:2726} INFO - Sync 1 DAGs
[2023-05-26T19:41:43.188+0400] {logging_mixin.py:149} INFO - [2023-05-26T19:41:43.187+0400] {dag.py:3486} INFO - Setting next_dagrun for example_skip_dag to 2023-05-25T15:41:43.187499+00:00, run_after=2023-05-26T15:41:43.187499+00:00
[2023-05-26T19:41:43.239+0400] {processor.py:179} INFO - Processing /home/chinnu/.local/lib/python3.10/site-packages/airflow/example_dags/example_skip_dag.py took 0.421 seconds
[2023-05-26T19:43:13.288+0400] {processor.py:157} INFO - Started process (PID=1479) to work on /home/chinnu/.local/lib/python3.10/site-packages/airflow/example_dags/example_skip_dag.py
[2023-05-26T19:43:13.292+0400] {processor.py:826} INFO - Processing file /home/chinnu/.local/lib/python3.10/site-packages/airflow/example_dags/example_skip_dag.py for tasks to queue
[2023-05-26T19:43:13.294+0400] {logging_mixin.py:149} INFO - [2023-05-26T19:43:13.293+0400] {dagbag.py:541} INFO - Filling up the DagBag from /home/chinnu/.local/lib/python3.10/site-packages/airflow/example_dags/example_skip_dag.py
[2023-05-26T19:43:13.324+0400] {processor.py:836} INFO - DAG(s) dict_keys(['example_skip_dag']) retrieved from /home/chinnu/.local/lib/python3.10/site-packages/airflow/example_dags/example_skip_dag.py
[2023-05-26T19:43:13.391+0400] {logging_mixin.py:149} INFO - [2023-05-26T19:43:13.391+0400] {dag.py:2726} INFO - Sync 1 DAGs
[2023-05-26T19:43:13.656+0400] {logging_mixin.py:149} INFO - [2023-05-26T19:43:13.655+0400] {dag.py:3486} INFO - Setting next_dagrun for example_skip_dag to 2023-05-25T15:43:13.655375+00:00, run_after=2023-05-26T15:43:13.655375+00:00
[2023-05-26T19:43:13.723+0400] {processor.py:179} INFO - Processing /home/chinnu/.local/lib/python3.10/site-packages/airflow/example_dags/example_skip_dag.py took 0.450 seconds
[2023-05-26T19:44:25.572+0400] {processor.py:157} INFO - Started process (PID=1539) to work on /home/chinnu/.local/lib/python3.10/site-packages/airflow/example_dags/example_skip_dag.py
[2023-05-26T19:44:25.580+0400] {processor.py:826} INFO - Processing file /home/chinnu/.local/lib/python3.10/site-packages/airflow/example_dags/example_skip_dag.py for tasks to queue
[2023-05-26T19:44:25.583+0400] {logging_mixin.py:149} INFO - [2023-05-26T19:44:25.582+0400] {dagbag.py:541} INFO - Filling up the DagBag from /home/chinnu/.local/lib/python3.10/site-packages/airflow/example_dags/example_skip_dag.py
[2023-05-26T19:44:25.634+0400] {processor.py:836} INFO - DAG(s) dict_keys(['example_skip_dag']) retrieved from /home/chinnu/.local/lib/python3.10/site-packages/airflow/example_dags/example_skip_dag.py
[2023-05-26T19:44:25.769+0400] {logging_mixin.py:149} INFO - [2023-05-26T19:44:25.768+0400] {dag.py:2726} INFO - Sync 1 DAGs
[2023-05-26T19:44:25.870+0400] {logging_mixin.py:149} INFO - [2023-05-26T19:44:25.870+0400] {dag.py:3486} INFO - Setting next_dagrun for example_skip_dag to 2023-05-25T15:44:25.869283+00:00, run_after=2023-05-26T15:44:25.869283+00:00
[2023-05-26T19:44:25.972+0400] {processor.py:179} INFO - Processing /home/chinnu/.local/lib/python3.10/site-packages/airflow/example_dags/example_skip_dag.py took 0.422 seconds
[2023-05-26T19:45:29.622+0400] {processor.py:157} INFO - Started process (PID=1591) to work on /home/chinnu/.local/lib/python3.10/site-packages/airflow/example_dags/example_skip_dag.py
[2023-05-26T19:45:29.626+0400] {processor.py:826} INFO - Processing file /home/chinnu/.local/lib/python3.10/site-packages/airflow/example_dags/example_skip_dag.py for tasks to queue
[2023-05-26T19:45:29.627+0400] {logging_mixin.py:149} INFO - [2023-05-26T19:45:29.627+0400] {dagbag.py:541} INFO - Filling up the DagBag from /home/chinnu/.local/lib/python3.10/site-packages/airflow/example_dags/example_skip_dag.py
[2023-05-26T19:45:29.658+0400] {processor.py:836} INFO - DAG(s) dict_keys(['example_skip_dag']) retrieved from /home/chinnu/.local/lib/python3.10/site-packages/airflow/example_dags/example_skip_dag.py
[2023-05-26T19:45:29.717+0400] {logging_mixin.py:149} INFO - [2023-05-26T19:45:29.717+0400] {dag.py:2726} INFO - Sync 1 DAGs
[2023-05-26T19:45:29.754+0400] {logging_mixin.py:149} INFO - [2023-05-26T19:45:29.753+0400] {dag.py:3486} INFO - Setting next_dagrun for example_skip_dag to 2023-05-25T15:45:29.753069+00:00, run_after=2023-05-26T15:45:29.753069+00:00
[2023-05-26T19:45:29.797+0400] {processor.py:179} INFO - Processing /home/chinnu/.local/lib/python3.10/site-packages/airflow/example_dags/example_skip_dag.py took 0.189 seconds
[2023-05-26T19:48:10.615+0400] {processor.py:157} INFO - Started process (PID=1693) to work on /home/chinnu/.local/lib/python3.10/site-packages/airflow/example_dags/example_skip_dag.py
[2023-05-26T19:48:10.619+0400] {processor.py:826} INFO - Processing file /home/chinnu/.local/lib/python3.10/site-packages/airflow/example_dags/example_skip_dag.py for tasks to queue
[2023-05-26T19:48:10.620+0400] {logging_mixin.py:149} INFO - [2023-05-26T19:48:10.620+0400] {dagbag.py:541} INFO - Filling up the DagBag from /home/chinnu/.local/lib/python3.10/site-packages/airflow/example_dags/example_skip_dag.py
[2023-05-26T19:48:10.639+0400] {processor.py:836} INFO - DAG(s) dict_keys(['example_skip_dag']) retrieved from /home/chinnu/.local/lib/python3.10/site-packages/airflow/example_dags/example_skip_dag.py
[2023-05-26T19:48:10.680+0400] {logging_mixin.py:149} INFO - [2023-05-26T19:48:10.680+0400] {dag.py:2726} INFO - Sync 1 DAGs
[2023-05-26T19:48:10.719+0400] {logging_mixin.py:149} INFO - [2023-05-26T19:48:10.719+0400] {dag.py:3486} INFO - Setting next_dagrun for example_skip_dag to 2023-05-25T15:48:10.719076+00:00, run_after=2023-05-26T15:48:10.719076+00:00
[2023-05-26T19:48:10.751+0400] {processor.py:179} INFO - Processing /home/chinnu/.local/lib/python3.10/site-packages/airflow/example_dags/example_skip_dag.py took 0.148 seconds
[2023-05-26T21:05:33.730+0400] {processor.py:157} INFO - Started process (PID=77) to work on /home/chinnu/.local/lib/python3.10/site-packages/airflow/example_dags/example_skip_dag.py
[2023-05-26T21:05:33.736+0400] {processor.py:826} INFO - Processing file /home/chinnu/.local/lib/python3.10/site-packages/airflow/example_dags/example_skip_dag.py for tasks to queue
[2023-05-26T21:05:33.741+0400] {logging_mixin.py:149} INFO - [2023-05-26T21:05:33.740+0400] {dagbag.py:541} INFO - Filling up the DagBag from /home/chinnu/.local/lib/python3.10/site-packages/airflow/example_dags/example_skip_dag.py
[2023-05-26T21:05:33.790+0400] {processor.py:836} INFO - DAG(s) dict_keys(['example_skip_dag']) retrieved from /home/chinnu/.local/lib/python3.10/site-packages/airflow/example_dags/example_skip_dag.py
[2023-05-26T21:05:33.855+0400] {logging_mixin.py:149} INFO - [2023-05-26T21:05:33.854+0400] {dag.py:2726} INFO - Sync 1 DAGs
[2023-05-26T21:05:33.878+0400] {logging_mixin.py:149} INFO - [2023-05-26T21:05:33.878+0400] {dag.py:3486} INFO - Setting next_dagrun for example_skip_dag to 2023-05-25T17:05:33.877910+00:00, run_after=2023-05-26T17:05:33.877910+00:00
[2023-05-26T21:05:33.903+0400] {processor.py:179} INFO - Processing /home/chinnu/.local/lib/python3.10/site-packages/airflow/example_dags/example_skip_dag.py took 0.202 seconds
[2023-05-26T21:06:38.770+0400] {processor.py:157} INFO - Started process (PID=146) to work on /home/chinnu/.local/lib/python3.10/site-packages/airflow/example_dags/example_skip_dag.py
[2023-05-26T21:06:38.776+0400] {processor.py:826} INFO - Processing file /home/chinnu/.local/lib/python3.10/site-packages/airflow/example_dags/example_skip_dag.py for tasks to queue
[2023-05-26T21:06:38.779+0400] {logging_mixin.py:149} INFO - [2023-05-26T21:06:38.779+0400] {dagbag.py:541} INFO - Filling up the DagBag from /home/chinnu/.local/lib/python3.10/site-packages/airflow/example_dags/example_skip_dag.py
[2023-05-26T21:06:38.818+0400] {processor.py:836} INFO - DAG(s) dict_keys(['example_skip_dag']) retrieved from /home/chinnu/.local/lib/python3.10/site-packages/airflow/example_dags/example_skip_dag.py
[2023-05-26T21:06:38.905+0400] {logging_mixin.py:149} INFO - [2023-05-26T21:06:38.904+0400] {dag.py:2726} INFO - Sync 1 DAGs
[2023-05-26T21:06:39.097+0400] {logging_mixin.py:149} INFO - [2023-05-26T21:06:39.097+0400] {dag.py:3486} INFO - Setting next_dagrun for example_skip_dag to 2023-05-25T17:06:39.097388+00:00, run_after=2023-05-26T17:06:39.097388+00:00
[2023-05-26T21:06:39.135+0400] {processor.py:179} INFO - Processing /home/chinnu/.local/lib/python3.10/site-packages/airflow/example_dags/example_skip_dag.py took 0.387 seconds
[2023-05-26T21:10:40.644+0400] {processor.py:157} INFO - Started process (PID=1913) to work on /home/chinnu/.local/lib/python3.10/site-packages/airflow/example_dags/example_skip_dag.py
[2023-05-26T21:10:40.646+0400] {processor.py:826} INFO - Processing file /home/chinnu/.local/lib/python3.10/site-packages/airflow/example_dags/example_skip_dag.py for tasks to queue
[2023-05-26T21:10:40.647+0400] {logging_mixin.py:149} INFO - [2023-05-26T21:10:40.647+0400] {dagbag.py:541} INFO - Filling up the DagBag from /home/chinnu/.local/lib/python3.10/site-packages/airflow/example_dags/example_skip_dag.py
[2023-05-26T21:10:40.661+0400] {processor.py:836} INFO - DAG(s) dict_keys(['example_skip_dag']) retrieved from /home/chinnu/.local/lib/python3.10/site-packages/airflow/example_dags/example_skip_dag.py
[2023-05-26T21:10:40.696+0400] {logging_mixin.py:149} INFO - [2023-05-26T21:10:40.696+0400] {dag.py:2726} INFO - Sync 1 DAGs
[2023-05-26T21:10:40.719+0400] {logging_mixin.py:149} INFO - [2023-05-26T21:10:40.719+0400] {dag.py:3486} INFO - Setting next_dagrun for example_skip_dag to 2023-05-25T17:10:40.718972+00:00, run_after=2023-05-26T17:10:40.718972+00:00
[2023-05-26T21:10:40.744+0400] {processor.py:179} INFO - Processing /home/chinnu/.local/lib/python3.10/site-packages/airflow/example_dags/example_skip_dag.py took 0.107 seconds
[2023-05-26T21:11:49.595+0400] {processor.py:157} INFO - Started process (PID=1970) to work on /home/chinnu/.local/lib/python3.10/site-packages/airflow/example_dags/example_skip_dag.py
[2023-05-26T21:11:49.599+0400] {processor.py:826} INFO - Processing file /home/chinnu/.local/lib/python3.10/site-packages/airflow/example_dags/example_skip_dag.py for tasks to queue
[2023-05-26T21:11:49.601+0400] {logging_mixin.py:149} INFO - [2023-05-26T21:11:49.601+0400] {dagbag.py:541} INFO - Filling up the DagBag from /home/chinnu/.local/lib/python3.10/site-packages/airflow/example_dags/example_skip_dag.py
[2023-05-26T21:11:49.632+0400] {processor.py:836} INFO - DAG(s) dict_keys(['example_skip_dag']) retrieved from /home/chinnu/.local/lib/python3.10/site-packages/airflow/example_dags/example_skip_dag.py
[2023-05-26T21:11:49.753+0400] {logging_mixin.py:149} INFO - [2023-05-26T21:11:49.753+0400] {dag.py:2726} INFO - Sync 1 DAGs
[2023-05-26T21:11:50.134+0400] {logging_mixin.py:149} INFO - [2023-05-26T21:11:50.134+0400] {dag.py:3486} INFO - Setting next_dagrun for example_skip_dag to 2023-05-25T17:11:50.134391+00:00, run_after=2023-05-26T17:11:50.134391+00:00
[2023-05-26T21:11:50.177+0400] {processor.py:179} INFO - Processing /home/chinnu/.local/lib/python3.10/site-packages/airflow/example_dags/example_skip_dag.py took 0.604 seconds
[2023-05-26T21:12:42.926+0400] {processor.py:157} INFO - Started process (PID=2028) to work on /home/chinnu/.local/lib/python3.10/site-packages/airflow/example_dags/example_skip_dag.py
[2023-05-26T21:12:42.927+0400] {processor.py:826} INFO - Processing file /home/chinnu/.local/lib/python3.10/site-packages/airflow/example_dags/example_skip_dag.py for tasks to queue
[2023-05-26T21:12:42.928+0400] {logging_mixin.py:149} INFO - [2023-05-26T21:12:42.928+0400] {dagbag.py:541} INFO - Filling up the DagBag from /home/chinnu/.local/lib/python3.10/site-packages/airflow/example_dags/example_skip_dag.py
[2023-05-26T21:12:42.941+0400] {processor.py:836} INFO - DAG(s) dict_keys(['example_skip_dag']) retrieved from /home/chinnu/.local/lib/python3.10/site-packages/airflow/example_dags/example_skip_dag.py
[2023-05-26T21:12:43.193+0400] {logging_mixin.py:149} INFO - [2023-05-26T21:12:43.193+0400] {dag.py:2726} INFO - Sync 1 DAGs
[2023-05-26T21:12:43.212+0400] {logging_mixin.py:149} INFO - [2023-05-26T21:12:43.212+0400] {dag.py:3486} INFO - Setting next_dagrun for example_skip_dag to 2023-05-25T17:12:43.211966+00:00, run_after=2023-05-26T17:12:43.211966+00:00
[2023-05-26T21:12:43.243+0400] {processor.py:179} INFO - Processing /home/chinnu/.local/lib/python3.10/site-packages/airflow/example_dags/example_skip_dag.py took 0.325 seconds
[2023-05-26T21:13:25.927+0400] {processor.py:157} INFO - Started process (PID=2078) to work on /home/chinnu/.local/lib/python3.10/site-packages/airflow/example_dags/example_skip_dag.py
[2023-05-26T21:13:25.929+0400] {processor.py:826} INFO - Processing file /home/chinnu/.local/lib/python3.10/site-packages/airflow/example_dags/example_skip_dag.py for tasks to queue
[2023-05-26T21:13:25.930+0400] {logging_mixin.py:149} INFO - [2023-05-26T21:13:25.930+0400] {dagbag.py:541} INFO - Filling up the DagBag from /home/chinnu/.local/lib/python3.10/site-packages/airflow/example_dags/example_skip_dag.py
[2023-05-26T21:13:25.949+0400] {processor.py:836} INFO - DAG(s) dict_keys(['example_skip_dag']) retrieved from /home/chinnu/.local/lib/python3.10/site-packages/airflow/example_dags/example_skip_dag.py
[2023-05-26T21:13:25.997+0400] {logging_mixin.py:149} INFO - [2023-05-26T21:13:25.997+0400] {dag.py:2726} INFO - Sync 1 DAGs
[2023-05-26T21:13:26.039+0400] {logging_mixin.py:149} INFO - [2023-05-26T21:13:26.039+0400] {dag.py:3486} INFO - Setting next_dagrun for example_skip_dag to 2023-05-25T17:13:26.039048+00:00, run_after=2023-05-26T17:13:26.039048+00:00
[2023-05-26T21:13:26.086+0400] {processor.py:179} INFO - Processing /home/chinnu/.local/lib/python3.10/site-packages/airflow/example_dags/example_skip_dag.py took 0.168 seconds
[2023-05-26T21:14:11.999+0400] {processor.py:157} INFO - Started process (PID=2131) to work on /home/chinnu/.local/lib/python3.10/site-packages/airflow/example_dags/example_skip_dag.py
[2023-05-26T21:14:12.005+0400] {processor.py:826} INFO - Processing file /home/chinnu/.local/lib/python3.10/site-packages/airflow/example_dags/example_skip_dag.py for tasks to queue
[2023-05-26T21:14:12.008+0400] {logging_mixin.py:149} INFO - [2023-05-26T21:14:12.007+0400] {dagbag.py:541} INFO - Filling up the DagBag from /home/chinnu/.local/lib/python3.10/site-packages/airflow/example_dags/example_skip_dag.py
[2023-05-26T21:14:12.035+0400] {processor.py:836} INFO - DAG(s) dict_keys(['example_skip_dag']) retrieved from /home/chinnu/.local/lib/python3.10/site-packages/airflow/example_dags/example_skip_dag.py
[2023-05-26T21:14:12.092+0400] {logging_mixin.py:149} INFO - [2023-05-26T21:14:12.092+0400] {dag.py:2726} INFO - Sync 1 DAGs
[2023-05-26T21:14:12.132+0400] {logging_mixin.py:149} INFO - [2023-05-26T21:14:12.132+0400] {dag.py:3486} INFO - Setting next_dagrun for example_skip_dag to 2023-05-25T17:14:12.131714+00:00, run_after=2023-05-26T17:14:12.131714+00:00
[2023-05-26T21:14:12.176+0400] {processor.py:179} INFO - Processing /home/chinnu/.local/lib/python3.10/site-packages/airflow/example_dags/example_skip_dag.py took 0.199 seconds
[2023-05-26T21:14:52.745+0400] {processor.py:157} INFO - Started process (PID=2187) to work on /home/chinnu/.local/lib/python3.10/site-packages/airflow/example_dags/example_skip_dag.py
[2023-05-26T21:14:52.748+0400] {processor.py:826} INFO - Processing file /home/chinnu/.local/lib/python3.10/site-packages/airflow/example_dags/example_skip_dag.py for tasks to queue
[2023-05-26T21:14:52.750+0400] {logging_mixin.py:149} INFO - [2023-05-26T21:14:52.750+0400] {dagbag.py:541} INFO - Filling up the DagBag from /home/chinnu/.local/lib/python3.10/site-packages/airflow/example_dags/example_skip_dag.py
[2023-05-26T21:14:52.777+0400] {processor.py:836} INFO - DAG(s) dict_keys(['example_skip_dag']) retrieved from /home/chinnu/.local/lib/python3.10/site-packages/airflow/example_dags/example_skip_dag.py
[2023-05-26T21:14:52.820+0400] {logging_mixin.py:149} INFO - [2023-05-26T21:14:52.819+0400] {dag.py:2726} INFO - Sync 1 DAGs
[2023-05-26T21:14:52.853+0400] {logging_mixin.py:149} INFO - [2023-05-26T21:14:52.853+0400] {dag.py:3486} INFO - Setting next_dagrun for example_skip_dag to 2023-05-25T17:14:52.852692+00:00, run_after=2023-05-26T17:14:52.852692+00:00
[2023-05-26T21:14:52.888+0400] {processor.py:179} INFO - Processing /home/chinnu/.local/lib/python3.10/site-packages/airflow/example_dags/example_skip_dag.py took 0.156 seconds
[2023-05-26T21:15:31.081+0400] {processor.py:157} INFO - Started process (PID=9427) to work on /home/chinnu/.local/lib/python3.10/site-packages/airflow/example_dags/example_skip_dag.py
[2023-05-26T21:15:31.083+0400] {processor.py:826} INFO - Processing file /home/chinnu/.local/lib/python3.10/site-packages/airflow/example_dags/example_skip_dag.py for tasks to queue
[2023-05-26T21:15:31.084+0400] {logging_mixin.py:149} INFO - [2023-05-26T21:15:31.084+0400] {dagbag.py:541} INFO - Filling up the DagBag from /home/chinnu/.local/lib/python3.10/site-packages/airflow/example_dags/example_skip_dag.py
[2023-05-26T21:15:31.098+0400] {processor.py:836} INFO - DAG(s) dict_keys(['example_skip_dag']) retrieved from /home/chinnu/.local/lib/python3.10/site-packages/airflow/example_dags/example_skip_dag.py
[2023-05-26T21:15:31.131+0400] {logging_mixin.py:149} INFO - [2023-05-26T21:15:31.131+0400] {dag.py:2726} INFO - Sync 1 DAGs
[2023-05-26T21:15:31.157+0400] {logging_mixin.py:149} INFO - [2023-05-26T21:15:31.157+0400] {dag.py:3486} INFO - Setting next_dagrun for example_skip_dag to 2023-05-25T17:15:31.156984+00:00, run_after=2023-05-26T17:15:31.156984+00:00
[2023-05-26T21:15:31.191+0400] {processor.py:179} INFO - Processing /home/chinnu/.local/lib/python3.10/site-packages/airflow/example_dags/example_skip_dag.py took 0.118 seconds
[2023-05-26T21:16:15.914+0400] {processor.py:157} INFO - Started process (PID=12180) to work on /home/chinnu/.local/lib/python3.10/site-packages/airflow/example_dags/example_skip_dag.py
[2023-05-26T21:16:15.917+0400] {processor.py:826} INFO - Processing file /home/chinnu/.local/lib/python3.10/site-packages/airflow/example_dags/example_skip_dag.py for tasks to queue
[2023-05-26T21:16:15.918+0400] {logging_mixin.py:149} INFO - [2023-05-26T21:16:15.918+0400] {dagbag.py:541} INFO - Filling up the DagBag from /home/chinnu/.local/lib/python3.10/site-packages/airflow/example_dags/example_skip_dag.py
[2023-05-26T21:16:15.938+0400] {processor.py:836} INFO - DAG(s) dict_keys(['example_skip_dag']) retrieved from /home/chinnu/.local/lib/python3.10/site-packages/airflow/example_dags/example_skip_dag.py
[2023-05-26T21:16:15.994+0400] {logging_mixin.py:149} INFO - [2023-05-26T21:16:15.994+0400] {dag.py:2726} INFO - Sync 1 DAGs
[2023-05-26T21:16:16.037+0400] {logging_mixin.py:149} INFO - [2023-05-26T21:16:16.036+0400] {dag.py:3486} INFO - Setting next_dagrun for example_skip_dag to 2023-05-25T17:16:16.036138+00:00, run_after=2023-05-26T17:16:16.036138+00:00
[2023-05-26T21:16:16.078+0400] {processor.py:179} INFO - Processing /home/chinnu/.local/lib/python3.10/site-packages/airflow/example_dags/example_skip_dag.py took 0.171 seconds
[2023-05-26T21:17:22.867+0400] {processor.py:157} INFO - Started process (PID=16761) to work on /home/chinnu/.local/lib/python3.10/site-packages/airflow/example_dags/example_skip_dag.py
[2023-05-26T21:17:22.869+0400] {processor.py:826} INFO - Processing file /home/chinnu/.local/lib/python3.10/site-packages/airflow/example_dags/example_skip_dag.py for tasks to queue
[2023-05-26T21:17:22.870+0400] {logging_mixin.py:149} INFO - [2023-05-26T21:17:22.870+0400] {dagbag.py:541} INFO - Filling up the DagBag from /home/chinnu/.local/lib/python3.10/site-packages/airflow/example_dags/example_skip_dag.py
[2023-05-26T21:17:22.882+0400] {processor.py:836} INFO - DAG(s) dict_keys(['example_skip_dag']) retrieved from /home/chinnu/.local/lib/python3.10/site-packages/airflow/example_dags/example_skip_dag.py
[2023-05-26T21:17:22.914+0400] {logging_mixin.py:149} INFO - [2023-05-26T21:17:22.913+0400] {dag.py:2726} INFO - Sync 1 DAGs
[2023-05-26T21:17:22.937+0400] {logging_mixin.py:149} INFO - [2023-05-26T21:17:22.937+0400] {dag.py:3486} INFO - Setting next_dagrun for example_skip_dag to 2023-05-25T17:17:22.937217+00:00, run_after=2023-05-26T17:17:22.937217+00:00
[2023-05-26T21:17:22.973+0400] {processor.py:179} INFO - Processing /home/chinnu/.local/lib/python3.10/site-packages/airflow/example_dags/example_skip_dag.py took 0.114 seconds
[2023-05-26T21:18:59.943+0400] {processor.py:157} INFO - Started process (PID=16849) to work on /home/chinnu/.local/lib/python3.10/site-packages/airflow/example_dags/example_skip_dag.py
[2023-05-26T21:18:59.946+0400] {processor.py:826} INFO - Processing file /home/chinnu/.local/lib/python3.10/site-packages/airflow/example_dags/example_skip_dag.py for tasks to queue
[2023-05-26T21:18:59.947+0400] {logging_mixin.py:149} INFO - [2023-05-26T21:18:59.947+0400] {dagbag.py:541} INFO - Filling up the DagBag from /home/chinnu/.local/lib/python3.10/site-packages/airflow/example_dags/example_skip_dag.py
[2023-05-26T21:18:59.964+0400] {processor.py:836} INFO - DAG(s) dict_keys(['example_skip_dag']) retrieved from /home/chinnu/.local/lib/python3.10/site-packages/airflow/example_dags/example_skip_dag.py
[2023-05-26T21:19:00.006+0400] {logging_mixin.py:149} INFO - [2023-05-26T21:19:00.006+0400] {dag.py:2726} INFO - Sync 1 DAGs
[2023-05-26T21:19:00.035+0400] {logging_mixin.py:149} INFO - [2023-05-26T21:19:00.035+0400] {dag.py:3486} INFO - Setting next_dagrun for example_skip_dag to 2023-05-25T17:19:00.035224+00:00, run_after=2023-05-26T17:19:00.035224+00:00
[2023-05-26T21:19:00.068+0400] {processor.py:179} INFO - Processing /home/chinnu/.local/lib/python3.10/site-packages/airflow/example_dags/example_skip_dag.py took 0.137 seconds
[2023-05-26T21:19:44.597+0400] {processor.py:157} INFO - Started process (PID=16900) to work on /home/chinnu/.local/lib/python3.10/site-packages/airflow/example_dags/example_skip_dag.py
[2023-05-26T21:19:44.599+0400] {processor.py:826} INFO - Processing file /home/chinnu/.local/lib/python3.10/site-packages/airflow/example_dags/example_skip_dag.py for tasks to queue
[2023-05-26T21:19:44.600+0400] {logging_mixin.py:149} INFO - [2023-05-26T21:19:44.599+0400] {dagbag.py:541} INFO - Filling up the DagBag from /home/chinnu/.local/lib/python3.10/site-packages/airflow/example_dags/example_skip_dag.py
[2023-05-26T21:19:44.618+0400] {processor.py:836} INFO - DAG(s) dict_keys(['example_skip_dag']) retrieved from /home/chinnu/.local/lib/python3.10/site-packages/airflow/example_dags/example_skip_dag.py
[2023-05-26T21:19:44.919+0400] {logging_mixin.py:149} INFO - [2023-05-26T21:19:44.918+0400] {dag.py:2726} INFO - Sync 1 DAGs
[2023-05-26T21:19:44.945+0400] {logging_mixin.py:149} INFO - [2023-05-26T21:19:44.945+0400] {dag.py:3486} INFO - Setting next_dagrun for example_skip_dag to 2023-05-25T17:19:44.945345+00:00, run_after=2023-05-26T17:19:44.945345+00:00
[2023-05-26T21:19:44.979+0400] {processor.py:179} INFO - Processing /home/chinnu/.local/lib/python3.10/site-packages/airflow/example_dags/example_skip_dag.py took 0.392 seconds
[2023-05-26T21:20:57.320+0400] {processor.py:157} INFO - Started process (PID=16982) to work on /home/chinnu/.local/lib/python3.10/site-packages/airflow/example_dags/example_skip_dag.py
[2023-05-26T21:20:57.324+0400] {processor.py:826} INFO - Processing file /home/chinnu/.local/lib/python3.10/site-packages/airflow/example_dags/example_skip_dag.py for tasks to queue
[2023-05-26T21:20:57.325+0400] {logging_mixin.py:149} INFO - [2023-05-26T21:20:57.325+0400] {dagbag.py:541} INFO - Filling up the DagBag from /home/chinnu/.local/lib/python3.10/site-packages/airflow/example_dags/example_skip_dag.py
[2023-05-26T21:20:57.358+0400] {processor.py:836} INFO - DAG(s) dict_keys(['example_skip_dag']) retrieved from /home/chinnu/.local/lib/python3.10/site-packages/airflow/example_dags/example_skip_dag.py
[2023-05-26T21:20:57.443+0400] {logging_mixin.py:149} INFO - [2023-05-26T21:20:57.443+0400] {dag.py:2726} INFO - Sync 1 DAGs
[2023-05-26T21:20:57.506+0400] {logging_mixin.py:149} INFO - [2023-05-26T21:20:57.506+0400] {dag.py:3486} INFO - Setting next_dagrun for example_skip_dag to 2023-05-25T17:20:57.505064+00:00, run_after=2023-05-26T17:20:57.505064+00:00
[2023-05-26T21:20:57.565+0400] {processor.py:179} INFO - Processing /home/chinnu/.local/lib/python3.10/site-packages/airflow/example_dags/example_skip_dag.py took 0.260 seconds
[2023-05-26T21:21:39.710+0400] {processor.py:157} INFO - Started process (PID=17032) to work on /home/chinnu/.local/lib/python3.10/site-packages/airflow/example_dags/example_skip_dag.py
[2023-05-26T21:21:39.713+0400] {processor.py:826} INFO - Processing file /home/chinnu/.local/lib/python3.10/site-packages/airflow/example_dags/example_skip_dag.py for tasks to queue
[2023-05-26T21:21:39.715+0400] {logging_mixin.py:149} INFO - [2023-05-26T21:21:39.715+0400] {dagbag.py:541} INFO - Filling up the DagBag from /home/chinnu/.local/lib/python3.10/site-packages/airflow/example_dags/example_skip_dag.py
[2023-05-26T21:21:39.743+0400] {processor.py:836} INFO - DAG(s) dict_keys(['example_skip_dag']) retrieved from /home/chinnu/.local/lib/python3.10/site-packages/airflow/example_dags/example_skip_dag.py
[2023-05-26T21:21:39.800+0400] {logging_mixin.py:149} INFO - [2023-05-26T21:21:39.800+0400] {dag.py:2726} INFO - Sync 1 DAGs
[2023-05-26T21:21:39.840+0400] {logging_mixin.py:149} INFO - [2023-05-26T21:21:39.840+0400] {dag.py:3486} INFO - Setting next_dagrun for example_skip_dag to 2023-05-25T17:21:39.839658+00:00, run_after=2023-05-26T17:21:39.839658+00:00
[2023-05-26T21:21:39.888+0400] {processor.py:179} INFO - Processing /home/chinnu/.local/lib/python3.10/site-packages/airflow/example_dags/example_skip_dag.py took 0.193 seconds
[2023-05-26T21:22:21.961+0400] {processor.py:157} INFO - Started process (PID=17081) to work on /home/chinnu/.local/lib/python3.10/site-packages/airflow/example_dags/example_skip_dag.py
[2023-05-26T21:22:21.963+0400] {processor.py:826} INFO - Processing file /home/chinnu/.local/lib/python3.10/site-packages/airflow/example_dags/example_skip_dag.py for tasks to queue
[2023-05-26T21:22:21.964+0400] {logging_mixin.py:149} INFO - [2023-05-26T21:22:21.963+0400] {dagbag.py:541} INFO - Filling up the DagBag from /home/chinnu/.local/lib/python3.10/site-packages/airflow/example_dags/example_skip_dag.py
[2023-05-26T21:22:21.989+0400] {processor.py:836} INFO - DAG(s) dict_keys(['example_skip_dag']) retrieved from /home/chinnu/.local/lib/python3.10/site-packages/airflow/example_dags/example_skip_dag.py
[2023-05-26T21:22:22.045+0400] {logging_mixin.py:149} INFO - [2023-05-26T21:22:22.045+0400] {dag.py:2726} INFO - Sync 1 DAGs
[2023-05-26T21:22:22.077+0400] {logging_mixin.py:149} INFO - [2023-05-26T21:22:22.077+0400] {dag.py:3486} INFO - Setting next_dagrun for example_skip_dag to 2023-05-25T17:22:22.076795+00:00, run_after=2023-05-26T17:22:22.076795+00:00
[2023-05-26T21:22:22.115+0400] {processor.py:179} INFO - Processing /home/chinnu/.local/lib/python3.10/site-packages/airflow/example_dags/example_skip_dag.py took 0.166 seconds
[2023-05-26T21:23:04.807+0400] {processor.py:157} INFO - Started process (PID=17132) to work on /home/chinnu/.local/lib/python3.10/site-packages/airflow/example_dags/example_skip_dag.py
[2023-05-26T21:23:04.810+0400] {processor.py:826} INFO - Processing file /home/chinnu/.local/lib/python3.10/site-packages/airflow/example_dags/example_skip_dag.py for tasks to queue
[2023-05-26T21:23:04.812+0400] {logging_mixin.py:149} INFO - [2023-05-26T21:23:04.812+0400] {dagbag.py:541} INFO - Filling up the DagBag from /home/chinnu/.local/lib/python3.10/site-packages/airflow/example_dags/example_skip_dag.py
[2023-05-26T21:23:04.838+0400] {processor.py:836} INFO - DAG(s) dict_keys(['example_skip_dag']) retrieved from /home/chinnu/.local/lib/python3.10/site-packages/airflow/example_dags/example_skip_dag.py
[2023-05-26T21:23:04.886+0400] {logging_mixin.py:149} INFO - [2023-05-26T21:23:04.885+0400] {dag.py:2726} INFO - Sync 1 DAGs
[2023-05-26T21:23:04.920+0400] {logging_mixin.py:149} INFO - [2023-05-26T21:23:04.920+0400] {dag.py:3486} INFO - Setting next_dagrun for example_skip_dag to 2023-05-25T17:23:04.920326+00:00, run_after=2023-05-26T17:23:04.920326+00:00
[2023-05-26T21:23:04.948+0400] {processor.py:179} INFO - Processing /home/chinnu/.local/lib/python3.10/site-packages/airflow/example_dags/example_skip_dag.py took 0.154 seconds
[2023-05-26T21:23:43.920+0400] {processor.py:157} INFO - Started process (PID=17181) to work on /home/chinnu/.local/lib/python3.10/site-packages/airflow/example_dags/example_skip_dag.py
[2023-05-26T21:23:43.921+0400] {processor.py:826} INFO - Processing file /home/chinnu/.local/lib/python3.10/site-packages/airflow/example_dags/example_skip_dag.py for tasks to queue
[2023-05-26T21:23:43.922+0400] {logging_mixin.py:149} INFO - [2023-05-26T21:23:43.922+0400] {dagbag.py:541} INFO - Filling up the DagBag from /home/chinnu/.local/lib/python3.10/site-packages/airflow/example_dags/example_skip_dag.py
[2023-05-26T21:23:43.934+0400] {processor.py:836} INFO - DAG(s) dict_keys(['example_skip_dag']) retrieved from /home/chinnu/.local/lib/python3.10/site-packages/airflow/example_dags/example_skip_dag.py
[2023-05-26T21:23:43.967+0400] {logging_mixin.py:149} INFO - [2023-05-26T21:23:43.967+0400] {dag.py:2726} INFO - Sync 1 DAGs
[2023-05-26T21:23:43.993+0400] {logging_mixin.py:149} INFO - [2023-05-26T21:23:43.992+0400] {dag.py:3486} INFO - Setting next_dagrun for example_skip_dag to 2023-05-25T17:23:43.992579+00:00, run_after=2023-05-26T17:23:43.992579+00:00
[2023-05-26T21:23:44.020+0400] {processor.py:179} INFO - Processing /home/chinnu/.local/lib/python3.10/site-packages/airflow/example_dags/example_skip_dag.py took 0.106 seconds
[2023-05-26T21:24:22.724+0400] {processor.py:157} INFO - Started process (PID=17226) to work on /home/chinnu/.local/lib/python3.10/site-packages/airflow/example_dags/example_skip_dag.py
[2023-05-26T21:24:22.725+0400] {processor.py:826} INFO - Processing file /home/chinnu/.local/lib/python3.10/site-packages/airflow/example_dags/example_skip_dag.py for tasks to queue
[2023-05-26T21:24:22.726+0400] {logging_mixin.py:149} INFO - [2023-05-26T21:24:22.726+0400] {dagbag.py:541} INFO - Filling up the DagBag from /home/chinnu/.local/lib/python3.10/site-packages/airflow/example_dags/example_skip_dag.py
[2023-05-26T21:24:22.738+0400] {processor.py:836} INFO - DAG(s) dict_keys(['example_skip_dag']) retrieved from /home/chinnu/.local/lib/python3.10/site-packages/airflow/example_dags/example_skip_dag.py
[2023-05-26T21:24:22.770+0400] {logging_mixin.py:149} INFO - [2023-05-26T21:24:22.770+0400] {dag.py:2726} INFO - Sync 1 DAGs
[2023-05-26T21:24:22.794+0400] {logging_mixin.py:149} INFO - [2023-05-26T21:24:22.794+0400] {dag.py:3486} INFO - Setting next_dagrun for example_skip_dag to 2023-05-25T17:24:22.794400+00:00, run_after=2023-05-26T17:24:22.794400+00:00
[2023-05-26T21:24:22.821+0400] {processor.py:179} INFO - Processing /home/chinnu/.local/lib/python3.10/site-packages/airflow/example_dags/example_skip_dag.py took 0.103 seconds
[2023-05-26T21:24:59.306+0400] {processor.py:157} INFO - Started process (PID=17275) to work on /home/chinnu/.local/lib/python3.10/site-packages/airflow/example_dags/example_skip_dag.py
[2023-05-26T21:24:59.307+0400] {processor.py:826} INFO - Processing file /home/chinnu/.local/lib/python3.10/site-packages/airflow/example_dags/example_skip_dag.py for tasks to queue
[2023-05-26T21:24:59.308+0400] {logging_mixin.py:149} INFO - [2023-05-26T21:24:59.308+0400] {dagbag.py:541} INFO - Filling up the DagBag from /home/chinnu/.local/lib/python3.10/site-packages/airflow/example_dags/example_skip_dag.py
[2023-05-26T21:24:59.321+0400] {processor.py:836} INFO - DAG(s) dict_keys(['example_skip_dag']) retrieved from /home/chinnu/.local/lib/python3.10/site-packages/airflow/example_dags/example_skip_dag.py
[2023-05-26T21:24:59.353+0400] {logging_mixin.py:149} INFO - [2023-05-26T21:24:59.353+0400] {dag.py:2726} INFO - Sync 1 DAGs
[2023-05-26T21:24:59.377+0400] {logging_mixin.py:149} INFO - [2023-05-26T21:24:59.377+0400] {dag.py:3486} INFO - Setting next_dagrun for example_skip_dag to 2023-05-25T17:24:59.376844+00:00, run_after=2023-05-26T17:24:59.376844+00:00
[2023-05-26T21:24:59.402+0400] {processor.py:179} INFO - Processing /home/chinnu/.local/lib/python3.10/site-packages/airflow/example_dags/example_skip_dag.py took 0.102 seconds
[2023-05-26T21:48:25.305+0400] {processor.py:157} INFO - Started process (PID=80) to work on /home/chinnu/.local/lib/python3.10/site-packages/airflow/example_dags/example_skip_dag.py
[2023-05-26T21:48:25.313+0400] {processor.py:826} INFO - Processing file /home/chinnu/.local/lib/python3.10/site-packages/airflow/example_dags/example_skip_dag.py for tasks to queue
[2023-05-26T21:48:25.314+0400] {logging_mixin.py:149} INFO - [2023-05-26T21:48:25.314+0400] {dagbag.py:541} INFO - Filling up the DagBag from /home/chinnu/.local/lib/python3.10/site-packages/airflow/example_dags/example_skip_dag.py
[2023-05-26T21:48:25.325+0400] {processor.py:836} INFO - DAG(s) dict_keys(['example_skip_dag']) retrieved from /home/chinnu/.local/lib/python3.10/site-packages/airflow/example_dags/example_skip_dag.py
[2023-05-26T21:48:25.359+0400] {logging_mixin.py:149} INFO - [2023-05-26T21:48:25.359+0400] {dag.py:2726} INFO - Sync 1 DAGs
[2023-05-26T21:48:25.385+0400] {logging_mixin.py:149} INFO - [2023-05-26T21:48:25.385+0400] {dag.py:3486} INFO - Setting next_dagrun for example_skip_dag to 2023-05-25T17:48:25.385302+00:00, run_after=2023-05-26T17:48:25.385302+00:00
[2023-05-26T21:48:25.411+0400] {processor.py:179} INFO - Processing /home/chinnu/.local/lib/python3.10/site-packages/airflow/example_dags/example_skip_dag.py took 0.112 seconds
[2023-05-26T21:52:27.717+0400] {processor.py:157} INFO - Started process (PID=63) to work on /home/chinnu/.local/lib/python3.10/site-packages/airflow/example_dags/example_skip_dag.py
[2023-05-26T21:52:27.720+0400] {processor.py:826} INFO - Processing file /home/chinnu/.local/lib/python3.10/site-packages/airflow/example_dags/example_skip_dag.py for tasks to queue
[2023-05-26T21:52:27.721+0400] {logging_mixin.py:149} INFO - [2023-05-26T21:52:27.721+0400] {dagbag.py:541} INFO - Filling up the DagBag from /home/chinnu/.local/lib/python3.10/site-packages/airflow/example_dags/example_skip_dag.py
[2023-05-26T21:52:27.740+0400] {processor.py:836} INFO - DAG(s) dict_keys(['example_skip_dag']) retrieved from /home/chinnu/.local/lib/python3.10/site-packages/airflow/example_dags/example_skip_dag.py
[2023-05-26T21:52:27.791+0400] {logging_mixin.py:149} INFO - [2023-05-26T21:52:27.791+0400] {dag.py:2726} INFO - Sync 1 DAGs
[2023-05-26T21:52:27.827+0400] {logging_mixin.py:149} INFO - [2023-05-26T21:52:27.826+0400] {dag.py:3486} INFO - Setting next_dagrun for example_skip_dag to 2023-05-25T17:52:27.826345+00:00, run_after=2023-05-26T17:52:27.826345+00:00
[2023-05-26T21:52:27.862+0400] {processor.py:179} INFO - Processing /home/chinnu/.local/lib/python3.10/site-packages/airflow/example_dags/example_skip_dag.py took 0.152 seconds
[2023-05-26T21:53:26.974+0400] {processor.py:157} INFO - Started process (PID=113) to work on /home/chinnu/.local/lib/python3.10/site-packages/airflow/example_dags/example_skip_dag.py
[2023-05-26T21:53:26.976+0400] {processor.py:826} INFO - Processing file /home/chinnu/.local/lib/python3.10/site-packages/airflow/example_dags/example_skip_dag.py for tasks to queue
[2023-05-26T21:53:26.976+0400] {logging_mixin.py:149} INFO - [2023-05-26T21:53:26.976+0400] {dagbag.py:541} INFO - Filling up the DagBag from /home/chinnu/.local/lib/python3.10/site-packages/airflow/example_dags/example_skip_dag.py
[2023-05-26T21:53:26.988+0400] {processor.py:836} INFO - DAG(s) dict_keys(['example_skip_dag']) retrieved from /home/chinnu/.local/lib/python3.10/site-packages/airflow/example_dags/example_skip_dag.py
[2023-05-26T21:53:27.022+0400] {logging_mixin.py:149} INFO - [2023-05-26T21:53:27.022+0400] {dag.py:2726} INFO - Sync 1 DAGs
[2023-05-26T21:53:27.173+0400] {logging_mixin.py:149} INFO - [2023-05-26T21:53:27.173+0400] {dag.py:3486} INFO - Setting next_dagrun for example_skip_dag to 2023-05-25T17:53:27.172834+00:00, run_after=2023-05-26T17:53:27.172834+00:00
[2023-05-26T21:53:27.202+0400] {processor.py:179} INFO - Processing /home/chinnu/.local/lib/python3.10/site-packages/airflow/example_dags/example_skip_dag.py took 0.233 seconds
[2023-05-26T21:54:23.951+0400] {processor.py:157} INFO - Started process (PID=191) to work on /home/chinnu/.local/lib/python3.10/site-packages/airflow/example_dags/example_skip_dag.py
[2023-05-26T21:54:23.955+0400] {processor.py:826} INFO - Processing file /home/chinnu/.local/lib/python3.10/site-packages/airflow/example_dags/example_skip_dag.py for tasks to queue
[2023-05-26T21:54:23.962+0400] {logging_mixin.py:149} INFO - [2023-05-26T21:54:23.959+0400] {dagbag.py:541} INFO - Filling up the DagBag from /home/chinnu/.local/lib/python3.10/site-packages/airflow/example_dags/example_skip_dag.py
[2023-05-26T21:54:23.993+0400] {processor.py:836} INFO - DAG(s) dict_keys(['example_skip_dag']) retrieved from /home/chinnu/.local/lib/python3.10/site-packages/airflow/example_dags/example_skip_dag.py
[2023-05-26T21:54:24.051+0400] {logging_mixin.py:149} INFO - [2023-05-26T21:54:24.051+0400] {dag.py:2726} INFO - Sync 1 DAGs
[2023-05-26T21:54:24.092+0400] {logging_mixin.py:149} INFO - [2023-05-26T21:54:24.092+0400] {dag.py:3486} INFO - Setting next_dagrun for example_skip_dag to 2023-05-25T17:54:24.091903+00:00, run_after=2023-05-26T17:54:24.091903+00:00
[2023-05-26T21:54:24.162+0400] {processor.py:179} INFO - Processing /home/chinnu/.local/lib/python3.10/site-packages/airflow/example_dags/example_skip_dag.py took 0.229 seconds
[2023-05-26T22:06:11.633+0400] {processor.py:157} INFO - Started process (PID=2532) to work on /home/chinnu/.local/lib/python3.10/site-packages/airflow/example_dags/example_skip_dag.py
[2023-05-26T22:06:11.643+0400] {processor.py:826} INFO - Processing file /home/chinnu/.local/lib/python3.10/site-packages/airflow/example_dags/example_skip_dag.py for tasks to queue
[2023-05-26T22:06:11.646+0400] {logging_mixin.py:149} INFO - [2023-05-26T22:06:11.645+0400] {dagbag.py:541} INFO - Filling up the DagBag from /home/chinnu/.local/lib/python3.10/site-packages/airflow/example_dags/example_skip_dag.py
[2023-05-26T22:06:11.681+0400] {processor.py:836} INFO - DAG(s) dict_keys(['example_skip_dag']) retrieved from /home/chinnu/.local/lib/python3.10/site-packages/airflow/example_dags/example_skip_dag.py
[2023-05-26T22:06:11.793+0400] {logging_mixin.py:149} INFO - [2023-05-26T22:06:11.792+0400] {dag.py:2726} INFO - Sync 1 DAGs
[2023-05-26T22:06:11.861+0400] {logging_mixin.py:149} INFO - [2023-05-26T22:06:11.861+0400] {dag.py:3486} INFO - Setting next_dagrun for example_skip_dag to 2023-05-25T18:06:11.860964+00:00, run_after=2023-05-26T18:06:11.860964+00:00
[2023-05-26T22:06:11.960+0400] {processor.py:179} INFO - Processing /home/chinnu/.local/lib/python3.10/site-packages/airflow/example_dags/example_skip_dag.py took 0.341 seconds
[2023-05-26T22:07:28.689+0400] {processor.py:157} INFO - Started process (PID=2582) to work on /home/chinnu/.local/lib/python3.10/site-packages/airflow/example_dags/example_skip_dag.py
[2023-05-26T22:07:28.694+0400] {processor.py:826} INFO - Processing file /home/chinnu/.local/lib/python3.10/site-packages/airflow/example_dags/example_skip_dag.py for tasks to queue
[2023-05-26T22:07:28.703+0400] {logging_mixin.py:149} INFO - [2023-05-26T22:07:28.696+0400] {dagbag.py:541} INFO - Filling up the DagBag from /home/chinnu/.local/lib/python3.10/site-packages/airflow/example_dags/example_skip_dag.py
[2023-05-26T22:07:28.783+0400] {processor.py:836} INFO - DAG(s) dict_keys(['example_skip_dag']) retrieved from /home/chinnu/.local/lib/python3.10/site-packages/airflow/example_dags/example_skip_dag.py
[2023-05-26T22:07:29.034+0400] {logging_mixin.py:149} INFO - [2023-05-26T22:07:29.029+0400] {dag.py:2726} INFO - Sync 1 DAGs
[2023-05-26T22:07:29.857+0400] {logging_mixin.py:149} INFO - [2023-05-26T22:07:29.857+0400] {dag.py:3486} INFO - Setting next_dagrun for example_skip_dag to 2023-05-25T18:07:29.857144+00:00, run_after=2023-05-26T18:07:29.857144+00:00
[2023-05-26T22:07:29.925+0400] {processor.py:179} INFO - Processing /home/chinnu/.local/lib/python3.10/site-packages/airflow/example_dags/example_skip_dag.py took 1.252 seconds
