[2023-05-26T19:38:34.623+0400] {processor.py:157} INFO - Started process (PID=205) to work on /home/chinnu/.local/lib/python3.10/site-packages/airflow/example_dags/example_xcom.py
[2023-05-26T19:38:34.626+0400] {processor.py:826} INFO - Processing file /home/chinnu/.local/lib/python3.10/site-packages/airflow/example_dags/example_xcom.py for tasks to queue
[2023-05-26T19:38:34.628+0400] {logging_mixin.py:149} INFO - [2023-05-26T19:38:34.628+0400] {dagbag.py:541} INFO - Filling up the DagBag from /home/chinnu/.local/lib/python3.10/site-packages/airflow/example_dags/example_xcom.py
[2023-05-26T19:38:34.671+0400] {processor.py:836} INFO - DAG(s) dict_keys(['example_xcom']) retrieved from /home/chinnu/.local/lib/python3.10/site-packages/airflow/example_dags/example_xcom.py
[2023-05-26T19:38:34.769+0400] {logging_mixin.py:149} INFO - [2023-05-26T19:38:34.769+0400] {dag.py:2726} INFO - Sync 1 DAGs
[2023-05-26T19:38:34.817+0400] {logging_mixin.py:149} INFO - [2023-05-26T19:38:34.817+0400] {dag.py:3486} INFO - Setting next_dagrun for example_xcom to 2021-01-01T00:00:00+00:00, run_after=2021-01-01T00:00:00+00:00
[2023-05-26T19:38:34.879+0400] {processor.py:179} INFO - Processing /home/chinnu/.local/lib/python3.10/site-packages/airflow/example_dags/example_xcom.py took 0.268 seconds
[2023-05-26T19:39:32.367+0400] {processor.py:157} INFO - Started process (PID=256) to work on /home/chinnu/.local/lib/python3.10/site-packages/airflow/example_dags/example_xcom.py
[2023-05-26T19:39:32.371+0400] {processor.py:826} INFO - Processing file /home/chinnu/.local/lib/python3.10/site-packages/airflow/example_dags/example_xcom.py for tasks to queue
[2023-05-26T19:39:32.373+0400] {logging_mixin.py:149} INFO - [2023-05-26T19:39:32.372+0400] {dagbag.py:541} INFO - Filling up the DagBag from /home/chinnu/.local/lib/python3.10/site-packages/airflow/example_dags/example_xcom.py
[2023-05-26T19:39:32.400+0400] {processor.py:836} INFO - DAG(s) dict_keys(['example_xcom']) retrieved from /home/chinnu/.local/lib/python3.10/site-packages/airflow/example_dags/example_xcom.py
[2023-05-26T19:39:32.461+0400] {logging_mixin.py:149} INFO - [2023-05-26T19:39:32.461+0400] {dag.py:2726} INFO - Sync 1 DAGs
[2023-05-26T19:39:32.486+0400] {logging_mixin.py:149} INFO - [2023-05-26T19:39:32.486+0400] {dag.py:3486} INFO - Setting next_dagrun for example_xcom to 2021-01-01T00:00:00+00:00, run_after=2021-01-01T00:00:00+00:00
[2023-05-26T19:39:32.518+0400] {processor.py:179} INFO - Processing /home/chinnu/.local/lib/python3.10/site-packages/airflow/example_dags/example_xcom.py took 0.167 seconds
[2023-05-26T19:40:22.639+0400] {processor.py:157} INFO - Started process (PID=816) to work on /home/chinnu/.local/lib/python3.10/site-packages/airflow/example_dags/example_xcom.py
[2023-05-26T19:40:22.640+0400] {processor.py:826} INFO - Processing file /home/chinnu/.local/lib/python3.10/site-packages/airflow/example_dags/example_xcom.py for tasks to queue
[2023-05-26T19:40:22.642+0400] {logging_mixin.py:149} INFO - [2023-05-26T19:40:22.641+0400] {dagbag.py:541} INFO - Filling up the DagBag from /home/chinnu/.local/lib/python3.10/site-packages/airflow/example_dags/example_xcom.py
[2023-05-26T19:40:22.658+0400] {processor.py:836} INFO - DAG(s) dict_keys(['example_xcom']) retrieved from /home/chinnu/.local/lib/python3.10/site-packages/airflow/example_dags/example_xcom.py
[2023-05-26T19:40:22.714+0400] {logging_mixin.py:149} INFO - [2023-05-26T19:40:22.713+0400] {dag.py:2726} INFO - Sync 1 DAGs
[2023-05-26T19:40:22.734+0400] {logging_mixin.py:149} INFO - [2023-05-26T19:40:22.734+0400] {dag.py:3486} INFO - Setting next_dagrun for example_xcom to 2021-01-01T00:00:00+00:00, run_after=2021-01-01T00:00:00+00:00
[2023-05-26T19:40:22.760+0400] {processor.py:179} INFO - Processing /home/chinnu/.local/lib/python3.10/site-packages/airflow/example_dags/example_xcom.py took 0.128 seconds
[2023-05-26T19:41:32.136+0400] {processor.py:157} INFO - Started process (PID=878) to work on /home/chinnu/.local/lib/python3.10/site-packages/airflow/example_dags/example_xcom.py
[2023-05-26T19:41:32.142+0400] {processor.py:826} INFO - Processing file /home/chinnu/.local/lib/python3.10/site-packages/airflow/example_dags/example_xcom.py for tasks to queue
[2023-05-26T19:41:32.145+0400] {logging_mixin.py:149} INFO - [2023-05-26T19:41:32.144+0400] {dagbag.py:541} INFO - Filling up the DagBag from /home/chinnu/.local/lib/python3.10/site-packages/airflow/example_dags/example_xcom.py
[2023-05-26T19:41:32.233+0400] {processor.py:836} INFO - DAG(s) dict_keys(['example_xcom']) retrieved from /home/chinnu/.local/lib/python3.10/site-packages/airflow/example_dags/example_xcom.py
[2023-05-26T19:41:32.379+0400] {logging_mixin.py:149} INFO - [2023-05-26T19:41:32.379+0400] {dag.py:2726} INFO - Sync 1 DAGs
[2023-05-26T19:41:32.443+0400] {logging_mixin.py:149} INFO - [2023-05-26T19:41:32.443+0400] {dag.py:3486} INFO - Setting next_dagrun for example_xcom to 2021-01-01T00:00:00+00:00, run_after=2021-01-01T00:00:00+00:00
[2023-05-26T19:41:32.503+0400] {processor.py:179} INFO - Processing /home/chinnu/.local/lib/python3.10/site-packages/airflow/example_dags/example_xcom.py took 0.386 seconds
[2023-05-26T19:43:00.719+0400] {processor.py:157} INFO - Started process (PID=1471) to work on /home/chinnu/.local/lib/python3.10/site-packages/airflow/example_dags/example_xcom.py
[2023-05-26T19:43:00.722+0400] {processor.py:826} INFO - Processing file /home/chinnu/.local/lib/python3.10/site-packages/airflow/example_dags/example_xcom.py for tasks to queue
[2023-05-26T19:43:00.723+0400] {logging_mixin.py:149} INFO - [2023-05-26T19:43:00.723+0400] {dagbag.py:541} INFO - Filling up the DagBag from /home/chinnu/.local/lib/python3.10/site-packages/airflow/example_dags/example_xcom.py
[2023-05-26T19:43:00.745+0400] {processor.py:836} INFO - DAG(s) dict_keys(['example_xcom']) retrieved from /home/chinnu/.local/lib/python3.10/site-packages/airflow/example_dags/example_xcom.py
[2023-05-26T19:43:00.804+0400] {logging_mixin.py:149} INFO - [2023-05-26T19:43:00.803+0400] {dag.py:2726} INFO - Sync 1 DAGs
[2023-05-26T19:43:01.109+0400] {logging_mixin.py:149} INFO - [2023-05-26T19:43:01.109+0400] {dag.py:3486} INFO - Setting next_dagrun for example_xcom to 2021-01-01T00:00:00+00:00, run_after=2021-01-01T00:00:00+00:00
[2023-05-26T19:43:01.150+0400] {processor.py:179} INFO - Processing /home/chinnu/.local/lib/python3.10/site-packages/airflow/example_dags/example_xcom.py took 0.443 seconds
[2023-05-26T19:44:14.693+0400] {processor.py:157} INFO - Started process (PID=1531) to work on /home/chinnu/.local/lib/python3.10/site-packages/airflow/example_dags/example_xcom.py
[2023-05-26T19:44:14.697+0400] {processor.py:826} INFO - Processing file /home/chinnu/.local/lib/python3.10/site-packages/airflow/example_dags/example_xcom.py for tasks to queue
[2023-05-26T19:44:14.699+0400] {logging_mixin.py:149} INFO - [2023-05-26T19:44:14.699+0400] {dagbag.py:541} INFO - Filling up the DagBag from /home/chinnu/.local/lib/python3.10/site-packages/airflow/example_dags/example_xcom.py
[2023-05-26T19:44:14.729+0400] {processor.py:836} INFO - DAG(s) dict_keys(['example_xcom']) retrieved from /home/chinnu/.local/lib/python3.10/site-packages/airflow/example_dags/example_xcom.py
[2023-05-26T19:44:14.809+0400] {logging_mixin.py:149} INFO - [2023-05-26T19:44:14.808+0400] {dag.py:2726} INFO - Sync 1 DAGs
[2023-05-26T19:44:14.868+0400] {logging_mixin.py:149} INFO - [2023-05-26T19:44:14.868+0400] {dag.py:3486} INFO - Setting next_dagrun for example_xcom to 2021-01-01T00:00:00+00:00, run_after=2021-01-01T00:00:00+00:00
[2023-05-26T19:44:14.952+0400] {processor.py:179} INFO - Processing /home/chinnu/.local/lib/python3.10/site-packages/airflow/example_dags/example_xcom.py took 0.272 seconds
[2023-05-26T19:45:18.508+0400] {processor.py:157} INFO - Started process (PID=1583) to work on /home/chinnu/.local/lib/python3.10/site-packages/airflow/example_dags/example_xcom.py
[2023-05-26T19:45:18.513+0400] {processor.py:826} INFO - Processing file /home/chinnu/.local/lib/python3.10/site-packages/airflow/example_dags/example_xcom.py for tasks to queue
[2023-05-26T19:45:18.516+0400] {logging_mixin.py:149} INFO - [2023-05-26T19:45:18.516+0400] {dagbag.py:541} INFO - Filling up the DagBag from /home/chinnu/.local/lib/python3.10/site-packages/airflow/example_dags/example_xcom.py
[2023-05-26T19:45:18.569+0400] {processor.py:836} INFO - DAG(s) dict_keys(['example_xcom']) retrieved from /home/chinnu/.local/lib/python3.10/site-packages/airflow/example_dags/example_xcom.py
[2023-05-26T19:45:18.643+0400] {logging_mixin.py:149} INFO - [2023-05-26T19:45:18.643+0400] {dag.py:2726} INFO - Sync 1 DAGs
[2023-05-26T19:45:18.678+0400] {logging_mixin.py:149} INFO - [2023-05-26T19:45:18.678+0400] {dag.py:3486} INFO - Setting next_dagrun for example_xcom to 2021-01-01T00:00:00+00:00, run_after=2021-01-01T00:00:00+00:00
[2023-05-26T19:45:18.723+0400] {processor.py:179} INFO - Processing /home/chinnu/.local/lib/python3.10/site-packages/airflow/example_dags/example_xcom.py took 0.240 seconds
[2023-05-26T19:46:16.291+0400] {processor.py:157} INFO - Started process (PID=1634) to work on /home/chinnu/.local/lib/python3.10/site-packages/airflow/example_dags/example_xcom.py
[2023-05-26T19:46:16.293+0400] {processor.py:826} INFO - Processing file /home/chinnu/.local/lib/python3.10/site-packages/airflow/example_dags/example_xcom.py for tasks to queue
[2023-05-26T19:46:16.295+0400] {logging_mixin.py:149} INFO - [2023-05-26T19:46:16.295+0400] {dagbag.py:541} INFO - Filling up the DagBag from /home/chinnu/.local/lib/python3.10/site-packages/airflow/example_dags/example_xcom.py
[2023-05-26T19:46:16.315+0400] {processor.py:836} INFO - DAG(s) dict_keys(['example_xcom']) retrieved from /home/chinnu/.local/lib/python3.10/site-packages/airflow/example_dags/example_xcom.py
[2023-05-26T19:46:16.363+0400] {logging_mixin.py:149} INFO - [2023-05-26T19:46:16.363+0400] {dag.py:2726} INFO - Sync 1 DAGs
[2023-05-26T19:46:16.386+0400] {logging_mixin.py:149} INFO - [2023-05-26T19:46:16.385+0400] {dag.py:3486} INFO - Setting next_dagrun for example_xcom to 2021-01-01T00:00:00+00:00, run_after=2021-01-01T00:00:00+00:00
[2023-05-26T19:46:16.418+0400] {processor.py:179} INFO - Processing /home/chinnu/.local/lib/python3.10/site-packages/airflow/example_dags/example_xcom.py took 0.137 seconds
[2023-05-26T19:48:02.629+0400] {processor.py:157} INFO - Started process (PID=1685) to work on /home/chinnu/.local/lib/python3.10/site-packages/airflow/example_dags/example_xcom.py
[2023-05-26T19:48:02.635+0400] {processor.py:826} INFO - Processing file /home/chinnu/.local/lib/python3.10/site-packages/airflow/example_dags/example_xcom.py for tasks to queue
[2023-05-26T19:48:02.638+0400] {logging_mixin.py:149} INFO - [2023-05-26T19:48:02.637+0400] {dagbag.py:541} INFO - Filling up the DagBag from /home/chinnu/.local/lib/python3.10/site-packages/airflow/example_dags/example_xcom.py
[2023-05-26T19:48:02.681+0400] {processor.py:836} INFO - DAG(s) dict_keys(['example_xcom']) retrieved from /home/chinnu/.local/lib/python3.10/site-packages/airflow/example_dags/example_xcom.py
[2023-05-26T19:48:02.750+0400] {logging_mixin.py:149} INFO - [2023-05-26T19:48:02.750+0400] {dag.py:2726} INFO - Sync 1 DAGs
[2023-05-26T19:48:02.778+0400] {logging_mixin.py:149} INFO - [2023-05-26T19:48:02.777+0400] {dag.py:3486} INFO - Setting next_dagrun for example_xcom to 2021-01-01T00:00:00+00:00, run_after=2021-01-01T00:00:00+00:00
[2023-05-26T19:48:02.809+0400] {processor.py:179} INFO - Processing /home/chinnu/.local/lib/python3.10/site-packages/airflow/example_dags/example_xcom.py took 0.202 seconds
[2023-05-26T21:05:23.464+0400] {processor.py:157} INFO - Started process (PID=69) to work on /home/chinnu/.local/lib/python3.10/site-packages/airflow/example_dags/example_xcom.py
[2023-05-26T21:05:23.476+0400] {processor.py:826} INFO - Processing file /home/chinnu/.local/lib/python3.10/site-packages/airflow/example_dags/example_xcom.py for tasks to queue
[2023-05-26T21:05:23.478+0400] {logging_mixin.py:149} INFO - [2023-05-26T21:05:23.477+0400] {dagbag.py:541} INFO - Filling up the DagBag from /home/chinnu/.local/lib/python3.10/site-packages/airflow/example_dags/example_xcom.py
[2023-05-26T21:05:23.519+0400] {processor.py:836} INFO - DAG(s) dict_keys(['example_xcom']) retrieved from /home/chinnu/.local/lib/python3.10/site-packages/airflow/example_dags/example_xcom.py
[2023-05-26T21:05:23.602+0400] {logging_mixin.py:149} INFO - [2023-05-26T21:05:23.601+0400] {dag.py:2726} INFO - Sync 1 DAGs
[2023-05-26T21:05:23.655+0400] {logging_mixin.py:149} INFO - [2023-05-26T21:05:23.655+0400] {dag.py:3486} INFO - Setting next_dagrun for example_xcom to 2021-01-01T00:00:00+00:00, run_after=2021-01-01T00:00:00+00:00
[2023-05-26T21:05:23.695+0400] {processor.py:179} INFO - Processing /home/chinnu/.local/lib/python3.10/site-packages/airflow/example_dags/example_xcom.py took 0.248 seconds
[2023-05-26T21:06:25.699+0400] {processor.py:157} INFO - Started process (PID=119) to work on /home/chinnu/.local/lib/python3.10/site-packages/airflow/example_dags/example_xcom.py
[2023-05-26T21:06:25.701+0400] {processor.py:826} INFO - Processing file /home/chinnu/.local/lib/python3.10/site-packages/airflow/example_dags/example_xcom.py for tasks to queue
[2023-05-26T21:06:25.702+0400] {logging_mixin.py:149} INFO - [2023-05-26T21:06:25.702+0400] {dagbag.py:541} INFO - Filling up the DagBag from /home/chinnu/.local/lib/python3.10/site-packages/airflow/example_dags/example_xcom.py
[2023-05-26T21:06:25.719+0400] {processor.py:836} INFO - DAG(s) dict_keys(['example_xcom']) retrieved from /home/chinnu/.local/lib/python3.10/site-packages/airflow/example_dags/example_xcom.py
[2023-05-26T21:06:25.763+0400] {logging_mixin.py:149} INFO - [2023-05-26T21:06:25.763+0400] {dag.py:2726} INFO - Sync 1 DAGs
[2023-05-26T21:06:25.978+0400] {logging_mixin.py:149} INFO - [2023-05-26T21:06:25.978+0400] {dag.py:3486} INFO - Setting next_dagrun for example_xcom to 2021-01-01T00:00:00+00:00, run_after=2021-01-01T00:00:00+00:00
[2023-05-26T21:06:26.013+0400] {processor.py:179} INFO - Processing /home/chinnu/.local/lib/python3.10/site-packages/airflow/example_dags/example_xcom.py took 0.325 seconds
[2023-05-26T21:09:49.497+0400] {processor.py:157} INFO - Started process (PID=1845) to work on /home/chinnu/.local/lib/python3.10/site-packages/airflow/example_dags/example_xcom.py
[2023-05-26T21:09:49.500+0400] {processor.py:826} INFO - Processing file /home/chinnu/.local/lib/python3.10/site-packages/airflow/example_dags/example_xcom.py for tasks to queue
[2023-05-26T21:09:49.501+0400] {logging_mixin.py:149} INFO - [2023-05-26T21:09:49.501+0400] {dagbag.py:541} INFO - Filling up the DagBag from /home/chinnu/.local/lib/python3.10/site-packages/airflow/example_dags/example_xcom.py
[2023-05-26T21:09:49.528+0400] {processor.py:836} INFO - DAG(s) dict_keys(['example_xcom']) retrieved from /home/chinnu/.local/lib/python3.10/site-packages/airflow/example_dags/example_xcom.py
[2023-05-26T21:09:49.578+0400] {logging_mixin.py:149} INFO - [2023-05-26T21:09:49.578+0400] {dag.py:2726} INFO - Sync 1 DAGs
[2023-05-26T21:09:49.643+0400] {logging_mixin.py:149} INFO - [2023-05-26T21:09:49.643+0400] {dag.py:3486} INFO - Setting next_dagrun for example_xcom to 2021-01-01T00:00:00+00:00, run_after=2021-01-01T00:00:00+00:00
[2023-05-26T21:09:49.708+0400] {processor.py:179} INFO - Processing /home/chinnu/.local/lib/python3.10/site-packages/airflow/example_dags/example_xcom.py took 0.222 seconds
[2023-05-26T21:10:30.317+0400] {processor.py:157} INFO - Started process (PID=1904) to work on /home/chinnu/.local/lib/python3.10/site-packages/airflow/example_dags/example_xcom.py
[2023-05-26T21:10:30.319+0400] {processor.py:826} INFO - Processing file /home/chinnu/.local/lib/python3.10/site-packages/airflow/example_dags/example_xcom.py for tasks to queue
[2023-05-26T21:10:30.320+0400] {logging_mixin.py:149} INFO - [2023-05-26T21:10:30.320+0400] {dagbag.py:541} INFO - Filling up the DagBag from /home/chinnu/.local/lib/python3.10/site-packages/airflow/example_dags/example_xcom.py
[2023-05-26T21:10:30.338+0400] {processor.py:836} INFO - DAG(s) dict_keys(['example_xcom']) retrieved from /home/chinnu/.local/lib/python3.10/site-packages/airflow/example_dags/example_xcom.py
[2023-05-26T21:10:30.379+0400] {logging_mixin.py:149} INFO - [2023-05-26T21:10:30.379+0400] {dag.py:2726} INFO - Sync 1 DAGs
[2023-05-26T21:10:30.402+0400] {logging_mixin.py:149} INFO - [2023-05-26T21:10:30.401+0400] {dag.py:3486} INFO - Setting next_dagrun for example_xcom to 2021-01-01T00:00:00+00:00, run_after=2021-01-01T00:00:00+00:00
[2023-05-26T21:10:30.427+0400] {processor.py:179} INFO - Processing /home/chinnu/.local/lib/python3.10/site-packages/airflow/example_dags/example_xcom.py took 0.116 seconds
[2023-05-26T21:11:37.287+0400] {processor.py:157} INFO - Started process (PID=1962) to work on /home/chinnu/.local/lib/python3.10/site-packages/airflow/example_dags/example_xcom.py
[2023-05-26T21:11:37.292+0400] {processor.py:826} INFO - Processing file /home/chinnu/.local/lib/python3.10/site-packages/airflow/example_dags/example_xcom.py for tasks to queue
[2023-05-26T21:11:37.295+0400] {logging_mixin.py:149} INFO - [2023-05-26T21:11:37.294+0400] {dagbag.py:541} INFO - Filling up the DagBag from /home/chinnu/.local/lib/python3.10/site-packages/airflow/example_dags/example_xcom.py
[2023-05-26T21:11:37.331+0400] {processor.py:836} INFO - DAG(s) dict_keys(['example_xcom']) retrieved from /home/chinnu/.local/lib/python3.10/site-packages/airflow/example_dags/example_xcom.py
[2023-05-26T21:11:37.397+0400] {logging_mixin.py:149} INFO - [2023-05-26T21:11:37.397+0400] {dag.py:2726} INFO - Sync 1 DAGs
[2023-05-26T21:11:37.745+0400] {logging_mixin.py:149} INFO - [2023-05-26T21:11:37.744+0400] {dag.py:3486} INFO - Setting next_dagrun for example_xcom to 2021-01-01T00:00:00+00:00, run_after=2021-01-01T00:00:00+00:00
[2023-05-26T21:11:37.815+0400] {processor.py:179} INFO - Processing /home/chinnu/.local/lib/python3.10/site-packages/airflow/example_dags/example_xcom.py took 0.545 seconds
[2023-05-26T21:12:35.349+0400] {processor.py:157} INFO - Started process (PID=2020) to work on /home/chinnu/.local/lib/python3.10/site-packages/airflow/example_dags/example_xcom.py
[2023-05-26T21:12:35.352+0400] {processor.py:826} INFO - Processing file /home/chinnu/.local/lib/python3.10/site-packages/airflow/example_dags/example_xcom.py for tasks to queue
[2023-05-26T21:12:35.354+0400] {logging_mixin.py:149} INFO - [2023-05-26T21:12:35.354+0400] {dagbag.py:541} INFO - Filling up the DagBag from /home/chinnu/.local/lib/python3.10/site-packages/airflow/example_dags/example_xcom.py
[2023-05-26T21:12:35.374+0400] {processor.py:836} INFO - DAG(s) dict_keys(['example_xcom']) retrieved from /home/chinnu/.local/lib/python3.10/site-packages/airflow/example_dags/example_xcom.py
[2023-05-26T21:12:35.643+0400] {logging_mixin.py:149} INFO - [2023-05-26T21:12:35.643+0400] {dag.py:2726} INFO - Sync 1 DAGs
[2023-05-26T21:12:35.671+0400] {logging_mixin.py:149} INFO - [2023-05-26T21:12:35.671+0400] {dag.py:3486} INFO - Setting next_dagrun for example_xcom to 2021-01-01T00:00:00+00:00, run_after=2021-01-01T00:00:00+00:00
[2023-05-26T21:12:35.707+0400] {processor.py:179} INFO - Processing /home/chinnu/.local/lib/python3.10/site-packages/airflow/example_dags/example_xcom.py took 0.370 seconds
[2023-05-26T21:13:15.658+0400] {processor.py:157} INFO - Started process (PID=2067) to work on /home/chinnu/.local/lib/python3.10/site-packages/airflow/example_dags/example_xcom.py
[2023-05-26T21:13:15.660+0400] {processor.py:826} INFO - Processing file /home/chinnu/.local/lib/python3.10/site-packages/airflow/example_dags/example_xcom.py for tasks to queue
[2023-05-26T21:13:15.661+0400] {logging_mixin.py:149} INFO - [2023-05-26T21:13:15.661+0400] {dagbag.py:541} INFO - Filling up the DagBag from /home/chinnu/.local/lib/python3.10/site-packages/airflow/example_dags/example_xcom.py
[2023-05-26T21:13:15.678+0400] {processor.py:836} INFO - DAG(s) dict_keys(['example_xcom']) retrieved from /home/chinnu/.local/lib/python3.10/site-packages/airflow/example_dags/example_xcom.py
[2023-05-26T21:13:15.716+0400] {logging_mixin.py:149} INFO - [2023-05-26T21:13:15.716+0400] {dag.py:2726} INFO - Sync 1 DAGs
[2023-05-26T21:13:15.740+0400] {logging_mixin.py:149} INFO - [2023-05-26T21:13:15.740+0400] {dag.py:3486} INFO - Setting next_dagrun for example_xcom to 2021-01-01T00:00:00+00:00, run_after=2021-01-01T00:00:00+00:00
[2023-05-26T21:13:15.771+0400] {processor.py:179} INFO - Processing /home/chinnu/.local/lib/python3.10/site-packages/airflow/example_dags/example_xcom.py took 0.122 seconds
[2023-05-26T21:13:59.371+0400] {processor.py:157} INFO - Started process (PID=2118) to work on /home/chinnu/.local/lib/python3.10/site-packages/airflow/example_dags/example_xcom.py
[2023-05-26T21:13:59.373+0400] {processor.py:826} INFO - Processing file /home/chinnu/.local/lib/python3.10/site-packages/airflow/example_dags/example_xcom.py for tasks to queue
[2023-05-26T21:13:59.374+0400] {logging_mixin.py:149} INFO - [2023-05-26T21:13:59.374+0400] {dagbag.py:541} INFO - Filling up the DagBag from /home/chinnu/.local/lib/python3.10/site-packages/airflow/example_dags/example_xcom.py
[2023-05-26T21:13:59.403+0400] {processor.py:836} INFO - DAG(s) dict_keys(['example_xcom']) retrieved from /home/chinnu/.local/lib/python3.10/site-packages/airflow/example_dags/example_xcom.py
[2023-05-26T21:13:59.469+0400] {logging_mixin.py:149} INFO - [2023-05-26T21:13:59.469+0400] {dag.py:2726} INFO - Sync 1 DAGs
[2023-05-26T21:13:59.500+0400] {logging_mixin.py:149} INFO - [2023-05-26T21:13:59.499+0400] {dag.py:3486} INFO - Setting next_dagrun for example_xcom to 2021-01-01T00:00:00+00:00, run_after=2021-01-01T00:00:00+00:00
[2023-05-26T21:13:59.536+0400] {processor.py:179} INFO - Processing /home/chinnu/.local/lib/python3.10/site-packages/airflow/example_dags/example_xcom.py took 0.179 seconds
[2023-05-26T21:14:41.440+0400] {processor.py:157} INFO - Started process (PID=2168) to work on /home/chinnu/.local/lib/python3.10/site-packages/airflow/example_dags/example_xcom.py
[2023-05-26T21:14:41.443+0400] {processor.py:826} INFO - Processing file /home/chinnu/.local/lib/python3.10/site-packages/airflow/example_dags/example_xcom.py for tasks to queue
[2023-05-26T21:14:41.444+0400] {logging_mixin.py:149} INFO - [2023-05-26T21:14:41.444+0400] {dagbag.py:541} INFO - Filling up the DagBag from /home/chinnu/.local/lib/python3.10/site-packages/airflow/example_dags/example_xcom.py
[2023-05-26T21:14:41.466+0400] {processor.py:836} INFO - DAG(s) dict_keys(['example_xcom']) retrieved from /home/chinnu/.local/lib/python3.10/site-packages/airflow/example_dags/example_xcom.py
[2023-05-26T21:14:41.499+0400] {logging_mixin.py:149} INFO - [2023-05-26T21:14:41.499+0400] {dag.py:2726} INFO - Sync 1 DAGs
[2023-05-26T21:14:41.523+0400] {logging_mixin.py:149} INFO - [2023-05-26T21:14:41.523+0400] {dag.py:3486} INFO - Setting next_dagrun for example_xcom to 2021-01-01T00:00:00+00:00, run_after=2021-01-01T00:00:00+00:00
[2023-05-26T21:14:41.548+0400] {processor.py:179} INFO - Processing /home/chinnu/.local/lib/python3.10/site-packages/airflow/example_dags/example_xcom.py took 0.118 seconds
[2023-05-26T21:15:24.453+0400] {processor.py:157} INFO - Started process (PID=9419) to work on /home/chinnu/.local/lib/python3.10/site-packages/airflow/example_dags/example_xcom.py
[2023-05-26T21:15:24.456+0400] {processor.py:826} INFO - Processing file /home/chinnu/.local/lib/python3.10/site-packages/airflow/example_dags/example_xcom.py for tasks to queue
[2023-05-26T21:15:24.457+0400] {logging_mixin.py:149} INFO - [2023-05-26T21:15:24.457+0400] {dagbag.py:541} INFO - Filling up the DagBag from /home/chinnu/.local/lib/python3.10/site-packages/airflow/example_dags/example_xcom.py
[2023-05-26T21:15:24.475+0400] {processor.py:836} INFO - DAG(s) dict_keys(['example_xcom']) retrieved from /home/chinnu/.local/lib/python3.10/site-packages/airflow/example_dags/example_xcom.py
[2023-05-26T21:15:24.524+0400] {logging_mixin.py:149} INFO - [2023-05-26T21:15:24.523+0400] {dag.py:2726} INFO - Sync 1 DAGs
[2023-05-26T21:15:24.561+0400] {logging_mixin.py:149} INFO - [2023-05-26T21:15:24.560+0400] {dag.py:3486} INFO - Setting next_dagrun for example_xcom to 2021-01-01T00:00:00+00:00, run_after=2021-01-01T00:00:00+00:00
[2023-05-26T21:15:24.598+0400] {processor.py:179} INFO - Processing /home/chinnu/.local/lib/python3.10/site-packages/airflow/example_dags/example_xcom.py took 0.153 seconds
[2023-05-26T21:16:00.883+0400] {processor.py:157} INFO - Started process (PID=9472) to work on /home/chinnu/.local/lib/python3.10/site-packages/airflow/example_dags/example_xcom.py
[2023-05-26T21:16:00.885+0400] {processor.py:826} INFO - Processing file /home/chinnu/.local/lib/python3.10/site-packages/airflow/example_dags/example_xcom.py for tasks to queue
[2023-05-26T21:16:00.886+0400] {logging_mixin.py:149} INFO - [2023-05-26T21:16:00.886+0400] {dagbag.py:541} INFO - Filling up the DagBag from /home/chinnu/.local/lib/python3.10/site-packages/airflow/example_dags/example_xcom.py
[2023-05-26T21:16:00.906+0400] {processor.py:836} INFO - DAG(s) dict_keys(['example_xcom']) retrieved from /home/chinnu/.local/lib/python3.10/site-packages/airflow/example_dags/example_xcom.py
[2023-05-26T21:16:00.962+0400] {logging_mixin.py:149} INFO - [2023-05-26T21:16:00.962+0400] {dag.py:2726} INFO - Sync 1 DAGs
[2023-05-26T21:16:01.003+0400] {logging_mixin.py:149} INFO - [2023-05-26T21:16:01.002+0400] {dag.py:3486} INFO - Setting next_dagrun for example_xcom to 2021-01-01T00:00:00+00:00, run_after=2021-01-01T00:00:00+00:00
[2023-05-26T21:16:01.045+0400] {processor.py:179} INFO - Processing /home/chinnu/.local/lib/python3.10/site-packages/airflow/example_dags/example_xcom.py took 0.173 seconds
[2023-05-26T21:17:15.688+0400] {processor.py:157} INFO - Started process (PID=16753) to work on /home/chinnu/.local/lib/python3.10/site-packages/airflow/example_dags/example_xcom.py
[2023-05-26T21:17:15.690+0400] {processor.py:826} INFO - Processing file /home/chinnu/.local/lib/python3.10/site-packages/airflow/example_dags/example_xcom.py for tasks to queue
[2023-05-26T21:17:15.692+0400] {logging_mixin.py:149} INFO - [2023-05-26T21:17:15.691+0400] {dagbag.py:541} INFO - Filling up the DagBag from /home/chinnu/.local/lib/python3.10/site-packages/airflow/example_dags/example_xcom.py
[2023-05-26T21:17:15.710+0400] {processor.py:836} INFO - DAG(s) dict_keys(['example_xcom']) retrieved from /home/chinnu/.local/lib/python3.10/site-packages/airflow/example_dags/example_xcom.py
[2023-05-26T21:17:15.757+0400] {logging_mixin.py:149} INFO - [2023-05-26T21:17:15.757+0400] {dag.py:2726} INFO - Sync 1 DAGs
[2023-05-26T21:17:15.781+0400] {logging_mixin.py:149} INFO - [2023-05-26T21:17:15.781+0400] {dag.py:3486} INFO - Setting next_dagrun for example_xcom to 2021-01-01T00:00:00+00:00, run_after=2021-01-01T00:00:00+00:00
[2023-05-26T21:17:15.812+0400] {processor.py:179} INFO - Processing /home/chinnu/.local/lib/python3.10/site-packages/airflow/example_dags/example_xcom.py took 0.132 seconds
[2023-05-26T21:17:57.882+0400] {processor.py:157} INFO - Started process (PID=16803) to work on /home/chinnu/.local/lib/python3.10/site-packages/airflow/example_dags/example_xcom.py
[2023-05-26T21:17:57.884+0400] {processor.py:826} INFO - Processing file /home/chinnu/.local/lib/python3.10/site-packages/airflow/example_dags/example_xcom.py for tasks to queue
[2023-05-26T21:17:57.885+0400] {logging_mixin.py:149} INFO - [2023-05-26T21:17:57.884+0400] {dagbag.py:541} INFO - Filling up the DagBag from /home/chinnu/.local/lib/python3.10/site-packages/airflow/example_dags/example_xcom.py
[2023-05-26T21:17:57.899+0400] {processor.py:836} INFO - DAG(s) dict_keys(['example_xcom']) retrieved from /home/chinnu/.local/lib/python3.10/site-packages/airflow/example_dags/example_xcom.py
[2023-05-26T21:17:57.935+0400] {logging_mixin.py:149} INFO - [2023-05-26T21:17:57.935+0400] {dag.py:2726} INFO - Sync 1 DAGs
[2023-05-26T21:17:57.963+0400] {logging_mixin.py:149} INFO - [2023-05-26T21:17:57.963+0400] {dag.py:3486} INFO - Setting next_dagrun for example_xcom to 2021-01-01T00:00:00+00:00, run_after=2021-01-01T00:00:00+00:00
[2023-05-26T21:17:57.997+0400] {processor.py:179} INFO - Processing /home/chinnu/.local/lib/python3.10/site-packages/airflow/example_dags/example_xcom.py took 0.122 seconds
[2023-05-26T21:18:52.081+0400] {processor.py:157} INFO - Started process (PID=16840) to work on /home/chinnu/.local/lib/python3.10/site-packages/airflow/example_dags/example_xcom.py
[2023-05-26T21:18:52.084+0400] {processor.py:826} INFO - Processing file /home/chinnu/.local/lib/python3.10/site-packages/airflow/example_dags/example_xcom.py for tasks to queue
[2023-05-26T21:18:52.086+0400] {logging_mixin.py:149} INFO - [2023-05-26T21:18:52.086+0400] {dagbag.py:541} INFO - Filling up the DagBag from /home/chinnu/.local/lib/python3.10/site-packages/airflow/example_dags/example_xcom.py
[2023-05-26T21:18:52.110+0400] {processor.py:836} INFO - DAG(s) dict_keys(['example_xcom']) retrieved from /home/chinnu/.local/lib/python3.10/site-packages/airflow/example_dags/example_xcom.py
[2023-05-26T21:18:52.205+0400] {logging_mixin.py:149} INFO - [2023-05-26T21:18:52.205+0400] {dag.py:2726} INFO - Sync 1 DAGs
[2023-05-26T21:18:52.247+0400] {logging_mixin.py:149} INFO - [2023-05-26T21:18:52.247+0400] {dag.py:3486} INFO - Setting next_dagrun for example_xcom to 2021-01-01T00:00:00+00:00, run_after=2021-01-01T00:00:00+00:00
[2023-05-26T21:18:52.294+0400] {processor.py:179} INFO - Processing /home/chinnu/.local/lib/python3.10/site-packages/airflow/example_dags/example_xcom.py took 0.224 seconds
[2023-05-26T21:19:37.352+0400] {processor.py:157} INFO - Started process (PID=16892) to work on /home/chinnu/.local/lib/python3.10/site-packages/airflow/example_dags/example_xcom.py
[2023-05-26T21:19:37.354+0400] {processor.py:826} INFO - Processing file /home/chinnu/.local/lib/python3.10/site-packages/airflow/example_dags/example_xcom.py for tasks to queue
[2023-05-26T21:19:37.355+0400] {logging_mixin.py:149} INFO - [2023-05-26T21:19:37.355+0400] {dagbag.py:541} INFO - Filling up the DagBag from /home/chinnu/.local/lib/python3.10/site-packages/airflow/example_dags/example_xcom.py
[2023-05-26T21:19:37.369+0400] {processor.py:836} INFO - DAG(s) dict_keys(['example_xcom']) retrieved from /home/chinnu/.local/lib/python3.10/site-packages/airflow/example_dags/example_xcom.py
[2023-05-26T21:19:37.602+0400] {logging_mixin.py:149} INFO - [2023-05-26T21:19:37.601+0400] {dag.py:2726} INFO - Sync 1 DAGs
[2023-05-26T21:19:37.625+0400] {logging_mixin.py:149} INFO - [2023-05-26T21:19:37.625+0400] {dag.py:3486} INFO - Setting next_dagrun for example_xcom to 2021-01-01T00:00:00+00:00, run_after=2021-01-01T00:00:00+00:00
[2023-05-26T21:19:37.661+0400] {processor.py:179} INFO - Processing /home/chinnu/.local/lib/python3.10/site-packages/airflow/example_dags/example_xcom.py took 0.316 seconds
[2023-05-26T21:20:49.890+0400] {processor.py:157} INFO - Started process (PID=16974) to work on /home/chinnu/.local/lib/python3.10/site-packages/airflow/example_dags/example_xcom.py
[2023-05-26T21:20:49.894+0400] {processor.py:826} INFO - Processing file /home/chinnu/.local/lib/python3.10/site-packages/airflow/example_dags/example_xcom.py for tasks to queue
[2023-05-26T21:20:49.895+0400] {logging_mixin.py:149} INFO - [2023-05-26T21:20:49.895+0400] {dagbag.py:541} INFO - Filling up the DagBag from /home/chinnu/.local/lib/python3.10/site-packages/airflow/example_dags/example_xcom.py
[2023-05-26T21:20:49.913+0400] {processor.py:836} INFO - DAG(s) dict_keys(['example_xcom']) retrieved from /home/chinnu/.local/lib/python3.10/site-packages/airflow/example_dags/example_xcom.py
[2023-05-26T21:20:49.959+0400] {logging_mixin.py:149} INFO - [2023-05-26T21:20:49.959+0400] {dag.py:2726} INFO - Sync 1 DAGs
[2023-05-26T21:20:49.991+0400] {logging_mixin.py:149} INFO - [2023-05-26T21:20:49.991+0400] {dag.py:3486} INFO - Setting next_dagrun for example_xcom to 2021-01-01T00:00:00+00:00, run_after=2021-01-01T00:00:00+00:00
[2023-05-26T21:20:50.017+0400] {processor.py:179} INFO - Processing /home/chinnu/.local/lib/python3.10/site-packages/airflow/example_dags/example_xcom.py took 0.140 seconds
[2023-05-26T21:21:30.828+0400] {processor.py:157} INFO - Started process (PID=17023) to work on /home/chinnu/.local/lib/python3.10/site-packages/airflow/example_dags/example_xcom.py
[2023-05-26T21:21:30.830+0400] {processor.py:826} INFO - Processing file /home/chinnu/.local/lib/python3.10/site-packages/airflow/example_dags/example_xcom.py for tasks to queue
[2023-05-26T21:21:30.831+0400] {logging_mixin.py:149} INFO - [2023-05-26T21:21:30.831+0400] {dagbag.py:541} INFO - Filling up the DagBag from /home/chinnu/.local/lib/python3.10/site-packages/airflow/example_dags/example_xcom.py
[2023-05-26T21:21:30.844+0400] {processor.py:836} INFO - DAG(s) dict_keys(['example_xcom']) retrieved from /home/chinnu/.local/lib/python3.10/site-packages/airflow/example_dags/example_xcom.py
[2023-05-26T21:21:30.883+0400] {logging_mixin.py:149} INFO - [2023-05-26T21:21:30.883+0400] {dag.py:2726} INFO - Sync 1 DAGs
[2023-05-26T21:21:30.909+0400] {logging_mixin.py:149} INFO - [2023-05-26T21:21:30.909+0400] {dag.py:3486} INFO - Setting next_dagrun for example_xcom to 2021-01-01T00:00:00+00:00, run_after=2021-01-01T00:00:00+00:00
[2023-05-26T21:21:30.940+0400] {processor.py:179} INFO - Processing /home/chinnu/.local/lib/python3.10/site-packages/airflow/example_dags/example_xcom.py took 0.117 seconds
[2023-05-26T21:22:10.687+0400] {processor.py:157} INFO - Started process (PID=17069) to work on /home/chinnu/.local/lib/python3.10/site-packages/airflow/example_dags/example_xcom.py
[2023-05-26T21:22:10.690+0400] {processor.py:826} INFO - Processing file /home/chinnu/.local/lib/python3.10/site-packages/airflow/example_dags/example_xcom.py for tasks to queue
[2023-05-26T21:22:10.691+0400] {logging_mixin.py:149} INFO - [2023-05-26T21:22:10.691+0400] {dagbag.py:541} INFO - Filling up the DagBag from /home/chinnu/.local/lib/python3.10/site-packages/airflow/example_dags/example_xcom.py
[2023-05-26T21:22:10.710+0400] {processor.py:836} INFO - DAG(s) dict_keys(['example_xcom']) retrieved from /home/chinnu/.local/lib/python3.10/site-packages/airflow/example_dags/example_xcom.py
[2023-05-26T21:22:10.759+0400] {logging_mixin.py:149} INFO - [2023-05-26T21:22:10.759+0400] {dag.py:2726} INFO - Sync 1 DAGs
[2023-05-26T21:22:10.788+0400] {logging_mixin.py:149} INFO - [2023-05-26T21:22:10.788+0400] {dag.py:3486} INFO - Setting next_dagrun for example_xcom to 2021-01-01T00:00:00+00:00, run_after=2021-01-01T00:00:00+00:00
[2023-05-26T21:22:10.822+0400] {processor.py:179} INFO - Processing /home/chinnu/.local/lib/python3.10/site-packages/airflow/example_dags/example_xcom.py took 0.147 seconds
[2023-05-26T21:22:52.529+0400] {processor.py:157} INFO - Started process (PID=17119) to work on /home/chinnu/.local/lib/python3.10/site-packages/airflow/example_dags/example_xcom.py
[2023-05-26T21:22:52.533+0400] {processor.py:826} INFO - Processing file /home/chinnu/.local/lib/python3.10/site-packages/airflow/example_dags/example_xcom.py for tasks to queue
[2023-05-26T21:22:52.535+0400] {logging_mixin.py:149} INFO - [2023-05-26T21:22:52.534+0400] {dagbag.py:541} INFO - Filling up the DagBag from /home/chinnu/.local/lib/python3.10/site-packages/airflow/example_dags/example_xcom.py
[2023-05-26T21:22:52.552+0400] {processor.py:836} INFO - DAG(s) dict_keys(['example_xcom']) retrieved from /home/chinnu/.local/lib/python3.10/site-packages/airflow/example_dags/example_xcom.py
[2023-05-26T21:22:52.598+0400] {logging_mixin.py:149} INFO - [2023-05-26T21:22:52.598+0400] {dag.py:2726} INFO - Sync 1 DAGs
[2023-05-26T21:22:52.624+0400] {logging_mixin.py:149} INFO - [2023-05-26T21:22:52.623+0400] {dag.py:3486} INFO - Setting next_dagrun for example_xcom to 2021-01-01T00:00:00+00:00, run_after=2021-01-01T00:00:00+00:00
[2023-05-26T21:22:52.650+0400] {processor.py:179} INFO - Processing /home/chinnu/.local/lib/python3.10/site-packages/airflow/example_dags/example_xcom.py took 0.134 seconds
[2023-05-26T21:23:31.194+0400] {processor.py:157} INFO - Started process (PID=17167) to work on /home/chinnu/.local/lib/python3.10/site-packages/airflow/example_dags/example_xcom.py
[2023-05-26T21:23:31.196+0400] {processor.py:826} INFO - Processing file /home/chinnu/.local/lib/python3.10/site-packages/airflow/example_dags/example_xcom.py for tasks to queue
[2023-05-26T21:23:31.196+0400] {logging_mixin.py:149} INFO - [2023-05-26T21:23:31.196+0400] {dagbag.py:541} INFO - Filling up the DagBag from /home/chinnu/.local/lib/python3.10/site-packages/airflow/example_dags/example_xcom.py
[2023-05-26T21:23:31.210+0400] {processor.py:836} INFO - DAG(s) dict_keys(['example_xcom']) retrieved from /home/chinnu/.local/lib/python3.10/site-packages/airflow/example_dags/example_xcom.py
[2023-05-26T21:23:31.246+0400] {logging_mixin.py:149} INFO - [2023-05-26T21:23:31.246+0400] {dag.py:2726} INFO - Sync 1 DAGs
[2023-05-26T21:23:31.271+0400] {logging_mixin.py:149} INFO - [2023-05-26T21:23:31.271+0400] {dag.py:3486} INFO - Setting next_dagrun for example_xcom to 2021-01-01T00:00:00+00:00, run_after=2021-01-01T00:00:00+00:00
[2023-05-26T21:23:31.305+0400] {processor.py:179} INFO - Processing /home/chinnu/.local/lib/python3.10/site-packages/airflow/example_dags/example_xcom.py took 0.118 seconds
[2023-05-26T21:24:08.462+0400] {processor.py:157} INFO - Started process (PID=17211) to work on /home/chinnu/.local/lib/python3.10/site-packages/airflow/example_dags/example_xcom.py
[2023-05-26T21:24:08.464+0400] {processor.py:826} INFO - Processing file /home/chinnu/.local/lib/python3.10/site-packages/airflow/example_dags/example_xcom.py for tasks to queue
[2023-05-26T21:24:08.465+0400] {logging_mixin.py:149} INFO - [2023-05-26T21:24:08.465+0400] {dagbag.py:541} INFO - Filling up the DagBag from /home/chinnu/.local/lib/python3.10/site-packages/airflow/example_dags/example_xcom.py
[2023-05-26T21:24:08.483+0400] {processor.py:836} INFO - DAG(s) dict_keys(['example_xcom']) retrieved from /home/chinnu/.local/lib/python3.10/site-packages/airflow/example_dags/example_xcom.py
[2023-05-26T21:24:08.556+0400] {logging_mixin.py:149} INFO - [2023-05-26T21:24:08.555+0400] {dag.py:2726} INFO - Sync 1 DAGs
[2023-05-26T21:24:08.603+0400] {logging_mixin.py:149} INFO - [2023-05-26T21:24:08.603+0400] {dag.py:3486} INFO - Setting next_dagrun for example_xcom to 2021-01-01T00:00:00+00:00, run_after=2021-01-01T00:00:00+00:00
[2023-05-26T21:24:08.657+0400] {processor.py:179} INFO - Processing /home/chinnu/.local/lib/python3.10/site-packages/airflow/example_dags/example_xcom.py took 0.209 seconds
[2023-05-26T21:24:43.261+0400] {processor.py:157} INFO - Started process (PID=17256) to work on /home/chinnu/.local/lib/python3.10/site-packages/airflow/example_dags/example_xcom.py
[2023-05-26T21:24:43.263+0400] {processor.py:826} INFO - Processing file /home/chinnu/.local/lib/python3.10/site-packages/airflow/example_dags/example_xcom.py for tasks to queue
[2023-05-26T21:24:43.264+0400] {logging_mixin.py:149} INFO - [2023-05-26T21:24:43.263+0400] {dagbag.py:541} INFO - Filling up the DagBag from /home/chinnu/.local/lib/python3.10/site-packages/airflow/example_dags/example_xcom.py
[2023-05-26T21:24:43.275+0400] {processor.py:836} INFO - DAG(s) dict_keys(['example_xcom']) retrieved from /home/chinnu/.local/lib/python3.10/site-packages/airflow/example_dags/example_xcom.py
[2023-05-26T21:24:43.308+0400] {logging_mixin.py:149} INFO - [2023-05-26T21:24:43.308+0400] {dag.py:2726} INFO - Sync 1 DAGs
[2023-05-26T21:24:43.331+0400] {logging_mixin.py:149} INFO - [2023-05-26T21:24:43.331+0400] {dag.py:3486} INFO - Setting next_dagrun for example_xcom to 2021-01-01T00:00:00+00:00, run_after=2021-01-01T00:00:00+00:00
[2023-05-26T21:24:43.363+0400] {processor.py:179} INFO - Processing /home/chinnu/.local/lib/python3.10/site-packages/airflow/example_dags/example_xcom.py took 0.108 seconds
[2023-05-26T21:25:21.695+0400] {processor.py:157} INFO - Started process (PID=17303) to work on /home/chinnu/.local/lib/python3.10/site-packages/airflow/example_dags/example_xcom.py
[2023-05-26T21:25:21.697+0400] {processor.py:826} INFO - Processing file /home/chinnu/.local/lib/python3.10/site-packages/airflow/example_dags/example_xcom.py for tasks to queue
[2023-05-26T21:25:21.698+0400] {logging_mixin.py:149} INFO - [2023-05-26T21:25:21.698+0400] {dagbag.py:541} INFO - Filling up the DagBag from /home/chinnu/.local/lib/python3.10/site-packages/airflow/example_dags/example_xcom.py
[2023-05-26T21:25:21.729+0400] {processor.py:836} INFO - DAG(s) dict_keys(['example_xcom']) retrieved from /home/chinnu/.local/lib/python3.10/site-packages/airflow/example_dags/example_xcom.py
[2023-05-26T21:25:21.799+0400] {logging_mixin.py:149} INFO - [2023-05-26T21:25:21.798+0400] {dag.py:2726} INFO - Sync 1 DAGs
[2023-05-26T21:25:21.863+0400] {logging_mixin.py:149} INFO - [2023-05-26T21:25:21.863+0400] {dag.py:3486} INFO - Setting next_dagrun for example_xcom to 2021-01-01T00:00:00+00:00, run_after=2021-01-01T00:00:00+00:00
[2023-05-26T21:25:21.917+0400] {processor.py:179} INFO - Processing /home/chinnu/.local/lib/python3.10/site-packages/airflow/example_dags/example_xcom.py took 0.230 seconds
[2023-05-26T21:48:15.098+0400] {processor.py:157} INFO - Started process (PID=72) to work on /home/chinnu/.local/lib/python3.10/site-packages/airflow/example_dags/example_xcom.py
[2023-05-26T21:48:15.112+0400] {processor.py:826} INFO - Processing file /home/chinnu/.local/lib/python3.10/site-packages/airflow/example_dags/example_xcom.py for tasks to queue
[2023-05-26T21:48:15.115+0400] {logging_mixin.py:149} INFO - [2023-05-26T21:48:15.115+0400] {dagbag.py:541} INFO - Filling up the DagBag from /home/chinnu/.local/lib/python3.10/site-packages/airflow/example_dags/example_xcom.py
[2023-05-26T21:48:15.188+0400] {processor.py:836} INFO - DAG(s) dict_keys(['example_xcom']) retrieved from /home/chinnu/.local/lib/python3.10/site-packages/airflow/example_dags/example_xcom.py
[2023-05-26T21:48:15.431+0400] {logging_mixin.py:149} INFO - [2023-05-26T21:48:15.429+0400] {dag.py:2726} INFO - Sync 1 DAGs
[2023-05-26T21:48:15.575+0400] {logging_mixin.py:149} INFO - [2023-05-26T21:48:15.574+0400] {dag.py:3486} INFO - Setting next_dagrun for example_xcom to 2021-01-01T00:00:00+00:00, run_after=2021-01-01T00:00:00+00:00
[2023-05-26T21:48:15.644+0400] {processor.py:179} INFO - Processing /home/chinnu/.local/lib/python3.10/site-packages/airflow/example_dags/example_xcom.py took 0.580 seconds
[2023-05-26T21:52:17.092+0400] {processor.py:157} INFO - Started process (PID=54) to work on /home/chinnu/.local/lib/python3.10/site-packages/airflow/example_dags/example_xcom.py
[2023-05-26T21:52:17.095+0400] {processor.py:826} INFO - Processing file /home/chinnu/.local/lib/python3.10/site-packages/airflow/example_dags/example_xcom.py for tasks to queue
[2023-05-26T21:52:17.097+0400] {logging_mixin.py:149} INFO - [2023-05-26T21:52:17.096+0400] {dagbag.py:541} INFO - Filling up the DagBag from /home/chinnu/.local/lib/python3.10/site-packages/airflow/example_dags/example_xcom.py
[2023-05-26T21:52:17.131+0400] {processor.py:836} INFO - DAG(s) dict_keys(['example_xcom']) retrieved from /home/chinnu/.local/lib/python3.10/site-packages/airflow/example_dags/example_xcom.py
[2023-05-26T21:52:17.217+0400] {logging_mixin.py:149} INFO - [2023-05-26T21:52:17.216+0400] {dag.py:2726} INFO - Sync 1 DAGs
[2023-05-26T21:52:17.267+0400] {logging_mixin.py:149} INFO - [2023-05-26T21:52:17.267+0400] {dag.py:3486} INFO - Setting next_dagrun for example_xcom to 2021-01-01T00:00:00+00:00, run_after=2021-01-01T00:00:00+00:00
[2023-05-26T21:52:17.317+0400] {processor.py:179} INFO - Processing /home/chinnu/.local/lib/python3.10/site-packages/airflow/example_dags/example_xcom.py took 0.234 seconds
[2023-05-26T21:53:16.280+0400] {processor.py:157} INFO - Started process (PID=105) to work on /home/chinnu/.local/lib/python3.10/site-packages/airflow/example_dags/example_xcom.py
[2023-05-26T21:53:16.282+0400] {processor.py:826} INFO - Processing file /home/chinnu/.local/lib/python3.10/site-packages/airflow/example_dags/example_xcom.py for tasks to queue
[2023-05-26T21:53:16.283+0400] {logging_mixin.py:149} INFO - [2023-05-26T21:53:16.283+0400] {dagbag.py:541} INFO - Filling up the DagBag from /home/chinnu/.local/lib/python3.10/site-packages/airflow/example_dags/example_xcom.py
[2023-05-26T21:53:16.295+0400] {processor.py:836} INFO - DAG(s) dict_keys(['example_xcom']) retrieved from /home/chinnu/.local/lib/python3.10/site-packages/airflow/example_dags/example_xcom.py
[2023-05-26T21:53:16.328+0400] {logging_mixin.py:149} INFO - [2023-05-26T21:53:16.328+0400] {dag.py:2726} INFO - Sync 1 DAGs
[2023-05-26T21:53:16.477+0400] {logging_mixin.py:149} INFO - [2023-05-26T21:53:16.477+0400] {dag.py:3486} INFO - Setting next_dagrun for example_xcom to 2021-01-01T00:00:00+00:00, run_after=2021-01-01T00:00:00+00:00
[2023-05-26T21:53:16.506+0400] {processor.py:179} INFO - Processing /home/chinnu/.local/lib/python3.10/site-packages/airflow/example_dags/example_xcom.py took 0.231 seconds
[2023-05-26T21:54:13.474+0400] {processor.py:157} INFO - Started process (PID=183) to work on /home/chinnu/.local/lib/python3.10/site-packages/airflow/example_dags/example_xcom.py
[2023-05-26T21:54:13.476+0400] {processor.py:826} INFO - Processing file /home/chinnu/.local/lib/python3.10/site-packages/airflow/example_dags/example_xcom.py for tasks to queue
[2023-05-26T21:54:13.478+0400] {logging_mixin.py:149} INFO - [2023-05-26T21:54:13.477+0400] {dagbag.py:541} INFO - Filling up the DagBag from /home/chinnu/.local/lib/python3.10/site-packages/airflow/example_dags/example_xcom.py
[2023-05-26T21:54:13.496+0400] {processor.py:836} INFO - DAG(s) dict_keys(['example_xcom']) retrieved from /home/chinnu/.local/lib/python3.10/site-packages/airflow/example_dags/example_xcom.py
[2023-05-26T21:54:13.543+0400] {logging_mixin.py:149} INFO - [2023-05-26T21:54:13.543+0400] {dag.py:2726} INFO - Sync 1 DAGs
[2023-05-26T21:54:13.609+0400] {logging_mixin.py:149} INFO - [2023-05-26T21:54:13.609+0400] {dag.py:3486} INFO - Setting next_dagrun for example_xcom to 2021-01-01T00:00:00+00:00, run_after=2021-01-01T00:00:00+00:00
[2023-05-26T21:54:13.668+0400] {processor.py:179} INFO - Processing /home/chinnu/.local/lib/python3.10/site-packages/airflow/example_dags/example_xcom.py took 0.205 seconds
[2023-05-26T22:05:59.297+0400] {processor.py:157} INFO - Started process (PID=2523) to work on /home/chinnu/.local/lib/python3.10/site-packages/airflow/example_dags/example_xcom.py
[2023-05-26T22:05:59.305+0400] {processor.py:826} INFO - Processing file /home/chinnu/.local/lib/python3.10/site-packages/airflow/example_dags/example_xcom.py for tasks to queue
[2023-05-26T22:05:59.307+0400] {logging_mixin.py:149} INFO - [2023-05-26T22:05:59.307+0400] {dagbag.py:541} INFO - Filling up the DagBag from /home/chinnu/.local/lib/python3.10/site-packages/airflow/example_dags/example_xcom.py
[2023-05-26T22:05:59.326+0400] {processor.py:836} INFO - DAG(s) dict_keys(['example_xcom']) retrieved from /home/chinnu/.local/lib/python3.10/site-packages/airflow/example_dags/example_xcom.py
[2023-05-26T22:05:59.376+0400] {logging_mixin.py:149} INFO - [2023-05-26T22:05:59.376+0400] {dag.py:2726} INFO - Sync 1 DAGs
[2023-05-26T22:05:59.402+0400] {logging_mixin.py:149} INFO - [2023-05-26T22:05:59.402+0400] {dag.py:3486} INFO - Setting next_dagrun for example_xcom to 2021-01-01T00:00:00+00:00, run_after=2021-01-01T00:00:00+00:00
[2023-05-26T22:05:59.434+0400] {processor.py:179} INFO - Processing /home/chinnu/.local/lib/python3.10/site-packages/airflow/example_dags/example_xcom.py took 0.142 seconds
[2023-05-26T22:07:09.766+0400] {processor.py:157} INFO - Started process (PID=2574) to work on /home/chinnu/.local/lib/python3.10/site-packages/airflow/example_dags/example_xcom.py
[2023-05-26T22:07:09.775+0400] {processor.py:826} INFO - Processing file /home/chinnu/.local/lib/python3.10/site-packages/airflow/example_dags/example_xcom.py for tasks to queue
[2023-05-26T22:07:09.778+0400] {logging_mixin.py:149} INFO - [2023-05-26T22:07:09.777+0400] {dagbag.py:541} INFO - Filling up the DagBag from /home/chinnu/.local/lib/python3.10/site-packages/airflow/example_dags/example_xcom.py
[2023-05-26T22:07:09.825+0400] {processor.py:836} INFO - DAG(s) dict_keys(['example_xcom']) retrieved from /home/chinnu/.local/lib/python3.10/site-packages/airflow/example_dags/example_xcom.py
[2023-05-26T22:07:09.954+0400] {logging_mixin.py:149} INFO - [2023-05-26T22:07:09.954+0400] {dag.py:2726} INFO - Sync 1 DAGs
[2023-05-26T22:07:10.469+0400] {logging_mixin.py:149} INFO - [2023-05-26T22:07:10.469+0400] {dag.py:3486} INFO - Setting next_dagrun for example_xcom to 2021-01-01T00:00:00+00:00, run_after=2021-01-01T00:00:00+00:00
[2023-05-26T22:07:10.543+0400] {processor.py:182} ERROR - Got an exception! Propagating...
Traceback (most recent call last):
  File "/home/chinnu/.local/lib/python3.10/site-packages/sqlalchemy/engine/base.py", line 1094, in _commit_impl
    self.engine.dialect.do_commit(self.connection)
  File "/home/chinnu/.local/lib/python3.10/site-packages/sqlalchemy/engine/default.py", line 686, in do_commit
    dbapi_connection.commit()
sqlite3.OperationalError: disk I/O error

The above exception was the direct cause of the following exception:

Traceback (most recent call last):
  File "/home/chinnu/.local/lib/python3.10/site-packages/airflow/dag_processing/processor.py", line 178, in _run_file_processor
    _handle_dag_file_processing()
  File "/home/chinnu/.local/lib/python3.10/site-packages/airflow/dag_processing/processor.py", line 159, in _handle_dag_file_processing
    result: tuple[int, int] = dag_file_processor.process_file(
  File "/home/chinnu/.local/lib/python3.10/site-packages/airflow/utils/session.py", line 76, in wrapper
    return func(*args, session=session, **kwargs)
  File "/home/chinnu/.local/lib/python3.10/site-packages/airflow/dag_processing/processor.py", line 854, in process_file
    serialize_errors = DagFileProcessor.save_dag_to_db(
  File "/home/chinnu/.local/lib/python3.10/site-packages/airflow/api_internal/internal_api_call.py", line 112, in wrapper
    return func(*args, **kwargs)
  File "/home/chinnu/.local/lib/python3.10/site-packages/airflow/utils/session.py", line 76, in wrapper
    return func(*args, session=session, **kwargs)
  File "/home/chinnu/.local/lib/python3.10/site-packages/airflow/dag_processing/processor.py", line 891, in save_dag_to_db
    session.commit()
  File "/home/chinnu/.local/lib/python3.10/site-packages/sqlalchemy/orm/session.py", line 1454, in commit
    self._transaction.commit(_to_root=self.future)
  File "/home/chinnu/.local/lib/python3.10/site-packages/sqlalchemy/orm/session.py", line 839, in commit
    trans.commit()
  File "/home/chinnu/.local/lib/python3.10/site-packages/sqlalchemy/engine/base.py", line 2464, in commit
    self._do_commit()
  File "/home/chinnu/.local/lib/python3.10/site-packages/sqlalchemy/engine/base.py", line 2654, in _do_commit
    self._connection_commit_impl()
  File "/home/chinnu/.local/lib/python3.10/site-packages/sqlalchemy/engine/base.py", line 2625, in _connection_commit_impl
    self.connection._commit_impl()
  File "/home/chinnu/.local/lib/python3.10/site-packages/sqlalchemy/engine/base.py", line 1096, in _commit_impl
    self._handle_dbapi_exception(e, None, None, None, None)
  File "/home/chinnu/.local/lib/python3.10/site-packages/sqlalchemy/engine/base.py", line 2129, in _handle_dbapi_exception
    util.raise_(
  File "/home/chinnu/.local/lib/python3.10/site-packages/sqlalchemy/util/compat.py", line 211, in raise_
    raise exception
  File "/home/chinnu/.local/lib/python3.10/site-packages/sqlalchemy/engine/base.py", line 1094, in _commit_impl
    self.engine.dialect.do_commit(self.connection)
  File "/home/chinnu/.local/lib/python3.10/site-packages/sqlalchemy/engine/default.py", line 686, in do_commit
    dbapi_connection.commit()
sqlalchemy.exc.OperationalError: (sqlite3.OperationalError) disk I/O error
(Background on this error at: https://sqlalche.me/e/14/e3q8)
[2023-05-26T22:07:56.768+0400] {processor.py:157} INFO - Started process (PID=2606) to work on /home/chinnu/.local/lib/python3.10/site-packages/airflow/example_dags/example_xcom.py
[2023-05-26T22:07:56.770+0400] {processor.py:826} INFO - Processing file /home/chinnu/.local/lib/python3.10/site-packages/airflow/example_dags/example_xcom.py for tasks to queue
[2023-05-26T22:07:56.771+0400] {logging_mixin.py:149} INFO - [2023-05-26T22:07:56.771+0400] {dagbag.py:541} INFO - Filling up the DagBag from /home/chinnu/.local/lib/python3.10/site-packages/airflow/example_dags/example_xcom.py
[2023-05-26T22:07:56.789+0400] {processor.py:836} INFO - DAG(s) dict_keys(['example_xcom']) retrieved from /home/chinnu/.local/lib/python3.10/site-packages/airflow/example_dags/example_xcom.py
[2023-05-26T22:07:57.019+0400] {logging_mixin.py:149} INFO - [2023-05-26T22:07:57.019+0400] {dag.py:2726} INFO - Sync 1 DAGs
[2023-05-26T22:07:57.041+0400] {logging_mixin.py:149} INFO - [2023-05-26T22:07:57.040+0400] {dag.py:3486} INFO - Setting next_dagrun for example_xcom to 2021-01-01T00:00:00+00:00, run_after=2021-01-01T00:00:00+00:00
[2023-05-26T22:07:57.119+0400] {processor.py:179} INFO - Processing /home/chinnu/.local/lib/python3.10/site-packages/airflow/example_dags/example_xcom.py took 0.361 seconds
[2023-05-26T22:08:49.128+0400] {processor.py:157} INFO - Started process (PID=2641) to work on /home/chinnu/.local/lib/python3.10/site-packages/airflow/example_dags/example_xcom.py
[2023-05-26T22:08:49.132+0400] {processor.py:826} INFO - Processing file /home/chinnu/.local/lib/python3.10/site-packages/airflow/example_dags/example_xcom.py for tasks to queue
[2023-05-26T22:08:49.135+0400] {logging_mixin.py:149} INFO - [2023-05-26T22:08:49.134+0400] {dagbag.py:541} INFO - Filling up the DagBag from /home/chinnu/.local/lib/python3.10/site-packages/airflow/example_dags/example_xcom.py
[2023-05-26T22:08:49.175+0400] {processor.py:836} INFO - DAG(s) dict_keys(['example_xcom']) retrieved from /home/chinnu/.local/lib/python3.10/site-packages/airflow/example_dags/example_xcom.py
[2023-05-26T22:08:49.271+0400] {logging_mixin.py:149} INFO - [2023-05-26T22:08:49.269+0400] {dag.py:2726} INFO - Sync 1 DAGs
[2023-05-26T22:08:49.367+0400] {logging_mixin.py:149} INFO - [2023-05-26T22:08:49.367+0400] {dag.py:3486} INFO - Setting next_dagrun for example_xcom to 2021-01-01T00:00:00+00:00, run_after=2021-01-01T00:00:00+00:00
[2023-05-26T22:08:49.459+0400] {processor.py:179} INFO - Processing /home/chinnu/.local/lib/python3.10/site-packages/airflow/example_dags/example_xcom.py took 0.346 seconds
