[2023-05-26T19:39:06.018+0400] {processor.py:157} INFO - Started process (PID=232) to work on /home/chinnu/.local/lib/python3.10/site-packages/airflow/example_dags/example_datasets.py
[2023-05-26T19:39:06.021+0400] {processor.py:826} INFO - Processing file /home/chinnu/.local/lib/python3.10/site-packages/airflow/example_dags/example_datasets.py for tasks to queue
[2023-05-26T19:39:06.022+0400] {logging_mixin.py:149} INFO - [2023-05-26T19:39:06.022+0400] {dagbag.py:541} INFO - Filling up the DagBag from /home/chinnu/.local/lib/python3.10/site-packages/airflow/example_dags/example_datasets.py
[2023-05-26T19:39:06.047+0400] {processor.py:836} INFO - DAG(s) dict_keys(['dataset_consumes_1_never_scheduled', 'dataset_produces_1', 'dataset_consumes_unknown_never_scheduled', 'dataset_consumes_1', 'dataset_produces_2', 'dataset_consumes_1_and_2']) retrieved from /home/chinnu/.local/lib/python3.10/site-packages/airflow/example_dags/example_datasets.py
[2023-05-26T19:39:06.140+0400] {logging_mixin.py:149} INFO - [2023-05-26T19:39:06.140+0400] {dag.py:2726} INFO - Sync 6 DAGs
[2023-05-26T19:39:06.158+0400] {logging_mixin.py:149} INFO - [2023-05-26T19:39:06.158+0400] {dag.py:3486} INFO - Setting next_dagrun for dataset_consumes_1 to None, run_after=None
[2023-05-26T19:39:06.161+0400] {logging_mixin.py:149} INFO - [2023-05-26T19:39:06.161+0400] {dag.py:3486} INFO - Setting next_dagrun for dataset_consumes_1_and_2 to None, run_after=None
[2023-05-26T19:39:06.162+0400] {logging_mixin.py:149} INFO - [2023-05-26T19:39:06.162+0400] {dag.py:3486} INFO - Setting next_dagrun for dataset_consumes_1_never_scheduled to None, run_after=None
[2023-05-26T19:39:06.163+0400] {logging_mixin.py:149} INFO - [2023-05-26T19:39:06.163+0400] {dag.py:3486} INFO - Setting next_dagrun for dataset_consumes_unknown_never_scheduled to None, run_after=None
[2023-05-26T19:39:06.166+0400] {logging_mixin.py:149} INFO - [2023-05-26T19:39:06.166+0400] {dag.py:3486} INFO - Setting next_dagrun for dataset_produces_1 to 2023-05-25T00:00:00+00:00, run_after=2023-05-26T00:00:00+00:00
[2023-05-26T19:39:06.167+0400] {logging_mixin.py:149} INFO - [2023-05-26T19:39:06.167+0400] {dag.py:3486} INFO - Setting next_dagrun for dataset_produces_2 to None, run_after=None
[2023-05-26T19:39:06.213+0400] {processor.py:179} INFO - Processing /home/chinnu/.local/lib/python3.10/site-packages/airflow/example_dags/example_datasets.py took 0.203 seconds
[2023-05-26T19:40:01.702+0400] {processor.py:157} INFO - Started process (PID=282) to work on /home/chinnu/.local/lib/python3.10/site-packages/airflow/example_dags/example_datasets.py
[2023-05-26T19:40:01.704+0400] {processor.py:826} INFO - Processing file /home/chinnu/.local/lib/python3.10/site-packages/airflow/example_dags/example_datasets.py for tasks to queue
[2023-05-26T19:40:01.705+0400] {logging_mixin.py:149} INFO - [2023-05-26T19:40:01.705+0400] {dagbag.py:541} INFO - Filling up the DagBag from /home/chinnu/.local/lib/python3.10/site-packages/airflow/example_dags/example_datasets.py
[2023-05-26T19:40:01.721+0400] {processor.py:836} INFO - DAG(s) dict_keys(['dataset_consumes_1_never_scheduled', 'dataset_consumes_unknown_never_scheduled', 'dataset_produces_2', 'dataset_produces_1', 'dataset_consumes_1_and_2', 'dataset_consumes_1']) retrieved from /home/chinnu/.local/lib/python3.10/site-packages/airflow/example_dags/example_datasets.py
[2023-05-26T19:40:01.780+0400] {logging_mixin.py:149} INFO - [2023-05-26T19:40:01.780+0400] {dag.py:2726} INFO - Sync 6 DAGs
[2023-05-26T19:40:01.808+0400] {logging_mixin.py:149} INFO - [2023-05-26T19:40:01.808+0400] {dag.py:3486} INFO - Setting next_dagrun for dataset_consumes_1 to None, run_after=None
[2023-05-26T19:40:01.812+0400] {logging_mixin.py:149} INFO - [2023-05-26T19:40:01.811+0400] {dag.py:3486} INFO - Setting next_dagrun for dataset_consumes_1_and_2 to None, run_after=None
[2023-05-26T19:40:01.813+0400] {logging_mixin.py:149} INFO - [2023-05-26T19:40:01.813+0400] {dag.py:3486} INFO - Setting next_dagrun for dataset_consumes_1_never_scheduled to None, run_after=None
[2023-05-26T19:40:01.814+0400] {logging_mixin.py:149} INFO - [2023-05-26T19:40:01.813+0400] {dag.py:3486} INFO - Setting next_dagrun for dataset_consumes_unknown_never_scheduled to None, run_after=None
[2023-05-26T19:40:01.817+0400] {logging_mixin.py:149} INFO - [2023-05-26T19:40:01.817+0400] {dag.py:3486} INFO - Setting next_dagrun for dataset_produces_1 to 2023-05-25T00:00:00+00:00, run_after=2023-05-26T00:00:00+00:00
[2023-05-26T19:40:01.818+0400] {logging_mixin.py:149} INFO - [2023-05-26T19:40:01.818+0400] {dag.py:3486} INFO - Setting next_dagrun for dataset_produces_2 to None, run_after=None
[2023-05-26T19:40:01.858+0400] {processor.py:179} INFO - Processing /home/chinnu/.local/lib/python3.10/site-packages/airflow/example_dags/example_datasets.py took 0.163 seconds
[2023-05-26T19:40:56.281+0400] {processor.py:157} INFO - Started process (PID=845) to work on /home/chinnu/.local/lib/python3.10/site-packages/airflow/example_dags/example_datasets.py
[2023-05-26T19:40:56.288+0400] {processor.py:826} INFO - Processing file /home/chinnu/.local/lib/python3.10/site-packages/airflow/example_dags/example_datasets.py for tasks to queue
[2023-05-26T19:40:56.290+0400] {logging_mixin.py:149} INFO - [2023-05-26T19:40:56.290+0400] {dagbag.py:541} INFO - Filling up the DagBag from /home/chinnu/.local/lib/python3.10/site-packages/airflow/example_dags/example_datasets.py
[2023-05-26T19:40:56.322+0400] {processor.py:836} INFO - DAG(s) dict_keys(['dataset_consumes_1_and_2', 'dataset_consumes_1', 'dataset_consumes_1_never_scheduled', 'dataset_consumes_unknown_never_scheduled', 'dataset_produces_1', 'dataset_produces_2']) retrieved from /home/chinnu/.local/lib/python3.10/site-packages/airflow/example_dags/example_datasets.py
[2023-05-26T19:40:56.454+0400] {logging_mixin.py:149} INFO - [2023-05-26T19:40:56.454+0400] {dag.py:2726} INFO - Sync 6 DAGs
[2023-05-26T19:40:56.515+0400] {logging_mixin.py:149} INFO - [2023-05-26T19:40:56.515+0400] {dag.py:3486} INFO - Setting next_dagrun for dataset_consumes_1 to None, run_after=None
[2023-05-26T19:40:56.525+0400] {logging_mixin.py:149} INFO - [2023-05-26T19:40:56.524+0400] {dag.py:3486} INFO - Setting next_dagrun for dataset_consumes_1_and_2 to None, run_after=None
[2023-05-26T19:40:56.527+0400] {logging_mixin.py:149} INFO - [2023-05-26T19:40:56.527+0400] {dag.py:3486} INFO - Setting next_dagrun for dataset_consumes_1_never_scheduled to None, run_after=None
[2023-05-26T19:40:56.529+0400] {logging_mixin.py:149} INFO - [2023-05-26T19:40:56.529+0400] {dag.py:3486} INFO - Setting next_dagrun for dataset_consumes_unknown_never_scheduled to None, run_after=None
[2023-05-26T19:40:56.538+0400] {logging_mixin.py:149} INFO - [2023-05-26T19:40:56.537+0400] {dag.py:3486} INFO - Setting next_dagrun for dataset_produces_1 to 2023-05-25T00:00:00+00:00, run_after=2023-05-26T00:00:00+00:00
[2023-05-26T19:40:56.541+0400] {logging_mixin.py:149} INFO - [2023-05-26T19:40:56.540+0400] {dag.py:3486} INFO - Setting next_dagrun for dataset_produces_2 to None, run_after=None
[2023-05-26T19:40:56.664+0400] {processor.py:179} INFO - Processing /home/chinnu/.local/lib/python3.10/site-packages/airflow/example_dags/example_datasets.py took 0.399 seconds
[2023-05-26T19:42:32.628+0400] {processor.py:157} INFO - Started process (PID=1447) to work on /home/chinnu/.local/lib/python3.10/site-packages/airflow/example_dags/example_datasets.py
[2023-05-26T19:42:32.633+0400] {processor.py:826} INFO - Processing file /home/chinnu/.local/lib/python3.10/site-packages/airflow/example_dags/example_datasets.py for tasks to queue
[2023-05-26T19:42:32.637+0400] {logging_mixin.py:149} INFO - [2023-05-26T19:42:32.636+0400] {dagbag.py:541} INFO - Filling up the DagBag from /home/chinnu/.local/lib/python3.10/site-packages/airflow/example_dags/example_datasets.py
[2023-05-26T19:42:32.692+0400] {processor.py:836} INFO - DAG(s) dict_keys(['dataset_produces_1', 'dataset_produces_2', 'dataset_consumes_unknown_never_scheduled', 'dataset_consumes_1_never_scheduled', 'dataset_consumes_1_and_2', 'dataset_consumes_1']) retrieved from /home/chinnu/.local/lib/python3.10/site-packages/airflow/example_dags/example_datasets.py
[2023-05-26T19:42:32.966+0400] {logging_mixin.py:149} INFO - [2023-05-26T19:42:32.966+0400] {dag.py:2726} INFO - Sync 6 DAGs
[2023-05-26T19:42:32.984+0400] {logging_mixin.py:149} INFO - [2023-05-26T19:42:32.983+0400] {dag.py:3486} INFO - Setting next_dagrun for dataset_consumes_1 to None, run_after=None
[2023-05-26T19:42:32.986+0400] {logging_mixin.py:149} INFO - [2023-05-26T19:42:32.986+0400] {dag.py:3486} INFO - Setting next_dagrun for dataset_consumes_1_and_2 to None, run_after=None
[2023-05-26T19:42:32.988+0400] {logging_mixin.py:149} INFO - [2023-05-26T19:42:32.988+0400] {dag.py:3486} INFO - Setting next_dagrun for dataset_consumes_1_never_scheduled to None, run_after=None
[2023-05-26T19:42:32.989+0400] {logging_mixin.py:149} INFO - [2023-05-26T19:42:32.989+0400] {dag.py:3486} INFO - Setting next_dagrun for dataset_consumes_unknown_never_scheduled to None, run_after=None
[2023-05-26T19:42:32.992+0400] {logging_mixin.py:149} INFO - [2023-05-26T19:42:32.992+0400] {dag.py:3486} INFO - Setting next_dagrun for dataset_produces_1 to 2023-05-25T00:00:00+00:00, run_after=2023-05-26T00:00:00+00:00
[2023-05-26T19:42:32.993+0400] {logging_mixin.py:149} INFO - [2023-05-26T19:42:32.993+0400] {dag.py:3486} INFO - Setting next_dagrun for dataset_produces_2 to None, run_after=None
[2023-05-26T19:42:33.033+0400] {processor.py:179} INFO - Processing /home/chinnu/.local/lib/python3.10/site-packages/airflow/example_dags/example_datasets.py took 0.432 seconds
[2023-05-26T19:43:47.202+0400] {processor.py:157} INFO - Started process (PID=1507) to work on /home/chinnu/.local/lib/python3.10/site-packages/airflow/example_dags/example_datasets.py
[2023-05-26T19:43:47.205+0400] {processor.py:826} INFO - Processing file /home/chinnu/.local/lib/python3.10/site-packages/airflow/example_dags/example_datasets.py for tasks to queue
[2023-05-26T19:43:47.207+0400] {logging_mixin.py:149} INFO - [2023-05-26T19:43:47.207+0400] {dagbag.py:541} INFO - Filling up the DagBag from /home/chinnu/.local/lib/python3.10/site-packages/airflow/example_dags/example_datasets.py
[2023-05-26T19:43:47.242+0400] {processor.py:836} INFO - DAG(s) dict_keys(['dataset_produces_2', 'dataset_consumes_1', 'dataset_produces_1', 'dataset_consumes_unknown_never_scheduled', 'dataset_consumes_1_never_scheduled', 'dataset_consumes_1_and_2']) retrieved from /home/chinnu/.local/lib/python3.10/site-packages/airflow/example_dags/example_datasets.py
[2023-05-26T19:43:47.332+0400] {logging_mixin.py:149} INFO - [2023-05-26T19:43:47.332+0400] {dag.py:2726} INFO - Sync 6 DAGs
[2023-05-26T19:43:47.369+0400] {logging_mixin.py:149} INFO - [2023-05-26T19:43:47.369+0400] {dag.py:3486} INFO - Setting next_dagrun for dataset_consumes_1 to None, run_after=None
[2023-05-26T19:43:47.375+0400] {logging_mixin.py:149} INFO - [2023-05-26T19:43:47.375+0400] {dag.py:3486} INFO - Setting next_dagrun for dataset_consumes_1_and_2 to None, run_after=None
[2023-05-26T19:43:47.376+0400] {logging_mixin.py:149} INFO - [2023-05-26T19:43:47.376+0400] {dag.py:3486} INFO - Setting next_dagrun for dataset_consumes_1_never_scheduled to None, run_after=None
[2023-05-26T19:43:47.378+0400] {logging_mixin.py:149} INFO - [2023-05-26T19:43:47.377+0400] {dag.py:3486} INFO - Setting next_dagrun for dataset_consumes_unknown_never_scheduled to None, run_after=None
[2023-05-26T19:43:47.382+0400] {logging_mixin.py:149} INFO - [2023-05-26T19:43:47.382+0400] {dag.py:3486} INFO - Setting next_dagrun for dataset_produces_1 to 2023-05-25T00:00:00+00:00, run_after=2023-05-26T00:00:00+00:00
[2023-05-26T19:43:47.384+0400] {logging_mixin.py:149} INFO - [2023-05-26T19:43:47.384+0400] {dag.py:3486} INFO - Setting next_dagrun for dataset_produces_2 to None, run_after=None
[2023-05-26T19:43:47.439+0400] {processor.py:179} INFO - Processing /home/chinnu/.local/lib/python3.10/site-packages/airflow/example_dags/example_datasets.py took 0.252 seconds
[2023-05-26T19:44:54.231+0400] {processor.py:157} INFO - Started process (PID=1564) to work on /home/chinnu/.local/lib/python3.10/site-packages/airflow/example_dags/example_datasets.py
[2023-05-26T19:44:54.237+0400] {processor.py:826} INFO - Processing file /home/chinnu/.local/lib/python3.10/site-packages/airflow/example_dags/example_datasets.py for tasks to queue
[2023-05-26T19:44:54.241+0400] {logging_mixin.py:149} INFO - [2023-05-26T19:44:54.239+0400] {dagbag.py:541} INFO - Filling up the DagBag from /home/chinnu/.local/lib/python3.10/site-packages/airflow/example_dags/example_datasets.py
[2023-05-26T19:44:54.284+0400] {processor.py:836} INFO - DAG(s) dict_keys(['dataset_produces_2', 'dataset_produces_1', 'dataset_consumes_unknown_never_scheduled', 'dataset_consumes_1_never_scheduled', 'dataset_consumes_1_and_2', 'dataset_consumes_1']) retrieved from /home/chinnu/.local/lib/python3.10/site-packages/airflow/example_dags/example_datasets.py
[2023-05-26T19:44:54.352+0400] {logging_mixin.py:149} INFO - [2023-05-26T19:44:54.352+0400] {dag.py:2726} INFO - Sync 6 DAGs
[2023-05-26T19:44:54.386+0400] {logging_mixin.py:149} INFO - [2023-05-26T19:44:54.386+0400] {dag.py:3486} INFO - Setting next_dagrun for dataset_consumes_1 to None, run_after=None
[2023-05-26T19:44:54.389+0400] {logging_mixin.py:149} INFO - [2023-05-26T19:44:54.389+0400] {dag.py:3486} INFO - Setting next_dagrun for dataset_consumes_1_and_2 to None, run_after=None
[2023-05-26T19:44:54.391+0400] {logging_mixin.py:149} INFO - [2023-05-26T19:44:54.391+0400] {dag.py:3486} INFO - Setting next_dagrun for dataset_consumes_1_never_scheduled to None, run_after=None
[2023-05-26T19:44:54.392+0400] {logging_mixin.py:149} INFO - [2023-05-26T19:44:54.392+0400] {dag.py:3486} INFO - Setting next_dagrun for dataset_consumes_unknown_never_scheduled to None, run_after=None
[2023-05-26T19:44:54.395+0400] {logging_mixin.py:149} INFO - [2023-05-26T19:44:54.395+0400] {dag.py:3486} INFO - Setting next_dagrun for dataset_produces_1 to 2023-05-25T00:00:00+00:00, run_after=2023-05-26T00:00:00+00:00
[2023-05-26T19:44:54.396+0400] {logging_mixin.py:149} INFO - [2023-05-26T19:44:54.396+0400] {dag.py:3486} INFO - Setting next_dagrun for dataset_produces_2 to None, run_after=None
[2023-05-26T19:44:54.444+0400] {processor.py:179} INFO - Processing /home/chinnu/.local/lib/python3.10/site-packages/airflow/example_dags/example_datasets.py took 0.239 seconds
[2023-05-26T19:45:55.368+0400] {processor.py:157} INFO - Started process (PID=1616) to work on /home/chinnu/.local/lib/python3.10/site-packages/airflow/example_dags/example_datasets.py
[2023-05-26T19:45:55.371+0400] {processor.py:826} INFO - Processing file /home/chinnu/.local/lib/python3.10/site-packages/airflow/example_dags/example_datasets.py for tasks to queue
[2023-05-26T19:45:55.373+0400] {logging_mixin.py:149} INFO - [2023-05-26T19:45:55.373+0400] {dagbag.py:541} INFO - Filling up the DagBag from /home/chinnu/.local/lib/python3.10/site-packages/airflow/example_dags/example_datasets.py
[2023-05-26T19:45:55.411+0400] {processor.py:836} INFO - DAG(s) dict_keys(['dataset_consumes_unknown_never_scheduled', 'dataset_consumes_1_never_scheduled', 'dataset_produces_2', 'dataset_consumes_1_and_2', 'dataset_produces_1', 'dataset_consumes_1']) retrieved from /home/chinnu/.local/lib/python3.10/site-packages/airflow/example_dags/example_datasets.py
[2023-05-26T19:45:55.519+0400] {logging_mixin.py:149} INFO - [2023-05-26T19:45:55.519+0400] {dag.py:2726} INFO - Sync 6 DAGs
[2023-05-26T19:45:55.548+0400] {logging_mixin.py:149} INFO - [2023-05-26T19:45:55.548+0400] {dag.py:3486} INFO - Setting next_dagrun for dataset_consumes_1 to None, run_after=None
[2023-05-26T19:45:55.551+0400] {logging_mixin.py:149} INFO - [2023-05-26T19:45:55.551+0400] {dag.py:3486} INFO - Setting next_dagrun for dataset_consumes_1_and_2 to None, run_after=None
[2023-05-26T19:45:55.552+0400] {logging_mixin.py:149} INFO - [2023-05-26T19:45:55.552+0400] {dag.py:3486} INFO - Setting next_dagrun for dataset_consumes_1_never_scheduled to None, run_after=None
[2023-05-26T19:45:55.553+0400] {logging_mixin.py:149} INFO - [2023-05-26T19:45:55.553+0400] {dag.py:3486} INFO - Setting next_dagrun for dataset_consumes_unknown_never_scheduled to None, run_after=None
[2023-05-26T19:45:55.556+0400] {logging_mixin.py:149} INFO - [2023-05-26T19:45:55.556+0400] {dag.py:3486} INFO - Setting next_dagrun for dataset_produces_1 to 2023-05-25T00:00:00+00:00, run_after=2023-05-26T00:00:00+00:00
[2023-05-26T19:45:55.557+0400] {logging_mixin.py:149} INFO - [2023-05-26T19:45:55.557+0400] {dag.py:3486} INFO - Setting next_dagrun for dataset_produces_2 to None, run_after=None
[2023-05-26T19:45:55.595+0400] {processor.py:179} INFO - Processing /home/chinnu/.local/lib/python3.10/site-packages/airflow/example_dags/example_datasets.py took 0.240 seconds
[2023-05-26T21:05:57.418+0400] {processor.py:157} INFO - Started process (PID=95) to work on /home/chinnu/.local/lib/python3.10/site-packages/airflow/example_dags/example_datasets.py
[2023-05-26T21:05:57.428+0400] {processor.py:826} INFO - Processing file /home/chinnu/.local/lib/python3.10/site-packages/airflow/example_dags/example_datasets.py for tasks to queue
[2023-05-26T21:05:57.430+0400] {logging_mixin.py:149} INFO - [2023-05-26T21:05:57.430+0400] {dagbag.py:541} INFO - Filling up the DagBag from /home/chinnu/.local/lib/python3.10/site-packages/airflow/example_dags/example_datasets.py
[2023-05-26T21:05:57.467+0400] {processor.py:836} INFO - DAG(s) dict_keys(['dataset_produces_1', 'dataset_produces_2', 'dataset_consumes_1', 'dataset_consumes_1_never_scheduled', 'dataset_consumes_1_and_2', 'dataset_consumes_unknown_never_scheduled']) retrieved from /home/chinnu/.local/lib/python3.10/site-packages/airflow/example_dags/example_datasets.py
[2023-05-26T21:05:57.920+0400] {logging_mixin.py:149} INFO - [2023-05-26T21:05:57.920+0400] {dag.py:2726} INFO - Sync 6 DAGs
[2023-05-26T21:05:57.958+0400] {logging_mixin.py:149} INFO - [2023-05-26T21:05:57.958+0400] {dag.py:3486} INFO - Setting next_dagrun for dataset_consumes_1 to None, run_after=None
[2023-05-26T21:05:57.964+0400] {logging_mixin.py:149} INFO - [2023-05-26T21:05:57.964+0400] {dag.py:3486} INFO - Setting next_dagrun for dataset_consumes_1_and_2 to None, run_after=None
[2023-05-26T21:05:57.966+0400] {logging_mixin.py:149} INFO - [2023-05-26T21:05:57.966+0400] {dag.py:3486} INFO - Setting next_dagrun for dataset_consumes_1_never_scheduled to None, run_after=None
[2023-05-26T21:05:57.968+0400] {logging_mixin.py:149} INFO - [2023-05-26T21:05:57.968+0400] {dag.py:3486} INFO - Setting next_dagrun for dataset_consumes_unknown_never_scheduled to None, run_after=None
[2023-05-26T21:05:57.973+0400] {logging_mixin.py:149} INFO - [2023-05-26T21:05:57.973+0400] {dag.py:3486} INFO - Setting next_dagrun for dataset_produces_1 to 2023-05-25T00:00:00+00:00, run_after=2023-05-26T00:00:00+00:00
[2023-05-26T21:05:57.976+0400] {logging_mixin.py:149} INFO - [2023-05-26T21:05:57.975+0400] {dag.py:3486} INFO - Setting next_dagrun for dataset_produces_2 to None, run_after=None
[2023-05-26T21:05:58.057+0400] {processor.py:179} INFO - Processing /home/chinnu/.local/lib/python3.10/site-packages/airflow/example_dags/example_datasets.py took 0.653 seconds
[2023-05-26T21:07:05.771+0400] {processor.py:157} INFO - Started process (PID=178) to work on /home/chinnu/.local/lib/python3.10/site-packages/airflow/example_dags/example_datasets.py
[2023-05-26T21:07:05.775+0400] {processor.py:826} INFO - Processing file /home/chinnu/.local/lib/python3.10/site-packages/airflow/example_dags/example_datasets.py for tasks to queue
[2023-05-26T21:07:05.776+0400] {logging_mixin.py:149} INFO - [2023-05-26T21:07:05.776+0400] {dagbag.py:541} INFO - Filling up the DagBag from /home/chinnu/.local/lib/python3.10/site-packages/airflow/example_dags/example_datasets.py
[2023-05-26T21:07:05.954+0400] {processor.py:836} INFO - DAG(s) dict_keys(['dataset_consumes_1', 'dataset_produces_1', 'dataset_consumes_unknown_never_scheduled', 'dataset_consumes_1_and_2', 'dataset_consumes_1_never_scheduled', 'dataset_produces_2']) retrieved from /home/chinnu/.local/lib/python3.10/site-packages/airflow/example_dags/example_datasets.py
[2023-05-26T21:07:05.988+0400] {logging_mixin.py:149} INFO - [2023-05-26T21:07:05.987+0400] {dag.py:2726} INFO - Sync 6 DAGs
[2023-05-26T21:07:06.006+0400] {logging_mixin.py:149} INFO - [2023-05-26T21:07:06.006+0400] {dag.py:3486} INFO - Setting next_dagrun for dataset_consumes_1 to None, run_after=None
[2023-05-26T21:07:06.010+0400] {logging_mixin.py:149} INFO - [2023-05-26T21:07:06.009+0400] {dag.py:3486} INFO - Setting next_dagrun for dataset_consumes_1_and_2 to None, run_after=None
[2023-05-26T21:07:06.011+0400] {logging_mixin.py:149} INFO - [2023-05-26T21:07:06.011+0400] {dag.py:3486} INFO - Setting next_dagrun for dataset_consumes_1_never_scheduled to None, run_after=None
[2023-05-26T21:07:06.011+0400] {logging_mixin.py:149} INFO - [2023-05-26T21:07:06.011+0400] {dag.py:3486} INFO - Setting next_dagrun for dataset_consumes_unknown_never_scheduled to None, run_after=None
[2023-05-26T21:07:06.014+0400] {logging_mixin.py:149} INFO - [2023-05-26T21:07:06.014+0400] {dag.py:3486} INFO - Setting next_dagrun for dataset_produces_1 to 2023-05-25T00:00:00+00:00, run_after=2023-05-26T00:00:00+00:00
[2023-05-26T21:07:06.015+0400] {logging_mixin.py:149} INFO - [2023-05-26T21:07:06.015+0400] {dag.py:3486} INFO - Setting next_dagrun for dataset_produces_2 to None, run_after=None
[2023-05-26T21:07:06.053+0400] {processor.py:179} INFO - Processing /home/chinnu/.local/lib/python3.10/site-packages/airflow/example_dags/example_datasets.py took 0.294 seconds
[2023-05-26T21:11:00.802+0400] {processor.py:157} INFO - Started process (PID=1938) to work on /home/chinnu/.local/lib/python3.10/site-packages/airflow/example_dags/example_datasets.py
[2023-05-26T21:11:00.804+0400] {processor.py:826} INFO - Processing file /home/chinnu/.local/lib/python3.10/site-packages/airflow/example_dags/example_datasets.py for tasks to queue
[2023-05-26T21:11:00.806+0400] {logging_mixin.py:149} INFO - [2023-05-26T21:11:00.805+0400] {dagbag.py:541} INFO - Filling up the DagBag from /home/chinnu/.local/lib/python3.10/site-packages/airflow/example_dags/example_datasets.py
[2023-05-26T21:11:00.830+0400] {processor.py:836} INFO - DAG(s) dict_keys(['dataset_consumes_1_never_scheduled', 'dataset_produces_1', 'dataset_consumes_1', 'dataset_consumes_unknown_never_scheduled', 'dataset_produces_2', 'dataset_consumes_1_and_2']) retrieved from /home/chinnu/.local/lib/python3.10/site-packages/airflow/example_dags/example_datasets.py
[2023-05-26T21:11:01.539+0400] {logging_mixin.py:149} INFO - [2023-05-26T21:11:01.539+0400] {dag.py:2726} INFO - Sync 6 DAGs
[2023-05-26T21:11:01.605+0400] {logging_mixin.py:149} INFO - [2023-05-26T21:11:01.604+0400] {dag.py:3486} INFO - Setting next_dagrun for dataset_consumes_1 to None, run_after=None
[2023-05-26T21:11:01.614+0400] {logging_mixin.py:149} INFO - [2023-05-26T21:11:01.614+0400] {dag.py:3486} INFO - Setting next_dagrun for dataset_consumes_1_and_2 to None, run_after=None
[2023-05-26T21:11:01.617+0400] {logging_mixin.py:149} INFO - [2023-05-26T21:11:01.616+0400] {dag.py:3486} INFO - Setting next_dagrun for dataset_consumes_1_never_scheduled to None, run_after=None
[2023-05-26T21:11:01.619+0400] {logging_mixin.py:149} INFO - [2023-05-26T21:11:01.619+0400] {dag.py:3486} INFO - Setting next_dagrun for dataset_consumes_unknown_never_scheduled to None, run_after=None
[2023-05-26T21:11:01.627+0400] {logging_mixin.py:149} INFO - [2023-05-26T21:11:01.627+0400] {dag.py:3486} INFO - Setting next_dagrun for dataset_produces_1 to 2023-05-25T00:00:00+00:00, run_after=2023-05-26T00:00:00+00:00
[2023-05-26T21:11:01.630+0400] {logging_mixin.py:149} INFO - [2023-05-26T21:11:01.629+0400] {dag.py:3486} INFO - Setting next_dagrun for dataset_produces_2 to None, run_after=None
[2023-05-26T21:11:01.711+0400] {processor.py:179} INFO - Processing /home/chinnu/.local/lib/python3.10/site-packages/airflow/example_dags/example_datasets.py took 0.919 seconds
[2023-05-26T21:12:57.349+0400] {processor.py:157} INFO - Started process (PID=2043) to work on /home/chinnu/.local/lib/python3.10/site-packages/airflow/example_dags/example_datasets.py
[2023-05-26T21:12:57.352+0400] {processor.py:826} INFO - Processing file /home/chinnu/.local/lib/python3.10/site-packages/airflow/example_dags/example_datasets.py for tasks to queue
[2023-05-26T21:12:57.354+0400] {logging_mixin.py:149} INFO - [2023-05-26T21:12:57.353+0400] {dagbag.py:541} INFO - Filling up the DagBag from /home/chinnu/.local/lib/python3.10/site-packages/airflow/example_dags/example_datasets.py
[2023-05-26T21:12:57.381+0400] {processor.py:836} INFO - DAG(s) dict_keys(['dataset_consumes_unknown_never_scheduled', 'dataset_consumes_1', 'dataset_consumes_1_and_2', 'dataset_produces_2', 'dataset_consumes_1_never_scheduled', 'dataset_produces_1']) retrieved from /home/chinnu/.local/lib/python3.10/site-packages/airflow/example_dags/example_datasets.py
[2023-05-26T21:12:57.454+0400] {logging_mixin.py:149} INFO - [2023-05-26T21:12:57.454+0400] {dag.py:2726} INFO - Sync 6 DAGs
[2023-05-26T21:12:57.497+0400] {logging_mixin.py:149} INFO - [2023-05-26T21:12:57.496+0400] {dag.py:3486} INFO - Setting next_dagrun for dataset_consumes_1 to None, run_after=None
[2023-05-26T21:12:57.502+0400] {logging_mixin.py:149} INFO - [2023-05-26T21:12:57.501+0400] {dag.py:3486} INFO - Setting next_dagrun for dataset_consumes_1_and_2 to None, run_after=None
[2023-05-26T21:12:57.503+0400] {logging_mixin.py:149} INFO - [2023-05-26T21:12:57.503+0400] {dag.py:3486} INFO - Setting next_dagrun for dataset_consumes_1_never_scheduled to None, run_after=None
[2023-05-26T21:12:57.504+0400] {logging_mixin.py:149} INFO - [2023-05-26T21:12:57.504+0400] {dag.py:3486} INFO - Setting next_dagrun for dataset_consumes_unknown_never_scheduled to None, run_after=None
[2023-05-26T21:12:57.509+0400] {logging_mixin.py:149} INFO - [2023-05-26T21:12:57.509+0400] {dag.py:3486} INFO - Setting next_dagrun for dataset_produces_1 to 2023-05-25T00:00:00+00:00, run_after=2023-05-26T00:00:00+00:00
[2023-05-26T21:12:57.511+0400] {logging_mixin.py:149} INFO - [2023-05-26T21:12:57.511+0400] {dag.py:3486} INFO - Setting next_dagrun for dataset_produces_2 to None, run_after=None
[2023-05-26T21:12:57.572+0400] {processor.py:179} INFO - Processing /home/chinnu/.local/lib/python3.10/site-packages/airflow/example_dags/example_datasets.py took 0.235 seconds
[2023-05-26T21:13:41.296+0400] {processor.py:157} INFO - Started process (PID=2095) to work on /home/chinnu/.local/lib/python3.10/site-packages/airflow/example_dags/example_datasets.py
[2023-05-26T21:13:41.299+0400] {processor.py:826} INFO - Processing file /home/chinnu/.local/lib/python3.10/site-packages/airflow/example_dags/example_datasets.py for tasks to queue
[2023-05-26T21:13:41.301+0400] {logging_mixin.py:149} INFO - [2023-05-26T21:13:41.301+0400] {dagbag.py:541} INFO - Filling up the DagBag from /home/chinnu/.local/lib/python3.10/site-packages/airflow/example_dags/example_datasets.py
[2023-05-26T21:13:41.335+0400] {processor.py:836} INFO - DAG(s) dict_keys(['dataset_consumes_unknown_never_scheduled', 'dataset_produces_1', 'dataset_consumes_1_and_2', 'dataset_produces_2', 'dataset_consumes_1', 'dataset_consumes_1_never_scheduled']) retrieved from /home/chinnu/.local/lib/python3.10/site-packages/airflow/example_dags/example_datasets.py
[2023-05-26T21:13:41.413+0400] {logging_mixin.py:149} INFO - [2023-05-26T21:13:41.413+0400] {dag.py:2726} INFO - Sync 6 DAGs
[2023-05-26T21:13:41.438+0400] {logging_mixin.py:149} INFO - [2023-05-26T21:13:41.438+0400] {dag.py:3486} INFO - Setting next_dagrun for dataset_consumes_1 to None, run_after=None
[2023-05-26T21:13:41.442+0400] {logging_mixin.py:149} INFO - [2023-05-26T21:13:41.441+0400] {dag.py:3486} INFO - Setting next_dagrun for dataset_consumes_1_and_2 to None, run_after=None
[2023-05-26T21:13:41.443+0400] {logging_mixin.py:149} INFO - [2023-05-26T21:13:41.442+0400] {dag.py:3486} INFO - Setting next_dagrun for dataset_consumes_1_never_scheduled to None, run_after=None
[2023-05-26T21:13:41.443+0400] {logging_mixin.py:149} INFO - [2023-05-26T21:13:41.443+0400] {dag.py:3486} INFO - Setting next_dagrun for dataset_consumes_unknown_never_scheduled to None, run_after=None
[2023-05-26T21:13:41.446+0400] {logging_mixin.py:149} INFO - [2023-05-26T21:13:41.446+0400] {dag.py:3486} INFO - Setting next_dagrun for dataset_produces_1 to 2023-05-25T00:00:00+00:00, run_after=2023-05-26T00:00:00+00:00
[2023-05-26T21:13:41.447+0400] {logging_mixin.py:149} INFO - [2023-05-26T21:13:41.447+0400] {dag.py:3486} INFO - Setting next_dagrun for dataset_produces_2 to None, run_after=None
[2023-05-26T21:13:41.488+0400] {processor.py:179} INFO - Processing /home/chinnu/.local/lib/python3.10/site-packages/airflow/example_dags/example_datasets.py took 0.206 seconds
[2023-05-26T21:14:27.296+0400] {processor.py:157} INFO - Started process (PID=2148) to work on /home/chinnu/.local/lib/python3.10/site-packages/airflow/example_dags/example_datasets.py
[2023-05-26T21:14:27.299+0400] {processor.py:826} INFO - Processing file /home/chinnu/.local/lib/python3.10/site-packages/airflow/example_dags/example_datasets.py for tasks to queue
[2023-05-26T21:14:27.301+0400] {logging_mixin.py:149} INFO - [2023-05-26T21:14:27.301+0400] {dagbag.py:541} INFO - Filling up the DagBag from /home/chinnu/.local/lib/python3.10/site-packages/airflow/example_dags/example_datasets.py
[2023-05-26T21:14:27.324+0400] {processor.py:836} INFO - DAG(s) dict_keys(['dataset_consumes_1_never_scheduled', 'dataset_produces_1', 'dataset_consumes_unknown_never_scheduled', 'dataset_consumes_1', 'dataset_consumes_1_and_2', 'dataset_produces_2']) retrieved from /home/chinnu/.local/lib/python3.10/site-packages/airflow/example_dags/example_datasets.py
[2023-05-26T21:14:27.373+0400] {logging_mixin.py:149} INFO - [2023-05-26T21:14:27.373+0400] {dag.py:2726} INFO - Sync 6 DAGs
[2023-05-26T21:14:27.397+0400] {logging_mixin.py:149} INFO - [2023-05-26T21:14:27.397+0400] {dag.py:3486} INFO - Setting next_dagrun for dataset_consumes_1 to None, run_after=None
[2023-05-26T21:14:27.401+0400] {logging_mixin.py:149} INFO - [2023-05-26T21:14:27.401+0400] {dag.py:3486} INFO - Setting next_dagrun for dataset_consumes_1_and_2 to None, run_after=None
[2023-05-26T21:14:27.402+0400] {logging_mixin.py:149} INFO - [2023-05-26T21:14:27.402+0400] {dag.py:3486} INFO - Setting next_dagrun for dataset_consumes_1_never_scheduled to None, run_after=None
[2023-05-26T21:14:27.403+0400] {logging_mixin.py:149} INFO - [2023-05-26T21:14:27.403+0400] {dag.py:3486} INFO - Setting next_dagrun for dataset_consumes_unknown_never_scheduled to None, run_after=None
[2023-05-26T21:14:27.405+0400] {logging_mixin.py:149} INFO - [2023-05-26T21:14:27.405+0400] {dag.py:3486} INFO - Setting next_dagrun for dataset_produces_1 to 2023-05-25T00:00:00+00:00, run_after=2023-05-26T00:00:00+00:00
[2023-05-26T21:14:27.406+0400] {logging_mixin.py:149} INFO - [2023-05-26T21:14:27.406+0400] {dag.py:3486} INFO - Setting next_dagrun for dataset_produces_2 to None, run_after=None
[2023-05-26T21:14:27.441+0400] {processor.py:179} INFO - Processing /home/chinnu/.local/lib/python3.10/site-packages/airflow/example_dags/example_datasets.py took 0.159 seconds
[2023-05-26T21:15:09.379+0400] {processor.py:157} INFO - Started process (PID=9395) to work on /home/chinnu/.local/lib/python3.10/site-packages/airflow/example_dags/example_datasets.py
[2023-05-26T21:15:09.382+0400] {processor.py:826} INFO - Processing file /home/chinnu/.local/lib/python3.10/site-packages/airflow/example_dags/example_datasets.py for tasks to queue
[2023-05-26T21:15:09.385+0400] {logging_mixin.py:149} INFO - [2023-05-26T21:15:09.384+0400] {dagbag.py:541} INFO - Filling up the DagBag from /home/chinnu/.local/lib/python3.10/site-packages/airflow/example_dags/example_datasets.py
[2023-05-26T21:15:09.421+0400] {processor.py:836} INFO - DAG(s) dict_keys(['dataset_consumes_unknown_never_scheduled', 'dataset_produces_2', 'dataset_produces_1', 'dataset_consumes_1_and_2', 'dataset_consumes_1', 'dataset_consumes_1_never_scheduled']) retrieved from /home/chinnu/.local/lib/python3.10/site-packages/airflow/example_dags/example_datasets.py
[2023-05-26T21:15:09.529+0400] {logging_mixin.py:149} INFO - [2023-05-26T21:15:09.528+0400] {dag.py:2726} INFO - Sync 6 DAGs
[2023-05-26T21:15:09.593+0400] {logging_mixin.py:149} INFO - [2023-05-26T21:15:09.592+0400] {dag.py:3486} INFO - Setting next_dagrun for dataset_consumes_1 to None, run_after=None
[2023-05-26T21:15:09.601+0400] {logging_mixin.py:149} INFO - [2023-05-26T21:15:09.601+0400] {dag.py:3486} INFO - Setting next_dagrun for dataset_consumes_1_and_2 to None, run_after=None
[2023-05-26T21:15:09.604+0400] {logging_mixin.py:149} INFO - [2023-05-26T21:15:09.603+0400] {dag.py:3486} INFO - Setting next_dagrun for dataset_consumes_1_never_scheduled to None, run_after=None
[2023-05-26T21:15:09.606+0400] {logging_mixin.py:149} INFO - [2023-05-26T21:15:09.605+0400] {dag.py:3486} INFO - Setting next_dagrun for dataset_consumes_unknown_never_scheduled to None, run_after=None
[2023-05-26T21:15:09.612+0400] {logging_mixin.py:149} INFO - [2023-05-26T21:15:09.612+0400] {dag.py:3486} INFO - Setting next_dagrun for dataset_produces_1 to 2023-05-25T00:00:00+00:00, run_after=2023-05-26T00:00:00+00:00
[2023-05-26T21:15:09.615+0400] {logging_mixin.py:149} INFO - [2023-05-26T21:15:09.614+0400] {dag.py:3486} INFO - Setting next_dagrun for dataset_produces_2 to None, run_after=None
[2023-05-26T21:15:09.710+0400] {processor.py:179} INFO - Processing /home/chinnu/.local/lib/python3.10/site-packages/airflow/example_dags/example_datasets.py took 0.345 seconds
[2023-05-26T21:15:58.243+0400] {processor.py:157} INFO - Started process (PID=9469) to work on /home/chinnu/.local/lib/python3.10/site-packages/airflow/example_dags/example_datasets.py
[2023-05-26T21:15:58.246+0400] {processor.py:826} INFO - Processing file /home/chinnu/.local/lib/python3.10/site-packages/airflow/example_dags/example_datasets.py for tasks to queue
[2023-05-26T21:15:58.248+0400] {logging_mixin.py:149} INFO - [2023-05-26T21:15:58.247+0400] {dagbag.py:541} INFO - Filling up the DagBag from /home/chinnu/.local/lib/python3.10/site-packages/airflow/example_dags/example_datasets.py
[2023-05-26T21:15:58.276+0400] {processor.py:836} INFO - DAG(s) dict_keys(['dataset_consumes_1_and_2', 'dataset_consumes_1', 'dataset_produces_1', 'dataset_consumes_1_never_scheduled', 'dataset_consumes_unknown_never_scheduled', 'dataset_produces_2']) retrieved from /home/chinnu/.local/lib/python3.10/site-packages/airflow/example_dags/example_datasets.py
[2023-05-26T21:15:58.360+0400] {logging_mixin.py:149} INFO - [2023-05-26T21:15:58.360+0400] {dag.py:2726} INFO - Sync 6 DAGs
[2023-05-26T21:15:58.407+0400] {logging_mixin.py:149} INFO - [2023-05-26T21:15:58.406+0400] {dag.py:3486} INFO - Setting next_dagrun for dataset_consumes_1 to None, run_after=None
[2023-05-26T21:15:58.412+0400] {logging_mixin.py:149} INFO - [2023-05-26T21:15:58.412+0400] {dag.py:3486} INFO - Setting next_dagrun for dataset_consumes_1_and_2 to None, run_after=None
[2023-05-26T21:15:58.414+0400] {logging_mixin.py:149} INFO - [2023-05-26T21:15:58.414+0400] {dag.py:3486} INFO - Setting next_dagrun for dataset_consumes_1_never_scheduled to None, run_after=None
[2023-05-26T21:15:58.416+0400] {logging_mixin.py:149} INFO - [2023-05-26T21:15:58.415+0400] {dag.py:3486} INFO - Setting next_dagrun for dataset_consumes_unknown_never_scheduled to None, run_after=None
[2023-05-26T21:15:58.421+0400] {logging_mixin.py:149} INFO - [2023-05-26T21:15:58.421+0400] {dag.py:3486} INFO - Setting next_dagrun for dataset_produces_1 to 2023-05-25T00:00:00+00:00, run_after=2023-05-26T00:00:00+00:00
[2023-05-26T21:15:58.423+0400] {logging_mixin.py:149} INFO - [2023-05-26T21:15:58.423+0400] {dag.py:3486} INFO - Setting next_dagrun for dataset_produces_2 to None, run_after=None
[2023-05-26T21:15:58.494+0400] {processor.py:179} INFO - Processing /home/chinnu/.local/lib/python3.10/site-packages/airflow/example_dags/example_datasets.py took 0.265 seconds
[2023-05-26T21:17:35.253+0400] {processor.py:157} INFO - Started process (PID=16775) to work on /home/chinnu/.local/lib/python3.10/site-packages/airflow/example_dags/example_datasets.py
[2023-05-26T21:17:35.256+0400] {processor.py:826} INFO - Processing file /home/chinnu/.local/lib/python3.10/site-packages/airflow/example_dags/example_datasets.py for tasks to queue
[2023-05-26T21:17:35.257+0400] {logging_mixin.py:149} INFO - [2023-05-26T21:17:35.257+0400] {dagbag.py:541} INFO - Filling up the DagBag from /home/chinnu/.local/lib/python3.10/site-packages/airflow/example_dags/example_datasets.py
[2023-05-26T21:17:35.277+0400] {processor.py:836} INFO - DAG(s) dict_keys(['dataset_consumes_1_never_scheduled', 'dataset_produces_2', 'dataset_produces_1', 'dataset_consumes_1', 'dataset_consumes_1_and_2', 'dataset_consumes_unknown_never_scheduled']) retrieved from /home/chinnu/.local/lib/python3.10/site-packages/airflow/example_dags/example_datasets.py
[2023-05-26T21:17:35.324+0400] {logging_mixin.py:149} INFO - [2023-05-26T21:17:35.324+0400] {dag.py:2726} INFO - Sync 6 DAGs
[2023-05-26T21:17:35.349+0400] {logging_mixin.py:149} INFO - [2023-05-26T21:17:35.348+0400] {dag.py:3486} INFO - Setting next_dagrun for dataset_consumes_1 to None, run_after=None
[2023-05-26T21:17:35.352+0400] {logging_mixin.py:149} INFO - [2023-05-26T21:17:35.352+0400] {dag.py:3486} INFO - Setting next_dagrun for dataset_consumes_1_and_2 to None, run_after=None
[2023-05-26T21:17:35.353+0400] {logging_mixin.py:149} INFO - [2023-05-26T21:17:35.353+0400] {dag.py:3486} INFO - Setting next_dagrun for dataset_consumes_1_never_scheduled to None, run_after=None
[2023-05-26T21:17:35.354+0400] {logging_mixin.py:149} INFO - [2023-05-26T21:17:35.354+0400] {dag.py:3486} INFO - Setting next_dagrun for dataset_consumes_unknown_never_scheduled to None, run_after=None
[2023-05-26T21:17:35.356+0400] {logging_mixin.py:149} INFO - [2023-05-26T21:17:35.356+0400] {dag.py:3486} INFO - Setting next_dagrun for dataset_produces_1 to 2023-05-25T00:00:00+00:00, run_after=2023-05-26T00:00:00+00:00
[2023-05-26T21:17:35.358+0400] {logging_mixin.py:149} INFO - [2023-05-26T21:17:35.357+0400] {dag.py:3486} INFO - Setting next_dagrun for dataset_produces_2 to None, run_after=None
[2023-05-26T21:17:35.403+0400] {processor.py:179} INFO - Processing /home/chinnu/.local/lib/python3.10/site-packages/airflow/example_dags/example_datasets.py took 0.163 seconds
[2023-05-26T21:19:17.248+0400] {processor.py:157} INFO - Started process (PID=16868) to work on /home/chinnu/.local/lib/python3.10/site-packages/airflow/example_dags/example_datasets.py
[2023-05-26T21:19:17.252+0400] {processor.py:826} INFO - Processing file /home/chinnu/.local/lib/python3.10/site-packages/airflow/example_dags/example_datasets.py for tasks to queue
[2023-05-26T21:19:17.254+0400] {logging_mixin.py:149} INFO - [2023-05-26T21:19:17.253+0400] {dagbag.py:541} INFO - Filling up the DagBag from /home/chinnu/.local/lib/python3.10/site-packages/airflow/example_dags/example_datasets.py
[2023-05-26T21:19:17.287+0400] {processor.py:836} INFO - DAG(s) dict_keys(['dataset_consumes_1', 'dataset_produces_1', 'dataset_consumes_1_and_2', 'dataset_consumes_1_never_scheduled', 'dataset_produces_2', 'dataset_consumes_unknown_never_scheduled']) retrieved from /home/chinnu/.local/lib/python3.10/site-packages/airflow/example_dags/example_datasets.py
[2023-05-26T21:19:17.766+0400] {logging_mixin.py:149} INFO - [2023-05-26T21:19:17.765+0400] {dag.py:2726} INFO - Sync 6 DAGs
[2023-05-26T21:19:17.807+0400] {logging_mixin.py:149} INFO - [2023-05-26T21:19:17.806+0400] {dag.py:3486} INFO - Setting next_dagrun for dataset_consumes_1 to None, run_after=None
[2023-05-26T21:19:17.816+0400] {logging_mixin.py:149} INFO - [2023-05-26T21:19:17.816+0400] {dag.py:3486} INFO - Setting next_dagrun for dataset_consumes_1_and_2 to None, run_after=None
[2023-05-26T21:19:17.819+0400] {logging_mixin.py:149} INFO - [2023-05-26T21:19:17.819+0400] {dag.py:3486} INFO - Setting next_dagrun for dataset_consumes_1_never_scheduled to None, run_after=None
[2023-05-26T21:19:17.822+0400] {logging_mixin.py:149} INFO - [2023-05-26T21:19:17.821+0400] {dag.py:3486} INFO - Setting next_dagrun for dataset_consumes_unknown_never_scheduled to None, run_after=None
[2023-05-26T21:19:17.832+0400] {logging_mixin.py:149} INFO - [2023-05-26T21:19:17.832+0400] {dag.py:3486} INFO - Setting next_dagrun for dataset_produces_1 to 2023-05-25T00:00:00+00:00, run_after=2023-05-26T00:00:00+00:00
[2023-05-26T21:19:17.836+0400] {logging_mixin.py:149} INFO - [2023-05-26T21:19:17.835+0400] {dag.py:3486} INFO - Setting next_dagrun for dataset_produces_2 to None, run_after=None
[2023-05-26T21:19:17.947+0400] {processor.py:179} INFO - Processing /home/chinnu/.local/lib/python3.10/site-packages/airflow/example_dags/example_datasets.py took 0.713 seconds
[2023-05-26T21:20:29.937+0400] {processor.py:157} INFO - Started process (PID=16950) to work on /home/chinnu/.local/lib/python3.10/site-packages/airflow/example_dags/example_datasets.py
[2023-05-26T21:20:29.939+0400] {processor.py:826} INFO - Processing file /home/chinnu/.local/lib/python3.10/site-packages/airflow/example_dags/example_datasets.py for tasks to queue
[2023-05-26T21:20:29.941+0400] {logging_mixin.py:149} INFO - [2023-05-26T21:20:29.940+0400] {dagbag.py:541} INFO - Filling up the DagBag from /home/chinnu/.local/lib/python3.10/site-packages/airflow/example_dags/example_datasets.py
[2023-05-26T21:20:29.967+0400] {processor.py:836} INFO - DAG(s) dict_keys(['dataset_consumes_1_and_2', 'dataset_consumes_unknown_never_scheduled', 'dataset_consumes_1', 'dataset_produces_2', 'dataset_produces_1', 'dataset_consumes_1_never_scheduled']) retrieved from /home/chinnu/.local/lib/python3.10/site-packages/airflow/example_dags/example_datasets.py
[2023-05-26T21:20:30.107+0400] {logging_mixin.py:149} INFO - [2023-05-26T21:20:30.107+0400] {dag.py:2726} INFO - Sync 6 DAGs
[2023-05-26T21:20:30.208+0400] {logging_mixin.py:149} INFO - [2023-05-26T21:20:30.207+0400] {dag.py:3486} INFO - Setting next_dagrun for dataset_consumes_1 to None, run_after=None
[2023-05-26T21:20:30.215+0400] {logging_mixin.py:149} INFO - [2023-05-26T21:20:30.215+0400] {dag.py:3486} INFO - Setting next_dagrun for dataset_consumes_1_and_2 to None, run_after=None
[2023-05-26T21:20:30.218+0400] {logging_mixin.py:149} INFO - [2023-05-26T21:20:30.218+0400] {dag.py:3486} INFO - Setting next_dagrun for dataset_consumes_1_never_scheduled to None, run_after=None
[2023-05-26T21:20:30.221+0400] {logging_mixin.py:149} INFO - [2023-05-26T21:20:30.221+0400] {dag.py:3486} INFO - Setting next_dagrun for dataset_consumes_unknown_never_scheduled to None, run_after=None
[2023-05-26T21:20:30.228+0400] {logging_mixin.py:149} INFO - [2023-05-26T21:20:30.228+0400] {dag.py:3486} INFO - Setting next_dagrun for dataset_produces_1 to 2023-05-25T00:00:00+00:00, run_after=2023-05-26T00:00:00+00:00
[2023-05-26T21:20:30.230+0400] {logging_mixin.py:149} INFO - [2023-05-26T21:20:30.230+0400] {dag.py:3486} INFO - Setting next_dagrun for dataset_produces_2 to None, run_after=None
[2023-05-26T21:20:30.291+0400] {processor.py:179} INFO - Processing /home/chinnu/.local/lib/python3.10/site-packages/airflow/example_dags/example_datasets.py took 0.367 seconds
[2023-05-26T21:21:14.003+0400] {processor.py:157} INFO - Started process (PID=17001) to work on /home/chinnu/.local/lib/python3.10/site-packages/airflow/example_dags/example_datasets.py
[2023-05-26T21:21:14.008+0400] {processor.py:826} INFO - Processing file /home/chinnu/.local/lib/python3.10/site-packages/airflow/example_dags/example_datasets.py for tasks to queue
[2023-05-26T21:21:14.010+0400] {logging_mixin.py:149} INFO - [2023-05-26T21:21:14.009+0400] {dagbag.py:541} INFO - Filling up the DagBag from /home/chinnu/.local/lib/python3.10/site-packages/airflow/example_dags/example_datasets.py
[2023-05-26T21:21:14.032+0400] {processor.py:836} INFO - DAG(s) dict_keys(['dataset_consumes_1_never_scheduled', 'dataset_produces_2', 'dataset_consumes_1_and_2', 'dataset_produces_1', 'dataset_consumes_1', 'dataset_consumes_unknown_never_scheduled']) retrieved from /home/chinnu/.local/lib/python3.10/site-packages/airflow/example_dags/example_datasets.py
[2023-05-26T21:21:14.082+0400] {logging_mixin.py:149} INFO - [2023-05-26T21:21:14.082+0400] {dag.py:2726} INFO - Sync 6 DAGs
[2023-05-26T21:21:14.107+0400] {logging_mixin.py:149} INFO - [2023-05-26T21:21:14.107+0400] {dag.py:3486} INFO - Setting next_dagrun for dataset_consumes_1 to None, run_after=None
[2023-05-26T21:21:14.110+0400] {logging_mixin.py:149} INFO - [2023-05-26T21:21:14.110+0400] {dag.py:3486} INFO - Setting next_dagrun for dataset_consumes_1_and_2 to None, run_after=None
[2023-05-26T21:21:14.111+0400] {logging_mixin.py:149} INFO - [2023-05-26T21:21:14.111+0400] {dag.py:3486} INFO - Setting next_dagrun for dataset_consumes_1_never_scheduled to None, run_after=None
[2023-05-26T21:21:14.113+0400] {logging_mixin.py:149} INFO - [2023-05-26T21:21:14.112+0400] {dag.py:3486} INFO - Setting next_dagrun for dataset_consumes_unknown_never_scheduled to None, run_after=None
[2023-05-26T21:21:14.115+0400] {logging_mixin.py:149} INFO - [2023-05-26T21:21:14.115+0400] {dag.py:3486} INFO - Setting next_dagrun for dataset_produces_1 to 2023-05-25T00:00:00+00:00, run_after=2023-05-26T00:00:00+00:00
[2023-05-26T21:21:14.116+0400] {logging_mixin.py:149} INFO - [2023-05-26T21:21:14.116+0400] {dag.py:3486} INFO - Setting next_dagrun for dataset_produces_2 to None, run_after=None
[2023-05-26T21:21:14.160+0400] {processor.py:179} INFO - Processing /home/chinnu/.local/lib/python3.10/site-packages/airflow/example_dags/example_datasets.py took 0.168 seconds
[2023-05-26T21:21:57.575+0400] {processor.py:157} INFO - Started process (PID=17051) to work on /home/chinnu/.local/lib/python3.10/site-packages/airflow/example_dags/example_datasets.py
[2023-05-26T21:21:57.578+0400] {processor.py:826} INFO - Processing file /home/chinnu/.local/lib/python3.10/site-packages/airflow/example_dags/example_datasets.py for tasks to queue
[2023-05-26T21:21:57.579+0400] {logging_mixin.py:149} INFO - [2023-05-26T21:21:57.579+0400] {dagbag.py:541} INFO - Filling up the DagBag from /home/chinnu/.local/lib/python3.10/site-packages/airflow/example_dags/example_datasets.py
[2023-05-26T21:21:57.605+0400] {processor.py:836} INFO - DAG(s) dict_keys(['dataset_consumes_1', 'dataset_consumes_1_and_2', 'dataset_produces_1', 'dataset_consumes_unknown_never_scheduled', 'dataset_consumes_1_never_scheduled', 'dataset_produces_2']) retrieved from /home/chinnu/.local/lib/python3.10/site-packages/airflow/example_dags/example_datasets.py
[2023-05-26T21:21:57.656+0400] {logging_mixin.py:149} INFO - [2023-05-26T21:21:57.656+0400] {dag.py:2726} INFO - Sync 6 DAGs
[2023-05-26T21:21:57.687+0400] {logging_mixin.py:149} INFO - [2023-05-26T21:21:57.686+0400] {dag.py:3486} INFO - Setting next_dagrun for dataset_consumes_1 to None, run_after=None
[2023-05-26T21:21:57.690+0400] {logging_mixin.py:149} INFO - [2023-05-26T21:21:57.690+0400] {dag.py:3486} INFO - Setting next_dagrun for dataset_consumes_1_and_2 to None, run_after=None
[2023-05-26T21:21:57.691+0400] {logging_mixin.py:149} INFO - [2023-05-26T21:21:57.691+0400] {dag.py:3486} INFO - Setting next_dagrun for dataset_consumes_1_never_scheduled to None, run_after=None
[2023-05-26T21:21:57.692+0400] {logging_mixin.py:149} INFO - [2023-05-26T21:21:57.692+0400] {dag.py:3486} INFO - Setting next_dagrun for dataset_consumes_unknown_never_scheduled to None, run_after=None
[2023-05-26T21:21:57.696+0400] {logging_mixin.py:149} INFO - [2023-05-26T21:21:57.696+0400] {dag.py:3486} INFO - Setting next_dagrun for dataset_produces_1 to 2023-05-25T00:00:00+00:00, run_after=2023-05-26T00:00:00+00:00
[2023-05-26T21:21:57.697+0400] {logging_mixin.py:149} INFO - [2023-05-26T21:21:57.697+0400] {dag.py:3486} INFO - Setting next_dagrun for dataset_produces_2 to None, run_after=None
[2023-05-26T21:21:57.755+0400] {processor.py:179} INFO - Processing /home/chinnu/.local/lib/python3.10/site-packages/airflow/example_dags/example_datasets.py took 0.188 seconds
[2023-05-26T21:22:39.040+0400] {processor.py:157} INFO - Started process (PID=17101) to work on /home/chinnu/.local/lib/python3.10/site-packages/airflow/example_dags/example_datasets.py
[2023-05-26T21:22:39.042+0400] {processor.py:826} INFO - Processing file /home/chinnu/.local/lib/python3.10/site-packages/airflow/example_dags/example_datasets.py for tasks to queue
[2023-05-26T21:22:39.044+0400] {logging_mixin.py:149} INFO - [2023-05-26T21:22:39.043+0400] {dagbag.py:541} INFO - Filling up the DagBag from /home/chinnu/.local/lib/python3.10/site-packages/airflow/example_dags/example_datasets.py
[2023-05-26T21:22:39.068+0400] {processor.py:836} INFO - DAG(s) dict_keys(['dataset_produces_2', 'dataset_produces_1', 'dataset_consumes_1_and_2', 'dataset_consumes_1_never_scheduled', 'dataset_consumes_1', 'dataset_consumes_unknown_never_scheduled']) retrieved from /home/chinnu/.local/lib/python3.10/site-packages/airflow/example_dags/example_datasets.py
[2023-05-26T21:22:39.136+0400] {logging_mixin.py:149} INFO - [2023-05-26T21:22:39.136+0400] {dag.py:2726} INFO - Sync 6 DAGs
[2023-05-26T21:22:39.167+0400] {logging_mixin.py:149} INFO - [2023-05-26T21:22:39.167+0400] {dag.py:3486} INFO - Setting next_dagrun for dataset_consumes_1 to None, run_after=None
[2023-05-26T21:22:39.172+0400] {logging_mixin.py:149} INFO - [2023-05-26T21:22:39.172+0400] {dag.py:3486} INFO - Setting next_dagrun for dataset_consumes_1_and_2 to None, run_after=None
[2023-05-26T21:22:39.173+0400] {logging_mixin.py:149} INFO - [2023-05-26T21:22:39.173+0400] {dag.py:3486} INFO - Setting next_dagrun for dataset_consumes_1_never_scheduled to None, run_after=None
[2023-05-26T21:22:39.174+0400] {logging_mixin.py:149} INFO - [2023-05-26T21:22:39.174+0400] {dag.py:3486} INFO - Setting next_dagrun for dataset_consumes_unknown_never_scheduled to None, run_after=None
[2023-05-26T21:22:39.177+0400] {logging_mixin.py:149} INFO - [2023-05-26T21:22:39.177+0400] {dag.py:3486} INFO - Setting next_dagrun for dataset_produces_1 to 2023-05-25T00:00:00+00:00, run_after=2023-05-26T00:00:00+00:00
[2023-05-26T21:22:39.178+0400] {logging_mixin.py:149} INFO - [2023-05-26T21:22:39.178+0400] {dag.py:3486} INFO - Setting next_dagrun for dataset_produces_2 to None, run_after=None
[2023-05-26T21:22:39.234+0400] {processor.py:179} INFO - Processing /home/chinnu/.local/lib/python3.10/site-packages/airflow/example_dags/example_datasets.py took 0.203 seconds
[2023-05-26T21:23:29.107+0400] {processor.py:157} INFO - Started process (PID=17165) to work on /home/chinnu/.local/lib/python3.10/site-packages/airflow/example_dags/example_datasets.py
[2023-05-26T21:23:29.111+0400] {processor.py:826} INFO - Processing file /home/chinnu/.local/lib/python3.10/site-packages/airflow/example_dags/example_datasets.py for tasks to queue
[2023-05-26T21:23:29.112+0400] {logging_mixin.py:149} INFO - [2023-05-26T21:23:29.112+0400] {dagbag.py:541} INFO - Filling up the DagBag from /home/chinnu/.local/lib/python3.10/site-packages/airflow/example_dags/example_datasets.py
[2023-05-26T21:23:29.140+0400] {processor.py:836} INFO - DAG(s) dict_keys(['dataset_produces_2', 'dataset_produces_1', 'dataset_consumes_1', 'dataset_consumes_1_and_2', 'dataset_consumes_1_never_scheduled', 'dataset_consumes_unknown_never_scheduled']) retrieved from /home/chinnu/.local/lib/python3.10/site-packages/airflow/example_dags/example_datasets.py
[2023-05-26T21:23:29.267+0400] {logging_mixin.py:149} INFO - [2023-05-26T21:23:29.267+0400] {dag.py:2726} INFO - Sync 6 DAGs
[2023-05-26T21:23:29.300+0400] {logging_mixin.py:149} INFO - [2023-05-26T21:23:29.300+0400] {dag.py:3486} INFO - Setting next_dagrun for dataset_consumes_1 to None, run_after=None
[2023-05-26T21:23:29.304+0400] {logging_mixin.py:149} INFO - [2023-05-26T21:23:29.304+0400] {dag.py:3486} INFO - Setting next_dagrun for dataset_consumes_1_and_2 to None, run_after=None
[2023-05-26T21:23:29.305+0400] {logging_mixin.py:149} INFO - [2023-05-26T21:23:29.305+0400] {dag.py:3486} INFO - Setting next_dagrun for dataset_consumes_1_never_scheduled to None, run_after=None
[2023-05-26T21:23:29.306+0400] {logging_mixin.py:149} INFO - [2023-05-26T21:23:29.306+0400] {dag.py:3486} INFO - Setting next_dagrun for dataset_consumes_unknown_never_scheduled to None, run_after=None
[2023-05-26T21:23:29.311+0400] {logging_mixin.py:149} INFO - [2023-05-26T21:23:29.311+0400] {dag.py:3486} INFO - Setting next_dagrun for dataset_produces_1 to 2023-05-25T00:00:00+00:00, run_after=2023-05-26T00:00:00+00:00
[2023-05-26T21:23:29.312+0400] {logging_mixin.py:149} INFO - [2023-05-26T21:23:29.312+0400] {dag.py:3486} INFO - Setting next_dagrun for dataset_produces_2 to None, run_after=None
[2023-05-26T21:23:29.356+0400] {processor.py:179} INFO - Processing /home/chinnu/.local/lib/python3.10/site-packages/airflow/example_dags/example_datasets.py took 0.257 seconds
[2023-05-26T21:24:20.657+0400] {processor.py:157} INFO - Started process (PID=17224) to work on /home/chinnu/.local/lib/python3.10/site-packages/airflow/example_dags/example_datasets.py
[2023-05-26T21:24:20.659+0400] {processor.py:826} INFO - Processing file /home/chinnu/.local/lib/python3.10/site-packages/airflow/example_dags/example_datasets.py for tasks to queue
[2023-05-26T21:24:20.659+0400] {logging_mixin.py:149} INFO - [2023-05-26T21:24:20.659+0400] {dagbag.py:541} INFO - Filling up the DagBag from /home/chinnu/.local/lib/python3.10/site-packages/airflow/example_dags/example_datasets.py
[2023-05-26T21:24:20.674+0400] {processor.py:836} INFO - DAG(s) dict_keys(['dataset_consumes_unknown_never_scheduled', 'dataset_produces_1', 'dataset_produces_2', 'dataset_consumes_1', 'dataset_consumes_1_never_scheduled', 'dataset_consumes_1_and_2']) retrieved from /home/chinnu/.local/lib/python3.10/site-packages/airflow/example_dags/example_datasets.py
[2023-05-26T21:24:20.721+0400] {logging_mixin.py:149} INFO - [2023-05-26T21:24:20.721+0400] {dag.py:2726} INFO - Sync 6 DAGs
[2023-05-26T21:24:20.746+0400] {logging_mixin.py:149} INFO - [2023-05-26T21:24:20.746+0400] {dag.py:3486} INFO - Setting next_dagrun for dataset_consumes_1 to None, run_after=None
[2023-05-26T21:24:20.750+0400] {logging_mixin.py:149} INFO - [2023-05-26T21:24:20.749+0400] {dag.py:3486} INFO - Setting next_dagrun for dataset_consumes_1_and_2 to None, run_after=None
[2023-05-26T21:24:20.751+0400] {logging_mixin.py:149} INFO - [2023-05-26T21:24:20.751+0400] {dag.py:3486} INFO - Setting next_dagrun for dataset_consumes_1_never_scheduled to None, run_after=None
[2023-05-26T21:24:20.752+0400] {logging_mixin.py:149} INFO - [2023-05-26T21:24:20.752+0400] {dag.py:3486} INFO - Setting next_dagrun for dataset_consumes_unknown_never_scheduled to None, run_after=None
[2023-05-26T21:24:20.754+0400] {logging_mixin.py:149} INFO - [2023-05-26T21:24:20.754+0400] {dag.py:3486} INFO - Setting next_dagrun for dataset_produces_1 to 2023-05-25T00:00:00+00:00, run_after=2023-05-26T00:00:00+00:00
[2023-05-26T21:24:20.755+0400] {logging_mixin.py:149} INFO - [2023-05-26T21:24:20.755+0400] {dag.py:3486} INFO - Setting next_dagrun for dataset_produces_2 to None, run_after=None
[2023-05-26T21:24:20.793+0400] {processor.py:179} INFO - Processing /home/chinnu/.local/lib/python3.10/site-packages/airflow/example_dags/example_datasets.py took 0.142 seconds
[2023-05-26T21:25:06.797+0400] {processor.py:157} INFO - Started process (PID=17283) to work on /home/chinnu/.local/lib/python3.10/site-packages/airflow/example_dags/example_datasets.py
[2023-05-26T21:25:06.800+0400] {processor.py:826} INFO - Processing file /home/chinnu/.local/lib/python3.10/site-packages/airflow/example_dags/example_datasets.py for tasks to queue
[2023-05-26T21:25:06.802+0400] {logging_mixin.py:149} INFO - [2023-05-26T21:25:06.802+0400] {dagbag.py:541} INFO - Filling up the DagBag from /home/chinnu/.local/lib/python3.10/site-packages/airflow/example_dags/example_datasets.py
[2023-05-26T21:25:06.820+0400] {processor.py:836} INFO - DAG(s) dict_keys(['dataset_produces_1', 'dataset_consumes_1_and_2', 'dataset_consumes_1_never_scheduled', 'dataset_consumes_1', 'dataset_consumes_unknown_never_scheduled', 'dataset_produces_2']) retrieved from /home/chinnu/.local/lib/python3.10/site-packages/airflow/example_dags/example_datasets.py
[2023-05-26T21:25:06.866+0400] {logging_mixin.py:149} INFO - [2023-05-26T21:25:06.866+0400] {dag.py:2726} INFO - Sync 6 DAGs
[2023-05-26T21:25:06.890+0400] {logging_mixin.py:149} INFO - [2023-05-26T21:25:06.890+0400] {dag.py:3486} INFO - Setting next_dagrun for dataset_consumes_1 to None, run_after=None
[2023-05-26T21:25:06.893+0400] {logging_mixin.py:149} INFO - [2023-05-26T21:25:06.893+0400] {dag.py:3486} INFO - Setting next_dagrun for dataset_consumes_1_and_2 to None, run_after=None
[2023-05-26T21:25:06.894+0400] {logging_mixin.py:149} INFO - [2023-05-26T21:25:06.894+0400] {dag.py:3486} INFO - Setting next_dagrun for dataset_consumes_1_never_scheduled to None, run_after=None
[2023-05-26T21:25:06.895+0400] {logging_mixin.py:149} INFO - [2023-05-26T21:25:06.895+0400] {dag.py:3486} INFO - Setting next_dagrun for dataset_consumes_unknown_never_scheduled to None, run_after=None
[2023-05-26T21:25:06.897+0400] {logging_mixin.py:149} INFO - [2023-05-26T21:25:06.897+0400] {dag.py:3486} INFO - Setting next_dagrun for dataset_produces_1 to 2023-05-25T00:00:00+00:00, run_after=2023-05-26T00:00:00+00:00
[2023-05-26T21:25:06.898+0400] {logging_mixin.py:149} INFO - [2023-05-26T21:25:06.898+0400] {dag.py:3486} INFO - Setting next_dagrun for dataset_produces_2 to None, run_after=None
[2023-05-26T21:25:06.932+0400] {processor.py:179} INFO - Processing /home/chinnu/.local/lib/python3.10/site-packages/airflow/example_dags/example_datasets.py took 0.141 seconds
[2023-05-26T21:48:44.919+0400] {processor.py:157} INFO - Started process (PID=99) to work on /home/chinnu/.local/lib/python3.10/site-packages/airflow/example_dags/example_datasets.py
[2023-05-26T21:48:44.921+0400] {processor.py:826} INFO - Processing file /home/chinnu/.local/lib/python3.10/site-packages/airflow/example_dags/example_datasets.py for tasks to queue
[2023-05-26T21:48:44.922+0400] {logging_mixin.py:149} INFO - [2023-05-26T21:48:44.922+0400] {dagbag.py:541} INFO - Filling up the DagBag from /home/chinnu/.local/lib/python3.10/site-packages/airflow/example_dags/example_datasets.py
[2023-05-26T21:48:44.936+0400] {processor.py:836} INFO - DAG(s) dict_keys(['dataset_consumes_1', 'dataset_produces_2', 'dataset_consumes_1_never_scheduled', 'dataset_consumes_1_and_2', 'dataset_consumes_unknown_never_scheduled', 'dataset_produces_1']) retrieved from /home/chinnu/.local/lib/python3.10/site-packages/airflow/example_dags/example_datasets.py
[2023-05-26T21:48:45.018+0400] {logging_mixin.py:149} INFO - [2023-05-26T21:48:45.018+0400] {dag.py:2726} INFO - Sync 6 DAGs
[2023-05-26T21:48:45.185+0400] {logging_mixin.py:149} INFO - [2023-05-26T21:48:45.185+0400] {dag.py:3486} INFO - Setting next_dagrun for dataset_consumes_1 to None, run_after=None
[2023-05-26T21:48:45.188+0400] {logging_mixin.py:149} INFO - [2023-05-26T21:48:45.188+0400] {dag.py:3486} INFO - Setting next_dagrun for dataset_consumes_1_and_2 to None, run_after=None
[2023-05-26T21:48:45.189+0400] {logging_mixin.py:149} INFO - [2023-05-26T21:48:45.188+0400] {dag.py:3486} INFO - Setting next_dagrun for dataset_consumes_1_never_scheduled to None, run_after=None
[2023-05-26T21:48:45.189+0400] {logging_mixin.py:149} INFO - [2023-05-26T21:48:45.189+0400] {dag.py:3486} INFO - Setting next_dagrun for dataset_consumes_unknown_never_scheduled to None, run_after=None
[2023-05-26T21:48:45.192+0400] {logging_mixin.py:149} INFO - [2023-05-26T21:48:45.192+0400] {dag.py:3486} INFO - Setting next_dagrun for dataset_produces_1 to 2023-05-25T00:00:00+00:00, run_after=2023-05-26T00:00:00+00:00
[2023-05-26T21:48:45.193+0400] {logging_mixin.py:149} INFO - [2023-05-26T21:48:45.193+0400] {dag.py:3486} INFO - Setting next_dagrun for dataset_produces_2 to None, run_after=None
[2023-05-26T21:48:45.235+0400] {processor.py:179} INFO - Processing /home/chinnu/.local/lib/python3.10/site-packages/airflow/example_dags/example_datasets.py took 0.322 seconds
[2023-05-26T21:52:50.913+0400] {processor.py:157} INFO - Started process (PID=81) to work on /home/chinnu/.local/lib/python3.10/site-packages/airflow/example_dags/example_datasets.py
[2023-05-26T21:52:50.915+0400] {processor.py:826} INFO - Processing file /home/chinnu/.local/lib/python3.10/site-packages/airflow/example_dags/example_datasets.py for tasks to queue
[2023-05-26T21:52:50.917+0400] {logging_mixin.py:149} INFO - [2023-05-26T21:52:50.916+0400] {dagbag.py:541} INFO - Filling up the DagBag from /home/chinnu/.local/lib/python3.10/site-packages/airflow/example_dags/example_datasets.py
[2023-05-26T21:52:50.942+0400] {processor.py:836} INFO - DAG(s) dict_keys(['dataset_produces_1', 'dataset_consumes_1', 'dataset_produces_2', 'dataset_consumes_1_never_scheduled', 'dataset_consumes_1_and_2', 'dataset_consumes_unknown_never_scheduled']) retrieved from /home/chinnu/.local/lib/python3.10/site-packages/airflow/example_dags/example_datasets.py
[2023-05-26T21:52:51.250+0400] {logging_mixin.py:149} INFO - [2023-05-26T21:52:51.249+0400] {dag.py:2726} INFO - Sync 6 DAGs
[2023-05-26T21:52:51.275+0400] {logging_mixin.py:149} INFO - [2023-05-26T21:52:51.275+0400] {dag.py:3486} INFO - Setting next_dagrun for dataset_consumes_1 to None, run_after=None
[2023-05-26T21:52:51.279+0400] {logging_mixin.py:149} INFO - [2023-05-26T21:52:51.279+0400] {dag.py:3486} INFO - Setting next_dagrun for dataset_consumes_1_and_2 to None, run_after=None
[2023-05-26T21:52:51.281+0400] {logging_mixin.py:149} INFO - [2023-05-26T21:52:51.281+0400] {dag.py:3486} INFO - Setting next_dagrun for dataset_consumes_1_never_scheduled to None, run_after=None
[2023-05-26T21:52:51.283+0400] {logging_mixin.py:149} INFO - [2023-05-26T21:52:51.283+0400] {dag.py:3486} INFO - Setting next_dagrun for dataset_consumes_unknown_never_scheduled to None, run_after=None
[2023-05-26T21:52:51.289+0400] {logging_mixin.py:149} INFO - [2023-05-26T21:52:51.289+0400] {dag.py:3486} INFO - Setting next_dagrun for dataset_produces_1 to 2023-05-25T00:00:00+00:00, run_after=2023-05-26T00:00:00+00:00
[2023-05-26T21:52:51.292+0400] {logging_mixin.py:149} INFO - [2023-05-26T21:52:51.291+0400] {dag.py:3486} INFO - Setting next_dagrun for dataset_produces_2 to None, run_after=None
[2023-05-26T21:52:51.349+0400] {processor.py:179} INFO - Processing /home/chinnu/.local/lib/python3.10/site-packages/airflow/example_dags/example_datasets.py took 0.445 seconds
[2023-05-26T21:53:50.534+0400] {processor.py:157} INFO - Started process (PID=134) to work on /home/chinnu/.local/lib/python3.10/site-packages/airflow/example_dags/example_datasets.py
[2023-05-26T21:53:50.536+0400] {processor.py:826} INFO - Processing file /home/chinnu/.local/lib/python3.10/site-packages/airflow/example_dags/example_datasets.py for tasks to queue
[2023-05-26T21:53:50.537+0400] {logging_mixin.py:149} INFO - [2023-05-26T21:53:50.537+0400] {dagbag.py:541} INFO - Filling up the DagBag from /home/chinnu/.local/lib/python3.10/site-packages/airflow/example_dags/example_datasets.py
[2023-05-26T21:53:50.734+0400] {processor.py:836} INFO - DAG(s) dict_keys(['dataset_produces_1', 'dataset_consumes_unknown_never_scheduled', 'dataset_produces_2', 'dataset_consumes_1_never_scheduled', 'dataset_consumes_1', 'dataset_consumes_1_and_2']) retrieved from /home/chinnu/.local/lib/python3.10/site-packages/airflow/example_dags/example_datasets.py
[2023-05-26T21:53:50.775+0400] {logging_mixin.py:149} INFO - [2023-05-26T21:53:50.775+0400] {dag.py:2726} INFO - Sync 6 DAGs
[2023-05-26T21:53:50.800+0400] {logging_mixin.py:149} INFO - [2023-05-26T21:53:50.799+0400] {dag.py:3486} INFO - Setting next_dagrun for dataset_consumes_1 to None, run_after=None
[2023-05-26T21:53:50.804+0400] {logging_mixin.py:149} INFO - [2023-05-26T21:53:50.803+0400] {dag.py:3486} INFO - Setting next_dagrun for dataset_consumes_1_and_2 to None, run_after=None
[2023-05-26T21:53:50.805+0400] {logging_mixin.py:149} INFO - [2023-05-26T21:53:50.805+0400] {dag.py:3486} INFO - Setting next_dagrun for dataset_consumes_1_never_scheduled to None, run_after=None
[2023-05-26T21:53:50.806+0400] {logging_mixin.py:149} INFO - [2023-05-26T21:53:50.806+0400] {dag.py:3486} INFO - Setting next_dagrun for dataset_consumes_unknown_never_scheduled to None, run_after=None
[2023-05-26T21:53:50.809+0400] {logging_mixin.py:149} INFO - [2023-05-26T21:53:50.809+0400] {dag.py:3486} INFO - Setting next_dagrun for dataset_produces_1 to 2023-05-25T00:00:00+00:00, run_after=2023-05-26T00:00:00+00:00
[2023-05-26T21:53:50.810+0400] {logging_mixin.py:149} INFO - [2023-05-26T21:53:50.810+0400] {dag.py:3486} INFO - Setting next_dagrun for dataset_produces_2 to None, run_after=None
[2023-05-26T21:53:50.862+0400] {processor.py:179} INFO - Processing /home/chinnu/.local/lib/python3.10/site-packages/airflow/example_dags/example_datasets.py took 0.335 seconds
[2023-05-26T22:06:38.466+0400] {processor.py:157} INFO - Started process (PID=2550) to work on /home/chinnu/.local/lib/python3.10/site-packages/airflow/example_dags/example_datasets.py
[2023-05-26T22:06:38.478+0400] {processor.py:826} INFO - Processing file /home/chinnu/.local/lib/python3.10/site-packages/airflow/example_dags/example_datasets.py for tasks to queue
[2023-05-26T22:06:38.480+0400] {logging_mixin.py:149} INFO - [2023-05-26T22:06:38.480+0400] {dagbag.py:541} INFO - Filling up the DagBag from /home/chinnu/.local/lib/python3.10/site-packages/airflow/example_dags/example_datasets.py
[2023-05-26T22:06:38.621+0400] {processor.py:836} INFO - DAG(s) dict_keys(['dataset_produces_2', 'dataset_consumes_unknown_never_scheduled', 'dataset_consumes_1_never_scheduled', 'dataset_consumes_1', 'dataset_produces_1', 'dataset_consumes_1_and_2']) retrieved from /home/chinnu/.local/lib/python3.10/site-packages/airflow/example_dags/example_datasets.py
[2023-05-26T22:06:39.343+0400] {logging_mixin.py:149} INFO - [2023-05-26T22:06:39.342+0400] {dag.py:2726} INFO - Sync 6 DAGs
[2023-05-26T22:06:39.400+0400] {logging_mixin.py:149} INFO - [2023-05-26T22:06:39.399+0400] {dag.py:3486} INFO - Setting next_dagrun for dataset_consumes_1 to None, run_after=None
[2023-05-26T22:06:39.408+0400] {logging_mixin.py:149} INFO - [2023-05-26T22:06:39.407+0400] {dag.py:3486} INFO - Setting next_dagrun for dataset_consumes_1_and_2 to None, run_after=None
[2023-05-26T22:06:39.410+0400] {logging_mixin.py:149} INFO - [2023-05-26T22:06:39.410+0400] {dag.py:3486} INFO - Setting next_dagrun for dataset_consumes_1_never_scheduled to None, run_after=None
[2023-05-26T22:06:39.414+0400] {logging_mixin.py:149} INFO - [2023-05-26T22:06:39.413+0400] {dag.py:3486} INFO - Setting next_dagrun for dataset_consumes_unknown_never_scheduled to None, run_after=None
[2023-05-26T22:06:39.422+0400] {logging_mixin.py:149} INFO - [2023-05-26T22:06:39.422+0400] {dag.py:3486} INFO - Setting next_dagrun for dataset_produces_1 to 2023-05-25T00:00:00+00:00, run_after=2023-05-26T00:00:00+00:00
[2023-05-26T22:06:39.425+0400] {logging_mixin.py:149} INFO - [2023-05-26T22:06:39.425+0400] {dag.py:3486} INFO - Setting next_dagrun for dataset_produces_2 to None, run_after=None
[2023-05-26T22:06:39.623+0400] {processor.py:179} INFO - Processing /home/chinnu/.local/lib/python3.10/site-packages/airflow/example_dags/example_datasets.py took 1.186 seconds
[2023-05-26T22:08:18.514+0400] {processor.py:157} INFO - Started process (PID=2617) to work on /home/chinnu/.local/lib/python3.10/site-packages/airflow/example_dags/example_datasets.py
[2023-05-26T22:08:18.519+0400] {processor.py:826} INFO - Processing file /home/chinnu/.local/lib/python3.10/site-packages/airflow/example_dags/example_datasets.py for tasks to queue
[2023-05-26T22:08:18.541+0400] {logging_mixin.py:149} INFO - [2023-05-26T22:08:18.538+0400] {dagbag.py:541} INFO - Filling up the DagBag from /home/chinnu/.local/lib/python3.10/site-packages/airflow/example_dags/example_datasets.py
[2023-05-26T22:08:18.634+0400] {processor.py:836} INFO - DAG(s) dict_keys(['dataset_consumes_unknown_never_scheduled', 'dataset_consumes_1_and_2', 'dataset_produces_1', 'dataset_consumes_1_never_scheduled', 'dataset_consumes_1', 'dataset_produces_2']) retrieved from /home/chinnu/.local/lib/python3.10/site-packages/airflow/example_dags/example_datasets.py
[2023-05-26T22:08:18.978+0400] {logging_mixin.py:149} INFO - [2023-05-26T22:08:18.977+0400] {dag.py:2726} INFO - Sync 6 DAGs
[2023-05-26T22:08:19.084+0400] {logging_mixin.py:149} INFO - [2023-05-26T22:08:19.083+0400] {dag.py:3486} INFO - Setting next_dagrun for dataset_consumes_1 to None, run_after=None
[2023-05-26T22:08:19.151+0400] {logging_mixin.py:149} INFO - [2023-05-26T22:08:19.150+0400] {dag.py:3486} INFO - Setting next_dagrun for dataset_consumes_1_and_2 to None, run_after=None
[2023-05-26T22:08:19.154+0400] {logging_mixin.py:149} INFO - [2023-05-26T22:08:19.154+0400] {dag.py:3486} INFO - Setting next_dagrun for dataset_consumes_1_never_scheduled to None, run_after=None
[2023-05-26T22:08:19.158+0400] {logging_mixin.py:149} INFO - [2023-05-26T22:08:19.158+0400] {dag.py:3486} INFO - Setting next_dagrun for dataset_consumes_unknown_never_scheduled to None, run_after=None
[2023-05-26T22:08:19.199+0400] {logging_mixin.py:149} INFO - [2023-05-26T22:08:19.197+0400] {dag.py:3486} INFO - Setting next_dagrun for dataset_produces_1 to 2023-05-25T00:00:00+00:00, run_after=2023-05-26T00:00:00+00:00
[2023-05-26T22:08:19.202+0400] {logging_mixin.py:149} INFO - [2023-05-26T22:08:19.202+0400] {dag.py:3486} INFO - Setting next_dagrun for dataset_produces_2 to None, run_after=None
[2023-05-26T22:08:19.348+0400] {processor.py:179} INFO - Processing /home/chinnu/.local/lib/python3.10/site-packages/airflow/example_dags/example_datasets.py took 0.873 seconds
