[2023-05-26T19:38:42.166+0400] {processor.py:157} INFO - Started process (PID=211) to work on /home/chinnu/.local/lib/python3.10/site-packages/airflow/example_dags/example_subdag_operator.py
[2023-05-26T19:38:42.170+0400] {processor.py:826} INFO - Processing file /home/chinnu/.local/lib/python3.10/site-packages/airflow/example_dags/example_subdag_operator.py for tasks to queue
[2023-05-26T19:38:42.172+0400] {logging_mixin.py:149} INFO - [2023-05-26T19:38:42.171+0400] {dagbag.py:541} INFO - Filling up the DagBag from /home/chinnu/.local/lib/python3.10/site-packages/airflow/example_dags/example_subdag_operator.py
[2023-05-26T19:38:42.277+0400] {processor.py:836} INFO - DAG(s) dict_keys(['example_subdag_operator.section-1', 'example_subdag_operator.section-2', 'example_subdag_operator']) retrieved from /home/chinnu/.local/lib/python3.10/site-packages/airflow/example_dags/example_subdag_operator.py
[2023-05-26T19:38:42.313+0400] {logging_mixin.py:149} INFO - [2023-05-26T19:38:42.313+0400] {dag.py:2726} INFO - Sync 3 DAGs
[2023-05-26T19:38:42.338+0400] {logging_mixin.py:149} INFO - [2023-05-26T19:38:42.338+0400] {dag.py:3486} INFO - Setting next_dagrun for example_subdag_operator to 2022-01-01T00:00:00+00:00, run_after=2022-01-01T00:00:00+00:00
[2023-05-26T19:38:42.342+0400] {logging_mixin.py:149} INFO - [2023-05-26T19:38:42.341+0400] {dag.py:3486} INFO - Setting next_dagrun for example_subdag_operator.section-1 to None, run_after=None
[2023-05-26T19:38:42.343+0400] {logging_mixin.py:149} INFO - [2023-05-26T19:38:42.343+0400] {dag.py:3486} INFO - Setting next_dagrun for example_subdag_operator.section-2 to None, run_after=None
[2023-05-26T19:38:42.354+0400] {logging_mixin.py:149} INFO - [2023-05-26T19:38:42.354+0400] {dag.py:2726} INFO - Sync 2 DAGs
[2023-05-26T19:38:42.359+0400] {logging_mixin.py:149} INFO - [2023-05-26T19:38:42.358+0400] {dag.py:3486} INFO - Setting next_dagrun for example_subdag_operator.section-1 to None, run_after=None
[2023-05-26T19:38:42.359+0400] {logging_mixin.py:149} INFO - [2023-05-26T19:38:42.359+0400] {dag.py:3486} INFO - Setting next_dagrun for example_subdag_operator.section-2 to None, run_after=None
[2023-05-26T19:38:42.385+0400] {processor.py:179} INFO - Processing /home/chinnu/.local/lib/python3.10/site-packages/airflow/example_dags/example_subdag_operator.py took 0.231 seconds
[2023-05-26T19:39:39.053+0400] {processor.py:157} INFO - Started process (PID=262) to work on /home/chinnu/.local/lib/python3.10/site-packages/airflow/example_dags/example_subdag_operator.py
[2023-05-26T19:39:39.059+0400] {processor.py:826} INFO - Processing file /home/chinnu/.local/lib/python3.10/site-packages/airflow/example_dags/example_subdag_operator.py for tasks to queue
[2023-05-26T19:39:39.062+0400] {logging_mixin.py:149} INFO - [2023-05-26T19:39:39.061+0400] {dagbag.py:541} INFO - Filling up the DagBag from /home/chinnu/.local/lib/python3.10/site-packages/airflow/example_dags/example_subdag_operator.py
[2023-05-26T19:39:39.181+0400] {processor.py:836} INFO - DAG(s) dict_keys(['example_subdag_operator.section-1', 'example_subdag_operator.section-2', 'example_subdag_operator']) retrieved from /home/chinnu/.local/lib/python3.10/site-packages/airflow/example_dags/example_subdag_operator.py
[2023-05-26T19:39:39.240+0400] {logging_mixin.py:149} INFO - [2023-05-26T19:39:39.239+0400] {dag.py:2726} INFO - Sync 3 DAGs
[2023-05-26T19:39:39.271+0400] {logging_mixin.py:149} INFO - [2023-05-26T19:39:39.271+0400] {dag.py:3486} INFO - Setting next_dagrun for example_subdag_operator to 2022-01-01T00:00:00+00:00, run_after=2022-01-01T00:00:00+00:00
[2023-05-26T19:39:39.275+0400] {logging_mixin.py:149} INFO - [2023-05-26T19:39:39.275+0400] {dag.py:3486} INFO - Setting next_dagrun for example_subdag_operator.section-1 to None, run_after=None
[2023-05-26T19:39:39.276+0400] {logging_mixin.py:149} INFO - [2023-05-26T19:39:39.276+0400] {dag.py:3486} INFO - Setting next_dagrun for example_subdag_operator.section-2 to None, run_after=None
[2023-05-26T19:39:39.284+0400] {logging_mixin.py:149} INFO - [2023-05-26T19:39:39.284+0400] {dag.py:2726} INFO - Sync 2 DAGs
[2023-05-26T19:39:39.289+0400] {logging_mixin.py:149} INFO - [2023-05-26T19:39:39.289+0400] {dag.py:3486} INFO - Setting next_dagrun for example_subdag_operator.section-1 to None, run_after=None
[2023-05-26T19:39:39.289+0400] {logging_mixin.py:149} INFO - [2023-05-26T19:39:39.289+0400] {dag.py:3486} INFO - Setting next_dagrun for example_subdag_operator.section-2 to None, run_after=None
[2023-05-26T19:39:39.312+0400] {processor.py:179} INFO - Processing /home/chinnu/.local/lib/python3.10/site-packages/airflow/example_dags/example_subdag_operator.py took 0.274 seconds
[2023-05-26T19:40:29.340+0400] {processor.py:157} INFO - Started process (PID=822) to work on /home/chinnu/.local/lib/python3.10/site-packages/airflow/example_dags/example_subdag_operator.py
[2023-05-26T19:40:29.343+0400] {processor.py:826} INFO - Processing file /home/chinnu/.local/lib/python3.10/site-packages/airflow/example_dags/example_subdag_operator.py for tasks to queue
[2023-05-26T19:40:29.345+0400] {logging_mixin.py:149} INFO - [2023-05-26T19:40:29.345+0400] {dagbag.py:541} INFO - Filling up the DagBag from /home/chinnu/.local/lib/python3.10/site-packages/airflow/example_dags/example_subdag_operator.py
[2023-05-26T19:40:29.393+0400] {processor.py:836} INFO - DAG(s) dict_keys(['example_subdag_operator.section-1', 'example_subdag_operator.section-2', 'example_subdag_operator']) retrieved from /home/chinnu/.local/lib/python3.10/site-packages/airflow/example_dags/example_subdag_operator.py
[2023-05-26T19:40:29.416+0400] {logging_mixin.py:149} INFO - [2023-05-26T19:40:29.416+0400] {dag.py:2726} INFO - Sync 3 DAGs
[2023-05-26T19:40:29.435+0400] {logging_mixin.py:149} INFO - [2023-05-26T19:40:29.434+0400] {dag.py:3486} INFO - Setting next_dagrun for example_subdag_operator to 2022-01-01T00:00:00+00:00, run_after=2022-01-01T00:00:00+00:00
[2023-05-26T19:40:29.437+0400] {logging_mixin.py:149} INFO - [2023-05-26T19:40:29.437+0400] {dag.py:3486} INFO - Setting next_dagrun for example_subdag_operator.section-1 to None, run_after=None
[2023-05-26T19:40:29.438+0400] {logging_mixin.py:149} INFO - [2023-05-26T19:40:29.438+0400] {dag.py:3486} INFO - Setting next_dagrun for example_subdag_operator.section-2 to None, run_after=None
[2023-05-26T19:40:29.445+0400] {logging_mixin.py:149} INFO - [2023-05-26T19:40:29.445+0400] {dag.py:2726} INFO - Sync 2 DAGs
[2023-05-26T19:40:29.449+0400] {logging_mixin.py:149} INFO - [2023-05-26T19:40:29.449+0400] {dag.py:3486} INFO - Setting next_dagrun for example_subdag_operator.section-1 to None, run_after=None
[2023-05-26T19:40:29.450+0400] {logging_mixin.py:149} INFO - [2023-05-26T19:40:29.450+0400] {dag.py:3486} INFO - Setting next_dagrun for example_subdag_operator.section-2 to None, run_after=None
[2023-05-26T19:40:29.474+0400] {processor.py:179} INFO - Processing /home/chinnu/.local/lib/python3.10/site-packages/airflow/example_dags/example_subdag_operator.py took 0.145 seconds
[2023-05-26T19:41:39.940+0400] {processor.py:157} INFO - Started process (PID=884) to work on /home/chinnu/.local/lib/python3.10/site-packages/airflow/example_dags/example_subdag_operator.py
[2023-05-26T19:41:39.942+0400] {processor.py:826} INFO - Processing file /home/chinnu/.local/lib/python3.10/site-packages/airflow/example_dags/example_subdag_operator.py for tasks to queue
[2023-05-26T19:41:39.943+0400] {logging_mixin.py:149} INFO - [2023-05-26T19:41:39.943+0400] {dagbag.py:541} INFO - Filling up the DagBag from /home/chinnu/.local/lib/python3.10/site-packages/airflow/example_dags/example_subdag_operator.py
[2023-05-26T19:41:39.986+0400] {processor.py:836} INFO - DAG(s) dict_keys(['example_subdag_operator.section-1', 'example_subdag_operator.section-2', 'example_subdag_operator']) retrieved from /home/chinnu/.local/lib/python3.10/site-packages/airflow/example_dags/example_subdag_operator.py
[2023-05-26T19:41:40.017+0400] {logging_mixin.py:149} INFO - [2023-05-26T19:41:40.017+0400] {dag.py:2726} INFO - Sync 3 DAGs
[2023-05-26T19:41:40.039+0400] {logging_mixin.py:149} INFO - [2023-05-26T19:41:40.039+0400] {dag.py:3486} INFO - Setting next_dagrun for example_subdag_operator to 2022-01-01T00:00:00+00:00, run_after=2022-01-01T00:00:00+00:00
[2023-05-26T19:41:40.042+0400] {logging_mixin.py:149} INFO - [2023-05-26T19:41:40.042+0400] {dag.py:3486} INFO - Setting next_dagrun for example_subdag_operator.section-1 to None, run_after=None
[2023-05-26T19:41:40.043+0400] {logging_mixin.py:149} INFO - [2023-05-26T19:41:40.043+0400] {dag.py:3486} INFO - Setting next_dagrun for example_subdag_operator.section-2 to None, run_after=None
[2023-05-26T19:41:40.050+0400] {logging_mixin.py:149} INFO - [2023-05-26T19:41:40.049+0400] {dag.py:2726} INFO - Sync 2 DAGs
[2023-05-26T19:41:40.053+0400] {logging_mixin.py:149} INFO - [2023-05-26T19:41:40.053+0400] {dag.py:3486} INFO - Setting next_dagrun for example_subdag_operator.section-1 to None, run_after=None
[2023-05-26T19:41:40.054+0400] {logging_mixin.py:149} INFO - [2023-05-26T19:41:40.054+0400] {dag.py:3486} INFO - Setting next_dagrun for example_subdag_operator.section-2 to None, run_after=None
[2023-05-26T19:41:40.076+0400] {processor.py:179} INFO - Processing /home/chinnu/.local/lib/python3.10/site-packages/airflow/example_dags/example_subdag_operator.py took 0.143 seconds
[2023-05-26T19:43:11.029+0400] {processor.py:157} INFO - Started process (PID=1477) to work on /home/chinnu/.local/lib/python3.10/site-packages/airflow/example_dags/example_subdag_operator.py
[2023-05-26T19:43:11.030+0400] {processor.py:826} INFO - Processing file /home/chinnu/.local/lib/python3.10/site-packages/airflow/example_dags/example_subdag_operator.py for tasks to queue
[2023-05-26T19:43:11.031+0400] {logging_mixin.py:149} INFO - [2023-05-26T19:43:11.031+0400] {dagbag.py:541} INFO - Filling up the DagBag from /home/chinnu/.local/lib/python3.10/site-packages/airflow/example_dags/example_subdag_operator.py
[2023-05-26T19:43:11.071+0400] {processor.py:836} INFO - DAG(s) dict_keys(['example_subdag_operator.section-1', 'example_subdag_operator.section-2', 'example_subdag_operator']) retrieved from /home/chinnu/.local/lib/python3.10/site-packages/airflow/example_dags/example_subdag_operator.py
[2023-05-26T19:43:11.098+0400] {logging_mixin.py:149} INFO - [2023-05-26T19:43:11.097+0400] {dag.py:2726} INFO - Sync 3 DAGs
[2023-05-26T19:43:11.294+0400] {logging_mixin.py:149} INFO - [2023-05-26T19:43:11.294+0400] {dag.py:3486} INFO - Setting next_dagrun for example_subdag_operator to 2022-01-01T00:00:00+00:00, run_after=2022-01-01T00:00:00+00:00
[2023-05-26T19:43:11.298+0400] {logging_mixin.py:149} INFO - [2023-05-26T19:43:11.297+0400] {dag.py:3486} INFO - Setting next_dagrun for example_subdag_operator.section-1 to None, run_after=None
[2023-05-26T19:43:11.299+0400] {logging_mixin.py:149} INFO - [2023-05-26T19:43:11.299+0400] {dag.py:3486} INFO - Setting next_dagrun for example_subdag_operator.section-2 to None, run_after=None
[2023-05-26T19:43:11.309+0400] {logging_mixin.py:149} INFO - [2023-05-26T19:43:11.308+0400] {dag.py:2726} INFO - Sync 2 DAGs
[2023-05-26T19:43:11.319+0400] {logging_mixin.py:149} INFO - [2023-05-26T19:43:11.319+0400] {dag.py:3486} INFO - Setting next_dagrun for example_subdag_operator.section-1 to None, run_after=None
[2023-05-26T19:43:11.320+0400] {logging_mixin.py:149} INFO - [2023-05-26T19:43:11.319+0400] {dag.py:3486} INFO - Setting next_dagrun for example_subdag_operator.section-2 to None, run_after=None
[2023-05-26T19:43:11.364+0400] {processor.py:179} INFO - Processing /home/chinnu/.local/lib/python3.10/site-packages/airflow/example_dags/example_subdag_operator.py took 0.342 seconds
[2023-05-26T19:44:22.286+0400] {processor.py:157} INFO - Started process (PID=1537) to work on /home/chinnu/.local/lib/python3.10/site-packages/airflow/example_dags/example_subdag_operator.py
[2023-05-26T19:44:22.289+0400] {processor.py:826} INFO - Processing file /home/chinnu/.local/lib/python3.10/site-packages/airflow/example_dags/example_subdag_operator.py for tasks to queue
[2023-05-26T19:44:22.291+0400] {logging_mixin.py:149} INFO - [2023-05-26T19:44:22.291+0400] {dagbag.py:541} INFO - Filling up the DagBag from /home/chinnu/.local/lib/python3.10/site-packages/airflow/example_dags/example_subdag_operator.py
[2023-05-26T19:44:22.374+0400] {processor.py:836} INFO - DAG(s) dict_keys(['example_subdag_operator.section-1', 'example_subdag_operator.section-2', 'example_subdag_operator']) retrieved from /home/chinnu/.local/lib/python3.10/site-packages/airflow/example_dags/example_subdag_operator.py
[2023-05-26T19:44:22.439+0400] {logging_mixin.py:149} INFO - [2023-05-26T19:44:22.438+0400] {dag.py:2726} INFO - Sync 3 DAGs
[2023-05-26T19:44:22.496+0400] {logging_mixin.py:149} INFO - [2023-05-26T19:44:22.496+0400] {dag.py:3486} INFO - Setting next_dagrun for example_subdag_operator to 2022-01-01T00:00:00+00:00, run_after=2022-01-01T00:00:00+00:00
[2023-05-26T19:44:22.503+0400] {logging_mixin.py:149} INFO - [2023-05-26T19:44:22.503+0400] {dag.py:3486} INFO - Setting next_dagrun for example_subdag_operator.section-1 to None, run_after=None
[2023-05-26T19:44:22.505+0400] {logging_mixin.py:149} INFO - [2023-05-26T19:44:22.505+0400] {dag.py:3486} INFO - Setting next_dagrun for example_subdag_operator.section-2 to None, run_after=None
[2023-05-26T19:44:22.522+0400] {logging_mixin.py:149} INFO - [2023-05-26T19:44:22.522+0400] {dag.py:2726} INFO - Sync 2 DAGs
[2023-05-26T19:44:22.532+0400] {logging_mixin.py:149} INFO - [2023-05-26T19:44:22.532+0400] {dag.py:3486} INFO - Setting next_dagrun for example_subdag_operator.section-1 to None, run_after=None
[2023-05-26T19:44:22.533+0400] {logging_mixin.py:149} INFO - [2023-05-26T19:44:22.533+0400] {dag.py:3486} INFO - Setting next_dagrun for example_subdag_operator.section-2 to None, run_after=None
[2023-05-26T19:44:22.574+0400] {processor.py:179} INFO - Processing /home/chinnu/.local/lib/python3.10/site-packages/airflow/example_dags/example_subdag_operator.py took 0.307 seconds
[2023-05-26T19:45:26.918+0400] {processor.py:157} INFO - Started process (PID=1589) to work on /home/chinnu/.local/lib/python3.10/site-packages/airflow/example_dags/example_subdag_operator.py
[2023-05-26T19:45:26.923+0400] {processor.py:826} INFO - Processing file /home/chinnu/.local/lib/python3.10/site-packages/airflow/example_dags/example_subdag_operator.py for tasks to queue
[2023-05-26T19:45:26.925+0400] {logging_mixin.py:149} INFO - [2023-05-26T19:45:26.925+0400] {dagbag.py:541} INFO - Filling up the DagBag from /home/chinnu/.local/lib/python3.10/site-packages/airflow/example_dags/example_subdag_operator.py
[2023-05-26T19:45:27.011+0400] {processor.py:836} INFO - DAG(s) dict_keys(['example_subdag_operator.section-1', 'example_subdag_operator.section-2', 'example_subdag_operator']) retrieved from /home/chinnu/.local/lib/python3.10/site-packages/airflow/example_dags/example_subdag_operator.py
[2023-05-26T19:45:27.075+0400] {logging_mixin.py:149} INFO - [2023-05-26T19:45:27.075+0400] {dag.py:2726} INFO - Sync 3 DAGs
[2023-05-26T19:45:27.131+0400] {logging_mixin.py:149} INFO - [2023-05-26T19:45:27.131+0400] {dag.py:3486} INFO - Setting next_dagrun for example_subdag_operator to 2022-01-01T00:00:00+00:00, run_after=2022-01-01T00:00:00+00:00
[2023-05-26T19:45:27.140+0400] {logging_mixin.py:149} INFO - [2023-05-26T19:45:27.140+0400] {dag.py:3486} INFO - Setting next_dagrun for example_subdag_operator.section-1 to None, run_after=None
[2023-05-26T19:45:27.142+0400] {logging_mixin.py:149} INFO - [2023-05-26T19:45:27.141+0400] {dag.py:3486} INFO - Setting next_dagrun for example_subdag_operator.section-2 to None, run_after=None
[2023-05-26T19:45:27.151+0400] {logging_mixin.py:149} INFO - [2023-05-26T19:45:27.151+0400] {dag.py:2726} INFO - Sync 2 DAGs
[2023-05-26T19:45:27.157+0400] {logging_mixin.py:149} INFO - [2023-05-26T19:45:27.157+0400] {dag.py:3486} INFO - Setting next_dagrun for example_subdag_operator.section-1 to None, run_after=None
[2023-05-26T19:45:27.158+0400] {logging_mixin.py:149} INFO - [2023-05-26T19:45:27.158+0400] {dag.py:3486} INFO - Setting next_dagrun for example_subdag_operator.section-2 to None, run_after=None
[2023-05-26T19:45:27.183+0400] {processor.py:179} INFO - Processing /home/chinnu/.local/lib/python3.10/site-packages/airflow/example_dags/example_subdag_operator.py took 0.278 seconds
[2023-05-26T19:46:22.287+0400] {processor.py:157} INFO - Started process (PID=1640) to work on /home/chinnu/.local/lib/python3.10/site-packages/airflow/example_dags/example_subdag_operator.py
[2023-05-26T19:46:22.289+0400] {processor.py:826} INFO - Processing file /home/chinnu/.local/lib/python3.10/site-packages/airflow/example_dags/example_subdag_operator.py for tasks to queue
[2023-05-26T19:46:22.290+0400] {logging_mixin.py:149} INFO - [2023-05-26T19:46:22.290+0400] {dagbag.py:541} INFO - Filling up the DagBag from /home/chinnu/.local/lib/python3.10/site-packages/airflow/example_dags/example_subdag_operator.py
[2023-05-26T19:46:22.325+0400] {processor.py:836} INFO - DAG(s) dict_keys(['example_subdag_operator.section-1', 'example_subdag_operator.section-2', 'example_subdag_operator']) retrieved from /home/chinnu/.local/lib/python3.10/site-packages/airflow/example_dags/example_subdag_operator.py
[2023-05-26T19:46:22.350+0400] {logging_mixin.py:149} INFO - [2023-05-26T19:46:22.350+0400] {dag.py:2726} INFO - Sync 3 DAGs
[2023-05-26T19:46:22.372+0400] {logging_mixin.py:149} INFO - [2023-05-26T19:46:22.372+0400] {dag.py:3486} INFO - Setting next_dagrun for example_subdag_operator to 2022-01-01T00:00:00+00:00, run_after=2022-01-01T00:00:00+00:00
[2023-05-26T19:46:22.375+0400] {logging_mixin.py:149} INFO - [2023-05-26T19:46:22.375+0400] {dag.py:3486} INFO - Setting next_dagrun for example_subdag_operator.section-1 to None, run_after=None
[2023-05-26T19:46:22.376+0400] {logging_mixin.py:149} INFO - [2023-05-26T19:46:22.376+0400] {dag.py:3486} INFO - Setting next_dagrun for example_subdag_operator.section-2 to None, run_after=None
[2023-05-26T19:46:22.382+0400] {logging_mixin.py:149} INFO - [2023-05-26T19:46:22.382+0400] {dag.py:2726} INFO - Sync 2 DAGs
[2023-05-26T19:46:22.386+0400] {logging_mixin.py:149} INFO - [2023-05-26T19:46:22.386+0400] {dag.py:3486} INFO - Setting next_dagrun for example_subdag_operator.section-1 to None, run_after=None
[2023-05-26T19:46:22.387+0400] {logging_mixin.py:149} INFO - [2023-05-26T19:46:22.386+0400] {dag.py:3486} INFO - Setting next_dagrun for example_subdag_operator.section-2 to None, run_after=None
[2023-05-26T19:46:22.409+0400] {processor.py:179} INFO - Processing /home/chinnu/.local/lib/python3.10/site-packages/airflow/example_dags/example_subdag_operator.py took 0.130 seconds
[2023-05-26T19:48:09.236+0400] {processor.py:157} INFO - Started process (PID=1691) to work on /home/chinnu/.local/lib/python3.10/site-packages/airflow/example_dags/example_subdag_operator.py
[2023-05-26T19:48:09.238+0400] {processor.py:826} INFO - Processing file /home/chinnu/.local/lib/python3.10/site-packages/airflow/example_dags/example_subdag_operator.py for tasks to queue
[2023-05-26T19:48:09.239+0400] {logging_mixin.py:149} INFO - [2023-05-26T19:48:09.238+0400] {dagbag.py:541} INFO - Filling up the DagBag from /home/chinnu/.local/lib/python3.10/site-packages/airflow/example_dags/example_subdag_operator.py
[2023-05-26T19:48:09.298+0400] {processor.py:836} INFO - DAG(s) dict_keys(['example_subdag_operator.section-1', 'example_subdag_operator.section-2', 'example_subdag_operator']) retrieved from /home/chinnu/.local/lib/python3.10/site-packages/airflow/example_dags/example_subdag_operator.py
[2023-05-26T19:48:09.333+0400] {logging_mixin.py:149} INFO - [2023-05-26T19:48:09.332+0400] {dag.py:2726} INFO - Sync 3 DAGs
[2023-05-26T19:48:09.354+0400] {logging_mixin.py:149} INFO - [2023-05-26T19:48:09.354+0400] {dag.py:3486} INFO - Setting next_dagrun for example_subdag_operator to 2022-01-01T00:00:00+00:00, run_after=2022-01-01T00:00:00+00:00
[2023-05-26T19:48:09.357+0400] {logging_mixin.py:149} INFO - [2023-05-26T19:48:09.357+0400] {dag.py:3486} INFO - Setting next_dagrun for example_subdag_operator.section-1 to None, run_after=None
[2023-05-26T19:48:09.358+0400] {logging_mixin.py:149} INFO - [2023-05-26T19:48:09.358+0400] {dag.py:3486} INFO - Setting next_dagrun for example_subdag_operator.section-2 to None, run_after=None
[2023-05-26T19:48:09.365+0400] {logging_mixin.py:149} INFO - [2023-05-26T19:48:09.364+0400] {dag.py:2726} INFO - Sync 2 DAGs
[2023-05-26T19:48:09.369+0400] {logging_mixin.py:149} INFO - [2023-05-26T19:48:09.368+0400] {dag.py:3486} INFO - Setting next_dagrun for example_subdag_operator.section-1 to None, run_after=None
[2023-05-26T19:48:09.369+0400] {logging_mixin.py:149} INFO - [2023-05-26T19:48:09.369+0400] {dag.py:3486} INFO - Setting next_dagrun for example_subdag_operator.section-2 to None, run_after=None
[2023-05-26T19:48:09.392+0400] {processor.py:179} INFO - Processing /home/chinnu/.local/lib/python3.10/site-packages/airflow/example_dags/example_subdag_operator.py took 0.163 seconds
[2023-05-26T21:05:30.769+0400] {processor.py:157} INFO - Started process (PID=75) to work on /home/chinnu/.local/lib/python3.10/site-packages/airflow/example_dags/example_subdag_operator.py
[2023-05-26T21:05:30.771+0400] {processor.py:826} INFO - Processing file /home/chinnu/.local/lib/python3.10/site-packages/airflow/example_dags/example_subdag_operator.py for tasks to queue
[2023-05-26T21:05:30.773+0400] {logging_mixin.py:149} INFO - [2023-05-26T21:05:30.772+0400] {dagbag.py:541} INFO - Filling up the DagBag from /home/chinnu/.local/lib/python3.10/site-packages/airflow/example_dags/example_subdag_operator.py
[2023-05-26T21:05:30.822+0400] {processor.py:836} INFO - DAG(s) dict_keys(['example_subdag_operator.section-1', 'example_subdag_operator.section-2', 'example_subdag_operator']) retrieved from /home/chinnu/.local/lib/python3.10/site-packages/airflow/example_dags/example_subdag_operator.py
[2023-05-26T21:05:30.866+0400] {logging_mixin.py:149} INFO - [2023-05-26T21:05:30.866+0400] {dag.py:2726} INFO - Sync 3 DAGs
[2023-05-26T21:05:30.898+0400] {logging_mixin.py:149} INFO - [2023-05-26T21:05:30.898+0400] {dag.py:3486} INFO - Setting next_dagrun for example_subdag_operator to 2022-01-01T00:00:00+00:00, run_after=2022-01-01T00:00:00+00:00
[2023-05-26T21:05:30.903+0400] {logging_mixin.py:149} INFO - [2023-05-26T21:05:30.902+0400] {dag.py:3486} INFO - Setting next_dagrun for example_subdag_operator.section-1 to None, run_after=None
[2023-05-26T21:05:30.904+0400] {logging_mixin.py:149} INFO - [2023-05-26T21:05:30.904+0400] {dag.py:3486} INFO - Setting next_dagrun for example_subdag_operator.section-2 to None, run_after=None
[2023-05-26T21:05:30.914+0400] {logging_mixin.py:149} INFO - [2023-05-26T21:05:30.914+0400] {dag.py:2726} INFO - Sync 2 DAGs
[2023-05-26T21:05:30.920+0400] {logging_mixin.py:149} INFO - [2023-05-26T21:05:30.920+0400] {dag.py:3486} INFO - Setting next_dagrun for example_subdag_operator.section-1 to None, run_after=None
[2023-05-26T21:05:30.920+0400] {logging_mixin.py:149} INFO - [2023-05-26T21:05:30.920+0400] {dag.py:3486} INFO - Setting next_dagrun for example_subdag_operator.section-2 to None, run_after=None
[2023-05-26T21:05:30.948+0400] {processor.py:179} INFO - Processing /home/chinnu/.local/lib/python3.10/site-packages/airflow/example_dags/example_subdag_operator.py took 0.188 seconds
[2023-05-26T21:06:35.411+0400] {processor.py:157} INFO - Started process (PID=143) to work on /home/chinnu/.local/lib/python3.10/site-packages/airflow/example_dags/example_subdag_operator.py
[2023-05-26T21:06:35.414+0400] {processor.py:826} INFO - Processing file /home/chinnu/.local/lib/python3.10/site-packages/airflow/example_dags/example_subdag_operator.py for tasks to queue
[2023-05-26T21:06:35.416+0400] {logging_mixin.py:149} INFO - [2023-05-26T21:06:35.416+0400] {dagbag.py:541} INFO - Filling up the DagBag from /home/chinnu/.local/lib/python3.10/site-packages/airflow/example_dags/example_subdag_operator.py
[2023-05-26T21:06:35.466+0400] {processor.py:836} INFO - DAG(s) dict_keys(['example_subdag_operator.section-1', 'example_subdag_operator.section-2', 'example_subdag_operator']) retrieved from /home/chinnu/.local/lib/python3.10/site-packages/airflow/example_dags/example_subdag_operator.py
[2023-05-26T21:06:35.496+0400] {logging_mixin.py:149} INFO - [2023-05-26T21:06:35.496+0400] {dag.py:2726} INFO - Sync 3 DAGs
[2023-05-26T21:06:35.665+0400] {logging_mixin.py:149} INFO - [2023-05-26T21:06:35.665+0400] {dag.py:3486} INFO - Setting next_dagrun for example_subdag_operator to 2022-01-01T00:00:00+00:00, run_after=2022-01-01T00:00:00+00:00
[2023-05-26T21:06:35.669+0400] {logging_mixin.py:149} INFO - [2023-05-26T21:06:35.668+0400] {dag.py:3486} INFO - Setting next_dagrun for example_subdag_operator.section-1 to None, run_after=None
[2023-05-26T21:06:35.669+0400] {logging_mixin.py:149} INFO - [2023-05-26T21:06:35.669+0400] {dag.py:3486} INFO - Setting next_dagrun for example_subdag_operator.section-2 to None, run_after=None
[2023-05-26T21:06:35.676+0400] {logging_mixin.py:149} INFO - [2023-05-26T21:06:35.676+0400] {dag.py:2726} INFO - Sync 2 DAGs
[2023-05-26T21:06:35.679+0400] {logging_mixin.py:149} INFO - [2023-05-26T21:06:35.679+0400] {dag.py:3486} INFO - Setting next_dagrun for example_subdag_operator.section-1 to None, run_after=None
[2023-05-26T21:06:35.680+0400] {logging_mixin.py:149} INFO - [2023-05-26T21:06:35.680+0400] {dag.py:3486} INFO - Setting next_dagrun for example_subdag_operator.section-2 to None, run_after=None
[2023-05-26T21:06:35.696+0400] {processor.py:179} INFO - Processing /home/chinnu/.local/lib/python3.10/site-packages/airflow/example_dags/example_subdag_operator.py took 0.298 seconds
[2023-05-26T21:10:38.011+0400] {processor.py:157} INFO - Started process (PID=1911) to work on /home/chinnu/.local/lib/python3.10/site-packages/airflow/example_dags/example_subdag_operator.py
[2023-05-26T21:10:38.014+0400] {processor.py:826} INFO - Processing file /home/chinnu/.local/lib/python3.10/site-packages/airflow/example_dags/example_subdag_operator.py for tasks to queue
[2023-05-26T21:10:38.016+0400] {logging_mixin.py:149} INFO - [2023-05-26T21:10:38.016+0400] {dagbag.py:541} INFO - Filling up the DagBag from /home/chinnu/.local/lib/python3.10/site-packages/airflow/example_dags/example_subdag_operator.py
[2023-05-26T21:10:38.069+0400] {processor.py:836} INFO - DAG(s) dict_keys(['example_subdag_operator.section-1', 'example_subdag_operator.section-2', 'example_subdag_operator']) retrieved from /home/chinnu/.local/lib/python3.10/site-packages/airflow/example_dags/example_subdag_operator.py
[2023-05-26T21:10:38.098+0400] {logging_mixin.py:149} INFO - [2023-05-26T21:10:38.098+0400] {dag.py:2726} INFO - Sync 3 DAGs
[2023-05-26T21:10:38.120+0400] {logging_mixin.py:149} INFO - [2023-05-26T21:10:38.119+0400] {dag.py:3486} INFO - Setting next_dagrun for example_subdag_operator to 2022-01-01T00:00:00+00:00, run_after=2022-01-01T00:00:00+00:00
[2023-05-26T21:10:38.123+0400] {logging_mixin.py:149} INFO - [2023-05-26T21:10:38.123+0400] {dag.py:3486} INFO - Setting next_dagrun for example_subdag_operator.section-1 to None, run_after=None
[2023-05-26T21:10:38.124+0400] {logging_mixin.py:149} INFO - [2023-05-26T21:10:38.124+0400] {dag.py:3486} INFO - Setting next_dagrun for example_subdag_operator.section-2 to None, run_after=None
[2023-05-26T21:10:38.130+0400] {logging_mixin.py:149} INFO - [2023-05-26T21:10:38.130+0400] {dag.py:2726} INFO - Sync 2 DAGs
[2023-05-26T21:10:38.134+0400] {logging_mixin.py:149} INFO - [2023-05-26T21:10:38.134+0400] {dag.py:3486} INFO - Setting next_dagrun for example_subdag_operator.section-1 to None, run_after=None
[2023-05-26T21:10:38.134+0400] {logging_mixin.py:149} INFO - [2023-05-26T21:10:38.134+0400] {dag.py:3486} INFO - Setting next_dagrun for example_subdag_operator.section-2 to None, run_after=None
[2023-05-26T21:10:38.166+0400] {processor.py:179} INFO - Processing /home/chinnu/.local/lib/python3.10/site-packages/airflow/example_dags/example_subdag_operator.py took 0.168 seconds
[2023-05-26T21:11:46.886+0400] {processor.py:157} INFO - Started process (PID=1968) to work on /home/chinnu/.local/lib/python3.10/site-packages/airflow/example_dags/example_subdag_operator.py
[2023-05-26T21:11:46.889+0400] {processor.py:826} INFO - Processing file /home/chinnu/.local/lib/python3.10/site-packages/airflow/example_dags/example_subdag_operator.py for tasks to queue
[2023-05-26T21:11:46.891+0400] {logging_mixin.py:149} INFO - [2023-05-26T21:11:46.890+0400] {dagbag.py:541} INFO - Filling up the DagBag from /home/chinnu/.local/lib/python3.10/site-packages/airflow/example_dags/example_subdag_operator.py
[2023-05-26T21:11:46.970+0400] {processor.py:836} INFO - DAG(s) dict_keys(['example_subdag_operator.section-1', 'example_subdag_operator.section-2', 'example_subdag_operator']) retrieved from /home/chinnu/.local/lib/python3.10/site-packages/airflow/example_dags/example_subdag_operator.py
[2023-05-26T21:11:47.269+0400] {logging_mixin.py:149} INFO - [2023-05-26T21:11:47.268+0400] {dag.py:2726} INFO - Sync 3 DAGs
[2023-05-26T21:11:47.323+0400] {logging_mixin.py:149} INFO - [2023-05-26T21:11:47.323+0400] {dag.py:3486} INFO - Setting next_dagrun for example_subdag_operator to 2022-01-01T00:00:00+00:00, run_after=2022-01-01T00:00:00+00:00
[2023-05-26T21:11:47.333+0400] {logging_mixin.py:149} INFO - [2023-05-26T21:11:47.332+0400] {dag.py:3486} INFO - Setting next_dagrun for example_subdag_operator.section-1 to None, run_after=None
[2023-05-26T21:11:47.334+0400] {logging_mixin.py:149} INFO - [2023-05-26T21:11:47.334+0400] {dag.py:3486} INFO - Setting next_dagrun for example_subdag_operator.section-2 to None, run_after=None
[2023-05-26T21:11:47.353+0400] {logging_mixin.py:149} INFO - [2023-05-26T21:11:47.352+0400] {dag.py:2726} INFO - Sync 2 DAGs
[2023-05-26T21:11:47.363+0400] {logging_mixin.py:149} INFO - [2023-05-26T21:11:47.362+0400] {dag.py:3486} INFO - Setting next_dagrun for example_subdag_operator.section-1 to None, run_after=None
[2023-05-26T21:11:47.363+0400] {logging_mixin.py:149} INFO - [2023-05-26T21:11:47.363+0400] {dag.py:3486} INFO - Setting next_dagrun for example_subdag_operator.section-2 to None, run_after=None
[2023-05-26T21:11:47.399+0400] {processor.py:179} INFO - Processing /home/chinnu/.local/lib/python3.10/site-packages/airflow/example_dags/example_subdag_operator.py took 0.531 seconds
[2023-05-26T21:12:40.759+0400] {processor.py:157} INFO - Started process (PID=2026) to work on /home/chinnu/.local/lib/python3.10/site-packages/airflow/example_dags/example_subdag_operator.py
[2023-05-26T21:12:40.763+0400] {processor.py:826} INFO - Processing file /home/chinnu/.local/lib/python3.10/site-packages/airflow/example_dags/example_subdag_operator.py for tasks to queue
[2023-05-26T21:12:40.764+0400] {logging_mixin.py:149} INFO - [2023-05-26T21:12:40.764+0400] {dagbag.py:541} INFO - Filling up the DagBag from /home/chinnu/.local/lib/python3.10/site-packages/airflow/example_dags/example_subdag_operator.py
[2023-05-26T21:12:40.873+0400] {processor.py:836} INFO - DAG(s) dict_keys(['example_subdag_operator.section-1', 'example_subdag_operator.section-2', 'example_subdag_operator']) retrieved from /home/chinnu/.local/lib/python3.10/site-packages/airflow/example_dags/example_subdag_operator.py
[2023-05-26T21:12:41.405+0400] {logging_mixin.py:149} INFO - [2023-05-26T21:12:41.404+0400] {dag.py:2726} INFO - Sync 3 DAGs
[2023-05-26T21:12:41.447+0400] {logging_mixin.py:149} INFO - [2023-05-26T21:12:41.447+0400] {dag.py:3486} INFO - Setting next_dagrun for example_subdag_operator to 2022-01-01T00:00:00+00:00, run_after=2022-01-01T00:00:00+00:00
[2023-05-26T21:12:41.457+0400] {logging_mixin.py:149} INFO - [2023-05-26T21:12:41.457+0400] {dag.py:3486} INFO - Setting next_dagrun for example_subdag_operator.section-1 to None, run_after=None
[2023-05-26T21:12:41.459+0400] {logging_mixin.py:149} INFO - [2023-05-26T21:12:41.459+0400] {dag.py:3486} INFO - Setting next_dagrun for example_subdag_operator.section-2 to None, run_after=None
[2023-05-26T21:12:41.473+0400] {logging_mixin.py:149} INFO - [2023-05-26T21:12:41.473+0400] {dag.py:2726} INFO - Sync 2 DAGs
[2023-05-26T21:12:41.484+0400] {logging_mixin.py:149} INFO - [2023-05-26T21:12:41.483+0400] {dag.py:3486} INFO - Setting next_dagrun for example_subdag_operator.section-1 to None, run_after=None
[2023-05-26T21:12:41.485+0400] {logging_mixin.py:149} INFO - [2023-05-26T21:12:41.484+0400] {dag.py:3486} INFO - Setting next_dagrun for example_subdag_operator.section-2 to None, run_after=None
[2023-05-26T21:12:41.546+0400] {processor.py:179} INFO - Processing /home/chinnu/.local/lib/python3.10/site-packages/airflow/example_dags/example_subdag_operator.py took 0.799 seconds
[2023-05-26T21:13:24.157+0400] {processor.py:157} INFO - Started process (PID=2076) to work on /home/chinnu/.local/lib/python3.10/site-packages/airflow/example_dags/example_subdag_operator.py
[2023-05-26T21:13:24.160+0400] {processor.py:826} INFO - Processing file /home/chinnu/.local/lib/python3.10/site-packages/airflow/example_dags/example_subdag_operator.py for tasks to queue
[2023-05-26T21:13:24.161+0400] {logging_mixin.py:149} INFO - [2023-05-26T21:13:24.161+0400] {dagbag.py:541} INFO - Filling up the DagBag from /home/chinnu/.local/lib/python3.10/site-packages/airflow/example_dags/example_subdag_operator.py
[2023-05-26T21:13:24.203+0400] {processor.py:836} INFO - DAG(s) dict_keys(['example_subdag_operator.section-1', 'example_subdag_operator.section-2', 'example_subdag_operator']) retrieved from /home/chinnu/.local/lib/python3.10/site-packages/airflow/example_dags/example_subdag_operator.py
[2023-05-26T21:13:24.229+0400] {logging_mixin.py:149} INFO - [2023-05-26T21:13:24.229+0400] {dag.py:2726} INFO - Sync 3 DAGs
[2023-05-26T21:13:24.252+0400] {logging_mixin.py:149} INFO - [2023-05-26T21:13:24.252+0400] {dag.py:3486} INFO - Setting next_dagrun for example_subdag_operator to 2022-01-01T00:00:00+00:00, run_after=2022-01-01T00:00:00+00:00
[2023-05-26T21:13:24.255+0400] {logging_mixin.py:149} INFO - [2023-05-26T21:13:24.255+0400] {dag.py:3486} INFO - Setting next_dagrun for example_subdag_operator.section-1 to None, run_after=None
[2023-05-26T21:13:24.256+0400] {logging_mixin.py:149} INFO - [2023-05-26T21:13:24.256+0400] {dag.py:3486} INFO - Setting next_dagrun for example_subdag_operator.section-2 to None, run_after=None
[2023-05-26T21:13:24.263+0400] {logging_mixin.py:149} INFO - [2023-05-26T21:13:24.263+0400] {dag.py:2726} INFO - Sync 2 DAGs
[2023-05-26T21:13:24.267+0400] {logging_mixin.py:149} INFO - [2023-05-26T21:13:24.267+0400] {dag.py:3486} INFO - Setting next_dagrun for example_subdag_operator.section-1 to None, run_after=None
[2023-05-26T21:13:24.267+0400] {logging_mixin.py:149} INFO - [2023-05-26T21:13:24.267+0400] {dag.py:3486} INFO - Setting next_dagrun for example_subdag_operator.section-2 to None, run_after=None
[2023-05-26T21:13:24.301+0400] {processor.py:179} INFO - Processing /home/chinnu/.local/lib/python3.10/site-packages/airflow/example_dags/example_subdag_operator.py took 0.152 seconds
[2023-05-26T21:14:10.470+0400] {processor.py:157} INFO - Started process (PID=2129) to work on /home/chinnu/.local/lib/python3.10/site-packages/airflow/example_dags/example_subdag_operator.py
[2023-05-26T21:14:10.473+0400] {processor.py:826} INFO - Processing file /home/chinnu/.local/lib/python3.10/site-packages/airflow/example_dags/example_subdag_operator.py for tasks to queue
[2023-05-26T21:14:10.475+0400] {logging_mixin.py:149} INFO - [2023-05-26T21:14:10.474+0400] {dagbag.py:541} INFO - Filling up the DagBag from /home/chinnu/.local/lib/python3.10/site-packages/airflow/example_dags/example_subdag_operator.py
[2023-05-26T21:14:10.554+0400] {processor.py:836} INFO - DAG(s) dict_keys(['example_subdag_operator.section-1', 'example_subdag_operator.section-2', 'example_subdag_operator']) retrieved from /home/chinnu/.local/lib/python3.10/site-packages/airflow/example_dags/example_subdag_operator.py
[2023-05-26T21:14:10.596+0400] {logging_mixin.py:149} INFO - [2023-05-26T21:14:10.596+0400] {dag.py:2726} INFO - Sync 3 DAGs
[2023-05-26T21:14:10.618+0400] {logging_mixin.py:149} INFO - [2023-05-26T21:14:10.618+0400] {dag.py:3486} INFO - Setting next_dagrun for example_subdag_operator to 2022-01-01T00:00:00+00:00, run_after=2022-01-01T00:00:00+00:00
[2023-05-26T21:14:10.622+0400] {logging_mixin.py:149} INFO - [2023-05-26T21:14:10.622+0400] {dag.py:3486} INFO - Setting next_dagrun for example_subdag_operator.section-1 to None, run_after=None
[2023-05-26T21:14:10.623+0400] {logging_mixin.py:149} INFO - [2023-05-26T21:14:10.623+0400] {dag.py:3486} INFO - Setting next_dagrun for example_subdag_operator.section-2 to None, run_after=None
[2023-05-26T21:14:10.630+0400] {logging_mixin.py:149} INFO - [2023-05-26T21:14:10.630+0400] {dag.py:2726} INFO - Sync 2 DAGs
[2023-05-26T21:14:10.634+0400] {logging_mixin.py:149} INFO - [2023-05-26T21:14:10.634+0400] {dag.py:3486} INFO - Setting next_dagrun for example_subdag_operator.section-1 to None, run_after=None
[2023-05-26T21:14:10.634+0400] {logging_mixin.py:149} INFO - [2023-05-26T21:14:10.634+0400] {dag.py:3486} INFO - Setting next_dagrun for example_subdag_operator.section-2 to None, run_after=None
[2023-05-26T21:14:10.657+0400] {processor.py:179} INFO - Processing /home/chinnu/.local/lib/python3.10/site-packages/airflow/example_dags/example_subdag_operator.py took 0.200 seconds
[2023-05-26T21:14:51.288+0400] {processor.py:157} INFO - Started process (PID=2185) to work on /home/chinnu/.local/lib/python3.10/site-packages/airflow/example_dags/example_subdag_operator.py
[2023-05-26T21:14:51.291+0400] {processor.py:826} INFO - Processing file /home/chinnu/.local/lib/python3.10/site-packages/airflow/example_dags/example_subdag_operator.py for tasks to queue
[2023-05-26T21:14:51.292+0400] {logging_mixin.py:149} INFO - [2023-05-26T21:14:51.292+0400] {dagbag.py:541} INFO - Filling up the DagBag from /home/chinnu/.local/lib/python3.10/site-packages/airflow/example_dags/example_subdag_operator.py
[2023-05-26T21:14:51.353+0400] {processor.py:836} INFO - DAG(s) dict_keys(['example_subdag_operator.section-1', 'example_subdag_operator.section-2', 'example_subdag_operator']) retrieved from /home/chinnu/.local/lib/python3.10/site-packages/airflow/example_dags/example_subdag_operator.py
[2023-05-26T21:14:51.403+0400] {logging_mixin.py:149} INFO - [2023-05-26T21:14:51.403+0400] {dag.py:2726} INFO - Sync 3 DAGs
[2023-05-26T21:14:51.445+0400] {logging_mixin.py:149} INFO - [2023-05-26T21:14:51.444+0400] {dag.py:3486} INFO - Setting next_dagrun for example_subdag_operator to 2022-01-01T00:00:00+00:00, run_after=2022-01-01T00:00:00+00:00
[2023-05-26T21:14:51.452+0400] {logging_mixin.py:149} INFO - [2023-05-26T21:14:51.451+0400] {dag.py:3486} INFO - Setting next_dagrun for example_subdag_operator.section-1 to None, run_after=None
[2023-05-26T21:14:51.454+0400] {logging_mixin.py:149} INFO - [2023-05-26T21:14:51.453+0400] {dag.py:3486} INFO - Setting next_dagrun for example_subdag_operator.section-2 to None, run_after=None
[2023-05-26T21:14:51.467+0400] {logging_mixin.py:149} INFO - [2023-05-26T21:14:51.467+0400] {dag.py:2726} INFO - Sync 2 DAGs
[2023-05-26T21:14:51.474+0400] {logging_mixin.py:149} INFO - [2023-05-26T21:14:51.474+0400] {dag.py:3486} INFO - Setting next_dagrun for example_subdag_operator.section-1 to None, run_after=None
[2023-05-26T21:14:51.475+0400] {logging_mixin.py:149} INFO - [2023-05-26T21:14:51.474+0400] {dag.py:3486} INFO - Setting next_dagrun for example_subdag_operator.section-2 to None, run_after=None
[2023-05-26T21:14:51.509+0400] {processor.py:179} INFO - Processing /home/chinnu/.local/lib/python3.10/site-packages/airflow/example_dags/example_subdag_operator.py took 0.234 seconds
[2023-05-26T21:15:29.755+0400] {processor.py:157} INFO - Started process (PID=9425) to work on /home/chinnu/.local/lib/python3.10/site-packages/airflow/example_dags/example_subdag_operator.py
[2023-05-26T21:15:29.757+0400] {processor.py:826} INFO - Processing file /home/chinnu/.local/lib/python3.10/site-packages/airflow/example_dags/example_subdag_operator.py for tasks to queue
[2023-05-26T21:15:29.759+0400] {logging_mixin.py:149} INFO - [2023-05-26T21:15:29.758+0400] {dagbag.py:541} INFO - Filling up the DagBag from /home/chinnu/.local/lib/python3.10/site-packages/airflow/example_dags/example_subdag_operator.py
[2023-05-26T21:15:29.815+0400] {processor.py:836} INFO - DAG(s) dict_keys(['example_subdag_operator.section-1', 'example_subdag_operator.section-2', 'example_subdag_operator']) retrieved from /home/chinnu/.local/lib/python3.10/site-packages/airflow/example_dags/example_subdag_operator.py
[2023-05-26T21:15:29.857+0400] {logging_mixin.py:149} INFO - [2023-05-26T21:15:29.856+0400] {dag.py:2726} INFO - Sync 3 DAGs
[2023-05-26T21:15:29.890+0400] {logging_mixin.py:149} INFO - [2023-05-26T21:15:29.890+0400] {dag.py:3486} INFO - Setting next_dagrun for example_subdag_operator to 2022-01-01T00:00:00+00:00, run_after=2022-01-01T00:00:00+00:00
[2023-05-26T21:15:29.894+0400] {logging_mixin.py:149} INFO - [2023-05-26T21:15:29.893+0400] {dag.py:3486} INFO - Setting next_dagrun for example_subdag_operator.section-1 to None, run_after=None
[2023-05-26T21:15:29.894+0400] {logging_mixin.py:149} INFO - [2023-05-26T21:15:29.894+0400] {dag.py:3486} INFO - Setting next_dagrun for example_subdag_operator.section-2 to None, run_after=None
[2023-05-26T21:15:29.902+0400] {logging_mixin.py:149} INFO - [2023-05-26T21:15:29.902+0400] {dag.py:2726} INFO - Sync 2 DAGs
[2023-05-26T21:15:29.906+0400] {logging_mixin.py:149} INFO - [2023-05-26T21:15:29.906+0400] {dag.py:3486} INFO - Setting next_dagrun for example_subdag_operator.section-1 to None, run_after=None
[2023-05-26T21:15:29.907+0400] {logging_mixin.py:149} INFO - [2023-05-26T21:15:29.906+0400] {dag.py:3486} INFO - Setting next_dagrun for example_subdag_operator.section-2 to None, run_after=None
[2023-05-26T21:15:29.930+0400] {processor.py:179} INFO - Processing /home/chinnu/.local/lib/python3.10/site-packages/airflow/example_dags/example_subdag_operator.py took 0.184 seconds
[2023-05-26T21:16:06.809+0400] {processor.py:157} INFO - Started process (PID=9481) to work on /home/chinnu/.local/lib/python3.10/site-packages/airflow/example_dags/example_subdag_operator.py
[2023-05-26T21:16:06.813+0400] {processor.py:826} INFO - Processing file /home/chinnu/.local/lib/python3.10/site-packages/airflow/example_dags/example_subdag_operator.py for tasks to queue
[2023-05-26T21:16:06.815+0400] {logging_mixin.py:149} INFO - [2023-05-26T21:16:06.814+0400] {dagbag.py:541} INFO - Filling up the DagBag from /home/chinnu/.local/lib/python3.10/site-packages/airflow/example_dags/example_subdag_operator.py
[2023-05-26T21:16:06.885+0400] {processor.py:836} INFO - DAG(s) dict_keys(['example_subdag_operator.section-1', 'example_subdag_operator.section-2', 'example_subdag_operator']) retrieved from /home/chinnu/.local/lib/python3.10/site-packages/airflow/example_dags/example_subdag_operator.py
[2023-05-26T21:16:06.916+0400] {logging_mixin.py:149} INFO - [2023-05-26T21:16:06.916+0400] {dag.py:2726} INFO - Sync 3 DAGs
[2023-05-26T21:16:06.938+0400] {logging_mixin.py:149} INFO - [2023-05-26T21:16:06.938+0400] {dag.py:3486} INFO - Setting next_dagrun for example_subdag_operator to 2022-01-01T00:00:00+00:00, run_after=2022-01-01T00:00:00+00:00
[2023-05-26T21:16:06.942+0400] {logging_mixin.py:149} INFO - [2023-05-26T21:16:06.941+0400] {dag.py:3486} INFO - Setting next_dagrun for example_subdag_operator.section-1 to None, run_after=None
[2023-05-26T21:16:06.943+0400] {logging_mixin.py:149} INFO - [2023-05-26T21:16:06.942+0400] {dag.py:3486} INFO - Setting next_dagrun for example_subdag_operator.section-2 to None, run_after=None
[2023-05-26T21:16:06.950+0400] {logging_mixin.py:149} INFO - [2023-05-26T21:16:06.949+0400] {dag.py:2726} INFO - Sync 2 DAGs
[2023-05-26T21:16:06.953+0400] {logging_mixin.py:149} INFO - [2023-05-26T21:16:06.953+0400] {dag.py:3486} INFO - Setting next_dagrun for example_subdag_operator.section-1 to None, run_after=None
[2023-05-26T21:16:06.953+0400] {logging_mixin.py:149} INFO - [2023-05-26T21:16:06.953+0400] {dag.py:3486} INFO - Setting next_dagrun for example_subdag_operator.section-2 to None, run_after=None
[2023-05-26T21:16:06.976+0400] {processor.py:179} INFO - Processing /home/chinnu/.local/lib/python3.10/site-packages/airflow/example_dags/example_subdag_operator.py took 0.180 seconds
[2023-05-26T21:17:21.031+0400] {processor.py:157} INFO - Started process (PID=16759) to work on /home/chinnu/.local/lib/python3.10/site-packages/airflow/example_dags/example_subdag_operator.py
[2023-05-26T21:17:21.033+0400] {processor.py:826} INFO - Processing file /home/chinnu/.local/lib/python3.10/site-packages/airflow/example_dags/example_subdag_operator.py for tasks to queue
[2023-05-26T21:17:21.035+0400] {logging_mixin.py:149} INFO - [2023-05-26T21:17:21.034+0400] {dagbag.py:541} INFO - Filling up the DagBag from /home/chinnu/.local/lib/python3.10/site-packages/airflow/example_dags/example_subdag_operator.py
[2023-05-26T21:17:21.084+0400] {processor.py:836} INFO - DAG(s) dict_keys(['example_subdag_operator.section-1', 'example_subdag_operator.section-2', 'example_subdag_operator']) retrieved from /home/chinnu/.local/lib/python3.10/site-packages/airflow/example_dags/example_subdag_operator.py
[2023-05-26T21:17:21.122+0400] {logging_mixin.py:149} INFO - [2023-05-26T21:17:21.122+0400] {dag.py:2726} INFO - Sync 3 DAGs
[2023-05-26T21:17:21.155+0400] {logging_mixin.py:149} INFO - [2023-05-26T21:17:21.155+0400] {dag.py:3486} INFO - Setting next_dagrun for example_subdag_operator to 2022-01-01T00:00:00+00:00, run_after=2022-01-01T00:00:00+00:00
[2023-05-26T21:17:21.158+0400] {logging_mixin.py:149} INFO - [2023-05-26T21:17:21.158+0400] {dag.py:3486} INFO - Setting next_dagrun for example_subdag_operator.section-1 to None, run_after=None
[2023-05-26T21:17:21.159+0400] {logging_mixin.py:149} INFO - [2023-05-26T21:17:21.159+0400] {dag.py:3486} INFO - Setting next_dagrun for example_subdag_operator.section-2 to None, run_after=None
[2023-05-26T21:17:21.166+0400] {logging_mixin.py:149} INFO - [2023-05-26T21:17:21.166+0400] {dag.py:2726} INFO - Sync 2 DAGs
[2023-05-26T21:17:21.170+0400] {logging_mixin.py:149} INFO - [2023-05-26T21:17:21.170+0400] {dag.py:3486} INFO - Setting next_dagrun for example_subdag_operator.section-1 to None, run_after=None
[2023-05-26T21:17:21.170+0400] {logging_mixin.py:149} INFO - [2023-05-26T21:17:21.170+0400] {dag.py:3486} INFO - Setting next_dagrun for example_subdag_operator.section-2 to None, run_after=None
[2023-05-26T21:17:21.187+0400] {processor.py:179} INFO - Processing /home/chinnu/.local/lib/python3.10/site-packages/airflow/example_dags/example_subdag_operator.py took 0.164 seconds
[2023-05-26T21:18:57.851+0400] {processor.py:157} INFO - Started process (PID=16847) to work on /home/chinnu/.local/lib/python3.10/site-packages/airflow/example_dags/example_subdag_operator.py
[2023-05-26T21:18:57.854+0400] {processor.py:826} INFO - Processing file /home/chinnu/.local/lib/python3.10/site-packages/airflow/example_dags/example_subdag_operator.py for tasks to queue
[2023-05-26T21:18:57.855+0400] {logging_mixin.py:149} INFO - [2023-05-26T21:18:57.855+0400] {dagbag.py:541} INFO - Filling up the DagBag from /home/chinnu/.local/lib/python3.10/site-packages/airflow/example_dags/example_subdag_operator.py
[2023-05-26T21:18:57.898+0400] {processor.py:836} INFO - DAG(s) dict_keys(['example_subdag_operator.section-1', 'example_subdag_operator.section-2', 'example_subdag_operator']) retrieved from /home/chinnu/.local/lib/python3.10/site-packages/airflow/example_dags/example_subdag_operator.py
[2023-05-26T21:18:57.926+0400] {logging_mixin.py:149} INFO - [2023-05-26T21:18:57.926+0400] {dag.py:2726} INFO - Sync 3 DAGs
[2023-05-26T21:18:57.948+0400] {logging_mixin.py:149} INFO - [2023-05-26T21:18:57.948+0400] {dag.py:3486} INFO - Setting next_dagrun for example_subdag_operator to 2022-01-01T00:00:00+00:00, run_after=2022-01-01T00:00:00+00:00
[2023-05-26T21:18:57.952+0400] {logging_mixin.py:149} INFO - [2023-05-26T21:18:57.952+0400] {dag.py:3486} INFO - Setting next_dagrun for example_subdag_operator.section-1 to None, run_after=None
[2023-05-26T21:18:57.953+0400] {logging_mixin.py:149} INFO - [2023-05-26T21:18:57.953+0400] {dag.py:3486} INFO - Setting next_dagrun for example_subdag_operator.section-2 to None, run_after=None
[2023-05-26T21:18:57.960+0400] {logging_mixin.py:149} INFO - [2023-05-26T21:18:57.960+0400] {dag.py:2726} INFO - Sync 2 DAGs
[2023-05-26T21:18:57.964+0400] {logging_mixin.py:149} INFO - [2023-05-26T21:18:57.964+0400] {dag.py:3486} INFO - Setting next_dagrun for example_subdag_operator.section-1 to None, run_after=None
[2023-05-26T21:18:57.964+0400] {logging_mixin.py:149} INFO - [2023-05-26T21:18:57.964+0400] {dag.py:3486} INFO - Setting next_dagrun for example_subdag_operator.section-2 to None, run_after=None
[2023-05-26T21:18:57.981+0400] {processor.py:179} INFO - Processing /home/chinnu/.local/lib/python3.10/site-packages/airflow/example_dags/example_subdag_operator.py took 0.139 seconds
[2023-05-26T21:19:43.521+0400] {processor.py:157} INFO - Started process (PID=16898) to work on /home/chinnu/.local/lib/python3.10/site-packages/airflow/example_dags/example_subdag_operator.py
[2023-05-26T21:19:43.525+0400] {processor.py:826} INFO - Processing file /home/chinnu/.local/lib/python3.10/site-packages/airflow/example_dags/example_subdag_operator.py for tasks to queue
[2023-05-26T21:19:43.529+0400] {logging_mixin.py:149} INFO - [2023-05-26T21:19:43.528+0400] {dagbag.py:541} INFO - Filling up the DagBag from /home/chinnu/.local/lib/python3.10/site-packages/airflow/example_dags/example_subdag_operator.py
[2023-05-26T21:19:43.588+0400] {processor.py:836} INFO - DAG(s) dict_keys(['example_subdag_operator.section-1', 'example_subdag_operator.section-2', 'example_subdag_operator']) retrieved from /home/chinnu/.local/lib/python3.10/site-packages/airflow/example_dags/example_subdag_operator.py
[2023-05-26T21:19:43.881+0400] {logging_mixin.py:149} INFO - [2023-05-26T21:19:43.881+0400] {dag.py:2726} INFO - Sync 3 DAGs
[2023-05-26T21:19:43.910+0400] {logging_mixin.py:149} INFO - [2023-05-26T21:19:43.910+0400] {dag.py:3486} INFO - Setting next_dagrun for example_subdag_operator to 2022-01-01T00:00:00+00:00, run_after=2022-01-01T00:00:00+00:00
[2023-05-26T21:19:43.914+0400] {logging_mixin.py:149} INFO - [2023-05-26T21:19:43.914+0400] {dag.py:3486} INFO - Setting next_dagrun for example_subdag_operator.section-1 to None, run_after=None
[2023-05-26T21:19:43.915+0400] {logging_mixin.py:149} INFO - [2023-05-26T21:19:43.915+0400] {dag.py:3486} INFO - Setting next_dagrun for example_subdag_operator.section-2 to None, run_after=None
[2023-05-26T21:19:43.922+0400] {logging_mixin.py:149} INFO - [2023-05-26T21:19:43.922+0400] {dag.py:2726} INFO - Sync 2 DAGs
[2023-05-26T21:19:43.929+0400] {logging_mixin.py:149} INFO - [2023-05-26T21:19:43.929+0400] {dag.py:3486} INFO - Setting next_dagrun for example_subdag_operator.section-1 to None, run_after=None
[2023-05-26T21:19:43.929+0400] {logging_mixin.py:149} INFO - [2023-05-26T21:19:43.929+0400] {dag.py:3486} INFO - Setting next_dagrun for example_subdag_operator.section-2 to None, run_after=None
[2023-05-26T21:19:43.947+0400] {processor.py:179} INFO - Processing /home/chinnu/.local/lib/python3.10/site-packages/airflow/example_dags/example_subdag_operator.py took 0.438 seconds
[2023-05-26T21:20:55.119+0400] {processor.py:157} INFO - Started process (PID=16980) to work on /home/chinnu/.local/lib/python3.10/site-packages/airflow/example_dags/example_subdag_operator.py
[2023-05-26T21:20:55.121+0400] {processor.py:826} INFO - Processing file /home/chinnu/.local/lib/python3.10/site-packages/airflow/example_dags/example_subdag_operator.py for tasks to queue
[2023-05-26T21:20:55.122+0400] {logging_mixin.py:149} INFO - [2023-05-26T21:20:55.122+0400] {dagbag.py:541} INFO - Filling up the DagBag from /home/chinnu/.local/lib/python3.10/site-packages/airflow/example_dags/example_subdag_operator.py
[2023-05-26T21:20:55.180+0400] {processor.py:836} INFO - DAG(s) dict_keys(['example_subdag_operator.section-1', 'example_subdag_operator.section-2', 'example_subdag_operator']) retrieved from /home/chinnu/.local/lib/python3.10/site-packages/airflow/example_dags/example_subdag_operator.py
[2023-05-26T21:20:55.218+0400] {logging_mixin.py:149} INFO - [2023-05-26T21:20:55.217+0400] {dag.py:2726} INFO - Sync 3 DAGs
[2023-05-26T21:20:55.243+0400] {logging_mixin.py:149} INFO - [2023-05-26T21:20:55.243+0400] {dag.py:3486} INFO - Setting next_dagrun for example_subdag_operator to 2022-01-01T00:00:00+00:00, run_after=2022-01-01T00:00:00+00:00
[2023-05-26T21:20:55.246+0400] {logging_mixin.py:149} INFO - [2023-05-26T21:20:55.246+0400] {dag.py:3486} INFO - Setting next_dagrun for example_subdag_operator.section-1 to None, run_after=None
[2023-05-26T21:20:55.248+0400] {logging_mixin.py:149} INFO - [2023-05-26T21:20:55.247+0400] {dag.py:3486} INFO - Setting next_dagrun for example_subdag_operator.section-2 to None, run_after=None
[2023-05-26T21:20:55.257+0400] {logging_mixin.py:149} INFO - [2023-05-26T21:20:55.257+0400] {dag.py:2726} INFO - Sync 2 DAGs
[2023-05-26T21:20:55.261+0400] {logging_mixin.py:149} INFO - [2023-05-26T21:20:55.260+0400] {dag.py:3486} INFO - Setting next_dagrun for example_subdag_operator.section-1 to None, run_after=None
[2023-05-26T21:20:55.261+0400] {logging_mixin.py:149} INFO - [2023-05-26T21:20:55.261+0400] {dag.py:3486} INFO - Setting next_dagrun for example_subdag_operator.section-2 to None, run_after=None
[2023-05-26T21:20:55.285+0400] {processor.py:179} INFO - Processing /home/chinnu/.local/lib/python3.10/site-packages/airflow/example_dags/example_subdag_operator.py took 0.175 seconds
[2023-05-26T21:21:37.531+0400] {processor.py:157} INFO - Started process (PID=17030) to work on /home/chinnu/.local/lib/python3.10/site-packages/airflow/example_dags/example_subdag_operator.py
[2023-05-26T21:21:37.535+0400] {processor.py:826} INFO - Processing file /home/chinnu/.local/lib/python3.10/site-packages/airflow/example_dags/example_subdag_operator.py for tasks to queue
[2023-05-26T21:21:37.538+0400] {logging_mixin.py:149} INFO - [2023-05-26T21:21:37.537+0400] {dagbag.py:541} INFO - Filling up the DagBag from /home/chinnu/.local/lib/python3.10/site-packages/airflow/example_dags/example_subdag_operator.py
[2023-05-26T21:21:37.628+0400] {processor.py:836} INFO - DAG(s) dict_keys(['example_subdag_operator.section-1', 'example_subdag_operator.section-2', 'example_subdag_operator']) retrieved from /home/chinnu/.local/lib/python3.10/site-packages/airflow/example_dags/example_subdag_operator.py
[2023-05-26T21:21:37.665+0400] {logging_mixin.py:149} INFO - [2023-05-26T21:21:37.665+0400] {dag.py:2726} INFO - Sync 3 DAGs
[2023-05-26T21:21:37.688+0400] {logging_mixin.py:149} INFO - [2023-05-26T21:21:37.688+0400] {dag.py:3486} INFO - Setting next_dagrun for example_subdag_operator to 2022-01-01T00:00:00+00:00, run_after=2022-01-01T00:00:00+00:00
[2023-05-26T21:21:37.692+0400] {logging_mixin.py:149} INFO - [2023-05-26T21:21:37.692+0400] {dag.py:3486} INFO - Setting next_dagrun for example_subdag_operator.section-1 to None, run_after=None
[2023-05-26T21:21:37.693+0400] {logging_mixin.py:149} INFO - [2023-05-26T21:21:37.693+0400] {dag.py:3486} INFO - Setting next_dagrun for example_subdag_operator.section-2 to None, run_after=None
[2023-05-26T21:21:37.702+0400] {logging_mixin.py:149} INFO - [2023-05-26T21:21:37.702+0400] {dag.py:2726} INFO - Sync 2 DAGs
[2023-05-26T21:21:37.706+0400] {logging_mixin.py:149} INFO - [2023-05-26T21:21:37.706+0400] {dag.py:3486} INFO - Setting next_dagrun for example_subdag_operator.section-1 to None, run_after=None
[2023-05-26T21:21:37.706+0400] {logging_mixin.py:149} INFO - [2023-05-26T21:21:37.706+0400] {dag.py:3486} INFO - Setting next_dagrun for example_subdag_operator.section-2 to None, run_after=None
[2023-05-26T21:21:37.729+0400] {processor.py:179} INFO - Processing /home/chinnu/.local/lib/python3.10/site-packages/airflow/example_dags/example_subdag_operator.py took 0.212 seconds
[2023-05-26T21:22:20.088+0400] {processor.py:157} INFO - Started process (PID=17079) to work on /home/chinnu/.local/lib/python3.10/site-packages/airflow/example_dags/example_subdag_operator.py
[2023-05-26T21:22:20.090+0400] {processor.py:826} INFO - Processing file /home/chinnu/.local/lib/python3.10/site-packages/airflow/example_dags/example_subdag_operator.py for tasks to queue
[2023-05-26T21:22:20.091+0400] {logging_mixin.py:149} INFO - [2023-05-26T21:22:20.091+0400] {dagbag.py:541} INFO - Filling up the DagBag from /home/chinnu/.local/lib/python3.10/site-packages/airflow/example_dags/example_subdag_operator.py
[2023-05-26T21:22:20.145+0400] {processor.py:836} INFO - DAG(s) dict_keys(['example_subdag_operator.section-1', 'example_subdag_operator.section-2', 'example_subdag_operator']) retrieved from /home/chinnu/.local/lib/python3.10/site-packages/airflow/example_dags/example_subdag_operator.py
[2023-05-26T21:22:20.173+0400] {logging_mixin.py:149} INFO - [2023-05-26T21:22:20.173+0400] {dag.py:2726} INFO - Sync 3 DAGs
[2023-05-26T21:22:20.201+0400] {logging_mixin.py:149} INFO - [2023-05-26T21:22:20.200+0400] {dag.py:3486} INFO - Setting next_dagrun for example_subdag_operator to 2022-01-01T00:00:00+00:00, run_after=2022-01-01T00:00:00+00:00
[2023-05-26T21:22:20.205+0400] {logging_mixin.py:149} INFO - [2023-05-26T21:22:20.204+0400] {dag.py:3486} INFO - Setting next_dagrun for example_subdag_operator.section-1 to None, run_after=None
[2023-05-26T21:22:20.206+0400] {logging_mixin.py:149} INFO - [2023-05-26T21:22:20.206+0400] {dag.py:3486} INFO - Setting next_dagrun for example_subdag_operator.section-2 to None, run_after=None
[2023-05-26T21:22:20.214+0400] {logging_mixin.py:149} INFO - [2023-05-26T21:22:20.214+0400] {dag.py:2726} INFO - Sync 2 DAGs
[2023-05-26T21:22:20.223+0400] {logging_mixin.py:149} INFO - [2023-05-26T21:22:20.222+0400] {dag.py:3486} INFO - Setting next_dagrun for example_subdag_operator.section-1 to None, run_after=None
[2023-05-26T21:22:20.223+0400] {logging_mixin.py:149} INFO - [2023-05-26T21:22:20.223+0400] {dag.py:3486} INFO - Setting next_dagrun for example_subdag_operator.section-2 to None, run_after=None
[2023-05-26T21:22:20.264+0400] {processor.py:179} INFO - Processing /home/chinnu/.local/lib/python3.10/site-packages/airflow/example_dags/example_subdag_operator.py took 0.185 seconds
[2023-05-26T21:22:57.633+0400] {processor.py:157} INFO - Started process (PID=17125) to work on /home/chinnu/.local/lib/python3.10/site-packages/airflow/example_dags/example_subdag_operator.py
[2023-05-26T21:22:57.636+0400] {processor.py:826} INFO - Processing file /home/chinnu/.local/lib/python3.10/site-packages/airflow/example_dags/example_subdag_operator.py for tasks to queue
[2023-05-26T21:22:57.637+0400] {logging_mixin.py:149} INFO - [2023-05-26T21:22:57.637+0400] {dagbag.py:541} INFO - Filling up the DagBag from /home/chinnu/.local/lib/python3.10/site-packages/airflow/example_dags/example_subdag_operator.py
[2023-05-26T21:22:57.684+0400] {processor.py:836} INFO - DAG(s) dict_keys(['example_subdag_operator.section-1', 'example_subdag_operator.section-2', 'example_subdag_operator']) retrieved from /home/chinnu/.local/lib/python3.10/site-packages/airflow/example_dags/example_subdag_operator.py
[2023-05-26T21:22:57.712+0400] {logging_mixin.py:149} INFO - [2023-05-26T21:22:57.712+0400] {dag.py:2726} INFO - Sync 3 DAGs
[2023-05-26T21:22:57.735+0400] {logging_mixin.py:149} INFO - [2023-05-26T21:22:57.735+0400] {dag.py:3486} INFO - Setting next_dagrun for example_subdag_operator to 2022-01-01T00:00:00+00:00, run_after=2022-01-01T00:00:00+00:00
[2023-05-26T21:22:57.739+0400] {logging_mixin.py:149} INFO - [2023-05-26T21:22:57.739+0400] {dag.py:3486} INFO - Setting next_dagrun for example_subdag_operator.section-1 to None, run_after=None
[2023-05-26T21:22:57.740+0400] {logging_mixin.py:149} INFO - [2023-05-26T21:22:57.740+0400] {dag.py:3486} INFO - Setting next_dagrun for example_subdag_operator.section-2 to None, run_after=None
[2023-05-26T21:22:57.747+0400] {logging_mixin.py:149} INFO - [2023-05-26T21:22:57.746+0400] {dag.py:2726} INFO - Sync 2 DAGs
[2023-05-26T21:22:57.751+0400] {logging_mixin.py:149} INFO - [2023-05-26T21:22:57.751+0400] {dag.py:3486} INFO - Setting next_dagrun for example_subdag_operator.section-1 to None, run_after=None
[2023-05-26T21:22:57.751+0400] {logging_mixin.py:149} INFO - [2023-05-26T21:22:57.751+0400] {dag.py:3486} INFO - Setting next_dagrun for example_subdag_operator.section-2 to None, run_after=None
[2023-05-26T21:22:57.768+0400] {processor.py:179} INFO - Processing /home/chinnu/.local/lib/python3.10/site-packages/airflow/example_dags/example_subdag_operator.py took 0.148 seconds
[2023-05-26T21:23:37.015+0400] {processor.py:157} INFO - Started process (PID=17173) to work on /home/chinnu/.local/lib/python3.10/site-packages/airflow/example_dags/example_subdag_operator.py
[2023-05-26T21:23:37.017+0400] {processor.py:826} INFO - Processing file /home/chinnu/.local/lib/python3.10/site-packages/airflow/example_dags/example_subdag_operator.py for tasks to queue
[2023-05-26T21:23:37.018+0400] {logging_mixin.py:149} INFO - [2023-05-26T21:23:37.018+0400] {dagbag.py:541} INFO - Filling up the DagBag from /home/chinnu/.local/lib/python3.10/site-packages/airflow/example_dags/example_subdag_operator.py
[2023-05-26T21:23:37.079+0400] {processor.py:836} INFO - DAG(s) dict_keys(['example_subdag_operator.section-1', 'example_subdag_operator.section-2', 'example_subdag_operator']) retrieved from /home/chinnu/.local/lib/python3.10/site-packages/airflow/example_dags/example_subdag_operator.py
[2023-05-26T21:23:37.117+0400] {logging_mixin.py:149} INFO - [2023-05-26T21:23:37.117+0400] {dag.py:2726} INFO - Sync 3 DAGs
[2023-05-26T21:23:37.159+0400] {logging_mixin.py:149} INFO - [2023-05-26T21:23:37.159+0400] {dag.py:3486} INFO - Setting next_dagrun for example_subdag_operator to 2022-01-01T00:00:00+00:00, run_after=2022-01-01T00:00:00+00:00
[2023-05-26T21:23:37.165+0400] {logging_mixin.py:149} INFO - [2023-05-26T21:23:37.164+0400] {dag.py:3486} INFO - Setting next_dagrun for example_subdag_operator.section-1 to None, run_after=None
[2023-05-26T21:23:37.167+0400] {logging_mixin.py:149} INFO - [2023-05-26T21:23:37.167+0400] {dag.py:3486} INFO - Setting next_dagrun for example_subdag_operator.section-2 to None, run_after=None
[2023-05-26T21:23:37.181+0400] {logging_mixin.py:149} INFO - [2023-05-26T21:23:37.181+0400] {dag.py:2726} INFO - Sync 2 DAGs
[2023-05-26T21:23:37.191+0400] {logging_mixin.py:149} INFO - [2023-05-26T21:23:37.190+0400] {dag.py:3486} INFO - Setting next_dagrun for example_subdag_operator.section-1 to None, run_after=None
[2023-05-26T21:23:37.192+0400] {logging_mixin.py:149} INFO - [2023-05-26T21:23:37.191+0400] {dag.py:3486} INFO - Setting next_dagrun for example_subdag_operator.section-2 to None, run_after=None
[2023-05-26T21:23:37.233+0400] {processor.py:179} INFO - Processing /home/chinnu/.local/lib/python3.10/site-packages/airflow/example_dags/example_subdag_operator.py took 0.227 seconds
[2023-05-26T21:24:14.055+0400] {processor.py:157} INFO - Started process (PID=17217) to work on /home/chinnu/.local/lib/python3.10/site-packages/airflow/example_dags/example_subdag_operator.py
[2023-05-26T21:24:14.058+0400] {processor.py:826} INFO - Processing file /home/chinnu/.local/lib/python3.10/site-packages/airflow/example_dags/example_subdag_operator.py for tasks to queue
[2023-05-26T21:24:14.059+0400] {logging_mixin.py:149} INFO - [2023-05-26T21:24:14.059+0400] {dagbag.py:541} INFO - Filling up the DagBag from /home/chinnu/.local/lib/python3.10/site-packages/airflow/example_dags/example_subdag_operator.py
[2023-05-26T21:24:14.205+0400] {processor.py:836} INFO - DAG(s) dict_keys(['example_subdag_operator.section-1', 'example_subdag_operator.section-2', 'example_subdag_operator']) retrieved from /home/chinnu/.local/lib/python3.10/site-packages/airflow/example_dags/example_subdag_operator.py
[2023-05-26T21:24:14.249+0400] {logging_mixin.py:149} INFO - [2023-05-26T21:24:14.249+0400] {dag.py:2726} INFO - Sync 3 DAGs
[2023-05-26T21:24:14.285+0400] {logging_mixin.py:149} INFO - [2023-05-26T21:24:14.284+0400] {dag.py:3486} INFO - Setting next_dagrun for example_subdag_operator to 2022-01-01T00:00:00+00:00, run_after=2022-01-01T00:00:00+00:00
[2023-05-26T21:24:14.291+0400] {logging_mixin.py:149} INFO - [2023-05-26T21:24:14.290+0400] {dag.py:3486} INFO - Setting next_dagrun for example_subdag_operator.section-1 to None, run_after=None
[2023-05-26T21:24:14.292+0400] {logging_mixin.py:149} INFO - [2023-05-26T21:24:14.291+0400] {dag.py:3486} INFO - Setting next_dagrun for example_subdag_operator.section-2 to None, run_after=None
[2023-05-26T21:24:14.299+0400] {logging_mixin.py:149} INFO - [2023-05-26T21:24:14.298+0400] {dag.py:2726} INFO - Sync 2 DAGs
[2023-05-26T21:24:14.303+0400] {logging_mixin.py:149} INFO - [2023-05-26T21:24:14.303+0400] {dag.py:3486} INFO - Setting next_dagrun for example_subdag_operator.section-1 to None, run_after=None
[2023-05-26T21:24:14.303+0400] {logging_mixin.py:149} INFO - [2023-05-26T21:24:14.303+0400] {dag.py:3486} INFO - Setting next_dagrun for example_subdag_operator.section-2 to None, run_after=None
[2023-05-26T21:24:14.326+0400] {processor.py:179} INFO - Processing /home/chinnu/.local/lib/python3.10/site-packages/airflow/example_dags/example_subdag_operator.py took 0.278 seconds
[2023-05-26T21:24:53.364+0400] {processor.py:157} INFO - Started process (PID=17267) to work on /home/chinnu/.local/lib/python3.10/site-packages/airflow/example_dags/example_subdag_operator.py
[2023-05-26T21:24:53.365+0400] {processor.py:826} INFO - Processing file /home/chinnu/.local/lib/python3.10/site-packages/airflow/example_dags/example_subdag_operator.py for tasks to queue
[2023-05-26T21:24:53.367+0400] {logging_mixin.py:149} INFO - [2023-05-26T21:24:53.367+0400] {dagbag.py:541} INFO - Filling up the DagBag from /home/chinnu/.local/lib/python3.10/site-packages/airflow/example_dags/example_subdag_operator.py
[2023-05-26T21:24:53.402+0400] {processor.py:836} INFO - DAG(s) dict_keys(['example_subdag_operator.section-1', 'example_subdag_operator.section-2', 'example_subdag_operator']) retrieved from /home/chinnu/.local/lib/python3.10/site-packages/airflow/example_dags/example_subdag_operator.py
[2023-05-26T21:24:53.427+0400] {logging_mixin.py:149} INFO - [2023-05-26T21:24:53.427+0400] {dag.py:2726} INFO - Sync 3 DAGs
[2023-05-26T21:24:53.450+0400] {logging_mixin.py:149} INFO - [2023-05-26T21:24:53.450+0400] {dag.py:3486} INFO - Setting next_dagrun for example_subdag_operator to 2022-01-01T00:00:00+00:00, run_after=2022-01-01T00:00:00+00:00
[2023-05-26T21:24:53.453+0400] {logging_mixin.py:149} INFO - [2023-05-26T21:24:53.453+0400] {dag.py:3486} INFO - Setting next_dagrun for example_subdag_operator.section-1 to None, run_after=None
[2023-05-26T21:24:53.454+0400] {logging_mixin.py:149} INFO - [2023-05-26T21:24:53.454+0400] {dag.py:3486} INFO - Setting next_dagrun for example_subdag_operator.section-2 to None, run_after=None
[2023-05-26T21:24:53.461+0400] {logging_mixin.py:149} INFO - [2023-05-26T21:24:53.461+0400] {dag.py:2726} INFO - Sync 2 DAGs
[2023-05-26T21:24:53.464+0400] {logging_mixin.py:149} INFO - [2023-05-26T21:24:53.464+0400] {dag.py:3486} INFO - Setting next_dagrun for example_subdag_operator.section-1 to None, run_after=None
[2023-05-26T21:24:53.465+0400] {logging_mixin.py:149} INFO - [2023-05-26T21:24:53.465+0400] {dag.py:3486} INFO - Setting next_dagrun for example_subdag_operator.section-2 to None, run_after=None
[2023-05-26T21:24:53.481+0400] {processor.py:179} INFO - Processing /home/chinnu/.local/lib/python3.10/site-packages/airflow/example_dags/example_subdag_operator.py took 0.123 seconds
[2023-05-26T21:48:22.798+0400] {processor.py:157} INFO - Started process (PID=78) to work on /home/chinnu/.local/lib/python3.10/site-packages/airflow/example_dags/example_subdag_operator.py
[2023-05-26T21:48:22.800+0400] {processor.py:826} INFO - Processing file /home/chinnu/.local/lib/python3.10/site-packages/airflow/example_dags/example_subdag_operator.py for tasks to queue
[2023-05-26T21:48:22.801+0400] {logging_mixin.py:149} INFO - [2023-05-26T21:48:22.801+0400] {dagbag.py:541} INFO - Filling up the DagBag from /home/chinnu/.local/lib/python3.10/site-packages/airflow/example_dags/example_subdag_operator.py
[2023-05-26T21:48:22.845+0400] {processor.py:836} INFO - DAG(s) dict_keys(['example_subdag_operator.section-1', 'example_subdag_operator.section-2', 'example_subdag_operator']) retrieved from /home/chinnu/.local/lib/python3.10/site-packages/airflow/example_dags/example_subdag_operator.py
[2023-05-26T21:48:22.873+0400] {logging_mixin.py:149} INFO - [2023-05-26T21:48:22.873+0400] {dag.py:2726} INFO - Sync 3 DAGs
[2023-05-26T21:48:22.897+0400] {logging_mixin.py:149} INFO - [2023-05-26T21:48:22.897+0400] {dag.py:3486} INFO - Setting next_dagrun for example_subdag_operator to 2022-01-01T00:00:00+00:00, run_after=2022-01-01T00:00:00+00:00
[2023-05-26T21:48:22.901+0400] {logging_mixin.py:149} INFO - [2023-05-26T21:48:22.901+0400] {dag.py:3486} INFO - Setting next_dagrun for example_subdag_operator.section-1 to None, run_after=None
[2023-05-26T21:48:22.902+0400] {logging_mixin.py:149} INFO - [2023-05-26T21:48:22.902+0400] {dag.py:3486} INFO - Setting next_dagrun for example_subdag_operator.section-2 to None, run_after=None
[2023-05-26T21:48:22.909+0400] {logging_mixin.py:149} INFO - [2023-05-26T21:48:22.909+0400] {dag.py:2726} INFO - Sync 2 DAGs
[2023-05-26T21:48:22.912+0400] {logging_mixin.py:149} INFO - [2023-05-26T21:48:22.912+0400] {dag.py:3486} INFO - Setting next_dagrun for example_subdag_operator.section-1 to None, run_after=None
[2023-05-26T21:48:22.913+0400] {logging_mixin.py:149} INFO - [2023-05-26T21:48:22.913+0400] {dag.py:3486} INFO - Setting next_dagrun for example_subdag_operator.section-2 to None, run_after=None
[2023-05-26T21:48:22.930+0400] {processor.py:179} INFO - Processing /home/chinnu/.local/lib/python3.10/site-packages/airflow/example_dags/example_subdag_operator.py took 0.137 seconds
[2023-05-26T21:52:24.970+0400] {processor.py:157} INFO - Started process (PID=61) to work on /home/chinnu/.local/lib/python3.10/site-packages/airflow/example_dags/example_subdag_operator.py
[2023-05-26T21:52:24.974+0400] {processor.py:826} INFO - Processing file /home/chinnu/.local/lib/python3.10/site-packages/airflow/example_dags/example_subdag_operator.py for tasks to queue
[2023-05-26T21:52:24.976+0400] {logging_mixin.py:149} INFO - [2023-05-26T21:52:24.975+0400] {dagbag.py:541} INFO - Filling up the DagBag from /home/chinnu/.local/lib/python3.10/site-packages/airflow/example_dags/example_subdag_operator.py
[2023-05-26T21:52:25.049+0400] {processor.py:836} INFO - DAG(s) dict_keys(['example_subdag_operator.section-1', 'example_subdag_operator.section-2', 'example_subdag_operator']) retrieved from /home/chinnu/.local/lib/python3.10/site-packages/airflow/example_dags/example_subdag_operator.py
[2023-05-26T21:52:25.107+0400] {logging_mixin.py:149} INFO - [2023-05-26T21:52:25.107+0400] {dag.py:2726} INFO - Sync 3 DAGs
[2023-05-26T21:52:25.152+0400] {logging_mixin.py:149} INFO - [2023-05-26T21:52:25.152+0400] {dag.py:3486} INFO - Setting next_dagrun for example_subdag_operator to 2022-01-01T00:00:00+00:00, run_after=2022-01-01T00:00:00+00:00
[2023-05-26T21:52:25.158+0400] {logging_mixin.py:149} INFO - [2023-05-26T21:52:25.158+0400] {dag.py:3486} INFO - Setting next_dagrun for example_subdag_operator.section-1 to None, run_after=None
[2023-05-26T21:52:25.160+0400] {logging_mixin.py:149} INFO - [2023-05-26T21:52:25.160+0400] {dag.py:3486} INFO - Setting next_dagrun for example_subdag_operator.section-2 to None, run_after=None
[2023-05-26T21:52:25.174+0400] {logging_mixin.py:149} INFO - [2023-05-26T21:52:25.174+0400] {dag.py:2726} INFO - Sync 2 DAGs
[2023-05-26T21:52:25.180+0400] {logging_mixin.py:149} INFO - [2023-05-26T21:52:25.179+0400] {dag.py:3486} INFO - Setting next_dagrun for example_subdag_operator.section-1 to None, run_after=None
[2023-05-26T21:52:25.180+0400] {logging_mixin.py:149} INFO - [2023-05-26T21:52:25.180+0400] {dag.py:3486} INFO - Setting next_dagrun for example_subdag_operator.section-2 to None, run_after=None
[2023-05-26T21:52:25.200+0400] {processor.py:179} INFO - Processing /home/chinnu/.local/lib/python3.10/site-packages/airflow/example_dags/example_subdag_operator.py took 0.243 seconds
[2023-05-26T21:53:24.263+0400] {processor.py:157} INFO - Started process (PID=111) to work on /home/chinnu/.local/lib/python3.10/site-packages/airflow/example_dags/example_subdag_operator.py
[2023-05-26T21:53:24.265+0400] {processor.py:826} INFO - Processing file /home/chinnu/.local/lib/python3.10/site-packages/airflow/example_dags/example_subdag_operator.py for tasks to queue
[2023-05-26T21:53:24.266+0400] {logging_mixin.py:149} INFO - [2023-05-26T21:53:24.266+0400] {dagbag.py:541} INFO - Filling up the DagBag from /home/chinnu/.local/lib/python3.10/site-packages/airflow/example_dags/example_subdag_operator.py
[2023-05-26T21:53:24.300+0400] {processor.py:836} INFO - DAG(s) dict_keys(['example_subdag_operator.section-1', 'example_subdag_operator.section-2', 'example_subdag_operator']) retrieved from /home/chinnu/.local/lib/python3.10/site-packages/airflow/example_dags/example_subdag_operator.py
[2023-05-26T21:53:24.325+0400] {logging_mixin.py:149} INFO - [2023-05-26T21:53:24.325+0400] {dag.py:2726} INFO - Sync 3 DAGs
[2023-05-26T21:53:24.474+0400] {logging_mixin.py:149} INFO - [2023-05-26T21:53:24.474+0400] {dag.py:3486} INFO - Setting next_dagrun for example_subdag_operator to 2022-01-01T00:00:00+00:00, run_after=2022-01-01T00:00:00+00:00
[2023-05-26T21:53:24.477+0400] {logging_mixin.py:149} INFO - [2023-05-26T21:53:24.477+0400] {dag.py:3486} INFO - Setting next_dagrun for example_subdag_operator.section-1 to None, run_after=None
[2023-05-26T21:53:24.478+0400] {logging_mixin.py:149} INFO - [2023-05-26T21:53:24.478+0400] {dag.py:3486} INFO - Setting next_dagrun for example_subdag_operator.section-2 to None, run_after=None
[2023-05-26T21:53:24.484+0400] {logging_mixin.py:149} INFO - [2023-05-26T21:53:24.484+0400] {dag.py:2726} INFO - Sync 2 DAGs
[2023-05-26T21:53:24.487+0400] {logging_mixin.py:149} INFO - [2023-05-26T21:53:24.487+0400] {dag.py:3486} INFO - Setting next_dagrun for example_subdag_operator.section-1 to None, run_after=None
[2023-05-26T21:53:24.488+0400] {logging_mixin.py:149} INFO - [2023-05-26T21:53:24.487+0400] {dag.py:3486} INFO - Setting next_dagrun for example_subdag_operator.section-2 to None, run_after=None
[2023-05-26T21:53:24.509+0400] {processor.py:179} INFO - Processing /home/chinnu/.local/lib/python3.10/site-packages/airflow/example_dags/example_subdag_operator.py took 0.252 seconds
[2023-05-26T21:54:21.764+0400] {processor.py:157} INFO - Started process (PID=189) to work on /home/chinnu/.local/lib/python3.10/site-packages/airflow/example_dags/example_subdag_operator.py
[2023-05-26T21:54:21.766+0400] {processor.py:826} INFO - Processing file /home/chinnu/.local/lib/python3.10/site-packages/airflow/example_dags/example_subdag_operator.py for tasks to queue
[2023-05-26T21:54:21.768+0400] {logging_mixin.py:149} INFO - [2023-05-26T21:54:21.767+0400] {dagbag.py:541} INFO - Filling up the DagBag from /home/chinnu/.local/lib/python3.10/site-packages/airflow/example_dags/example_subdag_operator.py
[2023-05-26T21:54:21.835+0400] {processor.py:836} INFO - DAG(s) dict_keys(['example_subdag_operator.section-1', 'example_subdag_operator.section-2', 'example_subdag_operator']) retrieved from /home/chinnu/.local/lib/python3.10/site-packages/airflow/example_dags/example_subdag_operator.py
[2023-05-26T21:54:21.873+0400] {logging_mixin.py:149} INFO - [2023-05-26T21:54:21.873+0400] {dag.py:2726} INFO - Sync 3 DAGs
[2023-05-26T21:54:21.921+0400] {logging_mixin.py:149} INFO - [2023-05-26T21:54:21.921+0400] {dag.py:3486} INFO - Setting next_dagrun for example_subdag_operator to 2022-01-01T00:00:00+00:00, run_after=2022-01-01T00:00:00+00:00
[2023-05-26T21:54:21.933+0400] {logging_mixin.py:149} INFO - [2023-05-26T21:54:21.932+0400] {dag.py:3486} INFO - Setting next_dagrun for example_subdag_operator.section-1 to None, run_after=None
[2023-05-26T21:54:21.935+0400] {logging_mixin.py:149} INFO - [2023-05-26T21:54:21.934+0400] {dag.py:3486} INFO - Setting next_dagrun for example_subdag_operator.section-2 to None, run_after=None
[2023-05-26T21:54:21.956+0400] {logging_mixin.py:149} INFO - [2023-05-26T21:54:21.956+0400] {dag.py:2726} INFO - Sync 2 DAGs
[2023-05-26T21:54:21.970+0400] {logging_mixin.py:149} INFO - [2023-05-26T21:54:21.970+0400] {dag.py:3486} INFO - Setting next_dagrun for example_subdag_operator.section-1 to None, run_after=None
[2023-05-26T21:54:21.971+0400] {logging_mixin.py:149} INFO - [2023-05-26T21:54:21.971+0400] {dag.py:3486} INFO - Setting next_dagrun for example_subdag_operator.section-2 to None, run_after=None
[2023-05-26T21:54:21.991+0400] {processor.py:182} ERROR - Got an exception! Propagating...
Traceback (most recent call last):
  File "/home/chinnu/.local/lib/python3.10/site-packages/sqlalchemy/engine/base.py", line 1094, in _commit_impl
    self.engine.dialect.do_commit(self.connection)
  File "/home/chinnu/.local/lib/python3.10/site-packages/sqlalchemy/engine/default.py", line 686, in do_commit
    dbapi_connection.commit()
sqlite3.OperationalError: disk I/O error

The above exception was the direct cause of the following exception:

Traceback (most recent call last):
  File "/home/chinnu/.local/lib/python3.10/site-packages/airflow/dag_processing/processor.py", line 178, in _run_file_processor
    _handle_dag_file_processing()
  File "/home/chinnu/.local/lib/python3.10/site-packages/airflow/dag_processing/processor.py", line 159, in _handle_dag_file_processing
    result: tuple[int, int] = dag_file_processor.process_file(
  File "/home/chinnu/.local/lib/python3.10/site-packages/airflow/utils/session.py", line 76, in wrapper
    return func(*args, session=session, **kwargs)
  File "/home/chinnu/.local/lib/python3.10/site-packages/airflow/dag_processing/processor.py", line 854, in process_file
    serialize_errors = DagFileProcessor.save_dag_to_db(
  File "/home/chinnu/.local/lib/python3.10/site-packages/airflow/api_internal/internal_api_call.py", line 112, in wrapper
    return func(*args, **kwargs)
  File "/home/chinnu/.local/lib/python3.10/site-packages/airflow/utils/session.py", line 76, in wrapper
    return func(*args, session=session, **kwargs)
  File "/home/chinnu/.local/lib/python3.10/site-packages/airflow/dag_processing/processor.py", line 891, in save_dag_to_db
    session.commit()
  File "/home/chinnu/.local/lib/python3.10/site-packages/sqlalchemy/orm/session.py", line 1454, in commit
    self._transaction.commit(_to_root=self.future)
  File "/home/chinnu/.local/lib/python3.10/site-packages/sqlalchemy/orm/session.py", line 839, in commit
    trans.commit()
  File "/home/chinnu/.local/lib/python3.10/site-packages/sqlalchemy/engine/base.py", line 2464, in commit
    self._do_commit()
  File "/home/chinnu/.local/lib/python3.10/site-packages/sqlalchemy/engine/base.py", line 2654, in _do_commit
    self._connection_commit_impl()
  File "/home/chinnu/.local/lib/python3.10/site-packages/sqlalchemy/engine/base.py", line 2625, in _connection_commit_impl
    self.connection._commit_impl()
  File "/home/chinnu/.local/lib/python3.10/site-packages/sqlalchemy/engine/base.py", line 1096, in _commit_impl
    self._handle_dbapi_exception(e, None, None, None, None)
  File "/home/chinnu/.local/lib/python3.10/site-packages/sqlalchemy/engine/base.py", line 2129, in _handle_dbapi_exception
    util.raise_(
  File "/home/chinnu/.local/lib/python3.10/site-packages/sqlalchemy/util/compat.py", line 211, in raise_
    raise exception
  File "/home/chinnu/.local/lib/python3.10/site-packages/sqlalchemy/engine/base.py", line 1094, in _commit_impl
    self.engine.dialect.do_commit(self.connection)
  File "/home/chinnu/.local/lib/python3.10/site-packages/sqlalchemy/engine/default.py", line 686, in do_commit
    dbapi_connection.commit()
sqlalchemy.exc.OperationalError: (sqlite3.OperationalError) disk I/O error
(Background on this error at: https://sqlalche.me/e/14/e3q8)
[2023-05-26T22:06:07.765+0400] {processor.py:157} INFO - Started process (PID=2530) to work on /home/chinnu/.local/lib/python3.10/site-packages/airflow/example_dags/example_subdag_operator.py
[2023-05-26T22:06:07.777+0400] {processor.py:826} INFO - Processing file /home/chinnu/.local/lib/python3.10/site-packages/airflow/example_dags/example_subdag_operator.py for tasks to queue
[2023-05-26T22:06:07.780+0400] {logging_mixin.py:149} INFO - [2023-05-26T22:06:07.779+0400] {dagbag.py:541} INFO - Filling up the DagBag from /home/chinnu/.local/lib/python3.10/site-packages/airflow/example_dags/example_subdag_operator.py
[2023-05-26T22:06:07.974+0400] {processor.py:836} INFO - DAG(s) dict_keys(['example_subdag_operator.section-1', 'example_subdag_operator.section-2', 'example_subdag_operator']) retrieved from /home/chinnu/.local/lib/python3.10/site-packages/airflow/example_dags/example_subdag_operator.py
[2023-05-26T22:06:08.116+0400] {logging_mixin.py:149} INFO - [2023-05-26T22:06:08.116+0400] {dag.py:2726} INFO - Sync 3 DAGs
[2023-05-26T22:06:08.246+0400] {logging_mixin.py:149} INFO - [2023-05-26T22:06:08.245+0400] {dag.py:3486} INFO - Setting next_dagrun for example_subdag_operator to 2022-01-01T00:00:00+00:00, run_after=2022-01-01T00:00:00+00:00
[2023-05-26T22:06:08.261+0400] {logging_mixin.py:149} INFO - [2023-05-26T22:06:08.261+0400] {dag.py:3486} INFO - Setting next_dagrun for example_subdag_operator.section-1 to None, run_after=None
[2023-05-26T22:06:08.266+0400] {logging_mixin.py:149} INFO - [2023-05-26T22:06:08.265+0400] {dag.py:3486} INFO - Setting next_dagrun for example_subdag_operator.section-2 to None, run_after=None
[2023-05-26T22:06:08.303+0400] {logging_mixin.py:149} INFO - [2023-05-26T22:06:08.302+0400] {dag.py:2726} INFO - Sync 2 DAGs
[2023-05-26T22:06:08.321+0400] {logging_mixin.py:149} INFO - [2023-05-26T22:06:08.320+0400] {dag.py:3486} INFO - Setting next_dagrun for example_subdag_operator.section-1 to None, run_after=None
[2023-05-26T22:06:08.325+0400] {logging_mixin.py:149} INFO - [2023-05-26T22:06:08.325+0400] {dag.py:3486} INFO - Setting next_dagrun for example_subdag_operator.section-2 to None, run_after=None
[2023-05-26T22:06:08.395+0400] {processor.py:179} INFO - Processing /home/chinnu/.local/lib/python3.10/site-packages/airflow/example_dags/example_subdag_operator.py took 0.656 seconds
[2023-05-26T22:07:22.209+0400] {processor.py:157} INFO - Started process (PID=2580) to work on /home/chinnu/.local/lib/python3.10/site-packages/airflow/example_dags/example_subdag_operator.py
[2023-05-26T22:07:22.219+0400] {processor.py:826} INFO - Processing file /home/chinnu/.local/lib/python3.10/site-packages/airflow/example_dags/example_subdag_operator.py for tasks to queue
[2023-05-26T22:07:22.222+0400] {logging_mixin.py:149} INFO - [2023-05-26T22:07:22.221+0400] {dagbag.py:541} INFO - Filling up the DagBag from /home/chinnu/.local/lib/python3.10/site-packages/airflow/example_dags/example_subdag_operator.py
[2023-05-26T22:07:22.518+0400] {processor.py:836} INFO - DAG(s) dict_keys(['example_subdag_operator.section-1', 'example_subdag_operator.section-2', 'example_subdag_operator']) retrieved from /home/chinnu/.local/lib/python3.10/site-packages/airflow/example_dags/example_subdag_operator.py
[2023-05-26T22:07:22.806+0400] {logging_mixin.py:149} INFO - [2023-05-26T22:07:22.806+0400] {dag.py:2726} INFO - Sync 3 DAGs
[2023-05-26T22:07:23.794+0400] {logging_mixin.py:149} INFO - [2023-05-26T22:07:23.794+0400] {dag.py:3486} INFO - Setting next_dagrun for example_subdag_operator to 2022-01-01T00:00:00+00:00, run_after=2022-01-01T00:00:00+00:00
[2023-05-26T22:07:23.822+0400] {logging_mixin.py:149} INFO - [2023-05-26T22:07:23.821+0400] {dag.py:3486} INFO - Setting next_dagrun for example_subdag_operator.section-1 to None, run_after=None
[2023-05-26T22:07:23.828+0400] {logging_mixin.py:149} INFO - [2023-05-26T22:07:23.827+0400] {dag.py:3486} INFO - Setting next_dagrun for example_subdag_operator.section-2 to None, run_after=None
[2023-05-26T22:07:23.863+0400] {logging_mixin.py:149} INFO - [2023-05-26T22:07:23.863+0400] {dag.py:2726} INFO - Sync 2 DAGs
[2023-05-26T22:07:23.887+0400] {logging_mixin.py:149} INFO - [2023-05-26T22:07:23.885+0400] {dag.py:3486} INFO - Setting next_dagrun for example_subdag_operator.section-1 to None, run_after=None
[2023-05-26T22:07:23.888+0400] {logging_mixin.py:149} INFO - [2023-05-26T22:07:23.888+0400] {dag.py:3486} INFO - Setting next_dagrun for example_subdag_operator.section-2 to None, run_after=None
[2023-05-26T22:07:23.976+0400] {processor.py:179} INFO - Processing /home/chinnu/.local/lib/python3.10/site-packages/airflow/example_dags/example_subdag_operator.py took 1.796 seconds
[2023-05-26T22:09:26.394+0400] {processor.py:157} INFO - Started process (PID=2671) to work on /home/chinnu/.local/lib/python3.10/site-packages/airflow/example_dags/example_subdag_operator.py
[2023-05-26T22:09:26.397+0400] {processor.py:826} INFO - Processing file /home/chinnu/.local/lib/python3.10/site-packages/airflow/example_dags/example_subdag_operator.py for tasks to queue
[2023-05-26T22:09:26.398+0400] {logging_mixin.py:149} INFO - [2023-05-26T22:09:26.398+0400] {dagbag.py:541} INFO - Filling up the DagBag from /home/chinnu/.local/lib/python3.10/site-packages/airflow/example_dags/example_subdag_operator.py
[2023-05-26T22:09:26.474+0400] {processor.py:836} INFO - DAG(s) dict_keys(['example_subdag_operator.section-1', 'example_subdag_operator.section-2', 'example_subdag_operator']) retrieved from /home/chinnu/.local/lib/python3.10/site-packages/airflow/example_dags/example_subdag_operator.py
[2023-05-26T22:09:26.527+0400] {logging_mixin.py:149} INFO - [2023-05-26T22:09:26.527+0400] {dag.py:2726} INFO - Sync 3 DAGs
[2023-05-26T22:09:26.568+0400] {logging_mixin.py:149} INFO - [2023-05-26T22:09:26.568+0400] {dag.py:3486} INFO - Setting next_dagrun for example_subdag_operator to 2022-01-01T00:00:00+00:00, run_after=2022-01-01T00:00:00+00:00
[2023-05-26T22:09:26.574+0400] {logging_mixin.py:149} INFO - [2023-05-26T22:09:26.574+0400] {dag.py:3486} INFO - Setting next_dagrun for example_subdag_operator.section-1 to None, run_after=None
[2023-05-26T22:09:26.575+0400] {logging_mixin.py:149} INFO - [2023-05-26T22:09:26.575+0400] {dag.py:3486} INFO - Setting next_dagrun for example_subdag_operator.section-2 to None, run_after=None
[2023-05-26T22:09:26.586+0400] {logging_mixin.py:149} INFO - [2023-05-26T22:09:26.585+0400] {dag.py:2726} INFO - Sync 2 DAGs
[2023-05-26T22:09:26.595+0400] {logging_mixin.py:149} INFO - [2023-05-26T22:09:26.595+0400] {dag.py:3486} INFO - Setting next_dagrun for example_subdag_operator.section-1 to None, run_after=None
[2023-05-26T22:09:26.596+0400] {logging_mixin.py:149} INFO - [2023-05-26T22:09:26.596+0400] {dag.py:3486} INFO - Setting next_dagrun for example_subdag_operator.section-2 to None, run_after=None
[2023-05-26T22:09:26.677+0400] {processor.py:179} INFO - Processing /home/chinnu/.local/lib/python3.10/site-packages/airflow/example_dags/example_subdag_operator.py took 0.297 seconds
