[2023-05-26T19:39:04.699+0400] {processor.py:157} INFO - Started process (PID=231) to work on /home/chinnu/.local/lib/python3.10/site-packages/airflow/example_dags/example_dynamic_task_mapping.py
[2023-05-26T19:39:04.701+0400] {processor.py:826} INFO - Processing file /home/chinnu/.local/lib/python3.10/site-packages/airflow/example_dags/example_dynamic_task_mapping.py for tasks to queue
[2023-05-26T19:39:04.702+0400] {logging_mixin.py:149} INFO - [2023-05-26T19:39:04.702+0400] {dagbag.py:541} INFO - Filling up the DagBag from /home/chinnu/.local/lib/python3.10/site-packages/airflow/example_dags/example_dynamic_task_mapping.py
[2023-05-26T19:39:04.721+0400] {processor.py:836} INFO - DAG(s) dict_keys(['example_dynamic_task_mapping']) retrieved from /home/chinnu/.local/lib/python3.10/site-packages/airflow/example_dags/example_dynamic_task_mapping.py
[2023-05-26T19:39:04.772+0400] {logging_mixin.py:149} INFO - [2023-05-26T19:39:04.771+0400] {dag.py:2726} INFO - Sync 1 DAGs
[2023-05-26T19:39:04.800+0400] {logging_mixin.py:149} INFO - [2023-05-26T19:39:04.800+0400] {dag.py:3486} INFO - Setting next_dagrun for example_dynamic_task_mapping to 2022-03-04T00:00:00+00:00, run_after=2022-03-05T00:00:00+00:00
[2023-05-26T19:39:04.832+0400] {processor.py:179} INFO - Processing /home/chinnu/.local/lib/python3.10/site-packages/airflow/example_dags/example_dynamic_task_mapping.py took 0.142 seconds
[2023-05-26T19:40:00.356+0400] {processor.py:157} INFO - Started process (PID=281) to work on /home/chinnu/.local/lib/python3.10/site-packages/airflow/example_dags/example_dynamic_task_mapping.py
[2023-05-26T19:40:00.359+0400] {processor.py:826} INFO - Processing file /home/chinnu/.local/lib/python3.10/site-packages/airflow/example_dags/example_dynamic_task_mapping.py for tasks to queue
[2023-05-26T19:40:00.361+0400] {logging_mixin.py:149} INFO - [2023-05-26T19:40:00.361+0400] {dagbag.py:541} INFO - Filling up the DagBag from /home/chinnu/.local/lib/python3.10/site-packages/airflow/example_dags/example_dynamic_task_mapping.py
[2023-05-26T19:40:00.375+0400] {processor.py:836} INFO - DAG(s) dict_keys(['example_dynamic_task_mapping']) retrieved from /home/chinnu/.local/lib/python3.10/site-packages/airflow/example_dags/example_dynamic_task_mapping.py
[2023-05-26T19:40:00.409+0400] {logging_mixin.py:149} INFO - [2023-05-26T19:40:00.409+0400] {dag.py:2726} INFO - Sync 1 DAGs
[2023-05-26T19:40:00.430+0400] {logging_mixin.py:149} INFO - [2023-05-26T19:40:00.430+0400] {dag.py:3486} INFO - Setting next_dagrun for example_dynamic_task_mapping to 2022-03-04T00:00:00+00:00, run_after=2022-03-05T00:00:00+00:00
[2023-05-26T19:40:00.466+0400] {processor.py:179} INFO - Processing /home/chinnu/.local/lib/python3.10/site-packages/airflow/example_dags/example_dynamic_task_mapping.py took 0.124 seconds
[2023-05-26T19:40:54.913+0400] {processor.py:157} INFO - Started process (PID=844) to work on /home/chinnu/.local/lib/python3.10/site-packages/airflow/example_dags/example_dynamic_task_mapping.py
[2023-05-26T19:40:54.916+0400] {processor.py:826} INFO - Processing file /home/chinnu/.local/lib/python3.10/site-packages/airflow/example_dags/example_dynamic_task_mapping.py for tasks to queue
[2023-05-26T19:40:54.918+0400] {logging_mixin.py:149} INFO - [2023-05-26T19:40:54.918+0400] {dagbag.py:541} INFO - Filling up the DagBag from /home/chinnu/.local/lib/python3.10/site-packages/airflow/example_dags/example_dynamic_task_mapping.py
[2023-05-26T19:40:54.931+0400] {processor.py:836} INFO - DAG(s) dict_keys(['example_dynamic_task_mapping']) retrieved from /home/chinnu/.local/lib/python3.10/site-packages/airflow/example_dags/example_dynamic_task_mapping.py
[2023-05-26T19:40:54.968+0400] {logging_mixin.py:149} INFO - [2023-05-26T19:40:54.968+0400] {dag.py:2726} INFO - Sync 1 DAGs
[2023-05-26T19:40:54.991+0400] {logging_mixin.py:149} INFO - [2023-05-26T19:40:54.991+0400] {dag.py:3486} INFO - Setting next_dagrun for example_dynamic_task_mapping to 2022-03-04T00:00:00+00:00, run_after=2022-03-05T00:00:00+00:00
[2023-05-26T19:40:55.021+0400] {processor.py:179} INFO - Processing /home/chinnu/.local/lib/python3.10/site-packages/airflow/example_dags/example_dynamic_task_mapping.py took 0.120 seconds
[2023-05-26T19:42:30.640+0400] {processor.py:157} INFO - Started process (PID=1446) to work on /home/chinnu/.local/lib/python3.10/site-packages/airflow/example_dags/example_dynamic_task_mapping.py
[2023-05-26T19:42:30.646+0400] {processor.py:826} INFO - Processing file /home/chinnu/.local/lib/python3.10/site-packages/airflow/example_dags/example_dynamic_task_mapping.py for tasks to queue
[2023-05-26T19:42:30.649+0400] {logging_mixin.py:149} INFO - [2023-05-26T19:42:30.649+0400] {dagbag.py:541} INFO - Filling up the DagBag from /home/chinnu/.local/lib/python3.10/site-packages/airflow/example_dags/example_dynamic_task_mapping.py
[2023-05-26T19:42:30.699+0400] {processor.py:836} INFO - DAG(s) dict_keys(['example_dynamic_task_mapping']) retrieved from /home/chinnu/.local/lib/python3.10/site-packages/airflow/example_dags/example_dynamic_task_mapping.py
[2023-05-26T19:42:30.817+0400] {logging_mixin.py:149} INFO - [2023-05-26T19:42:30.817+0400] {dag.py:2726} INFO - Sync 1 DAGs
[2023-05-26T19:42:30.915+0400] {logging_mixin.py:149} INFO - [2023-05-26T19:42:30.914+0400] {dag.py:3486} INFO - Setting next_dagrun for example_dynamic_task_mapping to 2022-03-04T00:00:00+00:00, run_after=2022-03-05T00:00:00+00:00
[2023-05-26T19:42:31.327+0400] {processor.py:179} INFO - Processing /home/chinnu/.local/lib/python3.10/site-packages/airflow/example_dags/example_dynamic_task_mapping.py took 0.710 seconds
[2023-05-26T19:43:45.608+0400] {processor.py:157} INFO - Started process (PID=1506) to work on /home/chinnu/.local/lib/python3.10/site-packages/airflow/example_dags/example_dynamic_task_mapping.py
[2023-05-26T19:43:45.616+0400] {processor.py:826} INFO - Processing file /home/chinnu/.local/lib/python3.10/site-packages/airflow/example_dags/example_dynamic_task_mapping.py for tasks to queue
[2023-05-26T19:43:45.619+0400] {logging_mixin.py:149} INFO - [2023-05-26T19:43:45.618+0400] {dagbag.py:541} INFO - Filling up the DagBag from /home/chinnu/.local/lib/python3.10/site-packages/airflow/example_dags/example_dynamic_task_mapping.py
[2023-05-26T19:43:45.663+0400] {processor.py:836} INFO - DAG(s) dict_keys(['example_dynamic_task_mapping']) retrieved from /home/chinnu/.local/lib/python3.10/site-packages/airflow/example_dags/example_dynamic_task_mapping.py
[2023-05-26T19:43:45.738+0400] {logging_mixin.py:149} INFO - [2023-05-26T19:43:45.738+0400] {dag.py:2726} INFO - Sync 1 DAGs
[2023-05-26T19:43:45.795+0400] {logging_mixin.py:149} INFO - [2023-05-26T19:43:45.795+0400] {dag.py:3486} INFO - Setting next_dagrun for example_dynamic_task_mapping to 2022-03-04T00:00:00+00:00, run_after=2022-03-05T00:00:00+00:00
[2023-05-26T19:43:45.884+0400] {processor.py:179} INFO - Processing /home/chinnu/.local/lib/python3.10/site-packages/airflow/example_dags/example_dynamic_task_mapping.py took 0.299 seconds
[2023-05-26T19:44:52.632+0400] {processor.py:157} INFO - Started process (PID=1563) to work on /home/chinnu/.local/lib/python3.10/site-packages/airflow/example_dags/example_dynamic_task_mapping.py
[2023-05-26T19:44:52.637+0400] {processor.py:826} INFO - Processing file /home/chinnu/.local/lib/python3.10/site-packages/airflow/example_dags/example_dynamic_task_mapping.py for tasks to queue
[2023-05-26T19:44:52.642+0400] {logging_mixin.py:149} INFO - [2023-05-26T19:44:52.640+0400] {dagbag.py:541} INFO - Filling up the DagBag from /home/chinnu/.local/lib/python3.10/site-packages/airflow/example_dags/example_dynamic_task_mapping.py
[2023-05-26T19:44:52.695+0400] {processor.py:836} INFO - DAG(s) dict_keys(['example_dynamic_task_mapping']) retrieved from /home/chinnu/.local/lib/python3.10/site-packages/airflow/example_dags/example_dynamic_task_mapping.py
[2023-05-26T19:44:52.796+0400] {logging_mixin.py:149} INFO - [2023-05-26T19:44:52.796+0400] {dag.py:2726} INFO - Sync 1 DAGs
[2023-05-26T19:44:52.853+0400] {logging_mixin.py:149} INFO - [2023-05-26T19:44:52.853+0400] {dag.py:3486} INFO - Setting next_dagrun for example_dynamic_task_mapping to 2022-03-04T00:00:00+00:00, run_after=2022-03-05T00:00:00+00:00
[2023-05-26T19:44:52.918+0400] {processor.py:179} INFO - Processing /home/chinnu/.local/lib/python3.10/site-packages/airflow/example_dags/example_dynamic_task_mapping.py took 0.312 seconds
[2023-05-26T19:45:54.051+0400] {processor.py:157} INFO - Started process (PID=1615) to work on /home/chinnu/.local/lib/python3.10/site-packages/airflow/example_dags/example_dynamic_task_mapping.py
[2023-05-26T19:45:54.054+0400] {processor.py:826} INFO - Processing file /home/chinnu/.local/lib/python3.10/site-packages/airflow/example_dags/example_dynamic_task_mapping.py for tasks to queue
[2023-05-26T19:45:54.055+0400] {logging_mixin.py:149} INFO - [2023-05-26T19:45:54.055+0400] {dagbag.py:541} INFO - Filling up the DagBag from /home/chinnu/.local/lib/python3.10/site-packages/airflow/example_dags/example_dynamic_task_mapping.py
[2023-05-26T19:45:54.081+0400] {processor.py:836} INFO - DAG(s) dict_keys(['example_dynamic_task_mapping']) retrieved from /home/chinnu/.local/lib/python3.10/site-packages/airflow/example_dags/example_dynamic_task_mapping.py
[2023-05-26T19:45:54.121+0400] {logging_mixin.py:149} INFO - [2023-05-26T19:45:54.121+0400] {dag.py:2726} INFO - Sync 1 DAGs
[2023-05-26T19:45:54.157+0400] {logging_mixin.py:149} INFO - [2023-05-26T19:45:54.157+0400] {dag.py:3486} INFO - Setting next_dagrun for example_dynamic_task_mapping to 2022-03-04T00:00:00+00:00, run_after=2022-03-05T00:00:00+00:00
[2023-05-26T19:45:54.196+0400] {processor.py:179} INFO - Processing /home/chinnu/.local/lib/python3.10/site-packages/airflow/example_dags/example_dynamic_task_mapping.py took 0.158 seconds
[2023-05-26T19:48:31.899+0400] {processor.py:157} INFO - Started process (PID=1711) to work on /home/chinnu/.local/lib/python3.10/site-packages/airflow/example_dags/example_dynamic_task_mapping.py
[2023-05-26T19:48:31.905+0400] {processor.py:826} INFO - Processing file /home/chinnu/.local/lib/python3.10/site-packages/airflow/example_dags/example_dynamic_task_mapping.py for tasks to queue
[2023-05-26T19:48:31.908+0400] {logging_mixin.py:149} INFO - [2023-05-26T19:48:31.907+0400] {dagbag.py:541} INFO - Filling up the DagBag from /home/chinnu/.local/lib/python3.10/site-packages/airflow/example_dags/example_dynamic_task_mapping.py
[2023-05-26T19:48:31.939+0400] {processor.py:836} INFO - DAG(s) dict_keys(['example_dynamic_task_mapping']) retrieved from /home/chinnu/.local/lib/python3.10/site-packages/airflow/example_dags/example_dynamic_task_mapping.py
[2023-05-26T19:48:31.987+0400] {logging_mixin.py:149} INFO - [2023-05-26T19:48:31.986+0400] {dag.py:2726} INFO - Sync 1 DAGs
[2023-05-26T19:48:32.028+0400] {logging_mixin.py:149} INFO - [2023-05-26T19:48:32.028+0400] {dag.py:3486} INFO - Setting next_dagrun for example_dynamic_task_mapping to 2022-03-04T00:00:00+00:00, run_after=2022-03-05T00:00:00+00:00
[2023-05-26T19:48:32.280+0400] {processor.py:179} INFO - Processing /home/chinnu/.local/lib/python3.10/site-packages/airflow/example_dags/example_dynamic_task_mapping.py took 0.398 seconds
[2023-05-26T21:05:55.443+0400] {processor.py:157} INFO - Started process (PID=94) to work on /home/chinnu/.local/lib/python3.10/site-packages/airflow/example_dags/example_dynamic_task_mapping.py
[2023-05-26T21:05:55.453+0400] {processor.py:826} INFO - Processing file /home/chinnu/.local/lib/python3.10/site-packages/airflow/example_dags/example_dynamic_task_mapping.py for tasks to queue
[2023-05-26T21:05:55.455+0400] {logging_mixin.py:149} INFO - [2023-05-26T21:05:55.455+0400] {dagbag.py:541} INFO - Filling up the DagBag from /home/chinnu/.local/lib/python3.10/site-packages/airflow/example_dags/example_dynamic_task_mapping.py
[2023-05-26T21:05:55.486+0400] {processor.py:836} INFO - DAG(s) dict_keys(['example_dynamic_task_mapping']) retrieved from /home/chinnu/.local/lib/python3.10/site-packages/airflow/example_dags/example_dynamic_task_mapping.py
[2023-05-26T21:05:55.583+0400] {logging_mixin.py:149} INFO - [2023-05-26T21:05:55.582+0400] {dag.py:2726} INFO - Sync 1 DAGs
[2023-05-26T21:05:55.705+0400] {logging_mixin.py:149} INFO - [2023-05-26T21:05:55.705+0400] {dag.py:3486} INFO - Setting next_dagrun for example_dynamic_task_mapping to 2022-03-04T00:00:00+00:00, run_after=2022-03-05T00:00:00+00:00
[2023-05-26T21:05:56.093+0400] {processor.py:179} INFO - Processing /home/chinnu/.local/lib/python3.10/site-packages/airflow/example_dags/example_dynamic_task_mapping.py took 0.668 seconds
[2023-05-26T21:07:04.352+0400] {processor.py:157} INFO - Started process (PID=177) to work on /home/chinnu/.local/lib/python3.10/site-packages/airflow/example_dags/example_dynamic_task_mapping.py
[2023-05-26T21:07:04.355+0400] {processor.py:826} INFO - Processing file /home/chinnu/.local/lib/python3.10/site-packages/airflow/example_dags/example_dynamic_task_mapping.py for tasks to queue
[2023-05-26T21:07:04.357+0400] {logging_mixin.py:149} INFO - [2023-05-26T21:07:04.357+0400] {dagbag.py:541} INFO - Filling up the DagBag from /home/chinnu/.local/lib/python3.10/site-packages/airflow/example_dags/example_dynamic_task_mapping.py
[2023-05-26T21:07:04.544+0400] {processor.py:836} INFO - DAG(s) dict_keys(['example_dynamic_task_mapping']) retrieved from /home/chinnu/.local/lib/python3.10/site-packages/airflow/example_dags/example_dynamic_task_mapping.py
[2023-05-26T21:07:04.564+0400] {logging_mixin.py:149} INFO - [2023-05-26T21:07:04.563+0400] {dag.py:2726} INFO - Sync 1 DAGs
[2023-05-26T21:07:04.583+0400] {logging_mixin.py:149} INFO - [2023-05-26T21:07:04.582+0400] {dag.py:3486} INFO - Setting next_dagrun for example_dynamic_task_mapping to 2022-03-04T00:00:00+00:00, run_after=2022-03-05T00:00:00+00:00
[2023-05-26T21:07:04.606+0400] {processor.py:179} INFO - Processing /home/chinnu/.local/lib/python3.10/site-packages/airflow/example_dags/example_dynamic_task_mapping.py took 0.265 seconds
[2023-05-26T21:10:59.403+0400] {processor.py:157} INFO - Started process (PID=1937) to work on /home/chinnu/.local/lib/python3.10/site-packages/airflow/example_dags/example_dynamic_task_mapping.py
[2023-05-26T21:10:59.406+0400] {processor.py:826} INFO - Processing file /home/chinnu/.local/lib/python3.10/site-packages/airflow/example_dags/example_dynamic_task_mapping.py for tasks to queue
[2023-05-26T21:10:59.407+0400] {logging_mixin.py:149} INFO - [2023-05-26T21:10:59.406+0400] {dagbag.py:541} INFO - Filling up the DagBag from /home/chinnu/.local/lib/python3.10/site-packages/airflow/example_dags/example_dynamic_task_mapping.py
[2023-05-26T21:10:59.425+0400] {processor.py:836} INFO - DAG(s) dict_keys(['example_dynamic_task_mapping']) retrieved from /home/chinnu/.local/lib/python3.10/site-packages/airflow/example_dags/example_dynamic_task_mapping.py
[2023-05-26T21:10:59.466+0400] {logging_mixin.py:149} INFO - [2023-05-26T21:10:59.466+0400] {dag.py:2726} INFO - Sync 1 DAGs
[2023-05-26T21:10:59.492+0400] {logging_mixin.py:149} INFO - [2023-05-26T21:10:59.492+0400] {dag.py:3486} INFO - Setting next_dagrun for example_dynamic_task_mapping to 2022-03-04T00:00:00+00:00, run_after=2022-03-05T00:00:00+00:00
[2023-05-26T21:10:59.671+0400] {processor.py:179} INFO - Processing /home/chinnu/.local/lib/python3.10/site-packages/airflow/example_dags/example_dynamic_task_mapping.py took 0.276 seconds
[2023-05-26T21:12:56.264+0400] {processor.py:157} INFO - Started process (PID=2042) to work on /home/chinnu/.local/lib/python3.10/site-packages/airflow/example_dags/example_dynamic_task_mapping.py
[2023-05-26T21:12:56.268+0400] {processor.py:826} INFO - Processing file /home/chinnu/.local/lib/python3.10/site-packages/airflow/example_dags/example_dynamic_task_mapping.py for tasks to queue
[2023-05-26T21:12:56.269+0400] {logging_mixin.py:149} INFO - [2023-05-26T21:12:56.269+0400] {dagbag.py:541} INFO - Filling up the DagBag from /home/chinnu/.local/lib/python3.10/site-packages/airflow/example_dags/example_dynamic_task_mapping.py
[2023-05-26T21:12:56.300+0400] {processor.py:836} INFO - DAG(s) dict_keys(['example_dynamic_task_mapping']) retrieved from /home/chinnu/.local/lib/python3.10/site-packages/airflow/example_dags/example_dynamic_task_mapping.py
[2023-05-26T21:12:56.371+0400] {logging_mixin.py:149} INFO - [2023-05-26T21:12:56.371+0400] {dag.py:2726} INFO - Sync 1 DAGs
[2023-05-26T21:12:56.437+0400] {logging_mixin.py:149} INFO - [2023-05-26T21:12:56.437+0400] {dag.py:3486} INFO - Setting next_dagrun for example_dynamic_task_mapping to 2022-03-04T00:00:00+00:00, run_after=2022-03-05T00:00:00+00:00
[2023-05-26T21:12:56.506+0400] {processor.py:179} INFO - Processing /home/chinnu/.local/lib/python3.10/site-packages/airflow/example_dags/example_dynamic_task_mapping.py took 0.256 seconds
[2023-05-26T21:13:40.186+0400] {processor.py:157} INFO - Started process (PID=2094) to work on /home/chinnu/.local/lib/python3.10/site-packages/airflow/example_dags/example_dynamic_task_mapping.py
[2023-05-26T21:13:40.189+0400] {processor.py:826} INFO - Processing file /home/chinnu/.local/lib/python3.10/site-packages/airflow/example_dags/example_dynamic_task_mapping.py for tasks to queue
[2023-05-26T21:13:40.191+0400] {logging_mixin.py:149} INFO - [2023-05-26T21:13:40.191+0400] {dagbag.py:541} INFO - Filling up the DagBag from /home/chinnu/.local/lib/python3.10/site-packages/airflow/example_dags/example_dynamic_task_mapping.py
[2023-05-26T21:13:40.214+0400] {processor.py:836} INFO - DAG(s) dict_keys(['example_dynamic_task_mapping']) retrieved from /home/chinnu/.local/lib/python3.10/site-packages/airflow/example_dags/example_dynamic_task_mapping.py
[2023-05-26T21:13:40.257+0400] {logging_mixin.py:149} INFO - [2023-05-26T21:13:40.257+0400] {dag.py:2726} INFO - Sync 1 DAGs
[2023-05-26T21:13:40.283+0400] {logging_mixin.py:149} INFO - [2023-05-26T21:13:40.282+0400] {dag.py:3486} INFO - Setting next_dagrun for example_dynamic_task_mapping to 2022-03-04T00:00:00+00:00, run_after=2022-03-05T00:00:00+00:00
[2023-05-26T21:13:40.308+0400] {processor.py:179} INFO - Processing /home/chinnu/.local/lib/python3.10/site-packages/airflow/example_dags/example_dynamic_task_mapping.py took 0.138 seconds
[2023-05-26T21:14:26.188+0400] {processor.py:157} INFO - Started process (PID=2147) to work on /home/chinnu/.local/lib/python3.10/site-packages/airflow/example_dags/example_dynamic_task_mapping.py
[2023-05-26T21:14:26.191+0400] {processor.py:826} INFO - Processing file /home/chinnu/.local/lib/python3.10/site-packages/airflow/example_dags/example_dynamic_task_mapping.py for tasks to queue
[2023-05-26T21:14:26.192+0400] {logging_mixin.py:149} INFO - [2023-05-26T21:14:26.192+0400] {dagbag.py:541} INFO - Filling up the DagBag from /home/chinnu/.local/lib/python3.10/site-packages/airflow/example_dags/example_dynamic_task_mapping.py
[2023-05-26T21:14:26.211+0400] {processor.py:836} INFO - DAG(s) dict_keys(['example_dynamic_task_mapping']) retrieved from /home/chinnu/.local/lib/python3.10/site-packages/airflow/example_dags/example_dynamic_task_mapping.py
[2023-05-26T21:14:26.246+0400] {logging_mixin.py:149} INFO - [2023-05-26T21:14:26.246+0400] {dag.py:2726} INFO - Sync 1 DAGs
[2023-05-26T21:14:26.270+0400] {logging_mixin.py:149} INFO - [2023-05-26T21:14:26.270+0400] {dag.py:3486} INFO - Setting next_dagrun for example_dynamic_task_mapping to 2022-03-04T00:00:00+00:00, run_after=2022-03-05T00:00:00+00:00
[2023-05-26T21:14:26.306+0400] {processor.py:179} INFO - Processing /home/chinnu/.local/lib/python3.10/site-packages/airflow/example_dags/example_dynamic_task_mapping.py took 0.127 seconds
[2023-05-26T21:15:09.093+0400] {processor.py:157} INFO - Started process (PID=9394) to work on /home/chinnu/.local/lib/python3.10/site-packages/airflow/example_dags/example_dynamic_task_mapping.py
[2023-05-26T21:15:09.095+0400] {processor.py:826} INFO - Processing file /home/chinnu/.local/lib/python3.10/site-packages/airflow/example_dags/example_dynamic_task_mapping.py for tasks to queue
[2023-05-26T21:15:09.096+0400] {logging_mixin.py:149} INFO - [2023-05-26T21:15:09.096+0400] {dagbag.py:541} INFO - Filling up the DagBag from /home/chinnu/.local/lib/python3.10/site-packages/airflow/example_dags/example_dynamic_task_mapping.py
[2023-05-26T21:15:09.115+0400] {processor.py:836} INFO - DAG(s) dict_keys(['example_dynamic_task_mapping']) retrieved from /home/chinnu/.local/lib/python3.10/site-packages/airflow/example_dags/example_dynamic_task_mapping.py
[2023-05-26T21:15:09.160+0400] {logging_mixin.py:149} INFO - [2023-05-26T21:15:09.160+0400] {dag.py:2726} INFO - Sync 1 DAGs
[2023-05-26T21:15:09.197+0400] {logging_mixin.py:149} INFO - [2023-05-26T21:15:09.196+0400] {dag.py:3486} INFO - Setting next_dagrun for example_dynamic_task_mapping to 2022-03-04T00:00:00+00:00, run_after=2022-03-05T00:00:00+00:00
[2023-05-26T21:15:09.232+0400] {processor.py:179} INFO - Processing /home/chinnu/.local/lib/python3.10/site-packages/airflow/example_dags/example_dynamic_task_mapping.py took 0.148 seconds
[2023-05-26T21:15:57.442+0400] {processor.py:157} INFO - Started process (PID=9468) to work on /home/chinnu/.local/lib/python3.10/site-packages/airflow/example_dags/example_dynamic_task_mapping.py
[2023-05-26T21:15:57.444+0400] {processor.py:826} INFO - Processing file /home/chinnu/.local/lib/python3.10/site-packages/airflow/example_dags/example_dynamic_task_mapping.py for tasks to queue
[2023-05-26T21:15:57.445+0400] {logging_mixin.py:149} INFO - [2023-05-26T21:15:57.445+0400] {dagbag.py:541} INFO - Filling up the DagBag from /home/chinnu/.local/lib/python3.10/site-packages/airflow/example_dags/example_dynamic_task_mapping.py
[2023-05-26T21:15:57.461+0400] {processor.py:836} INFO - DAG(s) dict_keys(['example_dynamic_task_mapping']) retrieved from /home/chinnu/.local/lib/python3.10/site-packages/airflow/example_dags/example_dynamic_task_mapping.py
[2023-05-26T21:15:57.491+0400] {logging_mixin.py:149} INFO - [2023-05-26T21:15:57.491+0400] {dag.py:2726} INFO - Sync 1 DAGs
[2023-05-26T21:15:57.515+0400] {logging_mixin.py:149} INFO - [2023-05-26T21:15:57.515+0400] {dag.py:3486} INFO - Setting next_dagrun for example_dynamic_task_mapping to 2022-03-04T00:00:00+00:00, run_after=2022-03-05T00:00:00+00:00
[2023-05-26T21:15:57.545+0400] {processor.py:179} INFO - Processing /home/chinnu/.local/lib/python3.10/site-packages/airflow/example_dags/example_dynamic_task_mapping.py took 0.111 seconds
[2023-05-26T21:17:34.167+0400] {processor.py:157} INFO - Started process (PID=16774) to work on /home/chinnu/.local/lib/python3.10/site-packages/airflow/example_dags/example_dynamic_task_mapping.py
[2023-05-26T21:17:34.171+0400] {processor.py:826} INFO - Processing file /home/chinnu/.local/lib/python3.10/site-packages/airflow/example_dags/example_dynamic_task_mapping.py for tasks to queue
[2023-05-26T21:17:34.173+0400] {logging_mixin.py:149} INFO - [2023-05-26T21:17:34.172+0400] {dagbag.py:541} INFO - Filling up the DagBag from /home/chinnu/.local/lib/python3.10/site-packages/airflow/example_dags/example_dynamic_task_mapping.py
[2023-05-26T21:17:34.193+0400] {processor.py:836} INFO - DAG(s) dict_keys(['example_dynamic_task_mapping']) retrieved from /home/chinnu/.local/lib/python3.10/site-packages/airflow/example_dags/example_dynamic_task_mapping.py
[2023-05-26T21:17:34.252+0400] {logging_mixin.py:149} INFO - [2023-05-26T21:17:34.252+0400] {dag.py:2726} INFO - Sync 1 DAGs
[2023-05-26T21:17:34.287+0400] {logging_mixin.py:149} INFO - [2023-05-26T21:17:34.287+0400] {dag.py:3486} INFO - Setting next_dagrun for example_dynamic_task_mapping to 2022-03-04T00:00:00+00:00, run_after=2022-03-05T00:00:00+00:00
[2023-05-26T21:17:34.321+0400] {processor.py:179} INFO - Processing /home/chinnu/.local/lib/python3.10/site-packages/airflow/example_dags/example_dynamic_task_mapping.py took 0.167 seconds
[2023-05-26T21:19:16.137+0400] {processor.py:157} INFO - Started process (PID=16867) to work on /home/chinnu/.local/lib/python3.10/site-packages/airflow/example_dags/example_dynamic_task_mapping.py
[2023-05-26T21:19:16.140+0400] {processor.py:826} INFO - Processing file /home/chinnu/.local/lib/python3.10/site-packages/airflow/example_dags/example_dynamic_task_mapping.py for tasks to queue
[2023-05-26T21:19:16.141+0400] {logging_mixin.py:149} INFO - [2023-05-26T21:19:16.141+0400] {dagbag.py:541} INFO - Filling up the DagBag from /home/chinnu/.local/lib/python3.10/site-packages/airflow/example_dags/example_dynamic_task_mapping.py
[2023-05-26T21:19:16.161+0400] {processor.py:836} INFO - DAG(s) dict_keys(['example_dynamic_task_mapping']) retrieved from /home/chinnu/.local/lib/python3.10/site-packages/airflow/example_dags/example_dynamic_task_mapping.py
[2023-05-26T21:19:16.211+0400] {logging_mixin.py:149} INFO - [2023-05-26T21:19:16.211+0400] {dag.py:2726} INFO - Sync 1 DAGs
[2023-05-26T21:19:16.400+0400] {logging_mixin.py:149} INFO - [2023-05-26T21:19:16.399+0400] {dag.py:3486} INFO - Setting next_dagrun for example_dynamic_task_mapping to 2022-03-04T00:00:00+00:00, run_after=2022-03-05T00:00:00+00:00
[2023-05-26T21:19:16.430+0400] {processor.py:179} INFO - Processing /home/chinnu/.local/lib/python3.10/site-packages/airflow/example_dags/example_dynamic_task_mapping.py took 0.302 seconds
[2023-05-26T21:20:28.567+0400] {processor.py:157} INFO - Started process (PID=16949) to work on /home/chinnu/.local/lib/python3.10/site-packages/airflow/example_dags/example_dynamic_task_mapping.py
[2023-05-26T21:20:28.569+0400] {processor.py:826} INFO - Processing file /home/chinnu/.local/lib/python3.10/site-packages/airflow/example_dags/example_dynamic_task_mapping.py for tasks to queue
[2023-05-26T21:20:28.570+0400] {logging_mixin.py:149} INFO - [2023-05-26T21:20:28.570+0400] {dagbag.py:541} INFO - Filling up the DagBag from /home/chinnu/.local/lib/python3.10/site-packages/airflow/example_dags/example_dynamic_task_mapping.py
[2023-05-26T21:20:28.585+0400] {processor.py:836} INFO - DAG(s) dict_keys(['example_dynamic_task_mapping']) retrieved from /home/chinnu/.local/lib/python3.10/site-packages/airflow/example_dags/example_dynamic_task_mapping.py
[2023-05-26T21:20:28.622+0400] {logging_mixin.py:149} INFO - [2023-05-26T21:20:28.622+0400] {dag.py:2726} INFO - Sync 1 DAGs
[2023-05-26T21:20:28.653+0400] {logging_mixin.py:149} INFO - [2023-05-26T21:20:28.652+0400] {dag.py:3486} INFO - Setting next_dagrun for example_dynamic_task_mapping to 2022-03-04T00:00:00+00:00, run_after=2022-03-05T00:00:00+00:00
[2023-05-26T21:20:28.684+0400] {processor.py:179} INFO - Processing /home/chinnu/.local/lib/python3.10/site-packages/airflow/example_dags/example_dynamic_task_mapping.py took 0.124 seconds
[2023-05-26T21:21:12.903+0400] {processor.py:157} INFO - Started process (PID=17000) to work on /home/chinnu/.local/lib/python3.10/site-packages/airflow/example_dags/example_dynamic_task_mapping.py
[2023-05-26T21:21:12.906+0400] {processor.py:826} INFO - Processing file /home/chinnu/.local/lib/python3.10/site-packages/airflow/example_dags/example_dynamic_task_mapping.py for tasks to queue
[2023-05-26T21:21:12.907+0400] {logging_mixin.py:149} INFO - [2023-05-26T21:21:12.907+0400] {dagbag.py:541} INFO - Filling up the DagBag from /home/chinnu/.local/lib/python3.10/site-packages/airflow/example_dags/example_dynamic_task_mapping.py
[2023-05-26T21:21:12.927+0400] {processor.py:836} INFO - DAG(s) dict_keys(['example_dynamic_task_mapping']) retrieved from /home/chinnu/.local/lib/python3.10/site-packages/airflow/example_dags/example_dynamic_task_mapping.py
[2023-05-26T21:21:12.982+0400] {logging_mixin.py:149} INFO - [2023-05-26T21:21:12.982+0400] {dag.py:2726} INFO - Sync 1 DAGs
[2023-05-26T21:21:13.025+0400] {logging_mixin.py:149} INFO - [2023-05-26T21:21:13.024+0400] {dag.py:3486} INFO - Setting next_dagrun for example_dynamic_task_mapping to 2022-03-04T00:00:00+00:00, run_after=2022-03-05T00:00:00+00:00
[2023-05-26T21:21:13.076+0400] {processor.py:179} INFO - Processing /home/chinnu/.local/lib/python3.10/site-packages/airflow/example_dags/example_dynamic_task_mapping.py took 0.183 seconds
[2023-05-26T21:21:56.508+0400] {processor.py:157} INFO - Started process (PID=17050) to work on /home/chinnu/.local/lib/python3.10/site-packages/airflow/example_dags/example_dynamic_task_mapping.py
[2023-05-26T21:21:56.513+0400] {processor.py:826} INFO - Processing file /home/chinnu/.local/lib/python3.10/site-packages/airflow/example_dags/example_dynamic_task_mapping.py for tasks to queue
[2023-05-26T21:21:56.515+0400] {logging_mixin.py:149} INFO - [2023-05-26T21:21:56.514+0400] {dagbag.py:541} INFO - Filling up the DagBag from /home/chinnu/.local/lib/python3.10/site-packages/airflow/example_dags/example_dynamic_task_mapping.py
[2023-05-26T21:21:56.545+0400] {processor.py:836} INFO - DAG(s) dict_keys(['example_dynamic_task_mapping']) retrieved from /home/chinnu/.local/lib/python3.10/site-packages/airflow/example_dags/example_dynamic_task_mapping.py
[2023-05-26T21:21:56.613+0400] {logging_mixin.py:149} INFO - [2023-05-26T21:21:56.613+0400] {dag.py:2726} INFO - Sync 1 DAGs
[2023-05-26T21:21:56.668+0400] {logging_mixin.py:149} INFO - [2023-05-26T21:21:56.668+0400] {dag.py:3486} INFO - Setting next_dagrun for example_dynamic_task_mapping to 2022-03-04T00:00:00+00:00, run_after=2022-03-05T00:00:00+00:00
[2023-05-26T21:21:56.715+0400] {processor.py:179} INFO - Processing /home/chinnu/.local/lib/python3.10/site-packages/airflow/example_dags/example_dynamic_task_mapping.py took 0.224 seconds
[2023-05-26T21:22:37.981+0400] {processor.py:157} INFO - Started process (PID=17100) to work on /home/chinnu/.local/lib/python3.10/site-packages/airflow/example_dags/example_dynamic_task_mapping.py
[2023-05-26T21:22:37.986+0400] {processor.py:826} INFO - Processing file /home/chinnu/.local/lib/python3.10/site-packages/airflow/example_dags/example_dynamic_task_mapping.py for tasks to queue
[2023-05-26T21:22:37.987+0400] {logging_mixin.py:149} INFO - [2023-05-26T21:22:37.987+0400] {dagbag.py:541} INFO - Filling up the DagBag from /home/chinnu/.local/lib/python3.10/site-packages/airflow/example_dags/example_dynamic_task_mapping.py
[2023-05-26T21:22:38.019+0400] {processor.py:836} INFO - DAG(s) dict_keys(['example_dynamic_task_mapping']) retrieved from /home/chinnu/.local/lib/python3.10/site-packages/airflow/example_dags/example_dynamic_task_mapping.py
[2023-05-26T21:22:38.094+0400] {logging_mixin.py:149} INFO - [2023-05-26T21:22:38.094+0400] {dag.py:2726} INFO - Sync 1 DAGs
[2023-05-26T21:22:38.148+0400] {logging_mixin.py:149} INFO - [2023-05-26T21:22:38.148+0400] {dag.py:3486} INFO - Setting next_dagrun for example_dynamic_task_mapping to 2022-03-04T00:00:00+00:00, run_after=2022-03-05T00:00:00+00:00
[2023-05-26T21:22:38.208+0400] {processor.py:179} INFO - Processing /home/chinnu/.local/lib/python3.10/site-packages/airflow/example_dags/example_dynamic_task_mapping.py took 0.248 seconds
[2023-05-26T21:23:28.284+0400] {processor.py:157} INFO - Started process (PID=17164) to work on /home/chinnu/.local/lib/python3.10/site-packages/airflow/example_dags/example_dynamic_task_mapping.py
[2023-05-26T21:23:28.286+0400] {processor.py:826} INFO - Processing file /home/chinnu/.local/lib/python3.10/site-packages/airflow/example_dags/example_dynamic_task_mapping.py for tasks to queue
[2023-05-26T21:23:28.287+0400] {logging_mixin.py:149} INFO - [2023-05-26T21:23:28.286+0400] {dagbag.py:541} INFO - Filling up the DagBag from /home/chinnu/.local/lib/python3.10/site-packages/airflow/example_dags/example_dynamic_task_mapping.py
[2023-05-26T21:23:28.303+0400] {processor.py:836} INFO - DAG(s) dict_keys(['example_dynamic_task_mapping']) retrieved from /home/chinnu/.local/lib/python3.10/site-packages/airflow/example_dags/example_dynamic_task_mapping.py
[2023-05-26T21:23:28.339+0400] {logging_mixin.py:149} INFO - [2023-05-26T21:23:28.339+0400] {dag.py:2726} INFO - Sync 1 DAGs
[2023-05-26T21:23:28.372+0400] {logging_mixin.py:149} INFO - [2023-05-26T21:23:28.372+0400] {dag.py:3486} INFO - Setting next_dagrun for example_dynamic_task_mapping to 2022-03-04T00:00:00+00:00, run_after=2022-03-05T00:00:00+00:00
[2023-05-26T21:23:28.406+0400] {processor.py:179} INFO - Processing /home/chinnu/.local/lib/python3.10/site-packages/airflow/example_dags/example_dynamic_task_mapping.py took 0.130 seconds
[2023-05-26T21:24:19.624+0400] {processor.py:157} INFO - Started process (PID=17223) to work on /home/chinnu/.local/lib/python3.10/site-packages/airflow/example_dags/example_dynamic_task_mapping.py
[2023-05-26T21:24:19.625+0400] {processor.py:826} INFO - Processing file /home/chinnu/.local/lib/python3.10/site-packages/airflow/example_dags/example_dynamic_task_mapping.py for tasks to queue
[2023-05-26T21:24:19.626+0400] {logging_mixin.py:149} INFO - [2023-05-26T21:24:19.626+0400] {dagbag.py:541} INFO - Filling up the DagBag from /home/chinnu/.local/lib/python3.10/site-packages/airflow/example_dags/example_dynamic_task_mapping.py
[2023-05-26T21:24:19.639+0400] {processor.py:836} INFO - DAG(s) dict_keys(['example_dynamic_task_mapping']) retrieved from /home/chinnu/.local/lib/python3.10/site-packages/airflow/example_dags/example_dynamic_task_mapping.py
[2023-05-26T21:24:19.670+0400] {logging_mixin.py:149} INFO - [2023-05-26T21:24:19.670+0400] {dag.py:2726} INFO - Sync 1 DAGs
[2023-05-26T21:24:19.694+0400] {logging_mixin.py:149} INFO - [2023-05-26T21:24:19.694+0400] {dag.py:3486} INFO - Setting next_dagrun for example_dynamic_task_mapping to 2022-03-04T00:00:00+00:00, run_after=2022-03-05T00:00:00+00:00
[2023-05-26T21:24:19.720+0400] {processor.py:179} INFO - Processing /home/chinnu/.local/lib/python3.10/site-packages/airflow/example_dags/example_dynamic_task_mapping.py took 0.102 seconds
[2023-05-26T21:24:57.596+0400] {processor.py:157} INFO - Started process (PID=17273) to work on /home/chinnu/.local/lib/python3.10/site-packages/airflow/example_dags/example_dynamic_task_mapping.py
[2023-05-26T21:24:57.597+0400] {processor.py:826} INFO - Processing file /home/chinnu/.local/lib/python3.10/site-packages/airflow/example_dags/example_dynamic_task_mapping.py for tasks to queue
[2023-05-26T21:24:57.598+0400] {logging_mixin.py:149} INFO - [2023-05-26T21:24:57.598+0400] {dagbag.py:541} INFO - Filling up the DagBag from /home/chinnu/.local/lib/python3.10/site-packages/airflow/example_dags/example_dynamic_task_mapping.py
[2023-05-26T21:24:57.611+0400] {processor.py:836} INFO - DAG(s) dict_keys(['example_dynamic_task_mapping']) retrieved from /home/chinnu/.local/lib/python3.10/site-packages/airflow/example_dags/example_dynamic_task_mapping.py
[2023-05-26T21:24:57.643+0400] {logging_mixin.py:149} INFO - [2023-05-26T21:24:57.643+0400] {dag.py:2726} INFO - Sync 1 DAGs
[2023-05-26T21:24:57.680+0400] {logging_mixin.py:149} INFO - [2023-05-26T21:24:57.679+0400] {dag.py:3486} INFO - Setting next_dagrun for example_dynamic_task_mapping to 2022-03-04T00:00:00+00:00, run_after=2022-03-05T00:00:00+00:00
[2023-05-26T21:24:57.719+0400] {processor.py:179} INFO - Processing /home/chinnu/.local/lib/python3.10/site-packages/airflow/example_dags/example_dynamic_task_mapping.py took 0.130 seconds
[2023-05-26T21:48:43.655+0400] {processor.py:157} INFO - Started process (PID=98) to work on /home/chinnu/.local/lib/python3.10/site-packages/airflow/example_dags/example_dynamic_task_mapping.py
[2023-05-26T21:48:43.663+0400] {processor.py:826} INFO - Processing file /home/chinnu/.local/lib/python3.10/site-packages/airflow/example_dags/example_dynamic_task_mapping.py for tasks to queue
[2023-05-26T21:48:43.664+0400] {logging_mixin.py:149} INFO - [2023-05-26T21:48:43.664+0400] {dagbag.py:541} INFO - Filling up the DagBag from /home/chinnu/.local/lib/python3.10/site-packages/airflow/example_dags/example_dynamic_task_mapping.py
[2023-05-26T21:48:43.678+0400] {processor.py:836} INFO - DAG(s) dict_keys(['example_dynamic_task_mapping']) retrieved from /home/chinnu/.local/lib/python3.10/site-packages/airflow/example_dags/example_dynamic_task_mapping.py
[2023-05-26T21:48:43.708+0400] {logging_mixin.py:149} INFO - [2023-05-26T21:48:43.708+0400] {dag.py:2726} INFO - Sync 1 DAGs
[2023-05-26T21:48:43.733+0400] {logging_mixin.py:149} INFO - [2023-05-26T21:48:43.733+0400] {dag.py:3486} INFO - Setting next_dagrun for example_dynamic_task_mapping to 2022-03-04T00:00:00+00:00, run_after=2022-03-05T00:00:00+00:00
[2023-05-26T21:48:43.763+0400] {processor.py:179} INFO - Processing /home/chinnu/.local/lib/python3.10/site-packages/airflow/example_dags/example_dynamic_task_mapping.py took 0.114 seconds
[2023-05-26T21:52:49.310+0400] {processor.py:157} INFO - Started process (PID=80) to work on /home/chinnu/.local/lib/python3.10/site-packages/airflow/example_dags/example_dynamic_task_mapping.py
[2023-05-26T21:52:49.313+0400] {processor.py:826} INFO - Processing file /home/chinnu/.local/lib/python3.10/site-packages/airflow/example_dags/example_dynamic_task_mapping.py for tasks to queue
[2023-05-26T21:52:49.314+0400] {logging_mixin.py:149} INFO - [2023-05-26T21:52:49.314+0400] {dagbag.py:541} INFO - Filling up the DagBag from /home/chinnu/.local/lib/python3.10/site-packages/airflow/example_dags/example_dynamic_task_mapping.py
[2023-05-26T21:52:49.341+0400] {processor.py:836} INFO - DAG(s) dict_keys(['example_dynamic_task_mapping']) retrieved from /home/chinnu/.local/lib/python3.10/site-packages/airflow/example_dags/example_dynamic_task_mapping.py
[2023-05-26T21:52:49.400+0400] {logging_mixin.py:149} INFO - [2023-05-26T21:52:49.399+0400] {dag.py:2726} INFO - Sync 1 DAGs
[2023-05-26T21:52:49.452+0400] {logging_mixin.py:149} INFO - [2023-05-26T21:52:49.451+0400] {dag.py:3486} INFO - Setting next_dagrun for example_dynamic_task_mapping to 2022-03-04T00:00:00+00:00, run_after=2022-03-05T00:00:00+00:00
[2023-05-26T21:52:49.716+0400] {processor.py:179} INFO - Processing /home/chinnu/.local/lib/python3.10/site-packages/airflow/example_dags/example_dynamic_task_mapping.py took 0.414 seconds
[2023-05-26T21:53:49.516+0400] {processor.py:157} INFO - Started process (PID=133) to work on /home/chinnu/.local/lib/python3.10/site-packages/airflow/example_dags/example_dynamic_task_mapping.py
[2023-05-26T21:53:49.518+0400] {processor.py:826} INFO - Processing file /home/chinnu/.local/lib/python3.10/site-packages/airflow/example_dags/example_dynamic_task_mapping.py for tasks to queue
[2023-05-26T21:53:49.519+0400] {logging_mixin.py:149} INFO - [2023-05-26T21:53:49.519+0400] {dagbag.py:541} INFO - Filling up the DagBag from /home/chinnu/.local/lib/python3.10/site-packages/airflow/example_dags/example_dynamic_task_mapping.py
[2023-05-26T21:53:49.733+0400] {processor.py:836} INFO - DAG(s) dict_keys(['example_dynamic_task_mapping']) retrieved from /home/chinnu/.local/lib/python3.10/site-packages/airflow/example_dags/example_dynamic_task_mapping.py
[2023-05-26T21:53:49.761+0400] {logging_mixin.py:149} INFO - [2023-05-26T21:53:49.761+0400] {dag.py:2726} INFO - Sync 1 DAGs
[2023-05-26T21:53:49.791+0400] {logging_mixin.py:149} INFO - [2023-05-26T21:53:49.791+0400] {dag.py:3486} INFO - Setting next_dagrun for example_dynamic_task_mapping to 2022-03-04T00:00:00+00:00, run_after=2022-03-05T00:00:00+00:00
[2023-05-26T21:53:49.822+0400] {processor.py:179} INFO - Processing /home/chinnu/.local/lib/python3.10/site-packages/airflow/example_dags/example_dynamic_task_mapping.py took 0.318 seconds
[2023-05-26T22:06:35.434+0400] {processor.py:157} INFO - Started process (PID=2549) to work on /home/chinnu/.local/lib/python3.10/site-packages/airflow/example_dags/example_dynamic_task_mapping.py
[2023-05-26T22:06:35.455+0400] {processor.py:826} INFO - Processing file /home/chinnu/.local/lib/python3.10/site-packages/airflow/example_dags/example_dynamic_task_mapping.py for tasks to queue
[2023-05-26T22:06:35.460+0400] {logging_mixin.py:149} INFO - [2023-05-26T22:06:35.459+0400] {dagbag.py:541} INFO - Filling up the DagBag from /home/chinnu/.local/lib/python3.10/site-packages/airflow/example_dags/example_dynamic_task_mapping.py
[2023-05-26T22:06:35.615+0400] {processor.py:836} INFO - DAG(s) dict_keys(['example_dynamic_task_mapping']) retrieved from /home/chinnu/.local/lib/python3.10/site-packages/airflow/example_dags/example_dynamic_task_mapping.py
[2023-05-26T22:06:35.869+0400] {logging_mixin.py:149} INFO - [2023-05-26T22:06:35.868+0400] {dag.py:2726} INFO - Sync 1 DAGs
[2023-05-26T22:06:36.270+0400] {logging_mixin.py:149} INFO - [2023-05-26T22:06:36.268+0400] {dag.py:3486} INFO - Setting next_dagrun for example_dynamic_task_mapping to 2022-03-04T00:00:00+00:00, run_after=2022-03-05T00:00:00+00:00
[2023-05-26T22:06:37.139+0400] {processor.py:179} INFO - Processing /home/chinnu/.local/lib/python3.10/site-packages/airflow/example_dags/example_dynamic_task_mapping.py took 1.743 seconds
[2023-05-26T22:08:16.638+0400] {processor.py:157} INFO - Started process (PID=2616) to work on /home/chinnu/.local/lib/python3.10/site-packages/airflow/example_dags/example_dynamic_task_mapping.py
[2023-05-26T22:08:16.647+0400] {processor.py:826} INFO - Processing file /home/chinnu/.local/lib/python3.10/site-packages/airflow/example_dags/example_dynamic_task_mapping.py for tasks to queue
[2023-05-26T22:08:16.652+0400] {logging_mixin.py:149} INFO - [2023-05-26T22:08:16.651+0400] {dagbag.py:541} INFO - Filling up the DagBag from /home/chinnu/.local/lib/python3.10/site-packages/airflow/example_dags/example_dynamic_task_mapping.py
[2023-05-26T22:08:16.734+0400] {processor.py:836} INFO - DAG(s) dict_keys(['example_dynamic_task_mapping']) retrieved from /home/chinnu/.local/lib/python3.10/site-packages/airflow/example_dags/example_dynamic_task_mapping.py
[2023-05-26T22:08:16.951+0400] {logging_mixin.py:149} INFO - [2023-05-26T22:08:16.950+0400] {dag.py:2726} INFO - Sync 1 DAGs
[2023-05-26T22:08:17.063+0400] {logging_mixin.py:149} INFO - [2023-05-26T22:08:17.058+0400] {dag.py:3486} INFO - Setting next_dagrun for example_dynamic_task_mapping to 2022-03-04T00:00:00+00:00, run_after=2022-03-05T00:00:00+00:00
[2023-05-26T22:08:17.153+0400] {processor.py:179} INFO - Processing /home/chinnu/.local/lib/python3.10/site-packages/airflow/example_dags/example_dynamic_task_mapping.py took 0.545 seconds
