[2023-05-26T19:38:31.828+0400] {processor.py:157} INFO - Started process (PID=203) to work on /home/chinnu/.local/lib/python3.10/site-packages/airflow/example_dags/tutorial.py
[2023-05-26T19:38:31.831+0400] {processor.py:826} INFO - Processing file /home/chinnu/.local/lib/python3.10/site-packages/airflow/example_dags/tutorial.py for tasks to queue
[2023-05-26T19:38:31.833+0400] {logging_mixin.py:149} INFO - [2023-05-26T19:38:31.833+0400] {dagbag.py:541} INFO - Filling up the DagBag from /home/chinnu/.local/lib/python3.10/site-packages/airflow/example_dags/tutorial.py
[2023-05-26T19:38:31.864+0400] {processor.py:836} INFO - DAG(s) dict_keys(['tutorial']) retrieved from /home/chinnu/.local/lib/python3.10/site-packages/airflow/example_dags/tutorial.py
[2023-05-26T19:38:31.964+0400] {logging_mixin.py:149} INFO - [2023-05-26T19:38:31.963+0400] {dag.py:2726} INFO - Sync 1 DAGs
[2023-05-26T19:38:31.988+0400] {logging_mixin.py:149} INFO - [2023-05-26T19:38:31.988+0400] {dag.py:3486} INFO - Setting next_dagrun for tutorial to 2023-05-25T15:38:31.987883+00:00, run_after=2023-05-26T15:38:31.987883+00:00
[2023-05-26T19:38:32.025+0400] {processor.py:179} INFO - Processing /home/chinnu/.local/lib/python3.10/site-packages/airflow/example_dags/tutorial.py took 0.208 seconds
[2023-05-26T19:39:29.850+0400] {processor.py:157} INFO - Started process (PID=254) to work on /home/chinnu/.local/lib/python3.10/site-packages/airflow/example_dags/tutorial.py
[2023-05-26T19:39:29.853+0400] {processor.py:826} INFO - Processing file /home/chinnu/.local/lib/python3.10/site-packages/airflow/example_dags/tutorial.py for tasks to queue
[2023-05-26T19:39:29.856+0400] {logging_mixin.py:149} INFO - [2023-05-26T19:39:29.855+0400] {dagbag.py:541} INFO - Filling up the DagBag from /home/chinnu/.local/lib/python3.10/site-packages/airflow/example_dags/tutorial.py
[2023-05-26T19:39:29.884+0400] {processor.py:836} INFO - DAG(s) dict_keys(['tutorial']) retrieved from /home/chinnu/.local/lib/python3.10/site-packages/airflow/example_dags/tutorial.py
[2023-05-26T19:39:29.944+0400] {logging_mixin.py:149} INFO - [2023-05-26T19:39:29.944+0400] {dag.py:2726} INFO - Sync 1 DAGs
[2023-05-26T19:39:29.967+0400] {logging_mixin.py:149} INFO - [2023-05-26T19:39:29.967+0400] {dag.py:3486} INFO - Setting next_dagrun for tutorial to 2023-05-25T15:39:29.967484+00:00, run_after=2023-05-26T15:39:29.967484+00:00
[2023-05-26T19:39:30.000+0400] {processor.py:179} INFO - Processing /home/chinnu/.local/lib/python3.10/site-packages/airflow/example_dags/tutorial.py took 0.164 seconds
[2023-05-26T19:40:20.810+0400] {processor.py:157} INFO - Started process (PID=814) to work on /home/chinnu/.local/lib/python3.10/site-packages/airflow/example_dags/tutorial.py
[2023-05-26T19:40:20.813+0400] {processor.py:826} INFO - Processing file /home/chinnu/.local/lib/python3.10/site-packages/airflow/example_dags/tutorial.py for tasks to queue
[2023-05-26T19:40:20.815+0400] {logging_mixin.py:149} INFO - [2023-05-26T19:40:20.815+0400] {dagbag.py:541} INFO - Filling up the DagBag from /home/chinnu/.local/lib/python3.10/site-packages/airflow/example_dags/tutorial.py
[2023-05-26T19:40:20.833+0400] {processor.py:836} INFO - DAG(s) dict_keys(['tutorial']) retrieved from /home/chinnu/.local/lib/python3.10/site-packages/airflow/example_dags/tutorial.py
[2023-05-26T19:40:20.868+0400] {logging_mixin.py:149} INFO - [2023-05-26T19:40:20.868+0400] {dag.py:2726} INFO - Sync 1 DAGs
[2023-05-26T19:40:20.888+0400] {logging_mixin.py:149} INFO - [2023-05-26T19:40:20.888+0400] {dag.py:3486} INFO - Setting next_dagrun for tutorial to 2023-05-25T15:40:20.888394+00:00, run_after=2023-05-26T15:40:20.888394+00:00
[2023-05-26T19:40:20.925+0400] {processor.py:179} INFO - Processing /home/chinnu/.local/lib/python3.10/site-packages/airflow/example_dags/tutorial.py took 0.127 seconds
[2023-05-26T19:41:28.968+0400] {processor.py:157} INFO - Started process (PID=876) to work on /home/chinnu/.local/lib/python3.10/site-packages/airflow/example_dags/tutorial.py
[2023-05-26T19:41:28.976+0400] {processor.py:826} INFO - Processing file /home/chinnu/.local/lib/python3.10/site-packages/airflow/example_dags/tutorial.py for tasks to queue
[2023-05-26T19:41:28.978+0400] {logging_mixin.py:149} INFO - [2023-05-26T19:41:28.977+0400] {dagbag.py:541} INFO - Filling up the DagBag from /home/chinnu/.local/lib/python3.10/site-packages/airflow/example_dags/tutorial.py
[2023-05-26T19:41:29.021+0400] {processor.py:836} INFO - DAG(s) dict_keys(['tutorial']) retrieved from /home/chinnu/.local/lib/python3.10/site-packages/airflow/example_dags/tutorial.py
[2023-05-26T19:41:29.113+0400] {logging_mixin.py:149} INFO - [2023-05-26T19:41:29.113+0400] {dag.py:2726} INFO - Sync 1 DAGs
[2023-05-26T19:41:29.204+0400] {logging_mixin.py:149} INFO - [2023-05-26T19:41:29.204+0400] {dag.py:3486} INFO - Setting next_dagrun for tutorial to 2023-05-25T15:41:29.203709+00:00, run_after=2023-05-26T15:41:29.203709+00:00
[2023-05-26T19:41:29.243+0400] {processor.py:179} INFO - Processing /home/chinnu/.local/lib/python3.10/site-packages/airflow/example_dags/tutorial.py took 0.294 seconds
[2023-05-26T19:42:57.496+0400] {processor.py:157} INFO - Started process (PID=1469) to work on /home/chinnu/.local/lib/python3.10/site-packages/airflow/example_dags/tutorial.py
[2023-05-26T19:42:57.497+0400] {processor.py:826} INFO - Processing file /home/chinnu/.local/lib/python3.10/site-packages/airflow/example_dags/tutorial.py for tasks to queue
[2023-05-26T19:42:57.498+0400] {logging_mixin.py:149} INFO - [2023-05-26T19:42:57.498+0400] {dagbag.py:541} INFO - Filling up the DagBag from /home/chinnu/.local/lib/python3.10/site-packages/airflow/example_dags/tutorial.py
[2023-05-26T19:42:57.510+0400] {processor.py:836} INFO - DAG(s) dict_keys(['tutorial']) retrieved from /home/chinnu/.local/lib/python3.10/site-packages/airflow/example_dags/tutorial.py
[2023-05-26T19:42:57.546+0400] {logging_mixin.py:149} INFO - [2023-05-26T19:42:57.546+0400] {dag.py:2726} INFO - Sync 1 DAGs
[2023-05-26T19:42:57.738+0400] {logging_mixin.py:149} INFO - [2023-05-26T19:42:57.738+0400] {dag.py:3486} INFO - Setting next_dagrun for tutorial to 2023-05-25T15:42:57.738381+00:00, run_after=2023-05-26T15:42:57.738381+00:00
[2023-05-26T19:42:57.776+0400] {processor.py:876} ERROR - Error logging DAG warnings.
Traceback (most recent call last):
  File "/home/chinnu/.local/lib/python3.10/site-packages/sqlalchemy/engine/base.py", line 1905, in _execute_context
    self.dialect.do_execute(
  File "/home/chinnu/.local/lib/python3.10/site-packages/sqlalchemy/engine/default.py", line 736, in do_execute
    cursor.execute(statement, parameters)
sqlite3.OperationalError: unable to open database file

The above exception was the direct cause of the following exception:

Traceback (most recent call last):
  File "/home/chinnu/.local/lib/python3.10/site-packages/airflow/dag_processing/processor.py", line 874, in process_file
    self.update_dag_warnings(session=session, dagbag=dagbag)
  File "/home/chinnu/.local/lib/python3.10/site-packages/airflow/dag_processing/processor.py", line 674, in update_dag_warnings
    self._validate_task_pools(dagbag=dagbag)
  File "/home/chinnu/.local/lib/python3.10/site-packages/airflow/utils/session.py", line 76, in wrapper
    return func(*args, session=session, **kwargs)
  File "/home/chinnu/.local/lib/python3.10/site-packages/airflow/dag_processing/processor.py", line 654, in _validate_task_pools
    pools = {p.pool for p in Pool.get_pools(session)}
  File "/home/chinnu/.local/lib/python3.10/site-packages/airflow/utils/session.py", line 73, in wrapper
    return func(*args, **kwargs)
  File "/home/chinnu/.local/lib/python3.10/site-packages/airflow/models/pool.py", line 63, in get_pools
    return session.query(Pool).all()
  File "/home/chinnu/.local/lib/python3.10/site-packages/sqlalchemy/orm/query.py", line 2773, in all
    return self._iter().all()
  File "/home/chinnu/.local/lib/python3.10/site-packages/sqlalchemy/orm/query.py", line 2916, in _iter
    result = self.session.execute(
  File "/home/chinnu/.local/lib/python3.10/site-packages/sqlalchemy/orm/session.py", line 1717, in execute
    result = conn._execute_20(statement, params or {}, execution_options)
  File "/home/chinnu/.local/lib/python3.10/site-packages/sqlalchemy/engine/base.py", line 1710, in _execute_20
    return meth(self, args_10style, kwargs_10style, execution_options)
  File "/home/chinnu/.local/lib/python3.10/site-packages/sqlalchemy/sql/elements.py", line 334, in _execute_on_connection
    return connection._execute_clauseelement(
  File "/home/chinnu/.local/lib/python3.10/site-packages/sqlalchemy/engine/base.py", line 1577, in _execute_clauseelement
    ret = self._execute_context(
  File "/home/chinnu/.local/lib/python3.10/site-packages/sqlalchemy/engine/base.py", line 1948, in _execute_context
    self._handle_dbapi_exception(
  File "/home/chinnu/.local/lib/python3.10/site-packages/sqlalchemy/engine/base.py", line 2129, in _handle_dbapi_exception
    util.raise_(
  File "/home/chinnu/.local/lib/python3.10/site-packages/sqlalchemy/util/compat.py", line 211, in raise_
    raise exception
  File "/home/chinnu/.local/lib/python3.10/site-packages/sqlalchemy/engine/base.py", line 1905, in _execute_context
    self.dialect.do_execute(
  File "/home/chinnu/.local/lib/python3.10/site-packages/sqlalchemy/engine/default.py", line 736, in do_execute
    cursor.execute(statement, parameters)
sqlalchemy.exc.OperationalError: (sqlite3.OperationalError) unable to open database file
[SQL: SELECT slot_pool.id AS slot_pool_id, slot_pool.pool AS slot_pool_pool, slot_pool.slots AS slot_pool_slots, slot_pool.description AS slot_pool_description 
FROM slot_pool]
(Background on this error at: https://sqlalche.me/e/14/e3q8)
[2023-05-26T19:42:57.843+0400] {processor.py:179} INFO - Processing /home/chinnu/.local/lib/python3.10/site-packages/airflow/example_dags/tutorial.py took 0.355 seconds
[2023-05-26T19:44:11.818+0400] {processor.py:157} INFO - Started process (PID=1529) to work on /home/chinnu/.local/lib/python3.10/site-packages/airflow/example_dags/tutorial.py
[2023-05-26T19:44:11.823+0400] {processor.py:826} INFO - Processing file /home/chinnu/.local/lib/python3.10/site-packages/airflow/example_dags/tutorial.py for tasks to queue
[2023-05-26T19:44:11.826+0400] {logging_mixin.py:149} INFO - [2023-05-26T19:44:11.825+0400] {dagbag.py:541} INFO - Filling up the DagBag from /home/chinnu/.local/lib/python3.10/site-packages/airflow/example_dags/tutorial.py
[2023-05-26T19:44:11.863+0400] {processor.py:836} INFO - DAG(s) dict_keys(['tutorial']) retrieved from /home/chinnu/.local/lib/python3.10/site-packages/airflow/example_dags/tutorial.py
[2023-05-26T19:44:11.938+0400] {logging_mixin.py:149} INFO - [2023-05-26T19:44:11.938+0400] {dag.py:2726} INFO - Sync 1 DAGs
[2023-05-26T19:44:11.971+0400] {logging_mixin.py:149} INFO - [2023-05-26T19:44:11.971+0400] {dag.py:3486} INFO - Setting next_dagrun for tutorial to 2023-05-25T15:44:11.971008+00:00, run_after=2023-05-26T15:44:11.971008+00:00
[2023-05-26T19:44:12.022+0400] {processor.py:179} INFO - Processing /home/chinnu/.local/lib/python3.10/site-packages/airflow/example_dags/tutorial.py took 0.230 seconds
[2023-05-26T19:45:16.054+0400] {processor.py:157} INFO - Started process (PID=1581) to work on /home/chinnu/.local/lib/python3.10/site-packages/airflow/example_dags/tutorial.py
[2023-05-26T19:45:16.059+0400] {processor.py:826} INFO - Processing file /home/chinnu/.local/lib/python3.10/site-packages/airflow/example_dags/tutorial.py for tasks to queue
[2023-05-26T19:45:16.061+0400] {logging_mixin.py:149} INFO - [2023-05-26T19:45:16.061+0400] {dagbag.py:541} INFO - Filling up the DagBag from /home/chinnu/.local/lib/python3.10/site-packages/airflow/example_dags/tutorial.py
[2023-05-26T19:45:16.081+0400] {processor.py:836} INFO - DAG(s) dict_keys(['tutorial']) retrieved from /home/chinnu/.local/lib/python3.10/site-packages/airflow/example_dags/tutorial.py
[2023-05-26T19:45:16.128+0400] {logging_mixin.py:149} INFO - [2023-05-26T19:45:16.128+0400] {dag.py:2726} INFO - Sync 1 DAGs
[2023-05-26T19:45:16.163+0400] {logging_mixin.py:149} INFO - [2023-05-26T19:45:16.163+0400] {dag.py:3486} INFO - Setting next_dagrun for tutorial to 2023-05-25T15:45:16.162815+00:00, run_after=2023-05-26T15:45:16.162815+00:00
[2023-05-26T19:45:16.197+0400] {processor.py:179} INFO - Processing /home/chinnu/.local/lib/python3.10/site-packages/airflow/example_dags/tutorial.py took 0.156 seconds
[2023-05-26T19:46:14.628+0400] {processor.py:157} INFO - Started process (PID=1632) to work on /home/chinnu/.local/lib/python3.10/site-packages/airflow/example_dags/tutorial.py
[2023-05-26T19:46:14.630+0400] {processor.py:826} INFO - Processing file /home/chinnu/.local/lib/python3.10/site-packages/airflow/example_dags/tutorial.py for tasks to queue
[2023-05-26T19:46:14.631+0400] {logging_mixin.py:149} INFO - [2023-05-26T19:46:14.631+0400] {dagbag.py:541} INFO - Filling up the DagBag from /home/chinnu/.local/lib/python3.10/site-packages/airflow/example_dags/tutorial.py
[2023-05-26T19:46:14.650+0400] {processor.py:836} INFO - DAG(s) dict_keys(['tutorial']) retrieved from /home/chinnu/.local/lib/python3.10/site-packages/airflow/example_dags/tutorial.py
[2023-05-26T19:46:14.687+0400] {logging_mixin.py:149} INFO - [2023-05-26T19:46:14.687+0400] {dag.py:2726} INFO - Sync 1 DAGs
[2023-05-26T19:46:14.719+0400] {logging_mixin.py:149} INFO - [2023-05-26T19:46:14.719+0400] {dag.py:3486} INFO - Setting next_dagrun for tutorial to 2023-05-25T15:46:14.719474+00:00, run_after=2023-05-26T15:46:14.719474+00:00
[2023-05-26T19:46:14.763+0400] {processor.py:179} INFO - Processing /home/chinnu/.local/lib/python3.10/site-packages/airflow/example_dags/tutorial.py took 0.151 seconds
[2023-05-26T19:47:59.912+0400] {processor.py:157} INFO - Started process (PID=1683) to work on /home/chinnu/.local/lib/python3.10/site-packages/airflow/example_dags/tutorial.py
[2023-05-26T19:47:59.916+0400] {processor.py:826} INFO - Processing file /home/chinnu/.local/lib/python3.10/site-packages/airflow/example_dags/tutorial.py for tasks to queue
[2023-05-26T19:47:59.917+0400] {logging_mixin.py:149} INFO - [2023-05-26T19:47:59.917+0400] {dagbag.py:541} INFO - Filling up the DagBag from /home/chinnu/.local/lib/python3.10/site-packages/airflow/example_dags/tutorial.py
[2023-05-26T19:47:59.940+0400] {processor.py:836} INFO - DAG(s) dict_keys(['tutorial']) retrieved from /home/chinnu/.local/lib/python3.10/site-packages/airflow/example_dags/tutorial.py
[2023-05-26T19:48:00.013+0400] {logging_mixin.py:149} INFO - [2023-05-26T19:48:00.013+0400] {dag.py:2726} INFO - Sync 1 DAGs
[2023-05-26T19:48:00.036+0400] {logging_mixin.py:149} INFO - [2023-05-26T19:48:00.036+0400] {dag.py:3486} INFO - Setting next_dagrun for tutorial to 2023-05-25T15:48:00.035711+00:00, run_after=2023-05-26T15:48:00.035711+00:00
[2023-05-26T19:48:00.071+0400] {processor.py:179} INFO - Processing /home/chinnu/.local/lib/python3.10/site-packages/airflow/example_dags/tutorial.py took 0.171 seconds
[2023-05-26T21:05:20.491+0400] {processor.py:157} INFO - Started process (PID=67) to work on /home/chinnu/.local/lib/python3.10/site-packages/airflow/example_dags/tutorial.py
[2023-05-26T21:05:20.501+0400] {processor.py:826} INFO - Processing file /home/chinnu/.local/lib/python3.10/site-packages/airflow/example_dags/tutorial.py for tasks to queue
[2023-05-26T21:05:20.502+0400] {logging_mixin.py:149} INFO - [2023-05-26T21:05:20.502+0400] {dagbag.py:541} INFO - Filling up the DagBag from /home/chinnu/.local/lib/python3.10/site-packages/airflow/example_dags/tutorial.py
[2023-05-26T21:05:20.531+0400] {processor.py:836} INFO - DAG(s) dict_keys(['tutorial']) retrieved from /home/chinnu/.local/lib/python3.10/site-packages/airflow/example_dags/tutorial.py
[2023-05-26T21:05:20.653+0400] {logging_mixin.py:149} INFO - [2023-05-26T21:05:20.653+0400] {dag.py:2726} INFO - Sync 1 DAGs
[2023-05-26T21:05:20.710+0400] {logging_mixin.py:149} INFO - [2023-05-26T21:05:20.709+0400] {dag.py:3486} INFO - Setting next_dagrun for tutorial to 2023-05-25T17:05:20.709021+00:00, run_after=2023-05-26T17:05:20.709021+00:00
[2023-05-26T21:05:20.779+0400] {processor.py:179} INFO - Processing /home/chinnu/.local/lib/python3.10/site-packages/airflow/example_dags/tutorial.py took 0.303 seconds
[2023-05-26T21:06:22.697+0400] {processor.py:157} INFO - Started process (PID=117) to work on /home/chinnu/.local/lib/python3.10/site-packages/airflow/example_dags/tutorial.py
[2023-05-26T21:06:22.699+0400] {processor.py:826} INFO - Processing file /home/chinnu/.local/lib/python3.10/site-packages/airflow/example_dags/tutorial.py for tasks to queue
[2023-05-26T21:06:22.700+0400] {logging_mixin.py:149} INFO - [2023-05-26T21:06:22.700+0400] {dagbag.py:541} INFO - Filling up the DagBag from /home/chinnu/.local/lib/python3.10/site-packages/airflow/example_dags/tutorial.py
[2023-05-26T21:06:22.713+0400] {processor.py:836} INFO - DAG(s) dict_keys(['tutorial']) retrieved from /home/chinnu/.local/lib/python3.10/site-packages/airflow/example_dags/tutorial.py
[2023-05-26T21:06:22.752+0400] {logging_mixin.py:149} INFO - [2023-05-26T21:06:22.752+0400] {dag.py:2726} INFO - Sync 1 DAGs
[2023-05-26T21:06:22.927+0400] {logging_mixin.py:149} INFO - [2023-05-26T21:06:22.926+0400] {dag.py:3486} INFO - Setting next_dagrun for tutorial to 2023-05-25T17:06:22.926763+00:00, run_after=2023-05-26T17:06:22.926763+00:00
[2023-05-26T21:06:22.955+0400] {processor.py:179} INFO - Processing /home/chinnu/.local/lib/python3.10/site-packages/airflow/example_dags/tutorial.py took 0.269 seconds
[2023-05-26T21:09:46.463+0400] {processor.py:157} INFO - Started process (PID=1843) to work on /home/chinnu/.local/lib/python3.10/site-packages/airflow/example_dags/tutorial.py
[2023-05-26T21:09:46.466+0400] {processor.py:826} INFO - Processing file /home/chinnu/.local/lib/python3.10/site-packages/airflow/example_dags/tutorial.py for tasks to queue
[2023-05-26T21:09:46.468+0400] {logging_mixin.py:149} INFO - [2023-05-26T21:09:46.468+0400] {dagbag.py:541} INFO - Filling up the DagBag from /home/chinnu/.local/lib/python3.10/site-packages/airflow/example_dags/tutorial.py
[2023-05-26T21:09:46.508+0400] {processor.py:836} INFO - DAG(s) dict_keys(['tutorial']) retrieved from /home/chinnu/.local/lib/python3.10/site-packages/airflow/example_dags/tutorial.py
[2023-05-26T21:09:46.600+0400] {logging_mixin.py:149} INFO - [2023-05-26T21:09:46.599+0400] {dag.py:2726} INFO - Sync 1 DAGs
[2023-05-26T21:09:46.627+0400] {logging_mixin.py:149} INFO - [2023-05-26T21:09:46.627+0400] {dag.py:3486} INFO - Setting next_dagrun for tutorial to 2023-05-25T17:09:46.627404+00:00, run_after=2023-05-26T17:09:46.627404+00:00
[2023-05-26T21:09:46.661+0400] {processor.py:179} INFO - Processing /home/chinnu/.local/lib/python3.10/site-packages/airflow/example_dags/tutorial.py took 0.211 seconds
[2023-05-26T21:10:27.592+0400] {processor.py:157} INFO - Started process (PID=1902) to work on /home/chinnu/.local/lib/python3.10/site-packages/airflow/example_dags/tutorial.py
[2023-05-26T21:10:27.594+0400] {processor.py:826} INFO - Processing file /home/chinnu/.local/lib/python3.10/site-packages/airflow/example_dags/tutorial.py for tasks to queue
[2023-05-26T21:10:27.596+0400] {logging_mixin.py:149} INFO - [2023-05-26T21:10:27.595+0400] {dagbag.py:541} INFO - Filling up the DagBag from /home/chinnu/.local/lib/python3.10/site-packages/airflow/example_dags/tutorial.py
[2023-05-26T21:10:27.622+0400] {processor.py:836} INFO - DAG(s) dict_keys(['tutorial']) retrieved from /home/chinnu/.local/lib/python3.10/site-packages/airflow/example_dags/tutorial.py
[2023-05-26T21:10:27.677+0400] {logging_mixin.py:149} INFO - [2023-05-26T21:10:27.676+0400] {dag.py:2726} INFO - Sync 1 DAGs
[2023-05-26T21:10:27.707+0400] {logging_mixin.py:149} INFO - [2023-05-26T21:10:27.706+0400] {dag.py:3486} INFO - Setting next_dagrun for tutorial to 2023-05-25T17:10:27.706371+00:00, run_after=2023-05-26T17:10:27.706371+00:00
[2023-05-26T21:10:27.740+0400] {processor.py:179} INFO - Processing /home/chinnu/.local/lib/python3.10/site-packages/airflow/example_dags/tutorial.py took 0.157 seconds
[2023-05-26T21:11:33.318+0400] {processor.py:157} INFO - Started process (PID=1960) to work on /home/chinnu/.local/lib/python3.10/site-packages/airflow/example_dags/tutorial.py
[2023-05-26T21:11:33.320+0400] {processor.py:826} INFO - Processing file /home/chinnu/.local/lib/python3.10/site-packages/airflow/example_dags/tutorial.py for tasks to queue
[2023-05-26T21:11:33.323+0400] {logging_mixin.py:149} INFO - [2023-05-26T21:11:33.322+0400] {dagbag.py:541} INFO - Filling up the DagBag from /home/chinnu/.local/lib/python3.10/site-packages/airflow/example_dags/tutorial.py
[2023-05-26T21:11:33.384+0400] {processor.py:836} INFO - DAG(s) dict_keys(['tutorial']) retrieved from /home/chinnu/.local/lib/python3.10/site-packages/airflow/example_dags/tutorial.py
[2023-05-26T21:11:33.521+0400] {logging_mixin.py:149} INFO - [2023-05-26T21:11:33.520+0400] {dag.py:2726} INFO - Sync 1 DAGs
[2023-05-26T21:11:34.119+0400] {logging_mixin.py:149} INFO - [2023-05-26T21:11:34.119+0400] {dag.py:3486} INFO - Setting next_dagrun for tutorial to 2023-05-25T17:11:34.118993+00:00, run_after=2023-05-26T17:11:34.118993+00:00
[2023-05-26T21:11:34.333+0400] {processor.py:179} INFO - Processing /home/chinnu/.local/lib/python3.10/site-packages/airflow/example_dags/tutorial.py took 1.024 seconds
[2023-05-26T21:12:33.216+0400] {processor.py:157} INFO - Started process (PID=2018) to work on /home/chinnu/.local/lib/python3.10/site-packages/airflow/example_dags/tutorial.py
[2023-05-26T21:12:33.218+0400] {processor.py:826} INFO - Processing file /home/chinnu/.local/lib/python3.10/site-packages/airflow/example_dags/tutorial.py for tasks to queue
[2023-05-26T21:12:33.219+0400] {logging_mixin.py:149} INFO - [2023-05-26T21:12:33.219+0400] {dagbag.py:541} INFO - Filling up the DagBag from /home/chinnu/.local/lib/python3.10/site-packages/airflow/example_dags/tutorial.py
[2023-05-26T21:12:33.239+0400] {processor.py:836} INFO - DAG(s) dict_keys(['tutorial']) retrieved from /home/chinnu/.local/lib/python3.10/site-packages/airflow/example_dags/tutorial.py
[2023-05-26T21:12:33.517+0400] {logging_mixin.py:149} INFO - [2023-05-26T21:12:33.517+0400] {dag.py:2726} INFO - Sync 1 DAGs
[2023-05-26T21:12:33.539+0400] {logging_mixin.py:149} INFO - [2023-05-26T21:12:33.539+0400] {dag.py:3486} INFO - Setting next_dagrun for tutorial to 2023-05-25T17:12:33.538899+00:00, run_after=2023-05-26T17:12:33.538899+00:00
[2023-05-26T21:12:33.565+0400] {processor.py:179} INFO - Processing /home/chinnu/.local/lib/python3.10/site-packages/airflow/example_dags/tutorial.py took 0.362 seconds
[2023-05-26T21:13:13.860+0400] {processor.py:157} INFO - Started process (PID=2065) to work on /home/chinnu/.local/lib/python3.10/site-packages/airflow/example_dags/tutorial.py
[2023-05-26T21:13:13.861+0400] {processor.py:826} INFO - Processing file /home/chinnu/.local/lib/python3.10/site-packages/airflow/example_dags/tutorial.py for tasks to queue
[2023-05-26T21:13:13.862+0400] {logging_mixin.py:149} INFO - [2023-05-26T21:13:13.862+0400] {dagbag.py:541} INFO - Filling up the DagBag from /home/chinnu/.local/lib/python3.10/site-packages/airflow/example_dags/tutorial.py
[2023-05-26T21:13:13.876+0400] {processor.py:836} INFO - DAG(s) dict_keys(['tutorial']) retrieved from /home/chinnu/.local/lib/python3.10/site-packages/airflow/example_dags/tutorial.py
[2023-05-26T21:13:13.926+0400] {logging_mixin.py:149} INFO - [2023-05-26T21:13:13.926+0400] {dag.py:2726} INFO - Sync 1 DAGs
[2023-05-26T21:13:13.963+0400] {logging_mixin.py:149} INFO - [2023-05-26T21:13:13.963+0400] {dag.py:3486} INFO - Setting next_dagrun for tutorial to 2023-05-25T17:13:13.962914+00:00, run_after=2023-05-26T17:13:13.962914+00:00
[2023-05-26T21:13:14.006+0400] {processor.py:179} INFO - Processing /home/chinnu/.local/lib/python3.10/site-packages/airflow/example_dags/tutorial.py took 0.157 seconds
[2023-05-26T21:13:57.606+0400] {processor.py:157} INFO - Started process (PID=2116) to work on /home/chinnu/.local/lib/python3.10/site-packages/airflow/example_dags/tutorial.py
[2023-05-26T21:13:57.609+0400] {processor.py:826} INFO - Processing file /home/chinnu/.local/lib/python3.10/site-packages/airflow/example_dags/tutorial.py for tasks to queue
[2023-05-26T21:13:57.610+0400] {logging_mixin.py:149} INFO - [2023-05-26T21:13:57.610+0400] {dagbag.py:541} INFO - Filling up the DagBag from /home/chinnu/.local/lib/python3.10/site-packages/airflow/example_dags/tutorial.py
[2023-05-26T21:13:57.631+0400] {processor.py:836} INFO - DAG(s) dict_keys(['tutorial']) retrieved from /home/chinnu/.local/lib/python3.10/site-packages/airflow/example_dags/tutorial.py
[2023-05-26T21:13:57.690+0400] {logging_mixin.py:149} INFO - [2023-05-26T21:13:57.690+0400] {dag.py:2726} INFO - Sync 1 DAGs
[2023-05-26T21:13:57.737+0400] {logging_mixin.py:149} INFO - [2023-05-26T21:13:57.736+0400] {dag.py:3486} INFO - Setting next_dagrun for tutorial to 2023-05-25T17:13:57.736146+00:00, run_after=2023-05-26T17:13:57.736146+00:00
[2023-05-26T21:13:57.784+0400] {processor.py:179} INFO - Processing /home/chinnu/.local/lib/python3.10/site-packages/airflow/example_dags/tutorial.py took 0.189 seconds
[2023-05-26T21:14:39.714+0400] {processor.py:157} INFO - Started process (PID=2166) to work on /home/chinnu/.local/lib/python3.10/site-packages/airflow/example_dags/tutorial.py
[2023-05-26T21:14:39.717+0400] {processor.py:826} INFO - Processing file /home/chinnu/.local/lib/python3.10/site-packages/airflow/example_dags/tutorial.py for tasks to queue
[2023-05-26T21:14:39.719+0400] {logging_mixin.py:149} INFO - [2023-05-26T21:14:39.719+0400] {dagbag.py:541} INFO - Filling up the DagBag from /home/chinnu/.local/lib/python3.10/site-packages/airflow/example_dags/tutorial.py
[2023-05-26T21:14:39.746+0400] {processor.py:836} INFO - DAG(s) dict_keys(['tutorial']) retrieved from /home/chinnu/.local/lib/python3.10/site-packages/airflow/example_dags/tutorial.py
[2023-05-26T21:14:39.809+0400] {logging_mixin.py:149} INFO - [2023-05-26T21:14:39.809+0400] {dag.py:2726} INFO - Sync 1 DAGs
[2023-05-26T21:14:39.847+0400] {logging_mixin.py:149} INFO - [2023-05-26T21:14:39.847+0400] {dag.py:3486} INFO - Setting next_dagrun for tutorial to 2023-05-25T17:14:39.846430+00:00, run_after=2023-05-26T17:14:39.846430+00:00
[2023-05-26T21:14:39.906+0400] {processor.py:179} INFO - Processing /home/chinnu/.local/lib/python3.10/site-packages/airflow/example_dags/tutorial.py took 0.206 seconds
[2023-05-26T21:15:17.137+0400] {processor.py:157} INFO - Started process (PID=9407) to work on /home/chinnu/.local/lib/python3.10/site-packages/airflow/example_dags/tutorial.py
[2023-05-26T21:15:17.140+0400] {processor.py:826} INFO - Processing file /home/chinnu/.local/lib/python3.10/site-packages/airflow/example_dags/tutorial.py for tasks to queue
[2023-05-26T21:15:17.142+0400] {logging_mixin.py:149} INFO - [2023-05-26T21:15:17.142+0400] {dagbag.py:541} INFO - Filling up the DagBag from /home/chinnu/.local/lib/python3.10/site-packages/airflow/example_dags/tutorial.py
[2023-05-26T21:15:17.168+0400] {processor.py:836} INFO - DAG(s) dict_keys(['tutorial']) retrieved from /home/chinnu/.local/lib/python3.10/site-packages/airflow/example_dags/tutorial.py
[2023-05-26T21:15:17.233+0400] {logging_mixin.py:149} INFO - [2023-05-26T21:15:17.233+0400] {dag.py:2726} INFO - Sync 1 DAGs
[2023-05-26T21:15:17.286+0400] {logging_mixin.py:149} INFO - [2023-05-26T21:15:17.286+0400] {dag.py:3486} INFO - Setting next_dagrun for tutorial to 2023-05-25T17:15:17.285305+00:00, run_after=2023-05-26T17:15:17.285305+00:00
[2023-05-26T21:15:17.342+0400] {processor.py:179} INFO - Processing /home/chinnu/.local/lib/python3.10/site-packages/airflow/example_dags/tutorial.py took 0.218 seconds
[2023-05-26T21:15:53.110+0400] {processor.py:157} INFO - Started process (PID=9461) to work on /home/chinnu/.local/lib/python3.10/site-packages/airflow/example_dags/tutorial.py
[2023-05-26T21:15:53.113+0400] {processor.py:826} INFO - Processing file /home/chinnu/.local/lib/python3.10/site-packages/airflow/example_dags/tutorial.py for tasks to queue
[2023-05-26T21:15:53.114+0400] {logging_mixin.py:149} INFO - [2023-05-26T21:15:53.114+0400] {dagbag.py:541} INFO - Filling up the DagBag from /home/chinnu/.local/lib/python3.10/site-packages/airflow/example_dags/tutorial.py
[2023-05-26T21:15:53.133+0400] {processor.py:836} INFO - DAG(s) dict_keys(['tutorial']) retrieved from /home/chinnu/.local/lib/python3.10/site-packages/airflow/example_dags/tutorial.py
[2023-05-26T21:15:53.183+0400] {logging_mixin.py:149} INFO - [2023-05-26T21:15:53.183+0400] {dag.py:2726} INFO - Sync 1 DAGs
[2023-05-26T21:15:53.223+0400] {logging_mixin.py:149} INFO - [2023-05-26T21:15:53.223+0400] {dag.py:3486} INFO - Setting next_dagrun for tutorial to 2023-05-25T17:15:53.222886+00:00, run_after=2023-05-26T17:15:53.222886+00:00
[2023-05-26T21:15:53.261+0400] {processor.py:179} INFO - Processing /home/chinnu/.local/lib/python3.10/site-packages/airflow/example_dags/tutorial.py took 0.161 seconds
[2023-05-26T21:16:32.229+0400] {processor.py:157} INFO - Started process (PID=16700) to work on /home/chinnu/.local/lib/python3.10/site-packages/airflow/example_dags/tutorial.py
[2023-05-26T21:16:32.231+0400] {processor.py:826} INFO - Processing file /home/chinnu/.local/lib/python3.10/site-packages/airflow/example_dags/tutorial.py for tasks to queue
[2023-05-26T21:16:32.233+0400] {logging_mixin.py:149} INFO - [2023-05-26T21:16:32.232+0400] {dagbag.py:541} INFO - Filling up the DagBag from /home/chinnu/.local/lib/python3.10/site-packages/airflow/example_dags/tutorial.py
[2023-05-26T21:16:32.254+0400] {processor.py:836} INFO - DAG(s) dict_keys(['tutorial']) retrieved from /home/chinnu/.local/lib/python3.10/site-packages/airflow/example_dags/tutorial.py
[2023-05-26T21:16:32.308+0400] {logging_mixin.py:149} INFO - [2023-05-26T21:16:32.308+0400] {dag.py:2726} INFO - Sync 1 DAGs
[2023-05-26T21:16:32.349+0400] {logging_mixin.py:149} INFO - [2023-05-26T21:16:32.349+0400] {dag.py:3486} INFO - Setting next_dagrun for tutorial to 2023-05-25T17:16:32.349014+00:00, run_after=2023-05-26T17:16:32.349014+00:00
[2023-05-26T21:16:32.389+0400] {processor.py:179} INFO - Processing /home/chinnu/.local/lib/python3.10/site-packages/airflow/example_dags/tutorial.py took 0.171 seconds
[2023-05-26T21:17:13.519+0400] {processor.py:157} INFO - Started process (PID=16751) to work on /home/chinnu/.local/lib/python3.10/site-packages/airflow/example_dags/tutorial.py
[2023-05-26T21:17:13.521+0400] {processor.py:826} INFO - Processing file /home/chinnu/.local/lib/python3.10/site-packages/airflow/example_dags/tutorial.py for tasks to queue
[2023-05-26T21:17:13.523+0400] {logging_mixin.py:149} INFO - [2023-05-26T21:17:13.522+0400] {dagbag.py:541} INFO - Filling up the DagBag from /home/chinnu/.local/lib/python3.10/site-packages/airflow/example_dags/tutorial.py
[2023-05-26T21:17:13.540+0400] {processor.py:836} INFO - DAG(s) dict_keys(['tutorial']) retrieved from /home/chinnu/.local/lib/python3.10/site-packages/airflow/example_dags/tutorial.py
[2023-05-26T21:17:13.580+0400] {logging_mixin.py:149} INFO - [2023-05-26T21:17:13.579+0400] {dag.py:2726} INFO - Sync 1 DAGs
[2023-05-26T21:17:13.603+0400] {logging_mixin.py:149} INFO - [2023-05-26T21:17:13.603+0400] {dag.py:3486} INFO - Setting next_dagrun for tutorial to 2023-05-25T17:17:13.602882+00:00, run_after=2023-05-26T17:17:13.602882+00:00
[2023-05-26T21:17:13.629+0400] {processor.py:179} INFO - Processing /home/chinnu/.local/lib/python3.10/site-packages/airflow/example_dags/tutorial.py took 0.119 seconds
[2023-05-26T21:17:55.697+0400] {processor.py:157} INFO - Started process (PID=16801) to work on /home/chinnu/.local/lib/python3.10/site-packages/airflow/example_dags/tutorial.py
[2023-05-26T21:17:55.699+0400] {processor.py:826} INFO - Processing file /home/chinnu/.local/lib/python3.10/site-packages/airflow/example_dags/tutorial.py for tasks to queue
[2023-05-26T21:17:55.700+0400] {logging_mixin.py:149} INFO - [2023-05-26T21:17:55.700+0400] {dagbag.py:541} INFO - Filling up the DagBag from /home/chinnu/.local/lib/python3.10/site-packages/airflow/example_dags/tutorial.py
[2023-05-26T21:17:55.716+0400] {processor.py:836} INFO - DAG(s) dict_keys(['tutorial']) retrieved from /home/chinnu/.local/lib/python3.10/site-packages/airflow/example_dags/tutorial.py
[2023-05-26T21:17:55.758+0400] {logging_mixin.py:149} INFO - [2023-05-26T21:17:55.757+0400] {dag.py:2726} INFO - Sync 1 DAGs
[2023-05-26T21:17:55.791+0400] {logging_mixin.py:149} INFO - [2023-05-26T21:17:55.790+0400] {dag.py:3486} INFO - Setting next_dagrun for tutorial to 2023-05-25T17:17:55.790397+00:00, run_after=2023-05-26T17:17:55.790397+00:00
[2023-05-26T21:17:55.830+0400] {processor.py:179} INFO - Processing /home/chinnu/.local/lib/python3.10/site-packages/airflow/example_dags/tutorial.py took 0.142 seconds
[2023-05-26T21:18:49.909+0400] {processor.py:157} INFO - Started process (PID=16838) to work on /home/chinnu/.local/lib/python3.10/site-packages/airflow/example_dags/tutorial.py
[2023-05-26T21:18:49.913+0400] {processor.py:826} INFO - Processing file /home/chinnu/.local/lib/python3.10/site-packages/airflow/example_dags/tutorial.py for tasks to queue
[2023-05-26T21:18:49.914+0400] {logging_mixin.py:149} INFO - [2023-05-26T21:18:49.914+0400] {dagbag.py:541} INFO - Filling up the DagBag from /home/chinnu/.local/lib/python3.10/site-packages/airflow/example_dags/tutorial.py
[2023-05-26T21:18:49.938+0400] {processor.py:836} INFO - DAG(s) dict_keys(['tutorial']) retrieved from /home/chinnu/.local/lib/python3.10/site-packages/airflow/example_dags/tutorial.py
[2023-05-26T21:18:49.990+0400] {logging_mixin.py:149} INFO - [2023-05-26T21:18:49.989+0400] {dag.py:2726} INFO - Sync 1 DAGs
[2023-05-26T21:18:50.019+0400] {logging_mixin.py:149} INFO - [2023-05-26T21:18:50.019+0400] {dag.py:3486} INFO - Setting next_dagrun for tutorial to 2023-05-25T17:18:50.018945+00:00, run_after=2023-05-26T17:18:50.018945+00:00
[2023-05-26T21:18:50.051+0400] {processor.py:179} INFO - Processing /home/chinnu/.local/lib/python3.10/site-packages/airflow/example_dags/tutorial.py took 0.161 seconds
[2023-05-26T21:19:35.191+0400] {processor.py:157} INFO - Started process (PID=16890) to work on /home/chinnu/.local/lib/python3.10/site-packages/airflow/example_dags/tutorial.py
[2023-05-26T21:19:35.194+0400] {processor.py:826} INFO - Processing file /home/chinnu/.local/lib/python3.10/site-packages/airflow/example_dags/tutorial.py for tasks to queue
[2023-05-26T21:19:35.197+0400] {logging_mixin.py:149} INFO - [2023-05-26T21:19:35.196+0400] {dagbag.py:541} INFO - Filling up the DagBag from /home/chinnu/.local/lib/python3.10/site-packages/airflow/example_dags/tutorial.py
[2023-05-26T21:19:35.221+0400] {processor.py:836} INFO - DAG(s) dict_keys(['tutorial']) retrieved from /home/chinnu/.local/lib/python3.10/site-packages/airflow/example_dags/tutorial.py
[2023-05-26T21:19:35.630+0400] {logging_mixin.py:149} INFO - [2023-05-26T21:19:35.630+0400] {dag.py:2726} INFO - Sync 1 DAGs
[2023-05-26T21:19:35.671+0400] {logging_mixin.py:149} INFO - [2023-05-26T21:19:35.670+0400] {dag.py:3486} INFO - Setting next_dagrun for tutorial to 2023-05-25T17:19:35.670520+00:00, run_after=2023-05-26T17:19:35.670520+00:00
[2023-05-26T21:19:35.720+0400] {processor.py:179} INFO - Processing /home/chinnu/.local/lib/python3.10/site-packages/airflow/example_dags/tutorial.py took 0.538 seconds
[2023-05-26T21:20:48.081+0400] {processor.py:157} INFO - Started process (PID=16972) to work on /home/chinnu/.local/lib/python3.10/site-packages/airflow/example_dags/tutorial.py
[2023-05-26T21:20:48.085+0400] {processor.py:826} INFO - Processing file /home/chinnu/.local/lib/python3.10/site-packages/airflow/example_dags/tutorial.py for tasks to queue
[2023-05-26T21:20:48.087+0400] {logging_mixin.py:149} INFO - [2023-05-26T21:20:48.086+0400] {dagbag.py:541} INFO - Filling up the DagBag from /home/chinnu/.local/lib/python3.10/site-packages/airflow/example_dags/tutorial.py
[2023-05-26T21:20:48.116+0400] {processor.py:836} INFO - DAG(s) dict_keys(['tutorial']) retrieved from /home/chinnu/.local/lib/python3.10/site-packages/airflow/example_dags/tutorial.py
[2023-05-26T21:20:48.209+0400] {logging_mixin.py:149} INFO - [2023-05-26T21:20:48.209+0400] {dag.py:2726} INFO - Sync 1 DAGs
[2023-05-26T21:20:48.262+0400] {logging_mixin.py:149} INFO - [2023-05-26T21:20:48.262+0400] {dag.py:3486} INFO - Setting next_dagrun for tutorial to 2023-05-25T17:20:48.262174+00:00, run_after=2023-05-26T17:20:48.262174+00:00
[2023-05-26T21:20:48.326+0400] {processor.py:179} INFO - Processing /home/chinnu/.local/lib/python3.10/site-packages/airflow/example_dags/tutorial.py took 0.259 seconds
[2023-05-26T21:21:28.973+0400] {processor.py:157} INFO - Started process (PID=17021) to work on /home/chinnu/.local/lib/python3.10/site-packages/airflow/example_dags/tutorial.py
[2023-05-26T21:21:28.975+0400] {processor.py:826} INFO - Processing file /home/chinnu/.local/lib/python3.10/site-packages/airflow/example_dags/tutorial.py for tasks to queue
[2023-05-26T21:21:28.977+0400] {logging_mixin.py:149} INFO - [2023-05-26T21:21:28.976+0400] {dagbag.py:541} INFO - Filling up the DagBag from /home/chinnu/.local/lib/python3.10/site-packages/airflow/example_dags/tutorial.py
[2023-05-26T21:21:28.995+0400] {processor.py:836} INFO - DAG(s) dict_keys(['tutorial']) retrieved from /home/chinnu/.local/lib/python3.10/site-packages/airflow/example_dags/tutorial.py
[2023-05-26T21:21:29.042+0400] {logging_mixin.py:149} INFO - [2023-05-26T21:21:29.041+0400] {dag.py:2726} INFO - Sync 1 DAGs
[2023-05-26T21:21:29.106+0400] {logging_mixin.py:149} INFO - [2023-05-26T21:21:29.106+0400] {dag.py:3486} INFO - Setting next_dagrun for tutorial to 2023-05-25T17:21:29.106048+00:00, run_after=2023-05-26T17:21:29.106048+00:00
[2023-05-26T21:21:29.139+0400] {processor.py:179} INFO - Processing /home/chinnu/.local/lib/python3.10/site-packages/airflow/example_dags/tutorial.py took 0.177 seconds
[2023-05-26T21:22:08.830+0400] {processor.py:157} INFO - Started process (PID=17067) to work on /home/chinnu/.local/lib/python3.10/site-packages/airflow/example_dags/tutorial.py
[2023-05-26T21:22:08.833+0400] {processor.py:826} INFO - Processing file /home/chinnu/.local/lib/python3.10/site-packages/airflow/example_dags/tutorial.py for tasks to queue
[2023-05-26T21:22:08.835+0400] {logging_mixin.py:149} INFO - [2023-05-26T21:22:08.835+0400] {dagbag.py:541} INFO - Filling up the DagBag from /home/chinnu/.local/lib/python3.10/site-packages/airflow/example_dags/tutorial.py
[2023-05-26T21:22:08.859+0400] {processor.py:836} INFO - DAG(s) dict_keys(['tutorial']) retrieved from /home/chinnu/.local/lib/python3.10/site-packages/airflow/example_dags/tutorial.py
[2023-05-26T21:22:08.901+0400] {logging_mixin.py:149} INFO - [2023-05-26T21:22:08.901+0400] {dag.py:2726} INFO - Sync 1 DAGs
[2023-05-26T21:22:08.929+0400] {logging_mixin.py:149} INFO - [2023-05-26T21:22:08.929+0400] {dag.py:3486} INFO - Setting next_dagrun for tutorial to 2023-05-25T17:22:08.928872+00:00, run_after=2023-05-26T17:22:08.928872+00:00
[2023-05-26T21:22:08.955+0400] {processor.py:179} INFO - Processing /home/chinnu/.local/lib/python3.10/site-packages/airflow/example_dags/tutorial.py took 0.138 seconds
[2023-05-26T21:22:46.324+0400] {processor.py:157} INFO - Started process (PID=17113) to work on /home/chinnu/.local/lib/python3.10/site-packages/airflow/example_dags/tutorial.py
[2023-05-26T21:22:46.327+0400] {processor.py:826} INFO - Processing file /home/chinnu/.local/lib/python3.10/site-packages/airflow/example_dags/tutorial.py for tasks to queue
[2023-05-26T21:22:46.329+0400] {logging_mixin.py:149} INFO - [2023-05-26T21:22:46.328+0400] {dagbag.py:541} INFO - Filling up the DagBag from /home/chinnu/.local/lib/python3.10/site-packages/airflow/example_dags/tutorial.py
[2023-05-26T21:22:46.346+0400] {processor.py:836} INFO - DAG(s) dict_keys(['tutorial']) retrieved from /home/chinnu/.local/lib/python3.10/site-packages/airflow/example_dags/tutorial.py
[2023-05-26T21:22:46.379+0400] {logging_mixin.py:149} INFO - [2023-05-26T21:22:46.379+0400] {dag.py:2726} INFO - Sync 1 DAGs
[2023-05-26T21:22:46.404+0400] {logging_mixin.py:149} INFO - [2023-05-26T21:22:46.404+0400] {dag.py:3486} INFO - Setting next_dagrun for tutorial to 2023-05-25T17:22:46.404387+00:00, run_after=2023-05-26T17:22:46.404387+00:00
[2023-05-26T21:22:46.436+0400] {processor.py:179} INFO - Processing /home/chinnu/.local/lib/python3.10/site-packages/airflow/example_dags/tutorial.py took 0.121 seconds
[2023-05-26T21:23:23.850+0400] {processor.py:157} INFO - Started process (PID=17158) to work on /home/chinnu/.local/lib/python3.10/site-packages/airflow/example_dags/tutorial.py
[2023-05-26T21:23:23.852+0400] {processor.py:826} INFO - Processing file /home/chinnu/.local/lib/python3.10/site-packages/airflow/example_dags/tutorial.py for tasks to queue
[2023-05-26T21:23:23.853+0400] {logging_mixin.py:149} INFO - [2023-05-26T21:23:23.853+0400] {dagbag.py:541} INFO - Filling up the DagBag from /home/chinnu/.local/lib/python3.10/site-packages/airflow/example_dags/tutorial.py
[2023-05-26T21:23:23.873+0400] {processor.py:836} INFO - DAG(s) dict_keys(['tutorial']) retrieved from /home/chinnu/.local/lib/python3.10/site-packages/airflow/example_dags/tutorial.py
[2023-05-26T21:23:24.166+0400] {logging_mixin.py:149} INFO - [2023-05-26T21:23:24.166+0400] {dag.py:2726} INFO - Sync 1 DAGs
[2023-05-26T21:23:24.225+0400] {logging_mixin.py:149} INFO - [2023-05-26T21:23:24.224+0400] {dag.py:3486} INFO - Setting next_dagrun for tutorial to 2023-05-25T17:23:24.223919+00:00, run_after=2023-05-26T17:23:24.223919+00:00
[2023-05-26T21:23:24.287+0400] {processor.py:179} INFO - Processing /home/chinnu/.local/lib/python3.10/site-packages/airflow/example_dags/tutorial.py took 0.448 seconds
[2023-05-26T21:24:02.264+0400] {processor.py:157} INFO - Started process (PID=17204) to work on /home/chinnu/.local/lib/python3.10/site-packages/airflow/example_dags/tutorial.py
[2023-05-26T21:24:02.266+0400] {processor.py:826} INFO - Processing file /home/chinnu/.local/lib/python3.10/site-packages/airflow/example_dags/tutorial.py for tasks to queue
[2023-05-26T21:24:02.267+0400] {logging_mixin.py:149} INFO - [2023-05-26T21:24:02.267+0400] {dagbag.py:541} INFO - Filling up the DagBag from /home/chinnu/.local/lib/python3.10/site-packages/airflow/example_dags/tutorial.py
[2023-05-26T21:24:02.279+0400] {processor.py:836} INFO - DAG(s) dict_keys(['tutorial']) retrieved from /home/chinnu/.local/lib/python3.10/site-packages/airflow/example_dags/tutorial.py
[2023-05-26T21:24:02.316+0400] {logging_mixin.py:149} INFO - [2023-05-26T21:24:02.316+0400] {dag.py:2726} INFO - Sync 1 DAGs
[2023-05-26T21:24:02.341+0400] {logging_mixin.py:149} INFO - [2023-05-26T21:24:02.341+0400] {dag.py:3486} INFO - Setting next_dagrun for tutorial to 2023-05-25T17:24:02.341054+00:00, run_after=2023-05-26T17:24:02.341054+00:00
[2023-05-26T21:24:02.373+0400] {processor.py:179} INFO - Processing /home/chinnu/.local/lib/python3.10/site-packages/airflow/example_dags/tutorial.py took 0.115 seconds
[2023-05-26T21:24:41.197+0400] {processor.py:157} INFO - Started process (PID=17254) to work on /home/chinnu/.local/lib/python3.10/site-packages/airflow/example_dags/tutorial.py
[2023-05-26T21:24:41.199+0400] {processor.py:826} INFO - Processing file /home/chinnu/.local/lib/python3.10/site-packages/airflow/example_dags/tutorial.py for tasks to queue
[2023-05-26T21:24:41.200+0400] {logging_mixin.py:149} INFO - [2023-05-26T21:24:41.199+0400] {dagbag.py:541} INFO - Filling up the DagBag from /home/chinnu/.local/lib/python3.10/site-packages/airflow/example_dags/tutorial.py
[2023-05-26T21:24:41.212+0400] {processor.py:836} INFO - DAG(s) dict_keys(['tutorial']) retrieved from /home/chinnu/.local/lib/python3.10/site-packages/airflow/example_dags/tutorial.py
[2023-05-26T21:24:41.243+0400] {logging_mixin.py:149} INFO - [2023-05-26T21:24:41.242+0400] {dag.py:2726} INFO - Sync 1 DAGs
[2023-05-26T21:24:41.266+0400] {logging_mixin.py:149} INFO - [2023-05-26T21:24:41.266+0400] {dag.py:3486} INFO - Setting next_dagrun for tutorial to 2023-05-25T17:24:41.265878+00:00, run_after=2023-05-26T17:24:41.265878+00:00
[2023-05-26T21:24:41.293+0400] {processor.py:179} INFO - Processing /home/chinnu/.local/lib/python3.10/site-packages/airflow/example_dags/tutorial.py took 0.101 seconds
[2023-05-26T21:25:19.770+0400] {processor.py:157} INFO - Started process (PID=17301) to work on /home/chinnu/.local/lib/python3.10/site-packages/airflow/example_dags/tutorial.py
[2023-05-26T21:25:19.772+0400] {processor.py:826} INFO - Processing file /home/chinnu/.local/lib/python3.10/site-packages/airflow/example_dags/tutorial.py for tasks to queue
[2023-05-26T21:25:19.773+0400] {logging_mixin.py:149} INFO - [2023-05-26T21:25:19.773+0400] {dagbag.py:541} INFO - Filling up the DagBag from /home/chinnu/.local/lib/python3.10/site-packages/airflow/example_dags/tutorial.py
[2023-05-26T21:25:19.791+0400] {processor.py:836} INFO - DAG(s) dict_keys(['tutorial']) retrieved from /home/chinnu/.local/lib/python3.10/site-packages/airflow/example_dags/tutorial.py
[2023-05-26T21:25:19.850+0400] {logging_mixin.py:149} INFO - [2023-05-26T21:25:19.850+0400] {dag.py:2726} INFO - Sync 1 DAGs
[2023-05-26T21:25:19.888+0400] {logging_mixin.py:149} INFO - [2023-05-26T21:25:19.888+0400] {dag.py:3486} INFO - Setting next_dagrun for tutorial to 2023-05-25T17:25:19.887658+00:00, run_after=2023-05-26T17:25:19.887658+00:00
[2023-05-26T21:25:19.935+0400] {processor.py:179} INFO - Processing /home/chinnu/.local/lib/python3.10/site-packages/airflow/example_dags/tutorial.py took 0.173 seconds
[2023-05-26T21:48:11.975+0400] {processor.py:157} INFO - Started process (PID=70) to work on /home/chinnu/.local/lib/python3.10/site-packages/airflow/example_dags/tutorial.py
[2023-05-26T21:48:11.978+0400] {processor.py:826} INFO - Processing file /home/chinnu/.local/lib/python3.10/site-packages/airflow/example_dags/tutorial.py for tasks to queue
[2023-05-26T21:48:11.979+0400] {logging_mixin.py:149} INFO - [2023-05-26T21:48:11.978+0400] {dagbag.py:541} INFO - Filling up the DagBag from /home/chinnu/.local/lib/python3.10/site-packages/airflow/example_dags/tutorial.py
[2023-05-26T21:48:12.007+0400] {processor.py:836} INFO - DAG(s) dict_keys(['tutorial']) retrieved from /home/chinnu/.local/lib/python3.10/site-packages/airflow/example_dags/tutorial.py
[2023-05-26T21:48:12.072+0400] {logging_mixin.py:149} INFO - [2023-05-26T21:48:12.072+0400] {dag.py:2726} INFO - Sync 1 DAGs
[2023-05-26T21:48:12.113+0400] {logging_mixin.py:149} INFO - [2023-05-26T21:48:12.113+0400] {dag.py:3486} INFO - Setting next_dagrun for tutorial to 2023-05-25T17:48:12.112941+00:00, run_after=2023-05-26T17:48:12.112941+00:00
[2023-05-26T21:48:12.159+0400] {processor.py:179} INFO - Processing /home/chinnu/.local/lib/python3.10/site-packages/airflow/example_dags/tutorial.py took 0.192 seconds
[2023-05-26T21:49:06.973+0400] {processor.py:157} INFO - Started process (PID=122) to work on /home/chinnu/.local/lib/python3.10/site-packages/airflow/example_dags/tutorial.py
[2023-05-26T21:49:06.976+0400] {processor.py:826} INFO - Processing file /home/chinnu/.local/lib/python3.10/site-packages/airflow/example_dags/tutorial.py for tasks to queue
[2023-05-26T21:49:06.977+0400] {logging_mixin.py:149} INFO - [2023-05-26T21:49:06.977+0400] {dagbag.py:541} INFO - Filling up the DagBag from /home/chinnu/.local/lib/python3.10/site-packages/airflow/example_dags/tutorial.py
[2023-05-26T21:49:07.008+0400] {processor.py:836} INFO - DAG(s) dict_keys(['tutorial']) retrieved from /home/chinnu/.local/lib/python3.10/site-packages/airflow/example_dags/tutorial.py
[2023-05-26T21:49:07.054+0400] {logging_mixin.py:149} INFO - [2023-05-26T21:49:07.054+0400] {dag.py:2726} INFO - Sync 1 DAGs
[2023-05-26T21:49:07.090+0400] {logging_mixin.py:149} INFO - [2023-05-26T21:49:07.089+0400] {dag.py:3486} INFO - Setting next_dagrun for tutorial to 2023-05-25T17:49:07.089345+00:00, run_after=2023-05-26T17:49:07.089345+00:00
[2023-05-26T21:49:07.259+0400] {processor.py:179} INFO - Processing /home/chinnu/.local/lib/python3.10/site-packages/airflow/example_dags/tutorial.py took 0.299 seconds
[2023-05-26T21:52:14.410+0400] {processor.py:157} INFO - Started process (PID=52) to work on /home/chinnu/.local/lib/python3.10/site-packages/airflow/example_dags/tutorial.py
[2023-05-26T21:52:14.413+0400] {processor.py:826} INFO - Processing file /home/chinnu/.local/lib/python3.10/site-packages/airflow/example_dags/tutorial.py for tasks to queue
[2023-05-26T21:52:14.414+0400] {logging_mixin.py:149} INFO - [2023-05-26T21:52:14.414+0400] {dagbag.py:541} INFO - Filling up the DagBag from /home/chinnu/.local/lib/python3.10/site-packages/airflow/example_dags/tutorial.py
[2023-05-26T21:52:14.442+0400] {processor.py:836} INFO - DAG(s) dict_keys(['tutorial']) retrieved from /home/chinnu/.local/lib/python3.10/site-packages/airflow/example_dags/tutorial.py
[2023-05-26T21:52:14.491+0400] {logging_mixin.py:149} INFO - [2023-05-26T21:52:14.491+0400] {dag.py:2726} INFO - Sync 1 DAGs
[2023-05-26T21:52:14.520+0400] {logging_mixin.py:149} INFO - [2023-05-26T21:52:14.520+0400] {dag.py:3486} INFO - Setting next_dagrun for tutorial to 2023-05-25T17:52:14.519697+00:00, run_after=2023-05-26T17:52:14.519697+00:00
[2023-05-26T21:52:14.554+0400] {processor.py:179} INFO - Processing /home/chinnu/.local/lib/python3.10/site-packages/airflow/example_dags/tutorial.py took 0.154 seconds
[2023-05-26T21:53:13.564+0400] {processor.py:157} INFO - Started process (PID=103) to work on /home/chinnu/.local/lib/python3.10/site-packages/airflow/example_dags/tutorial.py
[2023-05-26T21:53:13.565+0400] {processor.py:826} INFO - Processing file /home/chinnu/.local/lib/python3.10/site-packages/airflow/example_dags/tutorial.py for tasks to queue
[2023-05-26T21:53:13.566+0400] {logging_mixin.py:149} INFO - [2023-05-26T21:53:13.566+0400] {dagbag.py:541} INFO - Filling up the DagBag from /home/chinnu/.local/lib/python3.10/site-packages/airflow/example_dags/tutorial.py
[2023-05-26T21:53:13.578+0400] {processor.py:836} INFO - DAG(s) dict_keys(['tutorial']) retrieved from /home/chinnu/.local/lib/python3.10/site-packages/airflow/example_dags/tutorial.py
[2023-05-26T21:53:13.610+0400] {logging_mixin.py:149} INFO - [2023-05-26T21:53:13.609+0400] {dag.py:2726} INFO - Sync 1 DAGs
[2023-05-26T21:53:13.759+0400] {logging_mixin.py:149} INFO - [2023-05-26T21:53:13.759+0400] {dag.py:3486} INFO - Setting next_dagrun for tutorial to 2023-05-25T17:53:13.759022+00:00, run_after=2023-05-26T17:53:13.759022+00:00
[2023-05-26T21:53:13.787+0400] {processor.py:179} INFO - Processing /home/chinnu/.local/lib/python3.10/site-packages/airflow/example_dags/tutorial.py took 0.230 seconds
[2023-05-26T21:54:10.769+0400] {processor.py:157} INFO - Started process (PID=177) to work on /home/chinnu/.local/lib/python3.10/site-packages/airflow/example_dags/tutorial.py
[2023-05-26T21:54:10.771+0400] {processor.py:826} INFO - Processing file /home/chinnu/.local/lib/python3.10/site-packages/airflow/example_dags/tutorial.py for tasks to queue
[2023-05-26T21:54:10.772+0400] {logging_mixin.py:149} INFO - [2023-05-26T21:54:10.772+0400] {dagbag.py:541} INFO - Filling up the DagBag from /home/chinnu/.local/lib/python3.10/site-packages/airflow/example_dags/tutorial.py
[2023-05-26T21:54:10.789+0400] {processor.py:836} INFO - DAG(s) dict_keys(['tutorial']) retrieved from /home/chinnu/.local/lib/python3.10/site-packages/airflow/example_dags/tutorial.py
[2023-05-26T21:54:10.871+0400] {logging_mixin.py:149} INFO - [2023-05-26T21:54:10.871+0400] {dag.py:2726} INFO - Sync 1 DAGs
[2023-05-26T21:54:10.926+0400] {logging_mixin.py:149} INFO - [2023-05-26T21:54:10.925+0400] {dag.py:3486} INFO - Setting next_dagrun for tutorial to 2023-05-25T17:54:10.925295+00:00, run_after=2023-05-26T17:54:10.925295+00:00
[2023-05-26T21:54:10.999+0400] {processor.py:179} INFO - Processing /home/chinnu/.local/lib/python3.10/site-packages/airflow/example_dags/tutorial.py took 0.239 seconds
[2023-05-26T22:05:56.614+0400] {processor.py:157} INFO - Started process (PID=2521) to work on /home/chinnu/.local/lib/python3.10/site-packages/airflow/example_dags/tutorial.py
[2023-05-26T22:05:56.942+0400] {processor.py:826} INFO - Processing file /home/chinnu/.local/lib/python3.10/site-packages/airflow/example_dags/tutorial.py for tasks to queue
[2023-05-26T22:05:56.944+0400] {logging_mixin.py:149} INFO - [2023-05-26T22:05:56.944+0400] {dagbag.py:541} INFO - Filling up the DagBag from /home/chinnu/.local/lib/python3.10/site-packages/airflow/example_dags/tutorial.py
[2023-05-26T22:05:57.003+0400] {processor.py:836} INFO - DAG(s) dict_keys(['tutorial']) retrieved from /home/chinnu/.local/lib/python3.10/site-packages/airflow/example_dags/tutorial.py
[2023-05-26T22:05:57.169+0400] {logging_mixin.py:149} INFO - [2023-05-26T22:05:57.169+0400] {dag.py:2726} INFO - Sync 1 DAGs
[2023-05-26T22:05:57.337+0400] {logging_mixin.py:149} INFO - [2023-05-26T22:05:57.337+0400] {dag.py:3486} INFO - Setting next_dagrun for tutorial to 2023-05-25T18:05:57.333863+00:00, run_after=2023-05-26T18:05:57.333863+00:00
[2023-05-26T22:05:57.443+0400] {processor.py:179} INFO - Processing /home/chinnu/.local/lib/python3.10/site-packages/airflow/example_dags/tutorial.py took 0.850 seconds
[2023-05-26T22:07:06.421+0400] {processor.py:157} INFO - Started process (PID=2572) to work on /home/chinnu/.local/lib/python3.10/site-packages/airflow/example_dags/tutorial.py
[2023-05-26T22:07:06.423+0400] {processor.py:826} INFO - Processing file /home/chinnu/.local/lib/python3.10/site-packages/airflow/example_dags/tutorial.py for tasks to queue
[2023-05-26T22:07:06.424+0400] {logging_mixin.py:149} INFO - [2023-05-26T22:07:06.424+0400] {dagbag.py:541} INFO - Filling up the DagBag from /home/chinnu/.local/lib/python3.10/site-packages/airflow/example_dags/tutorial.py
[2023-05-26T22:07:06.437+0400] {processor.py:836} INFO - DAG(s) dict_keys(['tutorial']) retrieved from /home/chinnu/.local/lib/python3.10/site-packages/airflow/example_dags/tutorial.py
[2023-05-26T22:07:06.476+0400] {logging_mixin.py:149} INFO - [2023-05-26T22:07:06.476+0400] {dag.py:2726} INFO - Sync 1 DAGs
[2023-05-26T22:07:06.709+0400] {logging_mixin.py:149} INFO - [2023-05-26T22:07:06.708+0400] {dag.py:3486} INFO - Setting next_dagrun for tutorial to 2023-05-25T18:07:06.708574+00:00, run_after=2023-05-26T18:07:06.708574+00:00
[2023-05-26T22:07:06.768+0400] {processor.py:179} INFO - Processing /home/chinnu/.local/lib/python3.10/site-packages/airflow/example_dags/tutorial.py took 0.353 seconds
[2023-05-26T22:07:54.208+0400] {processor.py:157} INFO - Started process (PID=2604) to work on /home/chinnu/.local/lib/python3.10/site-packages/airflow/example_dags/tutorial.py
[2023-05-26T22:07:54.210+0400] {processor.py:826} INFO - Processing file /home/chinnu/.local/lib/python3.10/site-packages/airflow/example_dags/tutorial.py for tasks to queue
[2023-05-26T22:07:54.211+0400] {logging_mixin.py:149} INFO - [2023-05-26T22:07:54.210+0400] {dagbag.py:541} INFO - Filling up the DagBag from /home/chinnu/.local/lib/python3.10/site-packages/airflow/example_dags/tutorial.py
[2023-05-26T22:07:54.223+0400] {processor.py:836} INFO - DAG(s) dict_keys(['tutorial']) retrieved from /home/chinnu/.local/lib/python3.10/site-packages/airflow/example_dags/tutorial.py
[2023-05-26T22:07:54.400+0400] {logging_mixin.py:149} INFO - [2023-05-26T22:07:54.399+0400] {dag.py:2726} INFO - Sync 1 DAGs
[2023-05-26T22:07:54.420+0400] {logging_mixin.py:149} INFO - [2023-05-26T22:07:54.420+0400] {dag.py:3486} INFO - Setting next_dagrun for tutorial to 2023-05-25T18:07:54.420192+00:00, run_after=2023-05-26T18:07:54.420192+00:00
[2023-05-26T22:07:54.450+0400] {processor.py:179} INFO - Processing /home/chinnu/.local/lib/python3.10/site-packages/airflow/example_dags/tutorial.py took 0.247 seconds
[2023-05-26T22:08:45.913+0400] {processor.py:157} INFO - Started process (PID=2639) to work on /home/chinnu/.local/lib/python3.10/site-packages/airflow/example_dags/tutorial.py
[2023-05-26T22:08:45.916+0400] {processor.py:826} INFO - Processing file /home/chinnu/.local/lib/python3.10/site-packages/airflow/example_dags/tutorial.py for tasks to queue
[2023-05-26T22:08:45.918+0400] {logging_mixin.py:149} INFO - [2023-05-26T22:08:45.918+0400] {dagbag.py:541} INFO - Filling up the DagBag from /home/chinnu/.local/lib/python3.10/site-packages/airflow/example_dags/tutorial.py
[2023-05-26T22:08:45.950+0400] {processor.py:836} INFO - DAG(s) dict_keys(['tutorial']) retrieved from /home/chinnu/.local/lib/python3.10/site-packages/airflow/example_dags/tutorial.py
[2023-05-26T22:08:46.034+0400] {logging_mixin.py:149} INFO - [2023-05-26T22:08:46.033+0400] {dag.py:2726} INFO - Sync 1 DAGs
[2023-05-26T22:08:46.151+0400] {logging_mixin.py:149} INFO - [2023-05-26T22:08:46.151+0400] {dag.py:3486} INFO - Setting next_dagrun for tutorial to 2023-05-25T18:08:46.149228+00:00, run_after=2023-05-26T18:08:46.149228+00:00
[2023-05-26T22:08:46.396+0400] {processor.py:179} INFO - Processing /home/chinnu/.local/lib/python3.10/site-packages/airflow/example_dags/tutorial.py took 0.503 seconds
